Verifying non-sketched program ...
[SPINVERIF][2] Stats for last run:
      [solution stats]
      successful? ---------------------> true
      elapsed time (s) ----------------> 20.389
      model building time (s) ---------> 3.49
      solution time (s) ---------------> 16.899
      max memory usage (MiB) ----------> 44.188
      [SPIN-specific stats]
      codegen time (s) ----------------> 0.472
      codegen memory (MiB) ------------> 0.0
      compiler time (s) ---------------> 3.018
      compiler memory (MiB) -----------> 0.0
      total SPIN time (s) -------------> 16.899
      total SPIN mem (MiB) ------------> 44.188
      actual state mem (MiB) ----------> 2.7919998
      equiv state mem (MiB) -----------> 1115.389
      state compression (%) -----------> 0.25031623
      # states explored ---------------> 1128929
      state exploration rate (states/s)> 0

void main([!bit _out_1L0_1L0_1L0_1L0]) implements T
{
  int[10] _lock_3L0_3L0=0;
  int __s_Node_nextInstance_4_4L0_4L0=0; int[10] __s_Node_key_5_4L1_4L1={0,0,0,0,0,0,0,0,0,0}; bit[10] __s_Node_marked_6_4L2_4L2={0,0,0,0,0,0,0,0,0,0}; int[10] __s_Node_next_7_4L3_4L3={0,0,0,0,0,0,0,0,0,0};
  bit __s_tmp_cond_elim_43_6L0_6L0=0;
  int __s_pac53_7L0_7L0=0;
  __s_tmp_cond_elim_43_6L0_6L0 = 0;
  int __s_pac54_7L1_7L1=0;
  __s_Node_key_5_4L1_4L1[0] = 0;
  bit __s_tmp_cond_elim_43_8L0_8L0=0;
  int __s_pac53_9L0_9L0=1;
  __s_tmp_cond_elim_43_8L0_8L0 = 0;
  int __s_pac54_9L1_9L1=1;
  __s_Node_key_5_4L1_4L1[1] = 0;
  bit __s_tmp_cond_elim_43_10L0_10L0=0;
  int __s_pac53_11L0_11L0=2;
  __s_tmp_cond_elim_43_10L0_10L0 = 0;
  int __s_pac54_11L1_11L1=2;
  __s_Node_key_5_4L1_4L1[2] = 0;
  bit __s_tmp_cond_elim_43_12L0_12L0=0;
  int __s_pac53_13L0_13L0=3;
  __s_tmp_cond_elim_43_12L0_12L0 = 0;
  int __s_pac54_13L1_13L1=3;
  __s_Node_key_5_4L1_4L1[3] = 0;
  bit __s_tmp_cond_elim_43_14L0_14L0=0;
  int __s_pac53_15L0_15L0=4;
  __s_tmp_cond_elim_43_14L0_14L0 = 0;
  int __s_pac54_15L1_15L1=4;
  __s_Node_key_5_4L1_4L1[4] = 0;
  bit __s_tmp_cond_elim_43_16L0_16L0=0;
  int __s_pac53_17L0_17L0=5;
  __s_tmp_cond_elim_43_16L0_16L0 = 0;
  int __s_pac54_17L1_17L1=5;
  __s_Node_key_5_4L1_4L1[5] = 0;
  bit __s_tmp_cond_elim_43_18L0_18L0=0;
  int __s_pac53_19L0_19L0=6;
  __s_tmp_cond_elim_43_18L0_18L0 = 0;
  int __s_pac54_19L1_19L1=6;
  __s_Node_key_5_4L1_4L1[6] = 0;
  bit __s_tmp_cond_elim_43_20L0_20L0=0;
  int __s_pac53_21L0_21L0=7;
  __s_tmp_cond_elim_43_20L0_20L0 = 0;
  int __s_pac54_21L1_21L1=7;
  __s_Node_key_5_4L1_4L1[7] = 0;
  bit __s_tmp_cond_elim_43_22L0_22L0=0;
  int __s_pac53_23L0_23L0=8;
  __s_tmp_cond_elim_43_22L0_22L0 = 0;
  int __s_pac54_23L1_23L1=8;
  __s_Node_key_5_4L1_4L1[8] = 0;
  bit __s_tmp_cond_elim_43_24L0_24L0=0;
  int __s_pac53_25L0_25L0=9;
  __s_tmp_cond_elim_43_24L0_24L0 = 0;
  int __s_pac54_25L1_25L1=9;
  __s_Node_key_5_4L1_4L1[9] = 0;
  bit __s_tmp_cond_elim_44_27L0_27L0=0;
  int __s_pac55_28L0_28L0=0;
  __s_tmp_cond_elim_44_27L0_27L0 = 0;
  int __s_pac56_28L1_28L1=0;
  __s_Node_marked_6_4L2_4L2[0] = 0;
  bit __s_tmp_cond_elim_44_29L0_29L0=0;
  int __s_pac55_30L0_30L0=1;
  __s_tmp_cond_elim_44_29L0_29L0 = 0;
  int __s_pac56_30L1_30L1=1;
  __s_Node_marked_6_4L2_4L2[1] = 0;
  bit __s_tmp_cond_elim_44_31L0_31L0=0;
  int __s_pac55_32L0_32L0=2;
  __s_tmp_cond_elim_44_31L0_31L0 = 0;
  int __s_pac56_32L1_32L1=2;
  __s_Node_marked_6_4L2_4L2[2] = 0;
  bit __s_tmp_cond_elim_44_33L0_33L0=0;
  int __s_pac55_34L0_34L0=3;
  __s_tmp_cond_elim_44_33L0_33L0 = 0;
  int __s_pac56_34L1_34L1=3;
  __s_Node_marked_6_4L2_4L2[3] = 0;
  bit __s_tmp_cond_elim_44_35L0_35L0=0;
  int __s_pac55_36L0_36L0=4;
  __s_tmp_cond_elim_44_35L0_35L0 = 0;
  int __s_pac56_36L1_36L1=4;
  __s_Node_marked_6_4L2_4L2[4] = 0;
  bit __s_tmp_cond_elim_44_37L0_37L0=0;
  int __s_pac55_38L0_38L0=5;
  __s_tmp_cond_elim_44_37L0_37L0 = 0;
  int __s_pac56_38L1_38L1=5;
  __s_Node_marked_6_4L2_4L2[5] = 0;
  bit __s_tmp_cond_elim_44_39L0_39L0=0;
  int __s_pac55_40L0_40L0=6;
  __s_tmp_cond_elim_44_39L0_39L0 = 0;
  int __s_pac56_40L1_40L1=6;
  __s_Node_marked_6_4L2_4L2[6] = 0;
  bit __s_tmp_cond_elim_44_41L0_41L0=0;
  int __s_pac55_42L0_42L0=7;
  __s_tmp_cond_elim_44_41L0_41L0 = 0;
  int __s_pac56_42L1_42L1=7;
  __s_Node_marked_6_4L2_4L2[7] = 0;
  bit __s_tmp_cond_elim_44_43L0_43L0=0;
  int __s_pac55_44L0_44L0=8;
  __s_tmp_cond_elim_44_43L0_43L0 = 0;
  int __s_pac56_44L1_44L1=8;
  __s_Node_marked_6_4L2_4L2[8] = 0;
  bit __s_tmp_cond_elim_44_45L0_45L0=0;
  int __s_pac55_46L0_46L0=9;
  __s_tmp_cond_elim_44_45L0_45L0 = 0;
  int __s_pac56_46L1_46L1=9;
  __s_Node_marked_6_4L2_4L2[9] = 0;
  int __s_tmp_cond_elim_45_48L0_48L0=0;
  int __s_pac57_49L0_49L0=0;
  __s_tmp_cond_elim_45_48L0_48L0 = null;
  int __s_pac58_49L1_49L1=0;
  __s_Node_next_7_4L3_4L3[0] = __s_tmp_cond_elim_45_48L0_48L0;
  int __s_tmp_cond_elim_45_50L0_50L0=0;
  int __s_pac57_51L0_51L0=1;
  __s_tmp_cond_elim_45_50L0_50L0 = null;
  int __s_pac58_51L1_51L1=1;
  __s_Node_next_7_4L3_4L3[1] = __s_tmp_cond_elim_45_50L0_50L0;
  int __s_tmp_cond_elim_45_52L0_52L0=0;
  int __s_pac57_53L0_53L0=2;
  __s_tmp_cond_elim_45_52L0_52L0 = null;
  int __s_pac58_53L1_53L1=2;
  __s_Node_next_7_4L3_4L3[2] = __s_tmp_cond_elim_45_52L0_52L0;
  int __s_tmp_cond_elim_45_54L0_54L0=0;
  int __s_pac57_55L0_55L0=3;
  __s_tmp_cond_elim_45_54L0_54L0 = null;
  int __s_pac58_55L1_55L1=3;
  __s_Node_next_7_4L3_4L3[3] = __s_tmp_cond_elim_45_54L0_54L0;
  int __s_tmp_cond_elim_45_56L0_56L0=0;
  int __s_pac57_57L0_57L0=4;
  __s_tmp_cond_elim_45_56L0_56L0 = null;
  int __s_pac58_57L1_57L1=4;
  __s_Node_next_7_4L3_4L3[4] = __s_tmp_cond_elim_45_56L0_56L0;
  int __s_tmp_cond_elim_45_58L0_58L0=0;
  int __s_pac57_59L0_59L0=5;
  __s_tmp_cond_elim_45_58L0_58L0 = null;
  int __s_pac58_59L1_59L1=5;
  __s_Node_next_7_4L3_4L3[5] = __s_tmp_cond_elim_45_58L0_58L0;
  int __s_tmp_cond_elim_45_60L0_60L0=0;
  int __s_pac57_61L0_61L0=6;
  __s_tmp_cond_elim_45_60L0_60L0 = null;
  int __s_pac58_61L1_61L1=6;
  __s_Node_next_7_4L3_4L3[6] = __s_tmp_cond_elim_45_60L0_60L0;
  int __s_tmp_cond_elim_45_62L0_62L0=0;
  int __s_pac57_63L0_63L0=7;
  __s_tmp_cond_elim_45_62L0_62L0 = null;
  int __s_pac58_63L1_63L1=7;
  __s_Node_next_7_4L3_4L3[7] = __s_tmp_cond_elim_45_62L0_62L0;
  int __s_tmp_cond_elim_45_64L0_64L0=0;
  int __s_pac57_65L0_65L0=8;
  __s_tmp_cond_elim_45_64L0_64L0 = null;
  int __s_pac58_65L1_65L1=8;
  __s_Node_next_7_4L3_4L3[8] = __s_tmp_cond_elim_45_64L0_64L0;
  int __s_tmp_cond_elim_45_66L0_66L0=0;
  int __s_pac57_67L0_67L0=9;
  __s_tmp_cond_elim_45_66L0_66L0 = null;
  int __s_pac58_67L1_67L1=9;
  __s_Node_next_7_4L3_4L3[9] = __s_tmp_cond_elim_45_66L0_66L0;
  int __s_Set_nextInstance_8_67L4_67L4=0; int[10] __s_Set_tail_10_67L5_67L5={0,0,0,0,0,0,0,0,0,0}; int[10] __s_Set_head_9_67L6_67L6={0,0,0,0,0,0,0,0,0,0};
  int __s_tmp_cond_elim_46_69L0_69L0=0;
  int __s_pac59_70L0_70L0=0;
  __s_tmp_cond_elim_46_69L0_69L0 = null;
  int __s_pac60_70L1_70L1=0;
  __s_Set_tail_10_67L5_67L5[0] = __s_tmp_cond_elim_46_69L0_69L0;
  int __s_tmp_cond_elim_46_71L0_71L0=0;
  int __s_pac59_72L0_72L0=1;
  __s_tmp_cond_elim_46_71L0_71L0 = null;
  int __s_pac60_72L1_72L1=1;
  __s_Set_tail_10_67L5_67L5[1] = __s_tmp_cond_elim_46_71L0_71L0;
  int __s_tmp_cond_elim_46_73L0_73L0=0;
  int __s_pac59_74L0_74L0=2;
  __s_tmp_cond_elim_46_73L0_73L0 = null;
  int __s_pac60_74L1_74L1=2;
  __s_Set_tail_10_67L5_67L5[2] = __s_tmp_cond_elim_46_73L0_73L0;
  int __s_tmp_cond_elim_46_75L0_75L0=0;
  int __s_pac59_76L0_76L0=3;
  __s_tmp_cond_elim_46_75L0_75L0 = null;
  int __s_pac60_76L1_76L1=3;
  __s_Set_tail_10_67L5_67L5[3] = __s_tmp_cond_elim_46_75L0_75L0;
  int __s_tmp_cond_elim_46_77L0_77L0=0;
  int __s_pac59_78L0_78L0=4;
  __s_tmp_cond_elim_46_77L0_77L0 = null;
  int __s_pac60_78L1_78L1=4;
  __s_Set_tail_10_67L5_67L5[4] = __s_tmp_cond_elim_46_77L0_77L0;
  int __s_tmp_cond_elim_46_79L0_79L0=0;
  int __s_pac59_80L0_80L0=5;
  __s_tmp_cond_elim_46_79L0_79L0 = null;
  int __s_pac60_80L1_80L1=5;
  __s_Set_tail_10_67L5_67L5[5] = __s_tmp_cond_elim_46_79L0_79L0;
  int __s_tmp_cond_elim_46_81L0_81L0=0;
  int __s_pac59_82L0_82L0=6;
  __s_tmp_cond_elim_46_81L0_81L0 = null;
  int __s_pac60_82L1_82L1=6;
  __s_Set_tail_10_67L5_67L5[6] = __s_tmp_cond_elim_46_81L0_81L0;
  int __s_tmp_cond_elim_46_83L0_83L0=0;
  int __s_pac59_84L0_84L0=7;
  __s_tmp_cond_elim_46_83L0_83L0 = null;
  int __s_pac60_84L1_84L1=7;
  __s_Set_tail_10_67L5_67L5[7] = __s_tmp_cond_elim_46_83L0_83L0;
  int __s_tmp_cond_elim_46_85L0_85L0=0;
  int __s_pac59_86L0_86L0=8;
  __s_tmp_cond_elim_46_85L0_85L0 = null;
  int __s_pac60_86L1_86L1=8;
  __s_Set_tail_10_67L5_67L5[8] = __s_tmp_cond_elim_46_85L0_85L0;
  int __s_tmp_cond_elim_46_87L0_87L0=0;
  int __s_pac59_88L0_88L0=9;
  __s_tmp_cond_elim_46_87L0_87L0 = null;
  int __s_pac60_88L1_88L1=9;
  __s_Set_tail_10_67L5_67L5[9] = __s_tmp_cond_elim_46_87L0_87L0;
  int __s_tmp_cond_elim_47_90L0_90L0=0;
  int __s_pac61_91L0_91L0=0;
  __s_tmp_cond_elim_47_90L0_90L0 = null;
  int __s_pac62_91L1_91L1=0;
  __s_Set_head_9_67L6_67L6[0] = __s_tmp_cond_elim_47_90L0_90L0;
  int __s_tmp_cond_elim_47_92L0_92L0=0;
  int __s_pac61_93L0_93L0=1;
  __s_tmp_cond_elim_47_92L0_92L0 = null;
  int __s_pac62_93L1_93L1=1;
  __s_Set_head_9_67L6_67L6[1] = __s_tmp_cond_elim_47_92L0_92L0;
  int __s_tmp_cond_elim_47_94L0_94L0=0;
  int __s_pac61_95L0_95L0=2;
  __s_tmp_cond_elim_47_94L0_94L0 = null;
  int __s_pac62_95L1_95L1=2;
  __s_Set_head_9_67L6_67L6[2] = __s_tmp_cond_elim_47_94L0_94L0;
  int __s_tmp_cond_elim_47_96L0_96L0=0;
  int __s_pac61_97L0_97L0=3;
  __s_tmp_cond_elim_47_96L0_96L0 = null;
  int __s_pac62_97L1_97L1=3;
  __s_Set_head_9_67L6_67L6[3] = __s_tmp_cond_elim_47_96L0_96L0;
  int __s_tmp_cond_elim_47_98L0_98L0=0;
  int __s_pac61_99L0_99L0=4;
  __s_tmp_cond_elim_47_98L0_98L0 = null;
  int __s_pac62_99L1_99L1=4;
  __s_Set_head_9_67L6_67L6[4] = __s_tmp_cond_elim_47_98L0_98L0;
  int __s_tmp_cond_elim_47_100L0_100L0=0;
  int __s_pac61_101L0_101L0=5;
  __s_tmp_cond_elim_47_100L0_100L0 = null;
  int __s_pac62_101L1_101L1=5;
  __s_Set_head_9_67L6_67L6[5] = __s_tmp_cond_elim_47_100L0_100L0;
  int __s_tmp_cond_elim_47_102L0_102L0=0;
  int __s_pac61_103L0_103L0=6;
  __s_tmp_cond_elim_47_102L0_102L0 = null;
  int __s_pac62_103L1_103L1=6;
  __s_Set_head_9_67L6_67L6[6] = __s_tmp_cond_elim_47_102L0_102L0;
  int __s_tmp_cond_elim_47_104L0_104L0=0;
  int __s_pac61_105L0_105L0=7;
  __s_tmp_cond_elim_47_104L0_104L0 = null;
  int __s_pac62_105L1_105L1=7;
  __s_Set_head_9_67L6_67L6[7] = __s_tmp_cond_elim_47_104L0_104L0;
  int __s_tmp_cond_elim_47_106L0_106L0=0;
  int __s_pac61_107L0_107L0=8;
  __s_tmp_cond_elim_47_106L0_106L0 = null;
  int __s_pac62_107L1_107L1=8;
  __s_Set_head_9_67L6_67L6[8] = __s_tmp_cond_elim_47_106L0_106L0;
  int __s_tmp_cond_elim_47_108L0_108L0=0;
  int __s_pac61_109L0_109L0=9;
  __s_tmp_cond_elim_47_108L0_108L0 = null;
  int __s_pac62_109L1_109L1=9;
  __s_Set_head_9_67L6_67L6[9] = __s_tmp_cond_elim_47_108L0_108L0;
  _out_1L0_1L0_1L0_1L0 = 0;
  bit _has_out__3L0_3L0_110L0_110L0=0;
  int S_3L1_3L1_110L1_110L1=0;
  int _ret_0_3L2_3L2_110L2_110L2=0;
  int negInf_77L1_6L0_112L0_112L0=-1;
  int posInf_77L2_6L1_112L1_112L1=6;
  int _out_77L3_6L2_112L2_112L2=0;
  bit _has_out__79L0_7L0_113L0_113L0=0;
  int S_79L1_7L1_113L1_113L1=0;
  int __s_tmp_new_Set_2_7L2_113L2_113L2=0;
  atomic
  {
    __s_tmp_new_Set_2_7L2_113L2_113L2 = 0;
    __s_Set_nextInstance_8_67L4_67L4 = 1;
  }
  S_79L1_7L1_113L1_113L1 = 0;
  int _ret_0_79L2_8L3_114L3_114L3=null;
  int _ret_1_79L3_8L4_114L4_114L4=0;
  int key_326L6_11L0_116L0_116L0=6;
  bit marked_326L6_11L1_116L1_116L1=0;
  int next_326L7_11L2_116L2_116L2=_ret_0_79L2_8L3_114L3_114L3;
  int _out_326L8_11L3_116L3_116L3=0;
  bit _has_out__328L0_12L0_117L0_117L0=0;
  int n_328L1_12L1_117L1_117L1=0;
  int __s_tmp_new_Node_3_12L2_117L2_117L2=0;
  atomic
  {
    __s_tmp_new_Node_3_12L2_117L2_117L2 = 0;
  }
  n_328L1_12L1_117L1_117L1 = 0;
  int __s_pac63_119L0_119L0=0;
  __s_Node_key_5_4L1_4L1[0] = 6;
  int __s_pac64_120L0_120L0=0;
  __s_Node_marked_6_4L2_4L2[0] = 0;
  int __s_pac65_121L0_121L0=0;
  __s_Node_next_7_4L3_4L3[0] = _ret_0_79L2_8L3_114L3_114L3;
  _out_326L8_11L3_116L3_116L3 = 0;
  _has_out__328L0_12L0_117L0_117L0 = 1;
  _ret_1_79L3_8L4_114L4_114L4 = 0;
  int __s_pac66_123L0_123L0=0;
  __s_Set_tail_10_67L5_67L5[0] = 0;
  int _ret_2_81L4_18L5_123L5_123L5=0;
  int __s_pac67_123L6_123L6=0;
  _ret_2_81L4_18L5_123L5_123L5 = __s_Set_tail_10_67L5_67L5[0];
  int _ret_3_81L5_18L6_123L7_123L7=0;
  int key_326L6_21L0_125L0_125L0=-1;
  bit marked_326L6_21L1_125L1_125L1=0;
  int next_326L7_21L2_125L2_125L2=0;
  int _out_326L8_21L3_125L3_125L3=0;
  bit _has_out__328L0_22L0_126L0_126L0=0;
  int n_328L1_22L1_126L1_126L1=0;
  int __s_tmp_new_Node_3_22L2_126L2_126L2=0;
  atomic
  {
    __s_tmp_new_Node_3_22L2_126L2_126L2 = 1;
    __s_Node_nextInstance_4_4L0_4L0 = 2;
  }
  n_328L1_22L1_126L1_126L1 = 1;
  int __s_pac68_128L0_128L0=1;
  __s_Node_key_5_4L1_4L1[1] = -1;
  int __s_pac69_129L0_129L0=1;
  __s_Node_marked_6_4L2_4L2[1] = 0;
  int __s_pac70_130L0_130L0=1;
  __s_Node_next_7_4L3_4L3[1] = 0;
  _out_326L8_21L3_125L3_125L3 = 1;
  _has_out__328L0_22L0_126L0_126L0 = 1;
  _ret_3_81L5_18L6_123L7_123L7 = 1;
  int __s_pac71_132L0_132L0=0;
  __s_Set_head_9_67L6_67L6[0] = 1;
  _out_77L3_6L2_112L2_112L2 = 0;
  _has_out__79L0_7L0_113L0_113L0 = 1;
  _ret_0_3L2_3L2_110L2_110L2 = 0;
  S_3L1_3L1_110L1_110L1 = 0;
  bit[4] removed_4L3_29L3_133L3_133L3={0,0,0,0};
  int __s_pac72_135L0_135L0=0;
  removed_4L3_29L3_133L3_133L3[0] = 0;
  int __s_pac72_136L0_136L0=1;
  removed_4L3_29L3_133L3_133L3[1] = 0;
  int __s_pac72_137L0_137L0=2;
  removed_4L3_29L3_133L3_133L3[2] = 0;
  int __s_pac72_138L0_138L0=3;
  removed_4L3_29L3_133L3_133L3[3] = 0;
  fork(int i_6L0_31L0_140L0_140L0; 2)
  {
    int addKey_8L0_33L0_142L0_143L0=i_6L0_31L0_140L0_140L0; int rmKey_8L1_33L1_142L1_143L1=((i_6L0_31L0_140L0_140L0)+(1))%(4);
    for(int j_10L0_35L0_144L0_145L0=0;(j_10L0_35L0_144L0_145L0)<(2);j_10L0_35L0_144L0_145L0 = (j_10L0_35L0_144L0_145L0)+(1))
    {
      bit done_86L2_588L2_854L2_855L2=0;
      for(int i_88L0_590L0_856L0_857L0=0;(i_88L0_590L0_856L0_857L0)<(6);i_88L0_590L0_856L0_857L0 = (i_88L0_590L0_856L0_857L0)+(1))
      {
        if(!(done_86L2_588L2_854L2_855L2))
        {
          int pred_154L0_686L0_978L0_979L0=__s_Set_head_9_67L6_67L6[0];
          int cur_154L1_686L1_978L2_979L2=0;
          int __s_pac74_978L4_979L4=__s_Set_head_9_67L6_67L6[0];
          cur_154L1_686L1_978L2_979L2 = __s_Node_next_7_4L3_4L3[__s_pac74_978L4_979L4];
          if((__s_Node_key_5_4L1_4L1[cur_154L1_686L1_978L2_979L2])<(addKey_8L0_33L0_142L0_143L0))
          {
            pred_154L0_686L0_978L0_979L0 = cur_154L1_686L1_978L2_979L2;
            cur_154L1_686L1_978L2_979L2 = __s_Node_next_7_4L3_4L3[cur_154L1_686L1_978L2_979L2];
          }
          if((__s_Node_key_5_4L1_4L1[cur_154L1_686L1_978L2_979L2])<(addKey_8L0_33L0_142L0_143L0))
          {
            pred_154L0_686L0_978L0_979L0 = cur_154L1_686L1_978L2_979L2;
            cur_154L1_686L1_978L2_979L2 = __s_Node_next_7_4L3_4L3[cur_154L1_686L1_978L2_979L2];
          }
          if((__s_Node_key_5_4L1_4L1[cur_154L1_686L1_978L2_979L2])<(addKey_8L0_33L0_142L0_143L0))
          {
            pred_154L0_686L0_978L0_979L0 = cur_154L1_686L1_978L2_979L2;
            cur_154L1_686L1_978L2_979L2 = __s_Node_next_7_4L3_4L3[cur_154L1_686L1_978L2_979L2];
          }
          if((__s_Node_key_5_4L1_4L1[cur_154L1_686L1_978L2_979L2])<(addKey_8L0_33L0_142L0_143L0))
          {
            pred_154L0_686L0_978L0_979L0 = cur_154L1_686L1_978L2_979L2;
            cur_154L1_686L1_978L2_979L2 = __s_Node_next_7_4L3_4L3[cur_154L1_686L1_978L2_979L2];
          }
          if((__s_Node_key_5_4L1_4L1[cur_154L1_686L1_978L2_979L2])<(addKey_8L0_33L0_142L0_143L0))
          {
            pred_154L0_686L0_978L0_979L0 = cur_154L1_686L1_978L2_979L2;
            cur_154L1_686L1_978L2_979L2 = __s_Node_next_7_4L3_4L3[cur_154L1_686L1_978L2_979L2];
          }
          if((__s_Node_key_5_4L1_4L1[cur_154L1_686L1_978L2_979L2])<(addKey_8L0_33L0_142L0_143L0))
          {
            pred_154L0_686L0_978L0_979L0 = cur_154L1_686L1_978L2_979L2;
            cur_154L1_686L1_978L2_979L2 = __s_Node_next_7_4L3_4L3[cur_154L1_686L1_978L2_979L2];
          }
          int _ret_0_168L2_700L2_1003L5_1004L5=((((int)pred_154L0_686L0_978L0_979L0))*(1))+(0);
          atomic((_lock_3L0_3L0[_ret_0_168L2_700L2_1003L5_1004L5])==(0))
          {
            _lock_3L0_3L0[_ret_0_168L2_700L2_1003L5_1004L5] = (i_6L0_31L0_140L0_140L0)+(1);
          }
          int _ret_1_169L3_701L3_1005L6_1006L6=((((int)cur_154L1_686L1_978L2_979L2))*(1))+(0);
          atomic((_lock_3L0_3L0[_ret_1_169L3_701L3_1005L6_1006L6])==(0))
          {
            _lock_3L0_3L0[_ret_1_169L3_701L3_1005L6_1006L6] = (i_6L0_31L0_140L0_140L0)+(1);
          }
          bit __s_atomize_sc0_335L0_707L0_1011L0_1012L0=(__s_Node_marked_6_4L2_4L2[pred_154L0_686L0_978L0_979L0])==(0);
          if(__s_atomize_sc0_335L0_707L0_1011L0_1012L0)
          {
            __s_atomize_sc0_335L0_707L0_1011L0_1012L0 = (__s_Node_marked_6_4L2_4L2[cur_154L1_686L1_978L2_979L2])==(0);
          }
          bit __s_atomize_sc1_336L1_708L1_1012L2_1013L2=__s_atomize_sc0_335L0_707L0_1011L0_1012L0;
          if(__s_atomize_sc0_335L0_707L0_1011L0_1012L0)
          {
            __s_atomize_sc1_336L1_708L1_1012L2_1013L2 = (__s_Node_next_7_4L3_4L3[pred_154L0_686L0_978L0_979L0])==(cur_154L1_686L1_978L2_979L2);
          }
          if(__s_atomize_sc1_336L1_708L1_1012L2_1013L2)
          {
            done_86L2_588L2_854L2_855L2 = 1;
            if((__s_Node_key_5_4L1_4L1[cur_154L1_686L1_978L2_979L2])==(addKey_8L0_33L0_142L0_143L0))
            else
            {
              int __s_tmp_new_Node_3_720L2_1023L2_1024L2=0;
              atomic
              {
                __s_tmp_new_Node_3_720L2_1023L2_1024L2 = __s_Node_nextInstance_4_4L0_4L0;
                __s_Node_nextInstance_4_4L0_4L0 = (__s_Node_nextInstance_4_4L0_4L0)+(1);
              }
              __s_Node_key_5_4L1_4L1[__s_tmp_new_Node_3_720L2_1023L2_1024L2] = addKey_8L0_33L0_142L0_143L0;
              __s_Node_marked_6_4L2_4L2[__s_tmp_new_Node_3_720L2_1023L2_1024L2] = 0;
              __s_Node_next_7_4L3_4L3[__s_tmp_new_Node_3_720L2_1023L2_1024L2] = cur_154L1_686L1_978L2_979L2;
              __s_Node_next_7_4L3_4L3[pred_154L0_686L0_978L0_979L0] = __s_tmp_new_Node_3_720L2_1023L2_1024L2;
            }
          }
          int _ret_4_179L5_726L5_1029L8_1030L8=((((int)cur_154L1_686L1_978L2_979L2))*(1))+(0);
          atomic
          {
            _lock_3L0_3L0[_ret_4_179L5_726L5_1029L8_1030L8] = 0;
          }
          int _ret_5_180L6_727L6_1031L9_1032L9=((((int)pred_154L0_686L0_978L0_979L0))*(1))+(0);
          atomic
          {
            _lock_3L0_3L0[_ret_5_180L6_727L6_1031L9_1032L9] = 0;
          }
        }
      }
      addKey_8L0_33L0_142L0_143L0 = (addKey_8L0_33L0_142L0_143L0)+(2);
      bit ret_185L1_736L1_1040L1_1041L1=0;
      bit done_185L2_736L2_1040L2_1041L2=0;
      for(int i_187L0_738L0_1042L0_1043L0=0;(i_187L0_738L0_1042L0_1043L0)<(6);i_187L0_738L0_1042L0_1043L0 = (i_187L0_738L0_1042L0_1043L0)+(1))
      {
        if(!(done_185L2_736L2_1040L2_1041L2))
        {
          int pred_253L0_818L0_1150L0_1151L0=__s_Set_head_9_67L6_67L6[0];
          int cur_253L1_818L1_1150L2_1151L2=0;
          int __s_pac87_1150L4_1151L4=__s_Set_head_9_67L6_67L6[0];
          cur_253L1_818L1_1150L2_1151L2 = __s_Node_next_7_4L3_4L3[__s_pac87_1150L4_1151L4];
          if((__s_Node_key_5_4L1_4L1[cur_253L1_818L1_1150L2_1151L2])<(rmKey_8L1_33L1_142L1_143L1))
          {
            pred_253L0_818L0_1150L0_1151L0 = cur_253L1_818L1_1150L2_1151L2;
            cur_253L1_818L1_1150L2_1151L2 = __s_Node_next_7_4L3_4L3[cur_253L1_818L1_1150L2_1151L2];
          }
          if((__s_Node_key_5_4L1_4L1[cur_253L1_818L1_1150L2_1151L2])<(rmKey_8L1_33L1_142L1_143L1))
          {
            pred_253L0_818L0_1150L0_1151L0 = cur_253L1_818L1_1150L2_1151L2;
            cur_253L1_818L1_1150L2_1151L2 = __s_Node_next_7_4L3_4L3[cur_253L1_818L1_1150L2_1151L2];
          }
          if((__s_Node_key_5_4L1_4L1[cur_253L1_818L1_1150L2_1151L2])<(rmKey_8L1_33L1_142L1_143L1))
          {
            pred_253L0_818L0_1150L0_1151L0 = cur_253L1_818L1_1150L2_1151L2;
            cur_253L1_818L1_1150L2_1151L2 = __s_Node_next_7_4L3_4L3[cur_253L1_818L1_1150L2_1151L2];
          }
          if((__s_Node_key_5_4L1_4L1[cur_253L1_818L1_1150L2_1151L2])<(rmKey_8L1_33L1_142L1_143L1))
          {
            pred_253L0_818L0_1150L0_1151L0 = cur_253L1_818L1_1150L2_1151L2;
            cur_253L1_818L1_1150L2_1151L2 = __s_Node_next_7_4L3_4L3[cur_253L1_818L1_1150L2_1151L2];
          }
          if((__s_Node_key_5_4L1_4L1[cur_253L1_818L1_1150L2_1151L2])<(rmKey_8L1_33L1_142L1_143L1))
          {
            pred_253L0_818L0_1150L0_1151L0 = cur_253L1_818L1_1150L2_1151L2;
            cur_253L1_818L1_1150L2_1151L2 = __s_Node_next_7_4L3_4L3[cur_253L1_818L1_1150L2_1151L2];
          }
          if((__s_Node_key_5_4L1_4L1[cur_253L1_818L1_1150L2_1151L2])<(rmKey_8L1_33L1_142L1_143L1))
          {
            pred_253L0_818L0_1150L0_1151L0 = cur_253L1_818L1_1150L2_1151L2;
            cur_253L1_818L1_1150L2_1151L2 = __s_Node_next_7_4L3_4L3[cur_253L1_818L1_1150L2_1151L2];
          }
          int _ret_0_267L2_832L2_1175L5_1176L5=((((int)pred_253L0_818L0_1150L0_1151L0))*(1))+(0);
          atomic((_lock_3L0_3L0[_ret_0_267L2_832L2_1175L5_1176L5])==(0))
          {
            _lock_3L0_3L0[_ret_0_267L2_832L2_1175L5_1176L5] = (i_6L0_31L0_140L0_140L0)+(1);
          }
          int _ret_1_268L3_833L3_1177L6_1178L6=((((int)cur_253L1_818L1_1150L2_1151L2))*(1))+(0);
          atomic((_lock_3L0_3L0[_ret_1_268L3_833L3_1177L6_1178L6])==(0))
          {
            _lock_3L0_3L0[_ret_1_268L3_833L3_1177L6_1178L6] = (i_6L0_31L0_140L0_140L0)+(1);
          }
          bit __s_atomize_sc0_335L0_839L0_1183L0_1184L0=(__s_Node_marked_6_4L2_4L2[pred_253L0_818L0_1150L0_1151L0])==(0);
          if(__s_atomize_sc0_335L0_839L0_1183L0_1184L0)
          {
            __s_atomize_sc0_335L0_839L0_1183L0_1184L0 = (__s_Node_marked_6_4L2_4L2[cur_253L1_818L1_1150L2_1151L2])==(0);
          }
          bit __s_atomize_sc1_336L1_840L1_1184L2_1185L2=__s_atomize_sc0_335L0_839L0_1183L0_1184L0;
          if(__s_atomize_sc0_335L0_839L0_1183L0_1184L0)
          {
            __s_atomize_sc1_336L1_840L1_1184L2_1185L2 = (__s_Node_next_7_4L3_4L3[pred_253L0_818L0_1150L0_1151L0])==(cur_253L1_818L1_1150L2_1151L2);
          }
          if(__s_atomize_sc1_336L1_840L1_1184L2_1185L2)
          {
            done_185L2_736L2_1040L2_1041L2 = 1;
            if((__s_Node_key_5_4L1_4L1[cur_253L1_818L1_1150L2_1151L2])!=(rmKey_8L1_33L1_142L1_143L1))
            {
              ret_185L1_736L1_1040L1_1041L1 = 0;
            }
            else
            {
              __s_Node_marked_6_4L2_4L2[cur_253L1_818L1_1150L2_1151L2] = 1;
              __s_Node_next_7_4L3_4L3[pred_253L0_818L0_1150L0_1151L0] = __s_Node_next_7_4L3_4L3[cur_253L1_818L1_1150L2_1151L2];
              ret_185L1_736L1_1040L1_1041L1 = 1;
            }
          }
          int _ret_3_278L5_850L5_1194L8_1195L8=((((int)cur_253L1_818L1_1150L2_1151L2))*(1))+(0);
          atomic
          {
            _lock_3L0_3L0[_ret_3_278L5_850L5_1194L8_1195L8] = 0;
          }
          int _ret_4_279L6_851L6_1196L9_1197L9=((((int)pred_253L0_818L0_1150L0_1151L0))*(1))+(0);
          atomic
          {
            _lock_3L0_3L0[_ret_4_279L6_851L6_1196L9_1197L9] = 0;
          }
        }
      }
      removed_4L3_29L3_133L3_133L3[rmKey_8L1_33L1_142L1_143L1] = ret_185L1_736L1_1040L1_1041L1;
      rmKey_8L1_33L1_142L1_143L1 = ((rmKey_8L1_33L1_142L1_143L1)+(2))%(4);
    }
  }
  for(int k_35L0_899L0_1244L0_1245L0=0;(k_35L0_899L0_1244L0_1245L0)<(4);k_35L0_899L0_1244L0_1245L0 = (k_35L0_899L0_1244L0_1245L0)+(1))
  {
    if(removed_4L3_29L3_133L3_133L3[k_35L0_899L0_1244L0_1245L0])
    {
      bit done_185L2_1705L2_2091L2_2092L2=0;
      for(int i_187L0_1707L0_2093L0_2094L0=0;(i_187L0_1707L0_2093L0_2094L0)<(6);i_187L0_1707L0_2093L0_2094L0 = (i_187L0_1707L0_2093L0_2094L0)+(1))
      {
        if(!(done_185L2_1705L2_2091L2_2092L2))
        {
          int pred_253L0_1787L0_2179L0_2180L0=__s_Set_head_9_67L6_67L6[0];
          int cur_253L1_1787L1_2179L2_2180L2=0;
          int __s_pac116_2179L4_2180L4=__s_Set_head_9_67L6_67L6[0];
          cur_253L1_1787L1_2179L2_2180L2 = __s_Node_next_7_4L3_4L3[__s_pac116_2179L4_2180L4];
          for(int j_255L0_1789L0_2181L0_2182L0=0;(j_255L0_1789L0_2181L0_2182L0)<(6);j_255L0_1789L0_2181L0_2182L0 = (j_255L0_1789L0_2181L0_2182L0)+(1))
          {
            if((__s_Node_key_5_4L1_4L1[cur_253L1_1787L1_2179L2_2180L2])<(k_35L0_899L0_1244L0_1245L0))
            {
              pred_253L0_1787L0_2179L0_2180L0 = cur_253L1_1787L1_2179L2_2180L2;
              cur_253L1_1787L1_2179L2_2180L2 = __s_Node_next_7_4L3_4L3[cur_253L1_1787L1_2179L2_2180L2];
            }
          }
          int _ret_0_267L2_1801L2_2193L5_2194L5=((((int)pred_253L0_1787L0_2179L0_2180L0))*(1))+(0);
          atomic((_lock_3L0_3L0[_ret_0_267L2_1801L2_2193L5_2194L5])==(0))
          {
            _lock_3L0_3L0[_ret_0_267L2_1801L2_2193L5_2194L5] = -1;
          }
          int _ret_1_268L3_1802L3_2195L6_2196L6=((((int)cur_253L1_1787L1_2179L2_2180L2))*(1))+(0);
          atomic((_lock_3L0_3L0[_ret_1_268L3_1802L3_2195L6_2196L6])==(0))
          {
            _lock_3L0_3L0[_ret_1_268L3_1802L3_2195L6_2196L6] = -1;
          }
          bit __s_atomize_sc0_335L0_1808L0_2201L0_2202L0=(__s_Node_marked_6_4L2_4L2[pred_253L0_1787L0_2179L0_2180L0])==(0);
          if(__s_atomize_sc0_335L0_1808L0_2201L0_2202L0)
          {
            __s_atomize_sc0_335L0_1808L0_2201L0_2202L0 = (__s_Node_marked_6_4L2_4L2[cur_253L1_1787L1_2179L2_2180L2])==(0);
          }
          bit __s_atomize_sc1_336L1_1809L1_2202L2_2203L2=__s_atomize_sc0_335L0_1808L0_2201L0_2202L0;
          if(__s_atomize_sc0_335L0_1808L0_2201L0_2202L0)
          {
            __s_atomize_sc1_336L1_1809L1_2202L2_2203L2 = (__s_Node_next_7_4L3_4L3[pred_253L0_1787L0_2179L0_2180L0])==(cur_253L1_1787L1_2179L2_2180L2);
          }
          if(__s_atomize_sc1_336L1_1809L1_2202L2_2203L2)
          {
            done_185L2_1705L2_2091L2_2092L2 = 1;
            if((__s_Node_key_5_4L1_4L1[cur_253L1_1787L1_2179L2_2180L2])!=(k_35L0_899L0_1244L0_1245L0))
            else
            {
              __s_Node_marked_6_4L2_4L2[cur_253L1_1787L1_2179L2_2180L2] = 1;
              __s_Node_next_7_4L3_4L3[pred_253L0_1787L0_2179L0_2180L0] = __s_Node_next_7_4L3_4L3[cur_253L1_1787L1_2179L2_2180L2];
            }
          }
          int _ret_3_278L5_1819L5_2212L8_2213L8=((((int)cur_253L1_1787L1_2179L2_2180L2))*(1))+(0);
          atomic
          {
            _lock_3L0_3L0[_ret_3_278L5_1819L5_2212L8_2213L8] = 0;
          }
          int _ret_4_279L6_1820L6_2214L9_2215L9=((((int)pred_253L0_1787L0_2179L0_2180L0))*(1))+(0);
          atomic
          {
            _lock_3L0_3L0[_ret_4_279L6_1820L6_2214L9_2215L9] = 0;
          }
        }
      }
    }
    else
    {
      bit done_86L2_1830L2_2224L2_2225L2=0;
      for(int i_88L0_1832L0_2226L0_2227L0=0;(i_88L0_1832L0_2226L0_2227L0)<(6);i_88L0_1832L0_2226L0_2227L0 = (i_88L0_1832L0_2226L0_2227L0)+(1))
      {
        if(!(done_86L2_1830L2_2224L2_2225L2))
        {
          int pred_154L0_1928L0_2326L0_2327L0=__s_Set_head_9_67L6_67L6[0];
          int cur_154L1_1928L1_2326L2_2327L2=0;
          int __s_pac128_2326L4_2327L4=__s_Set_head_9_67L6_67L6[0];
          cur_154L1_1928L1_2326L2_2327L2 = __s_Node_next_7_4L3_4L3[__s_pac128_2326L4_2327L4];
          for(int j_156L0_1930L0_2328L0_2329L0=0;(j_156L0_1930L0_2328L0_2329L0)<(6);j_156L0_1930L0_2328L0_2329L0 = (j_156L0_1930L0_2328L0_2329L0)+(1))
          {
            if((__s_Node_key_5_4L1_4L1[cur_154L1_1928L1_2326L2_2327L2])<(k_35L0_899L0_1244L0_1245L0))
            {
              pred_154L0_1928L0_2326L0_2327L0 = cur_154L1_1928L1_2326L2_2327L2;
              cur_154L1_1928L1_2326L2_2327L2 = __s_Node_next_7_4L3_4L3[cur_154L1_1928L1_2326L2_2327L2];
            }
          }
          int _ret_0_168L2_1942L2_2340L5_2341L5=((((int)pred_154L0_1928L0_2326L0_2327L0))*(1))+(0);
          atomic((_lock_3L0_3L0[_ret_0_168L2_1942L2_2340L5_2341L5])==(0))
          {
            _lock_3L0_3L0[_ret_0_168L2_1942L2_2340L5_2341L5] = -1;
          }
          int _ret_1_169L3_1943L3_2342L6_2343L6=((((int)cur_154L1_1928L1_2326L2_2327L2))*(1))+(0);
          atomic((_lock_3L0_3L0[_ret_1_169L3_1943L3_2342L6_2343L6])==(0))
          {
            _lock_3L0_3L0[_ret_1_169L3_1943L3_2342L6_2343L6] = -1;
          }
          bit __s_atomize_sc0_335L0_1949L0_2348L0_2349L0=(__s_Node_marked_6_4L2_4L2[pred_154L0_1928L0_2326L0_2327L0])==(0);
          if(__s_atomize_sc0_335L0_1949L0_2348L0_2349L0)
          {
            __s_atomize_sc0_335L0_1949L0_2348L0_2349L0 = (__s_Node_marked_6_4L2_4L2[cur_154L1_1928L1_2326L2_2327L2])==(0);
          }
          bit __s_atomize_sc1_336L1_1950L1_2349L2_2350L2=__s_atomize_sc0_335L0_1949L0_2348L0_2349L0;
          if(__s_atomize_sc0_335L0_1949L0_2348L0_2349L0)
          {
            __s_atomize_sc1_336L1_1950L1_2349L2_2350L2 = (__s_Node_next_7_4L3_4L3[pred_154L0_1928L0_2326L0_2327L0])==(cur_154L1_1928L1_2326L2_2327L2);
          }
          if(__s_atomize_sc1_336L1_1950L1_2349L2_2350L2)
          {
            done_86L2_1830L2_2224L2_2225L2 = 1;
            if((__s_Node_key_5_4L1_4L1[cur_154L1_1928L1_2326L2_2327L2])==(k_35L0_899L0_1244L0_1245L0))
            else
            {
              int __s_tmp_new_Node_3_1962L2_2360L2_2361L2=0;
              atomic
              {
                __s_tmp_new_Node_3_1962L2_2360L2_2361L2 = __s_Node_nextInstance_4_4L0_4L0;
                __s_Node_nextInstance_4_4L0_4L0 = (__s_Node_nextInstance_4_4L0_4L0)+(1);
              }
              __s_Node_key_5_4L1_4L1[__s_tmp_new_Node_3_1962L2_2360L2_2361L2] = k_35L0_899L0_1244L0_1245L0;
              __s_Node_marked_6_4L2_4L2[__s_tmp_new_Node_3_1962L2_2360L2_2361L2] = 0;
              __s_Node_next_7_4L3_4L3[__s_tmp_new_Node_3_1962L2_2360L2_2361L2] = cur_154L1_1928L1_2326L2_2327L2;
              __s_Node_next_7_4L3_4L3[pred_154L0_1928L0_2326L0_2327L0] = __s_tmp_new_Node_3_1962L2_2360L2_2361L2;
            }
          }
          int _ret_4_179L5_1968L5_2366L8_2367L8=((((int)cur_154L1_1928L1_2326L2_2327L2))*(1))+(0);
          atomic
          {
            _lock_3L0_3L0[_ret_4_179L5_1968L5_2366L8_2367L8] = 0;
          }
          int _ret_5_180L6_1969L6_2368L9_2369L9=((((int)pred_154L0_1928L0_2326L0_2327L0))*(1))+(0);
          atomic
          {
            _lock_3L0_3L0[_ret_5_180L6_1969L6_2368L9_2369L9] = 0;
          }
        }
      }
      bit done_185L2_1977L2_2376L2_2377L2=0;
      for(int i_187L0_1979L0_2378L0_2379L0=0;(i_187L0_1979L0_2378L0_2379L0)<(6);i_187L0_1979L0_2378L0_2379L0 = (i_187L0_1979L0_2378L0_2379L0)+(1))
      {
        if(!(done_185L2_1977L2_2376L2_2377L2))
        {
          int pred_253L0_2059L0_2464L0_2465L0=__s_Set_head_9_67L6_67L6[0];
          int cur_253L1_2059L1_2464L2_2465L2=0;
          int __s_pac141_2464L4_2465L4=__s_Set_head_9_67L6_67L6[0];
          cur_253L1_2059L1_2464L2_2465L2 = __s_Node_next_7_4L3_4L3[__s_pac141_2464L4_2465L4];
          for(int j_255L0_2061L0_2466L0_2467L0=0;(j_255L0_2061L0_2466L0_2467L0)<(6);j_255L0_2061L0_2466L0_2467L0 = (j_255L0_2061L0_2466L0_2467L0)+(1))
          {
            if((__s_Node_key_5_4L1_4L1[cur_253L1_2059L1_2464L2_2465L2])<(k_35L0_899L0_1244L0_1245L0))
            {
              pred_253L0_2059L0_2464L0_2465L0 = cur_253L1_2059L1_2464L2_2465L2;
              cur_253L1_2059L1_2464L2_2465L2 = __s_Node_next_7_4L3_4L3[cur_253L1_2059L1_2464L2_2465L2];
            }
          }
          int _ret_0_267L2_2073L2_2478L5_2479L5=((((int)pred_253L0_2059L0_2464L0_2465L0))*(1))+(0);
          atomic((_lock_3L0_3L0[_ret_0_267L2_2073L2_2478L5_2479L5])==(0))
          {
            _lock_3L0_3L0[_ret_0_267L2_2073L2_2478L5_2479L5] = -1;
          }
          int _ret_1_268L3_2074L3_2480L6_2481L6=((((int)cur_253L1_2059L1_2464L2_2465L2))*(1))+(0);
          atomic((_lock_3L0_3L0[_ret_1_268L3_2074L3_2480L6_2481L6])==(0))
          {
            _lock_3L0_3L0[_ret_1_268L3_2074L3_2480L6_2481L6] = -1;
          }
          bit __s_atomize_sc0_335L0_2080L0_2486L0_2487L0=(__s_Node_marked_6_4L2_4L2[pred_253L0_2059L0_2464L0_2465L0])==(0);
          if(__s_atomize_sc0_335L0_2080L0_2486L0_2487L0)
          {
            __s_atomize_sc0_335L0_2080L0_2486L0_2487L0 = (__s_Node_marked_6_4L2_4L2[cur_253L1_2059L1_2464L2_2465L2])==(0);
          }
          bit __s_atomize_sc1_336L1_2081L1_2487L2_2488L2=__s_atomize_sc0_335L0_2080L0_2486L0_2487L0;
          if(__s_atomize_sc0_335L0_2080L0_2486L0_2487L0)
          {
            __s_atomize_sc1_336L1_2081L1_2487L2_2488L2 = (__s_Node_next_7_4L3_4L3[pred_253L0_2059L0_2464L0_2465L0])==(cur_253L1_2059L1_2464L2_2465L2);
          }
          if(__s_atomize_sc1_336L1_2081L1_2487L2_2488L2)
          {
            done_185L2_1977L2_2376L2_2377L2 = 1;
            if((__s_Node_key_5_4L1_4L1[cur_253L1_2059L1_2464L2_2465L2])!=(k_35L0_899L0_1244L0_1245L0))
            else
            {
              __s_Node_marked_6_4L2_4L2[cur_253L1_2059L1_2464L2_2465L2] = 1;
              __s_Node_next_7_4L3_4L3[pred_253L0_2059L0_2464L0_2465L0] = __s_Node_next_7_4L3_4L3[cur_253L1_2059L1_2464L2_2465L2];
            }
          }
          int _ret_3_278L5_2091L5_2497L8_2498L8=((((int)cur_253L1_2059L1_2464L2_2465L2))*(1))+(0);
          atomic
          {
            _lock_3L0_3L0[_ret_3_278L5_2091L5_2497L8_2498L8] = 0;
          }
          int _ret_4_279L6_2092L6_2499L9_2500L9=((((int)pred_253L0_2059L0_2464L0_2465L0))*(1))+(0);
          atomic
          {
            _lock_3L0_3L0[_ret_4_279L6_2092L6_2499L9_2500L9] = 0;
          }
        }
      }
    }
  }
  _out_1L0_1L0_1L0_1L0 = 1;
}
void T([!bit _out_74L1_2104L1_2511L1_2512L1])
{
  int[10] __s_Node_key_12_2513L1_2514L1={0,0,0,0,0,0,0,0,0,0}; bit[10] __s_Node_marked_13_2513L2_2514L2={0,0,0,0,0,0,0,0,0,0}; int[10] __s_Node_next_14_2513L3_2514L3={0,0,0,0,0,0,0,0,0,0};
  __s_Node_key_12_2513L1_2514L1[0] = 0;
  __s_Node_key_12_2513L1_2514L1[1] = 0;
  __s_Node_key_12_2513L1_2514L1[2] = 0;
  __s_Node_key_12_2513L1_2514L1[3] = 0;
  __s_Node_key_12_2513L1_2514L1[4] = 0;
  __s_Node_key_12_2513L1_2514L1[5] = 0;
  __s_Node_key_12_2513L1_2514L1[6] = 0;
  __s_Node_key_12_2513L1_2514L1[7] = 0;
  __s_Node_key_12_2513L1_2514L1[8] = 0;
  __s_Node_key_12_2513L1_2514L1[9] = 0;
  __s_Node_marked_13_2513L2_2514L2[0] = 0;
  __s_Node_marked_13_2513L2_2514L2[1] = 0;
  __s_Node_marked_13_2513L2_2514L2[2] = 0;
  __s_Node_marked_13_2513L2_2514L2[3] = 0;
  __s_Node_marked_13_2513L2_2514L2[4] = 0;
  __s_Node_marked_13_2513L2_2514L2[5] = 0;
  __s_Node_marked_13_2513L2_2514L2[6] = 0;
  __s_Node_marked_13_2513L2_2514L2[7] = 0;
  __s_Node_marked_13_2513L2_2514L2[8] = 0;
  __s_Node_marked_13_2513L2_2514L2[9] = 0;
  int __s_tmp_cond_elim_50_2557L0_2558L0=null;
  __s_Node_next_14_2513L3_2514L3[0] = __s_tmp_cond_elim_50_2557L0_2558L0;
  int __s_tmp_cond_elim_50_2559L0_2560L0=null;
  __s_Node_next_14_2513L3_2514L3[1] = __s_tmp_cond_elim_50_2559L0_2560L0;
  int __s_tmp_cond_elim_50_2561L0_2562L0=null;
  __s_Node_next_14_2513L3_2514L3[2] = __s_tmp_cond_elim_50_2561L0_2562L0;
  int __s_tmp_cond_elim_50_2563L0_2564L0=null;
  __s_Node_next_14_2513L3_2514L3[3] = __s_tmp_cond_elim_50_2563L0_2564L0;
  int __s_tmp_cond_elim_50_2565L0_2566L0=null;
  __s_Node_next_14_2513L3_2514L3[4] = __s_tmp_cond_elim_50_2565L0_2566L0;
  int __s_tmp_cond_elim_50_2567L0_2568L0=null;
  __s_Node_next_14_2513L3_2514L3[5] = __s_tmp_cond_elim_50_2567L0_2568L0;
  int __s_tmp_cond_elim_50_2569L0_2570L0=null;
  __s_Node_next_14_2513L3_2514L3[6] = __s_tmp_cond_elim_50_2569L0_2570L0;
  int __s_tmp_cond_elim_50_2571L0_2572L0=null;
  __s_Node_next_14_2513L3_2514L3[7] = __s_tmp_cond_elim_50_2571L0_2572L0;
  int __s_tmp_cond_elim_50_2573L0_2574L0=null;
  __s_Node_next_14_2513L3_2514L3[8] = __s_tmp_cond_elim_50_2573L0_2574L0;
  int __s_tmp_cond_elim_50_2575L0_2576L0=null;
  __s_Node_next_14_2513L3_2514L3[9] = __s_tmp_cond_elim_50_2575L0_2576L0;
  int[10] __s_Set_tail_17_2576L5_2577L5={0,0,0,0,0,0,0,0,0,0}; int[10] __s_Set_head_16_2576L6_2577L6={0,0,0,0,0,0,0,0,0,0};
  int __s_tmp_cond_elim_51_2578L0_2579L0=null;
  __s_Set_tail_17_2576L5_2577L5[0] = __s_tmp_cond_elim_51_2578L0_2579L0;
  int __s_tmp_cond_elim_51_2580L0_2581L0=null;
  __s_Set_tail_17_2576L5_2577L5[1] = __s_tmp_cond_elim_51_2580L0_2581L0;
  int __s_tmp_cond_elim_51_2582L0_2583L0=null;
  __s_Set_tail_17_2576L5_2577L5[2] = __s_tmp_cond_elim_51_2582L0_2583L0;
  int __s_tmp_cond_elim_51_2584L0_2585L0=null;
  __s_Set_tail_17_2576L5_2577L5[3] = __s_tmp_cond_elim_51_2584L0_2585L0;
  int __s_tmp_cond_elim_51_2586L0_2587L0=null;
  __s_Set_tail_17_2576L5_2577L5[4] = __s_tmp_cond_elim_51_2586L0_2587L0;
  int __s_tmp_cond_elim_51_2588L0_2589L0=null;
  __s_Set_tail_17_2576L5_2577L5[5] = __s_tmp_cond_elim_51_2588L0_2589L0;
  int __s_tmp_cond_elim_51_2590L0_2591L0=null;
  __s_Set_tail_17_2576L5_2577L5[6] = __s_tmp_cond_elim_51_2590L0_2591L0;
  int __s_tmp_cond_elim_51_2592L0_2593L0=null;
  __s_Set_tail_17_2576L5_2577L5[7] = __s_tmp_cond_elim_51_2592L0_2593L0;
  int __s_tmp_cond_elim_51_2594L0_2595L0=null;
  __s_Set_tail_17_2576L5_2577L5[8] = __s_tmp_cond_elim_51_2594L0_2595L0;
  int __s_tmp_cond_elim_51_2596L0_2597L0=null;
  __s_Set_tail_17_2576L5_2577L5[9] = __s_tmp_cond_elim_51_2596L0_2597L0;
  int __s_tmp_cond_elim_52_2599L0_2600L0=null;
  __s_Set_head_16_2576L6_2577L6[0] = __s_tmp_cond_elim_52_2599L0_2600L0;
  int __s_tmp_cond_elim_52_2601L0_2602L0=null;
  __s_Set_head_16_2576L6_2577L6[1] = __s_tmp_cond_elim_52_2601L0_2602L0;
  int __s_tmp_cond_elim_52_2603L0_2604L0=null;
  __s_Set_head_16_2576L6_2577L6[2] = __s_tmp_cond_elim_52_2603L0_2604L0;
  int __s_tmp_cond_elim_52_2605L0_2606L0=null;
  __s_Set_head_16_2576L6_2577L6[3] = __s_tmp_cond_elim_52_2605L0_2606L0;
  int __s_tmp_cond_elim_52_2607L0_2608L0=null;
  __s_Set_head_16_2576L6_2577L6[4] = __s_tmp_cond_elim_52_2607L0_2608L0;
  int __s_tmp_cond_elim_52_2609L0_2610L0=null;
  __s_Set_head_16_2576L6_2577L6[5] = __s_tmp_cond_elim_52_2609L0_2610L0;
  int __s_tmp_cond_elim_52_2611L0_2612L0=null;
  __s_Set_head_16_2576L6_2577L6[6] = __s_tmp_cond_elim_52_2611L0_2612L0;
  int __s_tmp_cond_elim_52_2613L0_2614L0=null;
  __s_Set_head_16_2576L6_2577L6[7] = __s_tmp_cond_elim_52_2613L0_2614L0;
  int __s_tmp_cond_elim_52_2615L0_2616L0=null;
  __s_Set_head_16_2576L6_2577L6[8] = __s_tmp_cond_elim_52_2615L0_2616L0;
  int __s_tmp_cond_elim_52_2617L0_2618L0=null;
  __s_Set_head_16_2576L6_2577L6[9] = __s_tmp_cond_elim_52_2617L0_2618L0;
  _out_74L1_2104L1_2511L1_2512L1 = 1;
}
void lock([int mem])
void unlock([int mem])

===== Compilation statistics =====
  Solved? -----------------------------> true
  Number of iterations ----------------> 0
  Maximum memory usage (MiB) ----------> 98.313
  Total elapsed time (s) --------------> 23.532
    % frontend ............ 13.356281
    % verification ........ 86.64372
    % synthesis ........... 0.0
  Total solution time (s) -------------> 16.899
    % verification ........ 100.0
    % synthesis ........... 0.0

  Synthesizer statistics:  
    [solver stats]
    Number of calls -------------------> 0
    Total elapsed time (s) ------------> 0.0
    Total model building time (s) -----> 0.0
    Total solution time (s) -----------> 0.0
    Maximum memory usage (MiB) --------> 0.0
    Average elapsed time (s) ----------> 0.0
    Average model building time (s) ---> 0.0
    Average solution time (s) ---------> 0.0
    Average memory usage (MiB) --------> 0.0

  Verifier statistics:     
    [solver stats]
    Number of calls -------------------> 1
    Total elapsed time (s) ------------> 20.389
    Total model building time (s) -----> 3.49
    Total solution time (s) -----------> 16.899
    Maximum memory usage (MiB) --------> 44.188
    Average elapsed time (s) ----------> 20.389
    Average model building time (s) ---> 3.49
    Average solution time (s) ---------> 16.899
    Average memory usage (MiB) --------> 44.188

  Frontend statistics:     
    Total elapsed time (s) ------------> 3.143
    Max memory usage (MiB) ------------> 54.125

[PSKETCH] DONE!
