Verifying non-sketched program ...
[SPINVERIF][2] Stats for last run:
      [solution stats]
      successful? ---------------------> true
      elapsed time (s) ----------------> 3.966
      model building time (s) ---------> 3.317
      solution time (s) ---------------> 0.649
      max memory usage (MiB) ----------> 6.6879997
      [SPIN-specific stats]
      codegen time (s) ----------------> 0.254
      codegen memory (MiB) ------------> 0.0
      compiler time (s) ---------------> 3.063
      compiler memory (MiB) -----------> 0.0
      total SPIN time (s) -------------> 0.649
      total SPIN mem (MiB) ------------> 6.6879997
      actual state mem (MiB) ----------> 5.288
      equiv state mem (MiB) -----------> 42.169
      state compression (%) -----------> 12.540018
      # states explored ---------------> 42681
      state exploration rate (states/s)> 0

void main([!bit _out_1L0_1L0_1L0_1L0]) implements T
{
  int[10] _lock_3L0_3L0=0;
  int __s_Node_nextInstance_4_4L0_4L0=0; int[10] __s_Node_key_5_4L1_4L1={0,0,0,0,0,0,0,0,0,0}; bit[10] __s_Node_marked_6_4L2_4L2={0,0,0,0,0,0,0,0,0,0}; int[10] __s_Node_next_7_4L3_4L3={0,0,0,0,0,0,0,0,0,0};
  bit __s_tmp_cond_elim_43_6L0_6L0=0;
  int __s_pac53_7L0_7L0=0;
  __s_tmp_cond_elim_43_6L0_6L0 = 0;
  int __s_pac54_7L1_7L1=0;
  __s_Node_key_5_4L1_4L1[0] = 0;
  bit __s_tmp_cond_elim_43_8L0_8L0=0;
  int __s_pac53_9L0_9L0=1;
  __s_tmp_cond_elim_43_8L0_8L0 = 0;
  int __s_pac54_9L1_9L1=1;
  __s_Node_key_5_4L1_4L1[1] = 0;
  bit __s_tmp_cond_elim_43_10L0_10L0=0;
  int __s_pac53_11L0_11L0=2;
  __s_tmp_cond_elim_43_10L0_10L0 = 0;
  int __s_pac54_11L1_11L1=2;
  __s_Node_key_5_4L1_4L1[2] = 0;
  bit __s_tmp_cond_elim_43_12L0_12L0=0;
  int __s_pac53_13L0_13L0=3;
  __s_tmp_cond_elim_43_12L0_12L0 = 0;
  int __s_pac54_13L1_13L1=3;
  __s_Node_key_5_4L1_4L1[3] = 0;
  bit __s_tmp_cond_elim_43_14L0_14L0=0;
  int __s_pac53_15L0_15L0=4;
  __s_tmp_cond_elim_43_14L0_14L0 = 0;
  int __s_pac54_15L1_15L1=4;
  __s_Node_key_5_4L1_4L1[4] = 0;
  bit __s_tmp_cond_elim_43_16L0_16L0=0;
  int __s_pac53_17L0_17L0=5;
  __s_tmp_cond_elim_43_16L0_16L0 = 0;
  int __s_pac54_17L1_17L1=5;
  __s_Node_key_5_4L1_4L1[5] = 0;
  bit __s_tmp_cond_elim_43_18L0_18L0=0;
  int __s_pac53_19L0_19L0=6;
  __s_tmp_cond_elim_43_18L0_18L0 = 0;
  int __s_pac54_19L1_19L1=6;
  __s_Node_key_5_4L1_4L1[6] = 0;
  bit __s_tmp_cond_elim_43_20L0_20L0=0;
  int __s_pac53_21L0_21L0=7;
  __s_tmp_cond_elim_43_20L0_20L0 = 0;
  int __s_pac54_21L1_21L1=7;
  __s_Node_key_5_4L1_4L1[7] = 0;
  bit __s_tmp_cond_elim_43_22L0_22L0=0;
  int __s_pac53_23L0_23L0=8;
  __s_tmp_cond_elim_43_22L0_22L0 = 0;
  int __s_pac54_23L1_23L1=8;
  __s_Node_key_5_4L1_4L1[8] = 0;
  bit __s_tmp_cond_elim_43_24L0_24L0=0;
  int __s_pac53_25L0_25L0=9;
  __s_tmp_cond_elim_43_24L0_24L0 = 0;
  int __s_pac54_25L1_25L1=9;
  __s_Node_key_5_4L1_4L1[9] = 0;
  bit __s_tmp_cond_elim_44_27L0_27L0=0;
  int __s_pac55_28L0_28L0=0;
  __s_tmp_cond_elim_44_27L0_27L0 = 0;
  int __s_pac56_28L1_28L1=0;
  __s_Node_marked_6_4L2_4L2[0] = 0;
  bit __s_tmp_cond_elim_44_29L0_29L0=0;
  int __s_pac55_30L0_30L0=1;
  __s_tmp_cond_elim_44_29L0_29L0 = 0;
  int __s_pac56_30L1_30L1=1;
  __s_Node_marked_6_4L2_4L2[1] = 0;
  bit __s_tmp_cond_elim_44_31L0_31L0=0;
  int __s_pac55_32L0_32L0=2;
  __s_tmp_cond_elim_44_31L0_31L0 = 0;
  int __s_pac56_32L1_32L1=2;
  __s_Node_marked_6_4L2_4L2[2] = 0;
  bit __s_tmp_cond_elim_44_33L0_33L0=0;
  int __s_pac55_34L0_34L0=3;
  __s_tmp_cond_elim_44_33L0_33L0 = 0;
  int __s_pac56_34L1_34L1=3;
  __s_Node_marked_6_4L2_4L2[3] = 0;
  bit __s_tmp_cond_elim_44_35L0_35L0=0;
  int __s_pac55_36L0_36L0=4;
  __s_tmp_cond_elim_44_35L0_35L0 = 0;
  int __s_pac56_36L1_36L1=4;
  __s_Node_marked_6_4L2_4L2[4] = 0;
  bit __s_tmp_cond_elim_44_37L0_37L0=0;
  int __s_pac55_38L0_38L0=5;
  __s_tmp_cond_elim_44_37L0_37L0 = 0;
  int __s_pac56_38L1_38L1=5;
  __s_Node_marked_6_4L2_4L2[5] = 0;
  bit __s_tmp_cond_elim_44_39L0_39L0=0;
  int __s_pac55_40L0_40L0=6;
  __s_tmp_cond_elim_44_39L0_39L0 = 0;
  int __s_pac56_40L1_40L1=6;
  __s_Node_marked_6_4L2_4L2[6] = 0;
  bit __s_tmp_cond_elim_44_41L0_41L0=0;
  int __s_pac55_42L0_42L0=7;
  __s_tmp_cond_elim_44_41L0_41L0 = 0;
  int __s_pac56_42L1_42L1=7;
  __s_Node_marked_6_4L2_4L2[7] = 0;
  bit __s_tmp_cond_elim_44_43L0_43L0=0;
  int __s_pac55_44L0_44L0=8;
  __s_tmp_cond_elim_44_43L0_43L0 = 0;
  int __s_pac56_44L1_44L1=8;
  __s_Node_marked_6_4L2_4L2[8] = 0;
  bit __s_tmp_cond_elim_44_45L0_45L0=0;
  int __s_pac55_46L0_46L0=9;
  __s_tmp_cond_elim_44_45L0_45L0 = 0;
  int __s_pac56_46L1_46L1=9;
  __s_Node_marked_6_4L2_4L2[9] = 0;
  int __s_tmp_cond_elim_45_48L0_48L0=0;
  int __s_pac57_49L0_49L0=0;
  __s_tmp_cond_elim_45_48L0_48L0 = null;
  int __s_pac58_49L1_49L1=0;
  __s_Node_next_7_4L3_4L3[0] = __s_tmp_cond_elim_45_48L0_48L0;
  int __s_tmp_cond_elim_45_50L0_50L0=0;
  int __s_pac57_51L0_51L0=1;
  __s_tmp_cond_elim_45_50L0_50L0 = null;
  int __s_pac58_51L1_51L1=1;
  __s_Node_next_7_4L3_4L3[1] = __s_tmp_cond_elim_45_50L0_50L0;
  int __s_tmp_cond_elim_45_52L0_52L0=0;
  int __s_pac57_53L0_53L0=2;
  __s_tmp_cond_elim_45_52L0_52L0 = null;
  int __s_pac58_53L1_53L1=2;
  __s_Node_next_7_4L3_4L3[2] = __s_tmp_cond_elim_45_52L0_52L0;
  int __s_tmp_cond_elim_45_54L0_54L0=0;
  int __s_pac57_55L0_55L0=3;
  __s_tmp_cond_elim_45_54L0_54L0 = null;
  int __s_pac58_55L1_55L1=3;
  __s_Node_next_7_4L3_4L3[3] = __s_tmp_cond_elim_45_54L0_54L0;
  int __s_tmp_cond_elim_45_56L0_56L0=0;
  int __s_pac57_57L0_57L0=4;
  __s_tmp_cond_elim_45_56L0_56L0 = null;
  int __s_pac58_57L1_57L1=4;
  __s_Node_next_7_4L3_4L3[4] = __s_tmp_cond_elim_45_56L0_56L0;
  int __s_tmp_cond_elim_45_58L0_58L0=0;
  int __s_pac57_59L0_59L0=5;
  __s_tmp_cond_elim_45_58L0_58L0 = null;
  int __s_pac58_59L1_59L1=5;
  __s_Node_next_7_4L3_4L3[5] = __s_tmp_cond_elim_45_58L0_58L0;
  int __s_tmp_cond_elim_45_60L0_60L0=0;
  int __s_pac57_61L0_61L0=6;
  __s_tmp_cond_elim_45_60L0_60L0 = null;
  int __s_pac58_61L1_61L1=6;
  __s_Node_next_7_4L3_4L3[6] = __s_tmp_cond_elim_45_60L0_60L0;
  int __s_tmp_cond_elim_45_62L0_62L0=0;
  int __s_pac57_63L0_63L0=7;
  __s_tmp_cond_elim_45_62L0_62L0 = null;
  int __s_pac58_63L1_63L1=7;
  __s_Node_next_7_4L3_4L3[7] = __s_tmp_cond_elim_45_62L0_62L0;
  int __s_tmp_cond_elim_45_64L0_64L0=0;
  int __s_pac57_65L0_65L0=8;
  __s_tmp_cond_elim_45_64L0_64L0 = null;
  int __s_pac58_65L1_65L1=8;
  __s_Node_next_7_4L3_4L3[8] = __s_tmp_cond_elim_45_64L0_64L0;
  int __s_tmp_cond_elim_45_66L0_66L0=0;
  int __s_pac57_67L0_67L0=9;
  __s_tmp_cond_elim_45_66L0_66L0 = null;
  int __s_pac58_67L1_67L1=9;
  __s_Node_next_7_4L3_4L3[9] = __s_tmp_cond_elim_45_66L0_66L0;
  int __s_Set_nextInstance_8_67L4_67L4=0; int[10] __s_Set_tail_10_67L5_67L5={0,0,0,0,0,0,0,0,0,0}; int[10] __s_Set_head_9_67L6_67L6={0,0,0,0,0,0,0,0,0,0};
  int __s_tmp_cond_elim_46_69L0_69L0=0;
  int __s_pac59_70L0_70L0=0;
  __s_tmp_cond_elim_46_69L0_69L0 = null;
  int __s_pac60_70L1_70L1=0;
  __s_Set_tail_10_67L5_67L5[0] = __s_tmp_cond_elim_46_69L0_69L0;
  int __s_tmp_cond_elim_46_71L0_71L0=0;
  int __s_pac59_72L0_72L0=1;
  __s_tmp_cond_elim_46_71L0_71L0 = null;
  int __s_pac60_72L1_72L1=1;
  __s_Set_tail_10_67L5_67L5[1] = __s_tmp_cond_elim_46_71L0_71L0;
  int __s_tmp_cond_elim_46_73L0_73L0=0;
  int __s_pac59_74L0_74L0=2;
  __s_tmp_cond_elim_46_73L0_73L0 = null;
  int __s_pac60_74L1_74L1=2;
  __s_Set_tail_10_67L5_67L5[2] = __s_tmp_cond_elim_46_73L0_73L0;
  int __s_tmp_cond_elim_46_75L0_75L0=0;
  int __s_pac59_76L0_76L0=3;
  __s_tmp_cond_elim_46_75L0_75L0 = null;
  int __s_pac60_76L1_76L1=3;
  __s_Set_tail_10_67L5_67L5[3] = __s_tmp_cond_elim_46_75L0_75L0;
  int __s_tmp_cond_elim_46_77L0_77L0=0;
  int __s_pac59_78L0_78L0=4;
  __s_tmp_cond_elim_46_77L0_77L0 = null;
  int __s_pac60_78L1_78L1=4;
  __s_Set_tail_10_67L5_67L5[4] = __s_tmp_cond_elim_46_77L0_77L0;
  int __s_tmp_cond_elim_46_79L0_79L0=0;
  int __s_pac59_80L0_80L0=5;
  __s_tmp_cond_elim_46_79L0_79L0 = null;
  int __s_pac60_80L1_80L1=5;
  __s_Set_tail_10_67L5_67L5[5] = __s_tmp_cond_elim_46_79L0_79L0;
  int __s_tmp_cond_elim_46_81L0_81L0=0;
  int __s_pac59_82L0_82L0=6;
  __s_tmp_cond_elim_46_81L0_81L0 = null;
  int __s_pac60_82L1_82L1=6;
  __s_Set_tail_10_67L5_67L5[6] = __s_tmp_cond_elim_46_81L0_81L0;
  int __s_tmp_cond_elim_46_83L0_83L0=0;
  int __s_pac59_84L0_84L0=7;
  __s_tmp_cond_elim_46_83L0_83L0 = null;
  int __s_pac60_84L1_84L1=7;
  __s_Set_tail_10_67L5_67L5[7] = __s_tmp_cond_elim_46_83L0_83L0;
  int __s_tmp_cond_elim_46_85L0_85L0=0;
  int __s_pac59_86L0_86L0=8;
  __s_tmp_cond_elim_46_85L0_85L0 = null;
  int __s_pac60_86L1_86L1=8;
  __s_Set_tail_10_67L5_67L5[8] = __s_tmp_cond_elim_46_85L0_85L0;
  int __s_tmp_cond_elim_46_87L0_87L0=0;
  int __s_pac59_88L0_88L0=9;
  __s_tmp_cond_elim_46_87L0_87L0 = null;
  int __s_pac60_88L1_88L1=9;
  __s_Set_tail_10_67L5_67L5[9] = __s_tmp_cond_elim_46_87L0_87L0;
  int __s_tmp_cond_elim_47_90L0_90L0=0;
  int __s_pac61_91L0_91L0=0;
  __s_tmp_cond_elim_47_90L0_90L0 = null;
  int __s_pac62_91L1_91L1=0;
  __s_Set_head_9_67L6_67L6[0] = __s_tmp_cond_elim_47_90L0_90L0;
  int __s_tmp_cond_elim_47_92L0_92L0=0;
  int __s_pac61_93L0_93L0=1;
  __s_tmp_cond_elim_47_92L0_92L0 = null;
  int __s_pac62_93L1_93L1=1;
  __s_Set_head_9_67L6_67L6[1] = __s_tmp_cond_elim_47_92L0_92L0;
  int __s_tmp_cond_elim_47_94L0_94L0=0;
  int __s_pac61_95L0_95L0=2;
  __s_tmp_cond_elim_47_94L0_94L0 = null;
  int __s_pac62_95L1_95L1=2;
  __s_Set_head_9_67L6_67L6[2] = __s_tmp_cond_elim_47_94L0_94L0;
  int __s_tmp_cond_elim_47_96L0_96L0=0;
  int __s_pac61_97L0_97L0=3;
  __s_tmp_cond_elim_47_96L0_96L0 = null;
  int __s_pac62_97L1_97L1=3;
  __s_Set_head_9_67L6_67L6[3] = __s_tmp_cond_elim_47_96L0_96L0;
  int __s_tmp_cond_elim_47_98L0_98L0=0;
  int __s_pac61_99L0_99L0=4;
  __s_tmp_cond_elim_47_98L0_98L0 = null;
  int __s_pac62_99L1_99L1=4;
  __s_Set_head_9_67L6_67L6[4] = __s_tmp_cond_elim_47_98L0_98L0;
  int __s_tmp_cond_elim_47_100L0_100L0=0;
  int __s_pac61_101L0_101L0=5;
  __s_tmp_cond_elim_47_100L0_100L0 = null;
  int __s_pac62_101L1_101L1=5;
  __s_Set_head_9_67L6_67L6[5] = __s_tmp_cond_elim_47_100L0_100L0;
  int __s_tmp_cond_elim_47_102L0_102L0=0;
  int __s_pac61_103L0_103L0=6;
  __s_tmp_cond_elim_47_102L0_102L0 = null;
  int __s_pac62_103L1_103L1=6;
  __s_Set_head_9_67L6_67L6[6] = __s_tmp_cond_elim_47_102L0_102L0;
  int __s_tmp_cond_elim_47_104L0_104L0=0;
  int __s_pac61_105L0_105L0=7;
  __s_tmp_cond_elim_47_104L0_104L0 = null;
  int __s_pac62_105L1_105L1=7;
  __s_Set_head_9_67L6_67L6[7] = __s_tmp_cond_elim_47_104L0_104L0;
  int __s_tmp_cond_elim_47_106L0_106L0=0;
  int __s_pac61_107L0_107L0=8;
  __s_tmp_cond_elim_47_106L0_106L0 = null;
  int __s_pac62_107L1_107L1=8;
  __s_Set_head_9_67L6_67L6[8] = __s_tmp_cond_elim_47_106L0_106L0;
  int __s_tmp_cond_elim_47_108L0_108L0=0;
  int __s_pac61_109L0_109L0=9;
  __s_tmp_cond_elim_47_108L0_108L0 = null;
  int __s_pac62_109L1_109L1=9;
  __s_Set_head_9_67L6_67L6[9] = __s_tmp_cond_elim_47_108L0_108L0;
  _out_1L0_1L0_1L0_1L0 = 0;
  bit _has_out__3L0_3L0_110L0_110L0=0;
  int S_4L1_4L1_111L1_111L1=0;
  int _ret_0_4L2_4L2_111L2_111L2=0;
  int negInf_90L1_7L0_113L0_113L0=-1;
  int posInf_90L2_7L1_113L1_113L1=6;
  int _out_90L3_7L2_113L2_113L2=0;
  bit _has_out__92L0_8L0_114L0_114L0=0;
  int S_92L1_8L1_114L1_114L1=0;
  int __s_tmp_new_Set_2_8L2_114L2_114L2=0;
  atomic
  {
    __s_tmp_new_Set_2_8L2_114L2_114L2 = 0;
    __s_Set_nextInstance_8_67L4_67L4 = 1;
  }
  S_92L1_8L1_114L1_114L1 = 0;
  int _ret_0_92L2_9L3_115L3_115L3=null;
  int _ret_1_92L3_9L4_115L4_115L4=0;
  int key_339L6_12L0_117L0_117L0=6;
  bit marked_339L6_12L1_117L1_117L1=0;
  int next_339L7_12L2_117L2_117L2=_ret_0_92L2_9L3_115L3_115L3;
  int _out_339L8_12L3_117L3_117L3=0;
  bit _has_out__341L0_13L0_118L0_118L0=0;
  int n_341L1_13L1_118L1_118L1=0;
  int __s_tmp_new_Node_3_13L2_118L2_118L2=0;
  atomic
  {
    __s_tmp_new_Node_3_13L2_118L2_118L2 = 0;
  }
  n_341L1_13L1_118L1_118L1 = 0;
  int __s_pac63_120L0_120L0=0;
  __s_Node_key_5_4L1_4L1[0] = 6;
  int __s_pac64_121L0_121L0=0;
  __s_Node_marked_6_4L2_4L2[0] = 0;
  int __s_pac65_122L0_122L0=0;
  __s_Node_next_7_4L3_4L3[0] = _ret_0_92L2_9L3_115L3_115L3;
  _out_339L8_12L3_117L3_117L3 = 0;
  _has_out__341L0_13L0_118L0_118L0 = 1;
  _ret_1_92L3_9L4_115L4_115L4 = 0;
  int __s_pac66_124L0_124L0=0;
  __s_Set_tail_10_67L5_67L5[0] = 0;
  int _ret_2_94L4_19L5_124L5_124L5=0;
  int __s_pac67_124L6_124L6=0;
  _ret_2_94L4_19L5_124L5_124L5 = __s_Set_tail_10_67L5_67L5[0];
  int _ret_3_94L5_19L6_124L7_124L7=0;
  int key_339L6_22L0_126L0_126L0=-1;
  bit marked_339L6_22L1_126L1_126L1=0;
  int next_339L7_22L2_126L2_126L2=0;
  int _out_339L8_22L3_126L3_126L3=0;
  bit _has_out__341L0_23L0_127L0_127L0=0;
  int n_341L1_23L1_127L1_127L1=0;
  int __s_tmp_new_Node_3_23L2_127L2_127L2=0;
  atomic
  {
    __s_tmp_new_Node_3_23L2_127L2_127L2 = 1;
    __s_Node_nextInstance_4_4L0_4L0 = 2;
  }
  n_341L1_23L1_127L1_127L1 = 1;
  int __s_pac68_129L0_129L0=1;
  __s_Node_key_5_4L1_4L1[1] = -1;
  int __s_pac69_130L0_130L0=1;
  __s_Node_marked_6_4L2_4L2[1] = 0;
  int __s_pac70_131L0_131L0=1;
  __s_Node_next_7_4L3_4L3[1] = 0;
  _out_339L8_22L3_126L3_126L3 = 1;
  _has_out__341L0_23L0_127L0_127L0 = 1;
  _ret_3_94L5_19L6_124L7_124L7 = 1;
  int __s_pac71_133L0_133L0=0;
  __s_Set_head_9_67L6_67L6[0] = 1;
  _out_90L3_7L2_113L2_113L2 = 0;
  _has_out__92L0_8L0_114L0_114L0 = 1;
  _ret_0_4L2_4L2_111L2_111L2 = 0;
  S_4L1_4L1_111L1_111L1 = 0;
  bit[4] removed_5L3_30L3_134L3_134L3={0,0,0,0};
  int __s_pac72_136L0_136L0=0;
  removed_5L3_30L3_134L3_134L3[0] = 0;
  int __s_pac72_137L0_137L0=1;
  removed_5L3_30L3_134L3_134L3[1] = 0;
  int __s_pac72_138L0_138L0=2;
  removed_5L3_30L3_134L3_134L3[2] = 0;
  int __s_pac72_139L0_139L0=3;
  removed_5L3_30L3_134L3_134L3[3] = 0;
  fork(int i_7L0_32L0_141L0_141L0; 2)
  {
    if(((i_7L0_32L0_141L0_141L0)%(2))==(0))
    {
      for(int j_13L0_38L0_147L0_148L0=0;(j_13L0_38L0_147L0_148L0)<(2);j_13L0_38L0_147L0_148L0 = (j_13L0_38L0_147L0_148L0)+(1))
      {
        int key_25L0_340L0_525L0_526L0=(j_13L0_38L0_147L0_148L0)+(((i_7L0_32L0_141L0_141L0)/(2))*(2));
        bit done_99L2_345L2_529L2_530L2=0;
        for(int i_101L0_347L0_531L0_532L0=0;(i_101L0_347L0_531L0_532L0)<(6);i_101L0_347L0_531L0_532L0 = (i_101L0_347L0_531L0_532L0)+(1))
        {
          if(!(done_99L2_345L2_529L2_530L2))
          {
            int pred_167L0_443L0_653L0_654L0=__s_Set_head_9_67L6_67L6[0];
            int cur_167L1_443L1_653L2_654L2=0;
            int __s_pac74_653L4_654L4=__s_Set_head_9_67L6_67L6[0];
            cur_167L1_443L1_653L2_654L2 = __s_Node_next_7_4L3_4L3[__s_pac74_653L4_654L4];
            if((__s_Node_key_5_4L1_4L1[cur_167L1_443L1_653L2_654L2])<(key_25L0_340L0_525L0_526L0))
            {
              pred_167L0_443L0_653L0_654L0 = cur_167L1_443L1_653L2_654L2;
              cur_167L1_443L1_653L2_654L2 = __s_Node_next_7_4L3_4L3[cur_167L1_443L1_653L2_654L2];
            }
            if((__s_Node_key_5_4L1_4L1[cur_167L1_443L1_653L2_654L2])<(key_25L0_340L0_525L0_526L0))
            {
              pred_167L0_443L0_653L0_654L0 = cur_167L1_443L1_653L2_654L2;
              cur_167L1_443L1_653L2_654L2 = __s_Node_next_7_4L3_4L3[cur_167L1_443L1_653L2_654L2];
            }
            if((__s_Node_key_5_4L1_4L1[cur_167L1_443L1_653L2_654L2])<(key_25L0_340L0_525L0_526L0))
            {
              pred_167L0_443L0_653L0_654L0 = cur_167L1_443L1_653L2_654L2;
              cur_167L1_443L1_653L2_654L2 = __s_Node_next_7_4L3_4L3[cur_167L1_443L1_653L2_654L2];
            }
            if((__s_Node_key_5_4L1_4L1[cur_167L1_443L1_653L2_654L2])<(key_25L0_340L0_525L0_526L0))
            {
              pred_167L0_443L0_653L0_654L0 = cur_167L1_443L1_653L2_654L2;
              cur_167L1_443L1_653L2_654L2 = __s_Node_next_7_4L3_4L3[cur_167L1_443L1_653L2_654L2];
            }
            if((__s_Node_key_5_4L1_4L1[cur_167L1_443L1_653L2_654L2])<(key_25L0_340L0_525L0_526L0))
            {
              pred_167L0_443L0_653L0_654L0 = cur_167L1_443L1_653L2_654L2;
              cur_167L1_443L1_653L2_654L2 = __s_Node_next_7_4L3_4L3[cur_167L1_443L1_653L2_654L2];
            }
            if((__s_Node_key_5_4L1_4L1[cur_167L1_443L1_653L2_654L2])<(key_25L0_340L0_525L0_526L0))
            {
              pred_167L0_443L0_653L0_654L0 = cur_167L1_443L1_653L2_654L2;
              cur_167L1_443L1_653L2_654L2 = __s_Node_next_7_4L3_4L3[cur_167L1_443L1_653L2_654L2];
            }
            int _ret_0_181L2_457L2_678L5_679L5=((((int)pred_167L0_443L0_653L0_654L0))*(1))+(0);
            atomic((_lock_3L0_3L0[_ret_0_181L2_457L2_678L5_679L5])==(0))
            {
              _lock_3L0_3L0[_ret_0_181L2_457L2_678L5_679L5] = (i_7L0_32L0_141L0_141L0)+(1);
            }
            int _ret_1_182L3_458L3_680L6_681L6=((((int)cur_167L1_443L1_653L2_654L2))*(1))+(0);
            atomic((_lock_3L0_3L0[_ret_1_182L3_458L3_680L6_681L6])==(0))
            {
              _lock_3L0_3L0[_ret_1_182L3_458L3_680L6_681L6] = (i_7L0_32L0_141L0_141L0)+(1);
            }
            bit __s_atomize_sc0_348L0_464L0_686L0_687L0=(__s_Node_marked_6_4L2_4L2[pred_167L0_443L0_653L0_654L0])==(0);
            if(__s_atomize_sc0_348L0_464L0_686L0_687L0)
            {
              __s_atomize_sc0_348L0_464L0_686L0_687L0 = (__s_Node_marked_6_4L2_4L2[cur_167L1_443L1_653L2_654L2])==(0);
            }
            bit __s_atomize_sc1_349L1_465L1_687L2_688L2=__s_atomize_sc0_348L0_464L0_686L0_687L0;
            if(__s_atomize_sc0_348L0_464L0_686L0_687L0)
            {
              __s_atomize_sc1_349L1_465L1_687L2_688L2 = (__s_Node_next_7_4L3_4L3[pred_167L0_443L0_653L0_654L0])==(cur_167L1_443L1_653L2_654L2);
            }
            if(__s_atomize_sc1_349L1_465L1_687L2_688L2)
            {
              done_99L2_345L2_529L2_530L2 = 1;
              if((__s_Node_key_5_4L1_4L1[cur_167L1_443L1_653L2_654L2])==(key_25L0_340L0_525L0_526L0))
              else
              {
                int __s_tmp_new_Node_3_477L2_698L2_699L2=0;
                atomic
                {
                  __s_tmp_new_Node_3_477L2_698L2_699L2 = __s_Node_nextInstance_4_4L0_4L0;
                  __s_Node_nextInstance_4_4L0_4L0 = (__s_Node_nextInstance_4_4L0_4L0)+(1);
                }
                __s_Node_key_5_4L1_4L1[__s_tmp_new_Node_3_477L2_698L2_699L2] = key_25L0_340L0_525L0_526L0;
                __s_Node_marked_6_4L2_4L2[__s_tmp_new_Node_3_477L2_698L2_699L2] = 0;
                __s_Node_next_7_4L3_4L3[__s_tmp_new_Node_3_477L2_698L2_699L2] = cur_167L1_443L1_653L2_654L2;
                __s_Node_next_7_4L3_4L3[pred_167L0_443L0_653L0_654L0] = __s_tmp_new_Node_3_477L2_698L2_699L2;
              }
            }
            int _ret_4_192L5_483L5_704L8_705L8=((((int)cur_167L1_443L1_653L2_654L2))*(1))+(0);
            atomic
            {
              _lock_3L0_3L0[_ret_4_192L5_483L5_704L8_705L8] = 0;
            }
            int _ret_5_193L6_484L6_706L9_707L9=((((int)pred_167L0_443L0_653L0_654L0))*(1))+(0);
            atomic
            {
              _lock_3L0_3L0[_ret_5_193L6_484L6_706L9_707L9] = 0;
            }
          }
        }
      }
    }
    else
    {
      for(int j_32L0_492L0_715L0_716L0=0;(j_32L0_492L0_715L0_716L0)<(2);j_32L0_492L0_715L0_716L0 = (j_32L0_492L0_715L0_716L0)+(1))
      {
        int key_42L0_744L0_1049L0_1050L0=(j_32L0_492L0_715L0_716L0)+(((i_7L0_32L0_141L0_141L0)/(2))*(2));
        bit ret_198L1_749L1_1053L1_1054L1=0;
        bit done_198L2_749L2_1053L2_1054L2=0;
        for(int i_200L0_751L0_1055L0_1056L0=0;(i_200L0_751L0_1055L0_1056L0)<(6);i_200L0_751L0_1055L0_1056L0 = (i_200L0_751L0_1055L0_1056L0)+(1))
        {
          if(!(done_198L2_749L2_1053L2_1054L2))
          {
            int pred_266L0_831L0_1163L0_1164L0=__s_Set_head_9_67L6_67L6[0];
            int cur_266L1_831L1_1163L2_1164L2=0;
            int __s_pac87_1163L4_1164L4=__s_Set_head_9_67L6_67L6[0];
            cur_266L1_831L1_1163L2_1164L2 = __s_Node_next_7_4L3_4L3[__s_pac87_1163L4_1164L4];
            if((__s_Node_key_5_4L1_4L1[cur_266L1_831L1_1163L2_1164L2])<(key_42L0_744L0_1049L0_1050L0))
            {
              pred_266L0_831L0_1163L0_1164L0 = cur_266L1_831L1_1163L2_1164L2;
              cur_266L1_831L1_1163L2_1164L2 = __s_Node_next_7_4L3_4L3[cur_266L1_831L1_1163L2_1164L2];
            }
            if((__s_Node_key_5_4L1_4L1[cur_266L1_831L1_1163L2_1164L2])<(key_42L0_744L0_1049L0_1050L0))
            {
              pred_266L0_831L0_1163L0_1164L0 = cur_266L1_831L1_1163L2_1164L2;
              cur_266L1_831L1_1163L2_1164L2 = __s_Node_next_7_4L3_4L3[cur_266L1_831L1_1163L2_1164L2];
            }
            if((__s_Node_key_5_4L1_4L1[cur_266L1_831L1_1163L2_1164L2])<(key_42L0_744L0_1049L0_1050L0))
            {
              pred_266L0_831L0_1163L0_1164L0 = cur_266L1_831L1_1163L2_1164L2;
              cur_266L1_831L1_1163L2_1164L2 = __s_Node_next_7_4L3_4L3[cur_266L1_831L1_1163L2_1164L2];
            }
            if((__s_Node_key_5_4L1_4L1[cur_266L1_831L1_1163L2_1164L2])<(key_42L0_744L0_1049L0_1050L0))
            {
              pred_266L0_831L0_1163L0_1164L0 = cur_266L1_831L1_1163L2_1164L2;
              cur_266L1_831L1_1163L2_1164L2 = __s_Node_next_7_4L3_4L3[cur_266L1_831L1_1163L2_1164L2];
            }
            if((__s_Node_key_5_4L1_4L1[cur_266L1_831L1_1163L2_1164L2])<(key_42L0_744L0_1049L0_1050L0))
            {
              pred_266L0_831L0_1163L0_1164L0 = cur_266L1_831L1_1163L2_1164L2;
              cur_266L1_831L1_1163L2_1164L2 = __s_Node_next_7_4L3_4L3[cur_266L1_831L1_1163L2_1164L2];
            }
            if((__s_Node_key_5_4L1_4L1[cur_266L1_831L1_1163L2_1164L2])<(key_42L0_744L0_1049L0_1050L0))
            {
              pred_266L0_831L0_1163L0_1164L0 = cur_266L1_831L1_1163L2_1164L2;
              cur_266L1_831L1_1163L2_1164L2 = __s_Node_next_7_4L3_4L3[cur_266L1_831L1_1163L2_1164L2];
            }
            int _ret_0_280L2_845L2_1188L5_1189L5=((((int)pred_266L0_831L0_1163L0_1164L0))*(1))+(0);
            atomic((_lock_3L0_3L0[_ret_0_280L2_845L2_1188L5_1189L5])==(0))
            {
              _lock_3L0_3L0[_ret_0_280L2_845L2_1188L5_1189L5] = (i_7L0_32L0_141L0_141L0)+(1);
            }
            int _ret_1_281L3_846L3_1190L6_1191L6=((((int)cur_266L1_831L1_1163L2_1164L2))*(1))+(0);
            atomic((_lock_3L0_3L0[_ret_1_281L3_846L3_1190L6_1191L6])==(0))
            {
              _lock_3L0_3L0[_ret_1_281L3_846L3_1190L6_1191L6] = (i_7L0_32L0_141L0_141L0)+(1);
            }
            bit __s_atomize_sc0_348L0_852L0_1196L0_1197L0=(__s_Node_marked_6_4L2_4L2[pred_266L0_831L0_1163L0_1164L0])==(0);
            if(__s_atomize_sc0_348L0_852L0_1196L0_1197L0)
            {
              __s_atomize_sc0_348L0_852L0_1196L0_1197L0 = (__s_Node_marked_6_4L2_4L2[cur_266L1_831L1_1163L2_1164L2])==(0);
            }
            bit __s_atomize_sc1_349L1_853L1_1197L2_1198L2=__s_atomize_sc0_348L0_852L0_1196L0_1197L0;
            if(__s_atomize_sc0_348L0_852L0_1196L0_1197L0)
            {
              __s_atomize_sc1_349L1_853L1_1197L2_1198L2 = (__s_Node_next_7_4L3_4L3[pred_266L0_831L0_1163L0_1164L0])==(cur_266L1_831L1_1163L2_1164L2);
            }
            if(__s_atomize_sc1_349L1_853L1_1197L2_1198L2)
            {
              done_198L2_749L2_1053L2_1054L2 = 1;
              if((__s_Node_key_5_4L1_4L1[cur_266L1_831L1_1163L2_1164L2])!=(key_42L0_744L0_1049L0_1050L0))
              {
                ret_198L1_749L1_1053L1_1054L1 = 0;
              }
              else
              {
                __s_Node_marked_6_4L2_4L2[cur_266L1_831L1_1163L2_1164L2] = 1;
                __s_Node_next_7_4L3_4L3[pred_266L0_831L0_1163L0_1164L0] = __s_Node_next_7_4L3_4L3[cur_266L1_831L1_1163L2_1164L2];
                ret_198L1_749L1_1053L1_1054L1 = 1;
              }
            }
            int _ret_3_291L5_863L5_1207L8_1208L8=((((int)cur_266L1_831L1_1163L2_1164L2))*(1))+(0);
            atomic
            {
              _lock_3L0_3L0[_ret_3_291L5_863L5_1207L8_1208L8] = 0;
            }
            int _ret_4_292L6_864L6_1209L9_1210L9=((((int)pred_266L0_831L0_1163L0_1164L0))*(1))+(0);
            atomic
            {
              _lock_3L0_3L0[_ret_4_292L6_864L6_1209L9_1210L9] = 0;
            }
          }
        }
        removed_5L3_30L3_134L3_134L3[key_42L0_744L0_1049L0_1050L0] = ret_198L1_749L1_1053L1_1054L1;
      }
    }
  }
  for(int k_48L0_912L0_1257L0_1258L0=0;(k_48L0_912L0_1257L0_1258L0)<(2);k_48L0_912L0_1257L0_1258L0 = (k_48L0_912L0_1257L0_1258L0)+(1))
  {
    if(removed_5L3_30L3_134L3_134L3[k_48L0_912L0_1257L0_1258L0])
    {
      bit done_198L2_1718L2_2104L2_2105L2=0;
      for(int i_200L0_1720L0_2106L0_2107L0=0;(i_200L0_1720L0_2106L0_2107L0)<(6);i_200L0_1720L0_2106L0_2107L0 = (i_200L0_1720L0_2106L0_2107L0)+(1))
      {
        if(!(done_198L2_1718L2_2104L2_2105L2))
        {
          int pred_266L0_1800L0_2192L0_2193L0=__s_Set_head_9_67L6_67L6[0];
          int cur_266L1_1800L1_2192L2_2193L2=0;
          int __s_pac116_2192L4_2193L4=__s_Set_head_9_67L6_67L6[0];
          cur_266L1_1800L1_2192L2_2193L2 = __s_Node_next_7_4L3_4L3[__s_pac116_2192L4_2193L4];
          for(int j_268L0_1802L0_2194L0_2195L0=0;(j_268L0_1802L0_2194L0_2195L0)<(6);j_268L0_1802L0_2194L0_2195L0 = (j_268L0_1802L0_2194L0_2195L0)+(1))
          {
            if((__s_Node_key_5_4L1_4L1[cur_266L1_1800L1_2192L2_2193L2])<(k_48L0_912L0_1257L0_1258L0))
            {
              pred_266L0_1800L0_2192L0_2193L0 = cur_266L1_1800L1_2192L2_2193L2;
              cur_266L1_1800L1_2192L2_2193L2 = __s_Node_next_7_4L3_4L3[cur_266L1_1800L1_2192L2_2193L2];
            }
          }
          int _ret_0_280L2_1814L2_2206L5_2207L5=((((int)pred_266L0_1800L0_2192L0_2193L0))*(1))+(0);
          atomic((_lock_3L0_3L0[_ret_0_280L2_1814L2_2206L5_2207L5])==(0))
          {
            _lock_3L0_3L0[_ret_0_280L2_1814L2_2206L5_2207L5] = -1;
          }
          int _ret_1_281L3_1815L3_2208L6_2209L6=((((int)cur_266L1_1800L1_2192L2_2193L2))*(1))+(0);
          atomic((_lock_3L0_3L0[_ret_1_281L3_1815L3_2208L6_2209L6])==(0))
          {
            _lock_3L0_3L0[_ret_1_281L3_1815L3_2208L6_2209L6] = -1;
          }
          bit __s_atomize_sc0_348L0_1821L0_2214L0_2215L0=(__s_Node_marked_6_4L2_4L2[pred_266L0_1800L0_2192L0_2193L0])==(0);
          if(__s_atomize_sc0_348L0_1821L0_2214L0_2215L0)
          {
            __s_atomize_sc0_348L0_1821L0_2214L0_2215L0 = (__s_Node_marked_6_4L2_4L2[cur_266L1_1800L1_2192L2_2193L2])==(0);
          }
          bit __s_atomize_sc1_349L1_1822L1_2215L2_2216L2=__s_atomize_sc0_348L0_1821L0_2214L0_2215L0;
          if(__s_atomize_sc0_348L0_1821L0_2214L0_2215L0)
          {
            __s_atomize_sc1_349L1_1822L1_2215L2_2216L2 = (__s_Node_next_7_4L3_4L3[pred_266L0_1800L0_2192L0_2193L0])==(cur_266L1_1800L1_2192L2_2193L2);
          }
          if(__s_atomize_sc1_349L1_1822L1_2215L2_2216L2)
          {
            done_198L2_1718L2_2104L2_2105L2 = 1;
            if((__s_Node_key_5_4L1_4L1[cur_266L1_1800L1_2192L2_2193L2])!=(k_48L0_912L0_1257L0_1258L0))
            else
            {
              __s_Node_marked_6_4L2_4L2[cur_266L1_1800L1_2192L2_2193L2] = 1;
              __s_Node_next_7_4L3_4L3[pred_266L0_1800L0_2192L0_2193L0] = __s_Node_next_7_4L3_4L3[cur_266L1_1800L1_2192L2_2193L2];
            }
          }
          int _ret_3_291L5_1832L5_2225L8_2226L8=((((int)cur_266L1_1800L1_2192L2_2193L2))*(1))+(0);
          atomic
          {
            _lock_3L0_3L0[_ret_3_291L5_1832L5_2225L8_2226L8] = 0;
          }
          int _ret_4_292L6_1833L6_2227L9_2228L9=((((int)pred_266L0_1800L0_2192L0_2193L0))*(1))+(0);
          atomic
          {
            _lock_3L0_3L0[_ret_4_292L6_1833L6_2227L9_2228L9] = 0;
          }
        }
      }
    }
    else
    {
      bit done_99L2_1843L2_2237L2_2238L2=0;
      for(int i_101L0_1845L0_2239L0_2240L0=0;(i_101L0_1845L0_2239L0_2240L0)<(6);i_101L0_1845L0_2239L0_2240L0 = (i_101L0_1845L0_2239L0_2240L0)+(1))
      {
        if(!(done_99L2_1843L2_2237L2_2238L2))
        {
          int pred_167L0_1941L0_2339L0_2340L0=__s_Set_head_9_67L6_67L6[0];
          int cur_167L1_1941L1_2339L2_2340L2=0;
          int __s_pac128_2339L4_2340L4=__s_Set_head_9_67L6_67L6[0];
          cur_167L1_1941L1_2339L2_2340L2 = __s_Node_next_7_4L3_4L3[__s_pac128_2339L4_2340L4];
          for(int j_169L0_1943L0_2341L0_2342L0=0;(j_169L0_1943L0_2341L0_2342L0)<(6);j_169L0_1943L0_2341L0_2342L0 = (j_169L0_1943L0_2341L0_2342L0)+(1))
          {
            if((__s_Node_key_5_4L1_4L1[cur_167L1_1941L1_2339L2_2340L2])<(k_48L0_912L0_1257L0_1258L0))
            {
              pred_167L0_1941L0_2339L0_2340L0 = cur_167L1_1941L1_2339L2_2340L2;
              cur_167L1_1941L1_2339L2_2340L2 = __s_Node_next_7_4L3_4L3[cur_167L1_1941L1_2339L2_2340L2];
            }
          }
          int _ret_0_181L2_1955L2_2353L5_2354L5=((((int)pred_167L0_1941L0_2339L0_2340L0))*(1))+(0);
          atomic((_lock_3L0_3L0[_ret_0_181L2_1955L2_2353L5_2354L5])==(0))
          {
            _lock_3L0_3L0[_ret_0_181L2_1955L2_2353L5_2354L5] = -1;
          }
          int _ret_1_182L3_1956L3_2355L6_2356L6=((((int)cur_167L1_1941L1_2339L2_2340L2))*(1))+(0);
          atomic((_lock_3L0_3L0[_ret_1_182L3_1956L3_2355L6_2356L6])==(0))
          {
            _lock_3L0_3L0[_ret_1_182L3_1956L3_2355L6_2356L6] = -1;
          }
          bit __s_atomize_sc0_348L0_1962L0_2361L0_2362L0=(__s_Node_marked_6_4L2_4L2[pred_167L0_1941L0_2339L0_2340L0])==(0);
          if(__s_atomize_sc0_348L0_1962L0_2361L0_2362L0)
          {
            __s_atomize_sc0_348L0_1962L0_2361L0_2362L0 = (__s_Node_marked_6_4L2_4L2[cur_167L1_1941L1_2339L2_2340L2])==(0);
          }
          bit __s_atomize_sc1_349L1_1963L1_2362L2_2363L2=__s_atomize_sc0_348L0_1962L0_2361L0_2362L0;
          if(__s_atomize_sc0_348L0_1962L0_2361L0_2362L0)
          {
            __s_atomize_sc1_349L1_1963L1_2362L2_2363L2 = (__s_Node_next_7_4L3_4L3[pred_167L0_1941L0_2339L0_2340L0])==(cur_167L1_1941L1_2339L2_2340L2);
          }
          if(__s_atomize_sc1_349L1_1963L1_2362L2_2363L2)
          {
            done_99L2_1843L2_2237L2_2238L2 = 1;
            if((__s_Node_key_5_4L1_4L1[cur_167L1_1941L1_2339L2_2340L2])==(k_48L0_912L0_1257L0_1258L0))
            else
            {
              int __s_tmp_new_Node_3_1975L2_2373L2_2374L2=0;
              atomic
              {
                __s_tmp_new_Node_3_1975L2_2373L2_2374L2 = __s_Node_nextInstance_4_4L0_4L0;
                __s_Node_nextInstance_4_4L0_4L0 = (__s_Node_nextInstance_4_4L0_4L0)+(1);
              }
              __s_Node_key_5_4L1_4L1[__s_tmp_new_Node_3_1975L2_2373L2_2374L2] = k_48L0_912L0_1257L0_1258L0;
              __s_Node_marked_6_4L2_4L2[__s_tmp_new_Node_3_1975L2_2373L2_2374L2] = 0;
              __s_Node_next_7_4L3_4L3[__s_tmp_new_Node_3_1975L2_2373L2_2374L2] = cur_167L1_1941L1_2339L2_2340L2;
              __s_Node_next_7_4L3_4L3[pred_167L0_1941L0_2339L0_2340L0] = __s_tmp_new_Node_3_1975L2_2373L2_2374L2;
            }
          }
          int _ret_4_192L5_1981L5_2379L8_2380L8=((((int)cur_167L1_1941L1_2339L2_2340L2))*(1))+(0);
          atomic
          {
            _lock_3L0_3L0[_ret_4_192L5_1981L5_2379L8_2380L8] = 0;
          }
          int _ret_5_193L6_1982L6_2381L9_2382L9=((((int)pred_167L0_1941L0_2339L0_2340L0))*(1))+(0);
          atomic
          {
            _lock_3L0_3L0[_ret_5_193L6_1982L6_2381L9_2382L9] = 0;
          }
        }
      }
      bit done_198L2_1990L2_2389L2_2390L2=0;
      for(int i_200L0_1992L0_2391L0_2392L0=0;(i_200L0_1992L0_2391L0_2392L0)<(6);i_200L0_1992L0_2391L0_2392L0 = (i_200L0_1992L0_2391L0_2392L0)+(1))
      {
        if(!(done_198L2_1990L2_2389L2_2390L2))
        {
          int pred_266L0_2072L0_2477L0_2478L0=__s_Set_head_9_67L6_67L6[0];
          int cur_266L1_2072L1_2477L2_2478L2=0;
          int __s_pac141_2477L4_2478L4=__s_Set_head_9_67L6_67L6[0];
          cur_266L1_2072L1_2477L2_2478L2 = __s_Node_next_7_4L3_4L3[__s_pac141_2477L4_2478L4];
          for(int j_268L0_2074L0_2479L0_2480L0=0;(j_268L0_2074L0_2479L0_2480L0)<(6);j_268L0_2074L0_2479L0_2480L0 = (j_268L0_2074L0_2479L0_2480L0)+(1))
          {
            if((__s_Node_key_5_4L1_4L1[cur_266L1_2072L1_2477L2_2478L2])<(k_48L0_912L0_1257L0_1258L0))
            {
              pred_266L0_2072L0_2477L0_2478L0 = cur_266L1_2072L1_2477L2_2478L2;
              cur_266L1_2072L1_2477L2_2478L2 = __s_Node_next_7_4L3_4L3[cur_266L1_2072L1_2477L2_2478L2];
            }
          }
          int _ret_0_280L2_2086L2_2491L5_2492L5=((((int)pred_266L0_2072L0_2477L0_2478L0))*(1))+(0);
          atomic((_lock_3L0_3L0[_ret_0_280L2_2086L2_2491L5_2492L5])==(0))
          {
            _lock_3L0_3L0[_ret_0_280L2_2086L2_2491L5_2492L5] = -1;
          }
          int _ret_1_281L3_2087L3_2493L6_2494L6=((((int)cur_266L1_2072L1_2477L2_2478L2))*(1))+(0);
          atomic((_lock_3L0_3L0[_ret_1_281L3_2087L3_2493L6_2494L6])==(0))
          {
            _lock_3L0_3L0[_ret_1_281L3_2087L3_2493L6_2494L6] = -1;
          }
          bit __s_atomize_sc0_348L0_2093L0_2499L0_2500L0=(__s_Node_marked_6_4L2_4L2[pred_266L0_2072L0_2477L0_2478L0])==(0);
          if(__s_atomize_sc0_348L0_2093L0_2499L0_2500L0)
          {
            __s_atomize_sc0_348L0_2093L0_2499L0_2500L0 = (__s_Node_marked_6_4L2_4L2[cur_266L1_2072L1_2477L2_2478L2])==(0);
          }
          bit __s_atomize_sc1_349L1_2094L1_2500L2_2501L2=__s_atomize_sc0_348L0_2093L0_2499L0_2500L0;
          if(__s_atomize_sc0_348L0_2093L0_2499L0_2500L0)
          {
            __s_atomize_sc1_349L1_2094L1_2500L2_2501L2 = (__s_Node_next_7_4L3_4L3[pred_266L0_2072L0_2477L0_2478L0])==(cur_266L1_2072L1_2477L2_2478L2);
          }
          if(__s_atomize_sc1_349L1_2094L1_2500L2_2501L2)
          {
            done_198L2_1990L2_2389L2_2390L2 = 1;
            if((__s_Node_key_5_4L1_4L1[cur_266L1_2072L1_2477L2_2478L2])!=(k_48L0_912L0_1257L0_1258L0))
            else
            {
              __s_Node_marked_6_4L2_4L2[cur_266L1_2072L1_2477L2_2478L2] = 1;
              __s_Node_next_7_4L3_4L3[pred_266L0_2072L0_2477L0_2478L0] = __s_Node_next_7_4L3_4L3[cur_266L1_2072L1_2477L2_2478L2];
            }
          }
          int _ret_3_291L5_2104L5_2510L8_2511L8=((((int)cur_266L1_2072L1_2477L2_2478L2))*(1))+(0);
          atomic
          {
            _lock_3L0_3L0[_ret_3_291L5_2104L5_2510L8_2511L8] = 0;
          }
          int _ret_4_292L6_2105L6_2512L9_2513L9=((((int)pred_266L0_2072L0_2477L0_2478L0))*(1))+(0);
          atomic
          {
            _lock_3L0_3L0[_ret_4_292L6_2105L6_2512L9_2513L9] = 0;
          }
        }
      }
    }
  }
  _out_1L0_1L0_1L0_1L0 = 1;
}
void T([!bit _out_87L1_2117L1_2524L1_2525L1])
{
  int[10] __s_Node_key_12_2526L1_2527L1={0,0,0,0,0,0,0,0,0,0}; bit[10] __s_Node_marked_13_2526L2_2527L2={0,0,0,0,0,0,0,0,0,0}; int[10] __s_Node_next_14_2526L3_2527L3={0,0,0,0,0,0,0,0,0,0};
  __s_Node_key_12_2526L1_2527L1[0] = 0;
  __s_Node_key_12_2526L1_2527L1[1] = 0;
  __s_Node_key_12_2526L1_2527L1[2] = 0;
  __s_Node_key_12_2526L1_2527L1[3] = 0;
  __s_Node_key_12_2526L1_2527L1[4] = 0;
  __s_Node_key_12_2526L1_2527L1[5] = 0;
  __s_Node_key_12_2526L1_2527L1[6] = 0;
  __s_Node_key_12_2526L1_2527L1[7] = 0;
  __s_Node_key_12_2526L1_2527L1[8] = 0;
  __s_Node_key_12_2526L1_2527L1[9] = 0;
  __s_Node_marked_13_2526L2_2527L2[0] = 0;
  __s_Node_marked_13_2526L2_2527L2[1] = 0;
  __s_Node_marked_13_2526L2_2527L2[2] = 0;
  __s_Node_marked_13_2526L2_2527L2[3] = 0;
  __s_Node_marked_13_2526L2_2527L2[4] = 0;
  __s_Node_marked_13_2526L2_2527L2[5] = 0;
  __s_Node_marked_13_2526L2_2527L2[6] = 0;
  __s_Node_marked_13_2526L2_2527L2[7] = 0;
  __s_Node_marked_13_2526L2_2527L2[8] = 0;
  __s_Node_marked_13_2526L2_2527L2[9] = 0;
  int __s_tmp_cond_elim_50_2570L0_2571L0=null;
  __s_Node_next_14_2526L3_2527L3[0] = __s_tmp_cond_elim_50_2570L0_2571L0;
  int __s_tmp_cond_elim_50_2572L0_2573L0=null;
  __s_Node_next_14_2526L3_2527L3[1] = __s_tmp_cond_elim_50_2572L0_2573L0;
  int __s_tmp_cond_elim_50_2574L0_2575L0=null;
  __s_Node_next_14_2526L3_2527L3[2] = __s_tmp_cond_elim_50_2574L0_2575L0;
  int __s_tmp_cond_elim_50_2576L0_2577L0=null;
  __s_Node_next_14_2526L3_2527L3[3] = __s_tmp_cond_elim_50_2576L0_2577L0;
  int __s_tmp_cond_elim_50_2578L0_2579L0=null;
  __s_Node_next_14_2526L3_2527L3[4] = __s_tmp_cond_elim_50_2578L0_2579L0;
  int __s_tmp_cond_elim_50_2580L0_2581L0=null;
  __s_Node_next_14_2526L3_2527L3[5] = __s_tmp_cond_elim_50_2580L0_2581L0;
  int __s_tmp_cond_elim_50_2582L0_2583L0=null;
  __s_Node_next_14_2526L3_2527L3[6] = __s_tmp_cond_elim_50_2582L0_2583L0;
  int __s_tmp_cond_elim_50_2584L0_2585L0=null;
  __s_Node_next_14_2526L3_2527L3[7] = __s_tmp_cond_elim_50_2584L0_2585L0;
  int __s_tmp_cond_elim_50_2586L0_2587L0=null;
  __s_Node_next_14_2526L3_2527L3[8] = __s_tmp_cond_elim_50_2586L0_2587L0;
  int __s_tmp_cond_elim_50_2588L0_2589L0=null;
  __s_Node_next_14_2526L3_2527L3[9] = __s_tmp_cond_elim_50_2588L0_2589L0;
  int[10] __s_Set_tail_17_2589L5_2590L5={0,0,0,0,0,0,0,0,0,0}; int[10] __s_Set_head_16_2589L6_2590L6={0,0,0,0,0,0,0,0,0,0};
  int __s_tmp_cond_elim_51_2591L0_2592L0=null;
  __s_Set_tail_17_2589L5_2590L5[0] = __s_tmp_cond_elim_51_2591L0_2592L0;
  int __s_tmp_cond_elim_51_2593L0_2594L0=null;
  __s_Set_tail_17_2589L5_2590L5[1] = __s_tmp_cond_elim_51_2593L0_2594L0;
  int __s_tmp_cond_elim_51_2595L0_2596L0=null;
  __s_Set_tail_17_2589L5_2590L5[2] = __s_tmp_cond_elim_51_2595L0_2596L0;
  int __s_tmp_cond_elim_51_2597L0_2598L0=null;
  __s_Set_tail_17_2589L5_2590L5[3] = __s_tmp_cond_elim_51_2597L0_2598L0;
  int __s_tmp_cond_elim_51_2599L0_2600L0=null;
  __s_Set_tail_17_2589L5_2590L5[4] = __s_tmp_cond_elim_51_2599L0_2600L0;
  int __s_tmp_cond_elim_51_2601L0_2602L0=null;
  __s_Set_tail_17_2589L5_2590L5[5] = __s_tmp_cond_elim_51_2601L0_2602L0;
  int __s_tmp_cond_elim_51_2603L0_2604L0=null;
  __s_Set_tail_17_2589L5_2590L5[6] = __s_tmp_cond_elim_51_2603L0_2604L0;
  int __s_tmp_cond_elim_51_2605L0_2606L0=null;
  __s_Set_tail_17_2589L5_2590L5[7] = __s_tmp_cond_elim_51_2605L0_2606L0;
  int __s_tmp_cond_elim_51_2607L0_2608L0=null;
  __s_Set_tail_17_2589L5_2590L5[8] = __s_tmp_cond_elim_51_2607L0_2608L0;
  int __s_tmp_cond_elim_51_2609L0_2610L0=null;
  __s_Set_tail_17_2589L5_2590L5[9] = __s_tmp_cond_elim_51_2609L0_2610L0;
  int __s_tmp_cond_elim_52_2612L0_2613L0=null;
  __s_Set_head_16_2589L6_2590L6[0] = __s_tmp_cond_elim_52_2612L0_2613L0;
  int __s_tmp_cond_elim_52_2614L0_2615L0=null;
  __s_Set_head_16_2589L6_2590L6[1] = __s_tmp_cond_elim_52_2614L0_2615L0;
  int __s_tmp_cond_elim_52_2616L0_2617L0=null;
  __s_Set_head_16_2589L6_2590L6[2] = __s_tmp_cond_elim_52_2616L0_2617L0;
  int __s_tmp_cond_elim_52_2618L0_2619L0=null;
  __s_Set_head_16_2589L6_2590L6[3] = __s_tmp_cond_elim_52_2618L0_2619L0;
  int __s_tmp_cond_elim_52_2620L0_2621L0=null;
  __s_Set_head_16_2589L6_2590L6[4] = __s_tmp_cond_elim_52_2620L0_2621L0;
  int __s_tmp_cond_elim_52_2622L0_2623L0=null;
  __s_Set_head_16_2589L6_2590L6[5] = __s_tmp_cond_elim_52_2622L0_2623L0;
  int __s_tmp_cond_elim_52_2624L0_2625L0=null;
  __s_Set_head_16_2589L6_2590L6[6] = __s_tmp_cond_elim_52_2624L0_2625L0;
  int __s_tmp_cond_elim_52_2626L0_2627L0=null;
  __s_Set_head_16_2589L6_2590L6[7] = __s_tmp_cond_elim_52_2626L0_2627L0;
  int __s_tmp_cond_elim_52_2628L0_2629L0=null;
  __s_Set_head_16_2589L6_2590L6[8] = __s_tmp_cond_elim_52_2628L0_2629L0;
  int __s_tmp_cond_elim_52_2630L0_2631L0=null;
  __s_Set_head_16_2589L6_2590L6[9] = __s_tmp_cond_elim_52_2630L0_2631L0;
  _out_87L1_2117L1_2524L1_2525L1 = 1;
}
void lock([int mem])
void unlock([int mem])

===== Compilation statistics =====
  Solved? -----------------------------> true
  Number of iterations ----------------> 0
  Maximum memory usage (MiB) ----------> 60.7505
  Total elapsed time (s) --------------> 7.213
    % frontend ............ 45.01594
    % verification ........ 54.98406
    % synthesis ........... 0.0
  Total solution time (s) -------------> 0.649
    % verification ........ 100.0
    % synthesis ........... 0.0

  Synthesizer statistics:  
    [solver stats]
    Number of calls -------------------> 0
    Total elapsed time (s) ------------> 0.0
    Total model building time (s) -----> 0.0
    Total solution time (s) -----------> 0.0
    Maximum memory usage (MiB) --------> 0.0
    Average elapsed time (s) ----------> 0.0
    Average model building time (s) ---> 0.0
    Average solution time (s) ---------> 0.0
    Average memory usage (MiB) --------> 0.0

  Verifier statistics:     
    [solver stats]
    Number of calls -------------------> 1
    Total elapsed time (s) ------------> 3.966
    Total model building time (s) -----> 3.317
    Total solution time (s) -----------> 0.649
    Maximum memory usage (MiB) --------> 6.6879997
    Average elapsed time (s) ----------> 3.966
    Average model building time (s) ---> 3.317
    Average solution time (s) ---------> 0.649
    Average memory usage (MiB) --------> 6.6879997

  Frontend statistics:     
    Total elapsed time (s) ------------> 3.247
    Max memory usage (MiB) ------------> 54.0625

[PSKETCH] DONE!
