Iteration 0
[SPINVERIF][2] Stats for last run:
      [solution stats]
      successful? ---------------------> false
      elapsed time (s) ----------------> 11.691
      model building time (s) ---------> 11.672
      solution time (s) ---------------> 0.019
      max memory usage (MiB) ----------> 5.125
      [SPIN-specific stats]
      codegen time (s) ----------------> 2.223
      codegen memory (MiB) ------------> 0.0
      compiler time (s) ---------------> 9.449
      compiler memory (MiB) -----------> 0.0
      total SPIN time (s) -------------> 0.019
      total SPIN mem (MiB) ------------> 5.125
      actual state mem (MiB) ----------> 0.0
      equiv state mem (MiB) -----------> 0.0
      state compression (%) -----------> 0.0
      # states explored ---------------> 477
      state exploration rate (states/s)> 0

[SATBackend] Stats for last run:
      [solution stats]
      successful? ---------------------> true
      elapsed time (s) ----------------> 1.522
      model building time (s) ---------> 1.36
      solution time (s) ---------------> 0.156
      max memory usage (MiB) ----------> 17.539062
      [SAT-specific solution stats]
      initial number of nodes ---------> 12723
      number of nodes after opts ------> 2014
      number of controls --------------> 33
      total number of control bits ----> 75

Iteration 1
[SPINVERIF][2] Stats for last run:
      [solution stats]
      successful? ---------------------> false
      elapsed time (s) ----------------> 11.951
      model building time (s) ---------> 11.922
      solution time (s) ---------------> 0.029
      max memory usage (MiB) ----------> 6.6879997
      [SPIN-specific stats]
      codegen time (s) ----------------> 2.41
      codegen memory (MiB) ------------> 0.0
      compiler time (s) ---------------> 9.512
      compiler memory (MiB) -----------> 0.0
      total SPIN time (s) -------------> 0.029
      total SPIN mem (MiB) ------------> 6.6879997
      actual state mem (MiB) ----------> 0.0
      equiv state mem (MiB) -----------> 0.0
      state compression (%) -----------> 0.0
      # states explored ---------------> 1324
      state exploration rate (states/s)> 0

[SATBackend] Stats for last run:
      [solution stats]
      successful? ---------------------> true
      elapsed time (s) ----------------> 2.875
      model building time (s) ---------> 1.407
      solution time (s) ---------------> 1.462
      max memory usage (MiB) ----------> 33.507812
      [SAT-specific solution stats]
      initial number of nodes ---------> 60038
      number of nodes after opts ------> 8714
      number of controls --------------> 33
      total number of control bits ----> 75

Iteration 2
[SPINVERIF][2] Stats for last run:
      [solution stats]
      successful? ---------------------> true
      elapsed time (s) ----------------> 12.257
      model building time (s) ---------> 11.568
      solution time (s) ---------------> 0.689
      max memory usage (MiB) ----------> 6.6879997
      [SPIN-specific stats]
      codegen time (s) ----------------> 2.101
      codegen memory (MiB) ------------> 0.0
      compiler time (s) ---------------> 9.467
      compiler memory (MiB) -----------> 0.0
      total SPIN time (s) -------------> 0.689
      total SPIN mem (MiB) ------------> 6.6879997
      actual state mem (MiB) ----------> 4.385
      equiv state mem (MiB) -----------> 54.124
      state compression (%) -----------> 8.101767
      # states explored ---------------> 16498
      state exploration rate (states/s)> 0

void main([!bit _out_1L0_1L0_1L0_1L0]) implements T
{
  int __s_Node_nextInstance_16_3L0_3L0=0; int[10] __s_Node_obj_17_3L1_3L1={0,0,0,0,0,0,0,0,0,0}; int[10] __s_Node_next_18_3L2_3L2={0,0,0,0,0,0,0,0,0,0}; bit[10] __s_Node_taken_19_3L3_3L3={0,0,0,0,0,0,0,0,0,0};
  int __s_tmp_cond_elim_54_5L0_5L0=0;
  int __s_pac68_6L0_6L0=0;
  __s_tmp_cond_elim_54_5L0_5L0 = null;
  int __s_pac69_6L1_6L1=0;
  __s_Node_obj_17_3L1_3L1[0] = __s_tmp_cond_elim_54_5L0_5L0;
  int __s_tmp_cond_elim_54_7L0_7L0=0;
  int __s_pac68_8L0_8L0=1;
  __s_tmp_cond_elim_54_7L0_7L0 = null;
  int __s_pac69_8L1_8L1=1;
  __s_Node_obj_17_3L1_3L1[1] = __s_tmp_cond_elim_54_7L0_7L0;
  int __s_tmp_cond_elim_54_9L0_9L0=0;
  int __s_pac68_10L0_10L0=2;
  __s_tmp_cond_elim_54_9L0_9L0 = null;
  int __s_pac69_10L1_10L1=2;
  __s_Node_obj_17_3L1_3L1[2] = __s_tmp_cond_elim_54_9L0_9L0;
  int __s_tmp_cond_elim_54_11L0_11L0=0;
  int __s_pac68_12L0_12L0=3;
  __s_tmp_cond_elim_54_11L0_11L0 = null;
  int __s_pac69_12L1_12L1=3;
  __s_Node_obj_17_3L1_3L1[3] = __s_tmp_cond_elim_54_11L0_11L0;
  int __s_tmp_cond_elim_54_13L0_13L0=0;
  int __s_pac68_14L0_14L0=4;
  __s_tmp_cond_elim_54_13L0_13L0 = null;
  int __s_pac69_14L1_14L1=4;
  __s_Node_obj_17_3L1_3L1[4] = __s_tmp_cond_elim_54_13L0_13L0;
  int __s_tmp_cond_elim_54_15L0_15L0=0;
  int __s_pac68_16L0_16L0=5;
  __s_tmp_cond_elim_54_15L0_15L0 = null;
  int __s_pac69_16L1_16L1=5;
  __s_Node_obj_17_3L1_3L1[5] = __s_tmp_cond_elim_54_15L0_15L0;
  int __s_tmp_cond_elim_54_17L0_17L0=0;
  int __s_pac68_18L0_18L0=6;
  __s_tmp_cond_elim_54_17L0_17L0 = null;
  int __s_pac69_18L1_18L1=6;
  __s_Node_obj_17_3L1_3L1[6] = __s_tmp_cond_elim_54_17L0_17L0;
  int __s_tmp_cond_elim_54_19L0_19L0=0;
  int __s_pac68_20L0_20L0=7;
  __s_tmp_cond_elim_54_19L0_19L0 = null;
  int __s_pac69_20L1_20L1=7;
  __s_Node_obj_17_3L1_3L1[7] = __s_tmp_cond_elim_54_19L0_19L0;
  int __s_tmp_cond_elim_54_21L0_21L0=0;
  int __s_pac68_22L0_22L0=8;
  __s_tmp_cond_elim_54_21L0_21L0 = null;
  int __s_pac69_22L1_22L1=8;
  __s_Node_obj_17_3L1_3L1[8] = __s_tmp_cond_elim_54_21L0_21L0;
  int __s_tmp_cond_elim_54_23L0_23L0=0;
  int __s_pac68_24L0_24L0=9;
  __s_tmp_cond_elim_54_23L0_23L0 = null;
  int __s_pac69_24L1_24L1=9;
  __s_Node_obj_17_3L1_3L1[9] = __s_tmp_cond_elim_54_23L0_23L0;
  int __s_tmp_cond_elim_55_26L0_26L0=0;
  int __s_pac70_27L0_27L0=0;
  __s_tmp_cond_elim_55_26L0_26L0 = null;
  int __s_pac71_27L1_27L1=0;
  __s_Node_next_18_3L2_3L2[0] = __s_tmp_cond_elim_55_26L0_26L0;
  int __s_tmp_cond_elim_55_28L0_28L0=0;
  int __s_pac70_29L0_29L0=1;
  __s_tmp_cond_elim_55_28L0_28L0 = null;
  int __s_pac71_29L1_29L1=1;
  __s_Node_next_18_3L2_3L2[1] = __s_tmp_cond_elim_55_28L0_28L0;
  int __s_tmp_cond_elim_55_30L0_30L0=0;
  int __s_pac70_31L0_31L0=2;
  __s_tmp_cond_elim_55_30L0_30L0 = null;
  int __s_pac71_31L1_31L1=2;
  __s_Node_next_18_3L2_3L2[2] = __s_tmp_cond_elim_55_30L0_30L0;
  int __s_tmp_cond_elim_55_32L0_32L0=0;
  int __s_pac70_33L0_33L0=3;
  __s_tmp_cond_elim_55_32L0_32L0 = null;
  int __s_pac71_33L1_33L1=3;
  __s_Node_next_18_3L2_3L2[3] = __s_tmp_cond_elim_55_32L0_32L0;
  int __s_tmp_cond_elim_55_34L0_34L0=0;
  int __s_pac70_35L0_35L0=4;
  __s_tmp_cond_elim_55_34L0_34L0 = null;
  int __s_pac71_35L1_35L1=4;
  __s_Node_next_18_3L2_3L2[4] = __s_tmp_cond_elim_55_34L0_34L0;
  int __s_tmp_cond_elim_55_36L0_36L0=0;
  int __s_pac70_37L0_37L0=5;
  __s_tmp_cond_elim_55_36L0_36L0 = null;
  int __s_pac71_37L1_37L1=5;
  __s_Node_next_18_3L2_3L2[5] = __s_tmp_cond_elim_55_36L0_36L0;
  int __s_tmp_cond_elim_55_38L0_38L0=0;
  int __s_pac70_39L0_39L0=6;
  __s_tmp_cond_elim_55_38L0_38L0 = null;
  int __s_pac71_39L1_39L1=6;
  __s_Node_next_18_3L2_3L2[6] = __s_tmp_cond_elim_55_38L0_38L0;
  int __s_tmp_cond_elim_55_40L0_40L0=0;
  int __s_pac70_41L0_41L0=7;
  __s_tmp_cond_elim_55_40L0_40L0 = null;
  int __s_pac71_41L1_41L1=7;
  __s_Node_next_18_3L2_3L2[7] = __s_tmp_cond_elim_55_40L0_40L0;
  int __s_tmp_cond_elim_55_42L0_42L0=0;
  int __s_pac70_43L0_43L0=8;
  __s_tmp_cond_elim_55_42L0_42L0 = null;
  int __s_pac71_43L1_43L1=8;
  __s_Node_next_18_3L2_3L2[8] = __s_tmp_cond_elim_55_42L0_42L0;
  int __s_tmp_cond_elim_55_44L0_44L0=0;
  int __s_pac70_45L0_45L0=9;
  __s_tmp_cond_elim_55_44L0_44L0 = null;
  int __s_pac71_45L1_45L1=9;
  __s_Node_next_18_3L2_3L2[9] = __s_tmp_cond_elim_55_44L0_44L0;
  bit __s_tmp_cond_elim_56_47L0_47L0=0;
  int __s_pac72_48L0_48L0=0;
  __s_tmp_cond_elim_56_47L0_47L0 = 0;
  int __s_pac73_48L1_48L1=0;
  __s_Node_taken_19_3L3_3L3[0] = 0;
  bit __s_tmp_cond_elim_56_49L0_49L0=0;
  int __s_pac72_50L0_50L0=1;
  __s_tmp_cond_elim_56_49L0_49L0 = 0;
  int __s_pac73_50L1_50L1=1;
  __s_Node_taken_19_3L3_3L3[1] = 0;
  bit __s_tmp_cond_elim_56_51L0_51L0=0;
  int __s_pac72_52L0_52L0=2;
  __s_tmp_cond_elim_56_51L0_51L0 = 0;
  int __s_pac73_52L1_52L1=2;
  __s_Node_taken_19_3L3_3L3[2] = 0;
  bit __s_tmp_cond_elim_56_53L0_53L0=0;
  int __s_pac72_54L0_54L0=3;
  __s_tmp_cond_elim_56_53L0_53L0 = 0;
  int __s_pac73_54L1_54L1=3;
  __s_Node_taken_19_3L3_3L3[3] = 0;
  bit __s_tmp_cond_elim_56_55L0_55L0=0;
  int __s_pac72_56L0_56L0=4;
  __s_tmp_cond_elim_56_55L0_55L0 = 0;
  int __s_pac73_56L1_56L1=4;
  __s_Node_taken_19_3L3_3L3[4] = 0;
  bit __s_tmp_cond_elim_56_57L0_57L0=0;
  int __s_pac72_58L0_58L0=5;
  __s_tmp_cond_elim_56_57L0_57L0 = 0;
  int __s_pac73_58L1_58L1=5;
  __s_Node_taken_19_3L3_3L3[5] = 0;
  bit __s_tmp_cond_elim_56_59L0_59L0=0;
  int __s_pac72_60L0_60L0=6;
  __s_tmp_cond_elim_56_59L0_59L0 = 0;
  int __s_pac73_60L1_60L1=6;
  __s_Node_taken_19_3L3_3L3[6] = 0;
  bit __s_tmp_cond_elim_56_61L0_61L0=0;
  int __s_pac72_62L0_62L0=7;
  __s_tmp_cond_elim_56_61L0_61L0 = 0;
  int __s_pac73_62L1_62L1=7;
  __s_Node_taken_19_3L3_3L3[7] = 0;
  bit __s_tmp_cond_elim_56_63L0_63L0=0;
  int __s_pac72_64L0_64L0=8;
  __s_tmp_cond_elim_56_63L0_63L0 = 0;
  int __s_pac73_64L1_64L1=8;
  __s_Node_taken_19_3L3_3L3[8] = 0;
  bit __s_tmp_cond_elim_56_65L0_65L0=0;
  int __s_pac72_66L0_66L0=9;
  __s_tmp_cond_elim_56_65L0_65L0 = 0;
  int __s_pac73_66L1_66L1=9;
  __s_Node_taken_19_3L3_3L3[9] = 0;
  int __s_Item_nextInstance_20_66L4_66L4=0; int[10] __s_Item_tid_21_66L5_66L5={0,0,0,0,0,0,0,0,0,0}; int[10] __s_Item_id_22_66L6_66L6={0,0,0,0,0,0,0,0,0,0};
  bit __s_tmp_cond_elim_57_68L0_68L0=0;
  int __s_pac74_69L0_69L0=0;
  __s_tmp_cond_elim_57_68L0_68L0 = 0;
  int __s_pac75_69L1_69L1=0;
  __s_Item_tid_21_66L5_66L5[0] = 0;
  bit __s_tmp_cond_elim_57_70L0_70L0=0;
  int __s_pac74_71L0_71L0=1;
  __s_tmp_cond_elim_57_70L0_70L0 = 0;
  int __s_pac75_71L1_71L1=1;
  __s_Item_tid_21_66L5_66L5[1] = 0;
  bit __s_tmp_cond_elim_57_72L0_72L0=0;
  int __s_pac74_73L0_73L0=2;
  __s_tmp_cond_elim_57_72L0_72L0 = 0;
  int __s_pac75_73L1_73L1=2;
  __s_Item_tid_21_66L5_66L5[2] = 0;
  bit __s_tmp_cond_elim_57_74L0_74L0=0;
  int __s_pac74_75L0_75L0=3;
  __s_tmp_cond_elim_57_74L0_74L0 = 0;
  int __s_pac75_75L1_75L1=3;
  __s_Item_tid_21_66L5_66L5[3] = 0;
  bit __s_tmp_cond_elim_57_76L0_76L0=0;
  int __s_pac74_77L0_77L0=4;
  __s_tmp_cond_elim_57_76L0_76L0 = 0;
  int __s_pac75_77L1_77L1=4;
  __s_Item_tid_21_66L5_66L5[4] = 0;
  bit __s_tmp_cond_elim_57_78L0_78L0=0;
  int __s_pac74_79L0_79L0=5;
  __s_tmp_cond_elim_57_78L0_78L0 = 0;
  int __s_pac75_79L1_79L1=5;
  __s_Item_tid_21_66L5_66L5[5] = 0;
  bit __s_tmp_cond_elim_57_80L0_80L0=0;
  int __s_pac74_81L0_81L0=6;
  __s_tmp_cond_elim_57_80L0_80L0 = 0;
  int __s_pac75_81L1_81L1=6;
  __s_Item_tid_21_66L5_66L5[6] = 0;
  bit __s_tmp_cond_elim_57_82L0_82L0=0;
  int __s_pac74_83L0_83L0=7;
  __s_tmp_cond_elim_57_82L0_82L0 = 0;
  int __s_pac75_83L1_83L1=7;
  __s_Item_tid_21_66L5_66L5[7] = 0;
  bit __s_tmp_cond_elim_57_84L0_84L0=0;
  int __s_pac74_85L0_85L0=8;
  __s_tmp_cond_elim_57_84L0_84L0 = 0;
  int __s_pac75_85L1_85L1=8;
  __s_Item_tid_21_66L5_66L5[8] = 0;
  bit __s_tmp_cond_elim_57_86L0_86L0=0;
  int __s_pac74_87L0_87L0=9;
  __s_tmp_cond_elim_57_86L0_86L0 = 0;
  int __s_pac75_87L1_87L1=9;
  __s_Item_tid_21_66L5_66L5[9] = 0;
  bit __s_tmp_cond_elim_58_89L0_89L0=0;
  int __s_pac76_90L0_90L0=0;
  __s_tmp_cond_elim_58_89L0_89L0 = 0;
  int __s_pac77_90L1_90L1=0;
  __s_Item_id_22_66L6_66L6[0] = 0;
  bit __s_tmp_cond_elim_58_91L0_91L0=0;
  int __s_pac76_92L0_92L0=1;
  __s_tmp_cond_elim_58_91L0_91L0 = 0;
  int __s_pac77_92L1_92L1=1;
  __s_Item_id_22_66L6_66L6[1] = 0;
  bit __s_tmp_cond_elim_58_93L0_93L0=0;
  int __s_pac76_94L0_94L0=2;
  __s_tmp_cond_elim_58_93L0_93L0 = 0;
  int __s_pac77_94L1_94L1=2;
  __s_Item_id_22_66L6_66L6[2] = 0;
  bit __s_tmp_cond_elim_58_95L0_95L0=0;
  int __s_pac76_96L0_96L0=3;
  __s_tmp_cond_elim_58_95L0_95L0 = 0;
  int __s_pac77_96L1_96L1=3;
  __s_Item_id_22_66L6_66L6[3] = 0;
  bit __s_tmp_cond_elim_58_97L0_97L0=0;
  int __s_pac76_98L0_98L0=4;
  __s_tmp_cond_elim_58_97L0_97L0 = 0;
  int __s_pac77_98L1_98L1=4;
  __s_Item_id_22_66L6_66L6[4] = 0;
  bit __s_tmp_cond_elim_58_99L0_99L0=0;
  int __s_pac76_100L0_100L0=5;
  __s_tmp_cond_elim_58_99L0_99L0 = 0;
  int __s_pac77_100L1_100L1=5;
  __s_Item_id_22_66L6_66L6[5] = 0;
  bit __s_tmp_cond_elim_58_101L0_101L0=0;
  int __s_pac76_102L0_102L0=6;
  __s_tmp_cond_elim_58_101L0_101L0 = 0;
  int __s_pac77_102L1_102L1=6;
  __s_Item_id_22_66L6_66L6[6] = 0;
  bit __s_tmp_cond_elim_58_103L0_103L0=0;
  int __s_pac76_104L0_104L0=7;
  __s_tmp_cond_elim_58_103L0_103L0 = 0;
  int __s_pac77_104L1_104L1=7;
  __s_Item_id_22_66L6_66L6[7] = 0;
  bit __s_tmp_cond_elim_58_105L0_105L0=0;
  int __s_pac76_106L0_106L0=8;
  __s_tmp_cond_elim_58_105L0_105L0 = 0;
  int __s_pac77_106L1_106L1=8;
  __s_Item_id_22_66L6_66L6[8] = 0;
  bit __s_tmp_cond_elim_58_107L0_107L0=0;
  int __s_pac76_108L0_108L0=9;
  __s_tmp_cond_elim_58_107L0_107L0 = 0;
  int __s_pac77_108L1_108L1=9;
  __s_Item_id_22_66L6_66L6[9] = 0;
  int __s_Queue_nextInstance_23_108L7_108L7=0; int[10] __s_Queue_prevHead_25_108L8_108L8={0,0,0,0,0,0,0,0,0,0}; int[10] __s_Queue_tail_24_108L9_108L9={0,0,0,0,0,0,0,0,0,0};
  int __s_tmp_cond_elim_59_110L0_110L0=0;
  int __s_pac78_111L0_111L0=0;
  __s_tmp_cond_elim_59_110L0_110L0 = null;
  int __s_pac79_111L1_111L1=0;
  __s_Queue_prevHead_25_108L8_108L8[0] = __s_tmp_cond_elim_59_110L0_110L0;
  int __s_tmp_cond_elim_59_112L0_112L0=0;
  int __s_pac78_113L0_113L0=1;
  __s_tmp_cond_elim_59_112L0_112L0 = null;
  int __s_pac79_113L1_113L1=1;
  __s_Queue_prevHead_25_108L8_108L8[1] = __s_tmp_cond_elim_59_112L0_112L0;
  int __s_tmp_cond_elim_59_114L0_114L0=0;
  int __s_pac78_115L0_115L0=2;
  __s_tmp_cond_elim_59_114L0_114L0 = null;
  int __s_pac79_115L1_115L1=2;
  __s_Queue_prevHead_25_108L8_108L8[2] = __s_tmp_cond_elim_59_114L0_114L0;
  int __s_tmp_cond_elim_59_116L0_116L0=0;
  int __s_pac78_117L0_117L0=3;
  __s_tmp_cond_elim_59_116L0_116L0 = null;
  int __s_pac79_117L1_117L1=3;
  __s_Queue_prevHead_25_108L8_108L8[3] = __s_tmp_cond_elim_59_116L0_116L0;
  int __s_tmp_cond_elim_59_118L0_118L0=0;
  int __s_pac78_119L0_119L0=4;
  __s_tmp_cond_elim_59_118L0_118L0 = null;
  int __s_pac79_119L1_119L1=4;
  __s_Queue_prevHead_25_108L8_108L8[4] = __s_tmp_cond_elim_59_118L0_118L0;
  int __s_tmp_cond_elim_59_120L0_120L0=0;
  int __s_pac78_121L0_121L0=5;
  __s_tmp_cond_elim_59_120L0_120L0 = null;
  int __s_pac79_121L1_121L1=5;
  __s_Queue_prevHead_25_108L8_108L8[5] = __s_tmp_cond_elim_59_120L0_120L0;
  int __s_tmp_cond_elim_59_122L0_122L0=0;
  int __s_pac78_123L0_123L0=6;
  __s_tmp_cond_elim_59_122L0_122L0 = null;
  int __s_pac79_123L1_123L1=6;
  __s_Queue_prevHead_25_108L8_108L8[6] = __s_tmp_cond_elim_59_122L0_122L0;
  int __s_tmp_cond_elim_59_124L0_124L0=0;
  int __s_pac78_125L0_125L0=7;
  __s_tmp_cond_elim_59_124L0_124L0 = null;
  int __s_pac79_125L1_125L1=7;
  __s_Queue_prevHead_25_108L8_108L8[7] = __s_tmp_cond_elim_59_124L0_124L0;
  int __s_tmp_cond_elim_59_126L0_126L0=0;
  int __s_pac78_127L0_127L0=8;
  __s_tmp_cond_elim_59_126L0_126L0 = null;
  int __s_pac79_127L1_127L1=8;
  __s_Queue_prevHead_25_108L8_108L8[8] = __s_tmp_cond_elim_59_126L0_126L0;
  int __s_tmp_cond_elim_59_128L0_128L0=0;
  int __s_pac78_129L0_129L0=9;
  __s_tmp_cond_elim_59_128L0_128L0 = null;
  int __s_pac79_129L1_129L1=9;
  __s_Queue_prevHead_25_108L8_108L8[9] = __s_tmp_cond_elim_59_128L0_128L0;
  int __s_tmp_cond_elim_60_131L0_131L0=0;
  int __s_pac80_132L0_132L0=0;
  __s_tmp_cond_elim_60_131L0_131L0 = null;
  int __s_pac81_132L1_132L1=0;
  __s_Queue_tail_24_108L9_108L9[0] = __s_tmp_cond_elim_60_131L0_131L0;
  int __s_tmp_cond_elim_60_133L0_133L0=0;
  int __s_pac80_134L0_134L0=1;
  __s_tmp_cond_elim_60_133L0_133L0 = null;
  int __s_pac81_134L1_134L1=1;
  __s_Queue_tail_24_108L9_108L9[1] = __s_tmp_cond_elim_60_133L0_133L0;
  int __s_tmp_cond_elim_60_135L0_135L0=0;
  int __s_pac80_136L0_136L0=2;
  __s_tmp_cond_elim_60_135L0_135L0 = null;
  int __s_pac81_136L1_136L1=2;
  __s_Queue_tail_24_108L9_108L9[2] = __s_tmp_cond_elim_60_135L0_135L0;
  int __s_tmp_cond_elim_60_137L0_137L0=0;
  int __s_pac80_138L0_138L0=3;
  __s_tmp_cond_elim_60_137L0_137L0 = null;
  int __s_pac81_138L1_138L1=3;
  __s_Queue_tail_24_108L9_108L9[3] = __s_tmp_cond_elim_60_137L0_137L0;
  int __s_tmp_cond_elim_60_139L0_139L0=0;
  int __s_pac80_140L0_140L0=4;
  __s_tmp_cond_elim_60_139L0_139L0 = null;
  int __s_pac81_140L1_140L1=4;
  __s_Queue_tail_24_108L9_108L9[4] = __s_tmp_cond_elim_60_139L0_139L0;
  int __s_tmp_cond_elim_60_141L0_141L0=0;
  int __s_pac80_142L0_142L0=5;
  __s_tmp_cond_elim_60_141L0_141L0 = null;
  int __s_pac81_142L1_142L1=5;
  __s_Queue_tail_24_108L9_108L9[5] = __s_tmp_cond_elim_60_141L0_141L0;
  int __s_tmp_cond_elim_60_143L0_143L0=0;
  int __s_pac80_144L0_144L0=6;
  __s_tmp_cond_elim_60_143L0_143L0 = null;
  int __s_pac81_144L1_144L1=6;
  __s_Queue_tail_24_108L9_108L9[6] = __s_tmp_cond_elim_60_143L0_143L0;
  int __s_tmp_cond_elim_60_145L0_145L0=0;
  int __s_pac80_146L0_146L0=7;
  __s_tmp_cond_elim_60_145L0_145L0 = null;
  int __s_pac81_146L1_146L1=7;
  __s_Queue_tail_24_108L9_108L9[7] = __s_tmp_cond_elim_60_145L0_145L0;
  int __s_tmp_cond_elim_60_147L0_147L0=0;
  int __s_pac80_148L0_148L0=8;
  __s_tmp_cond_elim_60_147L0_147L0 = null;
  int __s_pac81_148L1_148L1=8;
  __s_Queue_tail_24_108L9_108L9[8] = __s_tmp_cond_elim_60_147L0_147L0;
  int __s_tmp_cond_elim_60_149L0_149L0=0;
  int __s_pac80_150L0_150L0=9;
  __s_tmp_cond_elim_60_149L0_149L0 = null;
  int __s_pac81_150L1_150L1=9;
  __s_Queue_tail_24_108L9_108L9[9] = __s_tmp_cond_elim_60_149L0_149L0;
  _out_1L0_1L0_1L0_1L0 = 0;
  bit _has_out__3L0_3L0_151L0_151L0=0;
  int q_4L1_4L1_152L1_152L1=0;
  int _ret_0_4L2_4L2_152L2_152L2=0;
  int _out_106L1_7L0_154L0_154L0=0;
  bit _has_out__108L0_8L0_155L0_155L0=0;
  int q_108L1_8L1_155L1_155L1=0;
  int __s_tmp_new_Queue_13_8L2_155L2_155L2=0;
  atomic
  {
    __s_tmp_new_Queue_13_8L2_155L2_155L2 = 0;
    __s_Queue_nextInstance_23_108L7_108L7 = 1;
  }
  q_108L1_8L1_155L1_155L1 = 0;
  int _ret_0_108L2_9L3_156L3_156L3=null;
  int _ret_1_108L3_9L4_156L4_156L4=null;
  int _ret_2_108L4_9L5_156L5_156L5=0;
  int obj_1074L7_12L0_158L0_158L0=_ret_0_108L2_9L3_156L3_156L3;
  int next_1074L7_12L1_158L1_158L1=_ret_1_108L3_9L4_156L4_156L4;
  bit taken_1074L8_12L2_158L2_158L2=1;
  int _out_1074L9_12L3_158L3_158L3=0;
  bit _has_out__1076L0_13L0_159L0_159L0=0;
  int n_1076L1_13L1_159L1_159L1=0;
  int __s_tmp_new_Node_15_13L2_159L2_159L2=0;
  atomic
  {
    __s_tmp_new_Node_15_13L2_159L2_159L2 = 0;
  }
  n_1076L1_13L1_159L1_159L1 = 0;
  int __s_pac82_161L0_161L0=0;
  __s_Node_obj_17_3L1_3L1[0] = _ret_0_108L2_9L3_156L3_156L3;
  int __s_pac83_162L0_162L0=0;
  __s_Node_next_18_3L2_3L2[0] = _ret_1_108L3_9L4_156L4_156L4;
  int __s_pac84_163L0_163L0=0;
  __s_Node_taken_19_3L3_3L3[0] = 1;
  _out_1074L9_12L3_158L3_158L3 = 0;
  _has_out__1076L0_13L0_159L0_159L0 = 1;
  _ret_2_108L4_9L5_156L5_156L5 = 0;
  int __s_pac85_165L0_165L0=0;
  __s_Queue_prevHead_25_108L8_108L8[0] = 0;
  int __s_pac86_166L0_166L0=0;
  int __s_pac87_166L1_166L1=0;
  __s_Queue_tail_24_108L9_108L9[0] = __s_Queue_prevHead_25_108L8_108L8[0];
  _out_106L1_7L0_154L0_154L0 = 0;
  _has_out__108L0_8L0_155L0_155L0 = 1;
  _ret_0_4L2_4L2_152L2_152L2 = 0;
  q_4L1_4L1_152L1_152L1 = 0;
  int dqCount_5L3_21L3_167L3_167L3=0;
  int _ret_1_5L4_21L4_167L4_167L4=0;
  int tid_112L1_24L0_169L0_169L0=3;
  int id_112L2_24L1_169L1_169L1=3;
  int _out_112L3_24L2_169L2_169L2=0;
  bit _has_out__114L0_25L0_170L0_170L0=0;
  int it_114L1_25L1_170L1_170L1=0;
  int __s_tmp_new_Item_14_25L2_170L2_170L2=0;
  atomic
  {
    __s_tmp_new_Item_14_25L2_170L2_170L2 = 0;
    __s_Item_nextInstance_20_66L4_66L4 = 1;
  }
  it_114L1_25L1_170L1_170L1 = 0;
  int __s_pac88_172L0_172L0=0;
  __s_Item_tid_21_66L5_66L5[0] = 3;
  int __s_pac89_173L0_173L0=0;
  __s_Item_id_22_66L6_66L6[0] = 3;
  _out_112L3_24L2_169L2_169L2 = 0;
  _has_out__114L0_25L0_170L0_170L0 = 1;
  _ret_1_5L4_21L4_167L4_167L4 = 0;
  int Q_117L3_32L0_176L0_176L0=0;
  int obj_117L4_32L1_176L1_176L1=0;
  bit _has_out__119L0_33L0_177L0_177L0=0;
  int n_119L1_33L1_177L1_177L1=0;
  int _ret_0_119L2_33L2_177L2_177L2=null;
  int _ret_1_119L3_33L3_177L3_177L3=0;
  int obj_1074L7_36L0_179L0_179L0=0;
  int next_1074L7_36L1_179L1_179L1=_ret_0_119L2_33L2_177L2_177L2;
  bit taken_1074L8_36L2_179L2_179L2=0;
  int _out_1074L9_36L3_179L3_179L3=0;
  bit _has_out__1076L0_37L0_180L0_180L0=0;
  int n_1076L1_37L1_180L1_180L1=0;
  int __s_tmp_new_Node_15_37L2_180L2_180L2=0;
  atomic
  {
    __s_tmp_new_Node_15_37L2_180L2_180L2 = 1;
    __s_Node_nextInstance_16_3L0_3L0 = 2;
  }
  n_1076L1_37L1_180L1_180L1 = 1;
  int __s_pac90_182L0_182L0=1;
  __s_Node_obj_17_3L1_3L1[1] = 0;
  int __s_pac91_183L0_183L0=1;
  __s_Node_next_18_3L2_3L2[1] = _ret_0_119L2_33L2_177L2_177L2;
  int __s_pac92_184L0_184L0=1;
  __s_Node_taken_19_3L3_3L3[1] = 0;
  _out_1074L9_36L3_179L3_179L3 = 1;
  _has_out__1076L0_37L0_180L0_180L0 = 1;
  _ret_1_119L3_33L3_177L3_177L3 = 1;
  n_119L1_33L1_177L1_177L1 = 1;
  int tmp_120L4_42L4_185L4_185L4=null;
  bit[3] __sa11_121L0_43L0_186L0_186L0={0,0,0};
  int __s_pac93_188L0_188L0=0;
  __sa11_121L0_43L0_186L0_186L0[0] = 0;
  int __s_pac93_189L0_189L0=1;
  __sa11_121L0_43L0_186L0_186L0[1] = 0;
  int __s_pac93_190L0_190L0=2;
  __sa11_121L0_43L0_186L0_186L0[2] = 0;
  bit __s_pac_sc94_192L0_192L0=0;
  bit __s_pac_sc107_232L0_193L0=0;
  bit _cond_337L0_260L0_409L0_195L0=0;
  int _rhs_339L0_262L0_411L0_197L0=0;
  int _whichrhs_339L1_262L1_411L1_197L1=1;
  bit __s_atomize_sc4_340L0_263L0_412L0_198L0=1;
  int __s_pac199_418L0_202L0=0;
  _rhs_339L0_262L0_411L0_197L0 = __s_Queue_tail_24_108L9_108L9[0];
  int _whichop_356L2_279L2_428L2_202L2=1;
  bit __s_atomize_sc5_357L0_280L0_429L0_203L0=1;
  _cond_337L0_260L0_409L0_195L0 = (tmp_120L4_42L4_185L4_185L4)!=(0);
  if(_cond_337L0_260L0_409L0_195L0)
  {
    __s_Node_next_18_3L2_3L2[0] = 1;
  }
  int __s_pac212_473L0_220L0=2;
  __sa11_121L0_43L0_186L0_186L0[2] = 1;
  bit __s_pac_sc213_474L0_221L0=0;
  int __s_pac214_475L0_222L0=0;
  __s_pac_sc213_474L0_221L0 = !(__sa11_121L0_43L0_186L0_186L0[0]);
  int _rhs_404L0_327L0_477L0_224L0=0;
  int _whichrhs_404L1_327L1_477L1_224L1=6;
  bit __s_atomize_sc0_405L0_328L0_478L0_225L0=1;
  _rhs_404L0_327L0_477L0_224L0 = null;
  int _whichassn_421L2_344L2_494L2_229L2=4;
  bit __s_atomize_sc1_422L0_345L0_495L0_230L0=1;
  int __s_pac224_511L0_235L0=1;
  __s_Node_next_18_3L2_3L2[1] = _rhs_404L0_327L0_477L0_224L0;
  int __s_pac225_513L0_235L0=0;
  __sa11_121L0_43L0_186L0_186L0[0] = 1;
  bit __s_pac_sc332_756L0_236L0=0;
  bit __s_pac_sc345_796L0_237L0=0;
  int __s_pac346_797L0_238L0=1;
  __s_pac_sc345_796L0_237L0 = !(__sa11_121L0_43L0_186L0_186L0[1]);
  int _whichrhs_723L0_646L0_799L0_240L0=2;
  bit __s_atomize_sc2_724L0_647L0_800L0_241L0=1;
  int _whichlhs_726L1_649L1_802L1_243L1=1;
  bit __s_atomize_sc3_727L0_650L0_803L0_244L0=1;
  atomic
  {
    tmp_120L4_42L4_185L4_185L4 = __s_Queue_tail_24_108L9_108L9[0];
    __s_Queue_tail_24_108L9_108L9[0] = __s_Node_next_18_3L2_3L2[0];
  }
  int __s_pac434_971L0_252L0=1;
  __sa11_121L0_43L0_186L0_186L0[1] = 1;
  int __s_pac451_1038L0_253L0=0;
  bit __s_pac_sc452_1038L1_253L1=0;
  int __s_pac453_1039L0_254L0=1;
  __s_pac_sc452_1038L1_253L1 = __sa11_121L0_43L0_186L0_186L0[1];
  bit __s_pac_sc454_1039L2_254L2=0;
  int __s_pac455_1040L0_255L0=2;
  __s_pac_sc454_1039L2_254L2 = __sa11_121L0_43L0_186L0_186L0[2];
  int x_7L5_885L5_1040L5_255L5=0;
  int _ret_2_7L6_885L6_1040L6_255L6=0;
  int q_962L5_888L0_1042L0_257L0=0;
  int _out_962L6_888L1_1042L1_257L1=null;
  bit _has_out__964L0_889L0_1043L0_258L0=0;
  int tmp_964L1_889L1_1043L1_258L1=null;
  bit wasTaken_964L2_889L2_1043L2_258L2=1;
  bit done_964L3_889L3_1043L3_258L3=0;
  for(int i_966L0_891L0_1045L0_260L0=0;(i_966L0_891L0_1045L0_260L0)<(5);i_966L0_891L0_1045L0_260L0 = (i_966L0_891L0_1045L0_260L0)+(1))
  {
    if(!(done_964L3_889L3_1043L3_258L3))
    {
      int __s_pac456_1083L1_298L1=__s_Queue_prevHead_25_108L8_108L8[0];
      tmp_964L1_889L1_1043L1_258L1 = __s_Node_next_18_3L2_3L2[__s_pac456_1083L1_298L1];
      if((null)==(tmp_964L1_889L1_1043L1_258L1))
      {
        done_964L3_889L3_1043L3_258L3 = 1;
        if((_has_out__964L0_889L0_1043L0_258L0)==(0))
        {
          _out_962L6_888L1_1042L1_257L1 = null;
          _has_out__964L0_889L0_1043L0_258L0 = 1;
        }
      }
      if(!(done_964L3_889L3_1043L3_258L3))
      {
        if((_has_out__964L0_889L0_1043L0_258L0)==(0))
        {
          __s_Queue_prevHead_25_108L8_108L8[0] = tmp_964L1_889L1_1043L1_258L1;
        }
        if((0)==(__s_Node_taken_19_3L3_3L3[tmp_964L1_889L1_1043L1_258L1]))
        {
          atomic
          {
            wasTaken_964L2_889L2_1043L2_258L2 = __s_Node_taken_19_3L3_3L3[tmp_964L1_889L1_1043L1_258L1];
            if((_has_out__964L0_889L0_1043L0_258L0)==(0))
            {
              __s_Node_taken_19_3L3_3L3[tmp_964L1_889L1_1043L1_258L1] = 1;
            }
          }
          if((0)==(wasTaken_964L2_889L2_1043L2_258L2))
          {
            done_964L3_889L3_1043L3_258L3 = 1;
            if((_has_out__964L0_889L0_1043L0_258L0)==(0))
            {
              _out_962L6_888L1_1042L1_257L1 = __s_Node_obj_17_3L1_3L1[tmp_964L1_889L1_1043L1_258L1];
              _has_out__964L0_889L0_1043L0_258L0 = 1;
            }
          }
        }
      }
    }
  }
  _ret_2_7L6_885L6_1040L6_255L6 = _out_962L6_888L1_1042L1_257L1;
  x_7L5_885L5_1040L5_255L5 = _out_962L6_888L1_1042L1_257L1;
  bit __s_atomize_sc8_9L0_944L0_1098L0_313L0=(_out_962L6_888L1_1042L1_257L1)!=(null);
  if(__s_atomize_sc8_9L0_944L0_1098L0_313L0)
  {
    __s_atomize_sc8_9L0_944L0_1098L0_313L0 = (__s_Item_tid_21_66L5_66L5[_out_962L6_888L1_1042L1_257L1])==(3);
  }
  bit __s_atomize_sc9_10L1_945L1_1099L1_314L1=__s_atomize_sc8_9L0_944L0_1098L0_313L0;
  if(__s_atomize_sc8_9L0_944L0_1098L0_313L0)
  {
    __s_atomize_sc9_10L1_945L1_1099L1_314L1 = (__s_Item_id_22_66L6_66L6[_out_962L6_888L1_1042L1_257L1])==(3);
  }
  fork(int i_14L0_949L0_1103L0_318L0; 2)
  {
    if(((i_14L0_949L0_1103L0_318L0)%(2))==(0))
    {
      for(int j_20L0_955L0_1109L0_325L0=0;(j_20L0_955L0_1109L0_325L0)<(2);j_20L0_955L0_1109L0_325L0 = (j_20L0_955L0_1109L0_325L0)+(1))
      {
        int _ret_3_33L0_2692L0_2864L0_510L0=(j_20L0_955L0_1109L0_325L0)+(1);
        int __s_tmp_new_Item_14_2696L2_2867L2_513L2=0;
        atomic
        {
          __s_tmp_new_Item_14_2696L2_2867L2_513L2 = __s_Item_nextInstance_20_66L4_66L4;
          __s_Item_nextInstance_20_66L4_66L4 = (__s_Item_nextInstance_20_66L4_66L4)+(1);
        }
        __s_Item_tid_21_66L5_66L5[__s_tmp_new_Item_14_2696L2_2867L2_513L2] = i_14L0_949L0_1103L0_318L0;
        __s_Item_id_22_66L6_66L6[__s_tmp_new_Item_14_2696L2_2867L2_513L2] = _ret_3_33L0_2692L0_2864L0_510L0;
        int _ret_0_119L2_2704L2_2874L2_520L2=null;
        int __s_tmp_new_Node_15_2708L2_2877L2_523L2=0;
        atomic
        {
          __s_tmp_new_Node_15_2708L2_2877L2_523L2 = __s_Node_nextInstance_16_3L0_3L0;
          __s_Node_nextInstance_16_3L0_3L0 = (__s_Node_nextInstance_16_3L0_3L0)+(1);
        }
        __s_Node_obj_17_3L1_3L1[__s_tmp_new_Node_15_2708L2_2877L2_523L2] = __s_tmp_new_Item_14_2696L2_2867L2_513L2;
        __s_Node_next_18_3L2_3L2[__s_tmp_new_Node_15_2708L2_2877L2_523L2] = _ret_0_119L2_2704L2_2874L2_520L2;
        __s_Node_taken_19_3L3_3L3[__s_tmp_new_Node_15_2708L2_2877L2_523L2] = 0;
        int tmp_120L4_2713L4_2882L4_528L4=null;
        bit[3] __sa11_121L0_2714L0_2883L0_529L0={0,0,0};
        __sa11_121L0_2714L0_2883L0_529L0[0] = 0;
        __sa11_121L0_2714L0_2883L0_529L0[1] = 0;
        __sa11_121L0_2714L0_2883L0_529L0[2] = 0;
        bit _cond_337L0_2931L0_3106L0_538L0=0;
        int _rhs_339L0_2933L0_3108L0_540L0=__s_Queue_tail_24_108L9_108L9[0];
        _cond_337L0_2931L0_3106L0_538L0 = (tmp_120L4_2713L4_2882L4_528L4)!=(_rhs_339L0_2933L0_3108L0_540L0);
        if(_cond_337L0_2931L0_3106L0_538L0)
        {
          int __s_pac584_3157L1_563L1=__s_Queue_tail_24_108L9_108L9[0];
          __s_Node_next_18_3L2_3L2[__s_pac584_3157L1_563L1] = __s_tmp_new_Node_15_2708L2_2877L2_523L2;
        }
        __sa11_121L0_2714L0_2883L0_529L0[2] = 1;
        int _rhs_404L0_2998L0_3174L0_567L0=null;
        __s_Node_next_18_3L2_3L2[__s_tmp_new_Node_15_2708L2_2877L2_523L2] = _rhs_404L0_2998L0_3174L0_567L0;
        __sa11_121L0_2714L0_2883L0_529L0[0] = 1;
        atomic
        {
          tmp_120L4_2713L4_2882L4_528L4 = __s_Queue_tail_24_108L9_108L9[0];
          __s_Queue_tail_24_108L9_108L9[0] = __s_Node_next_18_3L2_3L2[tmp_120L4_2713L4_2882L4_528L4];
        }
        __sa11_121L0_2714L0_2883L0_529L0[1] = 1;
      }
    }
    else
    {
      int[2] lastId_37L0_3558L0_3739L0_600L0={0,0};
      lastId_37L0_3558L0_3739L0_600L0[0] = 0;
      lastId_37L0_3558L0_3739L0_600L0[1] = 0;
      for(int j_39L0_3560L0_3744L0_605L0=0;(j_39L0_3560L0_3744L0_605L0)<(2);j_39L0_3560L0_3744L0_605L0 = (j_39L0_3560L0_3744L0_605L0)+(1))
      {
        int _out_962L6_3698L1_3879L1_740L1=null;
        bit _has_out__964L0_3699L0_3880L0_741L0=0;
        int tmp_964L1_3699L1_3880L1_741L1=0;
        bit wasTaken_964L2_3699L2_3880L2_741L2=0;
        bit done_964L3_3699L3_3880L3_741L3=0;
        for(int i_966L0_3701L0_3882L0_743L0=0;(i_966L0_3701L0_3882L0_743L0)<(5);i_966L0_3701L0_3882L0_743L0 = (i_966L0_3701L0_3882L0_743L0)+(1))
        {
          if(!(done_964L3_3699L3_3880L3_741L3))
          {
            int __s_pac834_3920L1_781L1=__s_Queue_prevHead_25_108L8_108L8[0];
            tmp_964L1_3699L1_3880L1_741L1 = __s_Node_next_18_3L2_3L2[__s_pac834_3920L1_781L1];
            if((null)==(tmp_964L1_3699L1_3880L1_741L1))
            {
              done_964L3_3699L3_3880L3_741L3 = 1;
              if((_has_out__964L0_3699L0_3880L0_741L0)==(0))
              {
                _out_962L6_3698L1_3879L1_740L1 = null;
                _has_out__964L0_3699L0_3880L0_741L0 = 1;
              }
            }
            if(!(done_964L3_3699L3_3880L3_741L3))
            {
              if((_has_out__964L0_3699L0_3880L0_741L0)==(0))
              {
                __s_Queue_prevHead_25_108L8_108L8[0] = tmp_964L1_3699L1_3880L1_741L1;
              }
              if((0)==(__s_Node_taken_19_3L3_3L3[tmp_964L1_3699L1_3880L1_741L1]))
              {
                atomic
                {
                  wasTaken_964L2_3699L2_3880L2_741L2 = __s_Node_taken_19_3L3_3L3[tmp_964L1_3699L1_3880L1_741L1];
                  if((_has_out__964L0_3699L0_3880L0_741L0)==(0))
                  {
                    __s_Node_taken_19_3L3_3L3[tmp_964L1_3699L1_3880L1_741L1] = 1;
                  }
                }
                if((0)==(wasTaken_964L2_3699L2_3880L2_741L2))
                {
                  done_964L3_3699L3_3880L3_741L3 = 1;
                  if((_has_out__964L0_3699L0_3880L0_741L0)==(0))
                  {
                    _out_962L6_3698L1_3879L1_740L1 = __s_Node_obj_17_3L1_3L1[tmp_964L1_3699L1_3880L1_741L1];
                    _has_out__964L0_3699L0_3880L0_741L0 = 1;
                  }
                }
              }
            }
          }
        }
        if((_out_962L6_3698L1_3879L1_740L1)!=(null))
        {
          int __s_pac844_3937L1_798L1=__s_Item_tid_21_66L5_66L5[_out_962L6_3698L1_3879L1_740L1];
          lastId_37L0_3558L0_3739L0_600L0[__s_pac844_3937L1_798L1] = __s_Item_id_22_66L6_66L6[_out_962L6_3698L1_3879L1_740L1];
          atomic
          {
            dqCount_5L3_21L3_167L3_167L3 = (dqCount_5L3_21L3_167L3_167L3)+(1);
          }
        }
      }
    }
  }
  int[2] lastId_68L8_3817L8_3997L8_858L8={0,0};
  lastId_68L8_3817L8_3997L8_858L8[0] = 0;
  lastId_68L8_3817L8_3997L8_858L8[1] = 0;
  bit done_68L9_3817L9_4000L9_861L9=0;
  for(int i_70L0_3819L0_4002L0_863L0=0;(i_70L0_3819L0_4002L0_863L0)<(5);i_70L0_3819L0_4002L0_863L0 = (i_70L0_3819L0_4002L0_863L0)+(1))
  {
    if(!(done_68L9_3817L9_4000L9_861L9))
    {
      int _out_962L6_3960L1_4140L1_1001L1=null;
      bit _has_out__964L0_3961L0_4141L0_1002L0=0;
      int tmp_964L1_3961L1_4141L1_1002L1=0;
      bit wasTaken_964L2_3961L2_4141L2_1002L2=0;
      bit done_964L3_3961L3_4141L3_1002L3=0;
      for(int i_966L0_3963L0_4143L0_1004L0=0;(i_966L0_3963L0_4143L0_1004L0)<(5);i_966L0_3963L0_4143L0_1004L0 = (i_966L0_3963L0_4143L0_1004L0)+(1))
      {
        if(!(done_964L3_3961L3_4141L3_1002L3))
        {
          int __s_pac863_4181L1_1042L1=__s_Queue_prevHead_25_108L8_108L8[0];
          tmp_964L1_3961L1_4141L1_1002L1 = __s_Node_next_18_3L2_3L2[__s_pac863_4181L1_1042L1];
          if((null)==(tmp_964L1_3961L1_4141L1_1002L1))
          {
            done_964L3_3961L3_4141L3_1002L3 = 1;
            if((_has_out__964L0_3961L0_4141L0_1002L0)==(0))
            {
              _out_962L6_3960L1_4140L1_1001L1 = null;
              _has_out__964L0_3961L0_4141L0_1002L0 = 1;
            }
          }
          if(!(done_964L3_3961L3_4141L3_1002L3))
          {
            if((_has_out__964L0_3961L0_4141L0_1002L0)==(0))
            {
              __s_Queue_prevHead_25_108L8_108L8[0] = tmp_964L1_3961L1_4141L1_1002L1;
            }
            if((0)==(__s_Node_taken_19_3L3_3L3[tmp_964L1_3961L1_4141L1_1002L1]))
            {
              atomic
              {
                wasTaken_964L2_3961L2_4141L2_1002L2 = __s_Node_taken_19_3L3_3L3[tmp_964L1_3961L1_4141L1_1002L1];
                if((_has_out__964L0_3961L0_4141L0_1002L0)==(0))
                {
                  __s_Node_taken_19_3L3_3L3[tmp_964L1_3961L1_4141L1_1002L1] = 1;
                }
              }
              if((0)==(wasTaken_964L2_3961L2_4141L2_1002L2))
              {
                done_964L3_3961L3_4141L3_1002L3 = 1;
                if((_has_out__964L0_3961L0_4141L0_1002L0)==(0))
                {
                  _out_962L6_3960L1_4140L1_1001L1 = __s_Node_obj_17_3L1_3L1[tmp_964L1_3961L1_4141L1_1002L1];
                  _has_out__964L0_3961L0_4141L0_1002L0 = 1;
                }
              }
            }
          }
        }
      }
      if((_out_962L6_3960L1_4140L1_1001L1)==(null))
      {
        done_68L9_3817L9_4000L9_861L9 = 1;
      }
      else
      {
        int __s_pac873_4200L1_1061L1=__s_Item_tid_21_66L5_66L5[_out_962L6_3960L1_4140L1_1001L1];
        lastId_68L8_3817L8_3997L8_858L8[__s_pac873_4200L1_1061L1] = __s_Item_id_22_66L6_66L6[_out_962L6_3960L1_4140L1_1001L1];
      }
    }
  }
  _out_1L0_1L0_1L0_1L0 = 1;
}
void T([!bit _out_103L1_4023L1_4203L1_1064L1])
{
  int[10] __s_Node_obj_27_4205L1_1066L1={0,0,0,0,0,0,0,0,0,0}; int[10] __s_Node_next_28_4205L2_1066L2={0,0,0,0,0,0,0,0,0,0}; bit[10] __s_Node_taken_29_4205L3_1066L3={0,0,0,0,0,0,0,0,0,0};
  int __s_tmp_cond_elim_61_4207L0_1068L0=null;
  __s_Node_obj_27_4205L1_1066L1[0] = __s_tmp_cond_elim_61_4207L0_1068L0;
  int __s_tmp_cond_elim_61_4209L0_1070L0=null;
  __s_Node_obj_27_4205L1_1066L1[1] = __s_tmp_cond_elim_61_4209L0_1070L0;
  int __s_tmp_cond_elim_61_4211L0_1072L0=null;
  __s_Node_obj_27_4205L1_1066L1[2] = __s_tmp_cond_elim_61_4211L0_1072L0;
  int __s_tmp_cond_elim_61_4213L0_1074L0=null;
  __s_Node_obj_27_4205L1_1066L1[3] = __s_tmp_cond_elim_61_4213L0_1074L0;
  int __s_tmp_cond_elim_61_4215L0_1076L0=null;
  __s_Node_obj_27_4205L1_1066L1[4] = __s_tmp_cond_elim_61_4215L0_1076L0;
  int __s_tmp_cond_elim_61_4217L0_1078L0=null;
  __s_Node_obj_27_4205L1_1066L1[5] = __s_tmp_cond_elim_61_4217L0_1078L0;
  int __s_tmp_cond_elim_61_4219L0_1080L0=null;
  __s_Node_obj_27_4205L1_1066L1[6] = __s_tmp_cond_elim_61_4219L0_1080L0;
  int __s_tmp_cond_elim_61_4221L0_1082L0=null;
  __s_Node_obj_27_4205L1_1066L1[7] = __s_tmp_cond_elim_61_4221L0_1082L0;
  int __s_tmp_cond_elim_61_4223L0_1084L0=null;
  __s_Node_obj_27_4205L1_1066L1[8] = __s_tmp_cond_elim_61_4223L0_1084L0;
  int __s_tmp_cond_elim_61_4225L0_1086L0=null;
  __s_Node_obj_27_4205L1_1066L1[9] = __s_tmp_cond_elim_61_4225L0_1086L0;
  int __s_tmp_cond_elim_62_4228L0_1089L0=null;
  __s_Node_next_28_4205L2_1066L2[0] = __s_tmp_cond_elim_62_4228L0_1089L0;
  int __s_tmp_cond_elim_62_4230L0_1091L0=null;
  __s_Node_next_28_4205L2_1066L2[1] = __s_tmp_cond_elim_62_4230L0_1091L0;
  int __s_tmp_cond_elim_62_4232L0_1093L0=null;
  __s_Node_next_28_4205L2_1066L2[2] = __s_tmp_cond_elim_62_4232L0_1093L0;
  int __s_tmp_cond_elim_62_4234L0_1095L0=null;
  __s_Node_next_28_4205L2_1066L2[3] = __s_tmp_cond_elim_62_4234L0_1095L0;
  int __s_tmp_cond_elim_62_4236L0_1097L0=null;
  __s_Node_next_28_4205L2_1066L2[4] = __s_tmp_cond_elim_62_4236L0_1097L0;
  int __s_tmp_cond_elim_62_4238L0_1099L0=null;
  __s_Node_next_28_4205L2_1066L2[5] = __s_tmp_cond_elim_62_4238L0_1099L0;
  int __s_tmp_cond_elim_62_4240L0_1101L0=null;
  __s_Node_next_28_4205L2_1066L2[6] = __s_tmp_cond_elim_62_4240L0_1101L0;
  int __s_tmp_cond_elim_62_4242L0_1103L0=null;
  __s_Node_next_28_4205L2_1066L2[7] = __s_tmp_cond_elim_62_4242L0_1103L0;
  int __s_tmp_cond_elim_62_4244L0_1105L0=null;
  __s_Node_next_28_4205L2_1066L2[8] = __s_tmp_cond_elim_62_4244L0_1105L0;
  int __s_tmp_cond_elim_62_4246L0_1107L0=null;
  __s_Node_next_28_4205L2_1066L2[9] = __s_tmp_cond_elim_62_4246L0_1107L0;
  __s_Node_taken_29_4205L3_1066L3[0] = 0;
  __s_Node_taken_29_4205L3_1066L3[1] = 0;
  __s_Node_taken_29_4205L3_1066L3[2] = 0;
  __s_Node_taken_29_4205L3_1066L3[3] = 0;
  __s_Node_taken_29_4205L3_1066L3[4] = 0;
  __s_Node_taken_29_4205L3_1066L3[5] = 0;
  __s_Node_taken_29_4205L3_1066L3[6] = 0;
  __s_Node_taken_29_4205L3_1066L3[7] = 0;
  __s_Node_taken_29_4205L3_1066L3[8] = 0;
  __s_Node_taken_29_4205L3_1066L3[9] = 0;
  int[10] __s_Item_tid_31_4268L5_1129L5={0,0,0,0,0,0,0,0,0,0}; int[10] __s_Item_id_32_4268L6_1129L6={0,0,0,0,0,0,0,0,0,0};
  __s_Item_tid_31_4268L5_1129L5[0] = 0;
  __s_Item_tid_31_4268L5_1129L5[1] = 0;
  __s_Item_tid_31_4268L5_1129L5[2] = 0;
  __s_Item_tid_31_4268L5_1129L5[3] = 0;
  __s_Item_tid_31_4268L5_1129L5[4] = 0;
  __s_Item_tid_31_4268L5_1129L5[5] = 0;
  __s_Item_tid_31_4268L5_1129L5[6] = 0;
  __s_Item_tid_31_4268L5_1129L5[7] = 0;
  __s_Item_tid_31_4268L5_1129L5[8] = 0;
  __s_Item_tid_31_4268L5_1129L5[9] = 0;
  __s_Item_id_32_4268L6_1129L6[0] = 0;
  __s_Item_id_32_4268L6_1129L6[1] = 0;
  __s_Item_id_32_4268L6_1129L6[2] = 0;
  __s_Item_id_32_4268L6_1129L6[3] = 0;
  __s_Item_id_32_4268L6_1129L6[4] = 0;
  __s_Item_id_32_4268L6_1129L6[5] = 0;
  __s_Item_id_32_4268L6_1129L6[6] = 0;
  __s_Item_id_32_4268L6_1129L6[7] = 0;
  __s_Item_id_32_4268L6_1129L6[8] = 0;
  __s_Item_id_32_4268L6_1129L6[9] = 0;
  int[10] __s_Queue_prevHead_35_4310L8_1171L8={0,0,0,0,0,0,0,0,0,0}; int[10] __s_Queue_tail_34_4310L9_1171L9={0,0,0,0,0,0,0,0,0,0};
  int __s_tmp_cond_elim_66_4312L0_1173L0=null;
  __s_Queue_prevHead_35_4310L8_1171L8[0] = __s_tmp_cond_elim_66_4312L0_1173L0;
  int __s_tmp_cond_elim_66_4314L0_1175L0=null;
  __s_Queue_prevHead_35_4310L8_1171L8[1] = __s_tmp_cond_elim_66_4314L0_1175L0;
  int __s_tmp_cond_elim_66_4316L0_1177L0=null;
  __s_Queue_prevHead_35_4310L8_1171L8[2] = __s_tmp_cond_elim_66_4316L0_1177L0;
  int __s_tmp_cond_elim_66_4318L0_1179L0=null;
  __s_Queue_prevHead_35_4310L8_1171L8[3] = __s_tmp_cond_elim_66_4318L0_1179L0;
  int __s_tmp_cond_elim_66_4320L0_1181L0=null;
  __s_Queue_prevHead_35_4310L8_1171L8[4] = __s_tmp_cond_elim_66_4320L0_1181L0;
  int __s_tmp_cond_elim_66_4322L0_1183L0=null;
  __s_Queue_prevHead_35_4310L8_1171L8[5] = __s_tmp_cond_elim_66_4322L0_1183L0;
  int __s_tmp_cond_elim_66_4324L0_1185L0=null;
  __s_Queue_prevHead_35_4310L8_1171L8[6] = __s_tmp_cond_elim_66_4324L0_1185L0;
  int __s_tmp_cond_elim_66_4326L0_1187L0=null;
  __s_Queue_prevHead_35_4310L8_1171L8[7] = __s_tmp_cond_elim_66_4326L0_1187L0;
  int __s_tmp_cond_elim_66_4328L0_1189L0=null;
  __s_Queue_prevHead_35_4310L8_1171L8[8] = __s_tmp_cond_elim_66_4328L0_1189L0;
  int __s_tmp_cond_elim_66_4330L0_1191L0=null;
  __s_Queue_prevHead_35_4310L8_1171L8[9] = __s_tmp_cond_elim_66_4330L0_1191L0;
  int __s_tmp_cond_elim_67_4333L0_1194L0=null;
  __s_Queue_tail_34_4310L9_1171L9[0] = __s_tmp_cond_elim_67_4333L0_1194L0;
  int __s_tmp_cond_elim_67_4335L0_1196L0=null;
  __s_Queue_tail_34_4310L9_1171L9[1] = __s_tmp_cond_elim_67_4335L0_1196L0;
  int __s_tmp_cond_elim_67_4337L0_1198L0=null;
  __s_Queue_tail_34_4310L9_1171L9[2] = __s_tmp_cond_elim_67_4337L0_1198L0;
  int __s_tmp_cond_elim_67_4339L0_1200L0=null;
  __s_Queue_tail_34_4310L9_1171L9[3] = __s_tmp_cond_elim_67_4339L0_1200L0;
  int __s_tmp_cond_elim_67_4341L0_1202L0=null;
  __s_Queue_tail_34_4310L9_1171L9[4] = __s_tmp_cond_elim_67_4341L0_1202L0;
  int __s_tmp_cond_elim_67_4343L0_1204L0=null;
  __s_Queue_tail_34_4310L9_1171L9[5] = __s_tmp_cond_elim_67_4343L0_1204L0;
  int __s_tmp_cond_elim_67_4345L0_1206L0=null;
  __s_Queue_tail_34_4310L9_1171L9[6] = __s_tmp_cond_elim_67_4345L0_1206L0;
  int __s_tmp_cond_elim_67_4347L0_1208L0=null;
  __s_Queue_tail_34_4310L9_1171L9[7] = __s_tmp_cond_elim_67_4347L0_1208L0;
  int __s_tmp_cond_elim_67_4349L0_1210L0=null;
  __s_Queue_tail_34_4310L9_1171L9[8] = __s_tmp_cond_elim_67_4349L0_1210L0;
  int __s_tmp_cond_elim_67_4351L0_1212L0=null;
  __s_Queue_tail_34_4310L9_1171L9[9] = __s_tmp_cond_elim_67_4351L0_1212L0;
  _out_103L1_4023L1_4203L1_1064L1 = 1;
}

===== Compilation statistics =====
  Solved? -----------------------------> true
  Number of iterations ----------------> 2
  Maximum memory usage (MiB) ----------> 114.75781
  Total elapsed time (s) --------------> 47.13
    % frontend ............ 14.500319
    % verification ........ 76.170166
    % synthesis ........... 9.3295145
  Total solution time (s) -------------> 2.355
    % verification ........ 31.295116
    % synthesis ........... 68.70488

  Synthesizer statistics:  
    [solver stats]
    Number of calls -------------------> 2
    Total elapsed time (s) ------------> 4.397
    Total model building time (s) -----> 2.767
    Total solution time (s) -----------> 1.618
    Maximum memory usage (MiB) --------> 33.507812
    Average elapsed time (s) ----------> 2.198
    Average model building time (s) ---> 1.383
    Average solution time (s) ---------> 0.809
    Average memory usage (MiB) --------> 25.523438

  Verifier statistics:     
    [solver stats]
    Number of calls -------------------> 3
    Total elapsed time (s) ------------> 35.899
    Total model building time (s) -----> 35.162
    Total solution time (s) -----------> 0.737
    Maximum memory usage (MiB) --------> 6.6879997
    Average elapsed time (s) ----------> 11.966
    Average model building time (s) ---> 11.72
    Average solution time (s) ---------> 0.245
    Average memory usage (MiB) --------> 6.167

  Frontend statistics:     
    Total elapsed time (s) ------------> 6.834
    Max memory usage (MiB) ------------> 81.25

[PSKETCH] DONE!
