Iteration 0
[SPINVERIF][2] Stats for last run:
      [solution stats]
      successful? ---------------------> false
      elapsed time (s) ----------------> 37.155
      model building time (s) ---------> 37.136
      solution time (s) ---------------> 0.019
      max memory usage (MiB) ----------> 8.25
      [SPIN-specific stats]
      codegen time (s) ----------------> 13.105
      codegen memory (MiB) ------------> 0.0
      compiler time (s) ---------------> 24.031
      compiler memory (MiB) -----------> 0.0
      total SPIN time (s) -------------> 0.019
      total SPIN mem (MiB) ------------> 8.25
      actual state mem (MiB) ----------> 0.0
      equiv state mem (MiB) -----------> 0.0
      state compression (%) -----------> 0.0
      # states explored ---------------> 332
      state exploration rate (states/s)> 0

[SATBackend] Stats for last run:
      [solution stats]
      successful? ---------------------> true
      elapsed time (s) ----------------> 1.594
      model building time (s) ---------> 1.025
      solution time (s) ---------------> 0.564
      max memory usage (MiB) ----------> 29.03125
      [SAT-specific solution stats]
      initial number of nodes ---------> 47758
      number of nodes after opts ------> 6594
      number of controls --------------> 48
      total number of control bits ----> 64

Iteration 1
[SPINVERIF][2] Stats for last run:
      [solution stats]
      successful? ---------------------> true
      elapsed time (s) ----------------> 316.151
      model building time (s) ---------> 37.151
      solution time (s) ---------------> 279.0
      max memory usage (MiB) ----------> 169.375
      [SPIN-specific stats]
      codegen time (s) ----------------> 13.131
      codegen memory (MiB) ------------> 0.0
      compiler time (s) ---------------> 24.02
      compiler memory (MiB) -----------> 0.0
      total SPIN time (s) -------------> 279.0
      total SPIN mem (MiB) ------------> 169.375
      actual state mem (MiB) ----------> 3.8619995
      equiv state mem (MiB) -----------> 21119.363
      state compression (%) -----------> 0.018286534
      # states explored ---------------> 3124331
      state exploration rate (states/s)> 0

void main([!bit _out_1L0_1L0_1L0_1L0]) implements T
{
  int[10] _lock_3L0_3L0=0;
  int __s_Node_nextInstance_11_4L0_4L0=0; int[10] __s_Node_key_12_4L1_4L1={0,0,0,0,0,0,0,0,0,0}; int[10] __s_Node_next_13_4L2_4L2={0,0,0,0,0,0,0,0,0,0};
  bit __s_tmp_cond_elim_53_6L0_6L0=0;
  int __s_pac61_7L0_7L0=0;
  __s_tmp_cond_elim_53_6L0_6L0 = 0;
  int __s_pac62_7L1_7L1=0;
  __s_Node_key_12_4L1_4L1[0] = 0;
  bit __s_tmp_cond_elim_53_8L0_8L0=0;
  int __s_pac61_9L0_9L0=1;
  __s_tmp_cond_elim_53_8L0_8L0 = 0;
  int __s_pac62_9L1_9L1=1;
  __s_Node_key_12_4L1_4L1[1] = 0;
  bit __s_tmp_cond_elim_53_10L0_10L0=0;
  int __s_pac61_11L0_11L0=2;
  __s_tmp_cond_elim_53_10L0_10L0 = 0;
  int __s_pac62_11L1_11L1=2;
  __s_Node_key_12_4L1_4L1[2] = 0;
  bit __s_tmp_cond_elim_53_12L0_12L0=0;
  int __s_pac61_13L0_13L0=3;
  __s_tmp_cond_elim_53_12L0_12L0 = 0;
  int __s_pac62_13L1_13L1=3;
  __s_Node_key_12_4L1_4L1[3] = 0;
  bit __s_tmp_cond_elim_53_14L0_14L0=0;
  int __s_pac61_15L0_15L0=4;
  __s_tmp_cond_elim_53_14L0_14L0 = 0;
  int __s_pac62_15L1_15L1=4;
  __s_Node_key_12_4L1_4L1[4] = 0;
  bit __s_tmp_cond_elim_53_16L0_16L0=0;
  int __s_pac61_17L0_17L0=5;
  __s_tmp_cond_elim_53_16L0_16L0 = 0;
  int __s_pac62_17L1_17L1=5;
  __s_Node_key_12_4L1_4L1[5] = 0;
  bit __s_tmp_cond_elim_53_18L0_18L0=0;
  int __s_pac61_19L0_19L0=6;
  __s_tmp_cond_elim_53_18L0_18L0 = 0;
  int __s_pac62_19L1_19L1=6;
  __s_Node_key_12_4L1_4L1[6] = 0;
  bit __s_tmp_cond_elim_53_20L0_20L0=0;
  int __s_pac61_21L0_21L0=7;
  __s_tmp_cond_elim_53_20L0_20L0 = 0;
  int __s_pac62_21L1_21L1=7;
  __s_Node_key_12_4L1_4L1[7] = 0;
  bit __s_tmp_cond_elim_53_22L0_22L0=0;
  int __s_pac61_23L0_23L0=8;
  __s_tmp_cond_elim_53_22L0_22L0 = 0;
  int __s_pac62_23L1_23L1=8;
  __s_Node_key_12_4L1_4L1[8] = 0;
  bit __s_tmp_cond_elim_53_24L0_24L0=0;
  int __s_pac61_25L0_25L0=9;
  __s_tmp_cond_elim_53_24L0_24L0 = 0;
  int __s_pac62_25L1_25L1=9;
  __s_Node_key_12_4L1_4L1[9] = 0;
  int __s_tmp_cond_elim_54_27L0_27L0=0;
  int __s_pac63_28L0_28L0=0;
  __s_tmp_cond_elim_54_27L0_27L0 = null;
  int __s_pac64_28L1_28L1=0;
  __s_Node_next_13_4L2_4L2[0] = __s_tmp_cond_elim_54_27L0_27L0;
  int __s_tmp_cond_elim_54_29L0_29L0=0;
  int __s_pac63_30L0_30L0=1;
  __s_tmp_cond_elim_54_29L0_29L0 = null;
  int __s_pac64_30L1_30L1=1;
  __s_Node_next_13_4L2_4L2[1] = __s_tmp_cond_elim_54_29L0_29L0;
  int __s_tmp_cond_elim_54_31L0_31L0=0;
  int __s_pac63_32L0_32L0=2;
  __s_tmp_cond_elim_54_31L0_31L0 = null;
  int __s_pac64_32L1_32L1=2;
  __s_Node_next_13_4L2_4L2[2] = __s_tmp_cond_elim_54_31L0_31L0;
  int __s_tmp_cond_elim_54_33L0_33L0=0;
  int __s_pac63_34L0_34L0=3;
  __s_tmp_cond_elim_54_33L0_33L0 = null;
  int __s_pac64_34L1_34L1=3;
  __s_Node_next_13_4L2_4L2[3] = __s_tmp_cond_elim_54_33L0_33L0;
  int __s_tmp_cond_elim_54_35L0_35L0=0;
  int __s_pac63_36L0_36L0=4;
  __s_tmp_cond_elim_54_35L0_35L0 = null;
  int __s_pac64_36L1_36L1=4;
  __s_Node_next_13_4L2_4L2[4] = __s_tmp_cond_elim_54_35L0_35L0;
  int __s_tmp_cond_elim_54_37L0_37L0=0;
  int __s_pac63_38L0_38L0=5;
  __s_tmp_cond_elim_54_37L0_37L0 = null;
  int __s_pac64_38L1_38L1=5;
  __s_Node_next_13_4L2_4L2[5] = __s_tmp_cond_elim_54_37L0_37L0;
  int __s_tmp_cond_elim_54_39L0_39L0=0;
  int __s_pac63_40L0_40L0=6;
  __s_tmp_cond_elim_54_39L0_39L0 = null;
  int __s_pac64_40L1_40L1=6;
  __s_Node_next_13_4L2_4L2[6] = __s_tmp_cond_elim_54_39L0_39L0;
  int __s_tmp_cond_elim_54_41L0_41L0=0;
  int __s_pac63_42L0_42L0=7;
  __s_tmp_cond_elim_54_41L0_41L0 = null;
  int __s_pac64_42L1_42L1=7;
  __s_Node_next_13_4L2_4L2[7] = __s_tmp_cond_elim_54_41L0_41L0;
  int __s_tmp_cond_elim_54_43L0_43L0=0;
  int __s_pac63_44L0_44L0=8;
  __s_tmp_cond_elim_54_43L0_43L0 = null;
  int __s_pac64_44L1_44L1=8;
  __s_Node_next_13_4L2_4L2[8] = __s_tmp_cond_elim_54_43L0_43L0;
  int __s_tmp_cond_elim_54_45L0_45L0=0;
  int __s_pac63_46L0_46L0=9;
  __s_tmp_cond_elim_54_45L0_45L0 = null;
  int __s_pac64_46L1_46L1=9;
  __s_Node_next_13_4L2_4L2[9] = __s_tmp_cond_elim_54_45L0_45L0;
  int __s_Set_nextInstance_14_46L3_46L3=0; int[10] __s_Set_tail_16_46L4_46L4={0,0,0,0,0,0,0,0,0,0}; int[10] __s_Set_head_15_46L5_46L5={0,0,0,0,0,0,0,0,0,0};
  int __s_tmp_cond_elim_55_48L0_48L0=0;
  int __s_pac65_49L0_49L0=0;
  __s_tmp_cond_elim_55_48L0_48L0 = null;
  int __s_pac66_49L1_49L1=0;
  __s_Set_tail_16_46L4_46L4[0] = __s_tmp_cond_elim_55_48L0_48L0;
  int __s_tmp_cond_elim_55_50L0_50L0=0;
  int __s_pac65_51L0_51L0=1;
  __s_tmp_cond_elim_55_50L0_50L0 = null;
  int __s_pac66_51L1_51L1=1;
  __s_Set_tail_16_46L4_46L4[1] = __s_tmp_cond_elim_55_50L0_50L0;
  int __s_tmp_cond_elim_55_52L0_52L0=0;
  int __s_pac65_53L0_53L0=2;
  __s_tmp_cond_elim_55_52L0_52L0 = null;
  int __s_pac66_53L1_53L1=2;
  __s_Set_tail_16_46L4_46L4[2] = __s_tmp_cond_elim_55_52L0_52L0;
  int __s_tmp_cond_elim_55_54L0_54L0=0;
  int __s_pac65_55L0_55L0=3;
  __s_tmp_cond_elim_55_54L0_54L0 = null;
  int __s_pac66_55L1_55L1=3;
  __s_Set_tail_16_46L4_46L4[3] = __s_tmp_cond_elim_55_54L0_54L0;
  int __s_tmp_cond_elim_55_56L0_56L0=0;
  int __s_pac65_57L0_57L0=4;
  __s_tmp_cond_elim_55_56L0_56L0 = null;
  int __s_pac66_57L1_57L1=4;
  __s_Set_tail_16_46L4_46L4[4] = __s_tmp_cond_elim_55_56L0_56L0;
  int __s_tmp_cond_elim_55_58L0_58L0=0;
  int __s_pac65_59L0_59L0=5;
  __s_tmp_cond_elim_55_58L0_58L0 = null;
  int __s_pac66_59L1_59L1=5;
  __s_Set_tail_16_46L4_46L4[5] = __s_tmp_cond_elim_55_58L0_58L0;
  int __s_tmp_cond_elim_55_60L0_60L0=0;
  int __s_pac65_61L0_61L0=6;
  __s_tmp_cond_elim_55_60L0_60L0 = null;
  int __s_pac66_61L1_61L1=6;
  __s_Set_tail_16_46L4_46L4[6] = __s_tmp_cond_elim_55_60L0_60L0;
  int __s_tmp_cond_elim_55_62L0_62L0=0;
  int __s_pac65_63L0_63L0=7;
  __s_tmp_cond_elim_55_62L0_62L0 = null;
  int __s_pac66_63L1_63L1=7;
  __s_Set_tail_16_46L4_46L4[7] = __s_tmp_cond_elim_55_62L0_62L0;
  int __s_tmp_cond_elim_55_64L0_64L0=0;
  int __s_pac65_65L0_65L0=8;
  __s_tmp_cond_elim_55_64L0_64L0 = null;
  int __s_pac66_65L1_65L1=8;
  __s_Set_tail_16_46L4_46L4[8] = __s_tmp_cond_elim_55_64L0_64L0;
  int __s_tmp_cond_elim_55_66L0_66L0=0;
  int __s_pac65_67L0_67L0=9;
  __s_tmp_cond_elim_55_66L0_66L0 = null;
  int __s_pac66_67L1_67L1=9;
  __s_Set_tail_16_46L4_46L4[9] = __s_tmp_cond_elim_55_66L0_66L0;
  int __s_tmp_cond_elim_56_69L0_69L0=0;
  int __s_pac67_70L0_70L0=0;
  __s_tmp_cond_elim_56_69L0_69L0 = null;
  int __s_pac68_70L1_70L1=0;
  __s_Set_head_15_46L5_46L5[0] = __s_tmp_cond_elim_56_69L0_69L0;
  int __s_tmp_cond_elim_56_71L0_71L0=0;
  int __s_pac67_72L0_72L0=1;
  __s_tmp_cond_elim_56_71L0_71L0 = null;
  int __s_pac68_72L1_72L1=1;
  __s_Set_head_15_46L5_46L5[1] = __s_tmp_cond_elim_56_71L0_71L0;
  int __s_tmp_cond_elim_56_73L0_73L0=0;
  int __s_pac67_74L0_74L0=2;
  __s_tmp_cond_elim_56_73L0_73L0 = null;
  int __s_pac68_74L1_74L1=2;
  __s_Set_head_15_46L5_46L5[2] = __s_tmp_cond_elim_56_73L0_73L0;
  int __s_tmp_cond_elim_56_75L0_75L0=0;
  int __s_pac67_76L0_76L0=3;
  __s_tmp_cond_elim_56_75L0_75L0 = null;
  int __s_pac68_76L1_76L1=3;
  __s_Set_head_15_46L5_46L5[3] = __s_tmp_cond_elim_56_75L0_75L0;
  int __s_tmp_cond_elim_56_77L0_77L0=0;
  int __s_pac67_78L0_78L0=4;
  __s_tmp_cond_elim_56_77L0_77L0 = null;
  int __s_pac68_78L1_78L1=4;
  __s_Set_head_15_46L5_46L5[4] = __s_tmp_cond_elim_56_77L0_77L0;
  int __s_tmp_cond_elim_56_79L0_79L0=0;
  int __s_pac67_80L0_80L0=5;
  __s_tmp_cond_elim_56_79L0_79L0 = null;
  int __s_pac68_80L1_80L1=5;
  __s_Set_head_15_46L5_46L5[5] = __s_tmp_cond_elim_56_79L0_79L0;
  int __s_tmp_cond_elim_56_81L0_81L0=0;
  int __s_pac67_82L0_82L0=6;
  __s_tmp_cond_elim_56_81L0_81L0 = null;
  int __s_pac68_82L1_82L1=6;
  __s_Set_head_15_46L5_46L5[6] = __s_tmp_cond_elim_56_81L0_81L0;
  int __s_tmp_cond_elim_56_83L0_83L0=0;
  int __s_pac67_84L0_84L0=7;
  __s_tmp_cond_elim_56_83L0_83L0 = null;
  int __s_pac68_84L1_84L1=7;
  __s_Set_head_15_46L5_46L5[7] = __s_tmp_cond_elim_56_83L0_83L0;
  int __s_tmp_cond_elim_56_85L0_85L0=0;
  int __s_pac67_86L0_86L0=8;
  __s_tmp_cond_elim_56_85L0_85L0 = null;
  int __s_pac68_86L1_86L1=8;
  __s_Set_head_15_46L5_46L5[8] = __s_tmp_cond_elim_56_85L0_85L0;
  int __s_tmp_cond_elim_56_87L0_87L0=0;
  int __s_pac67_88L0_88L0=9;
  __s_tmp_cond_elim_56_87L0_87L0 = null;
  int __s_pac68_88L1_88L1=9;
  __s_Set_head_15_46L5_46L5[9] = __s_tmp_cond_elim_56_87L0_87L0;
  _out_1L0_1L0_1L0_1L0 = 0;
  bit _has_out__3L0_3L0_89L0_89L0=0;
  int S_3L1_3L1_89L1_89L1=0;
  int _ret_0_3L2_3L2_89L2_89L2=0;
  int negInf_6L0_5L0_91L0_91L0=-1;
  int posInf_6L1_5L1_91L1_91L1=5;
  int _out_6L2_5L2_91L2_91L2=0;
  bit _has_out__7L0_6L0_92L0_92L0=0;
  int S_7L1_6L1_92L1_92L1=0;
  int __s_tmp_new_Set_7_6L2_92L2_92L2=0;
  atomic
  {
    __s_tmp_new_Set_7_6L2_92L2_92L2 = 0;
    __s_Set_nextInstance_14_46L3_46L3 = 1;
  }
  S_7L1_6L1_92L1_92L1 = 0;
  int _ret_0_7L2_7L3_93L3_93L3=null;
  int _ret_1_7L3_7L4_93L4_93L4=0;
  int key_10L0_9L0_95L0_95L0=5;
  int next_10L1_9L1_95L1_95L1=_ret_0_7L2_7L3_93L3_93L3;
  int _out_10L2_9L2_95L2_95L2=0;
  bit _has_out__11L0_10L0_96L0_96L0=0;
  int n_11L1_10L1_96L1_96L1=0;
  int __s_tmp_new_Node_8_10L2_96L2_96L2=0;
  atomic
  {
    __s_tmp_new_Node_8_10L2_96L2_96L2 = 0;
  }
  n_11L1_10L1_96L1_96L1 = 0;
  int __s_pac69_98L0_98L0=0;
  __s_Node_key_12_4L1_4L1[0] = 5;
  int __s_pac70_99L0_99L0=0;
  __s_Node_next_13_4L2_4L2[0] = _ret_0_7L2_7L3_93L3_93L3;
  _out_10L2_9L2_95L2_95L2 = 0;
  _has_out__11L0_10L0_96L0_96L0 = 1;
  _ret_1_7L3_7L4_93L4_93L4 = 0;
  int __s_pac71_101L0_101L0=0;
  __s_Set_tail_16_46L4_46L4[0] = 0;
  int _ret_2_15L4_15L5_101L5_101L5=0;
  int __s_pac72_101L6_101L6=0;
  _ret_2_15L4_15L5_101L5_101L5 = __s_Set_tail_16_46L4_46L4[0];
  int _ret_3_15L5_15L6_101L7_101L7=0;
  int key_18L0_17L0_103L0_103L0=-1;
  int next_18L1_17L1_103L1_103L1=0;
  int _out_18L2_17L2_103L2_103L2=0;
  bit _has_out__19L0_18L0_104L0_104L0=0;
  int n_19L1_18L1_104L1_104L1=0;
  int __s_tmp_new_Node_9_18L2_104L2_104L2=0;
  atomic
  {
    __s_tmp_new_Node_9_18L2_104L2_104L2 = 1;
    __s_Node_nextInstance_11_4L0_4L0 = 2;
  }
  n_19L1_18L1_104L1_104L1 = 1;
  int __s_pac73_106L0_106L0=1;
  __s_Node_key_12_4L1_4L1[1] = -1;
  int __s_pac74_107L0_107L0=1;
  __s_Node_next_13_4L2_4L2[1] = 0;
  _out_18L2_17L2_103L2_103L2 = 1;
  _has_out__19L0_18L0_104L0_104L0 = 1;
  _ret_3_15L5_15L6_101L7_101L7 = 1;
  int __s_pac75_109L0_109L0=0;
  __s_Set_head_15_46L5_46L5[0] = 1;
  _out_6L2_5L2_91L2_91L2 = 0;
  _has_out__7L0_6L0_92L0_92L0 = 1;
  _ret_0_3L2_3L2_89L2_89L2 = 0;
  S_3L1_3L1_89L1_89L1 = 0;
  bit[3] removed_24L3_24L3_110L3_110L3={0,0,0};
  int __s_pac76_112L0_112L0=0;
  removed_24L3_24L3_110L3_110L3[0] = 0;
  int __s_pac76_113L0_113L0=1;
  removed_24L3_24L3_110L3_110L3[1] = 0;
  int __s_pac76_114L0_114L0=2;
  removed_24L3_24L3_110L3_110L3[2] = 0;
  bit _ret_1_24L4_24L4_114L4_114L4=0;
  int S_107L1_27L0_116L0_116L0=0;
  int key_107L2_27L1_116L1_116L1=5;
  bit _out_107L3_27L2_116L2_116L2=0;
  bit _has_out__109L0_28L0_117L0_117L0=0;
  int prev_109L1_28L1_117L1_117L1=0; int cur_109L2_28L2_117L2_117L2=0;
  bit ret_109L3_28L3_117L3_117L3=0;
  int S_180L6_31L0_119L0_119L0=0;
  int key_180L6_31L1_119L1_119L1=5;
  int prev_180L6_31L2_119L2_119L2=0;
  int cur_180L7_31L3_119L3_119L3=0;
  bit _has_out__182L0_32L0_120L0_120L0=0;
  prev_180L6_31L2_119L2_119L2 = null;
  int __s_pac77_122L0_122L0=0;
  cur_180L7_31L3_119L3_119L3 = __s_Set_head_15_46L5_46L5[0];
  int _ret_0_184L1_34L1_122L1_122L1=1;
  atomic(1)
  {
    _lock_3L0_3L0[1] = -1;
  }
  for(int i_187L0_37L0_126L0_126L0=0;(i_187L0_37L0_126L0_126L0)<(5);i_187L0_37L0_126L0_126L0 = (i_187L0_37L0_126L0_126L0)+(1))
  {
    if((__s_Node_key_12_4L1_4L1[cur_180L7_31L3_119L3_119L3])<(5))
    {
      bit[4] __sa3_932L0_744L0_889L0_313L0={0,0,0,0};
      __sa3_932L0_744L0_889L0_313L0[0] = 0;
      __sa3_932L0_744L0_889L0_313L0[1] = 0;
      __sa3_932L0_744L0_889L0_313L0[2] = 0;
      __sa3_932L0_744L0_889L0_313L0[3] = 0;
      if((prev_180L6_31L2_119L2_119L2)!=(null))
      {
        int _ret_6_1017L2_825L2_978L2_336L2=((((int)prev_180L6_31L2_119L2_119L2))*(1))+(0);
        atomic
        {
          _lock_3L0_3L0[_ret_6_1017L2_825L2_978L2_336L2] = 0;
        }
      }
      __sa3_932L0_744L0_889L0_313L0[1] = 1;
      prev_180L6_31L2_119L2_119L2 = cur_180L7_31L3_119L3_119L3;
      __sa3_932L0_744L0_889L0_313L0[2] = 1;
      int _ret_1_1116L0_919L0_1080L0_347L0=null;
      int __s_tmp_cond_elim_0_1151L0_951L0_1112L0_370L0=__s_Node_next_13_4L2_4L2[cur_180L7_31L3_119L3_119L3];
      boolean __s_tmp_cond_elim_1_1155L0_955L0_1116L0_373L0=(_ret_1_1116L0_919L0_1080L0_347L0)!=(__s_tmp_cond_elim_0_1151L0_951L0_1112L0_370L0);
      if(__s_tmp_cond_elim_1_1155L0_955L0_1116L0_373L0)
      {
        int __s_tmp_cond_elim_0_1174L0_973L0_1134L0_386L0=__s_Node_next_13_4L2_4L2[cur_180L7_31L3_119L3_119L3];
        int _ret_4_1177L2_976L2_1137L2_388L2=((((int)__s_tmp_cond_elim_0_1174L0_973L0_1134L0_386L0))*(1))+(0);
        atomic((_lock_3L0_3L0[_ret_4_1177L2_976L2_1137L2_388L2])==(0))
        {
          _lock_3L0_3L0[_ret_4_1177L2_976L2_1137L2_388L2] = -1;
        }
      }
      __sa3_932L0_744L0_889L0_313L0[0] = 1;
      cur_180L7_31L3_119L3_119L3 = __s_Node_next_13_4L2_4L2[cur_180L7_31L3_119L3_119L3];
      __sa3_932L0_744L0_889L0_313L0[3] = 1;
    }
  }
  prev_109L1_28L1_117L1_117L1 = prev_180L6_31L2_119L2_119L2;
  cur_109L2_28L2_117L2_117L2 = cur_180L7_31L3_119L3_119L3;
  int __s_pac147_1263L4_399L4=cur_180L7_31L3_119L3_119L3;
  if((5)<(__s_Node_key_12_4L1_4L1[cur_180L7_31L3_119L3_119L3]))
  {
    atomic
    {
      __s_Node_nextInstance_11_4L0_4L0 = 3;
    }
    __s_Node_key_12_4L1_4L1[2] = 5;
    __s_Node_next_13_4L2_4L2[2] = cur_180L7_31L3_119L3_119L3;
    __s_Node_next_13_4L2_4L2[prev_180L6_31L2_119L2_119L2] = 2;
    ret_109L3_28L3_117L3_117L3 = 1;
  }
  else
  {
    ret_109L3_28L3_117L3_117L3 = 0;
  }
  int _ret_1_122L4_1102L4_1275L5_411L5=((((int)prev_180L6_31L2_119L2_119L2))*(1))+(0);
  atomic
  {
    _lock_3L0_3L0[_ret_1_122L4_1102L4_1275L5_411L5] = 0;
  }
  int _ret_2_123L5_1103L5_1277L6_413L6=((((int)cur_180L7_31L3_119L3_119L3))*(1))+(0);
  atomic
  {
    _lock_3L0_3L0[_ret_2_123L5_1103L5_1277L6_413L6] = 0;
  }
  _out_107L3_27L2_116L2_116L2 = ret_109L3_28L3_117L3_117L3;
  _has_out__109L0_28L0_117L0_117L0 = 1;
  _ret_1_24L4_24L4_114L4_114L4 = ret_109L3_28L3_117L3_117L3;
  bit _ret_2_26L5_1106L5_1281L5_417L5=0;
  int S_125L3_1109L0_1283L0_419L0=0;
  int key_125L3_1109L1_1283L1_419L1=1;
  bit _out_125L3_1109L2_1283L2_419L2=0;
  bit _has_out__127L0_1110L0_1284L0_420L0=0;
  int prev_127L1_1110L1_1284L1_420L1=0; int cur_127L2_1110L2_1284L2_420L2=0;
  bit ret_127L3_1110L3_1284L3_420L3=0;
  int S_180L6_1113L0_1286L0_422L0=0;
  int key_180L6_1113L1_1286L1_422L1=1;
  int prev_180L6_1113L2_1286L2_422L2=0;
  int cur_180L7_1113L3_1286L3_422L3=0;
  bit _has_out__182L0_1114L0_1287L0_423L0=0;
  prev_180L6_1113L2_1286L2_422L2 = null;
  int __s_pac151_1289L0_425L0=0;
  cur_180L7_1113L3_1286L3_422L3 = __s_Set_head_15_46L5_46L5[0];
  int _ret_0_184L1_1116L1_1289L1_425L1=1;
  atomic((_lock_3L0_3L0[1])==(0))
  {
    _lock_3L0_3L0[1] = -1;
  }
  for(int i_187L0_1119L0_1293L0_429L0=0;(i_187L0_1119L0_1293L0_429L0)<(5);i_187L0_1119L0_1293L0_429L0 = (i_187L0_1119L0_1293L0_429L0)+(1))
  {
    if((__s_Node_key_12_4L1_4L1[cur_180L7_1113L3_1286L3_422L3])<(1))
    {
      bit[4] __sa3_932L0_1826L0_2056L0_616L0={0,0,0,0};
      __sa3_932L0_1826L0_2056L0_616L0[0] = 0;
      __sa3_932L0_1826L0_2056L0_616L0[1] = 0;
      __sa3_932L0_1826L0_2056L0_616L0[2] = 0;
      __sa3_932L0_1826L0_2056L0_616L0[3] = 0;
      if((prev_180L6_1113L2_1286L2_422L2)!=(null))
      {
        int _ret_6_1017L2_1907L2_2145L2_639L2=((((int)prev_180L6_1113L2_1286L2_422L2))*(1))+(0);
        atomic
        {
          _lock_3L0_3L0[_ret_6_1017L2_1907L2_2145L2_639L2] = 0;
        }
      }
      __sa3_932L0_1826L0_2056L0_616L0[1] = 1;
      prev_180L6_1113L2_1286L2_422L2 = cur_180L7_1113L3_1286L3_422L3;
      __sa3_932L0_1826L0_2056L0_616L0[2] = 1;
      int _ret_1_1116L0_2001L0_2247L0_650L0=null;
      int __s_tmp_cond_elim_0_1151L0_2033L0_2279L0_673L0=__s_Node_next_13_4L2_4L2[cur_180L7_1113L3_1286L3_422L3];
      boolean __s_tmp_cond_elim_1_1155L0_2037L0_2283L0_676L0=(_ret_1_1116L0_2001L0_2247L0_650L0)!=(__s_tmp_cond_elim_0_1151L0_2033L0_2279L0_673L0);
      if(__s_tmp_cond_elim_1_1155L0_2037L0_2283L0_676L0)
      {
        int __s_tmp_cond_elim_0_1174L0_2055L0_2301L0_689L0=__s_Node_next_13_4L2_4L2[cur_180L7_1113L3_1286L3_422L3];
        int _ret_4_1177L2_2058L2_2304L2_691L2=((((int)__s_tmp_cond_elim_0_1174L0_2055L0_2301L0_689L0))*(1))+(0);
        atomic((_lock_3L0_3L0[_ret_4_1177L2_2058L2_2304L2_691L2])==(0))
        {
          _lock_3L0_3L0[_ret_4_1177L2_2058L2_2304L2_691L2] = -1;
        }
      }
      __sa3_932L0_1826L0_2056L0_616L0[0] = 1;
      cur_180L7_1113L3_1286L3_422L3 = __s_Node_next_13_4L2_4L2[cur_180L7_1113L3_1286L3_422L3];
      __sa3_932L0_1826L0_2056L0_616L0[3] = 1;
    }
  }
  prev_127L1_1110L1_1284L1_420L1 = prev_180L6_1113L2_1286L2_422L2;
  cur_127L2_1110L2_1284L2_420L2 = cur_180L7_1113L3_1286L3_422L3;
  int __s_pac221_2430L4_702L4=cur_180L7_1113L3_1286L3_422L3;
  if((1)==(__s_Node_key_12_4L1_4L1[cur_180L7_1113L3_1286L3_422L3]))
  {
    __s_Node_next_13_4L2_4L2[prev_180L6_1113L2_1286L2_422L2] = __s_Node_next_13_4L2_4L2[cur_180L7_1113L3_1286L3_422L3];
    ret_127L3_1110L3_1284L3_420L3 = 1;
  }
  else
  {
    ret_127L3_1110L3_1284L3_420L3 = 0;
  }
  int _ret_0_133L4_2177L4_2435L5_707L5=((((int)prev_180L6_1113L2_1286L2_422L2))*(1))+(0);
  atomic
  {
    _lock_3L0_3L0[_ret_0_133L4_2177L4_2435L5_707L5] = 0;
  }
  int _ret_1_134L5_2178L5_2437L6_709L6=((((int)cur_180L7_1113L3_1286L3_422L3))*(1))+(0);
  atomic
  {
    _lock_3L0_3L0[_ret_1_134L5_2178L5_2437L6_709L6] = 0;
  }
  _out_125L3_1109L2_1283L2_419L2 = ret_127L3_1110L3_1284L3_420L3;
  _has_out__127L0_1110L0_1284L0_420L0 = 1;
  _ret_2_26L5_1106L5_1281L5_417L5 = ret_127L3_1110L3_1284L3_420L3;
  bit _ret_3_28L6_2181L6_2441L6_713L6=0;
  int S_107L1_2184L0_2443L0_715L0=0;
  int key_107L2_2184L1_2443L1_715L1=1;
  bit _out_107L3_2184L2_2443L2_715L2=0;
  bit _has_out__109L0_2185L0_2444L0_716L0=0;
  int prev_109L1_2185L1_2444L1_716L1=0; int cur_109L2_2185L2_2444L2_716L2=0;
  bit ret_109L3_2185L3_2444L3_716L3=0;
  int S_180L6_2188L0_2446L0_718L0=0;
  int key_180L6_2188L1_2446L1_718L1=1;
  int prev_180L6_2188L2_2446L2_718L2=0;
  int cur_180L7_2188L3_2446L3_718L3=0;
  bit _has_out__182L0_2189L0_2447L0_719L0=0;
  prev_180L6_2188L2_2446L2_718L2 = null;
  int __s_pac224_2449L0_721L0=0;
  cur_180L7_2188L3_2446L3_718L3 = __s_Set_head_15_46L5_46L5[0];
  int _ret_0_184L1_2191L1_2449L1_721L1=1;
  atomic((_lock_3L0_3L0[1])==(0))
  {
    _lock_3L0_3L0[1] = -1;
  }
  for(int i_187L0_2194L0_2453L0_725L0=0;(i_187L0_2194L0_2453L0_725L0)<(5);i_187L0_2194L0_2453L0_725L0 = (i_187L0_2194L0_2453L0_725L0)+(1))
  {
    if((__s_Node_key_12_4L1_4L1[cur_180L7_2188L3_2446L3_718L3])<(1))
    {
      bit[4] __sa3_932L0_2901L0_3216L0_912L0={0,0,0,0};
      __sa3_932L0_2901L0_3216L0_912L0[0] = 0;
      __sa3_932L0_2901L0_3216L0_912L0[1] = 0;
      __sa3_932L0_2901L0_3216L0_912L0[2] = 0;
      __sa3_932L0_2901L0_3216L0_912L0[3] = 0;
      if((prev_180L6_2188L2_2446L2_718L2)!=(null))
      {
        int _ret_6_1017L2_2982L2_3305L2_935L2=((((int)prev_180L6_2188L2_2446L2_718L2))*(1))+(0);
        atomic
        {
          _lock_3L0_3L0[_ret_6_1017L2_2982L2_3305L2_935L2] = 0;
        }
      }
      __sa3_932L0_2901L0_3216L0_912L0[1] = 1;
      prev_180L6_2188L2_2446L2_718L2 = cur_180L7_2188L3_2446L3_718L3;
      __sa3_932L0_2901L0_3216L0_912L0[2] = 1;
      int _ret_1_1116L0_3076L0_3407L0_946L0=null;
      int __s_tmp_cond_elim_0_1151L0_3108L0_3439L0_969L0=__s_Node_next_13_4L2_4L2[cur_180L7_2188L3_2446L3_718L3];
      boolean __s_tmp_cond_elim_1_1155L0_3112L0_3443L0_972L0=(_ret_1_1116L0_3076L0_3407L0_946L0)!=(__s_tmp_cond_elim_0_1151L0_3108L0_3439L0_969L0);
      if(__s_tmp_cond_elim_1_1155L0_3112L0_3443L0_972L0)
      {
        int __s_tmp_cond_elim_0_1174L0_3130L0_3461L0_985L0=__s_Node_next_13_4L2_4L2[cur_180L7_2188L3_2446L3_718L3];
        int _ret_4_1177L2_3133L2_3464L2_987L2=((((int)__s_tmp_cond_elim_0_1174L0_3130L0_3461L0_985L0))*(1))+(0);
        atomic((_lock_3L0_3L0[_ret_4_1177L2_3133L2_3464L2_987L2])==(0))
        {
          _lock_3L0_3L0[_ret_4_1177L2_3133L2_3464L2_987L2] = -1;
        }
      }
      __sa3_932L0_2901L0_3216L0_912L0[0] = 1;
      cur_180L7_2188L3_2446L3_718L3 = __s_Node_next_13_4L2_4L2[cur_180L7_2188L3_2446L3_718L3];
      __sa3_932L0_2901L0_3216L0_912L0[3] = 1;
    }
  }
  prev_109L1_2185L1_2444L1_716L1 = prev_180L6_2188L2_2446L2_718L2;
  cur_109L2_2185L2_2444L2_716L2 = cur_180L7_2188L3_2446L3_718L3;
  int __s_pac294_3590L4_998L4=cur_180L7_2188L3_2446L3_718L3;
  if((1)<(__s_Node_key_12_4L1_4L1[cur_180L7_2188L3_2446L3_718L3]))
  {
    int __s_tmp_new_Node_10_3252L2_3595L2_1003L2=0;
    atomic
    {
      __s_tmp_new_Node_10_3252L2_3595L2_1003L2 = __s_Node_nextInstance_11_4L0_4L0;
      __s_Node_nextInstance_11_4L0_4L0 = (__s_Node_nextInstance_11_4L0_4L0)+(1);
    }
    __s_Node_key_12_4L1_4L1[__s_tmp_new_Node_10_3252L2_3595L2_1003L2] = 1;
    __s_Node_next_13_4L2_4L2[__s_tmp_new_Node_10_3252L2_3595L2_1003L2] = cur_180L7_2188L3_2446L3_718L3;
    __s_Node_next_13_4L2_4L2[prev_180L6_2188L2_2446L2_718L2] = __s_tmp_new_Node_10_3252L2_3595L2_1003L2;
    ret_109L3_2185L3_2444L3_716L3 = 1;
  }
  else
  {
    ret_109L3_2185L3_2444L3_716L3 = 0;
  }
  int _ret_1_122L4_3259L4_3602L5_1010L5=((((int)prev_180L6_2188L2_2446L2_718L2))*(1))+(0);
  atomic
  {
    _lock_3L0_3L0[_ret_1_122L4_3259L4_3602L5_1010L5] = 0;
  }
  int _ret_2_123L5_3260L5_3604L6_1012L6=((((int)cur_180L7_2188L3_2446L3_718L3))*(1))+(0);
  atomic
  {
    _lock_3L0_3L0[_ret_2_123L5_3260L5_3604L6_1012L6] = 0;
  }
  _out_107L3_2184L2_2443L2_715L2 = ret_109L3_2185L3_2444L3_716L3;
  _has_out__109L0_2185L0_2444L0_716L0 = 1;
  _ret_3_28L6_2181L6_2441L6_713L6 = ret_109L3_2185L3_2444L3_716L3;
  bit _ret_4_30L7_3263L7_3608L7_1016L7=0;
  int S_125L3_3266L0_3610L0_1018L0=0;
  int key_125L3_3266L1_3610L1_1018L1=1;
  bit _out_125L3_3266L2_3610L2_1018L2=0;
  bit _has_out__127L0_3267L0_3611L0_1019L0=0;
  int prev_127L1_3267L1_3611L1_1019L1=0; int cur_127L2_3267L2_3611L2_1019L2=0;
  bit ret_127L3_3267L3_3611L3_1019L3=0;
  int S_180L6_3270L0_3613L0_1021L0=0;
  int key_180L6_3270L1_3613L1_1021L1=1;
  int prev_180L6_3270L2_3613L2_1021L2=0;
  int cur_180L7_3270L3_3613L3_1021L3=0;
  bit _has_out__182L0_3271L0_3614L0_1022L0=0;
  prev_180L6_3270L2_3613L2_1021L2 = null;
  int __s_pac298_3616L0_1024L0=0;
  cur_180L7_3270L3_3613L3_1021L3 = __s_Set_head_15_46L5_46L5[0];
  int _ret_0_184L1_3273L1_3616L1_1024L1=1;
  atomic((_lock_3L0_3L0[1])==(0))
  {
    _lock_3L0_3L0[1] = -1;
  }
  for(int i_187L0_3276L0_3620L0_1028L0=0;(i_187L0_3276L0_3620L0_1028L0)<(5);i_187L0_3276L0_3620L0_1028L0 = (i_187L0_3276L0_3620L0_1028L0)+(1))
  {
    if((__s_Node_key_12_4L1_4L1[cur_180L7_3270L3_3613L3_1021L3])<(1))
    {
      bit[4] __sa3_932L0_3983L0_4383L0_1215L0={0,0,0,0};
      __sa3_932L0_3983L0_4383L0_1215L0[0] = 0;
      __sa3_932L0_3983L0_4383L0_1215L0[1] = 0;
      __sa3_932L0_3983L0_4383L0_1215L0[2] = 0;
      __sa3_932L0_3983L0_4383L0_1215L0[3] = 0;
      if((prev_180L6_3270L2_3613L2_1021L2)!=(null))
      {
        int _ret_6_1017L2_4064L2_4472L2_1238L2=((((int)prev_180L6_3270L2_3613L2_1021L2))*(1))+(0);
        atomic
        {
          _lock_3L0_3L0[_ret_6_1017L2_4064L2_4472L2_1238L2] = 0;
        }
      }
      __sa3_932L0_3983L0_4383L0_1215L0[1] = 1;
      prev_180L6_3270L2_3613L2_1021L2 = cur_180L7_3270L3_3613L3_1021L3;
      __sa3_932L0_3983L0_4383L0_1215L0[2] = 1;
      int _ret_1_1116L0_4158L0_4574L0_1249L0=null;
      int __s_tmp_cond_elim_0_1151L0_4190L0_4606L0_1272L0=__s_Node_next_13_4L2_4L2[cur_180L7_3270L3_3613L3_1021L3];
      boolean __s_tmp_cond_elim_1_1155L0_4194L0_4610L0_1275L0=(_ret_1_1116L0_4158L0_4574L0_1249L0)!=(__s_tmp_cond_elim_0_1151L0_4190L0_4606L0_1272L0);
      if(__s_tmp_cond_elim_1_1155L0_4194L0_4610L0_1275L0)
      {
        int __s_tmp_cond_elim_0_1174L0_4212L0_4628L0_1288L0=__s_Node_next_13_4L2_4L2[cur_180L7_3270L3_3613L3_1021L3];
        int _ret_4_1177L2_4215L2_4631L2_1290L2=((((int)__s_tmp_cond_elim_0_1174L0_4212L0_4628L0_1288L0))*(1))+(0);
        atomic((_lock_3L0_3L0[_ret_4_1177L2_4215L2_4631L2_1290L2])==(0))
        {
          _lock_3L0_3L0[_ret_4_1177L2_4215L2_4631L2_1290L2] = -1;
        }
      }
      __sa3_932L0_3983L0_4383L0_1215L0[0] = 1;
      cur_180L7_3270L3_3613L3_1021L3 = __s_Node_next_13_4L2_4L2[cur_180L7_3270L3_3613L3_1021L3];
      __sa3_932L0_3983L0_4383L0_1215L0[3] = 1;
    }
  }
  prev_127L1_3267L1_3611L1_1019L1 = prev_180L6_3270L2_3613L2_1021L2;
  cur_127L2_3267L2_3611L2_1019L2 = cur_180L7_3270L3_3613L3_1021L3;
  int __s_pac368_4757L4_1301L4=cur_180L7_3270L3_3613L3_1021L3;
  if((1)==(__s_Node_key_12_4L1_4L1[cur_180L7_3270L3_3613L3_1021L3]))
  {
    __s_Node_next_13_4L2_4L2[prev_180L6_3270L2_3613L2_1021L2] = __s_Node_next_13_4L2_4L2[cur_180L7_3270L3_3613L3_1021L3];
    ret_127L3_3267L3_3611L3_1019L3 = 1;
  }
  else
  {
    ret_127L3_3267L3_3611L3_1019L3 = 0;
  }
  int _ret_0_133L4_4334L4_4762L5_1306L5=((((int)prev_180L6_3270L2_3613L2_1021L2))*(1))+(0);
  atomic
  {
    _lock_3L0_3L0[_ret_0_133L4_4334L4_4762L5_1306L5] = 0;
  }
  int _ret_1_134L5_4335L5_4764L6_1308L6=((((int)cur_180L7_3270L3_3613L3_1021L3))*(1))+(0);
  atomic
  {
    _lock_3L0_3L0[_ret_1_134L5_4335L5_4764L6_1308L6] = 0;
  }
  _out_125L3_3266L2_3610L2_1018L2 = ret_127L3_3267L3_3611L3_1019L3;
  _has_out__127L0_3267L0_3611L0_1019L0 = 1;
  _ret_4_30L7_3263L7_3608L7_1016L7 = ret_127L3_3267L3_3611L3_1019L3;
  bit _ret_5_32L8_4338L8_4768L8_1312L8=0;
  int S_136L3_4341L0_4770L0_1314L0=0;
  bit _out_136L3_4341L1_4770L1_1314L1=0;
  bit _has_out__138L0_4342L0_4771L0_1315L0=0;
  int __s_pac372_4772L0_1316L0=0;
  int __s_pac371_4772L1_1316L1=__s_Set_tail_16_46L4_46L4[0];
  int __s_pac374_4773L0_1317L0=0;
  int __s_pac373_4773L1_1317L1=__s_Set_head_15_46L5_46L5[0];
  int __s_pac375_4773L2_1317L2=0;
  _out_136L3_4341L1_4770L1_1314L1 = (__s_Node_next_13_4L2_4L2[1])==(__s_Set_tail_16_46L4_46L4[0]);
  _has_out__138L0_4342L0_4771L0_1315L0 = 1;
  _ret_5_32L8_4338L8_4768L8_1312L8 = _out_136L3_4341L1_4770L1_1314L1;
  fork(int i_36L0_4347L0_4776L0_1320L0; 3)
  {
    int addKey_38L0_4349L0_4778L0_1323L0=i_36L0_4347L0_4776L0_1320L0; int rmKey_38L1_4349L1_4778L1_1323L1=((i_36L0_4347L0_4776L0_1320L0)+(1))%(3);
    for(int j_40L0_4351L0_4780L0_1325L0=0;(j_40L0_4351L0_4780L0_1325L0)<(1);j_40L0_4351L0_4780L0_1325L0 = (j_40L0_4351L0_4780L0_1325L0)+(1))
    {
      int prev_180L6_8681L2_9448L2_2537L2=0;
      int cur_180L7_8681L3_9448L3_2537L3;
      prev_180L6_8681L2_9448L2_2537L2 = null;
      cur_180L7_8681L3_9448L3_2537L3 = __s_Set_head_15_46L5_46L5[0];
      int _ret_0_184L1_8684L1_9451L1_2540L1=((((int)cur_180L7_8681L3_9448L3_2537L3))*(1))+(0);
      atomic((_lock_3L0_3L0[_ret_0_184L1_8684L1_9451L1_2540L1])==(0))
      {
        _lock_3L0_3L0[_ret_0_184L1_8684L1_9451L1_2540L1] = (i_36L0_4347L0_4776L0_1320L0)+(1);
      }
      for(int i_187L0_8687L0_9455L0_2544L0=0;(i_187L0_8687L0_9455L0_2544L0)<(5);i_187L0_8687L0_9455L0_2544L0 = (i_187L0_8687L0_9455L0_2544L0)+(1))
      {
        if((__s_Node_key_12_4L1_4L1[cur_180L7_8681L3_9448L3_2537L3])<(addKey_38L0_4349L0_4778L0_1323L0))
        {
          bit[4] __sa3_932L0_9394L0_10218L0_2731L0={0,0,0,0};
          __sa3_932L0_9394L0_10218L0_2731L0[0] = 0;
          __sa3_932L0_9394L0_10218L0_2731L0[1] = 0;
          __sa3_932L0_9394L0_10218L0_2731L0[2] = 0;
          __sa3_932L0_9394L0_10218L0_2731L0[3] = 0;
          if((prev_180L6_8681L2_9448L2_2537L2)!=(null))
          {
            int _ret_6_1017L2_9475L2_10307L2_2754L2=((((int)prev_180L6_8681L2_9448L2_2537L2))*(1))+(0);
            atomic
            {
              _lock_3L0_3L0[_ret_6_1017L2_9475L2_10307L2_2754L2] = 0;
            }
          }
          __sa3_932L0_9394L0_10218L0_2731L0[1] = 1;
          prev_180L6_8681L2_9448L2_2537L2 = cur_180L7_8681L3_9448L3_2537L3;
          __sa3_932L0_9394L0_10218L0_2731L0[2] = 1;
          int _ret_1_1116L0_9569L0_10409L0_2765L0=null;
          int __s_tmp_cond_elim_0_1151L0_9601L0_10441L0_2788L0=__s_Node_next_13_4L2_4L2[cur_180L7_8681L3_9448L3_2537L3];
          boolean __s_tmp_cond_elim_1_1155L0_9605L0_10445L0_2791L0=(_ret_1_1116L0_9569L0_10409L0_2765L0)!=(__s_tmp_cond_elim_0_1151L0_9601L0_10441L0_2788L0);
          if(__s_tmp_cond_elim_1_1155L0_9605L0_10445L0_2791L0)
          {
            int __s_tmp_cond_elim_0_1174L0_9623L0_10463L0_2804L0=__s_Node_next_13_4L2_4L2[cur_180L7_8681L3_9448L3_2537L3];
            int _ret_4_1177L2_9626L2_10466L2_2806L2=((((int)__s_tmp_cond_elim_0_1174L0_9623L0_10463L0_2804L0))*(1))+(0);
            atomic((_lock_3L0_3L0[_ret_4_1177L2_9626L2_10466L2_2806L2])==(0))
            {
              _lock_3L0_3L0[_ret_4_1177L2_9626L2_10466L2_2806L2] = (i_36L0_4347L0_4776L0_1320L0)+(1);
            }
          }
          __sa3_932L0_9394L0_10218L0_2731L0[0] = 1;
          cur_180L7_8681L3_9448L3_2537L3 = __s_Node_next_13_4L2_4L2[cur_180L7_8681L3_9448L3_2537L3];
          __sa3_932L0_9394L0_10218L0_2731L0[3] = 1;
        }
      }
      if((addKey_38L0_4349L0_4778L0_1323L0)<(__s_Node_key_12_4L1_4L1[cur_180L7_8681L3_9448L3_2537L3]))
      {
        int __s_tmp_new_Node_10_9745L2_10597L2_2822L2=0;
        atomic
        {
          __s_tmp_new_Node_10_9745L2_10597L2_2822L2 = __s_Node_nextInstance_11_4L0_4L0;
          __s_Node_nextInstance_11_4L0_4L0 = (__s_Node_nextInstance_11_4L0_4L0)+(1);
        }
        __s_Node_key_12_4L1_4L1[__s_tmp_new_Node_10_9745L2_10597L2_2822L2] = addKey_38L0_4349L0_4778L0_1323L0;
        __s_Node_next_13_4L2_4L2[__s_tmp_new_Node_10_9745L2_10597L2_2822L2] = cur_180L7_8681L3_9448L3_2537L3;
        __s_Node_next_13_4L2_4L2[prev_180L6_8681L2_9448L2_2537L2] = __s_tmp_new_Node_10_9745L2_10597L2_2822L2;
      }
      int _ret_1_122L4_9752L4_10604L5_2829L5=((((int)prev_180L6_8681L2_9448L2_2537L2))*(1))+(0);
      atomic
      {
        _lock_3L0_3L0[_ret_1_122L4_9752L4_10604L5_2829L5] = 0;
      }
      int _ret_2_123L5_9753L5_10606L6_2831L6=((((int)cur_180L7_8681L3_9448L3_2537L3))*(1))+(0);
      atomic
      {
        _lock_3L0_3L0[_ret_2_123L5_9753L5_10606L6_2831L6] = 0;
      }
      addKey_38L0_4349L0_4778L0_1323L0 = (addKey_38L0_4349L0_4778L0_1323L0)+(3);
      bit ret_127L3_9761L3_10614L3_2839L3=0;
      int prev_180L6_9764L2_10616L2_2841L2=0;
      int cur_180L7_9764L3_10616L3_2841L3;
      prev_180L6_9764L2_10616L2_2841L2 = null;
      cur_180L7_9764L3_10616L3_2841L3 = __s_Set_head_15_46L5_46L5[0];
      int _ret_0_184L1_9767L1_10619L1_2844L1=((((int)cur_180L7_9764L3_10616L3_2841L3))*(1))+(0);
      atomic((_lock_3L0_3L0[_ret_0_184L1_9767L1_10619L1_2844L1])==(0))
      {
        _lock_3L0_3L0[_ret_0_184L1_9767L1_10619L1_2844L1] = (i_36L0_4347L0_4776L0_1320L0)+(1);
      }
      for(int i_187L0_9770L0_10623L0_2848L0=0;(i_187L0_9770L0_10623L0_2848L0)<(5);i_187L0_9770L0_10623L0_2848L0 = (i_187L0_9770L0_10623L0_2848L0)+(1))
      {
        if((__s_Node_key_12_4L1_4L1[cur_180L7_9764L3_10616L3_2841L3])<(rmKey_38L1_4349L1_4778L1_1323L1))
        {
          bit[4] __sa3_932L0_10477L0_11386L0_3035L0={0,0,0,0};
          __sa3_932L0_10477L0_11386L0_3035L0[0] = 0;
          __sa3_932L0_10477L0_11386L0_3035L0[1] = 0;
          __sa3_932L0_10477L0_11386L0_3035L0[2] = 0;
          __sa3_932L0_10477L0_11386L0_3035L0[3] = 0;
          if((prev_180L6_9764L2_10616L2_2841L2)!=(null))
          {
            int _ret_6_1017L2_10558L2_11475L2_3058L2=((((int)prev_180L6_9764L2_10616L2_2841L2))*(1))+(0);
            atomic
            {
              _lock_3L0_3L0[_ret_6_1017L2_10558L2_11475L2_3058L2] = 0;
            }
          }
          __sa3_932L0_10477L0_11386L0_3035L0[1] = 1;
          prev_180L6_9764L2_10616L2_2841L2 = cur_180L7_9764L3_10616L3_2841L3;
          __sa3_932L0_10477L0_11386L0_3035L0[2] = 1;
          int _ret_1_1116L0_10652L0_11577L0_3069L0=null;
          int __s_tmp_cond_elim_0_1151L0_10684L0_11609L0_3092L0=__s_Node_next_13_4L2_4L2[cur_180L7_9764L3_10616L3_2841L3];
          boolean __s_tmp_cond_elim_1_1155L0_10688L0_11613L0_3095L0=(_ret_1_1116L0_10652L0_11577L0_3069L0)!=(__s_tmp_cond_elim_0_1151L0_10684L0_11609L0_3092L0);
          if(__s_tmp_cond_elim_1_1155L0_10688L0_11613L0_3095L0)
          {
            int __s_tmp_cond_elim_0_1174L0_10706L0_11631L0_3108L0=__s_Node_next_13_4L2_4L2[cur_180L7_9764L3_10616L3_2841L3];
            int _ret_4_1177L2_10709L2_11634L2_3110L2=((((int)__s_tmp_cond_elim_0_1174L0_10706L0_11631L0_3108L0))*(1))+(0);
            atomic((_lock_3L0_3L0[_ret_4_1177L2_10709L2_11634L2_3110L2])==(0))
            {
              _lock_3L0_3L0[_ret_4_1177L2_10709L2_11634L2_3110L2] = (i_36L0_4347L0_4776L0_1320L0)+(1);
            }
          }
          __sa3_932L0_10477L0_11386L0_3035L0[0] = 1;
          cur_180L7_9764L3_10616L3_2841L3 = __s_Node_next_13_4L2_4L2[cur_180L7_9764L3_10616L3_2841L3];
          __sa3_932L0_10477L0_11386L0_3035L0[3] = 1;
        }
      }
      if((rmKey_38L1_4349L1_4778L1_1323L1)==(__s_Node_key_12_4L1_4L1[cur_180L7_9764L3_10616L3_2841L3]))
      {
        __s_Node_next_13_4L2_4L2[prev_180L6_9764L2_10616L2_2841L2] = __s_Node_next_13_4L2_4L2[cur_180L7_9764L3_10616L3_2841L3];
        ret_127L3_9761L3_10614L3_2839L3 = 1;
      }
      else
      {
        ret_127L3_9761L3_10614L3_2839L3 = 0;
      }
      int _ret_0_133L4_10828L4_11765L5_3126L5=((((int)prev_180L6_9764L2_10616L2_2841L2))*(1))+(0);
      atomic
      {
        _lock_3L0_3L0[_ret_0_133L4_10828L4_11765L5_3126L5] = 0;
      }
      int _ret_1_134L5_10829L5_11767L6_3128L6=((((int)cur_180L7_9764L3_10616L3_2841L3))*(1))+(0);
      atomic
      {
        _lock_3L0_3L0[_ret_1_134L5_10829L5_11767L6_3128L6] = 0;
      }
      removed_24L3_24L3_110L3_110L3[rmKey_38L1_4349L1_4778L1_1323L1] = ret_127L3_9761L3_10614L3_2839L3;
      rmKey_38L1_4349L1_4778L1_1323L1 = ((rmKey_38L1_4349L1_4778L1_1323L1)+(3))%(3);
    }
  }
  for(int k_65L0_10876L0_11814L0_3175L0=0;(k_65L0_10876L0_11814L0_3175L0)<(3);k_65L0_10876L0_11814L0_3175L0 = (k_65L0_10876L0_11814L0_3175L0)+(1))
  {
    if(removed_24L3_24L3_110L3_110L3[k_65L0_10876L0_11814L0_3175L0])
    {
      int prev_180L6_17363L2_18809L2_4986L2=0;
      int cur_180L7_17363L3_18809L3_4986L3;
      prev_180L6_17363L2_18809L2_4986L2 = null;
      cur_180L7_17363L3_18809L3_4986L3 = __s_Set_head_15_46L5_46L5[0];
      int _ret_0_184L1_17366L1_18812L1_4989L1=((((int)cur_180L7_17363L3_18809L3_4986L3))*(1))+(0);
      atomic((_lock_3L0_3L0[_ret_0_184L1_17366L1_18812L1_4989L1])==(0))
      {
        _lock_3L0_3L0[_ret_0_184L1_17366L1_18812L1_4989L1] = -1;
      }
      for(int i_187L0_17369L0_18816L0_4993L0=0;(i_187L0_17369L0_18816L0_4993L0)<(5);i_187L0_17369L0_18816L0_4993L0 = (i_187L0_17369L0_18816L0_4993L0)+(1))
      {
        if((__s_Node_key_12_4L1_4L1[cur_180L7_17363L3_18809L3_4986L3])<(k_65L0_10876L0_11814L0_3175L0))
        {
          bit[4] __sa3_932L0_18076L0_19579L0_5180L0={0,0,0,0};
          __sa3_932L0_18076L0_19579L0_5180L0[0] = 0;
          __sa3_932L0_18076L0_19579L0_5180L0[1] = 0;
          __sa3_932L0_18076L0_19579L0_5180L0[2] = 0;
          __sa3_932L0_18076L0_19579L0_5180L0[3] = 0;
          if((prev_180L6_17363L2_18809L2_4986L2)!=(null))
          {
            int _ret_6_1017L2_18157L2_19668L2_5203L2=((((int)prev_180L6_17363L2_18809L2_4986L2))*(1))+(0);
            atomic
            {
              _lock_3L0_3L0[_ret_6_1017L2_18157L2_19668L2_5203L2] = 0;
            }
          }
          __sa3_932L0_18076L0_19579L0_5180L0[1] = 1;
          prev_180L6_17363L2_18809L2_4986L2 = cur_180L7_17363L3_18809L3_4986L3;
          __sa3_932L0_18076L0_19579L0_5180L0[2] = 1;
          int _ret_1_1116L0_18251L0_19770L0_5214L0=null;
          int __s_tmp_cond_elim_0_1151L0_18283L0_19802L0_5237L0=__s_Node_next_13_4L2_4L2[cur_180L7_17363L3_18809L3_4986L3];
          boolean __s_tmp_cond_elim_1_1155L0_18287L0_19806L0_5240L0=(_ret_1_1116L0_18251L0_19770L0_5214L0)!=(__s_tmp_cond_elim_0_1151L0_18283L0_19802L0_5237L0);
          if(__s_tmp_cond_elim_1_1155L0_18287L0_19806L0_5240L0)
          {
            int __s_tmp_cond_elim_0_1174L0_18305L0_19824L0_5253L0=__s_Node_next_13_4L2_4L2[cur_180L7_17363L3_18809L3_4986L3];
            int _ret_4_1177L2_18308L2_19827L2_5255L2=((((int)__s_tmp_cond_elim_0_1174L0_18305L0_19824L0_5253L0))*(1))+(0);
            atomic((_lock_3L0_3L0[_ret_4_1177L2_18308L2_19827L2_5255L2])==(0))
            {
              _lock_3L0_3L0[_ret_4_1177L2_18308L2_19827L2_5255L2] = -1;
            }
          }
          __sa3_932L0_18076L0_19579L0_5180L0[0] = 1;
          cur_180L7_17363L3_18809L3_4986L3 = __s_Node_next_13_4L2_4L2[cur_180L7_17363L3_18809L3_4986L3];
          __sa3_932L0_18076L0_19579L0_5180L0[3] = 1;
        }
      }
      if((k_65L0_10876L0_11814L0_3175L0)==(__s_Node_key_12_4L1_4L1[cur_180L7_17363L3_18809L3_4986L3]))
      {
        __s_Node_next_13_4L2_4L2[prev_180L6_17363L2_18809L2_4986L2] = __s_Node_next_13_4L2_4L2[cur_180L7_17363L3_18809L3_4986L3];
      }
      int _ret_0_133L4_18427L4_19958L5_5271L5=((((int)prev_180L6_17363L2_18809L2_4986L2))*(1))+(0);
      atomic
      {
        _lock_3L0_3L0[_ret_0_133L4_18427L4_19958L5_5271L5] = 0;
      }
      int _ret_1_134L5_18428L5_19960L6_5273L6=((((int)cur_180L7_17363L3_18809L3_4986L3))*(1))+(0);
      atomic
      {
        _lock_3L0_3L0[_ret_1_134L5_18428L5_19960L6_5273L6] = 0;
      }
    }
    else
    {
      int prev_180L6_18440L2_19971L2_5284L2=0;
      int cur_180L7_18440L3_19971L3_5284L3;
      prev_180L6_18440L2_19971L2_5284L2 = null;
      cur_180L7_18440L3_19971L3_5284L3 = __s_Set_head_15_46L5_46L5[0];
      int _ret_0_184L1_18443L1_19974L1_5287L1=((((int)cur_180L7_18440L3_19971L3_5284L3))*(1))+(0);
      atomic((_lock_3L0_3L0[_ret_0_184L1_18443L1_19974L1_5287L1])==(0))
      {
        _lock_3L0_3L0[_ret_0_184L1_18443L1_19974L1_5287L1] = -1;
      }
      for(int i_187L0_18446L0_19978L0_5291L0=0;(i_187L0_18446L0_19978L0_5291L0)<(5);i_187L0_18446L0_19978L0_5291L0 = (i_187L0_18446L0_19978L0_5291L0)+(1))
      {
        if((__s_Node_key_12_4L1_4L1[cur_180L7_18440L3_19971L3_5284L3])<(k_65L0_10876L0_11814L0_3175L0))
        {
          bit[4] __sa3_932L0_19153L0_20741L0_5478L0={0,0,0,0};
          __sa3_932L0_19153L0_20741L0_5478L0[0] = 0;
          __sa3_932L0_19153L0_20741L0_5478L0[1] = 0;
          __sa3_932L0_19153L0_20741L0_5478L0[2] = 0;
          __sa3_932L0_19153L0_20741L0_5478L0[3] = 0;
          if((prev_180L6_18440L2_19971L2_5284L2)!=(null))
          {
            int _ret_6_1017L2_19234L2_20830L2_5501L2=((((int)prev_180L6_18440L2_19971L2_5284L2))*(1))+(0);
            atomic
            {
              _lock_3L0_3L0[_ret_6_1017L2_19234L2_20830L2_5501L2] = 0;
            }
          }
          __sa3_932L0_19153L0_20741L0_5478L0[1] = 1;
          prev_180L6_18440L2_19971L2_5284L2 = cur_180L7_18440L3_19971L3_5284L3;
          __sa3_932L0_19153L0_20741L0_5478L0[2] = 1;
          int _ret_1_1116L0_19328L0_20932L0_5512L0=null;
          int __s_tmp_cond_elim_0_1151L0_19360L0_20964L0_5535L0=__s_Node_next_13_4L2_4L2[cur_180L7_18440L3_19971L3_5284L3];
          boolean __s_tmp_cond_elim_1_1155L0_19364L0_20968L0_5538L0=(_ret_1_1116L0_19328L0_20932L0_5512L0)!=(__s_tmp_cond_elim_0_1151L0_19360L0_20964L0_5535L0);
          if(__s_tmp_cond_elim_1_1155L0_19364L0_20968L0_5538L0)
          {
            int __s_tmp_cond_elim_0_1174L0_19382L0_20986L0_5551L0=__s_Node_next_13_4L2_4L2[cur_180L7_18440L3_19971L3_5284L3];
            int _ret_4_1177L2_19385L2_20989L2_5553L2=((((int)__s_tmp_cond_elim_0_1174L0_19382L0_20986L0_5551L0))*(1))+(0);
            atomic((_lock_3L0_3L0[_ret_4_1177L2_19385L2_20989L2_5553L2])==(0))
            {
              _lock_3L0_3L0[_ret_4_1177L2_19385L2_20989L2_5553L2] = -1;
            }
          }
          __sa3_932L0_19153L0_20741L0_5478L0[0] = 1;
          cur_180L7_18440L3_19971L3_5284L3 = __s_Node_next_13_4L2_4L2[cur_180L7_18440L3_19971L3_5284L3];
          __sa3_932L0_19153L0_20741L0_5478L0[3] = 1;
        }
      }
      if((k_65L0_10876L0_11814L0_3175L0)<(__s_Node_key_12_4L1_4L1[cur_180L7_18440L3_19971L3_5284L3]))
      {
        int __s_tmp_new_Node_10_19504L2_21120L2_5569L2=0;
        atomic
        {
          __s_tmp_new_Node_10_19504L2_21120L2_5569L2 = __s_Node_nextInstance_11_4L0_4L0;
          __s_Node_nextInstance_11_4L0_4L0 = (__s_Node_nextInstance_11_4L0_4L0)+(1);
        }
        __s_Node_key_12_4L1_4L1[__s_tmp_new_Node_10_19504L2_21120L2_5569L2] = k_65L0_10876L0_11814L0_3175L0;
        __s_Node_next_13_4L2_4L2[__s_tmp_new_Node_10_19504L2_21120L2_5569L2] = cur_180L7_18440L3_19971L3_5284L3;
        __s_Node_next_13_4L2_4L2[prev_180L6_18440L2_19971L2_5284L2] = __s_tmp_new_Node_10_19504L2_21120L2_5569L2;
      }
      int _ret_1_122L4_19511L4_21127L5_5576L5=((((int)prev_180L6_18440L2_19971L2_5284L2))*(1))+(0);
      atomic
      {
        _lock_3L0_3L0[_ret_1_122L4_19511L4_21127L5_5576L5] = 0;
      }
      int _ret_2_123L5_19512L5_21129L6_5578L6=((((int)cur_180L7_18440L3_19971L3_5284L3))*(1))+(0);
      atomic
      {
        _lock_3L0_3L0[_ret_2_123L5_19512L5_21129L6_5578L6] = 0;
      }
      int prev_180L6_19522L2_21138L2_5587L2=0;
      int cur_180L7_19522L3_21138L3_5587L3;
      prev_180L6_19522L2_21138L2_5587L2 = null;
      cur_180L7_19522L3_21138L3_5587L3 = __s_Set_head_15_46L5_46L5[0];
      int _ret_0_184L1_19525L1_21141L1_5590L1=((((int)cur_180L7_19522L3_21138L3_5587L3))*(1))+(0);
      atomic((_lock_3L0_3L0[_ret_0_184L1_19525L1_21141L1_5590L1])==(0))
      {
        _lock_3L0_3L0[_ret_0_184L1_19525L1_21141L1_5590L1] = -1;
      }
      for(int i_187L0_19528L0_21145L0_5594L0=0;(i_187L0_19528L0_21145L0_5594L0)<(5);i_187L0_19528L0_21145L0_5594L0 = (i_187L0_19528L0_21145L0_5594L0)+(1))
      {
        if((__s_Node_key_12_4L1_4L1[cur_180L7_19522L3_21138L3_5587L3])<(k_65L0_10876L0_11814L0_3175L0))
        {
          bit[4] __sa3_932L0_20235L0_21908L0_5781L0={0,0,0,0};
          __sa3_932L0_20235L0_21908L0_5781L0[0] = 0;
          __sa3_932L0_20235L0_21908L0_5781L0[1] = 0;
          __sa3_932L0_20235L0_21908L0_5781L0[2] = 0;
          __sa3_932L0_20235L0_21908L0_5781L0[3] = 0;
          if((prev_180L6_19522L2_21138L2_5587L2)!=(null))
          {
            int _ret_6_1017L2_20316L2_21997L2_5804L2=((((int)prev_180L6_19522L2_21138L2_5587L2))*(1))+(0);
            atomic
            {
              _lock_3L0_3L0[_ret_6_1017L2_20316L2_21997L2_5804L2] = 0;
            }
          }
          __sa3_932L0_20235L0_21908L0_5781L0[1] = 1;
          prev_180L6_19522L2_21138L2_5587L2 = cur_180L7_19522L3_21138L3_5587L3;
          __sa3_932L0_20235L0_21908L0_5781L0[2] = 1;
          int _ret_1_1116L0_20410L0_22099L0_5815L0=null;
          int __s_tmp_cond_elim_0_1151L0_20442L0_22131L0_5838L0=__s_Node_next_13_4L2_4L2[cur_180L7_19522L3_21138L3_5587L3];
          boolean __s_tmp_cond_elim_1_1155L0_20446L0_22135L0_5841L0=(_ret_1_1116L0_20410L0_22099L0_5815L0)!=(__s_tmp_cond_elim_0_1151L0_20442L0_22131L0_5838L0);
          if(__s_tmp_cond_elim_1_1155L0_20446L0_22135L0_5841L0)
          {
            int __s_tmp_cond_elim_0_1174L0_20464L0_22153L0_5854L0=__s_Node_next_13_4L2_4L2[cur_180L7_19522L3_21138L3_5587L3];
            int _ret_4_1177L2_20467L2_22156L2_5856L2=((((int)__s_tmp_cond_elim_0_1174L0_20464L0_22153L0_5854L0))*(1))+(0);
            atomic((_lock_3L0_3L0[_ret_4_1177L2_20467L2_22156L2_5856L2])==(0))
            {
              _lock_3L0_3L0[_ret_4_1177L2_20467L2_22156L2_5856L2] = -1;
            }
          }
          __sa3_932L0_20235L0_21908L0_5781L0[0] = 1;
          cur_180L7_19522L3_21138L3_5587L3 = __s_Node_next_13_4L2_4L2[cur_180L7_19522L3_21138L3_5587L3];
          __sa3_932L0_20235L0_21908L0_5781L0[3] = 1;
        }
      }
      if((k_65L0_10876L0_11814L0_3175L0)==(__s_Node_key_12_4L1_4L1[cur_180L7_19522L3_21138L3_5587L3]))
      {
        __s_Node_next_13_4L2_4L2[prev_180L6_19522L2_21138L2_5587L2] = __s_Node_next_13_4L2_4L2[cur_180L7_19522L3_21138L3_5587L3];
      }
      int _ret_0_133L4_20586L4_22287L5_5872L5=((((int)prev_180L6_19522L2_21138L2_5587L2))*(1))+(0);
      atomic
      {
        _lock_3L0_3L0[_ret_0_133L4_20586L4_22287L5_5872L5] = 0;
      }
      int _ret_1_134L5_20587L5_22289L6_5874L6=((((int)cur_180L7_19522L3_21138L3_5587L3))*(1))+(0);
      atomic
      {
        _lock_3L0_3L0[_ret_1_134L5_20587L5_22289L6_5874L6] = 0;
      }
    }
  }
  _out_1L0_1L0_1L0_1L0 = 1;
}
void T([!bit _out_104L1_20598L1_22300L1_5885L1])
{
  int[10] __s_Node_key_18_22302L1_5887L1={0,0,0,0,0,0,0,0,0,0}; int[10] __s_Node_next_19_22302L2_5887L2={0,0,0,0,0,0,0,0,0,0};
  __s_Node_key_18_22302L1_5887L1[0] = 0;
  __s_Node_key_18_22302L1_5887L1[1] = 0;
  __s_Node_key_18_22302L1_5887L1[2] = 0;
  __s_Node_key_18_22302L1_5887L1[3] = 0;
  __s_Node_key_18_22302L1_5887L1[4] = 0;
  __s_Node_key_18_22302L1_5887L1[5] = 0;
  __s_Node_key_18_22302L1_5887L1[6] = 0;
  __s_Node_key_18_22302L1_5887L1[7] = 0;
  __s_Node_key_18_22302L1_5887L1[8] = 0;
  __s_Node_key_18_22302L1_5887L1[9] = 0;
  int __s_tmp_cond_elim_58_22325L0_5910L0=null;
  __s_Node_next_19_22302L2_5887L2[0] = __s_tmp_cond_elim_58_22325L0_5910L0;
  int __s_tmp_cond_elim_58_22327L0_5912L0=null;
  __s_Node_next_19_22302L2_5887L2[1] = __s_tmp_cond_elim_58_22327L0_5912L0;
  int __s_tmp_cond_elim_58_22329L0_5914L0=null;
  __s_Node_next_19_22302L2_5887L2[2] = __s_tmp_cond_elim_58_22329L0_5914L0;
  int __s_tmp_cond_elim_58_22331L0_5916L0=null;
  __s_Node_next_19_22302L2_5887L2[3] = __s_tmp_cond_elim_58_22331L0_5916L0;
  int __s_tmp_cond_elim_58_22333L0_5918L0=null;
  __s_Node_next_19_22302L2_5887L2[4] = __s_tmp_cond_elim_58_22333L0_5918L0;
  int __s_tmp_cond_elim_58_22335L0_5920L0=null;
  __s_Node_next_19_22302L2_5887L2[5] = __s_tmp_cond_elim_58_22335L0_5920L0;
  int __s_tmp_cond_elim_58_22337L0_5922L0=null;
  __s_Node_next_19_22302L2_5887L2[6] = __s_tmp_cond_elim_58_22337L0_5922L0;
  int __s_tmp_cond_elim_58_22339L0_5924L0=null;
  __s_Node_next_19_22302L2_5887L2[7] = __s_tmp_cond_elim_58_22339L0_5924L0;
  int __s_tmp_cond_elim_58_22341L0_5926L0=null;
  __s_Node_next_19_22302L2_5887L2[8] = __s_tmp_cond_elim_58_22341L0_5926L0;
  int __s_tmp_cond_elim_58_22343L0_5928L0=null;
  __s_Node_next_19_22302L2_5887L2[9] = __s_tmp_cond_elim_58_22343L0_5928L0;
  int[10] __s_Set_tail_22_22344L4_5929L4={0,0,0,0,0,0,0,0,0,0}; int[10] __s_Set_head_21_22344L5_5929L5={0,0,0,0,0,0,0,0,0,0};
  int __s_tmp_cond_elim_59_22346L0_5931L0=null;
  __s_Set_tail_22_22344L4_5929L4[0] = __s_tmp_cond_elim_59_22346L0_5931L0;
  int __s_tmp_cond_elim_59_22348L0_5933L0=null;
  __s_Set_tail_22_22344L4_5929L4[1] = __s_tmp_cond_elim_59_22348L0_5933L0;
  int __s_tmp_cond_elim_59_22350L0_5935L0=null;
  __s_Set_tail_22_22344L4_5929L4[2] = __s_tmp_cond_elim_59_22350L0_5935L0;
  int __s_tmp_cond_elim_59_22352L0_5937L0=null;
  __s_Set_tail_22_22344L4_5929L4[3] = __s_tmp_cond_elim_59_22352L0_5937L0;
  int __s_tmp_cond_elim_59_22354L0_5939L0=null;
  __s_Set_tail_22_22344L4_5929L4[4] = __s_tmp_cond_elim_59_22354L0_5939L0;
  int __s_tmp_cond_elim_59_22356L0_5941L0=null;
  __s_Set_tail_22_22344L4_5929L4[5] = __s_tmp_cond_elim_59_22356L0_5941L0;
  int __s_tmp_cond_elim_59_22358L0_5943L0=null;
  __s_Set_tail_22_22344L4_5929L4[6] = __s_tmp_cond_elim_59_22358L0_5943L0;
  int __s_tmp_cond_elim_59_22360L0_5945L0=null;
  __s_Set_tail_22_22344L4_5929L4[7] = __s_tmp_cond_elim_59_22360L0_5945L0;
  int __s_tmp_cond_elim_59_22362L0_5947L0=null;
  __s_Set_tail_22_22344L4_5929L4[8] = __s_tmp_cond_elim_59_22362L0_5947L0;
  int __s_tmp_cond_elim_59_22364L0_5949L0=null;
  __s_Set_tail_22_22344L4_5929L4[9] = __s_tmp_cond_elim_59_22364L0_5949L0;
  int __s_tmp_cond_elim_60_22367L0_5952L0=null;
  __s_Set_head_21_22344L5_5929L5[0] = __s_tmp_cond_elim_60_22367L0_5952L0;
  int __s_tmp_cond_elim_60_22369L0_5954L0=null;
  __s_Set_head_21_22344L5_5929L5[1] = __s_tmp_cond_elim_60_22369L0_5954L0;
  int __s_tmp_cond_elim_60_22371L0_5956L0=null;
  __s_Set_head_21_22344L5_5929L5[2] = __s_tmp_cond_elim_60_22371L0_5956L0;
  int __s_tmp_cond_elim_60_22373L0_5958L0=null;
  __s_Set_head_21_22344L5_5929L5[3] = __s_tmp_cond_elim_60_22373L0_5958L0;
  int __s_tmp_cond_elim_60_22375L0_5960L0=null;
  __s_Set_head_21_22344L5_5929L5[4] = __s_tmp_cond_elim_60_22375L0_5960L0;
  int __s_tmp_cond_elim_60_22377L0_5962L0=null;
  __s_Set_head_21_22344L5_5929L5[5] = __s_tmp_cond_elim_60_22377L0_5962L0;
  int __s_tmp_cond_elim_60_22379L0_5964L0=null;
  __s_Set_head_21_22344L5_5929L5[6] = __s_tmp_cond_elim_60_22379L0_5964L0;
  int __s_tmp_cond_elim_60_22381L0_5966L0=null;
  __s_Set_head_21_22344L5_5929L5[7] = __s_tmp_cond_elim_60_22381L0_5966L0;
  int __s_tmp_cond_elim_60_22383L0_5968L0=null;
  __s_Set_head_21_22344L5_5929L5[8] = __s_tmp_cond_elim_60_22383L0_5968L0;
  int __s_tmp_cond_elim_60_22385L0_5970L0=null;
  __s_Set_head_21_22344L5_5929L5[9] = __s_tmp_cond_elim_60_22385L0_5970L0;
  _out_104L1_20598L1_22300L1_5885L1 = 1;
}
void lock([int mem])
void unlock([int mem])

===== Compilation statistics =====
  Solved? -----------------------------> true
  Number of iterations ----------------> 1
  Maximum memory usage (MiB) ----------> 249.0
  Total elapsed time (s) --------------> 363.893
    % frontend ............ 2.471331
    % verification ........ 97.09063
    % synthesis ........... 0.43804085
  Total solution time (s) -------------> 279.583
    % verification ........ 99.79827
    % synthesis ........... 0.201729

  Synthesizer statistics:  
    [solver stats]
    Number of calls -------------------> 1
    Total elapsed time (s) ------------> 1.594
    Total model building time (s) -----> 1.025
    Total solution time (s) -----------> 0.564
    Maximum memory usage (MiB) --------> 29.03125
    Average elapsed time (s) ----------> 1.594
    Average model building time (s) ---> 1.025
    Average solution time (s) ---------> 0.564
    Average memory usage (MiB) --------> 29.03125

  Verifier statistics:     
    [solver stats]
    Number of calls -------------------> 2
    Total elapsed time (s) ------------> 353.306
    Total model building time (s) -----> 74.287
    Total solution time (s) -----------> 279.019
    Maximum memory usage (MiB) --------> 169.375
    Average elapsed time (s) ----------> 176.653
    Average model building time (s) ---> 37.143
    Average solution time (s) ---------> 139.509
    Average memory usage (MiB) --------> 88.8125

  Frontend statistics:     
    Total elapsed time (s) ------------> 8.993
    Max memory usage (MiB) ------------> 79.625

[PSKETCH] DONE!
