Iteration 0
[SPINVERIF][2] Stats for last run:
      [solution stats]
      successful? ---------------------> false
      elapsed time (s) ----------------> 12.076
      model building time (s) ---------> 12.067
      solution time (s) ---------------> 0.0090
      max memory usage (MiB) ----------> 6.6879997
      [SPIN-specific stats]
      codegen time (s) ----------------> 2.324
      codegen memory (MiB) ------------> 0.0
      compiler time (s) ---------------> 9.743
      compiler memory (MiB) -----------> 0.0
      total SPIN time (s) -------------> 0.0090
      total SPIN mem (MiB) ------------> 6.6879997
      actual state mem (MiB) ----------> 0.0
      equiv state mem (MiB) -----------> 0.0
      state compression (%) -----------> 0.0
      # states explored ---------------> 477
      state exploration rate (states/s)> 0

[SATBackend] Stats for last run:
      [solution stats]
      successful? ---------------------> true
      elapsed time (s) ----------------> 0.361
      model building time (s) ---------> 0.23
      solution time (s) ---------------> 0.126
      max memory usage (MiB) ----------> 17.542969
      [SAT-specific solution stats]
      initial number of nodes ---------> 12725
      number of nodes after opts ------> 2014
      number of controls --------------> 33
      total number of control bits ----> 75

Iteration 1
[SPINVERIF][2] Stats for last run:
      [solution stats]
      successful? ---------------------> false
      elapsed time (s) ----------------> 11.973
      model building time (s) ---------> 11.954
      solution time (s) ---------------> 0.019
      max memory usage (MiB) ----------> 6.6879997
      [SPIN-specific stats]
      codegen time (s) ----------------> 2.264
      codegen memory (MiB) ------------> 0.0
      compiler time (s) ---------------> 9.69
      compiler memory (MiB) -----------> 0.0
      total SPIN time (s) -------------> 0.019
      total SPIN mem (MiB) ------------> 6.6879997
      actual state mem (MiB) ----------> 0.0
      equiv state mem (MiB) -----------> 0.0
      state compression (%) -----------> 0.0
      # states explored ---------------> 804
      state exploration rate (states/s)> 0

[SATBackend] Stats for last run:
      [solution stats]
      successful? ---------------------> true
      elapsed time (s) ----------------> 0.746
      model building time (s) ---------> 0.522
      solution time (s) ---------------> 0.218
      max memory usage (MiB) ----------> 19.730469
      [SAT-specific solution stats]
      initial number of nodes ---------> 26698
      number of nodes after opts ------> 2202
      number of controls --------------> 33
      total number of control bits ----> 75

Iteration 2
[SPINVERIF][2] Stats for last run:
      [solution stats]
      successful? ---------------------> false
      elapsed time (s) ----------------> 12.006
      model building time (s) ---------> 11.956
      solution time (s) ---------------> 0.05
      max memory usage (MiB) ----------> 8.25
      [SPIN-specific stats]
      codegen time (s) ----------------> 2.275
      codegen memory (MiB) ------------> 0.0
      compiler time (s) ---------------> 9.681
      compiler memory (MiB) -----------> 0.0
      total SPIN time (s) -------------> 0.05
      total SPIN mem (MiB) ------------> 8.25
      actual state mem (MiB) ----------> 0.0
      equiv state mem (MiB) -----------> 0.0
      state compression (%) -----------> 0.0
      # states explored ---------------> 1330
      state exploration rate (states/s)> 0

[SATBackend] Stats for last run:
      [solution stats]
      successful? ---------------------> true
      elapsed time (s) ----------------> 3.496
      model building time (s) ---------> 1.759
      solution time (s) ---------------> 1.73
      max memory usage (MiB) ----------> 42.703125
      [SAT-specific solution stats]
      initial number of nodes ---------> 75147
      number of nodes after opts ------> 8565
      number of controls --------------> 33
      total number of control bits ----> 75

Iteration 3
[SPINVERIF][2] Stats for last run:
      [solution stats]
      successful? ---------------------> false
      elapsed time (s) ----------------> 12.511
      model building time (s) ---------> 11.982
      solution time (s) ---------------> 0.529
      max memory usage (MiB) ----------> 8.25
      [SPIN-specific stats]
      codegen time (s) ----------------> 2.27
      codegen memory (MiB) ------------> 0.0
      compiler time (s) ---------------> 9.712
      compiler memory (MiB) -----------> 0.0
      total SPIN time (s) -------------> 0.529
      total SPIN mem (MiB) ------------> 8.25
      actual state mem (MiB) ----------> 7.4749994
      equiv state mem (MiB) -----------> 41.858
      state compression (%) -----------> 17.857994
      # states explored ---------------> 12598
      state exploration rate (states/s)> 0

[SATBackend] Stats for last run:
      [solution stats]
      successful? ---------------------> true
      elapsed time (s) ----------------> 8.767
      model building time (s) ---------> 3.05
      solution time (s) ---------------> 5.711
      max memory usage (MiB) ----------> 57.476562
      [SAT-specific solution stats]
      initial number of nodes ---------> 123596
      number of nodes after opts ------> 13485
      number of controls --------------> 33
      total number of control bits ----> 75

Iteration 4
[SPINVERIF][2] Stats for last run:
      [solution stats]
      successful? ---------------------> false
      elapsed time (s) ----------------> 12.858
      model building time (s) ---------> 12.039
      solution time (s) ---------------> 0.819
      max memory usage (MiB) ----------> 8.25
      [SPIN-specific stats]
      codegen time (s) ----------------> 2.278
      codegen memory (MiB) ------------> 0.0
      compiler time (s) ---------------> 9.761
      compiler memory (MiB) -----------> 0.0
      total SPIN time (s) -------------> 0.819
      total SPIN mem (MiB) ------------> 8.25
      actual state mem (MiB) ----------> 7.4749994
      equiv state mem (MiB) -----------> 62.362
      state compression (%) -----------> 11.986465
      # states explored ---------------> 18769
      state exploration rate (states/s)> 0

[SATBackend] Stats for last run:
      [solution stats]
      successful? ---------------------> true
      elapsed time (s) ----------------> 12.804
      model building time (s) ---------> 4.365
      solution time (s) ---------------> 8.434
      max memory usage (MiB) ----------> 69.3125
      [SAT-specific solution stats]
      initial number of nodes ---------> 172045
      number of nodes after opts ------> 18214
      number of controls --------------> 33
      total number of control bits ----> 75

Iteration 5
[SPINVERIF][2] Stats for last run:
      [solution stats]
      successful? ---------------------> true
      elapsed time (s) ----------------> 15.875
      model building time (s) ---------> 11.985
      solution time (s) ---------------> 3.89
      max memory usage (MiB) ----------> 17.625
      [SPIN-specific stats]
      codegen time (s) ----------------> 2.278
      codegen memory (MiB) ------------> 0.0
      compiler time (s) ---------------> 9.707
      compiler memory (MiB) -----------> 0.0
      total SPIN time (s) -------------> 3.89
      total SPIN mem (MiB) ------------> 17.625
      actual state mem (MiB) ----------> 6.8529997
      equiv state mem (MiB) -----------> 277.936
      state compression (%) -----------> 2.4656754
      # states explored ---------------> 83650
      state exploration rate (states/s)> 0

void main([!bit _out_1L0_1L0_1L0_1L0]) implements T
{
  int __s_Node_nextInstance_16_3L0_3L0=0; int[10] __s_Node_obj_17_3L1_3L1={0,0,0,0,0,0,0,0,0,0}; int[10] __s_Node_next_18_3L2_3L2={0,0,0,0,0,0,0,0,0,0}; bit[10] __s_Node_taken_19_3L3_3L3={0,0,0,0,0,0,0,0,0,0};
  int __s_tmp_cond_elim_54_5L0_5L0=0;
  int __s_pac68_6L0_6L0=0;
  __s_tmp_cond_elim_54_5L0_5L0 = null;
  int __s_pac69_6L1_6L1=0;
  __s_Node_obj_17_3L1_3L1[0] = __s_tmp_cond_elim_54_5L0_5L0;
  int __s_tmp_cond_elim_54_7L0_7L0=0;
  int __s_pac68_8L0_8L0=1;
  __s_tmp_cond_elim_54_7L0_7L0 = null;
  int __s_pac69_8L1_8L1=1;
  __s_Node_obj_17_3L1_3L1[1] = __s_tmp_cond_elim_54_7L0_7L0;
  int __s_tmp_cond_elim_54_9L0_9L0=0;
  int __s_pac68_10L0_10L0=2;
  __s_tmp_cond_elim_54_9L0_9L0 = null;
  int __s_pac69_10L1_10L1=2;
  __s_Node_obj_17_3L1_3L1[2] = __s_tmp_cond_elim_54_9L0_9L0;
  int __s_tmp_cond_elim_54_11L0_11L0=0;
  int __s_pac68_12L0_12L0=3;
  __s_tmp_cond_elim_54_11L0_11L0 = null;
  int __s_pac69_12L1_12L1=3;
  __s_Node_obj_17_3L1_3L1[3] = __s_tmp_cond_elim_54_11L0_11L0;
  int __s_tmp_cond_elim_54_13L0_13L0=0;
  int __s_pac68_14L0_14L0=4;
  __s_tmp_cond_elim_54_13L0_13L0 = null;
  int __s_pac69_14L1_14L1=4;
  __s_Node_obj_17_3L1_3L1[4] = __s_tmp_cond_elim_54_13L0_13L0;
  int __s_tmp_cond_elim_54_15L0_15L0=0;
  int __s_pac68_16L0_16L0=5;
  __s_tmp_cond_elim_54_15L0_15L0 = null;
  int __s_pac69_16L1_16L1=5;
  __s_Node_obj_17_3L1_3L1[5] = __s_tmp_cond_elim_54_15L0_15L0;
  int __s_tmp_cond_elim_54_17L0_17L0=0;
  int __s_pac68_18L0_18L0=6;
  __s_tmp_cond_elim_54_17L0_17L0 = null;
  int __s_pac69_18L1_18L1=6;
  __s_Node_obj_17_3L1_3L1[6] = __s_tmp_cond_elim_54_17L0_17L0;
  int __s_tmp_cond_elim_54_19L0_19L0=0;
  int __s_pac68_20L0_20L0=7;
  __s_tmp_cond_elim_54_19L0_19L0 = null;
  int __s_pac69_20L1_20L1=7;
  __s_Node_obj_17_3L1_3L1[7] = __s_tmp_cond_elim_54_19L0_19L0;
  int __s_tmp_cond_elim_54_21L0_21L0=0;
  int __s_pac68_22L0_22L0=8;
  __s_tmp_cond_elim_54_21L0_21L0 = null;
  int __s_pac69_22L1_22L1=8;
  __s_Node_obj_17_3L1_3L1[8] = __s_tmp_cond_elim_54_21L0_21L0;
  int __s_tmp_cond_elim_54_23L0_23L0=0;
  int __s_pac68_24L0_24L0=9;
  __s_tmp_cond_elim_54_23L0_23L0 = null;
  int __s_pac69_24L1_24L1=9;
  __s_Node_obj_17_3L1_3L1[9] = __s_tmp_cond_elim_54_23L0_23L0;
  int __s_tmp_cond_elim_55_26L0_26L0=0;
  int __s_pac70_27L0_27L0=0;
  __s_tmp_cond_elim_55_26L0_26L0 = null;
  int __s_pac71_27L1_27L1=0;
  __s_Node_next_18_3L2_3L2[0] = __s_tmp_cond_elim_55_26L0_26L0;
  int __s_tmp_cond_elim_55_28L0_28L0=0;
  int __s_pac70_29L0_29L0=1;
  __s_tmp_cond_elim_55_28L0_28L0 = null;
  int __s_pac71_29L1_29L1=1;
  __s_Node_next_18_3L2_3L2[1] = __s_tmp_cond_elim_55_28L0_28L0;
  int __s_tmp_cond_elim_55_30L0_30L0=0;
  int __s_pac70_31L0_31L0=2;
  __s_tmp_cond_elim_55_30L0_30L0 = null;
  int __s_pac71_31L1_31L1=2;
  __s_Node_next_18_3L2_3L2[2] = __s_tmp_cond_elim_55_30L0_30L0;
  int __s_tmp_cond_elim_55_32L0_32L0=0;
  int __s_pac70_33L0_33L0=3;
  __s_tmp_cond_elim_55_32L0_32L0 = null;
  int __s_pac71_33L1_33L1=3;
  __s_Node_next_18_3L2_3L2[3] = __s_tmp_cond_elim_55_32L0_32L0;
  int __s_tmp_cond_elim_55_34L0_34L0=0;
  int __s_pac70_35L0_35L0=4;
  __s_tmp_cond_elim_55_34L0_34L0 = null;
  int __s_pac71_35L1_35L1=4;
  __s_Node_next_18_3L2_3L2[4] = __s_tmp_cond_elim_55_34L0_34L0;
  int __s_tmp_cond_elim_55_36L0_36L0=0;
  int __s_pac70_37L0_37L0=5;
  __s_tmp_cond_elim_55_36L0_36L0 = null;
  int __s_pac71_37L1_37L1=5;
  __s_Node_next_18_3L2_3L2[5] = __s_tmp_cond_elim_55_36L0_36L0;
  int __s_tmp_cond_elim_55_38L0_38L0=0;
  int __s_pac70_39L0_39L0=6;
  __s_tmp_cond_elim_55_38L0_38L0 = null;
  int __s_pac71_39L1_39L1=6;
  __s_Node_next_18_3L2_3L2[6] = __s_tmp_cond_elim_55_38L0_38L0;
  int __s_tmp_cond_elim_55_40L0_40L0=0;
  int __s_pac70_41L0_41L0=7;
  __s_tmp_cond_elim_55_40L0_40L0 = null;
  int __s_pac71_41L1_41L1=7;
  __s_Node_next_18_3L2_3L2[7] = __s_tmp_cond_elim_55_40L0_40L0;
  int __s_tmp_cond_elim_55_42L0_42L0=0;
  int __s_pac70_43L0_43L0=8;
  __s_tmp_cond_elim_55_42L0_42L0 = null;
  int __s_pac71_43L1_43L1=8;
  __s_Node_next_18_3L2_3L2[8] = __s_tmp_cond_elim_55_42L0_42L0;
  int __s_tmp_cond_elim_55_44L0_44L0=0;
  int __s_pac70_45L0_45L0=9;
  __s_tmp_cond_elim_55_44L0_44L0 = null;
  int __s_pac71_45L1_45L1=9;
  __s_Node_next_18_3L2_3L2[9] = __s_tmp_cond_elim_55_44L0_44L0;
  bit __s_tmp_cond_elim_56_47L0_47L0=0;
  int __s_pac72_48L0_48L0=0;
  __s_tmp_cond_elim_56_47L0_47L0 = 0;
  int __s_pac73_48L1_48L1=0;
  __s_Node_taken_19_3L3_3L3[0] = 0;
  bit __s_tmp_cond_elim_56_49L0_49L0=0;
  int __s_pac72_50L0_50L0=1;
  __s_tmp_cond_elim_56_49L0_49L0 = 0;
  int __s_pac73_50L1_50L1=1;
  __s_Node_taken_19_3L3_3L3[1] = 0;
  bit __s_tmp_cond_elim_56_51L0_51L0=0;
  int __s_pac72_52L0_52L0=2;
  __s_tmp_cond_elim_56_51L0_51L0 = 0;
  int __s_pac73_52L1_52L1=2;
  __s_Node_taken_19_3L3_3L3[2] = 0;
  bit __s_tmp_cond_elim_56_53L0_53L0=0;
  int __s_pac72_54L0_54L0=3;
  __s_tmp_cond_elim_56_53L0_53L0 = 0;
  int __s_pac73_54L1_54L1=3;
  __s_Node_taken_19_3L3_3L3[3] = 0;
  bit __s_tmp_cond_elim_56_55L0_55L0=0;
  int __s_pac72_56L0_56L0=4;
  __s_tmp_cond_elim_56_55L0_55L0 = 0;
  int __s_pac73_56L1_56L1=4;
  __s_Node_taken_19_3L3_3L3[4] = 0;
  bit __s_tmp_cond_elim_56_57L0_57L0=0;
  int __s_pac72_58L0_58L0=5;
  __s_tmp_cond_elim_56_57L0_57L0 = 0;
  int __s_pac73_58L1_58L1=5;
  __s_Node_taken_19_3L3_3L3[5] = 0;
  bit __s_tmp_cond_elim_56_59L0_59L0=0;
  int __s_pac72_60L0_60L0=6;
  __s_tmp_cond_elim_56_59L0_59L0 = 0;
  int __s_pac73_60L1_60L1=6;
  __s_Node_taken_19_3L3_3L3[6] = 0;
  bit __s_tmp_cond_elim_56_61L0_61L0=0;
  int __s_pac72_62L0_62L0=7;
  __s_tmp_cond_elim_56_61L0_61L0 = 0;
  int __s_pac73_62L1_62L1=7;
  __s_Node_taken_19_3L3_3L3[7] = 0;
  bit __s_tmp_cond_elim_56_63L0_63L0=0;
  int __s_pac72_64L0_64L0=8;
  __s_tmp_cond_elim_56_63L0_63L0 = 0;
  int __s_pac73_64L1_64L1=8;
  __s_Node_taken_19_3L3_3L3[8] = 0;
  bit __s_tmp_cond_elim_56_65L0_65L0=0;
  int __s_pac72_66L0_66L0=9;
  __s_tmp_cond_elim_56_65L0_65L0 = 0;
  int __s_pac73_66L1_66L1=9;
  __s_Node_taken_19_3L3_3L3[9] = 0;
  int __s_Item_nextInstance_20_66L4_66L4=0; int[10] __s_Item_tid_21_66L5_66L5={0,0,0,0,0,0,0,0,0,0}; int[10] __s_Item_id_22_66L6_66L6={0,0,0,0,0,0,0,0,0,0};
  bit __s_tmp_cond_elim_57_68L0_68L0=0;
  int __s_pac74_69L0_69L0=0;
  __s_tmp_cond_elim_57_68L0_68L0 = 0;
  int __s_pac75_69L1_69L1=0;
  __s_Item_tid_21_66L5_66L5[0] = 0;
  bit __s_tmp_cond_elim_57_70L0_70L0=0;
  int __s_pac74_71L0_71L0=1;
  __s_tmp_cond_elim_57_70L0_70L0 = 0;
  int __s_pac75_71L1_71L1=1;
  __s_Item_tid_21_66L5_66L5[1] = 0;
  bit __s_tmp_cond_elim_57_72L0_72L0=0;
  int __s_pac74_73L0_73L0=2;
  __s_tmp_cond_elim_57_72L0_72L0 = 0;
  int __s_pac75_73L1_73L1=2;
  __s_Item_tid_21_66L5_66L5[2] = 0;
  bit __s_tmp_cond_elim_57_74L0_74L0=0;
  int __s_pac74_75L0_75L0=3;
  __s_tmp_cond_elim_57_74L0_74L0 = 0;
  int __s_pac75_75L1_75L1=3;
  __s_Item_tid_21_66L5_66L5[3] = 0;
  bit __s_tmp_cond_elim_57_76L0_76L0=0;
  int __s_pac74_77L0_77L0=4;
  __s_tmp_cond_elim_57_76L0_76L0 = 0;
  int __s_pac75_77L1_77L1=4;
  __s_Item_tid_21_66L5_66L5[4] = 0;
  bit __s_tmp_cond_elim_57_78L0_78L0=0;
  int __s_pac74_79L0_79L0=5;
  __s_tmp_cond_elim_57_78L0_78L0 = 0;
  int __s_pac75_79L1_79L1=5;
  __s_Item_tid_21_66L5_66L5[5] = 0;
  bit __s_tmp_cond_elim_57_80L0_80L0=0;
  int __s_pac74_81L0_81L0=6;
  __s_tmp_cond_elim_57_80L0_80L0 = 0;
  int __s_pac75_81L1_81L1=6;
  __s_Item_tid_21_66L5_66L5[6] = 0;
  bit __s_tmp_cond_elim_57_82L0_82L0=0;
  int __s_pac74_83L0_83L0=7;
  __s_tmp_cond_elim_57_82L0_82L0 = 0;
  int __s_pac75_83L1_83L1=7;
  __s_Item_tid_21_66L5_66L5[7] = 0;
  bit __s_tmp_cond_elim_57_84L0_84L0=0;
  int __s_pac74_85L0_85L0=8;
  __s_tmp_cond_elim_57_84L0_84L0 = 0;
  int __s_pac75_85L1_85L1=8;
  __s_Item_tid_21_66L5_66L5[8] = 0;
  bit __s_tmp_cond_elim_57_86L0_86L0=0;
  int __s_pac74_87L0_87L0=9;
  __s_tmp_cond_elim_57_86L0_86L0 = 0;
  int __s_pac75_87L1_87L1=9;
  __s_Item_tid_21_66L5_66L5[9] = 0;
  bit __s_tmp_cond_elim_58_89L0_89L0=0;
  int __s_pac76_90L0_90L0=0;
  __s_tmp_cond_elim_58_89L0_89L0 = 0;
  int __s_pac77_90L1_90L1=0;
  __s_Item_id_22_66L6_66L6[0] = 0;
  bit __s_tmp_cond_elim_58_91L0_91L0=0;
  int __s_pac76_92L0_92L0=1;
  __s_tmp_cond_elim_58_91L0_91L0 = 0;
  int __s_pac77_92L1_92L1=1;
  __s_Item_id_22_66L6_66L6[1] = 0;
  bit __s_tmp_cond_elim_58_93L0_93L0=0;
  int __s_pac76_94L0_94L0=2;
  __s_tmp_cond_elim_58_93L0_93L0 = 0;
  int __s_pac77_94L1_94L1=2;
  __s_Item_id_22_66L6_66L6[2] = 0;
  bit __s_tmp_cond_elim_58_95L0_95L0=0;
  int __s_pac76_96L0_96L0=3;
  __s_tmp_cond_elim_58_95L0_95L0 = 0;
  int __s_pac77_96L1_96L1=3;
  __s_Item_id_22_66L6_66L6[3] = 0;
  bit __s_tmp_cond_elim_58_97L0_97L0=0;
  int __s_pac76_98L0_98L0=4;
  __s_tmp_cond_elim_58_97L0_97L0 = 0;
  int __s_pac77_98L1_98L1=4;
  __s_Item_id_22_66L6_66L6[4] = 0;
  bit __s_tmp_cond_elim_58_99L0_99L0=0;
  int __s_pac76_100L0_100L0=5;
  __s_tmp_cond_elim_58_99L0_99L0 = 0;
  int __s_pac77_100L1_100L1=5;
  __s_Item_id_22_66L6_66L6[5] = 0;
  bit __s_tmp_cond_elim_58_101L0_101L0=0;
  int __s_pac76_102L0_102L0=6;
  __s_tmp_cond_elim_58_101L0_101L0 = 0;
  int __s_pac77_102L1_102L1=6;
  __s_Item_id_22_66L6_66L6[6] = 0;
  bit __s_tmp_cond_elim_58_103L0_103L0=0;
  int __s_pac76_104L0_104L0=7;
  __s_tmp_cond_elim_58_103L0_103L0 = 0;
  int __s_pac77_104L1_104L1=7;
  __s_Item_id_22_66L6_66L6[7] = 0;
  bit __s_tmp_cond_elim_58_105L0_105L0=0;
  int __s_pac76_106L0_106L0=8;
  __s_tmp_cond_elim_58_105L0_105L0 = 0;
  int __s_pac77_106L1_106L1=8;
  __s_Item_id_22_66L6_66L6[8] = 0;
  bit __s_tmp_cond_elim_58_107L0_107L0=0;
  int __s_pac76_108L0_108L0=9;
  __s_tmp_cond_elim_58_107L0_107L0 = 0;
  int __s_pac77_108L1_108L1=9;
  __s_Item_id_22_66L6_66L6[9] = 0;
  int __s_Queue_nextInstance_23_108L7_108L7=0; int[10] __s_Queue_prevHead_25_108L8_108L8={0,0,0,0,0,0,0,0,0,0}; int[10] __s_Queue_tail_24_108L9_108L9={0,0,0,0,0,0,0,0,0,0};
  int __s_tmp_cond_elim_59_110L0_110L0=0;
  int __s_pac78_111L0_111L0=0;
  __s_tmp_cond_elim_59_110L0_110L0 = null;
  int __s_pac79_111L1_111L1=0;
  __s_Queue_prevHead_25_108L8_108L8[0] = __s_tmp_cond_elim_59_110L0_110L0;
  int __s_tmp_cond_elim_59_112L0_112L0=0;
  int __s_pac78_113L0_113L0=1;
  __s_tmp_cond_elim_59_112L0_112L0 = null;
  int __s_pac79_113L1_113L1=1;
  __s_Queue_prevHead_25_108L8_108L8[1] = __s_tmp_cond_elim_59_112L0_112L0;
  int __s_tmp_cond_elim_59_114L0_114L0=0;
  int __s_pac78_115L0_115L0=2;
  __s_tmp_cond_elim_59_114L0_114L0 = null;
  int __s_pac79_115L1_115L1=2;
  __s_Queue_prevHead_25_108L8_108L8[2] = __s_tmp_cond_elim_59_114L0_114L0;
  int __s_tmp_cond_elim_59_116L0_116L0=0;
  int __s_pac78_117L0_117L0=3;
  __s_tmp_cond_elim_59_116L0_116L0 = null;
  int __s_pac79_117L1_117L1=3;
  __s_Queue_prevHead_25_108L8_108L8[3] = __s_tmp_cond_elim_59_116L0_116L0;
  int __s_tmp_cond_elim_59_118L0_118L0=0;
  int __s_pac78_119L0_119L0=4;
  __s_tmp_cond_elim_59_118L0_118L0 = null;
  int __s_pac79_119L1_119L1=4;
  __s_Queue_prevHead_25_108L8_108L8[4] = __s_tmp_cond_elim_59_118L0_118L0;
  int __s_tmp_cond_elim_59_120L0_120L0=0;
  int __s_pac78_121L0_121L0=5;
  __s_tmp_cond_elim_59_120L0_120L0 = null;
  int __s_pac79_121L1_121L1=5;
  __s_Queue_prevHead_25_108L8_108L8[5] = __s_tmp_cond_elim_59_120L0_120L0;
  int __s_tmp_cond_elim_59_122L0_122L0=0;
  int __s_pac78_123L0_123L0=6;
  __s_tmp_cond_elim_59_122L0_122L0 = null;
  int __s_pac79_123L1_123L1=6;
  __s_Queue_prevHead_25_108L8_108L8[6] = __s_tmp_cond_elim_59_122L0_122L0;
  int __s_tmp_cond_elim_59_124L0_124L0=0;
  int __s_pac78_125L0_125L0=7;
  __s_tmp_cond_elim_59_124L0_124L0 = null;
  int __s_pac79_125L1_125L1=7;
  __s_Queue_prevHead_25_108L8_108L8[7] = __s_tmp_cond_elim_59_124L0_124L0;
  int __s_tmp_cond_elim_59_126L0_126L0=0;
  int __s_pac78_127L0_127L0=8;
  __s_tmp_cond_elim_59_126L0_126L0 = null;
  int __s_pac79_127L1_127L1=8;
  __s_Queue_prevHead_25_108L8_108L8[8] = __s_tmp_cond_elim_59_126L0_126L0;
  int __s_tmp_cond_elim_59_128L0_128L0=0;
  int __s_pac78_129L0_129L0=9;
  __s_tmp_cond_elim_59_128L0_128L0 = null;
  int __s_pac79_129L1_129L1=9;
  __s_Queue_prevHead_25_108L8_108L8[9] = __s_tmp_cond_elim_59_128L0_128L0;
  int __s_tmp_cond_elim_60_131L0_131L0=0;
  int __s_pac80_132L0_132L0=0;
  __s_tmp_cond_elim_60_131L0_131L0 = null;
  int __s_pac81_132L1_132L1=0;
  __s_Queue_tail_24_108L9_108L9[0] = __s_tmp_cond_elim_60_131L0_131L0;
  int __s_tmp_cond_elim_60_133L0_133L0=0;
  int __s_pac80_134L0_134L0=1;
  __s_tmp_cond_elim_60_133L0_133L0 = null;
  int __s_pac81_134L1_134L1=1;
  __s_Queue_tail_24_108L9_108L9[1] = __s_tmp_cond_elim_60_133L0_133L0;
  int __s_tmp_cond_elim_60_135L0_135L0=0;
  int __s_pac80_136L0_136L0=2;
  __s_tmp_cond_elim_60_135L0_135L0 = null;
  int __s_pac81_136L1_136L1=2;
  __s_Queue_tail_24_108L9_108L9[2] = __s_tmp_cond_elim_60_135L0_135L0;
  int __s_tmp_cond_elim_60_137L0_137L0=0;
  int __s_pac80_138L0_138L0=3;
  __s_tmp_cond_elim_60_137L0_137L0 = null;
  int __s_pac81_138L1_138L1=3;
  __s_Queue_tail_24_108L9_108L9[3] = __s_tmp_cond_elim_60_137L0_137L0;
  int __s_tmp_cond_elim_60_139L0_139L0=0;
  int __s_pac80_140L0_140L0=4;
  __s_tmp_cond_elim_60_139L0_139L0 = null;
  int __s_pac81_140L1_140L1=4;
  __s_Queue_tail_24_108L9_108L9[4] = __s_tmp_cond_elim_60_139L0_139L0;
  int __s_tmp_cond_elim_60_141L0_141L0=0;
  int __s_pac80_142L0_142L0=5;
  __s_tmp_cond_elim_60_141L0_141L0 = null;
  int __s_pac81_142L1_142L1=5;
  __s_Queue_tail_24_108L9_108L9[5] = __s_tmp_cond_elim_60_141L0_141L0;
  int __s_tmp_cond_elim_60_143L0_143L0=0;
  int __s_pac80_144L0_144L0=6;
  __s_tmp_cond_elim_60_143L0_143L0 = null;
  int __s_pac81_144L1_144L1=6;
  __s_Queue_tail_24_108L9_108L9[6] = __s_tmp_cond_elim_60_143L0_143L0;
  int __s_tmp_cond_elim_60_145L0_145L0=0;
  int __s_pac80_146L0_146L0=7;
  __s_tmp_cond_elim_60_145L0_145L0 = null;
  int __s_pac81_146L1_146L1=7;
  __s_Queue_tail_24_108L9_108L9[7] = __s_tmp_cond_elim_60_145L0_145L0;
  int __s_tmp_cond_elim_60_147L0_147L0=0;
  int __s_pac80_148L0_148L0=8;
  __s_tmp_cond_elim_60_147L0_147L0 = null;
  int __s_pac81_148L1_148L1=8;
  __s_Queue_tail_24_108L9_108L9[8] = __s_tmp_cond_elim_60_147L0_147L0;
  int __s_tmp_cond_elim_60_149L0_149L0=0;
  int __s_pac80_150L0_150L0=9;
  __s_tmp_cond_elim_60_149L0_149L0 = null;
  int __s_pac81_150L1_150L1=9;
  __s_Queue_tail_24_108L9_108L9[9] = __s_tmp_cond_elim_60_149L0_149L0;
  _out_1L0_1L0_1L0_1L0 = 0;
  bit _has_out__3L0_3L0_151L0_151L0=0;
  int q_4L1_4L1_152L1_152L1=0;
  int _ret_0_4L2_4L2_152L2_152L2=0;
  int _out_117L1_7L0_154L0_154L0=0;
  bit _has_out__119L0_8L0_155L0_155L0=0;
  int q_119L1_8L1_155L1_155L1=0;
  int __s_tmp_new_Queue_13_8L2_155L2_155L2=0;
  atomic
  {
    __s_tmp_new_Queue_13_8L2_155L2_155L2 = 0;
    __s_Queue_nextInstance_23_108L7_108L7 = 1;
  }
  q_119L1_8L1_155L1_155L1 = 0;
  int _ret_0_119L2_9L3_156L3_156L3=null;
  int _ret_1_119L3_9L4_156L4_156L4=null;
  int _ret_2_119L4_9L5_156L5_156L5=0;
  int obj_1111L7_12L0_158L0_158L0=_ret_0_119L2_9L3_156L3_156L3;
  int next_1111L7_12L1_158L1_158L1=_ret_1_119L3_9L4_156L4_156L4;
  bit taken_1111L8_12L2_158L2_158L2=1;
  int _out_1111L9_12L3_158L3_158L3=0;
  bit _has_out__1113L0_13L0_159L0_159L0=0;
  int n_1113L1_13L1_159L1_159L1=0;
  int __s_tmp_new_Node_15_13L2_159L2_159L2=0;
  atomic
  {
    __s_tmp_new_Node_15_13L2_159L2_159L2 = 0;
  }
  n_1113L1_13L1_159L1_159L1 = 0;
  int __s_pac82_161L0_161L0=0;
  __s_Node_obj_17_3L1_3L1[0] = _ret_0_119L2_9L3_156L3_156L3;
  int __s_pac83_162L0_162L0=0;
  __s_Node_next_18_3L2_3L2[0] = _ret_1_119L3_9L4_156L4_156L4;
  int __s_pac84_163L0_163L0=0;
  __s_Node_taken_19_3L3_3L3[0] = 1;
  _out_1111L9_12L3_158L3_158L3 = 0;
  _has_out__1113L0_13L0_159L0_159L0 = 1;
  _ret_2_119L4_9L5_156L5_156L5 = 0;
  int __s_pac85_165L0_165L0=0;
  __s_Queue_prevHead_25_108L8_108L8[0] = 0;
  int __s_pac86_166L0_166L0=0;
  int __s_pac87_166L1_166L1=0;
  __s_Queue_tail_24_108L9_108L9[0] = __s_Queue_prevHead_25_108L8_108L8[0];
  _out_117L1_7L0_154L0_154L0 = 0;
  _has_out__119L0_8L0_155L0_155L0 = 1;
  _ret_0_4L2_4L2_152L2_152L2 = 0;
  q_4L1_4L1_152L1_152L1 = 0;
  int dqCount_5L3_21L3_167L3_167L3=0;
  int _ret_1_5L4_21L4_167L4_167L4=0;
  int tid_123L1_24L0_169L0_169L0=3;
  int id_123L2_24L1_169L1_169L1=3;
  int _out_123L3_24L2_169L2_169L2=0;
  bit _has_out__125L0_25L0_170L0_170L0=0;
  int it_125L1_25L1_170L1_170L1=0;
  int __s_tmp_new_Item_14_25L2_170L2_170L2=0;
  atomic
  {
    __s_tmp_new_Item_14_25L2_170L2_170L2 = 0;
    __s_Item_nextInstance_20_66L4_66L4 = 1;
  }
  it_125L1_25L1_170L1_170L1 = 0;
  int __s_pac88_172L0_172L0=0;
  __s_Item_tid_21_66L5_66L5[0] = 3;
  int __s_pac89_173L0_173L0=0;
  __s_Item_id_22_66L6_66L6[0] = 3;
  _out_123L3_24L2_169L2_169L2 = 0;
  _has_out__125L0_25L0_170L0_170L0 = 1;
  _ret_1_5L4_21L4_167L4_167L4 = 0;
  int Q_128L3_32L0_176L0_176L0=0;
  int obj_128L4_32L1_176L1_176L1=0;
  bit _has_out__130L0_33L0_177L0_177L0=0;
  int n_130L1_33L1_177L1_177L1=0;
  int _ret_0_130L2_33L2_177L2_177L2=null;
  int _ret_1_130L3_33L3_177L3_177L3=0;
  int obj_1111L7_36L0_179L0_179L0=0;
  int next_1111L7_36L1_179L1_179L1=_ret_0_130L2_33L2_177L2_177L2;
  bit taken_1111L8_36L2_179L2_179L2=0;
  int _out_1111L9_36L3_179L3_179L3=0;
  bit _has_out__1113L0_37L0_180L0_180L0=0;
  int n_1113L1_37L1_180L1_180L1=0;
  int __s_tmp_new_Node_15_37L2_180L2_180L2=0;
  atomic
  {
    __s_tmp_new_Node_15_37L2_180L2_180L2 = 1;
    __s_Node_nextInstance_16_3L0_3L0 = 2;
  }
  n_1113L1_37L1_180L1_180L1 = 1;
  int __s_pac90_182L0_182L0=1;
  __s_Node_obj_17_3L1_3L1[1] = 0;
  int __s_pac91_183L0_183L0=1;
  __s_Node_next_18_3L2_3L2[1] = _ret_0_130L2_33L2_177L2_177L2;
  int __s_pac92_184L0_184L0=1;
  __s_Node_taken_19_3L3_3L3[1] = 0;
  _out_1111L9_36L3_179L3_179L3 = 1;
  _has_out__1113L0_37L0_180L0_180L0 = 1;
  _ret_1_130L3_33L3_177L3_177L3 = 1;
  n_130L1_33L1_177L1_177L1 = 1;
  int tmp_131L4_42L4_185L4_185L4=null;
  bit[3] __sa11_132L0_43L0_186L0_186L0={0,0,0};
  int __s_pac93_188L0_188L0=0;
  __sa11_132L0_43L0_186L0_186L0[0] = 0;
  int __s_pac93_189L0_189L0=1;
  __sa11_132L0_43L0_186L0_186L0[1] = 0;
  int __s_pac93_190L0_190L0=2;
  __sa11_132L0_43L0_186L0_186L0[2] = 0;
  bit __s_pac_sc94_192L0_192L0=0;
  bit __s_pac_sc107_232L0_193L0=0;
  bit _cond_348L0_260L0_409L0_195L0=0;
  int _rhs_350L0_262L0_411L0_197L0=0;
  int _whichrhs_350L1_262L1_411L1_197L1=3;
  bit __s_atomize_sc4_351L0_263L0_412L0_198L0=1;
  _rhs_350L0_262L0_411L0_197L0 = tmp_131L4_42L4_185L4_185L4;
  int _whichop_367L2_279L2_428L2_202L2=1;
  bit __s_atomize_sc5_368L0_280L0_429L0_203L0=1;
  _cond_348L0_260L0_409L0_195L0 = (tmp_131L4_42L4_185L4_185L4)!=(tmp_131L4_42L4_185L4_185L4);
  if(_cond_348L0_260L0_409L0_195L0)
  {
    int _rhs_376L0_288L0_437L0_209L0=null;
    __s_Node_next_18_3L2_3L2[0] = _rhs_376L0_288L0_437L0_209L0;
  }
  int __s_pac212_473L0_218L0=2;
  __sa11_132L0_43L0_186L0_186L0[2] = 1;
  bit __s_pac_sc213_474L0_219L0=0;
  bit __s_pac_sc226_514L0_220L0=0;
  int __s_pac227_515L0_221L0=1;
  __s_pac_sc226_514L0_220L0 = !(__sa11_132L0_43L0_186L0_186L0[1]);
  int _whichrhs_454L0_366L0_517L0_223L0=5;
  bit __s_atomize_sc2_455L0_367L0_518L0_224L0=1;
  int _whichlhs_457L1_369L1_520L1_226L1=1;
  bit __s_atomize_sc3_458L0_370L0_521L0_227L0=1;
  atomic
  {
    tmp_131L4_42L4_185L4_185L4 = __s_Queue_tail_24_108L9_108L9[0];
    __s_Queue_tail_24_108L9_108L9[0] = 1;
  }
  int __s_pac315_689L0_235L0=1;
  __sa11_132L0_43L0_186L0_186L0[1] = 1;
  bit __s_pac_sc332_756L0_236L0=0;
  int __s_pac333_757L0_237L0=0;
  __s_pac_sc332_756L0_236L0 = !(__sa11_132L0_43L0_186L0_186L0[0]);
  int _rhs_695L0_607L0_759L0_239L0=0;
  int _whichrhs_695L1_607L1_759L1_239L1=5;
  bit __s_atomize_sc0_696L0_608L0_760L0_240L0=1;
  _rhs_695L0_607L0_759L0_239L0 = 1;
  int _whichassn_712L2_624L2_776L2_244L2=2;
  bit __s_atomize_sc1_713L0_625L0_777L0_245L0=1;
  int __s_pac342_788L0_250L0=0;
  __s_Node_next_18_3L2_3L2[0] = 1;
  int __s_pac344_795L0_250L0=0;
  __sa11_132L0_43L0_186L0_186L0[0] = 1;
  int __s_pac451_1038L0_251L0=0;
  bit __s_pac_sc452_1038L1_251L1=0;
  int __s_pac453_1039L0_252L0=1;
  __s_pac_sc452_1038L1_251L1 = __sa11_132L0_43L0_186L0_186L0[1];
  bit __s_pac_sc454_1039L2_252L2=0;
  int __s_pac455_1040L0_253L0=2;
  __s_pac_sc454_1039L2_252L2 = __sa11_132L0_43L0_186L0_186L0[2];
  int x_7L5_885L5_1040L5_253L5=0;
  int _ret_2_7L6_885L6_1040L6_253L6=0;
  int q_973L5_888L0_1042L0_255L0=0;
  int _out_973L6_888L1_1042L1_255L1=null;
  bit _has_out__975L0_889L0_1043L0_256L0=0;
  int tmp_975L1_889L1_1043L1_256L1=null;
  bit wasTaken_975L2_889L2_1043L2_256L2=1;
  bit done_975L3_889L3_1043L3_256L3=0;
  for(int i_977L0_891L0_1045L0_258L0=0;(i_977L0_891L0_1045L0_258L0)<(5);i_977L0_891L0_1045L0_258L0 = (i_977L0_891L0_1045L0_258L0)+(1))
  {
    if(!(done_975L3_889L3_1043L3_256L3))
    {
      int __s_pac456_1083L1_296L1=__s_Queue_prevHead_25_108L8_108L8[0];
      tmp_975L1_889L1_1043L1_256L1 = __s_Node_next_18_3L2_3L2[__s_pac456_1083L1_296L1];
      if((null)==(tmp_975L1_889L1_1043L1_256L1))
      {
        done_975L3_889L3_1043L3_256L3 = 1;
        if((_has_out__975L0_889L0_1043L0_256L0)==(0))
        {
          _out_973L6_888L1_1042L1_255L1 = null;
          _has_out__975L0_889L0_1043L0_256L0 = 1;
        }
      }
      if(!(done_975L3_889L3_1043L3_256L3))
      {
        if((_has_out__975L0_889L0_1043L0_256L0)==(0))
        {
          __s_Queue_prevHead_25_108L8_108L8[0] = tmp_975L1_889L1_1043L1_256L1;
        }
        if((0)==(__s_Node_taken_19_3L3_3L3[tmp_975L1_889L1_1043L1_256L1]))
        {
          atomic
          {
            wasTaken_975L2_889L2_1043L2_256L2 = __s_Node_taken_19_3L3_3L3[tmp_975L1_889L1_1043L1_256L1];
            if((_has_out__975L0_889L0_1043L0_256L0)==(0))
            {
              __s_Node_taken_19_3L3_3L3[tmp_975L1_889L1_1043L1_256L1] = 1;
            }
          }
          if((0)==(wasTaken_975L2_889L2_1043L2_256L2))
          {
            done_975L3_889L3_1043L3_256L3 = 1;
            if((_has_out__975L0_889L0_1043L0_256L0)==(0))
            {
              _out_973L6_888L1_1042L1_255L1 = __s_Node_obj_17_3L1_3L1[tmp_975L1_889L1_1043L1_256L1];
              _has_out__975L0_889L0_1043L0_256L0 = 1;
            }
          }
        }
      }
    }
  }
  _ret_2_7L6_885L6_1040L6_253L6 = _out_973L6_888L1_1042L1_255L1;
  x_7L5_885L5_1040L5_253L5 = _out_973L6_888L1_1042L1_255L1;
  bit __s_atomize_sc8_9L0_944L0_1098L0_311L0=(_out_973L6_888L1_1042L1_255L1)!=(null);
  if(__s_atomize_sc8_9L0_944L0_1098L0_311L0)
  {
    __s_atomize_sc8_9L0_944L0_1098L0_311L0 = (__s_Item_tid_21_66L5_66L5[_out_973L6_888L1_1042L1_255L1])==(3);
  }
  bit __s_atomize_sc9_10L1_945L1_1099L1_312L1=__s_atomize_sc8_9L0_944L0_1098L0_311L0;
  if(__s_atomize_sc8_9L0_944L0_1098L0_311L0)
  {
    __s_atomize_sc9_10L1_945L1_1099L1_312L1 = (__s_Item_id_22_66L6_66L6[_out_973L6_888L1_1042L1_255L1])==(3);
  }
  fork(int i_14L0_949L0_1103L0_316L0; 2)
  {
    int[2] lastId_16L0_951L0_1105L0_319L0={0,0};
    lastId_16L0_951L0_1105L0_319L0[0] = 0;
    lastId_16L0_951L0_1105L0_319L0[1] = 0;
    for(int j_18L0_953L0_1110L0_324L0=0;(j_18L0_953L0_1110L0_324L0)<(2);j_18L0_953L0_1110L0_324L0 = (j_18L0_953L0_1110L0_324L0)+(1))
    {
      if(((j_18L0_953L0_1110L0_324L0)%(2))==(0))
      {
        int _ret_3_62L0_3697L0_3879L0_732L0=(j_18L0_953L0_1110L0_324L0)+(1);
        int __s_tmp_new_Item_14_3701L2_3882L2_735L2=0;
        atomic
        {
          __s_tmp_new_Item_14_3701L2_3882L2_735L2 = __s_Item_nextInstance_20_66L4_66L4;
          __s_Item_nextInstance_20_66L4_66L4 = (__s_Item_nextInstance_20_66L4_66L4)+(1);
        }
        __s_Item_tid_21_66L5_66L5[__s_tmp_new_Item_14_3701L2_3882L2_735L2] = i_14L0_949L0_1103L0_316L0;
        __s_Item_id_22_66L6_66L6[__s_tmp_new_Item_14_3701L2_3882L2_735L2] = _ret_3_62L0_3697L0_3879L0_732L0;
        int _ret_0_130L2_3709L2_3889L2_742L2=null;
        int __s_tmp_new_Node_15_3713L2_3892L2_745L2=0;
        atomic
        {
          __s_tmp_new_Node_15_3713L2_3892L2_745L2 = __s_Node_nextInstance_16_3L0_3L0;
          __s_Node_nextInstance_16_3L0_3L0 = (__s_Node_nextInstance_16_3L0_3L0)+(1);
        }
        __s_Node_obj_17_3L1_3L1[__s_tmp_new_Node_15_3713L2_3892L2_745L2] = __s_tmp_new_Item_14_3701L2_3882L2_735L2;
        __s_Node_next_18_3L2_3L2[__s_tmp_new_Node_15_3713L2_3892L2_745L2] = _ret_0_130L2_3709L2_3889L2_742L2;
        __s_Node_taken_19_3L3_3L3[__s_tmp_new_Node_15_3713L2_3892L2_745L2] = 0;
        int tmp_131L4_3718L4_3897L4_750L4=null;
        bit[3] __sa11_132L0_3719L0_3898L0_751L0={0,0,0};
        __sa11_132L0_3719L0_3898L0_751L0[0] = 0;
        __sa11_132L0_3719L0_3898L0_751L0[1] = 0;
        __sa11_132L0_3719L0_3898L0_751L0[2] = 0;
        bit _cond_348L0_3936L0_4121L0_760L0=(tmp_131L4_3718L4_3897L4_750L4)!=(tmp_131L4_3718L4_3897L4_750L4);
        if(_cond_348L0_3936L0_4121L0_760L0)
        {
          int _rhs_376L0_3964L0_4149L0_774L0=null;
          int __s_pac585_4172L1_783L1=__s_Queue_tail_24_108L9_108L9[0];
          __s_Node_next_18_3L2_3L2[__s_pac585_4172L1_783L1] = _rhs_376L0_3964L0_4149L0_774L0;
        }
        __sa11_132L0_3719L0_3898L0_751L0[2] = 1;
        atomic
        {
          tmp_131L4_3718L4_3897L4_750L4 = __s_Queue_tail_24_108L9_108L9[0];
          __s_Queue_tail_24_108L9_108L9[0] = __s_tmp_new_Node_15_3713L2_3892L2_745L2;
        }
        __sa11_132L0_3719L0_3898L0_751L0[1] = 1;
        __s_Node_next_18_3L2_3L2[tmp_131L4_3718L4_3897L4_750L4] = __s_tmp_new_Node_15_3713L2_3892L2_745L2;
        __sa11_132L0_3719L0_3898L0_751L0[0] = 1;
      }
      else
      {
        int _out_973L6_4567L1_4757L1_823L1=null;
        bit _has_out__975L0_4568L0_4758L0_824L0=0;
        int tmp_975L1_4568L1_4758L1_824L1=0;
        bit wasTaken_975L2_4568L2_4758L2_824L2=0;
        bit done_975L3_4568L3_4758L3_824L3=0;
        for(int i_977L0_4570L0_4760L0_826L0=0;(i_977L0_4570L0_4760L0_826L0)<(5);i_977L0_4570L0_4760L0_826L0 = (i_977L0_4570L0_4760L0_826L0)+(1))
        {
          if(!(done_975L3_4568L3_4758L3_824L3))
          {
            int __s_pac834_4798L1_864L1=__s_Queue_prevHead_25_108L8_108L8[0];
            tmp_975L1_4568L1_4758L1_824L1 = __s_Node_next_18_3L2_3L2[__s_pac834_4798L1_864L1];
            if((null)==(tmp_975L1_4568L1_4758L1_824L1))
            {
              done_975L3_4568L3_4758L3_824L3 = 1;
              if((_has_out__975L0_4568L0_4758L0_824L0)==(0))
              {
                _out_973L6_4567L1_4757L1_823L1 = null;
                _has_out__975L0_4568L0_4758L0_824L0 = 1;
              }
            }
            if(!(done_975L3_4568L3_4758L3_824L3))
            {
              if((_has_out__975L0_4568L0_4758L0_824L0)==(0))
              {
                __s_Queue_prevHead_25_108L8_108L8[0] = tmp_975L1_4568L1_4758L1_824L1;
              }
              if((0)==(__s_Node_taken_19_3L3_3L3[tmp_975L1_4568L1_4758L1_824L1]))
              {
                atomic
                {
                  wasTaken_975L2_4568L2_4758L2_824L2 = __s_Node_taken_19_3L3_3L3[tmp_975L1_4568L1_4758L1_824L1];
                  if((_has_out__975L0_4568L0_4758L0_824L0)==(0))
                  {
                    __s_Node_taken_19_3L3_3L3[tmp_975L1_4568L1_4758L1_824L1] = 1;
                  }
                }
                if((0)==(wasTaken_975L2_4568L2_4758L2_824L2))
                {
                  done_975L3_4568L3_4758L3_824L3 = 1;
                  if((_has_out__975L0_4568L0_4758L0_824L0)==(0))
                  {
                    _out_973L6_4567L1_4757L1_823L1 = __s_Node_obj_17_3L1_3L1[tmp_975L1_4568L1_4758L1_824L1];
                    _has_out__975L0_4568L0_4758L0_824L0 = 1;
                  }
                }
              }
            }
          }
        }
        if((_out_973L6_4567L1_4757L1_823L1)!=(null))
        {
          int __s_pac844_4815L1_881L1=__s_Item_tid_21_66L5_66L5[_out_973L6_4567L1_4757L1_823L1];
          lastId_16L0_951L0_1105L0_319L0[__s_pac844_4815L1_881L1] = __s_Item_id_22_66L6_66L6[_out_973L6_4567L1_4757L1_823L1];
          atomic
          {
            int __s_atomize10_73L0_4627L0_4817L0_883L0=dqCount_5L3_21L3_167L3_167L3;
            dqCount_5L3_21L3_167L3_167L3 = (__s_atomize10_73L0_4627L0_4817L0_883L0)+(1);
          }
        }
      }
    }
  }
  int[2] lastId_75L8_4686L8_4875L8_941L8={0,0};
  lastId_75L8_4686L8_4875L8_941L8[0] = 0;
  lastId_75L8_4686L8_4875L8_941L8[1] = 0;
  bit done_75L9_4686L9_4878L9_944L9=0;
  for(int i_77L0_4688L0_4880L0_946L0=0;(i_77L0_4688L0_4880L0_946L0)<(5);i_77L0_4688L0_4880L0_946L0 = (i_77L0_4688L0_4880L0_946L0)+(1))
  {
    if(!(done_75L9_4686L9_4878L9_944L9))
    {
      int _out_973L6_4829L1_5018L1_1084L1=null;
      bit _has_out__975L0_4830L0_5019L0_1085L0=0;
      int tmp_975L1_4830L1_5019L1_1085L1=0;
      bit wasTaken_975L2_4830L2_5019L2_1085L2=0;
      bit done_975L3_4830L3_5019L3_1085L3=0;
      for(int i_977L0_4832L0_5021L0_1087L0=0;(i_977L0_4832L0_5021L0_1087L0)<(5);i_977L0_4832L0_5021L0_1087L0 = (i_977L0_4832L0_5021L0_1087L0)+(1))
      {
        if(!(done_975L3_4830L3_5019L3_1085L3))
        {
          int __s_pac863_5059L1_1125L1=__s_Queue_prevHead_25_108L8_108L8[0];
          tmp_975L1_4830L1_5019L1_1085L1 = __s_Node_next_18_3L2_3L2[__s_pac863_5059L1_1125L1];
          if((null)==(tmp_975L1_4830L1_5019L1_1085L1))
          {
            done_975L3_4830L3_5019L3_1085L3 = 1;
            if((_has_out__975L0_4830L0_5019L0_1085L0)==(0))
            {
              _out_973L6_4829L1_5018L1_1084L1 = null;
              _has_out__975L0_4830L0_5019L0_1085L0 = 1;
            }
          }
          if(!(done_975L3_4830L3_5019L3_1085L3))
          {
            if((_has_out__975L0_4830L0_5019L0_1085L0)==(0))
            {
              __s_Queue_prevHead_25_108L8_108L8[0] = tmp_975L1_4830L1_5019L1_1085L1;
            }
            if((0)==(__s_Node_taken_19_3L3_3L3[tmp_975L1_4830L1_5019L1_1085L1]))
            {
              atomic
              {
                wasTaken_975L2_4830L2_5019L2_1085L2 = __s_Node_taken_19_3L3_3L3[tmp_975L1_4830L1_5019L1_1085L1];
                if((_has_out__975L0_4830L0_5019L0_1085L0)==(0))
                {
                  __s_Node_taken_19_3L3_3L3[tmp_975L1_4830L1_5019L1_1085L1] = 1;
                }
              }
              if((0)==(wasTaken_975L2_4830L2_5019L2_1085L2))
              {
                done_975L3_4830L3_5019L3_1085L3 = 1;
                if((_has_out__975L0_4830L0_5019L0_1085L0)==(0))
                {
                  _out_973L6_4829L1_5018L1_1084L1 = __s_Node_obj_17_3L1_3L1[tmp_975L1_4830L1_5019L1_1085L1];
                  _has_out__975L0_4830L0_5019L0_1085L0 = 1;
                }
              }
            }
          }
        }
      }
      if((_out_973L6_4829L1_5018L1_1084L1)==(null))
      {
        done_75L9_4686L9_4878L9_944L9 = 1;
      }
      else
      {
        int __s_pac873_5078L1_1144L1=__s_Item_tid_21_66L5_66L5[_out_973L6_4829L1_5018L1_1084L1];
        lastId_75L8_4686L8_4875L8_941L8[__s_pac873_5078L1_1144L1] = __s_Item_id_22_66L6_66L6[_out_973L6_4829L1_5018L1_1084L1];
      }
    }
  }
  _out_1L0_1L0_1L0_1L0 = 1;
}
void T([!bit _out_114L1_4980L1_5167L1_1233L1])
{
  int[10] __s_Node_obj_27_5169L1_1235L1={0,0,0,0,0,0,0,0,0,0}; int[10] __s_Node_next_28_5169L2_1235L2={0,0,0,0,0,0,0,0,0,0}; bit[10] __s_Node_taken_29_5169L3_1235L3={0,0,0,0,0,0,0,0,0,0};
  int __s_tmp_cond_elim_61_5171L0_1237L0=null;
  __s_Node_obj_27_5169L1_1235L1[0] = __s_tmp_cond_elim_61_5171L0_1237L0;
  int __s_tmp_cond_elim_61_5173L0_1239L0=null;
  __s_Node_obj_27_5169L1_1235L1[1] = __s_tmp_cond_elim_61_5173L0_1239L0;
  int __s_tmp_cond_elim_61_5175L0_1241L0=null;
  __s_Node_obj_27_5169L1_1235L1[2] = __s_tmp_cond_elim_61_5175L0_1241L0;
  int __s_tmp_cond_elim_61_5177L0_1243L0=null;
  __s_Node_obj_27_5169L1_1235L1[3] = __s_tmp_cond_elim_61_5177L0_1243L0;
  int __s_tmp_cond_elim_61_5179L0_1245L0=null;
  __s_Node_obj_27_5169L1_1235L1[4] = __s_tmp_cond_elim_61_5179L0_1245L0;
  int __s_tmp_cond_elim_61_5181L0_1247L0=null;
  __s_Node_obj_27_5169L1_1235L1[5] = __s_tmp_cond_elim_61_5181L0_1247L0;
  int __s_tmp_cond_elim_61_5183L0_1249L0=null;
  __s_Node_obj_27_5169L1_1235L1[6] = __s_tmp_cond_elim_61_5183L0_1249L0;
  int __s_tmp_cond_elim_61_5185L0_1251L0=null;
  __s_Node_obj_27_5169L1_1235L1[7] = __s_tmp_cond_elim_61_5185L0_1251L0;
  int __s_tmp_cond_elim_61_5187L0_1253L0=null;
  __s_Node_obj_27_5169L1_1235L1[8] = __s_tmp_cond_elim_61_5187L0_1253L0;
  int __s_tmp_cond_elim_61_5189L0_1255L0=null;
  __s_Node_obj_27_5169L1_1235L1[9] = __s_tmp_cond_elim_61_5189L0_1255L0;
  int __s_tmp_cond_elim_62_5192L0_1258L0=null;
  __s_Node_next_28_5169L2_1235L2[0] = __s_tmp_cond_elim_62_5192L0_1258L0;
  int __s_tmp_cond_elim_62_5194L0_1260L0=null;
  __s_Node_next_28_5169L2_1235L2[1] = __s_tmp_cond_elim_62_5194L0_1260L0;
  int __s_tmp_cond_elim_62_5196L0_1262L0=null;
  __s_Node_next_28_5169L2_1235L2[2] = __s_tmp_cond_elim_62_5196L0_1262L0;
  int __s_tmp_cond_elim_62_5198L0_1264L0=null;
  __s_Node_next_28_5169L2_1235L2[3] = __s_tmp_cond_elim_62_5198L0_1264L0;
  int __s_tmp_cond_elim_62_5200L0_1266L0=null;
  __s_Node_next_28_5169L2_1235L2[4] = __s_tmp_cond_elim_62_5200L0_1266L0;
  int __s_tmp_cond_elim_62_5202L0_1268L0=null;
  __s_Node_next_28_5169L2_1235L2[5] = __s_tmp_cond_elim_62_5202L0_1268L0;
  int __s_tmp_cond_elim_62_5204L0_1270L0=null;
  __s_Node_next_28_5169L2_1235L2[6] = __s_tmp_cond_elim_62_5204L0_1270L0;
  int __s_tmp_cond_elim_62_5206L0_1272L0=null;
  __s_Node_next_28_5169L2_1235L2[7] = __s_tmp_cond_elim_62_5206L0_1272L0;
  int __s_tmp_cond_elim_62_5208L0_1274L0=null;
  __s_Node_next_28_5169L2_1235L2[8] = __s_tmp_cond_elim_62_5208L0_1274L0;
  int __s_tmp_cond_elim_62_5210L0_1276L0=null;
  __s_Node_next_28_5169L2_1235L2[9] = __s_tmp_cond_elim_62_5210L0_1276L0;
  __s_Node_taken_29_5169L3_1235L3[0] = 0;
  __s_Node_taken_29_5169L3_1235L3[1] = 0;
  __s_Node_taken_29_5169L3_1235L3[2] = 0;
  __s_Node_taken_29_5169L3_1235L3[3] = 0;
  __s_Node_taken_29_5169L3_1235L3[4] = 0;
  __s_Node_taken_29_5169L3_1235L3[5] = 0;
  __s_Node_taken_29_5169L3_1235L3[6] = 0;
  __s_Node_taken_29_5169L3_1235L3[7] = 0;
  __s_Node_taken_29_5169L3_1235L3[8] = 0;
  __s_Node_taken_29_5169L3_1235L3[9] = 0;
  int[10] __s_Item_tid_31_5232L5_1298L5={0,0,0,0,0,0,0,0,0,0}; int[10] __s_Item_id_32_5232L6_1298L6={0,0,0,0,0,0,0,0,0,0};
  __s_Item_tid_31_5232L5_1298L5[0] = 0;
  __s_Item_tid_31_5232L5_1298L5[1] = 0;
  __s_Item_tid_31_5232L5_1298L5[2] = 0;
  __s_Item_tid_31_5232L5_1298L5[3] = 0;
  __s_Item_tid_31_5232L5_1298L5[4] = 0;
  __s_Item_tid_31_5232L5_1298L5[5] = 0;
  __s_Item_tid_31_5232L5_1298L5[6] = 0;
  __s_Item_tid_31_5232L5_1298L5[7] = 0;
  __s_Item_tid_31_5232L5_1298L5[8] = 0;
  __s_Item_tid_31_5232L5_1298L5[9] = 0;
  __s_Item_id_32_5232L6_1298L6[0] = 0;
  __s_Item_id_32_5232L6_1298L6[1] = 0;
  __s_Item_id_32_5232L6_1298L6[2] = 0;
  __s_Item_id_32_5232L6_1298L6[3] = 0;
  __s_Item_id_32_5232L6_1298L6[4] = 0;
  __s_Item_id_32_5232L6_1298L6[5] = 0;
  __s_Item_id_32_5232L6_1298L6[6] = 0;
  __s_Item_id_32_5232L6_1298L6[7] = 0;
  __s_Item_id_32_5232L6_1298L6[8] = 0;
  __s_Item_id_32_5232L6_1298L6[9] = 0;
  int[10] __s_Queue_prevHead_35_5274L8_1340L8={0,0,0,0,0,0,0,0,0,0}; int[10] __s_Queue_tail_34_5274L9_1340L9={0,0,0,0,0,0,0,0,0,0};
  int __s_tmp_cond_elim_66_5276L0_1342L0=null;
  __s_Queue_prevHead_35_5274L8_1340L8[0] = __s_tmp_cond_elim_66_5276L0_1342L0;
  int __s_tmp_cond_elim_66_5278L0_1344L0=null;
  __s_Queue_prevHead_35_5274L8_1340L8[1] = __s_tmp_cond_elim_66_5278L0_1344L0;
  int __s_tmp_cond_elim_66_5280L0_1346L0=null;
  __s_Queue_prevHead_35_5274L8_1340L8[2] = __s_tmp_cond_elim_66_5280L0_1346L0;
  int __s_tmp_cond_elim_66_5282L0_1348L0=null;
  __s_Queue_prevHead_35_5274L8_1340L8[3] = __s_tmp_cond_elim_66_5282L0_1348L0;
  int __s_tmp_cond_elim_66_5284L0_1350L0=null;
  __s_Queue_prevHead_35_5274L8_1340L8[4] = __s_tmp_cond_elim_66_5284L0_1350L0;
  int __s_tmp_cond_elim_66_5286L0_1352L0=null;
  __s_Queue_prevHead_35_5274L8_1340L8[5] = __s_tmp_cond_elim_66_5286L0_1352L0;
  int __s_tmp_cond_elim_66_5288L0_1354L0=null;
  __s_Queue_prevHead_35_5274L8_1340L8[6] = __s_tmp_cond_elim_66_5288L0_1354L0;
  int __s_tmp_cond_elim_66_5290L0_1356L0=null;
  __s_Queue_prevHead_35_5274L8_1340L8[7] = __s_tmp_cond_elim_66_5290L0_1356L0;
  int __s_tmp_cond_elim_66_5292L0_1358L0=null;
  __s_Queue_prevHead_35_5274L8_1340L8[8] = __s_tmp_cond_elim_66_5292L0_1358L0;
  int __s_tmp_cond_elim_66_5294L0_1360L0=null;
  __s_Queue_prevHead_35_5274L8_1340L8[9] = __s_tmp_cond_elim_66_5294L0_1360L0;
  int __s_tmp_cond_elim_67_5297L0_1363L0=null;
  __s_Queue_tail_34_5274L9_1340L9[0] = __s_tmp_cond_elim_67_5297L0_1363L0;
  int __s_tmp_cond_elim_67_5299L0_1365L0=null;
  __s_Queue_tail_34_5274L9_1340L9[1] = __s_tmp_cond_elim_67_5299L0_1365L0;
  int __s_tmp_cond_elim_67_5301L0_1367L0=null;
  __s_Queue_tail_34_5274L9_1340L9[2] = __s_tmp_cond_elim_67_5301L0_1367L0;
  int __s_tmp_cond_elim_67_5303L0_1369L0=null;
  __s_Queue_tail_34_5274L9_1340L9[3] = __s_tmp_cond_elim_67_5303L0_1369L0;
  int __s_tmp_cond_elim_67_5305L0_1371L0=null;
  __s_Queue_tail_34_5274L9_1340L9[4] = __s_tmp_cond_elim_67_5305L0_1371L0;
  int __s_tmp_cond_elim_67_5307L0_1373L0=null;
  __s_Queue_tail_34_5274L9_1340L9[5] = __s_tmp_cond_elim_67_5307L0_1373L0;
  int __s_tmp_cond_elim_67_5309L0_1375L0=null;
  __s_Queue_tail_34_5274L9_1340L9[6] = __s_tmp_cond_elim_67_5309L0_1375L0;
  int __s_tmp_cond_elim_67_5311L0_1377L0=null;
  __s_Queue_tail_34_5274L9_1340L9[7] = __s_tmp_cond_elim_67_5311L0_1377L0;
  int __s_tmp_cond_elim_67_5313L0_1379L0=null;
  __s_Queue_tail_34_5274L9_1340L9[8] = __s_tmp_cond_elim_67_5313L0_1379L0;
  int __s_tmp_cond_elim_67_5315L0_1381L0=null;
  __s_Queue_tail_34_5274L9_1340L9[9] = __s_tmp_cond_elim_67_5315L0_1381L0;
  _out_114L1_4980L1_5167L1_1233L1 = 1;
}

===== Compilation statistics =====
  Solved? -----------------------------> true
  Number of iterations ----------------> 5
  Maximum memory usage (MiB) ----------> 171.6875
  Total elapsed time (s) --------------> 114.695
    % frontend ............ 9.78421
    % verification ........ 67.39526
    % synthesis ........... 22.820524
  Total solution time (s) -------------> 21.535
    % verification ........ 24.685396
    % synthesis ........... 75.314606

  Synthesizer statistics:  
    [solver stats]
    Number of calls -------------------> 5
    Total elapsed time (s) ------------> 26.174
    Total model building time (s) -----> 9.926
    Total solution time (s) -----------> 16.219
    Maximum memory usage (MiB) --------> 69.3125
    Average elapsed time (s) ----------> 5.234
    Average model building time (s) ---> 1.985
    Average solution time (s) ---------> 3.243
    Average memory usage (MiB) --------> 41.353127

  Verifier statistics:     
    [solver stats]
    Number of calls -------------------> 6
    Total elapsed time (s) ------------> 77.299
    Total model building time (s) -----> 71.983
    Total solution time (s) -----------> 5.316
    Maximum memory usage (MiB) --------> 17.625
    Average elapsed time (s) ----------> 12.883
    Average model building time (s) ---> 11.997
    Average solution time (s) ---------> 0.886
    Average memory usage (MiB) --------> 9.291833

  Frontend statistics:     
    Total elapsed time (s) ------------> 11.222
    Max memory usage (MiB) ------------> 102.375

[PSKETCH] DONE!
