Iteration 0
[SPINVERIF][2] Stats for last run:
      [solution stats]
      successful? ---------------------> false
      elapsed time (s) ----------------> 3.061
      model building time (s) ---------> 3.052
      solution time (s) ---------------> 0.0090
      max memory usage (MiB) ----------> 5.125
      [SPIN-specific stats]
      codegen time (s) ----------------> 0.261
      codegen memory (MiB) ------------> 0.0
      compiler time (s) ---------------> 2.791
      compiler memory (MiB) -----------> 0.0
      total SPIN time (s) -------------> 0.0090
      total SPIN mem (MiB) ------------> 5.125
      actual state mem (MiB) ----------> 0.0
      equiv state mem (MiB) -----------> 0.0
      state compression (%) -----------> 0.0
      # states explored ---------------> 535
      state exploration rate (states/s)> 0

[SATBackend] Stats for last run:
      [solution stats]
      successful? ---------------------> true
      elapsed time (s) ----------------> 0.064
      model building time (s) ---------> 0.043
      solution time (s) ---------------> 0.015
      max memory usage (MiB) ----------> 13.7265625
      [SAT-specific solution stats]
      initial number of nodes ---------> 2617
      number of nodes after opts ------> 244
      number of controls --------------> 2
      total number of control bits ----> 2

Iteration 1
[SPINVERIF][2] Stats for last run:
      [solution stats]
      successful? ---------------------> true
      elapsed time (s) ----------------> 3.901
      model building time (s) ---------> 3.051
      solution time (s) ---------------> 0.85
      max memory usage (MiB) ----------> 8.25
      [SPIN-specific stats]
      codegen time (s) ----------------> 0.251
      codegen memory (MiB) ------------> 0.0
      compiler time (s) ---------------> 2.8
      compiler memory (MiB) -----------> 0.0
      total SPIN time (s) -------------> 0.85
      total SPIN mem (MiB) ------------> 8.25
      actual state mem (MiB) ----------> 6.8719997
      equiv state mem (MiB) -----------> 57.094
      state compression (%) -----------> 12.03629
      # states explored ---------------> 58237
      state exploration rate (states/s)> 0

void main([!bit _out_1L0_1L0_1L0_1L0]) implements T
{
  int __s_Node_nextInstance_7_3L0_3L0=0; int[10] __s_Node_obj_8_3L1_3L1={0,0,0,0,0,0,0,0,0,0}; int[10] __s_Node_next_9_3L2_3L2={0,0,0,0,0,0,0,0,0,0}; bit[10] __s_Node_taken_10_3L3_3L3={0,0,0,0,0,0,0,0,0,0};
  int __s_tmp_cond_elim_43_5L0_5L0=0;
  int __s_pac57_6L0_6L0=0;
  __s_tmp_cond_elim_43_5L0_5L0 = null;
  int __s_pac58_6L1_6L1=0;
  __s_Node_obj_8_3L1_3L1[0] = __s_tmp_cond_elim_43_5L0_5L0;
  int __s_tmp_cond_elim_43_7L0_7L0=0;
  int __s_pac57_8L0_8L0=1;
  __s_tmp_cond_elim_43_7L0_7L0 = null;
  int __s_pac58_8L1_8L1=1;
  __s_Node_obj_8_3L1_3L1[1] = __s_tmp_cond_elim_43_7L0_7L0;
  int __s_tmp_cond_elim_43_9L0_9L0=0;
  int __s_pac57_10L0_10L0=2;
  __s_tmp_cond_elim_43_9L0_9L0 = null;
  int __s_pac58_10L1_10L1=2;
  __s_Node_obj_8_3L1_3L1[2] = __s_tmp_cond_elim_43_9L0_9L0;
  int __s_tmp_cond_elim_43_11L0_11L0=0;
  int __s_pac57_12L0_12L0=3;
  __s_tmp_cond_elim_43_11L0_11L0 = null;
  int __s_pac58_12L1_12L1=3;
  __s_Node_obj_8_3L1_3L1[3] = __s_tmp_cond_elim_43_11L0_11L0;
  int __s_tmp_cond_elim_43_13L0_13L0=0;
  int __s_pac57_14L0_14L0=4;
  __s_tmp_cond_elim_43_13L0_13L0 = null;
  int __s_pac58_14L1_14L1=4;
  __s_Node_obj_8_3L1_3L1[4] = __s_tmp_cond_elim_43_13L0_13L0;
  int __s_tmp_cond_elim_43_15L0_15L0=0;
  int __s_pac57_16L0_16L0=5;
  __s_tmp_cond_elim_43_15L0_15L0 = null;
  int __s_pac58_16L1_16L1=5;
  __s_Node_obj_8_3L1_3L1[5] = __s_tmp_cond_elim_43_15L0_15L0;
  int __s_tmp_cond_elim_43_17L0_17L0=0;
  int __s_pac57_18L0_18L0=6;
  __s_tmp_cond_elim_43_17L0_17L0 = null;
  int __s_pac58_18L1_18L1=6;
  __s_Node_obj_8_3L1_3L1[6] = __s_tmp_cond_elim_43_17L0_17L0;
  int __s_tmp_cond_elim_43_19L0_19L0=0;
  int __s_pac57_20L0_20L0=7;
  __s_tmp_cond_elim_43_19L0_19L0 = null;
  int __s_pac58_20L1_20L1=7;
  __s_Node_obj_8_3L1_3L1[7] = __s_tmp_cond_elim_43_19L0_19L0;
  int __s_tmp_cond_elim_43_21L0_21L0=0;
  int __s_pac57_22L0_22L0=8;
  __s_tmp_cond_elim_43_21L0_21L0 = null;
  int __s_pac58_22L1_22L1=8;
  __s_Node_obj_8_3L1_3L1[8] = __s_tmp_cond_elim_43_21L0_21L0;
  int __s_tmp_cond_elim_43_23L0_23L0=0;
  int __s_pac57_24L0_24L0=9;
  __s_tmp_cond_elim_43_23L0_23L0 = null;
  int __s_pac58_24L1_24L1=9;
  __s_Node_obj_8_3L1_3L1[9] = __s_tmp_cond_elim_43_23L0_23L0;
  int __s_tmp_cond_elim_44_26L0_26L0=0;
  int __s_pac59_27L0_27L0=0;
  __s_tmp_cond_elim_44_26L0_26L0 = null;
  int __s_pac60_27L1_27L1=0;
  __s_Node_next_9_3L2_3L2[0] = __s_tmp_cond_elim_44_26L0_26L0;
  int __s_tmp_cond_elim_44_28L0_28L0=0;
  int __s_pac59_29L0_29L0=1;
  __s_tmp_cond_elim_44_28L0_28L0 = null;
  int __s_pac60_29L1_29L1=1;
  __s_Node_next_9_3L2_3L2[1] = __s_tmp_cond_elim_44_28L0_28L0;
  int __s_tmp_cond_elim_44_30L0_30L0=0;
  int __s_pac59_31L0_31L0=2;
  __s_tmp_cond_elim_44_30L0_30L0 = null;
  int __s_pac60_31L1_31L1=2;
  __s_Node_next_9_3L2_3L2[2] = __s_tmp_cond_elim_44_30L0_30L0;
  int __s_tmp_cond_elim_44_32L0_32L0=0;
  int __s_pac59_33L0_33L0=3;
  __s_tmp_cond_elim_44_32L0_32L0 = null;
  int __s_pac60_33L1_33L1=3;
  __s_Node_next_9_3L2_3L2[3] = __s_tmp_cond_elim_44_32L0_32L0;
  int __s_tmp_cond_elim_44_34L0_34L0=0;
  int __s_pac59_35L0_35L0=4;
  __s_tmp_cond_elim_44_34L0_34L0 = null;
  int __s_pac60_35L1_35L1=4;
  __s_Node_next_9_3L2_3L2[4] = __s_tmp_cond_elim_44_34L0_34L0;
  int __s_tmp_cond_elim_44_36L0_36L0=0;
  int __s_pac59_37L0_37L0=5;
  __s_tmp_cond_elim_44_36L0_36L0 = null;
  int __s_pac60_37L1_37L1=5;
  __s_Node_next_9_3L2_3L2[5] = __s_tmp_cond_elim_44_36L0_36L0;
  int __s_tmp_cond_elim_44_38L0_38L0=0;
  int __s_pac59_39L0_39L0=6;
  __s_tmp_cond_elim_44_38L0_38L0 = null;
  int __s_pac60_39L1_39L1=6;
  __s_Node_next_9_3L2_3L2[6] = __s_tmp_cond_elim_44_38L0_38L0;
  int __s_tmp_cond_elim_44_40L0_40L0=0;
  int __s_pac59_41L0_41L0=7;
  __s_tmp_cond_elim_44_40L0_40L0 = null;
  int __s_pac60_41L1_41L1=7;
  __s_Node_next_9_3L2_3L2[7] = __s_tmp_cond_elim_44_40L0_40L0;
  int __s_tmp_cond_elim_44_42L0_42L0=0;
  int __s_pac59_43L0_43L0=8;
  __s_tmp_cond_elim_44_42L0_42L0 = null;
  int __s_pac60_43L1_43L1=8;
  __s_Node_next_9_3L2_3L2[8] = __s_tmp_cond_elim_44_42L0_42L0;
  int __s_tmp_cond_elim_44_44L0_44L0=0;
  int __s_pac59_45L0_45L0=9;
  __s_tmp_cond_elim_44_44L0_44L0 = null;
  int __s_pac60_45L1_45L1=9;
  __s_Node_next_9_3L2_3L2[9] = __s_tmp_cond_elim_44_44L0_44L0;
  bit __s_tmp_cond_elim_45_47L0_47L0=0;
  int __s_pac61_48L0_48L0=0;
  __s_tmp_cond_elim_45_47L0_47L0 = 0;
  int __s_pac62_48L1_48L1=0;
  __s_Node_taken_10_3L3_3L3[0] = 0;
  bit __s_tmp_cond_elim_45_49L0_49L0=0;
  int __s_pac61_50L0_50L0=1;
  __s_tmp_cond_elim_45_49L0_49L0 = 0;
  int __s_pac62_50L1_50L1=1;
  __s_Node_taken_10_3L3_3L3[1] = 0;
  bit __s_tmp_cond_elim_45_51L0_51L0=0;
  int __s_pac61_52L0_52L0=2;
  __s_tmp_cond_elim_45_51L0_51L0 = 0;
  int __s_pac62_52L1_52L1=2;
  __s_Node_taken_10_3L3_3L3[2] = 0;
  bit __s_tmp_cond_elim_45_53L0_53L0=0;
  int __s_pac61_54L0_54L0=3;
  __s_tmp_cond_elim_45_53L0_53L0 = 0;
  int __s_pac62_54L1_54L1=3;
  __s_Node_taken_10_3L3_3L3[3] = 0;
  bit __s_tmp_cond_elim_45_55L0_55L0=0;
  int __s_pac61_56L0_56L0=4;
  __s_tmp_cond_elim_45_55L0_55L0 = 0;
  int __s_pac62_56L1_56L1=4;
  __s_Node_taken_10_3L3_3L3[4] = 0;
  bit __s_tmp_cond_elim_45_57L0_57L0=0;
  int __s_pac61_58L0_58L0=5;
  __s_tmp_cond_elim_45_57L0_57L0 = 0;
  int __s_pac62_58L1_58L1=5;
  __s_Node_taken_10_3L3_3L3[5] = 0;
  bit __s_tmp_cond_elim_45_59L0_59L0=0;
  int __s_pac61_60L0_60L0=6;
  __s_tmp_cond_elim_45_59L0_59L0 = 0;
  int __s_pac62_60L1_60L1=6;
  __s_Node_taken_10_3L3_3L3[6] = 0;
  bit __s_tmp_cond_elim_45_61L0_61L0=0;
  int __s_pac61_62L0_62L0=7;
  __s_tmp_cond_elim_45_61L0_61L0 = 0;
  int __s_pac62_62L1_62L1=7;
  __s_Node_taken_10_3L3_3L3[7] = 0;
  bit __s_tmp_cond_elim_45_63L0_63L0=0;
  int __s_pac61_64L0_64L0=8;
  __s_tmp_cond_elim_45_63L0_63L0 = 0;
  int __s_pac62_64L1_64L1=8;
  __s_Node_taken_10_3L3_3L3[8] = 0;
  bit __s_tmp_cond_elim_45_65L0_65L0=0;
  int __s_pac61_66L0_66L0=9;
  __s_tmp_cond_elim_45_65L0_65L0 = 0;
  int __s_pac62_66L1_66L1=9;
  __s_Node_taken_10_3L3_3L3[9] = 0;
  int __s_Item_nextInstance_11_66L4_66L4=0; int[10] __s_Item_tid_12_66L5_66L5={0,0,0,0,0,0,0,0,0,0}; int[10] __s_Item_id_13_66L6_66L6={0,0,0,0,0,0,0,0,0,0};
  bit __s_tmp_cond_elim_46_68L0_68L0=0;
  int __s_pac63_69L0_69L0=0;
  __s_tmp_cond_elim_46_68L0_68L0 = 0;
  int __s_pac64_69L1_69L1=0;
  __s_Item_tid_12_66L5_66L5[0] = 0;
  bit __s_tmp_cond_elim_46_70L0_70L0=0;
  int __s_pac63_71L0_71L0=1;
  __s_tmp_cond_elim_46_70L0_70L0 = 0;
  int __s_pac64_71L1_71L1=1;
  __s_Item_tid_12_66L5_66L5[1] = 0;
  bit __s_tmp_cond_elim_46_72L0_72L0=0;
  int __s_pac63_73L0_73L0=2;
  __s_tmp_cond_elim_46_72L0_72L0 = 0;
  int __s_pac64_73L1_73L1=2;
  __s_Item_tid_12_66L5_66L5[2] = 0;
  bit __s_tmp_cond_elim_46_74L0_74L0=0;
  int __s_pac63_75L0_75L0=3;
  __s_tmp_cond_elim_46_74L0_74L0 = 0;
  int __s_pac64_75L1_75L1=3;
  __s_Item_tid_12_66L5_66L5[3] = 0;
  bit __s_tmp_cond_elim_46_76L0_76L0=0;
  int __s_pac63_77L0_77L0=4;
  __s_tmp_cond_elim_46_76L0_76L0 = 0;
  int __s_pac64_77L1_77L1=4;
  __s_Item_tid_12_66L5_66L5[4] = 0;
  bit __s_tmp_cond_elim_46_78L0_78L0=0;
  int __s_pac63_79L0_79L0=5;
  __s_tmp_cond_elim_46_78L0_78L0 = 0;
  int __s_pac64_79L1_79L1=5;
  __s_Item_tid_12_66L5_66L5[5] = 0;
  bit __s_tmp_cond_elim_46_80L0_80L0=0;
  int __s_pac63_81L0_81L0=6;
  __s_tmp_cond_elim_46_80L0_80L0 = 0;
  int __s_pac64_81L1_81L1=6;
  __s_Item_tid_12_66L5_66L5[6] = 0;
  bit __s_tmp_cond_elim_46_82L0_82L0=0;
  int __s_pac63_83L0_83L0=7;
  __s_tmp_cond_elim_46_82L0_82L0 = 0;
  int __s_pac64_83L1_83L1=7;
  __s_Item_tid_12_66L5_66L5[7] = 0;
  bit __s_tmp_cond_elim_46_84L0_84L0=0;
  int __s_pac63_85L0_85L0=8;
  __s_tmp_cond_elim_46_84L0_84L0 = 0;
  int __s_pac64_85L1_85L1=8;
  __s_Item_tid_12_66L5_66L5[8] = 0;
  bit __s_tmp_cond_elim_46_86L0_86L0=0;
  int __s_pac63_87L0_87L0=9;
  __s_tmp_cond_elim_46_86L0_86L0 = 0;
  int __s_pac64_87L1_87L1=9;
  __s_Item_tid_12_66L5_66L5[9] = 0;
  bit __s_tmp_cond_elim_47_89L0_89L0=0;
  int __s_pac65_90L0_90L0=0;
  __s_tmp_cond_elim_47_89L0_89L0 = 0;
  int __s_pac66_90L1_90L1=0;
  __s_Item_id_13_66L6_66L6[0] = 0;
  bit __s_tmp_cond_elim_47_91L0_91L0=0;
  int __s_pac65_92L0_92L0=1;
  __s_tmp_cond_elim_47_91L0_91L0 = 0;
  int __s_pac66_92L1_92L1=1;
  __s_Item_id_13_66L6_66L6[1] = 0;
  bit __s_tmp_cond_elim_47_93L0_93L0=0;
  int __s_pac65_94L0_94L0=2;
  __s_tmp_cond_elim_47_93L0_93L0 = 0;
  int __s_pac66_94L1_94L1=2;
  __s_Item_id_13_66L6_66L6[2] = 0;
  bit __s_tmp_cond_elim_47_95L0_95L0=0;
  int __s_pac65_96L0_96L0=3;
  __s_tmp_cond_elim_47_95L0_95L0 = 0;
  int __s_pac66_96L1_96L1=3;
  __s_Item_id_13_66L6_66L6[3] = 0;
  bit __s_tmp_cond_elim_47_97L0_97L0=0;
  int __s_pac65_98L0_98L0=4;
  __s_tmp_cond_elim_47_97L0_97L0 = 0;
  int __s_pac66_98L1_98L1=4;
  __s_Item_id_13_66L6_66L6[4] = 0;
  bit __s_tmp_cond_elim_47_99L0_99L0=0;
  int __s_pac65_100L0_100L0=5;
  __s_tmp_cond_elim_47_99L0_99L0 = 0;
  int __s_pac66_100L1_100L1=5;
  __s_Item_id_13_66L6_66L6[5] = 0;
  bit __s_tmp_cond_elim_47_101L0_101L0=0;
  int __s_pac65_102L0_102L0=6;
  __s_tmp_cond_elim_47_101L0_101L0 = 0;
  int __s_pac66_102L1_102L1=6;
  __s_Item_id_13_66L6_66L6[6] = 0;
  bit __s_tmp_cond_elim_47_103L0_103L0=0;
  int __s_pac65_104L0_104L0=7;
  __s_tmp_cond_elim_47_103L0_103L0 = 0;
  int __s_pac66_104L1_104L1=7;
  __s_Item_id_13_66L6_66L6[7] = 0;
  bit __s_tmp_cond_elim_47_105L0_105L0=0;
  int __s_pac65_106L0_106L0=8;
  __s_tmp_cond_elim_47_105L0_105L0 = 0;
  int __s_pac66_106L1_106L1=8;
  __s_Item_id_13_66L6_66L6[8] = 0;
  bit __s_tmp_cond_elim_47_107L0_107L0=0;
  int __s_pac65_108L0_108L0=9;
  __s_tmp_cond_elim_47_107L0_107L0 = 0;
  int __s_pac66_108L1_108L1=9;
  __s_Item_id_13_66L6_66L6[9] = 0;
  int __s_Queue_nextInstance_14_108L7_108L7=0; int[10] __s_Queue_prevHead_16_108L8_108L8={0,0,0,0,0,0,0,0,0,0}; int[10] __s_Queue_tail_15_108L9_108L9={0,0,0,0,0,0,0,0,0,0};
  int __s_tmp_cond_elim_48_110L0_110L0=0;
  int __s_pac67_111L0_111L0=0;
  __s_tmp_cond_elim_48_110L0_110L0 = null;
  int __s_pac68_111L1_111L1=0;
  __s_Queue_prevHead_16_108L8_108L8[0] = __s_tmp_cond_elim_48_110L0_110L0;
  int __s_tmp_cond_elim_48_112L0_112L0=0;
  int __s_pac67_113L0_113L0=1;
  __s_tmp_cond_elim_48_112L0_112L0 = null;
  int __s_pac68_113L1_113L1=1;
  __s_Queue_prevHead_16_108L8_108L8[1] = __s_tmp_cond_elim_48_112L0_112L0;
  int __s_tmp_cond_elim_48_114L0_114L0=0;
  int __s_pac67_115L0_115L0=2;
  __s_tmp_cond_elim_48_114L0_114L0 = null;
  int __s_pac68_115L1_115L1=2;
  __s_Queue_prevHead_16_108L8_108L8[2] = __s_tmp_cond_elim_48_114L0_114L0;
  int __s_tmp_cond_elim_48_116L0_116L0=0;
  int __s_pac67_117L0_117L0=3;
  __s_tmp_cond_elim_48_116L0_116L0 = null;
  int __s_pac68_117L1_117L1=3;
  __s_Queue_prevHead_16_108L8_108L8[3] = __s_tmp_cond_elim_48_116L0_116L0;
  int __s_tmp_cond_elim_48_118L0_118L0=0;
  int __s_pac67_119L0_119L0=4;
  __s_tmp_cond_elim_48_118L0_118L0 = null;
  int __s_pac68_119L1_119L1=4;
  __s_Queue_prevHead_16_108L8_108L8[4] = __s_tmp_cond_elim_48_118L0_118L0;
  int __s_tmp_cond_elim_48_120L0_120L0=0;
  int __s_pac67_121L0_121L0=5;
  __s_tmp_cond_elim_48_120L0_120L0 = null;
  int __s_pac68_121L1_121L1=5;
  __s_Queue_prevHead_16_108L8_108L8[5] = __s_tmp_cond_elim_48_120L0_120L0;
  int __s_tmp_cond_elim_48_122L0_122L0=0;
  int __s_pac67_123L0_123L0=6;
  __s_tmp_cond_elim_48_122L0_122L0 = null;
  int __s_pac68_123L1_123L1=6;
  __s_Queue_prevHead_16_108L8_108L8[6] = __s_tmp_cond_elim_48_122L0_122L0;
  int __s_tmp_cond_elim_48_124L0_124L0=0;
  int __s_pac67_125L0_125L0=7;
  __s_tmp_cond_elim_48_124L0_124L0 = null;
  int __s_pac68_125L1_125L1=7;
  __s_Queue_prevHead_16_108L8_108L8[7] = __s_tmp_cond_elim_48_124L0_124L0;
  int __s_tmp_cond_elim_48_126L0_126L0=0;
  int __s_pac67_127L0_127L0=8;
  __s_tmp_cond_elim_48_126L0_126L0 = null;
  int __s_pac68_127L1_127L1=8;
  __s_Queue_prevHead_16_108L8_108L8[8] = __s_tmp_cond_elim_48_126L0_126L0;
  int __s_tmp_cond_elim_48_128L0_128L0=0;
  int __s_pac67_129L0_129L0=9;
  __s_tmp_cond_elim_48_128L0_128L0 = null;
  int __s_pac68_129L1_129L1=9;
  __s_Queue_prevHead_16_108L8_108L8[9] = __s_tmp_cond_elim_48_128L0_128L0;
  int __s_tmp_cond_elim_49_131L0_131L0=0;
  int __s_pac69_132L0_132L0=0;
  __s_tmp_cond_elim_49_131L0_131L0 = null;
  int __s_pac70_132L1_132L1=0;
  __s_Queue_tail_15_108L9_108L9[0] = __s_tmp_cond_elim_49_131L0_131L0;
  int __s_tmp_cond_elim_49_133L0_133L0=0;
  int __s_pac69_134L0_134L0=1;
  __s_tmp_cond_elim_49_133L0_133L0 = null;
  int __s_pac70_134L1_134L1=1;
  __s_Queue_tail_15_108L9_108L9[1] = __s_tmp_cond_elim_49_133L0_133L0;
  int __s_tmp_cond_elim_49_135L0_135L0=0;
  int __s_pac69_136L0_136L0=2;
  __s_tmp_cond_elim_49_135L0_135L0 = null;
  int __s_pac70_136L1_136L1=2;
  __s_Queue_tail_15_108L9_108L9[2] = __s_tmp_cond_elim_49_135L0_135L0;
  int __s_tmp_cond_elim_49_137L0_137L0=0;
  int __s_pac69_138L0_138L0=3;
  __s_tmp_cond_elim_49_137L0_137L0 = null;
  int __s_pac70_138L1_138L1=3;
  __s_Queue_tail_15_108L9_108L9[3] = __s_tmp_cond_elim_49_137L0_137L0;
  int __s_tmp_cond_elim_49_139L0_139L0=0;
  int __s_pac69_140L0_140L0=4;
  __s_tmp_cond_elim_49_139L0_139L0 = null;
  int __s_pac70_140L1_140L1=4;
  __s_Queue_tail_15_108L9_108L9[4] = __s_tmp_cond_elim_49_139L0_139L0;
  int __s_tmp_cond_elim_49_141L0_141L0=0;
  int __s_pac69_142L0_142L0=5;
  __s_tmp_cond_elim_49_141L0_141L0 = null;
  int __s_pac70_142L1_142L1=5;
  __s_Queue_tail_15_108L9_108L9[5] = __s_tmp_cond_elim_49_141L0_141L0;
  int __s_tmp_cond_elim_49_143L0_143L0=0;
  int __s_pac69_144L0_144L0=6;
  __s_tmp_cond_elim_49_143L0_143L0 = null;
  int __s_pac70_144L1_144L1=6;
  __s_Queue_tail_15_108L9_108L9[6] = __s_tmp_cond_elim_49_143L0_143L0;
  int __s_tmp_cond_elim_49_145L0_145L0=0;
  int __s_pac69_146L0_146L0=7;
  __s_tmp_cond_elim_49_145L0_145L0 = null;
  int __s_pac70_146L1_146L1=7;
  __s_Queue_tail_15_108L9_108L9[7] = __s_tmp_cond_elim_49_145L0_145L0;
  int __s_tmp_cond_elim_49_147L0_147L0=0;
  int __s_pac69_148L0_148L0=8;
  __s_tmp_cond_elim_49_147L0_147L0 = null;
  int __s_pac70_148L1_148L1=8;
  __s_Queue_tail_15_108L9_108L9[8] = __s_tmp_cond_elim_49_147L0_147L0;
  int __s_tmp_cond_elim_49_149L0_149L0=0;
  int __s_pac69_150L0_150L0=9;
  __s_tmp_cond_elim_49_149L0_149L0 = null;
  int __s_pac70_150L1_150L1=9;
  __s_Queue_tail_15_108L9_108L9[9] = __s_tmp_cond_elim_49_149L0_149L0;
  _out_1L0_1L0_1L0_1L0 = 0;
  bit _has_out__3L0_3L0_151L0_151L0=0;
  int q_4L1_4L1_152L1_152L1=0;
  int _ret_0_4L2_4L2_152L2_152L2=0;
  int _out_117L1_7L0_154L0_154L0=0;
  bit _has_out__119L0_8L0_155L0_155L0=0;
  int q_119L1_8L1_155L1_155L1=0;
  int __s_tmp_new_Queue_4_8L2_155L2_155L2=0;
  atomic
  {
    __s_tmp_new_Queue_4_8L2_155L2_155L2 = 0;
    __s_Queue_nextInstance_14_108L7_108L7 = 1;
  }
  q_119L1_8L1_155L1_155L1 = 0;
  int _ret_0_119L2_9L3_156L3_156L3=null;
  int _ret_1_119L3_9L4_156L4_156L4=null;
  int _ret_2_119L4_9L5_156L5_156L5=0;
  int obj_277L6_12L0_158L0_158L0=_ret_0_119L2_9L3_156L3_156L3;
  int next_277L6_12L1_158L1_158L1=_ret_1_119L3_9L4_156L4_156L4;
  bit taken_277L7_12L2_158L2_158L2=1;
  int _out_277L8_12L3_158L3_158L3=0;
  bit _has_out__279L0_13L0_159L0_159L0=0;
  int n_279L1_13L1_159L1_159L1=0;
  int __s_tmp_new_Node_6_13L2_159L2_159L2=0;
  atomic
  {
    __s_tmp_new_Node_6_13L2_159L2_159L2 = 0;
  }
  n_279L1_13L1_159L1_159L1 = 0;
  int __s_pac71_161L0_161L0=0;
  __s_Node_obj_8_3L1_3L1[0] = _ret_0_119L2_9L3_156L3_156L3;
  int __s_pac72_162L0_162L0=0;
  __s_Node_next_9_3L2_3L2[0] = _ret_1_119L3_9L4_156L4_156L4;
  int __s_pac73_163L0_163L0=0;
  __s_Node_taken_10_3L3_3L3[0] = 1;
  _out_277L8_12L3_158L3_158L3 = 0;
  _has_out__279L0_13L0_159L0_159L0 = 1;
  _ret_2_119L4_9L5_156L5_156L5 = 0;
  int __s_pac74_165L0_165L0=0;
  __s_Queue_prevHead_16_108L8_108L8[0] = 0;
  int __s_pac75_166L0_166L0=0;
  int __s_pac76_166L1_166L1=0;
  __s_Queue_tail_15_108L9_108L9[0] = __s_Queue_prevHead_16_108L8_108L8[0];
  _out_117L1_7L0_154L0_154L0 = 0;
  _has_out__119L0_8L0_155L0_155L0 = 1;
  _ret_0_4L2_4L2_152L2_152L2 = 0;
  q_4L1_4L1_152L1_152L1 = 0;
  int dqCount_5L3_21L3_167L3_167L3=0;
  int _ret_1_5L4_21L4_167L4_167L4=0;
  int tid_123L1_24L0_169L0_169L0=3;
  int id_123L2_24L1_169L1_169L1=3;
  int _out_123L3_24L2_169L2_169L2=0;
  bit _has_out__125L0_25L0_170L0_170L0=0;
  int it_125L1_25L1_170L1_170L1=0;
  int __s_tmp_new_Item_5_25L2_170L2_170L2=0;
  atomic
  {
    __s_tmp_new_Item_5_25L2_170L2_170L2 = 0;
    __s_Item_nextInstance_11_66L4_66L4 = 1;
  }
  it_125L1_25L1_170L1_170L1 = 0;
  int __s_pac77_172L0_172L0=0;
  __s_Item_tid_12_66L5_66L5[0] = 3;
  int __s_pac78_173L0_173L0=0;
  __s_Item_id_13_66L6_66L6[0] = 3;
  _out_123L3_24L2_169L2_169L2 = 0;
  _has_out__125L0_25L0_170L0_170L0 = 1;
  _ret_1_5L4_21L4_167L4_167L4 = 0;
  int q_128L3_32L0_176L0_176L0=0;
  int obj_128L4_32L1_176L1_176L1=0;
  bit _has_out__130L0_33L0_177L0_177L0=0;
  int n_130L1_33L1_177L1_177L1=0;
  int _ret_0_130L2_33L2_177L2_177L2=null;
  int _ret_1_130L3_33L3_177L3_177L3=0;
  int obj_277L6_36L0_179L0_179L0=0;
  int next_277L6_36L1_179L1_179L1=_ret_0_130L2_33L2_177L2_177L2;
  bit taken_277L7_36L2_179L2_179L2=0;
  int _out_277L8_36L3_179L3_179L3=0;
  bit _has_out__279L0_37L0_180L0_180L0=0;
  int n_279L1_37L1_180L1_180L1=0;
  int __s_tmp_new_Node_6_37L2_180L2_180L2=0;
  atomic
  {
    __s_tmp_new_Node_6_37L2_180L2_180L2 = 1;
    __s_Node_nextInstance_7_3L0_3L0 = 2;
  }
  n_279L1_37L1_180L1_180L1 = 1;
  int __s_pac79_182L0_182L0=1;
  __s_Node_obj_8_3L1_3L1[1] = 0;
  int __s_pac80_183L0_183L0=1;
  __s_Node_next_9_3L2_3L2[1] = _ret_0_130L2_33L2_177L2_177L2;
  int __s_pac81_184L0_184L0=1;
  __s_Node_taken_10_3L3_3L3[1] = 0;
  _out_277L8_36L3_179L3_179L3 = 1;
  _has_out__279L0_37L0_180L0_180L0 = 1;
  _ret_1_130L3_33L3_177L3_177L3 = 1;
  n_130L1_33L1_177L1_177L1 = 1;
  int oldTail_131L4_42L4_185L4_185L4=0;
  atomic
  {
    oldTail_131L4_42L4_185L4_185L4 = 0;
    __s_Queue_tail_15_108L9_108L9[0] = 1;
  }
  int __s_pac85_193L0_191L0=0;
  __s_Node_next_9_3L2_3L2[0] = 1;
  int x_7L5_50L5_193L5_191L5=0;
  int _ret_2_7L6_50L6_193L6_191L6=0;
  int q_139L5_53L0_195L0_193L0=0;
  int _out_139L5_53L1_195L1_193L1=null;
  bit _has_out__141L0_54L0_196L0_194L0=0;
  int tmp_141L1_54L1_196L1_194L1=null;
  bit wasTaken_141L2_54L2_196L2_194L2=1;
  bit done_141L3_54L3_196L3_194L3=0;
  for(int i_143L0_56L0_198L0_196L0=0;(i_143L0_56L0_198L0_196L0)<(5);i_143L0_56L0_198L0_196L0 = (i_143L0_56L0_198L0_196L0)+(1))
  {
    if(!(done_141L3_54L3_196L3_194L3))
    {
      int __s_pac86_236L1_234L1=__s_Queue_prevHead_16_108L8_108L8[0];
      tmp_141L1_54L1_196L1_194L1 = __s_Node_next_9_3L2_3L2[__s_pac86_236L1_234L1];
      if((null)==(tmp_141L1_54L1_196L1_194L1))
      {
        done_141L3_54L3_196L3_194L3 = 1;
        if((_has_out__141L0_54L0_196L0_194L0)==(0))
        {
          _out_139L5_53L1_195L1_193L1 = null;
          _has_out__141L0_54L0_196L0_194L0 = 1;
        }
      }
      if(!(done_141L3_54L3_196L3_194L3))
      {
        if((_has_out__141L0_54L0_196L0_194L0)==(0))
        {
          __s_Queue_prevHead_16_108L8_108L8[0] = tmp_141L1_54L1_196L1_194L1;
        }
        if((0)==(__s_Node_taken_10_3L3_3L3[tmp_141L1_54L1_196L1_194L1]))
        {
          atomic
          {
            wasTaken_141L2_54L2_196L2_194L2 = __s_Node_taken_10_3L3_3L3[tmp_141L1_54L1_196L1_194L1];
            if((_has_out__141L0_54L0_196L0_194L0)==(0))
            {
              __s_Node_taken_10_3L3_3L3[tmp_141L1_54L1_196L1_194L1] = 1;
            }
          }
          if((0)==(wasTaken_141L2_54L2_196L2_194L2))
          {
            done_141L3_54L3_196L3_194L3 = 1;
            if((_has_out__141L0_54L0_196L0_194L0)==(0))
            {
              _out_139L5_53L1_195L1_193L1 = __s_Node_obj_8_3L1_3L1[tmp_141L1_54L1_196L1_194L1];
              _has_out__141L0_54L0_196L0_194L0 = 1;
            }
          }
        }
      }
    }
  }
  _ret_2_7L6_50L6_193L6_191L6 = _out_139L5_53L1_195L1_193L1;
  x_7L5_50L5_193L5_191L5 = _out_139L5_53L1_195L1_193L1;
  bit __s_atomize_sc1_9L0_109L0_251L0_249L0=(_out_139L5_53L1_195L1_193L1)!=(null);
  if(__s_atomize_sc1_9L0_109L0_251L0_249L0)
  {
    __s_atomize_sc1_9L0_109L0_251L0_249L0 = (__s_Item_tid_12_66L5_66L5[_out_139L5_53L1_195L1_193L1])==(3);
  }
  bit __s_atomize_sc2_10L1_110L1_252L1_250L1=__s_atomize_sc1_9L0_109L0_251L0_249L0;
  if(__s_atomize_sc1_9L0_109L0_251L0_249L0)
  {
    __s_atomize_sc2_10L1_110L1_252L1_250L1 = (__s_Item_id_13_66L6_66L6[_out_139L5_53L1_195L1_193L1])==(3);
  }
  fork(int i_14L0_114L0_256L0_254L0; 2)
  {
    int[2] lastId_16L0_116L0_258L0_257L0={0,0};
    lastId_16L0_116L0_258L0_257L0[0] = 0;
    lastId_16L0_116L0_258L0_257L0[1] = 0;
    for(int j_18L0_118L0_263L0_262L0=0;(j_18L0_118L0_263L0_262L0)<(2);j_18L0_118L0_263L0_262L0 = (j_18L0_118L0_263L0_262L0)+(1))
    {
      if(((j_18L0_118L0_263L0_262L0)%(2))==(0))
      {
        int _ret_3_62L0_357L0_491L0_484L0=(j_18L0_118L0_263L0_262L0)+(1);
        int __s_tmp_new_Item_5_361L2_494L2_487L2=0;
        atomic
        {
          __s_tmp_new_Item_5_361L2_494L2_487L2 = __s_Item_nextInstance_11_66L4_66L4;
          __s_Item_nextInstance_11_66L4_66L4 = (__s_Item_nextInstance_11_66L4_66L4)+(1);
        }
        __s_Item_tid_12_66L5_66L5[__s_tmp_new_Item_5_361L2_494L2_487L2] = i_14L0_114L0_256L0_254L0;
        __s_Item_id_13_66L6_66L6[__s_tmp_new_Item_5_361L2_494L2_487L2] = _ret_3_62L0_357L0_491L0_484L0;
        int _ret_0_130L2_369L2_501L2_494L2=null;
        int __s_tmp_new_Node_6_373L2_504L2_497L2=0;
        atomic
        {
          __s_tmp_new_Node_6_373L2_504L2_497L2 = __s_Node_nextInstance_7_3L0_3L0;
          __s_Node_nextInstance_7_3L0_3L0 = (__s_Node_nextInstance_7_3L0_3L0)+(1);
        }
        __s_Node_obj_8_3L1_3L1[__s_tmp_new_Node_6_373L2_504L2_497L2] = __s_tmp_new_Item_5_361L2_494L2_487L2;
        __s_Node_next_9_3L2_3L2[__s_tmp_new_Node_6_373L2_504L2_497L2] = _ret_0_130L2_369L2_501L2_494L2;
        __s_Node_taken_10_3L3_3L3[__s_tmp_new_Node_6_373L2_504L2_497L2] = 0;
        int oldTail_131L4_378L4_509L4_502L4=0;
        atomic
        {
          int __s_tmp_cond_elim_0_133L0_380L0_511L0_504L0=__s_Queue_tail_15_108L9_108L9[0];
          oldTail_131L4_378L4_509L4_502L4 = __s_tmp_cond_elim_0_133L0_380L0_511L0_504L0;
          __s_Queue_tail_15_108L9_108L9[0] = __s_tmp_new_Node_6_373L2_504L2_497L2;
        }
        __s_Node_next_9_3L2_3L2[oldTail_131L4_378L4_509L4_502L4] = __s_tmp_new_Node_6_373L2_504L2_497L2;
      }
      else
      {
        int _out_139L5_392L1_522L1_513L1=null;
        bit _has_out__141L0_393L0_523L0_514L0=0;
        int tmp_141L1_393L1_523L1_514L1=0;
        bit wasTaken_141L2_393L2_523L2_514L2=0;
        bit done_141L3_393L3_523L3_514L3=0;
        for(int i_143L0_395L0_525L0_516L0=0;(i_143L0_395L0_525L0_516L0)<(5);i_143L0_395L0_525L0_516L0 = (i_143L0_395L0_525L0_516L0)+(1))
        {
          if(!(done_141L3_393L3_523L3_514L3))
          {
            int __s_pac105_563L1_554L1=__s_Queue_prevHead_16_108L8_108L8[0];
            tmp_141L1_393L1_523L1_514L1 = __s_Node_next_9_3L2_3L2[__s_pac105_563L1_554L1];
            if((null)==(tmp_141L1_393L1_523L1_514L1))
            {
              done_141L3_393L3_523L3_514L3 = 1;
              if((_has_out__141L0_393L0_523L0_514L0)==(0))
              {
                _out_139L5_392L1_522L1_513L1 = null;
                _has_out__141L0_393L0_523L0_514L0 = 1;
              }
            }
            if(!(done_141L3_393L3_523L3_514L3))
            {
              if((_has_out__141L0_393L0_523L0_514L0)==(0))
              {
                __s_Queue_prevHead_16_108L8_108L8[0] = tmp_141L1_393L1_523L1_514L1;
              }
              if((0)==(__s_Node_taken_10_3L3_3L3[tmp_141L1_393L1_523L1_514L1]))
              {
                atomic
                {
                  wasTaken_141L2_393L2_523L2_514L2 = __s_Node_taken_10_3L3_3L3[tmp_141L1_393L1_523L1_514L1];
                  if((_has_out__141L0_393L0_523L0_514L0)==(0))
                  {
                    __s_Node_taken_10_3L3_3L3[tmp_141L1_393L1_523L1_514L1] = 1;
                  }
                }
                if((0)==(wasTaken_141L2_393L2_523L2_514L2))
                {
                  done_141L3_393L3_523L3_514L3 = 1;
                  if((_has_out__141L0_393L0_523L0_514L0)==(0))
                  {
                    _out_139L5_392L1_522L1_513L1 = __s_Node_obj_8_3L1_3L1[tmp_141L1_393L1_523L1_514L1];
                    _has_out__141L0_393L0_523L0_514L0 = 1;
                  }
                }
              }
            }
          }
        }
        if((_out_139L5_392L1_522L1_513L1)!=(null))
        {
          int __s_pac115_580L1_571L1=__s_Item_tid_12_66L5_66L5[_out_139L5_392L1_522L1_513L1];
          lastId_16L0_116L0_258L0_257L0[__s_pac115_580L1_571L1] = __s_Item_id_13_66L6_66L6[_out_139L5_392L1_522L1_513L1];
          atomic
          {
            int __s_atomize3_73L0_452L0_582L0_573L0=dqCount_5L3_21L3_167L3_167L3;
            dqCount_5L3_21L3_167L3_167L3 = (__s_atomize3_73L0_452L0_582L0_573L0)+(1);
          }
        }
      }
    }
  }
  int[2] lastId_75L8_511L8_640L8_631L8={0,0};
  lastId_75L8_511L8_640L8_631L8[0] = 0;
  lastId_75L8_511L8_640L8_631L8[1] = 0;
  bit done_75L9_511L9_643L9_634L9=0;
  for(int i_77L0_513L0_645L0_636L0=0;(i_77L0_513L0_645L0_636L0)<(5);i_77L0_513L0_645L0_636L0 = (i_77L0_513L0_645L0_636L0)+(1))
  {
    if(!(done_75L9_511L9_643L9_634L9))
    {
      int _out_139L5_654L1_783L1_774L1=null;
      bit _has_out__141L0_655L0_784L0_775L0=0;
      int tmp_141L1_655L1_784L1_775L1=0;
      bit wasTaken_141L2_655L2_784L2_775L2=0;
      bit done_141L3_655L3_784L3_775L3=0;
      for(int i_143L0_657L0_786L0_777L0=0;(i_143L0_657L0_786L0_777L0)<(5);i_143L0_657L0_786L0_777L0 = (i_143L0_657L0_786L0_777L0)+(1))
      {
        if(!(done_141L3_655L3_784L3_775L3))
        {
          int __s_pac134_824L1_815L1=__s_Queue_prevHead_16_108L8_108L8[0];
          tmp_141L1_655L1_784L1_775L1 = __s_Node_next_9_3L2_3L2[__s_pac134_824L1_815L1];
          if((null)==(tmp_141L1_655L1_784L1_775L1))
          {
            done_141L3_655L3_784L3_775L3 = 1;
            if((_has_out__141L0_655L0_784L0_775L0)==(0))
            {
              _out_139L5_654L1_783L1_774L1 = null;
              _has_out__141L0_655L0_784L0_775L0 = 1;
            }
          }
          if(!(done_141L3_655L3_784L3_775L3))
          {
            if((_has_out__141L0_655L0_784L0_775L0)==(0))
            {
              __s_Queue_prevHead_16_108L8_108L8[0] = tmp_141L1_655L1_784L1_775L1;
            }
            if((0)==(__s_Node_taken_10_3L3_3L3[tmp_141L1_655L1_784L1_775L1]))
            {
              atomic
              {
                wasTaken_141L2_655L2_784L2_775L2 = __s_Node_taken_10_3L3_3L3[tmp_141L1_655L1_784L1_775L1];
                if((_has_out__141L0_655L0_784L0_775L0)==(0))
                {
                  __s_Node_taken_10_3L3_3L3[tmp_141L1_655L1_784L1_775L1] = 1;
                }
              }
              if((0)==(wasTaken_141L2_655L2_784L2_775L2))
              {
                done_141L3_655L3_784L3_775L3 = 1;
                if((_has_out__141L0_655L0_784L0_775L0)==(0))
                {
                  _out_139L5_654L1_783L1_774L1 = __s_Node_obj_8_3L1_3L1[tmp_141L1_655L1_784L1_775L1];
                  _has_out__141L0_655L0_784L0_775L0 = 1;
                }
              }
            }
          }
        }
      }
      if((_out_139L5_654L1_783L1_774L1)==(null))
      {
        done_75L9_511L9_643L9_634L9 = 1;
      }
      else
      {
        int __s_pac144_843L1_834L1=__s_Item_tid_12_66L5_66L5[_out_139L5_654L1_783L1_774L1];
        lastId_75L8_511L8_640L8_631L8[__s_pac144_843L1_834L1] = __s_Item_id_13_66L6_66L6[_out_139L5_654L1_783L1_774L1];
      }
    }
  }
  _out_1L0_1L0_1L0_1L0 = 1;
}
void T([!bit _out_114L1_805L1_932L1_923L1])
{
  int[10] __s_Node_obj_18_934L1_925L1={0,0,0,0,0,0,0,0,0,0}; int[10] __s_Node_next_19_934L2_925L2={0,0,0,0,0,0,0,0,0,0}; bit[10] __s_Node_taken_20_934L3_925L3={0,0,0,0,0,0,0,0,0,0};
  int __s_tmp_cond_elim_50_936L0_927L0=null;
  __s_Node_obj_18_934L1_925L1[0] = __s_tmp_cond_elim_50_936L0_927L0;
  int __s_tmp_cond_elim_50_938L0_929L0=null;
  __s_Node_obj_18_934L1_925L1[1] = __s_tmp_cond_elim_50_938L0_929L0;
  int __s_tmp_cond_elim_50_940L0_931L0=null;
  __s_Node_obj_18_934L1_925L1[2] = __s_tmp_cond_elim_50_940L0_931L0;
  int __s_tmp_cond_elim_50_942L0_933L0=null;
  __s_Node_obj_18_934L1_925L1[3] = __s_tmp_cond_elim_50_942L0_933L0;
  int __s_tmp_cond_elim_50_944L0_935L0=null;
  __s_Node_obj_18_934L1_925L1[4] = __s_tmp_cond_elim_50_944L0_935L0;
  int __s_tmp_cond_elim_50_946L0_937L0=null;
  __s_Node_obj_18_934L1_925L1[5] = __s_tmp_cond_elim_50_946L0_937L0;
  int __s_tmp_cond_elim_50_948L0_939L0=null;
  __s_Node_obj_18_934L1_925L1[6] = __s_tmp_cond_elim_50_948L0_939L0;
  int __s_tmp_cond_elim_50_950L0_941L0=null;
  __s_Node_obj_18_934L1_925L1[7] = __s_tmp_cond_elim_50_950L0_941L0;
  int __s_tmp_cond_elim_50_952L0_943L0=null;
  __s_Node_obj_18_934L1_925L1[8] = __s_tmp_cond_elim_50_952L0_943L0;
  int __s_tmp_cond_elim_50_954L0_945L0=null;
  __s_Node_obj_18_934L1_925L1[9] = __s_tmp_cond_elim_50_954L0_945L0;
  int __s_tmp_cond_elim_51_957L0_948L0=null;
  __s_Node_next_19_934L2_925L2[0] = __s_tmp_cond_elim_51_957L0_948L0;
  int __s_tmp_cond_elim_51_959L0_950L0=null;
  __s_Node_next_19_934L2_925L2[1] = __s_tmp_cond_elim_51_959L0_950L0;
  int __s_tmp_cond_elim_51_961L0_952L0=null;
  __s_Node_next_19_934L2_925L2[2] = __s_tmp_cond_elim_51_961L0_952L0;
  int __s_tmp_cond_elim_51_963L0_954L0=null;
  __s_Node_next_19_934L2_925L2[3] = __s_tmp_cond_elim_51_963L0_954L0;
  int __s_tmp_cond_elim_51_965L0_956L0=null;
  __s_Node_next_19_934L2_925L2[4] = __s_tmp_cond_elim_51_965L0_956L0;
  int __s_tmp_cond_elim_51_967L0_958L0=null;
  __s_Node_next_19_934L2_925L2[5] = __s_tmp_cond_elim_51_967L0_958L0;
  int __s_tmp_cond_elim_51_969L0_960L0=null;
  __s_Node_next_19_934L2_925L2[6] = __s_tmp_cond_elim_51_969L0_960L0;
  int __s_tmp_cond_elim_51_971L0_962L0=null;
  __s_Node_next_19_934L2_925L2[7] = __s_tmp_cond_elim_51_971L0_962L0;
  int __s_tmp_cond_elim_51_973L0_964L0=null;
  __s_Node_next_19_934L2_925L2[8] = __s_tmp_cond_elim_51_973L0_964L0;
  int __s_tmp_cond_elim_51_975L0_966L0=null;
  __s_Node_next_19_934L2_925L2[9] = __s_tmp_cond_elim_51_975L0_966L0;
  __s_Node_taken_20_934L3_925L3[0] = 0;
  __s_Node_taken_20_934L3_925L3[1] = 0;
  __s_Node_taken_20_934L3_925L3[2] = 0;
  __s_Node_taken_20_934L3_925L3[3] = 0;
  __s_Node_taken_20_934L3_925L3[4] = 0;
  __s_Node_taken_20_934L3_925L3[5] = 0;
  __s_Node_taken_20_934L3_925L3[6] = 0;
  __s_Node_taken_20_934L3_925L3[7] = 0;
  __s_Node_taken_20_934L3_925L3[8] = 0;
  __s_Node_taken_20_934L3_925L3[9] = 0;
  int[10] __s_Item_tid_22_997L5_988L5={0,0,0,0,0,0,0,0,0,0}; int[10] __s_Item_id_23_997L6_988L6={0,0,0,0,0,0,0,0,0,0};
  __s_Item_tid_22_997L5_988L5[0] = 0;
  __s_Item_tid_22_997L5_988L5[1] = 0;
  __s_Item_tid_22_997L5_988L5[2] = 0;
  __s_Item_tid_22_997L5_988L5[3] = 0;
  __s_Item_tid_22_997L5_988L5[4] = 0;
  __s_Item_tid_22_997L5_988L5[5] = 0;
  __s_Item_tid_22_997L5_988L5[6] = 0;
  __s_Item_tid_22_997L5_988L5[7] = 0;
  __s_Item_tid_22_997L5_988L5[8] = 0;
  __s_Item_tid_22_997L5_988L5[9] = 0;
  __s_Item_id_23_997L6_988L6[0] = 0;
  __s_Item_id_23_997L6_988L6[1] = 0;
  __s_Item_id_23_997L6_988L6[2] = 0;
  __s_Item_id_23_997L6_988L6[3] = 0;
  __s_Item_id_23_997L6_988L6[4] = 0;
  __s_Item_id_23_997L6_988L6[5] = 0;
  __s_Item_id_23_997L6_988L6[6] = 0;
  __s_Item_id_23_997L6_988L6[7] = 0;
  __s_Item_id_23_997L6_988L6[8] = 0;
  __s_Item_id_23_997L6_988L6[9] = 0;
  int[10] __s_Queue_prevHead_26_1039L8_1030L8={0,0,0,0,0,0,0,0,0,0}; int[10] __s_Queue_tail_25_1039L9_1030L9={0,0,0,0,0,0,0,0,0,0};
  int __s_tmp_cond_elim_55_1041L0_1032L0=null;
  __s_Queue_prevHead_26_1039L8_1030L8[0] = __s_tmp_cond_elim_55_1041L0_1032L0;
  int __s_tmp_cond_elim_55_1043L0_1034L0=null;
  __s_Queue_prevHead_26_1039L8_1030L8[1] = __s_tmp_cond_elim_55_1043L0_1034L0;
  int __s_tmp_cond_elim_55_1045L0_1036L0=null;
  __s_Queue_prevHead_26_1039L8_1030L8[2] = __s_tmp_cond_elim_55_1045L0_1036L0;
  int __s_tmp_cond_elim_55_1047L0_1038L0=null;
  __s_Queue_prevHead_26_1039L8_1030L8[3] = __s_tmp_cond_elim_55_1047L0_1038L0;
  int __s_tmp_cond_elim_55_1049L0_1040L0=null;
  __s_Queue_prevHead_26_1039L8_1030L8[4] = __s_tmp_cond_elim_55_1049L0_1040L0;
  int __s_tmp_cond_elim_55_1051L0_1042L0=null;
  __s_Queue_prevHead_26_1039L8_1030L8[5] = __s_tmp_cond_elim_55_1051L0_1042L0;
  int __s_tmp_cond_elim_55_1053L0_1044L0=null;
  __s_Queue_prevHead_26_1039L8_1030L8[6] = __s_tmp_cond_elim_55_1053L0_1044L0;
  int __s_tmp_cond_elim_55_1055L0_1046L0=null;
  __s_Queue_prevHead_26_1039L8_1030L8[7] = __s_tmp_cond_elim_55_1055L0_1046L0;
  int __s_tmp_cond_elim_55_1057L0_1048L0=null;
  __s_Queue_prevHead_26_1039L8_1030L8[8] = __s_tmp_cond_elim_55_1057L0_1048L0;
  int __s_tmp_cond_elim_55_1059L0_1050L0=null;
  __s_Queue_prevHead_26_1039L8_1030L8[9] = __s_tmp_cond_elim_55_1059L0_1050L0;
  int __s_tmp_cond_elim_56_1062L0_1053L0=null;
  __s_Queue_tail_25_1039L9_1030L9[0] = __s_tmp_cond_elim_56_1062L0_1053L0;
  int __s_tmp_cond_elim_56_1064L0_1055L0=null;
  __s_Queue_tail_25_1039L9_1030L9[1] = __s_tmp_cond_elim_56_1064L0_1055L0;
  int __s_tmp_cond_elim_56_1066L0_1057L0=null;
  __s_Queue_tail_25_1039L9_1030L9[2] = __s_tmp_cond_elim_56_1066L0_1057L0;
  int __s_tmp_cond_elim_56_1068L0_1059L0=null;
  __s_Queue_tail_25_1039L9_1030L9[3] = __s_tmp_cond_elim_56_1068L0_1059L0;
  int __s_tmp_cond_elim_56_1070L0_1061L0=null;
  __s_Queue_tail_25_1039L9_1030L9[4] = __s_tmp_cond_elim_56_1070L0_1061L0;
  int __s_tmp_cond_elim_56_1072L0_1063L0=null;
  __s_Queue_tail_25_1039L9_1030L9[5] = __s_tmp_cond_elim_56_1072L0_1063L0;
  int __s_tmp_cond_elim_56_1074L0_1065L0=null;
  __s_Queue_tail_25_1039L9_1030L9[6] = __s_tmp_cond_elim_56_1074L0_1065L0;
  int __s_tmp_cond_elim_56_1076L0_1067L0=null;
  __s_Queue_tail_25_1039L9_1030L9[7] = __s_tmp_cond_elim_56_1076L0_1067L0;
  int __s_tmp_cond_elim_56_1078L0_1069L0=null;
  __s_Queue_tail_25_1039L9_1030L9[8] = __s_tmp_cond_elim_56_1078L0_1069L0;
  int __s_tmp_cond_elim_56_1080L0_1071L0=null;
  __s_Queue_tail_25_1039L9_1030L9[9] = __s_tmp_cond_elim_56_1080L0_1071L0;
  _out_114L1_805L1_932L1_923L1 = 1;
}

===== Compilation statistics =====
  Solved? -----------------------------> true
  Number of iterations ----------------> 1
  Maximum memory usage (MiB) ----------> 67.03906
  Total elapsed time (s) --------------> 9.24
    % frontend ............ 23.961039
    % verification ........ 75.34632
    % synthesis ........... 0.6926407
  Total solution time (s) -------------> 0.874
    % verification ........ 98.28375
    % synthesis ........... 1.7162471

  Synthesizer statistics:  
    [solver stats]
    Number of calls -------------------> 1
    Total elapsed time (s) ------------> 0.064
    Total model building time (s) -----> 0.043
    Total solution time (s) -----------> 0.015
    Maximum memory usage (MiB) --------> 13.7265625
    Average elapsed time (s) ----------> 0.064
    Average model building time (s) ---> 0.043
    Average solution time (s) ---------> 0.015
    Average memory usage (MiB) --------> 13.7265625

  Verifier statistics:     
    [solver stats]
    Number of calls -------------------> 2
    Total elapsed time (s) ------------> 6.962
    Total model building time (s) -----> 6.103
    Total solution time (s) -----------> 0.859
    Maximum memory usage (MiB) --------> 8.25
    Average elapsed time (s) ----------> 3.481
    Average model building time (s) ---> 3.051
    Average solution time (s) ---------> 0.429
    Average memory usage (MiB) --------> 6.6875

  Frontend statistics:     
    Total elapsed time (s) ------------> 2.214
    Max memory usage (MiB) ------------> 53.3125

[PSKETCH] DONE!
