Iteration 0
[SPINVERIF][2] Stats for last run:
      [solution stats]
      successful? ---------------------> false
      elapsed time (s) ----------------> 16.775
      model building time (s) ---------> 16.766
      solution time (s) ---------------> 0.0090
      max memory usage (MiB) ----------> 6.6879997
      [SPIN-specific stats]
      codegen time (s) ----------------> 3.882
      codegen memory (MiB) ------------> 0.0
      compiler time (s) ---------------> 12.884
      compiler memory (MiB) -----------> 0.0
      total SPIN time (s) -------------> 0.0090
      total SPIN mem (MiB) ------------> 6.6879997
      actual state mem (MiB) ----------> 0.0
      equiv state mem (MiB) -----------> 0.0
      state compression (%) -----------> 0.0
      # states explored ---------------> 477
      state exploration rate (states/s)> 0

[SATBackend] Stats for last run:
      [solution stats]
      successful? ---------------------> true
      elapsed time (s) ----------------> 1.116
      model building time (s) ---------> 0.414
      solution time (s) ---------------> 0.695
      max memory usage (MiB) ----------> 24.804688
      [SAT-specific solution stats]
      initial number of nodes ---------> 20919
      number of nodes after opts ------> 3717
      number of controls --------------> 65
      total number of control bits ----> 107

Iteration 1
[SPINVERIF][2] Stats for last run:
      [solution stats]
      successful? ---------------------> false
      elapsed time (s) ----------------> 16.762
      model building time (s) ---------> 16.692
      solution time (s) ---------------> 0.07
      max memory usage (MiB) ----------> 8.25
      [SPIN-specific stats]
      codegen time (s) ----------------> 3.84
      codegen memory (MiB) ------------> 0.0
      compiler time (s) ---------------> 12.852
      compiler memory (MiB) -----------> 0.0
      total SPIN time (s) -------------> 0.07
      total SPIN mem (MiB) ------------> 8.25
      actual state mem (MiB) ----------> 7.076
      equiv state mem (MiB) -----------> 7.4159994
      state compression (%) -----------> 95.41533
      # states explored ---------------> 1769
      state exploration rate (states/s)> 0

[SATBackend] Stats for last run:
      [solution stats]
      successful? ---------------------> true
      elapsed time (s) ----------------> 242.132
      model building time (s) ---------> 3.313
      solution time (s) ---------------> 238.814
      max memory usage (MiB) ----------> 101.30078
      [SAT-specific solution stats]
      initial number of nodes ---------> 131379
      number of nodes after opts ------> 23741
      number of controls --------------> 65
      total number of control bits ----> 107

Iteration 2
[SPINVERIF][2] Stats for last run:
      [solution stats]
      successful? ---------------------> false
      elapsed time (s) ----------------> 17.162
      model building time (s) ---------> 16.732
      solution time (s) ---------------> 0.43
      max memory usage (MiB) ----------> 9.812
      [SPIN-specific stats]
      codegen time (s) ----------------> 3.851
      codegen memory (MiB) ------------> 0.0
      compiler time (s) ---------------> 12.881
      compiler memory (MiB) -----------> 0.0
      total SPIN time (s) -------------> 0.43
      total SPIN mem (MiB) ------------> 9.812
      actual state mem (MiB) ----------> 8.637
      equiv state mem (MiB) -----------> 35.052
      state compression (%) -----------> 24.640535
      # states explored ---------------> 8361
      state exploration rate (states/s)> 0

[SATBackend] Stats for last run:
      [solution stats]
      successful? ---------------------> true
      elapsed time (s) ----------------> 188.267
      model building time (s) ---------> 6.405
      solution time (s) ---------------> 181.857
      max memory usage (MiB) ----------> 99.56641
      [SAT-specific solution stats]
      initial number of nodes ---------> 241839
      number of nodes after opts ------> 23741
      number of controls --------------> 65
      total number of control bits ----> 107

Iteration 3
[SPINVERIF][2] Stats for last run:
      [solution stats]
      successful? ---------------------> false
      elapsed time (s) ----------------> 17.914
      model building time (s) ---------> 16.694
      solution time (s) ---------------> 1.22
      max memory usage (MiB) ----------> 11.375
      [SPIN-specific stats]
      codegen time (s) ----------------> 3.854
      codegen memory (MiB) ------------> 0.0
      compiler time (s) ---------------> 12.84
      compiler memory (MiB) -----------> 0.0
      total SPIN time (s) -------------> 1.22
      total SPIN mem (MiB) ------------> 11.375
      actual state mem (MiB) ----------> 0.20099926
      equiv state mem (MiB) -----------> 89.666
      state compression (%) -----------> 0.22416441
      # states explored ---------------> 21388
      state exploration rate (states/s)> 0

[SATBackend] Stats for last run:
      [solution stats]
      successful? ---------------------> true
      elapsed time (s) ----------------> 345.001
      model building time (s) ---------> 9.569
      solution time (s) ---------------> 335.426
      max memory usage (MiB) ----------> 125.96094
      [SAT-specific solution stats]
      initial number of nodes ---------> 352299
      number of nodes after opts ------> 23741
      number of controls --------------> 65
      total number of control bits ----> 107

Iteration 4
[SPINVERIF][2] Stats for last run:
      [solution stats]
      successful? ---------------------> true
      elapsed time (s) ----------------> 33.147
      model building time (s) ---------> 16.748
      solution time (s) ---------------> 16.399
      max memory usage (MiB) ----------> 42.625
      [SPIN-specific stats]
      codegen time (s) ----------------> 3.852
      codegen memory (MiB) ------------> 0.0
      compiler time (s) ---------------> 12.896
      compiler memory (MiB) -----------> 0.0
      total SPIN time (s) -------------> 16.399
      total SPIN mem (MiB) ------------> 42.625
      actual state mem (MiB) ----------> 1.4589996
      equiv state mem (MiB) -----------> 1271.264
      state compression (%) -----------> 0.11476763
      # states explored ---------------> 303234
      state exploration rate (states/s)> 0

void main([!bit _out_1L0_1L0_1L0_1L0]) implements T
{
  int __s_Node_nextInstance_27_3L0_3L0=0; int[10] __s_Node_obj_28_3L1_3L1={0,0,0,0,0,0,0,0,0,0}; int[10] __s_Node_next_29_3L2_3L2={0,0,0,0,0,0,0,0,0,0}; bit[10] __s_Node_taken_30_3L3_3L3={0,0,0,0,0,0,0,0,0,0};
  int __s_tmp_cond_elim_68_5L0_5L0=0;
  int __s_pac82_6L0_6L0=0;
  __s_tmp_cond_elim_68_5L0_5L0 = null;
  int __s_pac83_6L1_6L1=0;
  __s_Node_obj_28_3L1_3L1[0] = __s_tmp_cond_elim_68_5L0_5L0;
  int __s_tmp_cond_elim_68_7L0_7L0=0;
  int __s_pac82_8L0_8L0=1;
  __s_tmp_cond_elim_68_7L0_7L0 = null;
  int __s_pac83_8L1_8L1=1;
  __s_Node_obj_28_3L1_3L1[1] = __s_tmp_cond_elim_68_7L0_7L0;
  int __s_tmp_cond_elim_68_9L0_9L0=0;
  int __s_pac82_10L0_10L0=2;
  __s_tmp_cond_elim_68_9L0_9L0 = null;
  int __s_pac83_10L1_10L1=2;
  __s_Node_obj_28_3L1_3L1[2] = __s_tmp_cond_elim_68_9L0_9L0;
  int __s_tmp_cond_elim_68_11L0_11L0=0;
  int __s_pac82_12L0_12L0=3;
  __s_tmp_cond_elim_68_11L0_11L0 = null;
  int __s_pac83_12L1_12L1=3;
  __s_Node_obj_28_3L1_3L1[3] = __s_tmp_cond_elim_68_11L0_11L0;
  int __s_tmp_cond_elim_68_13L0_13L0=0;
  int __s_pac82_14L0_14L0=4;
  __s_tmp_cond_elim_68_13L0_13L0 = null;
  int __s_pac83_14L1_14L1=4;
  __s_Node_obj_28_3L1_3L1[4] = __s_tmp_cond_elim_68_13L0_13L0;
  int __s_tmp_cond_elim_68_15L0_15L0=0;
  int __s_pac82_16L0_16L0=5;
  __s_tmp_cond_elim_68_15L0_15L0 = null;
  int __s_pac83_16L1_16L1=5;
  __s_Node_obj_28_3L1_3L1[5] = __s_tmp_cond_elim_68_15L0_15L0;
  int __s_tmp_cond_elim_68_17L0_17L0=0;
  int __s_pac82_18L0_18L0=6;
  __s_tmp_cond_elim_68_17L0_17L0 = null;
  int __s_pac83_18L1_18L1=6;
  __s_Node_obj_28_3L1_3L1[6] = __s_tmp_cond_elim_68_17L0_17L0;
  int __s_tmp_cond_elim_68_19L0_19L0=0;
  int __s_pac82_20L0_20L0=7;
  __s_tmp_cond_elim_68_19L0_19L0 = null;
  int __s_pac83_20L1_20L1=7;
  __s_Node_obj_28_3L1_3L1[7] = __s_tmp_cond_elim_68_19L0_19L0;
  int __s_tmp_cond_elim_68_21L0_21L0=0;
  int __s_pac82_22L0_22L0=8;
  __s_tmp_cond_elim_68_21L0_21L0 = null;
  int __s_pac83_22L1_22L1=8;
  __s_Node_obj_28_3L1_3L1[8] = __s_tmp_cond_elim_68_21L0_21L0;
  int __s_tmp_cond_elim_68_23L0_23L0=0;
  int __s_pac82_24L0_24L0=9;
  __s_tmp_cond_elim_68_23L0_23L0 = null;
  int __s_pac83_24L1_24L1=9;
  __s_Node_obj_28_3L1_3L1[9] = __s_tmp_cond_elim_68_23L0_23L0;
  int __s_tmp_cond_elim_69_26L0_26L0=0;
  int __s_pac84_27L0_27L0=0;
  __s_tmp_cond_elim_69_26L0_26L0 = null;
  int __s_pac85_27L1_27L1=0;
  __s_Node_next_29_3L2_3L2[0] = __s_tmp_cond_elim_69_26L0_26L0;
  int __s_tmp_cond_elim_69_28L0_28L0=0;
  int __s_pac84_29L0_29L0=1;
  __s_tmp_cond_elim_69_28L0_28L0 = null;
  int __s_pac85_29L1_29L1=1;
  __s_Node_next_29_3L2_3L2[1] = __s_tmp_cond_elim_69_28L0_28L0;
  int __s_tmp_cond_elim_69_30L0_30L0=0;
  int __s_pac84_31L0_31L0=2;
  __s_tmp_cond_elim_69_30L0_30L0 = null;
  int __s_pac85_31L1_31L1=2;
  __s_Node_next_29_3L2_3L2[2] = __s_tmp_cond_elim_69_30L0_30L0;
  int __s_tmp_cond_elim_69_32L0_32L0=0;
  int __s_pac84_33L0_33L0=3;
  __s_tmp_cond_elim_69_32L0_32L0 = null;
  int __s_pac85_33L1_33L1=3;
  __s_Node_next_29_3L2_3L2[3] = __s_tmp_cond_elim_69_32L0_32L0;
  int __s_tmp_cond_elim_69_34L0_34L0=0;
  int __s_pac84_35L0_35L0=4;
  __s_tmp_cond_elim_69_34L0_34L0 = null;
  int __s_pac85_35L1_35L1=4;
  __s_Node_next_29_3L2_3L2[4] = __s_tmp_cond_elim_69_34L0_34L0;
  int __s_tmp_cond_elim_69_36L0_36L0=0;
  int __s_pac84_37L0_37L0=5;
  __s_tmp_cond_elim_69_36L0_36L0 = null;
  int __s_pac85_37L1_37L1=5;
  __s_Node_next_29_3L2_3L2[5] = __s_tmp_cond_elim_69_36L0_36L0;
  int __s_tmp_cond_elim_69_38L0_38L0=0;
  int __s_pac84_39L0_39L0=6;
  __s_tmp_cond_elim_69_38L0_38L0 = null;
  int __s_pac85_39L1_39L1=6;
  __s_Node_next_29_3L2_3L2[6] = __s_tmp_cond_elim_69_38L0_38L0;
  int __s_tmp_cond_elim_69_40L0_40L0=0;
  int __s_pac84_41L0_41L0=7;
  __s_tmp_cond_elim_69_40L0_40L0 = null;
  int __s_pac85_41L1_41L1=7;
  __s_Node_next_29_3L2_3L2[7] = __s_tmp_cond_elim_69_40L0_40L0;
  int __s_tmp_cond_elim_69_42L0_42L0=0;
  int __s_pac84_43L0_43L0=8;
  __s_tmp_cond_elim_69_42L0_42L0 = null;
  int __s_pac85_43L1_43L1=8;
  __s_Node_next_29_3L2_3L2[8] = __s_tmp_cond_elim_69_42L0_42L0;
  int __s_tmp_cond_elim_69_44L0_44L0=0;
  int __s_pac84_45L0_45L0=9;
  __s_tmp_cond_elim_69_44L0_44L0 = null;
  int __s_pac85_45L1_45L1=9;
  __s_Node_next_29_3L2_3L2[9] = __s_tmp_cond_elim_69_44L0_44L0;
  bit __s_tmp_cond_elim_70_47L0_47L0=0;
  int __s_pac86_48L0_48L0=0;
  __s_tmp_cond_elim_70_47L0_47L0 = 0;
  int __s_pac87_48L1_48L1=0;
  __s_Node_taken_30_3L3_3L3[0] = 0;
  bit __s_tmp_cond_elim_70_49L0_49L0=0;
  int __s_pac86_50L0_50L0=1;
  __s_tmp_cond_elim_70_49L0_49L0 = 0;
  int __s_pac87_50L1_50L1=1;
  __s_Node_taken_30_3L3_3L3[1] = 0;
  bit __s_tmp_cond_elim_70_51L0_51L0=0;
  int __s_pac86_52L0_52L0=2;
  __s_tmp_cond_elim_70_51L0_51L0 = 0;
  int __s_pac87_52L1_52L1=2;
  __s_Node_taken_30_3L3_3L3[2] = 0;
  bit __s_tmp_cond_elim_70_53L0_53L0=0;
  int __s_pac86_54L0_54L0=3;
  __s_tmp_cond_elim_70_53L0_53L0 = 0;
  int __s_pac87_54L1_54L1=3;
  __s_Node_taken_30_3L3_3L3[3] = 0;
  bit __s_tmp_cond_elim_70_55L0_55L0=0;
  int __s_pac86_56L0_56L0=4;
  __s_tmp_cond_elim_70_55L0_55L0 = 0;
  int __s_pac87_56L1_56L1=4;
  __s_Node_taken_30_3L3_3L3[4] = 0;
  bit __s_tmp_cond_elim_70_57L0_57L0=0;
  int __s_pac86_58L0_58L0=5;
  __s_tmp_cond_elim_70_57L0_57L0 = 0;
  int __s_pac87_58L1_58L1=5;
  __s_Node_taken_30_3L3_3L3[5] = 0;
  bit __s_tmp_cond_elim_70_59L0_59L0=0;
  int __s_pac86_60L0_60L0=6;
  __s_tmp_cond_elim_70_59L0_59L0 = 0;
  int __s_pac87_60L1_60L1=6;
  __s_Node_taken_30_3L3_3L3[6] = 0;
  bit __s_tmp_cond_elim_70_61L0_61L0=0;
  int __s_pac86_62L0_62L0=7;
  __s_tmp_cond_elim_70_61L0_61L0 = 0;
  int __s_pac87_62L1_62L1=7;
  __s_Node_taken_30_3L3_3L3[7] = 0;
  bit __s_tmp_cond_elim_70_63L0_63L0=0;
  int __s_pac86_64L0_64L0=8;
  __s_tmp_cond_elim_70_63L0_63L0 = 0;
  int __s_pac87_64L1_64L1=8;
  __s_Node_taken_30_3L3_3L3[8] = 0;
  bit __s_tmp_cond_elim_70_65L0_65L0=0;
  int __s_pac86_66L0_66L0=9;
  __s_tmp_cond_elim_70_65L0_65L0 = 0;
  int __s_pac87_66L1_66L1=9;
  __s_Node_taken_30_3L3_3L3[9] = 0;
  int __s_Item_nextInstance_31_66L4_66L4=0; int[10] __s_Item_tid_32_66L5_66L5={0,0,0,0,0,0,0,0,0,0}; int[10] __s_Item_id_33_66L6_66L6={0,0,0,0,0,0,0,0,0,0};
  bit __s_tmp_cond_elim_71_68L0_68L0=0;
  int __s_pac88_69L0_69L0=0;
  __s_tmp_cond_elim_71_68L0_68L0 = 0;
  int __s_pac89_69L1_69L1=0;
  __s_Item_tid_32_66L5_66L5[0] = 0;
  bit __s_tmp_cond_elim_71_70L0_70L0=0;
  int __s_pac88_71L0_71L0=1;
  __s_tmp_cond_elim_71_70L0_70L0 = 0;
  int __s_pac89_71L1_71L1=1;
  __s_Item_tid_32_66L5_66L5[1] = 0;
  bit __s_tmp_cond_elim_71_72L0_72L0=0;
  int __s_pac88_73L0_73L0=2;
  __s_tmp_cond_elim_71_72L0_72L0 = 0;
  int __s_pac89_73L1_73L1=2;
  __s_Item_tid_32_66L5_66L5[2] = 0;
  bit __s_tmp_cond_elim_71_74L0_74L0=0;
  int __s_pac88_75L0_75L0=3;
  __s_tmp_cond_elim_71_74L0_74L0 = 0;
  int __s_pac89_75L1_75L1=3;
  __s_Item_tid_32_66L5_66L5[3] = 0;
  bit __s_tmp_cond_elim_71_76L0_76L0=0;
  int __s_pac88_77L0_77L0=4;
  __s_tmp_cond_elim_71_76L0_76L0 = 0;
  int __s_pac89_77L1_77L1=4;
  __s_Item_tid_32_66L5_66L5[4] = 0;
  bit __s_tmp_cond_elim_71_78L0_78L0=0;
  int __s_pac88_79L0_79L0=5;
  __s_tmp_cond_elim_71_78L0_78L0 = 0;
  int __s_pac89_79L1_79L1=5;
  __s_Item_tid_32_66L5_66L5[5] = 0;
  bit __s_tmp_cond_elim_71_80L0_80L0=0;
  int __s_pac88_81L0_81L0=6;
  __s_tmp_cond_elim_71_80L0_80L0 = 0;
  int __s_pac89_81L1_81L1=6;
  __s_Item_tid_32_66L5_66L5[6] = 0;
  bit __s_tmp_cond_elim_71_82L0_82L0=0;
  int __s_pac88_83L0_83L0=7;
  __s_tmp_cond_elim_71_82L0_82L0 = 0;
  int __s_pac89_83L1_83L1=7;
  __s_Item_tid_32_66L5_66L5[7] = 0;
  bit __s_tmp_cond_elim_71_84L0_84L0=0;
  int __s_pac88_85L0_85L0=8;
  __s_tmp_cond_elim_71_84L0_84L0 = 0;
  int __s_pac89_85L1_85L1=8;
  __s_Item_tid_32_66L5_66L5[8] = 0;
  bit __s_tmp_cond_elim_71_86L0_86L0=0;
  int __s_pac88_87L0_87L0=9;
  __s_tmp_cond_elim_71_86L0_86L0 = 0;
  int __s_pac89_87L1_87L1=9;
  __s_Item_tid_32_66L5_66L5[9] = 0;
  bit __s_tmp_cond_elim_72_89L0_89L0=0;
  int __s_pac90_90L0_90L0=0;
  __s_tmp_cond_elim_72_89L0_89L0 = 0;
  int __s_pac91_90L1_90L1=0;
  __s_Item_id_33_66L6_66L6[0] = 0;
  bit __s_tmp_cond_elim_72_91L0_91L0=0;
  int __s_pac90_92L0_92L0=1;
  __s_tmp_cond_elim_72_91L0_91L0 = 0;
  int __s_pac91_92L1_92L1=1;
  __s_Item_id_33_66L6_66L6[1] = 0;
  bit __s_tmp_cond_elim_72_93L0_93L0=0;
  int __s_pac90_94L0_94L0=2;
  __s_tmp_cond_elim_72_93L0_93L0 = 0;
  int __s_pac91_94L1_94L1=2;
  __s_Item_id_33_66L6_66L6[2] = 0;
  bit __s_tmp_cond_elim_72_95L0_95L0=0;
  int __s_pac90_96L0_96L0=3;
  __s_tmp_cond_elim_72_95L0_95L0 = 0;
  int __s_pac91_96L1_96L1=3;
  __s_Item_id_33_66L6_66L6[3] = 0;
  bit __s_tmp_cond_elim_72_97L0_97L0=0;
  int __s_pac90_98L0_98L0=4;
  __s_tmp_cond_elim_72_97L0_97L0 = 0;
  int __s_pac91_98L1_98L1=4;
  __s_Item_id_33_66L6_66L6[4] = 0;
  bit __s_tmp_cond_elim_72_99L0_99L0=0;
  int __s_pac90_100L0_100L0=5;
  __s_tmp_cond_elim_72_99L0_99L0 = 0;
  int __s_pac91_100L1_100L1=5;
  __s_Item_id_33_66L6_66L6[5] = 0;
  bit __s_tmp_cond_elim_72_101L0_101L0=0;
  int __s_pac90_102L0_102L0=6;
  __s_tmp_cond_elim_72_101L0_101L0 = 0;
  int __s_pac91_102L1_102L1=6;
  __s_Item_id_33_66L6_66L6[6] = 0;
  bit __s_tmp_cond_elim_72_103L0_103L0=0;
  int __s_pac90_104L0_104L0=7;
  __s_tmp_cond_elim_72_103L0_103L0 = 0;
  int __s_pac91_104L1_104L1=7;
  __s_Item_id_33_66L6_66L6[7] = 0;
  bit __s_tmp_cond_elim_72_105L0_105L0=0;
  int __s_pac90_106L0_106L0=8;
  __s_tmp_cond_elim_72_105L0_105L0 = 0;
  int __s_pac91_106L1_106L1=8;
  __s_Item_id_33_66L6_66L6[8] = 0;
  bit __s_tmp_cond_elim_72_107L0_107L0=0;
  int __s_pac90_108L0_108L0=9;
  __s_tmp_cond_elim_72_107L0_107L0 = 0;
  int __s_pac91_108L1_108L1=9;
  __s_Item_id_33_66L6_66L6[9] = 0;
  int __s_Queue_nextInstance_34_108L7_108L7=0; int[10] __s_Queue_prevHead_36_108L8_108L8={0,0,0,0,0,0,0,0,0,0}; int[10] __s_Queue_tail_35_108L9_108L9={0,0,0,0,0,0,0,0,0,0};
  int __s_tmp_cond_elim_73_110L0_110L0=0;
  int __s_pac92_111L0_111L0=0;
  __s_tmp_cond_elim_73_110L0_110L0 = null;
  int __s_pac93_111L1_111L1=0;
  __s_Queue_prevHead_36_108L8_108L8[0] = __s_tmp_cond_elim_73_110L0_110L0;
  int __s_tmp_cond_elim_73_112L0_112L0=0;
  int __s_pac92_113L0_113L0=1;
  __s_tmp_cond_elim_73_112L0_112L0 = null;
  int __s_pac93_113L1_113L1=1;
  __s_Queue_prevHead_36_108L8_108L8[1] = __s_tmp_cond_elim_73_112L0_112L0;
  int __s_tmp_cond_elim_73_114L0_114L0=0;
  int __s_pac92_115L0_115L0=2;
  __s_tmp_cond_elim_73_114L0_114L0 = null;
  int __s_pac93_115L1_115L1=2;
  __s_Queue_prevHead_36_108L8_108L8[2] = __s_tmp_cond_elim_73_114L0_114L0;
  int __s_tmp_cond_elim_73_116L0_116L0=0;
  int __s_pac92_117L0_117L0=3;
  __s_tmp_cond_elim_73_116L0_116L0 = null;
  int __s_pac93_117L1_117L1=3;
  __s_Queue_prevHead_36_108L8_108L8[3] = __s_tmp_cond_elim_73_116L0_116L0;
  int __s_tmp_cond_elim_73_118L0_118L0=0;
  int __s_pac92_119L0_119L0=4;
  __s_tmp_cond_elim_73_118L0_118L0 = null;
  int __s_pac93_119L1_119L1=4;
  __s_Queue_prevHead_36_108L8_108L8[4] = __s_tmp_cond_elim_73_118L0_118L0;
  int __s_tmp_cond_elim_73_120L0_120L0=0;
  int __s_pac92_121L0_121L0=5;
  __s_tmp_cond_elim_73_120L0_120L0 = null;
  int __s_pac93_121L1_121L1=5;
  __s_Queue_prevHead_36_108L8_108L8[5] = __s_tmp_cond_elim_73_120L0_120L0;
  int __s_tmp_cond_elim_73_122L0_122L0=0;
  int __s_pac92_123L0_123L0=6;
  __s_tmp_cond_elim_73_122L0_122L0 = null;
  int __s_pac93_123L1_123L1=6;
  __s_Queue_prevHead_36_108L8_108L8[6] = __s_tmp_cond_elim_73_122L0_122L0;
  int __s_tmp_cond_elim_73_124L0_124L0=0;
  int __s_pac92_125L0_125L0=7;
  __s_tmp_cond_elim_73_124L0_124L0 = null;
  int __s_pac93_125L1_125L1=7;
  __s_Queue_prevHead_36_108L8_108L8[7] = __s_tmp_cond_elim_73_124L0_124L0;
  int __s_tmp_cond_elim_73_126L0_126L0=0;
  int __s_pac92_127L0_127L0=8;
  __s_tmp_cond_elim_73_126L0_126L0 = null;
  int __s_pac93_127L1_127L1=8;
  __s_Queue_prevHead_36_108L8_108L8[8] = __s_tmp_cond_elim_73_126L0_126L0;
  int __s_tmp_cond_elim_73_128L0_128L0=0;
  int __s_pac92_129L0_129L0=9;
  __s_tmp_cond_elim_73_128L0_128L0 = null;
  int __s_pac93_129L1_129L1=9;
  __s_Queue_prevHead_36_108L8_108L8[9] = __s_tmp_cond_elim_73_128L0_128L0;
  int __s_tmp_cond_elim_74_131L0_131L0=0;
  int __s_pac94_132L0_132L0=0;
  __s_tmp_cond_elim_74_131L0_131L0 = null;
  int __s_pac95_132L1_132L1=0;
  __s_Queue_tail_35_108L9_108L9[0] = __s_tmp_cond_elim_74_131L0_131L0;
  int __s_tmp_cond_elim_74_133L0_133L0=0;
  int __s_pac94_134L0_134L0=1;
  __s_tmp_cond_elim_74_133L0_133L0 = null;
  int __s_pac95_134L1_134L1=1;
  __s_Queue_tail_35_108L9_108L9[1] = __s_tmp_cond_elim_74_133L0_133L0;
  int __s_tmp_cond_elim_74_135L0_135L0=0;
  int __s_pac94_136L0_136L0=2;
  __s_tmp_cond_elim_74_135L0_135L0 = null;
  int __s_pac95_136L1_136L1=2;
  __s_Queue_tail_35_108L9_108L9[2] = __s_tmp_cond_elim_74_135L0_135L0;
  int __s_tmp_cond_elim_74_137L0_137L0=0;
  int __s_pac94_138L0_138L0=3;
  __s_tmp_cond_elim_74_137L0_137L0 = null;
  int __s_pac95_138L1_138L1=3;
  __s_Queue_tail_35_108L9_108L9[3] = __s_tmp_cond_elim_74_137L0_137L0;
  int __s_tmp_cond_elim_74_139L0_139L0=0;
  int __s_pac94_140L0_140L0=4;
  __s_tmp_cond_elim_74_139L0_139L0 = null;
  int __s_pac95_140L1_140L1=4;
  __s_Queue_tail_35_108L9_108L9[4] = __s_tmp_cond_elim_74_139L0_139L0;
  int __s_tmp_cond_elim_74_141L0_141L0=0;
  int __s_pac94_142L0_142L0=5;
  __s_tmp_cond_elim_74_141L0_141L0 = null;
  int __s_pac95_142L1_142L1=5;
  __s_Queue_tail_35_108L9_108L9[5] = __s_tmp_cond_elim_74_141L0_141L0;
  int __s_tmp_cond_elim_74_143L0_143L0=0;
  int __s_pac94_144L0_144L0=6;
  __s_tmp_cond_elim_74_143L0_143L0 = null;
  int __s_pac95_144L1_144L1=6;
  __s_Queue_tail_35_108L9_108L9[6] = __s_tmp_cond_elim_74_143L0_143L0;
  int __s_tmp_cond_elim_74_145L0_145L0=0;
  int __s_pac94_146L0_146L0=7;
  __s_tmp_cond_elim_74_145L0_145L0 = null;
  int __s_pac95_146L1_146L1=7;
  __s_Queue_tail_35_108L9_108L9[7] = __s_tmp_cond_elim_74_145L0_145L0;
  int __s_tmp_cond_elim_74_147L0_147L0=0;
  int __s_pac94_148L0_148L0=8;
  __s_tmp_cond_elim_74_147L0_147L0 = null;
  int __s_pac95_148L1_148L1=8;
  __s_Queue_tail_35_108L9_108L9[8] = __s_tmp_cond_elim_74_147L0_147L0;
  int __s_tmp_cond_elim_74_149L0_149L0=0;
  int __s_pac94_150L0_150L0=9;
  __s_tmp_cond_elim_74_149L0_149L0 = null;
  int __s_pac95_150L1_150L1=9;
  __s_Queue_tail_35_108L9_108L9[9] = __s_tmp_cond_elim_74_149L0_149L0;
  _out_1L0_1L0_1L0_1L0 = 0;
  bit _has_out__3L0_3L0_151L0_151L0=0;
  int q_4L1_4L1_152L1_152L1=0;
  int _ret_0_4L2_4L2_152L2_152L2=0;
  int _out_117L1_7L0_154L0_154L0=0;
  bit _has_out__119L0_8L0_155L0_155L0=0;
  int q_119L1_8L1_155L1_155L1=0;
  int __s_tmp_new_Queue_24_8L2_155L2_155L2=0;
  atomic
  {
    __s_tmp_new_Queue_24_8L2_155L2_155L2 = 0;
    __s_Queue_nextInstance_34_108L7_108L7 = 1;
  }
  q_119L1_8L1_155L1_155L1 = 0;
  int _ret_0_119L2_9L3_156L3_156L3=null;
  int _ret_1_119L3_9L4_156L4_156L4=null;
  int _ret_2_119L4_9L5_156L5_156L5=0;
  int obj_1511L7_12L0_158L0_158L0=_ret_0_119L2_9L3_156L3_156L3;
  int next_1511L7_12L1_158L1_158L1=_ret_1_119L3_9L4_156L4_156L4;
  bit taken_1511L8_12L2_158L2_158L2=1;
  int _out_1511L9_12L3_158L3_158L3=0;
  bit _has_out__1513L0_13L0_159L0_159L0=0;
  int n_1513L1_13L1_159L1_159L1=0;
  int __s_tmp_new_Node_26_13L2_159L2_159L2=0;
  atomic
  {
    __s_tmp_new_Node_26_13L2_159L2_159L2 = 0;
  }
  n_1513L1_13L1_159L1_159L1 = 0;
  int __s_pac96_161L0_161L0=0;
  __s_Node_obj_28_3L1_3L1[0] = _ret_0_119L2_9L3_156L3_156L3;
  int __s_pac97_162L0_162L0=0;
  __s_Node_next_29_3L2_3L2[0] = _ret_1_119L3_9L4_156L4_156L4;
  int __s_pac98_163L0_163L0=0;
  __s_Node_taken_30_3L3_3L3[0] = 1;
  _out_1511L9_12L3_158L3_158L3 = 0;
  _has_out__1513L0_13L0_159L0_159L0 = 1;
  _ret_2_119L4_9L5_156L5_156L5 = 0;
  int __s_pac99_165L0_165L0=0;
  __s_Queue_prevHead_36_108L8_108L8[0] = 0;
  int __s_pac100_166L0_166L0=0;
  int __s_pac101_166L1_166L1=0;
  __s_Queue_tail_35_108L9_108L9[0] = __s_Queue_prevHead_36_108L8_108L8[0];
  _out_117L1_7L0_154L0_154L0 = 0;
  _has_out__119L0_8L0_155L0_155L0 = 1;
  _ret_0_4L2_4L2_152L2_152L2 = 0;
  q_4L1_4L1_152L1_152L1 = 0;
  int dqCount_5L3_21L3_167L3_167L3=0;
  int _ret_1_5L4_21L4_167L4_167L4=0;
  int tid_123L1_24L0_169L0_169L0=3;
  int id_123L2_24L1_169L1_169L1=3;
  int _out_123L3_24L2_169L2_169L2=0;
  bit _has_out__125L0_25L0_170L0_170L0=0;
  int it_125L1_25L1_170L1_170L1=0;
  int __s_tmp_new_Item_25_25L2_170L2_170L2=0;
  atomic
  {
    __s_tmp_new_Item_25_25L2_170L2_170L2 = 0;
    __s_Item_nextInstance_31_66L4_66L4 = 1;
  }
  it_125L1_25L1_170L1_170L1 = 0;
  int __s_pac102_172L0_172L0=0;
  __s_Item_tid_32_66L5_66L5[0] = 3;
  int __s_pac103_173L0_173L0=0;
  __s_Item_id_33_66L6_66L6[0] = 3;
  _out_123L3_24L2_169L2_169L2 = 0;
  _has_out__125L0_25L0_170L0_170L0 = 1;
  _ret_1_5L4_21L4_167L4_167L4 = 0;
  int Q_128L3_32L0_176L0_176L0=0;
  int obj_128L4_32L1_176L1_176L1=0;
  bit _has_out__130L0_33L0_177L0_177L0=0;
  int n_130L1_33L1_177L1_177L1=0;
  int _ret_0_130L2_33L2_177L2_177L2=null;
  int _ret_1_130L3_33L3_177L3_177L3=0;
  int obj_1511L7_36L0_179L0_179L0=0;
  int next_1511L7_36L1_179L1_179L1=_ret_0_130L2_33L2_177L2_177L2;
  bit taken_1511L8_36L2_179L2_179L2=0;
  int _out_1511L9_36L3_179L3_179L3=0;
  bit _has_out__1513L0_37L0_180L0_180L0=0;
  int n_1513L1_37L1_180L1_180L1=0;
  int __s_tmp_new_Node_26_37L2_180L2_180L2=0;
  atomic
  {
    __s_tmp_new_Node_26_37L2_180L2_180L2 = 1;
    __s_Node_nextInstance_27_3L0_3L0 = 2;
  }
  n_1513L1_37L1_180L1_180L1 = 1;
  int __s_pac104_182L0_182L0=1;
  __s_Node_obj_28_3L1_3L1[1] = 0;
  int __s_pac105_183L0_183L0=1;
  __s_Node_next_29_3L2_3L2[1] = _ret_0_130L2_33L2_177L2_177L2;
  int __s_pac106_184L0_184L0=1;
  __s_Node_taken_30_3L3_3L3[1] = 0;
  _out_1511L9_36L3_179L3_179L3 = 1;
  _has_out__1513L0_37L0_180L0_180L0 = 1;
  _ret_1_130L3_33L3_177L3_177L3 = 1;
  n_130L1_33L1_177L1_177L1 = 1;
  int tmp_131L4_42L4_185L4_185L4=0;
  bit[3] __sa18_132L0_43L0_186L0_186L0={0,0,0};
  int __s_pac107_188L0_188L0=0;
  __sa18_132L0_43L0_186L0_186L0[0] = 0;
  int __s_pac107_189L0_189L0=1;
  __sa18_132L0_43L0_186L0_186L0[1] = 0;
  int __s_pac107_190L0_190L0=2;
  __sa18_132L0_43L0_186L0_186L0[2] = 0;
  bit __s_pac_sc108_192L0_192L0=0;
  bit __s_pac_sc121_232L0_193L0=0;
  bit _cond_348L0_260L0_409L0_195L0=0;
  int __s_pac226_473L0_195L0=2;
  __sa18_132L0_43L0_186L0_186L0[2] = 1;
  bit __s_pac_sc227_474L0_196L0=0;
  bit __s_pac_sc240_514L0_197L0=0;
  int __s_pac241_515L0_198L0=1;
  __s_pac_sc240_514L0_197L0 = !(__sa18_132L0_43L0_186L0_186L0[1]);
  int _whichrhs_454L0_366L0_517L0_200L0=5;
  bit __s_atomize_sc7_455L0_367L0_518L0_201L0=1;
  int _whichlhs_457L1_369L1_520L1_203L1=1;
  bit __s_atomize_sc8_458L0_370L0_521L0_204L0=1;
  atomic
  {
    tmp_131L4_42L4_185L4_185L4 = __s_Queue_tail_35_108L9_108L9[0];
    __s_Queue_tail_35_108L9_108L9[0] = 1;
  }
  int __s_pac329_689L0_212L0=1;
  __sa18_132L0_43L0_186L0_186L0[1] = 1;
  bit __s_pac_sc346_756L0_213L0=0;
  int __s_pac347_757L0_214L0=0;
  __s_pac_sc346_756L0_213L0 = !(__sa18_132L0_43L0_186L0_186L0[0]);
  int _rhs_695L0_607L0_759L0_216L0=0;
  int _whichrhs_695L1_607L1_759L1_216L1=5;
  bit __s_atomize_sc5_696L0_608L0_760L0_217L0=1;
  _rhs_695L0_607L0_759L0_216L0 = 1;
  int _whichassn_712L2_624L2_776L2_221L2=2;
  bit __s_atomize_sc6_713L0_625L0_777L0_222L0=1;
  int __s_pac356_788L0_227L0=0;
  __s_Node_next_29_3L2_3L2[0] = 1;
  int __s_pac358_795L0_227L0=0;
  __sa18_132L0_43L0_186L0_186L0[0] = 1;
  int __s_pac465_1038L0_228L0=0;
  bit __s_pac_sc466_1038L1_228L1=0;
  int __s_pac467_1039L0_229L0=1;
  __s_pac_sc466_1038L1_228L1 = __sa18_132L0_43L0_186L0_186L0[1];
  bit __s_pac_sc468_1039L2_229L2=0;
  int __s_pac469_1040L0_230L0=2;
  __s_pac_sc468_1039L2_229L2 = __sa18_132L0_43L0_186L0_186L0[2];
  int x_7L5_885L5_1040L5_230L5=0;
  int _ret_2_7L6_885L6_1040L6_230L6=0;
  int q_973L5_888L0_1042L0_232L0=0;
  int _out_973L6_888L1_1042L1_232L1=0;
  bit _has_out__975L0_889L0_1043L0_233L0=0;
  int tmp_975L1_889L1_1043L1_233L1=null;
  bit wasTaken_975L2_889L2_1043L2_233L2=1;
  bit done_975L3_889L3_1043L3_233L3=0;
  int ret_975L4_889L4_1043L4_233L4=null;
  for(int i_977L0_891L0_1045L0_235L0=0;(i_977L0_891L0_1045L0_235L0)<(5);i_977L0_891L0_1045L0_235L0 = (i_977L0_891L0_1045L0_235L0)+(1))
  {
    if(!(done_975L3_889L3_1043L3_233L3))
    {
      bit[4] __sa19_1282L0_1198L0_1392L0_346L0={0,0,0,0};
      __sa19_1282L0_1198L0_1392L0_346L0[0] = 0;
      __sa19_1282L0_1198L0_1392L0_346L0[1] = 0;
      __sa19_1282L0_1198L0_1392L0_346L0[2] = 0;
      __sa19_1282L0_1198L0_1392L0_346L0[3] = 0;
      if(!(done_975L3_889L3_1043L3_233L3))
      {
        int __s_tmp_cond_elim_1_1289L0_1206L0_1406L0_359L0=0;
        int __s_pac474_1407L1_360L1=__s_Queue_prevHead_36_108L8_108L8[0];
        __s_tmp_cond_elim_1_1289L0_1206L0_1406L0_359L0 = __s_Node_next_29_3L2_3L2[__s_pac474_1407L1_360L1];
        tmp_975L1_889L1_1043L1_233L1 = __s_tmp_cond_elim_1_1289L0_1206L0_1406L0_359L0;
      }
      __sa19_1282L0_1198L0_1392L0_346L0[0] = 1;
      bit __s_atomize_sc13_1330L0_1247L0_1451L0_365L0=!(done_975L3_889L3_1043L3_233L3);
      if(__s_atomize_sc13_1330L0_1247L0_1451L0_365L0)
      {
        __s_atomize_sc13_1330L0_1247L0_1451L0_365L0 = (null)==(tmp_975L1_889L1_1043L1_233L1);
      }
      if(__s_atomize_sc13_1330L0_1247L0_1451L0_365L0)
      {
        done_975L3_889L3_1043L3_233L3 = 1;
        ret_975L4_889L4_1043L4_233L4 = null;
      }
      __sa19_1282L0_1198L0_1392L0_346L0[1] = 1;
      bit __s_atomize_sc14_1383L0_1300L0_1508L0_373L0=!(done_975L3_889L3_1043L3_233L3);
      if(__s_atomize_sc14_1383L0_1300L0_1508L0_373L0)
      {
        __s_atomize_sc14_1383L0_1300L0_1508L0_373L0 = (0)==(__s_Node_taken_30_3L3_3L3[tmp_975L1_889L1_1043L1_233L1]);
      }
      if(__s_atomize_sc14_1383L0_1300L0_1508L0_373L0)
      {
        atomic
        {
          wasTaken_975L2_889L2_1043L2_233L2 = __s_Node_taken_30_3L3_3L3[tmp_975L1_889L1_1043L1_233L1];
          __s_Node_taken_30_3L3_3L3[tmp_975L1_889L1_1043L1_233L1] = 1;
        }
        if((0)==(wasTaken_975L2_889L2_1043L2_233L2))
        {
          done_975L3_889L3_1043L3_233L3 = 1;
          ret_975L4_889L4_1043L4_233L4 = __s_Node_obj_28_3L1_3L1[tmp_975L1_889L1_1043L1_233L1];
        }
      }
      __sa19_1282L0_1198L0_1392L0_346L0[3] = 1;
      if(!(done_975L3_889L3_1043L3_233L3))
      {
        __s_Queue_prevHead_36_108L8_108L8[0] = tmp_975L1_889L1_1043L1_233L1;
      }
      __sa19_1282L0_1198L0_1392L0_346L0[2] = 1;
    }
  }
  _out_973L6_888L1_1042L1_232L1 = ret_975L4_889L4_1043L4_233L4;
  _has_out__975L0_889L0_1043L0_233L0 = 1;
  _ret_2_7L6_885L6_1040L6_230L6 = ret_975L4_889L4_1043L4_233L4;
  x_7L5_885L5_1040L5_230L5 = ret_975L4_889L4_1043L4_233L4;
  bit __s_atomize_sc15_9L0_1347L0_1561L0_397L0=(ret_975L4_889L4_1043L4_233L4)!=(null);
  if(__s_atomize_sc15_9L0_1347L0_1561L0_397L0)
  {
    __s_atomize_sc15_9L0_1347L0_1561L0_397L0 = (__s_Item_tid_32_66L5_66L5[ret_975L4_889L4_1043L4_233L4])==(3);
  }
  bit __s_atomize_sc16_10L1_1348L1_1562L1_398L1=__s_atomize_sc15_9L0_1347L0_1561L0_397L0;
  if(__s_atomize_sc15_9L0_1347L0_1561L0_397L0)
  {
    __s_atomize_sc16_10L1_1348L1_1562L1_398L1 = (__s_Item_id_33_66L6_66L6[ret_975L4_889L4_1043L4_233L4])==(3);
  }
  fork(int i_14L0_1352L0_1566L0_402L0; 2)
  {
    int[2] lastId_16L0_1354L0_1568L0_405L0={0,0};
    lastId_16L0_1354L0_1568L0_405L0[0] = 0;
    lastId_16L0_1354L0_1568L0_405L0[1] = 0;
    for(int j_18L0_1356L0_1573L0_410L0=0;(j_18L0_1356L0_1573L0_410L0)<(2);j_18L0_1356L0_1573L0_410L0 = (j_18L0_1356L0_1573L0_410L0)+(1))
    {
      if(((j_18L0_1356L0_1573L0_410L0)%(2))==(0))
      {
        int _ret_3_62L0_4906L0_5268L0_967L0=(j_18L0_1356L0_1573L0_410L0)+(1);
        int __s_tmp_new_Item_25_4910L2_5271L2_970L2=0;
        atomic
        {
          __s_tmp_new_Item_25_4910L2_5271L2_970L2 = __s_Item_nextInstance_31_66L4_66L4;
          __s_Item_nextInstance_31_66L4_66L4 = (__s_Item_nextInstance_31_66L4_66L4)+(1);
        }
        __s_Item_tid_32_66L5_66L5[__s_tmp_new_Item_25_4910L2_5271L2_970L2] = i_14L0_1352L0_1566L0_402L0;
        __s_Item_id_33_66L6_66L6[__s_tmp_new_Item_25_4910L2_5271L2_970L2] = _ret_3_62L0_4906L0_5268L0_967L0;
        int _ret_0_130L2_4918L2_5278L2_977L2=null;
        int __s_tmp_new_Node_26_4922L2_5281L2_980L2=0;
        atomic
        {
          __s_tmp_new_Node_26_4922L2_5281L2_980L2 = __s_Node_nextInstance_27_3L0_3L0;
          __s_Node_nextInstance_27_3L0_3L0 = (__s_Node_nextInstance_27_3L0_3L0)+(1);
        }
        __s_Node_obj_28_3L1_3L1[__s_tmp_new_Node_26_4922L2_5281L2_980L2] = __s_tmp_new_Item_25_4910L2_5271L2_970L2;
        __s_Node_next_29_3L2_3L2[__s_tmp_new_Node_26_4922L2_5281L2_980L2] = _ret_0_130L2_4918L2_5278L2_977L2;
        __s_Node_taken_30_3L3_3L3[__s_tmp_new_Node_26_4922L2_5281L2_980L2] = 0;
        int tmp_131L4_4927L4_5286L4_985L4=0;
        bit[3] __sa18_132L0_4928L0_5287L0_986L0={0,0,0};
        __sa18_132L0_4928L0_5287L0_986L0[0] = 0;
        __sa18_132L0_4928L0_5287L0_986L0[1] = 0;
        __sa18_132L0_4928L0_5287L0_986L0[2] = 0;
        __sa18_132L0_4928L0_5287L0_986L0[2] = 1;
        atomic
        {
          tmp_131L4_4927L4_5286L4_985L4 = __s_Queue_tail_35_108L9_108L9[0];
          __s_Queue_tail_35_108L9_108L9[0] = __s_tmp_new_Node_26_4922L2_5281L2_980L2;
        }
        __sa18_132L0_4928L0_5287L0_986L0[1] = 1;
        __s_Node_next_29_3L2_3L2[tmp_131L4_4927L4_5286L4_985L4] = __s_tmp_new_Node_26_4922L2_5281L2_980L2;
        __sa18_132L0_4928L0_5287L0_986L0[0] = 1;
      }
      else
      {
        int tmp_975L1_5777L1_6147L1_1036L1=null;
        bit wasTaken_975L2_5777L2_6147L2_1036L2=0;
        bit done_975L3_5777L3_6147L3_1036L3=0;
        int ret_975L4_5777L4_6147L4_1036L4=null;
        for(int i_977L0_5779L0_6149L0_1038L0=0;(i_977L0_5779L0_6149L0_1038L0)<(5);i_977L0_5779L0_6149L0_1038L0 = (i_977L0_5779L0_6149L0_1038L0)+(1))
        {
          if(!(done_975L3_5777L3_6147L3_1036L3))
          {
            bit[4] __sa19_1282L0_6086L0_6496L0_1149L0={0,0,0,0};
            __sa19_1282L0_6086L0_6496L0_1149L0[0] = 0;
            __sa19_1282L0_6086L0_6496L0_1149L0[1] = 0;
            __sa19_1282L0_6086L0_6496L0_1149L0[2] = 0;
            __sa19_1282L0_6086L0_6496L0_1149L0[3] = 0;
            if(!(done_975L3_5777L3_6147L3_1036L3))
            {
              int __s_tmp_cond_elim_1_1289L0_6094L0_6510L0_1162L0=0;
              int __s_pac953_6511L1_1163L1=__s_Queue_prevHead_36_108L8_108L8[0];
              __s_tmp_cond_elim_1_1289L0_6094L0_6510L0_1162L0 = __s_Node_next_29_3L2_3L2[__s_pac953_6511L1_1163L1];
              tmp_975L1_5777L1_6147L1_1036L1 = __s_tmp_cond_elim_1_1289L0_6094L0_6510L0_1162L0;
            }
            __sa19_1282L0_6086L0_6496L0_1149L0[0] = 1;
            bit __s_atomize_sc13_1330L0_6135L0_6555L0_1168L0=!(done_975L3_5777L3_6147L3_1036L3);
            if(__s_atomize_sc13_1330L0_6135L0_6555L0_1168L0)
            {
              __s_atomize_sc13_1330L0_6135L0_6555L0_1168L0 = (null)==(tmp_975L1_5777L1_6147L1_1036L1);
            }
            if(__s_atomize_sc13_1330L0_6135L0_6555L0_1168L0)
            {
              done_975L3_5777L3_6147L3_1036L3 = 1;
              ret_975L4_5777L4_6147L4_1036L4 = null;
            }
            __sa19_1282L0_6086L0_6496L0_1149L0[1] = 1;
            bit __s_atomize_sc14_1383L0_6188L0_6612L0_1176L0=!(done_975L3_5777L3_6147L3_1036L3);
            if(__s_atomize_sc14_1383L0_6188L0_6612L0_1176L0)
            {
              __s_atomize_sc14_1383L0_6188L0_6612L0_1176L0 = (0)==(__s_Node_taken_30_3L3_3L3[tmp_975L1_5777L1_6147L1_1036L1]);
            }
            if(__s_atomize_sc14_1383L0_6188L0_6612L0_1176L0)
            {
              atomic
              {
                wasTaken_975L2_5777L2_6147L2_1036L2 = __s_Node_taken_30_3L3_3L3[tmp_975L1_5777L1_6147L1_1036L1];
                __s_Node_taken_30_3L3_3L3[tmp_975L1_5777L1_6147L1_1036L1] = 1;
              }
              if((0)==(wasTaken_975L2_5777L2_6147L2_1036L2))
              {
                done_975L3_5777L3_6147L3_1036L3 = 1;
                ret_975L4_5777L4_6147L4_1036L4 = __s_Node_obj_28_3L1_3L1[tmp_975L1_5777L1_6147L1_1036L1];
              }
            }
            __sa19_1282L0_6086L0_6496L0_1149L0[3] = 1;
            if(!(done_975L3_5777L3_6147L3_1036L3))
            {
              __s_Queue_prevHead_36_108L8_108L8[0] = tmp_975L1_5777L1_6147L1_1036L1;
            }
            __sa19_1282L0_6086L0_6496L0_1149L0[2] = 1;
          }
        }
        if((ret_975L4_5777L4_6147L4_1036L4)!=(null))
        {
          int __s_pac1060_6667L1_1202L1=__s_Item_tid_32_66L5_66L5[ret_975L4_5777L4_6147L4_1036L4];
          lastId_16L0_1354L0_1568L0_405L0[__s_pac1060_6667L1_1202L1] = __s_Item_id_33_66L6_66L6[ret_975L4_5777L4_6147L4_1036L4];
          atomic
          {
            int __s_atomize17_73L0_6239L0_6669L0_1204L0=dqCount_5L3_21L3_167L3_167L3;
            dqCount_5L3_21L3_167L3_167L3 = (__s_atomize17_73L0_6239L0_6669L0_1204L0)+(1);
          }
        }
      }
    }
  }
  int[2] lastId_75L8_6298L8_6727L8_1262L8={0,0};
  lastId_75L8_6298L8_6727L8_1262L8[0] = 0;
  lastId_75L8_6298L8_6727L8_1262L8[1] = 0;
  bit done_75L9_6298L9_6730L9_1265L9=0;
  for(int i_77L0_6300L0_6732L0_1267L0=0;(i_77L0_6300L0_6732L0_1267L0)<(5);i_77L0_6300L0_6732L0_1267L0 = (i_77L0_6300L0_6732L0_1267L0)+(1))
  {
    if(!(done_75L9_6298L9_6730L9_1265L9))
    {
      int tmp_975L1_7248L1_7797L1_1624L1=null;
      bit wasTaken_975L2_7248L2_7797L2_1624L2=0;
      bit done_975L3_7248L3_7797L3_1624L3=0;
      int ret_975L4_7248L4_7797L4_1624L4=null;
      for(int i_977L0_7250L0_7799L0_1626L0=0;(i_977L0_7250L0_7799L0_1626L0)<(5);i_977L0_7250L0_7799L0_1626L0 = (i_977L0_7250L0_7799L0_1626L0)+(1))
      {
        if(!(done_975L3_7248L3_7797L3_1624L3))
        {
          bit[4] __sa19_1282L0_7557L0_8146L0_1737L0={0,0,0,0};
          __sa19_1282L0_7557L0_8146L0_1737L0[0] = 0;
          __sa19_1282L0_7557L0_8146L0_1737L0[1] = 0;
          __sa19_1282L0_7557L0_8146L0_1737L0[2] = 0;
          __sa19_1282L0_7557L0_8146L0_1737L0[3] = 0;
          if(!(done_975L3_7248L3_7797L3_1624L3))
          {
            int __s_tmp_cond_elim_1_1289L0_7565L0_8160L0_1750L0=0;
            int __s_pac1083_8161L1_1751L1=__s_Queue_prevHead_36_108L8_108L8[0];
            __s_tmp_cond_elim_1_1289L0_7565L0_8160L0_1750L0 = __s_Node_next_29_3L2_3L2[__s_pac1083_8161L1_1751L1];
            tmp_975L1_7248L1_7797L1_1624L1 = __s_tmp_cond_elim_1_1289L0_7565L0_8160L0_1750L0;
          }
          __sa19_1282L0_7557L0_8146L0_1737L0[0] = 1;
          bit __s_atomize_sc13_1330L0_7606L0_8205L0_1756L0=!(done_975L3_7248L3_7797L3_1624L3);
          if(__s_atomize_sc13_1330L0_7606L0_8205L0_1756L0)
          {
            __s_atomize_sc13_1330L0_7606L0_8205L0_1756L0 = (null)==(tmp_975L1_7248L1_7797L1_1624L1);
          }
          if(__s_atomize_sc13_1330L0_7606L0_8205L0_1756L0)
          {
            done_975L3_7248L3_7797L3_1624L3 = 1;
            ret_975L4_7248L4_7797L4_1624L4 = null;
          }
          __sa19_1282L0_7557L0_8146L0_1737L0[1] = 1;
          bit __s_atomize_sc14_1383L0_7659L0_8262L0_1764L0=!(done_975L3_7248L3_7797L3_1624L3);
          if(__s_atomize_sc14_1383L0_7659L0_8262L0_1764L0)
          {
            __s_atomize_sc14_1383L0_7659L0_8262L0_1764L0 = (0)==(__s_Node_taken_30_3L3_3L3[tmp_975L1_7248L1_7797L1_1624L1]);
          }
          if(__s_atomize_sc14_1383L0_7659L0_8262L0_1764L0)
          {
            atomic
            {
              wasTaken_975L2_7248L2_7797L2_1624L2 = __s_Node_taken_30_3L3_3L3[tmp_975L1_7248L1_7797L1_1624L1];
              __s_Node_taken_30_3L3_3L3[tmp_975L1_7248L1_7797L1_1624L1] = 1;
            }
            if((0)==(wasTaken_975L2_7248L2_7797L2_1624L2))
            {
              done_975L3_7248L3_7797L3_1624L3 = 1;
              ret_975L4_7248L4_7797L4_1624L4 = __s_Node_obj_28_3L1_3L1[tmp_975L1_7248L1_7797L1_1624L1];
            }
          }
          __sa19_1282L0_7557L0_8146L0_1737L0[3] = 1;
          if(!(done_975L3_7248L3_7797L3_1624L3))
          {
            __s_Queue_prevHead_36_108L8_108L8[0] = tmp_975L1_7248L1_7797L1_1624L1;
          }
          __sa19_1282L0_7557L0_8146L0_1737L0[2] = 1;
        }
      }
      if((ret_975L4_7248L4_7797L4_1624L4)==(null))
      {
        done_75L9_6298L9_6730L9_1265L9 = 1;
      }
      else
      {
        int __s_pac1190_8319L1_1792L1=__s_Item_tid_32_66L5_66L5[ret_975L4_7248L4_7797L4_1624L4];
        lastId_75L8_6298L8_6727L8_1262L8[__s_pac1190_8319L1_1792L1] = __s_Item_id_33_66L6_66L6[ret_975L4_7248L4_7797L4_1624L4];
      }
    }
  }
  _out_1L0_1L0_1L0_1L0 = 1;
}
void T([!bit _out_114L1_7801L1_8408L1_1881L1])
{
  int[10] __s_Node_obj_38_8410L1_1883L1={0,0,0,0,0,0,0,0,0,0}; int[10] __s_Node_next_39_8410L2_1883L2={0,0,0,0,0,0,0,0,0,0}; bit[10] __s_Node_taken_40_8410L3_1883L3={0,0,0,0,0,0,0,0,0,0};
  int __s_tmp_cond_elim_75_8412L0_1885L0=null;
  __s_Node_obj_38_8410L1_1883L1[0] = __s_tmp_cond_elim_75_8412L0_1885L0;
  int __s_tmp_cond_elim_75_8414L0_1887L0=null;
  __s_Node_obj_38_8410L1_1883L1[1] = __s_tmp_cond_elim_75_8414L0_1887L0;
  int __s_tmp_cond_elim_75_8416L0_1889L0=null;
  __s_Node_obj_38_8410L1_1883L1[2] = __s_tmp_cond_elim_75_8416L0_1889L0;
  int __s_tmp_cond_elim_75_8418L0_1891L0=null;
  __s_Node_obj_38_8410L1_1883L1[3] = __s_tmp_cond_elim_75_8418L0_1891L0;
  int __s_tmp_cond_elim_75_8420L0_1893L0=null;
  __s_Node_obj_38_8410L1_1883L1[4] = __s_tmp_cond_elim_75_8420L0_1893L0;
  int __s_tmp_cond_elim_75_8422L0_1895L0=null;
  __s_Node_obj_38_8410L1_1883L1[5] = __s_tmp_cond_elim_75_8422L0_1895L0;
  int __s_tmp_cond_elim_75_8424L0_1897L0=null;
  __s_Node_obj_38_8410L1_1883L1[6] = __s_tmp_cond_elim_75_8424L0_1897L0;
  int __s_tmp_cond_elim_75_8426L0_1899L0=null;
  __s_Node_obj_38_8410L1_1883L1[7] = __s_tmp_cond_elim_75_8426L0_1899L0;
  int __s_tmp_cond_elim_75_8428L0_1901L0=null;
  __s_Node_obj_38_8410L1_1883L1[8] = __s_tmp_cond_elim_75_8428L0_1901L0;
  int __s_tmp_cond_elim_75_8430L0_1903L0=null;
  __s_Node_obj_38_8410L1_1883L1[9] = __s_tmp_cond_elim_75_8430L0_1903L0;
  int __s_tmp_cond_elim_76_8433L0_1906L0=null;
  __s_Node_next_39_8410L2_1883L2[0] = __s_tmp_cond_elim_76_8433L0_1906L0;
  int __s_tmp_cond_elim_76_8435L0_1908L0=null;
  __s_Node_next_39_8410L2_1883L2[1] = __s_tmp_cond_elim_76_8435L0_1908L0;
  int __s_tmp_cond_elim_76_8437L0_1910L0=null;
  __s_Node_next_39_8410L2_1883L2[2] = __s_tmp_cond_elim_76_8437L0_1910L0;
  int __s_tmp_cond_elim_76_8439L0_1912L0=null;
  __s_Node_next_39_8410L2_1883L2[3] = __s_tmp_cond_elim_76_8439L0_1912L0;
  int __s_tmp_cond_elim_76_8441L0_1914L0=null;
  __s_Node_next_39_8410L2_1883L2[4] = __s_tmp_cond_elim_76_8441L0_1914L0;
  int __s_tmp_cond_elim_76_8443L0_1916L0=null;
  __s_Node_next_39_8410L2_1883L2[5] = __s_tmp_cond_elim_76_8443L0_1916L0;
  int __s_tmp_cond_elim_76_8445L0_1918L0=null;
  __s_Node_next_39_8410L2_1883L2[6] = __s_tmp_cond_elim_76_8445L0_1918L0;
  int __s_tmp_cond_elim_76_8447L0_1920L0=null;
  __s_Node_next_39_8410L2_1883L2[7] = __s_tmp_cond_elim_76_8447L0_1920L0;
  int __s_tmp_cond_elim_76_8449L0_1922L0=null;
  __s_Node_next_39_8410L2_1883L2[8] = __s_tmp_cond_elim_76_8449L0_1922L0;
  int __s_tmp_cond_elim_76_8451L0_1924L0=null;
  __s_Node_next_39_8410L2_1883L2[9] = __s_tmp_cond_elim_76_8451L0_1924L0;
  __s_Node_taken_40_8410L3_1883L3[0] = 0;
  __s_Node_taken_40_8410L3_1883L3[1] = 0;
  __s_Node_taken_40_8410L3_1883L3[2] = 0;
  __s_Node_taken_40_8410L3_1883L3[3] = 0;
  __s_Node_taken_40_8410L3_1883L3[4] = 0;
  __s_Node_taken_40_8410L3_1883L3[5] = 0;
  __s_Node_taken_40_8410L3_1883L3[6] = 0;
  __s_Node_taken_40_8410L3_1883L3[7] = 0;
  __s_Node_taken_40_8410L3_1883L3[8] = 0;
  __s_Node_taken_40_8410L3_1883L3[9] = 0;
  int[10] __s_Item_tid_42_8473L5_1946L5={0,0,0,0,0,0,0,0,0,0}; int[10] __s_Item_id_43_8473L6_1946L6={0,0,0,0,0,0,0,0,0,0};
  __s_Item_tid_42_8473L5_1946L5[0] = 0;
  __s_Item_tid_42_8473L5_1946L5[1] = 0;
  __s_Item_tid_42_8473L5_1946L5[2] = 0;
  __s_Item_tid_42_8473L5_1946L5[3] = 0;
  __s_Item_tid_42_8473L5_1946L5[4] = 0;
  __s_Item_tid_42_8473L5_1946L5[5] = 0;
  __s_Item_tid_42_8473L5_1946L5[6] = 0;
  __s_Item_tid_42_8473L5_1946L5[7] = 0;
  __s_Item_tid_42_8473L5_1946L5[8] = 0;
  __s_Item_tid_42_8473L5_1946L5[9] = 0;
  __s_Item_id_43_8473L6_1946L6[0] = 0;
  __s_Item_id_43_8473L6_1946L6[1] = 0;
  __s_Item_id_43_8473L6_1946L6[2] = 0;
  __s_Item_id_43_8473L6_1946L6[3] = 0;
  __s_Item_id_43_8473L6_1946L6[4] = 0;
  __s_Item_id_43_8473L6_1946L6[5] = 0;
  __s_Item_id_43_8473L6_1946L6[6] = 0;
  __s_Item_id_43_8473L6_1946L6[7] = 0;
  __s_Item_id_43_8473L6_1946L6[8] = 0;
  __s_Item_id_43_8473L6_1946L6[9] = 0;
  int[10] __s_Queue_prevHead_46_8515L8_1988L8={0,0,0,0,0,0,0,0,0,0}; int[10] __s_Queue_tail_45_8515L9_1988L9={0,0,0,0,0,0,0,0,0,0};
  int __s_tmp_cond_elim_80_8517L0_1990L0=null;
  __s_Queue_prevHead_46_8515L8_1988L8[0] = __s_tmp_cond_elim_80_8517L0_1990L0;
  int __s_tmp_cond_elim_80_8519L0_1992L0=null;
  __s_Queue_prevHead_46_8515L8_1988L8[1] = __s_tmp_cond_elim_80_8519L0_1992L0;
  int __s_tmp_cond_elim_80_8521L0_1994L0=null;
  __s_Queue_prevHead_46_8515L8_1988L8[2] = __s_tmp_cond_elim_80_8521L0_1994L0;
  int __s_tmp_cond_elim_80_8523L0_1996L0=null;
  __s_Queue_prevHead_46_8515L8_1988L8[3] = __s_tmp_cond_elim_80_8523L0_1996L0;
  int __s_tmp_cond_elim_80_8525L0_1998L0=null;
  __s_Queue_prevHead_46_8515L8_1988L8[4] = __s_tmp_cond_elim_80_8525L0_1998L0;
  int __s_tmp_cond_elim_80_8527L0_2000L0=null;
  __s_Queue_prevHead_46_8515L8_1988L8[5] = __s_tmp_cond_elim_80_8527L0_2000L0;
  int __s_tmp_cond_elim_80_8529L0_2002L0=null;
  __s_Queue_prevHead_46_8515L8_1988L8[6] = __s_tmp_cond_elim_80_8529L0_2002L0;
  int __s_tmp_cond_elim_80_8531L0_2004L0=null;
  __s_Queue_prevHead_46_8515L8_1988L8[7] = __s_tmp_cond_elim_80_8531L0_2004L0;
  int __s_tmp_cond_elim_80_8533L0_2006L0=null;
  __s_Queue_prevHead_46_8515L8_1988L8[8] = __s_tmp_cond_elim_80_8533L0_2006L0;
  int __s_tmp_cond_elim_80_8535L0_2008L0=null;
  __s_Queue_prevHead_46_8515L8_1988L8[9] = __s_tmp_cond_elim_80_8535L0_2008L0;
  int __s_tmp_cond_elim_81_8538L0_2011L0=null;
  __s_Queue_tail_45_8515L9_1988L9[0] = __s_tmp_cond_elim_81_8538L0_2011L0;
  int __s_tmp_cond_elim_81_8540L0_2013L0=null;
  __s_Queue_tail_45_8515L9_1988L9[1] = __s_tmp_cond_elim_81_8540L0_2013L0;
  int __s_tmp_cond_elim_81_8542L0_2015L0=null;
  __s_Queue_tail_45_8515L9_1988L9[2] = __s_tmp_cond_elim_81_8542L0_2015L0;
  int __s_tmp_cond_elim_81_8544L0_2017L0=null;
  __s_Queue_tail_45_8515L9_1988L9[3] = __s_tmp_cond_elim_81_8544L0_2017L0;
  int __s_tmp_cond_elim_81_8546L0_2019L0=null;
  __s_Queue_tail_45_8515L9_1988L9[4] = __s_tmp_cond_elim_81_8546L0_2019L0;
  int __s_tmp_cond_elim_81_8548L0_2021L0=null;
  __s_Queue_tail_45_8515L9_1988L9[5] = __s_tmp_cond_elim_81_8548L0_2021L0;
  int __s_tmp_cond_elim_81_8550L0_2023L0=null;
  __s_Queue_tail_45_8515L9_1988L9[6] = __s_tmp_cond_elim_81_8550L0_2023L0;
  int __s_tmp_cond_elim_81_8552L0_2025L0=null;
  __s_Queue_tail_45_8515L9_1988L9[7] = __s_tmp_cond_elim_81_8552L0_2025L0;
  int __s_tmp_cond_elim_81_8554L0_2027L0=null;
  __s_Queue_tail_45_8515L9_1988L9[8] = __s_tmp_cond_elim_81_8554L0_2027L0;
  int __s_tmp_cond_elim_81_8556L0_2029L0=null;
  __s_Queue_tail_45_8515L9_1988L9[9] = __s_tmp_cond_elim_81_8556L0_2029L0;
  _out_114L1_7801L1_8408L1_1881L1 = 1;
}

===== Compilation statistics =====
  Solved? -----------------------------> true
  Number of iterations ----------------> 4
  Maximum memory usage (MiB) ----------> 248.96094
  Total elapsed time (s) --------------> 894.058
    % frontend ............ 1.7652099
    % verification ........ 11.381812
    % synthesis ........... 86.85298
  Total solution time (s) -------------> 774.92
    % verification ........ 2.3393383
    % synthesis ........... 97.66066

  Synthesizer statistics:  
    [solver stats]
    Number of calls -------------------> 4
    Total elapsed time (s) ------------> 776.516
    Total model building time (s) -----> 19.701
    Total solution time (s) -----------> 756.792
    Maximum memory usage (MiB) --------> 125.96094
    Average elapsed time (s) ----------> 194.129
    Average model building time (s) ---> 4.925
    Average solution time (s) ---------> 189.198
    Average memory usage (MiB) --------> 87.9082

  Verifier statistics:     
    [solver stats]
    Number of calls -------------------> 5
    Total elapsed time (s) ------------> 101.76
    Total model building time (s) -----> 83.632
    Total solution time (s) -----------> 18.128
    Maximum memory usage (MiB) --------> 42.625
    Average elapsed time (s) ----------> 20.352
    Average model building time (s) ---> 16.726
    Average solution time (s) ---------> 3.625
    Average memory usage (MiB) --------> 15.75

  Frontend statistics:     
    Total elapsed time (s) ------------> 15.782
    Max memory usage (MiB) ------------> 123.0

[PSKETCH] DONE!
