Iteration 0
[SPINVERIF][2] Stats for last run:
      [solution stats]
      successful? ---------------------> false
      elapsed time (s) ----------------> 2.793
      model building time (s) ---------> 2.784
      solution time (s) ---------------> 0.0090
      max memory usage (MiB) ----------> 5.125
      [SPIN-specific stats]
      codegen time (s) ----------------> 0.211
      codegen memory (MiB) ------------> 0.0
      compiler time (s) ---------------> 2.573
      compiler memory (MiB) -----------> 0.0
      total SPIN time (s) -------------> 0.0090
      total SPIN mem (MiB) ------------> 5.125
      actual state mem (MiB) ----------> 0.0
      equiv state mem (MiB) -----------> 0.0
      state compression (%) -----------> 0.0
      # states explored ---------------> 501
      state exploration rate (states/s)> 0

[SATBackend] Stats for last run:
      [solution stats]
      successful? ---------------------> true
      elapsed time (s) ----------------> 0.04
      model building time (s) ---------> 0.026
      solution time (s) ---------------> 0.0080
      max memory usage (MiB) ----------> 13.5390625
      [SAT-specific solution stats]
      initial number of nodes ---------> 1785
      number of nodes after opts ------> 147
      number of controls --------------> 2
      total number of control bits ----> 2

Iteration 1
[SPINVERIF][2] Stats for last run:
      [solution stats]
      successful? ---------------------> true
      elapsed time (s) ----------------> 2.795
      model building time (s) ---------> 2.776
      solution time (s) ---------------> 0.019
      max memory usage (MiB) ----------> 5.125
      [SPIN-specific stats]
      codegen time (s) ----------------> 0.206
      codegen memory (MiB) ------------> 0.0
      compiler time (s) ---------------> 2.57
      compiler memory (MiB) -----------> 0.0
      total SPIN time (s) -------------> 0.019
      total SPIN mem (MiB) ------------> 5.125
      actual state mem (MiB) ----------> 0.0
      equiv state mem (MiB) -----------> 0.0
      state compression (%) -----------> 0.0
      # states explored ---------------> 1558
      state exploration rate (states/s)> 0

void main([!bit _out_1L0_1L0_1L0_1L0]) implements T
{
  int __s_Node_nextInstance_7_3L0_3L0=0; int[10] __s_Node_obj_8_3L1_3L1={0,0,0,0,0,0,0,0,0,0}; int[10] __s_Node_next_9_3L2_3L2={0,0,0,0,0,0,0,0,0,0}; bit[10] __s_Node_taken_10_3L3_3L3={0,0,0,0,0,0,0,0,0,0};
  int __s_tmp_cond_elim_43_5L0_5L0=0;
  int __s_pac57_6L0_6L0=0;
  __s_tmp_cond_elim_43_5L0_5L0 = null;
  int __s_pac58_6L1_6L1=0;
  __s_Node_obj_8_3L1_3L1[0] = __s_tmp_cond_elim_43_5L0_5L0;
  int __s_tmp_cond_elim_43_7L0_7L0=0;
  int __s_pac57_8L0_8L0=1;
  __s_tmp_cond_elim_43_7L0_7L0 = null;
  int __s_pac58_8L1_8L1=1;
  __s_Node_obj_8_3L1_3L1[1] = __s_tmp_cond_elim_43_7L0_7L0;
  int __s_tmp_cond_elim_43_9L0_9L0=0;
  int __s_pac57_10L0_10L0=2;
  __s_tmp_cond_elim_43_9L0_9L0 = null;
  int __s_pac58_10L1_10L1=2;
  __s_Node_obj_8_3L1_3L1[2] = __s_tmp_cond_elim_43_9L0_9L0;
  int __s_tmp_cond_elim_43_11L0_11L0=0;
  int __s_pac57_12L0_12L0=3;
  __s_tmp_cond_elim_43_11L0_11L0 = null;
  int __s_pac58_12L1_12L1=3;
  __s_Node_obj_8_3L1_3L1[3] = __s_tmp_cond_elim_43_11L0_11L0;
  int __s_tmp_cond_elim_43_13L0_13L0=0;
  int __s_pac57_14L0_14L0=4;
  __s_tmp_cond_elim_43_13L0_13L0 = null;
  int __s_pac58_14L1_14L1=4;
  __s_Node_obj_8_3L1_3L1[4] = __s_tmp_cond_elim_43_13L0_13L0;
  int __s_tmp_cond_elim_43_15L0_15L0=0;
  int __s_pac57_16L0_16L0=5;
  __s_tmp_cond_elim_43_15L0_15L0 = null;
  int __s_pac58_16L1_16L1=5;
  __s_Node_obj_8_3L1_3L1[5] = __s_tmp_cond_elim_43_15L0_15L0;
  int __s_tmp_cond_elim_43_17L0_17L0=0;
  int __s_pac57_18L0_18L0=6;
  __s_tmp_cond_elim_43_17L0_17L0 = null;
  int __s_pac58_18L1_18L1=6;
  __s_Node_obj_8_3L1_3L1[6] = __s_tmp_cond_elim_43_17L0_17L0;
  int __s_tmp_cond_elim_43_19L0_19L0=0;
  int __s_pac57_20L0_20L0=7;
  __s_tmp_cond_elim_43_19L0_19L0 = null;
  int __s_pac58_20L1_20L1=7;
  __s_Node_obj_8_3L1_3L1[7] = __s_tmp_cond_elim_43_19L0_19L0;
  int __s_tmp_cond_elim_43_21L0_21L0=0;
  int __s_pac57_22L0_22L0=8;
  __s_tmp_cond_elim_43_21L0_21L0 = null;
  int __s_pac58_22L1_22L1=8;
  __s_Node_obj_8_3L1_3L1[8] = __s_tmp_cond_elim_43_21L0_21L0;
  int __s_tmp_cond_elim_43_23L0_23L0=0;
  int __s_pac57_24L0_24L0=9;
  __s_tmp_cond_elim_43_23L0_23L0 = null;
  int __s_pac58_24L1_24L1=9;
  __s_Node_obj_8_3L1_3L1[9] = __s_tmp_cond_elim_43_23L0_23L0;
  int __s_tmp_cond_elim_44_26L0_26L0=0;
  int __s_pac59_27L0_27L0=0;
  __s_tmp_cond_elim_44_26L0_26L0 = null;
  int __s_pac60_27L1_27L1=0;
  __s_Node_next_9_3L2_3L2[0] = __s_tmp_cond_elim_44_26L0_26L0;
  int __s_tmp_cond_elim_44_28L0_28L0=0;
  int __s_pac59_29L0_29L0=1;
  __s_tmp_cond_elim_44_28L0_28L0 = null;
  int __s_pac60_29L1_29L1=1;
  __s_Node_next_9_3L2_3L2[1] = __s_tmp_cond_elim_44_28L0_28L0;
  int __s_tmp_cond_elim_44_30L0_30L0=0;
  int __s_pac59_31L0_31L0=2;
  __s_tmp_cond_elim_44_30L0_30L0 = null;
  int __s_pac60_31L1_31L1=2;
  __s_Node_next_9_3L2_3L2[2] = __s_tmp_cond_elim_44_30L0_30L0;
  int __s_tmp_cond_elim_44_32L0_32L0=0;
  int __s_pac59_33L0_33L0=3;
  __s_tmp_cond_elim_44_32L0_32L0 = null;
  int __s_pac60_33L1_33L1=3;
  __s_Node_next_9_3L2_3L2[3] = __s_tmp_cond_elim_44_32L0_32L0;
  int __s_tmp_cond_elim_44_34L0_34L0=0;
  int __s_pac59_35L0_35L0=4;
  __s_tmp_cond_elim_44_34L0_34L0 = null;
  int __s_pac60_35L1_35L1=4;
  __s_Node_next_9_3L2_3L2[4] = __s_tmp_cond_elim_44_34L0_34L0;
  int __s_tmp_cond_elim_44_36L0_36L0=0;
  int __s_pac59_37L0_37L0=5;
  __s_tmp_cond_elim_44_36L0_36L0 = null;
  int __s_pac60_37L1_37L1=5;
  __s_Node_next_9_3L2_3L2[5] = __s_tmp_cond_elim_44_36L0_36L0;
  int __s_tmp_cond_elim_44_38L0_38L0=0;
  int __s_pac59_39L0_39L0=6;
  __s_tmp_cond_elim_44_38L0_38L0 = null;
  int __s_pac60_39L1_39L1=6;
  __s_Node_next_9_3L2_3L2[6] = __s_tmp_cond_elim_44_38L0_38L0;
  int __s_tmp_cond_elim_44_40L0_40L0=0;
  int __s_pac59_41L0_41L0=7;
  __s_tmp_cond_elim_44_40L0_40L0 = null;
  int __s_pac60_41L1_41L1=7;
  __s_Node_next_9_3L2_3L2[7] = __s_tmp_cond_elim_44_40L0_40L0;
  int __s_tmp_cond_elim_44_42L0_42L0=0;
  int __s_pac59_43L0_43L0=8;
  __s_tmp_cond_elim_44_42L0_42L0 = null;
  int __s_pac60_43L1_43L1=8;
  __s_Node_next_9_3L2_3L2[8] = __s_tmp_cond_elim_44_42L0_42L0;
  int __s_tmp_cond_elim_44_44L0_44L0=0;
  int __s_pac59_45L0_45L0=9;
  __s_tmp_cond_elim_44_44L0_44L0 = null;
  int __s_pac60_45L1_45L1=9;
  __s_Node_next_9_3L2_3L2[9] = __s_tmp_cond_elim_44_44L0_44L0;
  bit __s_tmp_cond_elim_45_47L0_47L0=0;
  int __s_pac61_48L0_48L0=0;
  __s_tmp_cond_elim_45_47L0_47L0 = 0;
  int __s_pac62_48L1_48L1=0;
  __s_Node_taken_10_3L3_3L3[0] = 0;
  bit __s_tmp_cond_elim_45_49L0_49L0=0;
  int __s_pac61_50L0_50L0=1;
  __s_tmp_cond_elim_45_49L0_49L0 = 0;
  int __s_pac62_50L1_50L1=1;
  __s_Node_taken_10_3L3_3L3[1] = 0;
  bit __s_tmp_cond_elim_45_51L0_51L0=0;
  int __s_pac61_52L0_52L0=2;
  __s_tmp_cond_elim_45_51L0_51L0 = 0;
  int __s_pac62_52L1_52L1=2;
  __s_Node_taken_10_3L3_3L3[2] = 0;
  bit __s_tmp_cond_elim_45_53L0_53L0=0;
  int __s_pac61_54L0_54L0=3;
  __s_tmp_cond_elim_45_53L0_53L0 = 0;
  int __s_pac62_54L1_54L1=3;
  __s_Node_taken_10_3L3_3L3[3] = 0;
  bit __s_tmp_cond_elim_45_55L0_55L0=0;
  int __s_pac61_56L0_56L0=4;
  __s_tmp_cond_elim_45_55L0_55L0 = 0;
  int __s_pac62_56L1_56L1=4;
  __s_Node_taken_10_3L3_3L3[4] = 0;
  bit __s_tmp_cond_elim_45_57L0_57L0=0;
  int __s_pac61_58L0_58L0=5;
  __s_tmp_cond_elim_45_57L0_57L0 = 0;
  int __s_pac62_58L1_58L1=5;
  __s_Node_taken_10_3L3_3L3[5] = 0;
  bit __s_tmp_cond_elim_45_59L0_59L0=0;
  int __s_pac61_60L0_60L0=6;
  __s_tmp_cond_elim_45_59L0_59L0 = 0;
  int __s_pac62_60L1_60L1=6;
  __s_Node_taken_10_3L3_3L3[6] = 0;
  bit __s_tmp_cond_elim_45_61L0_61L0=0;
  int __s_pac61_62L0_62L0=7;
  __s_tmp_cond_elim_45_61L0_61L0 = 0;
  int __s_pac62_62L1_62L1=7;
  __s_Node_taken_10_3L3_3L3[7] = 0;
  bit __s_tmp_cond_elim_45_63L0_63L0=0;
  int __s_pac61_64L0_64L0=8;
  __s_tmp_cond_elim_45_63L0_63L0 = 0;
  int __s_pac62_64L1_64L1=8;
  __s_Node_taken_10_3L3_3L3[8] = 0;
  bit __s_tmp_cond_elim_45_65L0_65L0=0;
  int __s_pac61_66L0_66L0=9;
  __s_tmp_cond_elim_45_65L0_65L0 = 0;
  int __s_pac62_66L1_66L1=9;
  __s_Node_taken_10_3L3_3L3[9] = 0;
  int __s_Item_nextInstance_11_66L4_66L4=0; int[10] __s_Item_tid_12_66L5_66L5={0,0,0,0,0,0,0,0,0,0}; int[10] __s_Item_id_13_66L6_66L6={0,0,0,0,0,0,0,0,0,0};
  bit __s_tmp_cond_elim_46_68L0_68L0=0;
  int __s_pac63_69L0_69L0=0;
  __s_tmp_cond_elim_46_68L0_68L0 = 0;
  int __s_pac64_69L1_69L1=0;
  __s_Item_tid_12_66L5_66L5[0] = 0;
  bit __s_tmp_cond_elim_46_70L0_70L0=0;
  int __s_pac63_71L0_71L0=1;
  __s_tmp_cond_elim_46_70L0_70L0 = 0;
  int __s_pac64_71L1_71L1=1;
  __s_Item_tid_12_66L5_66L5[1] = 0;
  bit __s_tmp_cond_elim_46_72L0_72L0=0;
  int __s_pac63_73L0_73L0=2;
  __s_tmp_cond_elim_46_72L0_72L0 = 0;
  int __s_pac64_73L1_73L1=2;
  __s_Item_tid_12_66L5_66L5[2] = 0;
  bit __s_tmp_cond_elim_46_74L0_74L0=0;
  int __s_pac63_75L0_75L0=3;
  __s_tmp_cond_elim_46_74L0_74L0 = 0;
  int __s_pac64_75L1_75L1=3;
  __s_Item_tid_12_66L5_66L5[3] = 0;
  bit __s_tmp_cond_elim_46_76L0_76L0=0;
  int __s_pac63_77L0_77L0=4;
  __s_tmp_cond_elim_46_76L0_76L0 = 0;
  int __s_pac64_77L1_77L1=4;
  __s_Item_tid_12_66L5_66L5[4] = 0;
  bit __s_tmp_cond_elim_46_78L0_78L0=0;
  int __s_pac63_79L0_79L0=5;
  __s_tmp_cond_elim_46_78L0_78L0 = 0;
  int __s_pac64_79L1_79L1=5;
  __s_Item_tid_12_66L5_66L5[5] = 0;
  bit __s_tmp_cond_elim_46_80L0_80L0=0;
  int __s_pac63_81L0_81L0=6;
  __s_tmp_cond_elim_46_80L0_80L0 = 0;
  int __s_pac64_81L1_81L1=6;
  __s_Item_tid_12_66L5_66L5[6] = 0;
  bit __s_tmp_cond_elim_46_82L0_82L0=0;
  int __s_pac63_83L0_83L0=7;
  __s_tmp_cond_elim_46_82L0_82L0 = 0;
  int __s_pac64_83L1_83L1=7;
  __s_Item_tid_12_66L5_66L5[7] = 0;
  bit __s_tmp_cond_elim_46_84L0_84L0=0;
  int __s_pac63_85L0_85L0=8;
  __s_tmp_cond_elim_46_84L0_84L0 = 0;
  int __s_pac64_85L1_85L1=8;
  __s_Item_tid_12_66L5_66L5[8] = 0;
  bit __s_tmp_cond_elim_46_86L0_86L0=0;
  int __s_pac63_87L0_87L0=9;
  __s_tmp_cond_elim_46_86L0_86L0 = 0;
  int __s_pac64_87L1_87L1=9;
  __s_Item_tid_12_66L5_66L5[9] = 0;
  bit __s_tmp_cond_elim_47_89L0_89L0=0;
  int __s_pac65_90L0_90L0=0;
  __s_tmp_cond_elim_47_89L0_89L0 = 0;
  int __s_pac66_90L1_90L1=0;
  __s_Item_id_13_66L6_66L6[0] = 0;
  bit __s_tmp_cond_elim_47_91L0_91L0=0;
  int __s_pac65_92L0_92L0=1;
  __s_tmp_cond_elim_47_91L0_91L0 = 0;
  int __s_pac66_92L1_92L1=1;
  __s_Item_id_13_66L6_66L6[1] = 0;
  bit __s_tmp_cond_elim_47_93L0_93L0=0;
  int __s_pac65_94L0_94L0=2;
  __s_tmp_cond_elim_47_93L0_93L0 = 0;
  int __s_pac66_94L1_94L1=2;
  __s_Item_id_13_66L6_66L6[2] = 0;
  bit __s_tmp_cond_elim_47_95L0_95L0=0;
  int __s_pac65_96L0_96L0=3;
  __s_tmp_cond_elim_47_95L0_95L0 = 0;
  int __s_pac66_96L1_96L1=3;
  __s_Item_id_13_66L6_66L6[3] = 0;
  bit __s_tmp_cond_elim_47_97L0_97L0=0;
  int __s_pac65_98L0_98L0=4;
  __s_tmp_cond_elim_47_97L0_97L0 = 0;
  int __s_pac66_98L1_98L1=4;
  __s_Item_id_13_66L6_66L6[4] = 0;
  bit __s_tmp_cond_elim_47_99L0_99L0=0;
  int __s_pac65_100L0_100L0=5;
  __s_tmp_cond_elim_47_99L0_99L0 = 0;
  int __s_pac66_100L1_100L1=5;
  __s_Item_id_13_66L6_66L6[5] = 0;
  bit __s_tmp_cond_elim_47_101L0_101L0=0;
  int __s_pac65_102L0_102L0=6;
  __s_tmp_cond_elim_47_101L0_101L0 = 0;
  int __s_pac66_102L1_102L1=6;
  __s_Item_id_13_66L6_66L6[6] = 0;
  bit __s_tmp_cond_elim_47_103L0_103L0=0;
  int __s_pac65_104L0_104L0=7;
  __s_tmp_cond_elim_47_103L0_103L0 = 0;
  int __s_pac66_104L1_104L1=7;
  __s_Item_id_13_66L6_66L6[7] = 0;
  bit __s_tmp_cond_elim_47_105L0_105L0=0;
  int __s_pac65_106L0_106L0=8;
  __s_tmp_cond_elim_47_105L0_105L0 = 0;
  int __s_pac66_106L1_106L1=8;
  __s_Item_id_13_66L6_66L6[8] = 0;
  bit __s_tmp_cond_elim_47_107L0_107L0=0;
  int __s_pac65_108L0_108L0=9;
  __s_tmp_cond_elim_47_107L0_107L0 = 0;
  int __s_pac66_108L1_108L1=9;
  __s_Item_id_13_66L6_66L6[9] = 0;
  int __s_Queue_nextInstance_14_108L7_108L7=0; int[10] __s_Queue_prevHead_16_108L8_108L8={0,0,0,0,0,0,0,0,0,0}; int[10] __s_Queue_tail_15_108L9_108L9={0,0,0,0,0,0,0,0,0,0};
  int __s_tmp_cond_elim_48_110L0_110L0=0;
  int __s_pac67_111L0_111L0=0;
  __s_tmp_cond_elim_48_110L0_110L0 = null;
  int __s_pac68_111L1_111L1=0;
  __s_Queue_prevHead_16_108L8_108L8[0] = __s_tmp_cond_elim_48_110L0_110L0;
  int __s_tmp_cond_elim_48_112L0_112L0=0;
  int __s_pac67_113L0_113L0=1;
  __s_tmp_cond_elim_48_112L0_112L0 = null;
  int __s_pac68_113L1_113L1=1;
  __s_Queue_prevHead_16_108L8_108L8[1] = __s_tmp_cond_elim_48_112L0_112L0;
  int __s_tmp_cond_elim_48_114L0_114L0=0;
  int __s_pac67_115L0_115L0=2;
  __s_tmp_cond_elim_48_114L0_114L0 = null;
  int __s_pac68_115L1_115L1=2;
  __s_Queue_prevHead_16_108L8_108L8[2] = __s_tmp_cond_elim_48_114L0_114L0;
  int __s_tmp_cond_elim_48_116L0_116L0=0;
  int __s_pac67_117L0_117L0=3;
  __s_tmp_cond_elim_48_116L0_116L0 = null;
  int __s_pac68_117L1_117L1=3;
  __s_Queue_prevHead_16_108L8_108L8[3] = __s_tmp_cond_elim_48_116L0_116L0;
  int __s_tmp_cond_elim_48_118L0_118L0=0;
  int __s_pac67_119L0_119L0=4;
  __s_tmp_cond_elim_48_118L0_118L0 = null;
  int __s_pac68_119L1_119L1=4;
  __s_Queue_prevHead_16_108L8_108L8[4] = __s_tmp_cond_elim_48_118L0_118L0;
  int __s_tmp_cond_elim_48_120L0_120L0=0;
  int __s_pac67_121L0_121L0=5;
  __s_tmp_cond_elim_48_120L0_120L0 = null;
  int __s_pac68_121L1_121L1=5;
  __s_Queue_prevHead_16_108L8_108L8[5] = __s_tmp_cond_elim_48_120L0_120L0;
  int __s_tmp_cond_elim_48_122L0_122L0=0;
  int __s_pac67_123L0_123L0=6;
  __s_tmp_cond_elim_48_122L0_122L0 = null;
  int __s_pac68_123L1_123L1=6;
  __s_Queue_prevHead_16_108L8_108L8[6] = __s_tmp_cond_elim_48_122L0_122L0;
  int __s_tmp_cond_elim_48_124L0_124L0=0;
  int __s_pac67_125L0_125L0=7;
  __s_tmp_cond_elim_48_124L0_124L0 = null;
  int __s_pac68_125L1_125L1=7;
  __s_Queue_prevHead_16_108L8_108L8[7] = __s_tmp_cond_elim_48_124L0_124L0;
  int __s_tmp_cond_elim_48_126L0_126L0=0;
  int __s_pac67_127L0_127L0=8;
  __s_tmp_cond_elim_48_126L0_126L0 = null;
  int __s_pac68_127L1_127L1=8;
  __s_Queue_prevHead_16_108L8_108L8[8] = __s_tmp_cond_elim_48_126L0_126L0;
  int __s_tmp_cond_elim_48_128L0_128L0=0;
  int __s_pac67_129L0_129L0=9;
  __s_tmp_cond_elim_48_128L0_128L0 = null;
  int __s_pac68_129L1_129L1=9;
  __s_Queue_prevHead_16_108L8_108L8[9] = __s_tmp_cond_elim_48_128L0_128L0;
  int __s_tmp_cond_elim_49_131L0_131L0=0;
  int __s_pac69_132L0_132L0=0;
  __s_tmp_cond_elim_49_131L0_131L0 = null;
  int __s_pac70_132L1_132L1=0;
  __s_Queue_tail_15_108L9_108L9[0] = __s_tmp_cond_elim_49_131L0_131L0;
  int __s_tmp_cond_elim_49_133L0_133L0=0;
  int __s_pac69_134L0_134L0=1;
  __s_tmp_cond_elim_49_133L0_133L0 = null;
  int __s_pac70_134L1_134L1=1;
  __s_Queue_tail_15_108L9_108L9[1] = __s_tmp_cond_elim_49_133L0_133L0;
  int __s_tmp_cond_elim_49_135L0_135L0=0;
  int __s_pac69_136L0_136L0=2;
  __s_tmp_cond_elim_49_135L0_135L0 = null;
  int __s_pac70_136L1_136L1=2;
  __s_Queue_tail_15_108L9_108L9[2] = __s_tmp_cond_elim_49_135L0_135L0;
  int __s_tmp_cond_elim_49_137L0_137L0=0;
  int __s_pac69_138L0_138L0=3;
  __s_tmp_cond_elim_49_137L0_137L0 = null;
  int __s_pac70_138L1_138L1=3;
  __s_Queue_tail_15_108L9_108L9[3] = __s_tmp_cond_elim_49_137L0_137L0;
  int __s_tmp_cond_elim_49_139L0_139L0=0;
  int __s_pac69_140L0_140L0=4;
  __s_tmp_cond_elim_49_139L0_139L0 = null;
  int __s_pac70_140L1_140L1=4;
  __s_Queue_tail_15_108L9_108L9[4] = __s_tmp_cond_elim_49_139L0_139L0;
  int __s_tmp_cond_elim_49_141L0_141L0=0;
  int __s_pac69_142L0_142L0=5;
  __s_tmp_cond_elim_49_141L0_141L0 = null;
  int __s_pac70_142L1_142L1=5;
  __s_Queue_tail_15_108L9_108L9[5] = __s_tmp_cond_elim_49_141L0_141L0;
  int __s_tmp_cond_elim_49_143L0_143L0=0;
  int __s_pac69_144L0_144L0=6;
  __s_tmp_cond_elim_49_143L0_143L0 = null;
  int __s_pac70_144L1_144L1=6;
  __s_Queue_tail_15_108L9_108L9[6] = __s_tmp_cond_elim_49_143L0_143L0;
  int __s_tmp_cond_elim_49_145L0_145L0=0;
  int __s_pac69_146L0_146L0=7;
  __s_tmp_cond_elim_49_145L0_145L0 = null;
  int __s_pac70_146L1_146L1=7;
  __s_Queue_tail_15_108L9_108L9[7] = __s_tmp_cond_elim_49_145L0_145L0;
  int __s_tmp_cond_elim_49_147L0_147L0=0;
  int __s_pac69_148L0_148L0=8;
  __s_tmp_cond_elim_49_147L0_147L0 = null;
  int __s_pac70_148L1_148L1=8;
  __s_Queue_tail_15_108L9_108L9[8] = __s_tmp_cond_elim_49_147L0_147L0;
  int __s_tmp_cond_elim_49_149L0_149L0=0;
  int __s_pac69_150L0_150L0=9;
  __s_tmp_cond_elim_49_149L0_149L0 = null;
  int __s_pac70_150L1_150L1=9;
  __s_Queue_tail_15_108L9_108L9[9] = __s_tmp_cond_elim_49_149L0_149L0;
  _out_1L0_1L0_1L0_1L0 = 0;
  bit _has_out__3L0_3L0_151L0_151L0=0;
  int q_4L1_4L1_152L1_152L1=0;
  int _ret_0_4L2_4L2_152L2_152L2=0;
  int _out_106L1_7L0_154L0_154L0=0;
  bit _has_out__108L0_8L0_155L0_155L0=0;
  int q_108L1_8L1_155L1_155L1=0;
  int __s_tmp_new_Queue_4_8L2_155L2_155L2=0;
  atomic
  {
    __s_tmp_new_Queue_4_8L2_155L2_155L2 = 0;
    __s_Queue_nextInstance_14_108L7_108L7 = 1;
  }
  q_108L1_8L1_155L1_155L1 = 0;
  int _ret_0_108L2_9L3_156L3_156L3=null;
  int _ret_1_108L3_9L4_156L4_156L4=null;
  int _ret_2_108L4_9L5_156L5_156L5=0;
  int obj_240L6_12L0_158L0_158L0=_ret_0_108L2_9L3_156L3_156L3;
  int next_240L6_12L1_158L1_158L1=_ret_1_108L3_9L4_156L4_156L4;
  bit taken_240L7_12L2_158L2_158L2=1;
  int _out_240L8_12L3_158L3_158L3=0;
  bit _has_out__242L0_13L0_159L0_159L0=0;
  int n_242L1_13L1_159L1_159L1=0;
  int __s_tmp_new_Node_6_13L2_159L2_159L2=0;
  atomic
  {
    __s_tmp_new_Node_6_13L2_159L2_159L2 = 0;
  }
  n_242L1_13L1_159L1_159L1 = 0;
  int __s_pac71_161L0_161L0=0;
  __s_Node_obj_8_3L1_3L1[0] = _ret_0_108L2_9L3_156L3_156L3;
  int __s_pac72_162L0_162L0=0;
  __s_Node_next_9_3L2_3L2[0] = _ret_1_108L3_9L4_156L4_156L4;
  int __s_pac73_163L0_163L0=0;
  __s_Node_taken_10_3L3_3L3[0] = 1;
  _out_240L8_12L3_158L3_158L3 = 0;
  _has_out__242L0_13L0_159L0_159L0 = 1;
  _ret_2_108L4_9L5_156L5_156L5 = 0;
  int __s_pac74_165L0_165L0=0;
  __s_Queue_prevHead_16_108L8_108L8[0] = 0;
  int __s_pac75_166L0_166L0=0;
  int __s_pac76_166L1_166L1=0;
  __s_Queue_tail_15_108L9_108L9[0] = __s_Queue_prevHead_16_108L8_108L8[0];
  _out_106L1_7L0_154L0_154L0 = 0;
  _has_out__108L0_8L0_155L0_155L0 = 1;
  _ret_0_4L2_4L2_152L2_152L2 = 0;
  q_4L1_4L1_152L1_152L1 = 0;
  int dqCount_5L3_21L3_167L3_167L3=0;
  int _ret_1_5L4_21L4_167L4_167L4=0;
  int tid_112L1_24L0_169L0_169L0=3;
  int id_112L2_24L1_169L1_169L1=2;
  int _out_112L3_24L2_169L2_169L2=0;
  bit _has_out__114L0_25L0_170L0_170L0=0;
  int it_114L1_25L1_170L1_170L1=0;
  int __s_tmp_new_Item_5_25L2_170L2_170L2=0;
  atomic
  {
    __s_tmp_new_Item_5_25L2_170L2_170L2 = 0;
    __s_Item_nextInstance_11_66L4_66L4 = 1;
  }
  it_114L1_25L1_170L1_170L1 = 0;
  int __s_pac77_172L0_172L0=0;
  __s_Item_tid_12_66L5_66L5[0] = 3;
  int __s_pac78_173L0_173L0=0;
  __s_Item_id_13_66L6_66L6[0] = 2;
  _out_112L3_24L2_169L2_169L2 = 0;
  _has_out__114L0_25L0_170L0_170L0 = 1;
  _ret_1_5L4_21L4_167L4_167L4 = 0;
  int q_117L3_32L0_176L0_176L0=0;
  int obj_117L4_32L1_176L1_176L1=0;
  bit _has_out__119L0_33L0_177L0_177L0=0;
  int n_119L1_33L1_177L1_177L1=0;
  int _ret_0_119L2_33L2_177L2_177L2=null;
  int _ret_1_119L3_33L3_177L3_177L3=0;
  int obj_240L6_36L0_179L0_179L0=0;
  int next_240L6_36L1_179L1_179L1=_ret_0_119L2_33L2_177L2_177L2;
  bit taken_240L7_36L2_179L2_179L2=0;
  int _out_240L8_36L3_179L3_179L3=0;
  bit _has_out__242L0_37L0_180L0_180L0=0;
  int n_242L1_37L1_180L1_180L1=0;
  int __s_tmp_new_Node_6_37L2_180L2_180L2=0;
  atomic
  {
    __s_tmp_new_Node_6_37L2_180L2_180L2 = 1;
    __s_Node_nextInstance_7_3L0_3L0 = 2;
  }
  n_242L1_37L1_180L1_180L1 = 1;
  int __s_pac79_182L0_182L0=1;
  __s_Node_obj_8_3L1_3L1[1] = 0;
  int __s_pac80_183L0_183L0=1;
  __s_Node_next_9_3L2_3L2[1] = _ret_0_119L2_33L2_177L2_177L2;
  int __s_pac81_184L0_184L0=1;
  __s_Node_taken_10_3L3_3L3[1] = 0;
  _out_240L8_36L3_179L3_179L3 = 1;
  _has_out__242L0_37L0_180L0_180L0 = 1;
  _ret_1_119L3_33L3_177L3_177L3 = 1;
  n_119L1_33L1_177L1_177L1 = 1;
  int oldTail_120L4_42L4_185L4_185L4=0;
  atomic
  {
    oldTail_120L4_42L4_185L4_185L4 = 0;
    __s_Queue_tail_15_108L9_108L9[0] = 1;
  }
  int __s_pac85_193L0_191L0=0;
  __s_Node_next_9_3L2_3L2[0] = 1;
  int x_7L5_50L5_193L5_191L5=0;
  int _ret_2_7L6_50L6_193L6_191L6=0;
  int q_128L5_53L0_195L0_193L0=0;
  int _out_128L5_53L1_195L1_193L1=null;
  bit _has_out__130L0_54L0_196L0_194L0=0;
  int tmp_130L1_54L1_196L1_194L1=null;
  bit wasTaken_130L2_54L2_196L2_194L2=1;
  bit done_130L3_54L3_196L3_194L3=0;
  for(int i_132L0_56L0_198L0_196L0=0;(i_132L0_56L0_198L0_196L0)<(3);i_132L0_56L0_198L0_196L0 = (i_132L0_56L0_198L0_196L0)+(1))
  {
    if(!(done_130L3_54L3_196L3_194L3))
    {
      int __s_pac86_236L1_234L1=__s_Queue_prevHead_16_108L8_108L8[0];
      tmp_130L1_54L1_196L1_194L1 = __s_Node_next_9_3L2_3L2[__s_pac86_236L1_234L1];
      if((null)==(tmp_130L1_54L1_196L1_194L1))
      {
        done_130L3_54L3_196L3_194L3 = 1;
        if((_has_out__130L0_54L0_196L0_194L0)==(0))
        {
          _out_128L5_53L1_195L1_193L1 = null;
          _has_out__130L0_54L0_196L0_194L0 = 1;
        }
      }
      if(!(done_130L3_54L3_196L3_194L3))
      {
        if((_has_out__130L0_54L0_196L0_194L0)==(0))
        {
          __s_Queue_prevHead_16_108L8_108L8[0] = tmp_130L1_54L1_196L1_194L1;
        }
        if((0)==(__s_Node_taken_10_3L3_3L3[tmp_130L1_54L1_196L1_194L1]))
        {
          atomic
          {
            wasTaken_130L2_54L2_196L2_194L2 = __s_Node_taken_10_3L3_3L3[tmp_130L1_54L1_196L1_194L1];
            if((_has_out__130L0_54L0_196L0_194L0)==(0))
            {
              __s_Node_taken_10_3L3_3L3[tmp_130L1_54L1_196L1_194L1] = 1;
            }
          }
          if((0)==(wasTaken_130L2_54L2_196L2_194L2))
          {
            done_130L3_54L3_196L3_194L3 = 1;
            if((_has_out__130L0_54L0_196L0_194L0)==(0))
            {
              _out_128L5_53L1_195L1_193L1 = __s_Node_obj_8_3L1_3L1[tmp_130L1_54L1_196L1_194L1];
              _has_out__130L0_54L0_196L0_194L0 = 1;
            }
          }
        }
      }
    }
  }
  _ret_2_7L6_50L6_193L6_191L6 = _out_128L5_53L1_195L1_193L1;
  x_7L5_50L5_193L5_191L5 = _out_128L5_53L1_195L1_193L1;
  bit __s_atomize_sc1_9L0_109L0_251L0_249L0=(_out_128L5_53L1_195L1_193L1)!=(null);
  if(__s_atomize_sc1_9L0_109L0_251L0_249L0)
  {
    __s_atomize_sc1_9L0_109L0_251L0_249L0 = (__s_Item_tid_12_66L5_66L5[_out_128L5_53L1_195L1_193L1])==(3);
  }
  bit __s_atomize_sc2_10L1_110L1_252L1_250L1=__s_atomize_sc1_9L0_109L0_251L0_249L0;
  if(__s_atomize_sc1_9L0_109L0_251L0_249L0)
  {
    __s_atomize_sc2_10L1_110L1_252L1_250L1 = (__s_Item_id_13_66L6_66L6[_out_128L5_53L1_195L1_193L1])==(2);
  }
  fork(int i_14L0_114L0_256L0_254L0; 2)
  {
    if(((i_14L0_114L0_256L0_254L0)%(2))==(0))
    {
      for(int j_20L0_120L0_262L0_261L0=0;(j_20L0_120L0_262L0_261L0)<(1);j_20L0_120L0_262L0_261L0 = (j_20L0_120L0_262L0_261L0)+(1))
      {
        int _ret_3_33L0_187L0_323L0_318L0=(j_20L0_120L0_262L0_261L0)+(1);
        int __s_tmp_new_Item_5_191L2_326L2_321L2=0;
        atomic
        {
          __s_tmp_new_Item_5_191L2_326L2_321L2 = __s_Item_nextInstance_11_66L4_66L4;
          __s_Item_nextInstance_11_66L4_66L4 = (__s_Item_nextInstance_11_66L4_66L4)+(1);
        }
        __s_Item_tid_12_66L5_66L5[__s_tmp_new_Item_5_191L2_326L2_321L2] = i_14L0_114L0_256L0_254L0;
        __s_Item_id_13_66L6_66L6[__s_tmp_new_Item_5_191L2_326L2_321L2] = _ret_3_33L0_187L0_323L0_318L0;
        int _ret_0_119L2_199L2_333L2_328L2=null;
        int __s_tmp_new_Node_6_203L2_336L2_331L2=0;
        atomic
        {
          __s_tmp_new_Node_6_203L2_336L2_331L2 = __s_Node_nextInstance_7_3L0_3L0;
          __s_Node_nextInstance_7_3L0_3L0 = (__s_Node_nextInstance_7_3L0_3L0)+(1);
        }
        __s_Node_obj_8_3L1_3L1[__s_tmp_new_Node_6_203L2_336L2_331L2] = __s_tmp_new_Item_5_191L2_326L2_321L2;
        __s_Node_next_9_3L2_3L2[__s_tmp_new_Node_6_203L2_336L2_331L2] = _ret_0_119L2_199L2_333L2_328L2;
        __s_Node_taken_10_3L3_3L3[__s_tmp_new_Node_6_203L2_336L2_331L2] = 0;
        int oldTail_120L4_208L4_341L4_336L4=0;
        atomic
        {
          int __s_tmp_cond_elim_0_122L0_210L0_343L0_338L0=__s_Queue_tail_15_108L9_108L9[0];
          oldTail_120L4_208L4_341L4_336L4 = __s_tmp_cond_elim_0_122L0_210L0_343L0_338L0;
          __s_Queue_tail_15_108L9_108L9[0] = __s_tmp_new_Node_6_203L2_336L2_331L2;
        }
        __s_Node_next_9_3L2_3L2[oldTail_120L4_208L4_341L4_336L4] = __s_tmp_new_Node_6_203L2_336L2_331L2;
      }
    }
    else
    {
      int[2] lastId_37L0_218L0_351L0_344L0={0,0};
      lastId_37L0_218L0_351L0_344L0[0] = 0;
      lastId_37L0_218L0_351L0_344L0[1] = 0;
      for(int j_39L0_220L0_356L0_349L0=0;(j_39L0_220L0_356L0_349L0)<(1);j_39L0_220L0_356L0_349L0 = (j_39L0_220L0_356L0_349L0)+(1))
      {
        int _out_128L5_358L1_491L1_484L1=null;
        bit _has_out__130L0_359L0_492L0_485L0=0;
        int tmp_130L1_359L1_492L1_485L1=0;
        bit wasTaken_130L2_359L2_492L2_485L2=0;
        bit done_130L3_359L3_492L3_485L3=0;
        for(int i_132L0_361L0_494L0_487L0=0;(i_132L0_361L0_494L0_487L0)<(3);i_132L0_361L0_494L0_487L0 = (i_132L0_361L0_494L0_487L0)+(1))
        {
          if(!(done_130L3_359L3_492L3_485L3))
          {
            int __s_pac105_532L1_525L1=__s_Queue_prevHead_16_108L8_108L8[0];
            tmp_130L1_359L1_492L1_485L1 = __s_Node_next_9_3L2_3L2[__s_pac105_532L1_525L1];
            if((null)==(tmp_130L1_359L1_492L1_485L1))
            {
              done_130L3_359L3_492L3_485L3 = 1;
              if((_has_out__130L0_359L0_492L0_485L0)==(0))
              {
                _out_128L5_358L1_491L1_484L1 = null;
                _has_out__130L0_359L0_492L0_485L0 = 1;
              }
            }
            if(!(done_130L3_359L3_492L3_485L3))
            {
              if((_has_out__130L0_359L0_492L0_485L0)==(0))
              {
                __s_Queue_prevHead_16_108L8_108L8[0] = tmp_130L1_359L1_492L1_485L1;
              }
              if((0)==(__s_Node_taken_10_3L3_3L3[tmp_130L1_359L1_492L1_485L1]))
              {
                atomic
                {
                  wasTaken_130L2_359L2_492L2_485L2 = __s_Node_taken_10_3L3_3L3[tmp_130L1_359L1_492L1_485L1];
                  if((_has_out__130L0_359L0_492L0_485L0)==(0))
                  {
                    __s_Node_taken_10_3L3_3L3[tmp_130L1_359L1_492L1_485L1] = 1;
                  }
                }
                if((0)==(wasTaken_130L2_359L2_492L2_485L2))
                {
                  done_130L3_359L3_492L3_485L3 = 1;
                  if((_has_out__130L0_359L0_492L0_485L0)==(0))
                  {
                    _out_128L5_358L1_491L1_484L1 = __s_Node_obj_8_3L1_3L1[tmp_130L1_359L1_492L1_485L1];
                    _has_out__130L0_359L0_492L0_485L0 = 1;
                  }
                }
              }
            }
          }
        }
        if((_out_128L5_358L1_491L1_484L1)!=(null))
        {
          int __s_pac115_549L1_542L1=__s_Item_tid_12_66L5_66L5[_out_128L5_358L1_491L1_484L1];
          lastId_37L0_218L0_351L0_344L0[__s_pac115_549L1_542L1] = __s_Item_id_13_66L6_66L6[_out_128L5_358L1_491L1_484L1];
          atomic
          {
            dqCount_5L3_21L3_167L3_167L3 = (dqCount_5L3_21L3_167L3_167L3)+(1);
          }
        }
      }
    }
  }
  int[2] lastId_68L8_477L8_609L8_602L8={0,0};
  lastId_68L8_477L8_609L8_602L8[0] = 0;
  lastId_68L8_477L8_609L8_602L8[1] = 0;
  bit done_68L9_477L9_612L9_605L9=0;
  for(int i_70L0_479L0_614L0_607L0=0;(i_70L0_479L0_614L0_607L0)<(3);i_70L0_479L0_614L0_607L0 = (i_70L0_479L0_614L0_607L0)+(1))
  {
    if(!(done_68L9_477L9_612L9_605L9))
    {
      int _out_128L5_620L1_752L1_745L1=null;
      bit _has_out__130L0_621L0_753L0_746L0=0;
      int tmp_130L1_621L1_753L1_746L1=0;
      bit wasTaken_130L2_621L2_753L2_746L2=0;
      bit done_130L3_621L3_753L3_746L3=0;
      for(int i_132L0_623L0_755L0_748L0=0;(i_132L0_623L0_755L0_748L0)<(3);i_132L0_623L0_755L0_748L0 = (i_132L0_623L0_755L0_748L0)+(1))
      {
        if(!(done_130L3_621L3_753L3_746L3))
        {
          int __s_pac134_793L1_786L1=__s_Queue_prevHead_16_108L8_108L8[0];
          tmp_130L1_621L1_753L1_746L1 = __s_Node_next_9_3L2_3L2[__s_pac134_793L1_786L1];
          if((null)==(tmp_130L1_621L1_753L1_746L1))
          {
            done_130L3_621L3_753L3_746L3 = 1;
            if((_has_out__130L0_621L0_753L0_746L0)==(0))
            {
              _out_128L5_620L1_752L1_745L1 = null;
              _has_out__130L0_621L0_753L0_746L0 = 1;
            }
          }
          if(!(done_130L3_621L3_753L3_746L3))
          {
            if((_has_out__130L0_621L0_753L0_746L0)==(0))
            {
              __s_Queue_prevHead_16_108L8_108L8[0] = tmp_130L1_621L1_753L1_746L1;
            }
            if((0)==(__s_Node_taken_10_3L3_3L3[tmp_130L1_621L1_753L1_746L1]))
            {
              atomic
              {
                wasTaken_130L2_621L2_753L2_746L2 = __s_Node_taken_10_3L3_3L3[tmp_130L1_621L1_753L1_746L1];
                if((_has_out__130L0_621L0_753L0_746L0)==(0))
                {
                  __s_Node_taken_10_3L3_3L3[tmp_130L1_621L1_753L1_746L1] = 1;
                }
              }
              if((0)==(wasTaken_130L2_621L2_753L2_746L2))
              {
                done_130L3_621L3_753L3_746L3 = 1;
                if((_has_out__130L0_621L0_753L0_746L0)==(0))
                {
                  _out_128L5_620L1_752L1_745L1 = __s_Node_obj_8_3L1_3L1[tmp_130L1_621L1_753L1_746L1];
                  _has_out__130L0_621L0_753L0_746L0 = 1;
                }
              }
            }
          }
        }
      }
      if((_out_128L5_620L1_752L1_745L1)==(null))
      {
        done_68L9_477L9_612L9_605L9 = 1;
      }
      else
      {
        int __s_pac144_812L1_805L1=__s_Item_tid_12_66L5_66L5[_out_128L5_620L1_752L1_745L1];
        lastId_68L8_477L8_609L8_602L8[__s_pac144_812L1_805L1] = __s_Item_id_13_66L6_66L6[_out_128L5_620L1_752L1_745L1];
      }
    }
  }
  _out_1L0_1L0_1L0_1L0 = 1;
}
void T([!bit _out_103L1_683L1_815L1_808L1])
{
  int[10] __s_Node_obj_18_817L1_810L1={0,0,0,0,0,0,0,0,0,0}; int[10] __s_Node_next_19_817L2_810L2={0,0,0,0,0,0,0,0,0,0}; bit[10] __s_Node_taken_20_817L3_810L3={0,0,0,0,0,0,0,0,0,0};
  int __s_tmp_cond_elim_50_819L0_812L0=null;
  __s_Node_obj_18_817L1_810L1[0] = __s_tmp_cond_elim_50_819L0_812L0;
  int __s_tmp_cond_elim_50_821L0_814L0=null;
  __s_Node_obj_18_817L1_810L1[1] = __s_tmp_cond_elim_50_821L0_814L0;
  int __s_tmp_cond_elim_50_823L0_816L0=null;
  __s_Node_obj_18_817L1_810L1[2] = __s_tmp_cond_elim_50_823L0_816L0;
  int __s_tmp_cond_elim_50_825L0_818L0=null;
  __s_Node_obj_18_817L1_810L1[3] = __s_tmp_cond_elim_50_825L0_818L0;
  int __s_tmp_cond_elim_50_827L0_820L0=null;
  __s_Node_obj_18_817L1_810L1[4] = __s_tmp_cond_elim_50_827L0_820L0;
  int __s_tmp_cond_elim_50_829L0_822L0=null;
  __s_Node_obj_18_817L1_810L1[5] = __s_tmp_cond_elim_50_829L0_822L0;
  int __s_tmp_cond_elim_50_831L0_824L0=null;
  __s_Node_obj_18_817L1_810L1[6] = __s_tmp_cond_elim_50_831L0_824L0;
  int __s_tmp_cond_elim_50_833L0_826L0=null;
  __s_Node_obj_18_817L1_810L1[7] = __s_tmp_cond_elim_50_833L0_826L0;
  int __s_tmp_cond_elim_50_835L0_828L0=null;
  __s_Node_obj_18_817L1_810L1[8] = __s_tmp_cond_elim_50_835L0_828L0;
  int __s_tmp_cond_elim_50_837L0_830L0=null;
  __s_Node_obj_18_817L1_810L1[9] = __s_tmp_cond_elim_50_837L0_830L0;
  int __s_tmp_cond_elim_51_840L0_833L0=null;
  __s_Node_next_19_817L2_810L2[0] = __s_tmp_cond_elim_51_840L0_833L0;
  int __s_tmp_cond_elim_51_842L0_835L0=null;
  __s_Node_next_19_817L2_810L2[1] = __s_tmp_cond_elim_51_842L0_835L0;
  int __s_tmp_cond_elim_51_844L0_837L0=null;
  __s_Node_next_19_817L2_810L2[2] = __s_tmp_cond_elim_51_844L0_837L0;
  int __s_tmp_cond_elim_51_846L0_839L0=null;
  __s_Node_next_19_817L2_810L2[3] = __s_tmp_cond_elim_51_846L0_839L0;
  int __s_tmp_cond_elim_51_848L0_841L0=null;
  __s_Node_next_19_817L2_810L2[4] = __s_tmp_cond_elim_51_848L0_841L0;
  int __s_tmp_cond_elim_51_850L0_843L0=null;
  __s_Node_next_19_817L2_810L2[5] = __s_tmp_cond_elim_51_850L0_843L0;
  int __s_tmp_cond_elim_51_852L0_845L0=null;
  __s_Node_next_19_817L2_810L2[6] = __s_tmp_cond_elim_51_852L0_845L0;
  int __s_tmp_cond_elim_51_854L0_847L0=null;
  __s_Node_next_19_817L2_810L2[7] = __s_tmp_cond_elim_51_854L0_847L0;
  int __s_tmp_cond_elim_51_856L0_849L0=null;
  __s_Node_next_19_817L2_810L2[8] = __s_tmp_cond_elim_51_856L0_849L0;
  int __s_tmp_cond_elim_51_858L0_851L0=null;
  __s_Node_next_19_817L2_810L2[9] = __s_tmp_cond_elim_51_858L0_851L0;
  __s_Node_taken_20_817L3_810L3[0] = 0;
  __s_Node_taken_20_817L3_810L3[1] = 0;
  __s_Node_taken_20_817L3_810L3[2] = 0;
  __s_Node_taken_20_817L3_810L3[3] = 0;
  __s_Node_taken_20_817L3_810L3[4] = 0;
  __s_Node_taken_20_817L3_810L3[5] = 0;
  __s_Node_taken_20_817L3_810L3[6] = 0;
  __s_Node_taken_20_817L3_810L3[7] = 0;
  __s_Node_taken_20_817L3_810L3[8] = 0;
  __s_Node_taken_20_817L3_810L3[9] = 0;
  int[10] __s_Item_tid_22_880L5_873L5={0,0,0,0,0,0,0,0,0,0}; int[10] __s_Item_id_23_880L6_873L6={0,0,0,0,0,0,0,0,0,0};
  __s_Item_tid_22_880L5_873L5[0] = 0;
  __s_Item_tid_22_880L5_873L5[1] = 0;
  __s_Item_tid_22_880L5_873L5[2] = 0;
  __s_Item_tid_22_880L5_873L5[3] = 0;
  __s_Item_tid_22_880L5_873L5[4] = 0;
  __s_Item_tid_22_880L5_873L5[5] = 0;
  __s_Item_tid_22_880L5_873L5[6] = 0;
  __s_Item_tid_22_880L5_873L5[7] = 0;
  __s_Item_tid_22_880L5_873L5[8] = 0;
  __s_Item_tid_22_880L5_873L5[9] = 0;
  __s_Item_id_23_880L6_873L6[0] = 0;
  __s_Item_id_23_880L6_873L6[1] = 0;
  __s_Item_id_23_880L6_873L6[2] = 0;
  __s_Item_id_23_880L6_873L6[3] = 0;
  __s_Item_id_23_880L6_873L6[4] = 0;
  __s_Item_id_23_880L6_873L6[5] = 0;
  __s_Item_id_23_880L6_873L6[6] = 0;
  __s_Item_id_23_880L6_873L6[7] = 0;
  __s_Item_id_23_880L6_873L6[8] = 0;
  __s_Item_id_23_880L6_873L6[9] = 0;
  int[10] __s_Queue_prevHead_26_922L8_915L8={0,0,0,0,0,0,0,0,0,0}; int[10] __s_Queue_tail_25_922L9_915L9={0,0,0,0,0,0,0,0,0,0};
  int __s_tmp_cond_elim_55_924L0_917L0=null;
  __s_Queue_prevHead_26_922L8_915L8[0] = __s_tmp_cond_elim_55_924L0_917L0;
  int __s_tmp_cond_elim_55_926L0_919L0=null;
  __s_Queue_prevHead_26_922L8_915L8[1] = __s_tmp_cond_elim_55_926L0_919L0;
  int __s_tmp_cond_elim_55_928L0_921L0=null;
  __s_Queue_prevHead_26_922L8_915L8[2] = __s_tmp_cond_elim_55_928L0_921L0;
  int __s_tmp_cond_elim_55_930L0_923L0=null;
  __s_Queue_prevHead_26_922L8_915L8[3] = __s_tmp_cond_elim_55_930L0_923L0;
  int __s_tmp_cond_elim_55_932L0_925L0=null;
  __s_Queue_prevHead_26_922L8_915L8[4] = __s_tmp_cond_elim_55_932L0_925L0;
  int __s_tmp_cond_elim_55_934L0_927L0=null;
  __s_Queue_prevHead_26_922L8_915L8[5] = __s_tmp_cond_elim_55_934L0_927L0;
  int __s_tmp_cond_elim_55_936L0_929L0=null;
  __s_Queue_prevHead_26_922L8_915L8[6] = __s_tmp_cond_elim_55_936L0_929L0;
  int __s_tmp_cond_elim_55_938L0_931L0=null;
  __s_Queue_prevHead_26_922L8_915L8[7] = __s_tmp_cond_elim_55_938L0_931L0;
  int __s_tmp_cond_elim_55_940L0_933L0=null;
  __s_Queue_prevHead_26_922L8_915L8[8] = __s_tmp_cond_elim_55_940L0_933L0;
  int __s_tmp_cond_elim_55_942L0_935L0=null;
  __s_Queue_prevHead_26_922L8_915L8[9] = __s_tmp_cond_elim_55_942L0_935L0;
  int __s_tmp_cond_elim_56_945L0_938L0=null;
  __s_Queue_tail_25_922L9_915L9[0] = __s_tmp_cond_elim_56_945L0_938L0;
  int __s_tmp_cond_elim_56_947L0_940L0=null;
  __s_Queue_tail_25_922L9_915L9[1] = __s_tmp_cond_elim_56_947L0_940L0;
  int __s_tmp_cond_elim_56_949L0_942L0=null;
  __s_Queue_tail_25_922L9_915L9[2] = __s_tmp_cond_elim_56_949L0_942L0;
  int __s_tmp_cond_elim_56_951L0_944L0=null;
  __s_Queue_tail_25_922L9_915L9[3] = __s_tmp_cond_elim_56_951L0_944L0;
  int __s_tmp_cond_elim_56_953L0_946L0=null;
  __s_Queue_tail_25_922L9_915L9[4] = __s_tmp_cond_elim_56_953L0_946L0;
  int __s_tmp_cond_elim_56_955L0_948L0=null;
  __s_Queue_tail_25_922L9_915L9[5] = __s_tmp_cond_elim_56_955L0_948L0;
  int __s_tmp_cond_elim_56_957L0_950L0=null;
  __s_Queue_tail_25_922L9_915L9[6] = __s_tmp_cond_elim_56_957L0_950L0;
  int __s_tmp_cond_elim_56_959L0_952L0=null;
  __s_Queue_tail_25_922L9_915L9[7] = __s_tmp_cond_elim_56_959L0_952L0;
  int __s_tmp_cond_elim_56_961L0_954L0=null;
  __s_Queue_tail_25_922L9_915L9[8] = __s_tmp_cond_elim_56_961L0_954L0;
  int __s_tmp_cond_elim_56_963L0_956L0=null;
  __s_Queue_tail_25_922L9_915L9[9] = __s_tmp_cond_elim_56_963L0_956L0;
  _out_103L1_683L1_815L1_808L1 = 1;
}

===== Compilation statistics =====
  Solved? -----------------------------> true
  Number of iterations ----------------> 1
  Maximum memory usage (MiB) ----------> 54.789062
  Total elapsed time (s) --------------> 7.787
    % frontend ............ 27.725697
    % verification ........ 71.76063
    % synthesis ........... 0.51367664
  Total solution time (s) -------------> 0.036
    % verification ........ 77.77778
    % synthesis ........... 22.222221

  Synthesizer statistics:  
    [solver stats]
    Number of calls -------------------> 1
    Total elapsed time (s) ------------> 0.04
    Total model building time (s) -----> 0.026
    Total solution time (s) -----------> 0.0080
    Maximum memory usage (MiB) --------> 13.5390625
    Average elapsed time (s) ----------> 0.04
    Average model building time (s) ---> 0.026
    Average solution time (s) ---------> 0.0080
    Average memory usage (MiB) --------> 13.5390625

  Verifier statistics:     
    [solver stats]
    Number of calls -------------------> 2
    Total elapsed time (s) ------------> 5.588
    Total model building time (s) -----> 5.56
    Total solution time (s) -----------> 0.028
    Maximum memory usage (MiB) --------> 5.125
    Average elapsed time (s) ----------> 2.794
    Average model building time (s) ---> 2.78
    Average solution time (s) ---------> 0.014
    Average memory usage (MiB) --------> 5.125

  Frontend statistics:     
    Total elapsed time (s) ------------> 2.159
    Max memory usage (MiB) ------------> 41.25

[PSKETCH] DONE!
