Iteration 0
[SPINVERIF][2] Stats for last run:
      [solution stats]
      successful? ---------------------> false
      elapsed time (s) ----------------> 58.365
      model building time (s) ---------> 58.336
      solution time (s) ---------------> 0.029
      max memory usage (MiB) ----------> 9.812
      [SPIN-specific stats]
      codegen time (s) ----------------> 25.71
      codegen memory (MiB) ------------> 0.0
      compiler time (s) ---------------> 32.626
      compiler memory (MiB) -----------> 0.0
      total SPIN time (s) -------------> 0.029
      total SPIN mem (MiB) ------------> 9.812
      actual state mem (MiB) ----------> 0.0
      equiv state mem (MiB) -----------> 0.0
      state compression (%) -----------> 0.0
      # states explored ---------------> 330
      state exploration rate (states/s)> 0

[SATBackend] Stats for last run:
      [solution stats]
      successful? ---------------------> true
      elapsed time (s) ----------------> 2.441
      model building time (s) ---------> 1.369
      solution time (s) ---------------> 1.066
      max memory usage (MiB) ----------> 31.933594
      [SAT-specific solution stats]
      initial number of nodes ---------> 43088
      number of nodes after opts ------> 6439
      number of controls --------------> 68
      total number of control bits ----> 92

Iteration 1
[SPINVERIF][2] Stats for last run:
      [solution stats]
      successful? ---------------------> true
      elapsed time (s) ----------------> 59.698
      model building time (s) ---------> 59.059
      solution time (s) ---------------> 0.639
      max memory usage (MiB) ----------> 22.312
      [SPIN-specific stats]
      codegen time (s) ----------------> 26.282
      codegen memory (MiB) ------------> 0.0
      compiler time (s) ---------------> 32.777
      compiler memory (MiB) -----------> 0.0
      total SPIN time (s) -------------> 0.639
      total SPIN mem (MiB) ------------> 22.312
      actual state mem (MiB) ----------> 0.37599945
      equiv state mem (MiB) -----------> 54.294
      state compression (%) -----------> 0.6925249
      # states explored ---------------> 6926
      state exploration rate (states/s)> 0

void main([!bit _out_1L0_1L0_1L0_1L0]) implements T
{
  int[10] _lock_3L0_3L0=0;
  int __s_Node_nextInstance_11_4L0_4L0=0; int[10] __s_Node_key_12_4L1_4L1={0,0,0,0,0,0,0,0,0,0}; int[10] __s_Node_next_13_4L2_4L2={0,0,0,0,0,0,0,0,0,0};
  bit __s_tmp_cond_elim_53_6L0_6L0=0;
  int __s_pac61_7L0_7L0=0;
  __s_tmp_cond_elim_53_6L0_6L0 = 0;
  int __s_pac62_7L1_7L1=0;
  __s_Node_key_12_4L1_4L1[0] = 0;
  bit __s_tmp_cond_elim_53_8L0_8L0=0;
  int __s_pac61_9L0_9L0=1;
  __s_tmp_cond_elim_53_8L0_8L0 = 0;
  int __s_pac62_9L1_9L1=1;
  __s_Node_key_12_4L1_4L1[1] = 0;
  bit __s_tmp_cond_elim_53_10L0_10L0=0;
  int __s_pac61_11L0_11L0=2;
  __s_tmp_cond_elim_53_10L0_10L0 = 0;
  int __s_pac62_11L1_11L1=2;
  __s_Node_key_12_4L1_4L1[2] = 0;
  bit __s_tmp_cond_elim_53_12L0_12L0=0;
  int __s_pac61_13L0_13L0=3;
  __s_tmp_cond_elim_53_12L0_12L0 = 0;
  int __s_pac62_13L1_13L1=3;
  __s_Node_key_12_4L1_4L1[3] = 0;
  bit __s_tmp_cond_elim_53_14L0_14L0=0;
  int __s_pac61_15L0_15L0=4;
  __s_tmp_cond_elim_53_14L0_14L0 = 0;
  int __s_pac62_15L1_15L1=4;
  __s_Node_key_12_4L1_4L1[4] = 0;
  bit __s_tmp_cond_elim_53_16L0_16L0=0;
  int __s_pac61_17L0_17L0=5;
  __s_tmp_cond_elim_53_16L0_16L0 = 0;
  int __s_pac62_17L1_17L1=5;
  __s_Node_key_12_4L1_4L1[5] = 0;
  bit __s_tmp_cond_elim_53_18L0_18L0=0;
  int __s_pac61_19L0_19L0=6;
  __s_tmp_cond_elim_53_18L0_18L0 = 0;
  int __s_pac62_19L1_19L1=6;
  __s_Node_key_12_4L1_4L1[6] = 0;
  bit __s_tmp_cond_elim_53_20L0_20L0=0;
  int __s_pac61_21L0_21L0=7;
  __s_tmp_cond_elim_53_20L0_20L0 = 0;
  int __s_pac62_21L1_21L1=7;
  __s_Node_key_12_4L1_4L1[7] = 0;
  bit __s_tmp_cond_elim_53_22L0_22L0=0;
  int __s_pac61_23L0_23L0=8;
  __s_tmp_cond_elim_53_22L0_22L0 = 0;
  int __s_pac62_23L1_23L1=8;
  __s_Node_key_12_4L1_4L1[8] = 0;
  bit __s_tmp_cond_elim_53_24L0_24L0=0;
  int __s_pac61_25L0_25L0=9;
  __s_tmp_cond_elim_53_24L0_24L0 = 0;
  int __s_pac62_25L1_25L1=9;
  __s_Node_key_12_4L1_4L1[9] = 0;
  int __s_tmp_cond_elim_54_27L0_27L0=0;
  int __s_pac63_28L0_28L0=0;
  __s_tmp_cond_elim_54_27L0_27L0 = null;
  int __s_pac64_28L1_28L1=0;
  __s_Node_next_13_4L2_4L2[0] = __s_tmp_cond_elim_54_27L0_27L0;
  int __s_tmp_cond_elim_54_29L0_29L0=0;
  int __s_pac63_30L0_30L0=1;
  __s_tmp_cond_elim_54_29L0_29L0 = null;
  int __s_pac64_30L1_30L1=1;
  __s_Node_next_13_4L2_4L2[1] = __s_tmp_cond_elim_54_29L0_29L0;
  int __s_tmp_cond_elim_54_31L0_31L0=0;
  int __s_pac63_32L0_32L0=2;
  __s_tmp_cond_elim_54_31L0_31L0 = null;
  int __s_pac64_32L1_32L1=2;
  __s_Node_next_13_4L2_4L2[2] = __s_tmp_cond_elim_54_31L0_31L0;
  int __s_tmp_cond_elim_54_33L0_33L0=0;
  int __s_pac63_34L0_34L0=3;
  __s_tmp_cond_elim_54_33L0_33L0 = null;
  int __s_pac64_34L1_34L1=3;
  __s_Node_next_13_4L2_4L2[3] = __s_tmp_cond_elim_54_33L0_33L0;
  int __s_tmp_cond_elim_54_35L0_35L0=0;
  int __s_pac63_36L0_36L0=4;
  __s_tmp_cond_elim_54_35L0_35L0 = null;
  int __s_pac64_36L1_36L1=4;
  __s_Node_next_13_4L2_4L2[4] = __s_tmp_cond_elim_54_35L0_35L0;
  int __s_tmp_cond_elim_54_37L0_37L0=0;
  int __s_pac63_38L0_38L0=5;
  __s_tmp_cond_elim_54_37L0_37L0 = null;
  int __s_pac64_38L1_38L1=5;
  __s_Node_next_13_4L2_4L2[5] = __s_tmp_cond_elim_54_37L0_37L0;
  int __s_tmp_cond_elim_54_39L0_39L0=0;
  int __s_pac63_40L0_40L0=6;
  __s_tmp_cond_elim_54_39L0_39L0 = null;
  int __s_pac64_40L1_40L1=6;
  __s_Node_next_13_4L2_4L2[6] = __s_tmp_cond_elim_54_39L0_39L0;
  int __s_tmp_cond_elim_54_41L0_41L0=0;
  int __s_pac63_42L0_42L0=7;
  __s_tmp_cond_elim_54_41L0_41L0 = null;
  int __s_pac64_42L1_42L1=7;
  __s_Node_next_13_4L2_4L2[7] = __s_tmp_cond_elim_54_41L0_41L0;
  int __s_tmp_cond_elim_54_43L0_43L0=0;
  int __s_pac63_44L0_44L0=8;
  __s_tmp_cond_elim_54_43L0_43L0 = null;
  int __s_pac64_44L1_44L1=8;
  __s_Node_next_13_4L2_4L2[8] = __s_tmp_cond_elim_54_43L0_43L0;
  int __s_tmp_cond_elim_54_45L0_45L0=0;
  int __s_pac63_46L0_46L0=9;
  __s_tmp_cond_elim_54_45L0_45L0 = null;
  int __s_pac64_46L1_46L1=9;
  __s_Node_next_13_4L2_4L2[9] = __s_tmp_cond_elim_54_45L0_45L0;
  int __s_Set_nextInstance_14_46L3_46L3=0; int[10] __s_Set_tail_16_46L4_46L4={0,0,0,0,0,0,0,0,0,0}; int[10] __s_Set_head_15_46L5_46L5={0,0,0,0,0,0,0,0,0,0};
  int __s_tmp_cond_elim_55_48L0_48L0=0;
  int __s_pac65_49L0_49L0=0;
  __s_tmp_cond_elim_55_48L0_48L0 = null;
  int __s_pac66_49L1_49L1=0;
  __s_Set_tail_16_46L4_46L4[0] = __s_tmp_cond_elim_55_48L0_48L0;
  int __s_tmp_cond_elim_55_50L0_50L0=0;
  int __s_pac65_51L0_51L0=1;
  __s_tmp_cond_elim_55_50L0_50L0 = null;
  int __s_pac66_51L1_51L1=1;
  __s_Set_tail_16_46L4_46L4[1] = __s_tmp_cond_elim_55_50L0_50L0;
  int __s_tmp_cond_elim_55_52L0_52L0=0;
  int __s_pac65_53L0_53L0=2;
  __s_tmp_cond_elim_55_52L0_52L0 = null;
  int __s_pac66_53L1_53L1=2;
  __s_Set_tail_16_46L4_46L4[2] = __s_tmp_cond_elim_55_52L0_52L0;
  int __s_tmp_cond_elim_55_54L0_54L0=0;
  int __s_pac65_55L0_55L0=3;
  __s_tmp_cond_elim_55_54L0_54L0 = null;
  int __s_pac66_55L1_55L1=3;
  __s_Set_tail_16_46L4_46L4[3] = __s_tmp_cond_elim_55_54L0_54L0;
  int __s_tmp_cond_elim_55_56L0_56L0=0;
  int __s_pac65_57L0_57L0=4;
  __s_tmp_cond_elim_55_56L0_56L0 = null;
  int __s_pac66_57L1_57L1=4;
  __s_Set_tail_16_46L4_46L4[4] = __s_tmp_cond_elim_55_56L0_56L0;
  int __s_tmp_cond_elim_55_58L0_58L0=0;
  int __s_pac65_59L0_59L0=5;
  __s_tmp_cond_elim_55_58L0_58L0 = null;
  int __s_pac66_59L1_59L1=5;
  __s_Set_tail_16_46L4_46L4[5] = __s_tmp_cond_elim_55_58L0_58L0;
  int __s_tmp_cond_elim_55_60L0_60L0=0;
  int __s_pac65_61L0_61L0=6;
  __s_tmp_cond_elim_55_60L0_60L0 = null;
  int __s_pac66_61L1_61L1=6;
  __s_Set_tail_16_46L4_46L4[6] = __s_tmp_cond_elim_55_60L0_60L0;
  int __s_tmp_cond_elim_55_62L0_62L0=0;
  int __s_pac65_63L0_63L0=7;
  __s_tmp_cond_elim_55_62L0_62L0 = null;
  int __s_pac66_63L1_63L1=7;
  __s_Set_tail_16_46L4_46L4[7] = __s_tmp_cond_elim_55_62L0_62L0;
  int __s_tmp_cond_elim_55_64L0_64L0=0;
  int __s_pac65_65L0_65L0=8;
  __s_tmp_cond_elim_55_64L0_64L0 = null;
  int __s_pac66_65L1_65L1=8;
  __s_Set_tail_16_46L4_46L4[8] = __s_tmp_cond_elim_55_64L0_64L0;
  int __s_tmp_cond_elim_55_66L0_66L0=0;
  int __s_pac65_67L0_67L0=9;
  __s_tmp_cond_elim_55_66L0_66L0 = null;
  int __s_pac66_67L1_67L1=9;
  __s_Set_tail_16_46L4_46L4[9] = __s_tmp_cond_elim_55_66L0_66L0;
  int __s_tmp_cond_elim_56_69L0_69L0=0;
  int __s_pac67_70L0_70L0=0;
  __s_tmp_cond_elim_56_69L0_69L0 = null;
  int __s_pac68_70L1_70L1=0;
  __s_Set_head_15_46L5_46L5[0] = __s_tmp_cond_elim_56_69L0_69L0;
  int __s_tmp_cond_elim_56_71L0_71L0=0;
  int __s_pac67_72L0_72L0=1;
  __s_tmp_cond_elim_56_71L0_71L0 = null;
  int __s_pac68_72L1_72L1=1;
  __s_Set_head_15_46L5_46L5[1] = __s_tmp_cond_elim_56_71L0_71L0;
  int __s_tmp_cond_elim_56_73L0_73L0=0;
  int __s_pac67_74L0_74L0=2;
  __s_tmp_cond_elim_56_73L0_73L0 = null;
  int __s_pac68_74L1_74L1=2;
  __s_Set_head_15_46L5_46L5[2] = __s_tmp_cond_elim_56_73L0_73L0;
  int __s_tmp_cond_elim_56_75L0_75L0=0;
  int __s_pac67_76L0_76L0=3;
  __s_tmp_cond_elim_56_75L0_75L0 = null;
  int __s_pac68_76L1_76L1=3;
  __s_Set_head_15_46L5_46L5[3] = __s_tmp_cond_elim_56_75L0_75L0;
  int __s_tmp_cond_elim_56_77L0_77L0=0;
  int __s_pac67_78L0_78L0=4;
  __s_tmp_cond_elim_56_77L0_77L0 = null;
  int __s_pac68_78L1_78L1=4;
  __s_Set_head_15_46L5_46L5[4] = __s_tmp_cond_elim_56_77L0_77L0;
  int __s_tmp_cond_elim_56_79L0_79L0=0;
  int __s_pac67_80L0_80L0=5;
  __s_tmp_cond_elim_56_79L0_79L0 = null;
  int __s_pac68_80L1_80L1=5;
  __s_Set_head_15_46L5_46L5[5] = __s_tmp_cond_elim_56_79L0_79L0;
  int __s_tmp_cond_elim_56_81L0_81L0=0;
  int __s_pac67_82L0_82L0=6;
  __s_tmp_cond_elim_56_81L0_81L0 = null;
  int __s_pac68_82L1_82L1=6;
  __s_Set_head_15_46L5_46L5[6] = __s_tmp_cond_elim_56_81L0_81L0;
  int __s_tmp_cond_elim_56_83L0_83L0=0;
  int __s_pac67_84L0_84L0=7;
  __s_tmp_cond_elim_56_83L0_83L0 = null;
  int __s_pac68_84L1_84L1=7;
  __s_Set_head_15_46L5_46L5[7] = __s_tmp_cond_elim_56_83L0_83L0;
  int __s_tmp_cond_elim_56_85L0_85L0=0;
  int __s_pac67_86L0_86L0=8;
  __s_tmp_cond_elim_56_85L0_85L0 = null;
  int __s_pac68_86L1_86L1=8;
  __s_Set_head_15_46L5_46L5[8] = __s_tmp_cond_elim_56_85L0_85L0;
  int __s_tmp_cond_elim_56_87L0_87L0=0;
  int __s_pac67_88L0_88L0=9;
  __s_tmp_cond_elim_56_87L0_87L0 = null;
  int __s_pac68_88L1_88L1=9;
  __s_Set_head_15_46L5_46L5[9] = __s_tmp_cond_elim_56_87L0_87L0;
  _out_1L0_1L0_1L0_1L0 = 0;
  bit _has_out__3L0_3L0_89L0_89L0=0;
  int S_4L1_4L1_90L1_90L1=0;
  int _ret_0_4L2_4L2_90L2_90L2=0;
  int negInf_7L0_6L0_92L0_92L0=-1;
  int posInf_7L1_6L1_92L1_92L1=4;
  int _out_7L2_6L2_92L2_92L2=0;
  bit _has_out__8L0_7L0_93L0_93L0=0;
  int S_8L1_7L1_93L1_93L1=0;
  int __s_tmp_new_Set_7_7L2_93L2_93L2=0;
  atomic
  {
    __s_tmp_new_Set_7_7L2_93L2_93L2 = 0;
    __s_Set_nextInstance_14_46L3_46L3 = 1;
  }
  S_8L1_7L1_93L1_93L1 = 0;
  int _ret_0_8L2_8L3_94L3_94L3=null;
  int _ret_1_8L3_8L4_94L4_94L4=0;
  int key_11L0_10L0_96L0_96L0=4;
  int next_11L1_10L1_96L1_96L1=_ret_0_8L2_8L3_94L3_94L3;
  int _out_11L2_10L2_96L2_96L2=0;
  bit _has_out__12L0_11L0_97L0_97L0=0;
  int n_12L1_11L1_97L1_97L1=0;
  int __s_tmp_new_Node_8_11L2_97L2_97L2=0;
  atomic
  {
    __s_tmp_new_Node_8_11L2_97L2_97L2 = 0;
  }
  n_12L1_11L1_97L1_97L1 = 0;
  int __s_pac69_99L0_99L0=0;
  __s_Node_key_12_4L1_4L1[0] = 4;
  int __s_pac70_100L0_100L0=0;
  __s_Node_next_13_4L2_4L2[0] = _ret_0_8L2_8L3_94L3_94L3;
  _out_11L2_10L2_96L2_96L2 = 0;
  _has_out__12L0_11L0_97L0_97L0 = 1;
  _ret_1_8L3_8L4_94L4_94L4 = 0;
  int __s_pac71_102L0_102L0=0;
  __s_Set_tail_16_46L4_46L4[0] = 0;
  int _ret_2_16L4_16L5_102L5_102L5=0;
  int __s_pac72_102L6_102L6=0;
  _ret_2_16L4_16L5_102L5_102L5 = __s_Set_tail_16_46L4_46L4[0];
  int _ret_3_16L5_16L6_102L7_102L7=0;
  int key_19L0_18L0_104L0_104L0=-1;
  int next_19L1_18L1_104L1_104L1=0;
  int _out_19L2_18L2_104L2_104L2=0;
  bit _has_out__20L0_19L0_105L0_105L0=0;
  int n_20L1_19L1_105L1_105L1=0;
  int __s_tmp_new_Node_9_19L2_105L2_105L2=0;
  atomic
  {
    __s_tmp_new_Node_9_19L2_105L2_105L2 = 1;
    __s_Node_nextInstance_11_4L0_4L0 = 2;
  }
  n_20L1_19L1_105L1_105L1 = 1;
  int __s_pac73_107L0_107L0=1;
  __s_Node_key_12_4L1_4L1[1] = -1;
  int __s_pac74_108L0_108L0=1;
  __s_Node_next_13_4L2_4L2[1] = 0;
  _out_19L2_18L2_104L2_104L2 = 1;
  _has_out__20L0_19L0_105L0_105L0 = 1;
  _ret_3_16L5_16L6_102L7_102L7 = 1;
  int __s_pac75_110L0_110L0=0;
  __s_Set_head_15_46L5_46L5[0] = 1;
  _out_7L2_6L2_92L2_92L2 = 0;
  _has_out__8L0_7L0_93L0_93L0 = 1;
  _ret_0_4L2_4L2_90L2_90L2 = 0;
  S_4L1_4L1_90L1_90L1 = 0;
  bit[2] removed_25L3_25L3_111L3_111L3={0,0};
  int __s_pac76_113L0_113L0=0;
  removed_25L3_25L3_111L3_111L3[0] = 0;
  int __s_pac76_114L0_114L0=1;
  removed_25L3_25L3_111L3_111L3[1] = 0;
  bit _ret_1_25L4_25L4_114L4_114L4=0;
  int S_120L1_28L0_116L0_116L0=0;
  int key_120L2_28L1_116L1_116L1=4;
  bit _out_120L3_28L2_116L2_116L2=0;
  bit _has_out__122L0_29L0_117L0_117L0=0;
  int prev_122L1_29L1_117L1_117L1=0; int cur_122L2_29L2_117L2_117L2=0;
  bit ret_122L3_29L3_117L3_117L3=0;
  int S_193L6_32L0_119L0_119L0=0;
  int key_193L6_32L1_119L1_119L1=4;
  int prev_193L6_32L2_119L2_119L2=0;
  int cur_193L7_32L3_119L3_119L3=0;
  bit _has_out__195L0_33L0_120L0_120L0=0;
  prev_193L6_32L2_119L2_119L2 = null;
  int __s_pac77_122L0_122L0=0;
  cur_193L7_32L3_119L3_119L3 = __s_Set_head_15_46L5_46L5[0];
  int _ret_0_197L1_35L1_122L1_122L1=1;
  atomic(1)
  {
    _lock_3L0_3L0[1] = -1;
  }
  for(int i_200L0_38L0_126L0_126L0=0;(i_200L0_38L0_126L0_126L0)<(4);i_200L0_38L0_126L0_126L0 = (i_200L0_38L0_126L0_126L0)+(1))
  {
    if((__s_Node_key_12_4L1_4L1[cur_193L7_32L3_119L3_119L3])<(4))
    {
      bit[4] __sa3_1281L0_1057L0_1201L0_354L0={0,0,0,0};
      __sa3_1281L0_1057L0_1201L0_354L0[0] = 0;
      __sa3_1281L0_1057L0_1201L0_354L0[1] = 0;
      __sa3_1281L0_1057L0_1201L0_354L0[2] = 0;
      __sa3_1281L0_1057L0_1201L0_354L0[3] = 0;
      int __s_tmp_cond_elim_0_1365L0_1136L0_1288L0_376L0=__s_Node_next_13_4L2_4L2[cur_193L7_32L3_119L3_119L3];
      int __s_tmp_cond_elim_0_1382L0_1152L0_1304L0_387L0=__s_Node_next_13_4L2_4L2[cur_193L7_32L3_119L3_119L3];
      boolean __s_tmp_cond_elim_1_1386L0_1156L0_1308L0_390L0=(__s_tmp_cond_elim_0_1365L0_1136L0_1288L0_376L0)!=(__s_tmp_cond_elim_0_1382L0_1152L0_1304L0_387L0);
      if(__s_tmp_cond_elim_1_1386L0_1156L0_1308L0_390L0)
      {
        int _ret_8_1408L2_1177L2_1329L2_405L2=((((int)prev_193L6_32L2_119L2_119L2))*(1))+(0);
        atomic
        {
          _lock_3L0_3L0[_ret_8_1408L2_1177L2_1329L2_405L2] = 0;
        }
      }
      __sa3_1281L0_1057L0_1201L0_354L0[1] = 1;
      prev_193L6_32L2_119L2_119L2 = cur_193L7_32L3_119L3_119L3;
      __sa3_1281L0_1057L0_1201L0_354L0[2] = 1;
      cur_193L7_32L3_119L3_119L3 = __s_Node_next_13_4L2_4L2[cur_193L7_32L3_119L3_119L3];
      __sa3_1281L0_1057L0_1201L0_354L0[3] = 1;
      int __s_tmp_cond_elim_0_1717L0_1467L0_1632L0_444L0=__s_Node_next_13_4L2_4L2[cur_193L7_32L3_119L3_119L3];
      boolean __s_tmp_cond_elim_1_1721L0_1471L0_1636L0_447L0=(prev_193L6_32L2_119L2_119L2)!=(__s_tmp_cond_elim_0_1717L0_1467L0_1632L0_444L0);
      if(__s_tmp_cond_elim_1_1721L0_1471L0_1636L0_447L0)
      {
        int _ret_4_1743L2_1492L2_1657L2_462L2=((((int)cur_193L7_32L3_119L3_119L3))*(1))+(0);
        atomic((_lock_3L0_3L0[_ret_4_1743L2_1492L2_1657L2_462L2])==(0))
        {
          _lock_3L0_3L0[_ret_4_1743L2_1492L2_1657L2_462L2] = -1;
        }
      }
      __sa3_1281L0_1057L0_1201L0_354L0[0] = 1;
    }
  }
  prev_122L1_29L1_117L1_117L1 = prev_193L6_32L2_119L2_119L2;
  cur_122L2_29L2_117L2_117L2 = cur_193L7_32L3_119L3_119L3;
  int __s_pac155_1731L4_468L4=cur_193L7_32L3_119L3_119L3;
  if((4)<(__s_Node_key_12_4L1_4L1[cur_193L7_32L3_119L3_119L3]))
  {
    atomic
    {
      __s_Node_nextInstance_11_4L0_4L0 = 3;
    }
    __s_Node_key_12_4L1_4L1[2] = 4;
    __s_Node_next_13_4L2_4L2[2] = cur_193L7_32L3_119L3_119L3;
    __s_Node_next_13_4L2_4L2[prev_193L6_32L2_119L2_119L2] = 2;
    ret_122L3_29L3_117L3_117L3 = 1;
  }
  else
  {
    ret_122L3_29L3_117L3_117L3 = 0;
  }
  int _ret_1_135L4_1571L4_1743L5_480L5=((((int)prev_193L6_32L2_119L2_119L2))*(1))+(0);
  atomic
  {
    _lock_3L0_3L0[_ret_1_135L4_1571L4_1743L5_480L5] = 0;
  }
  int _ret_2_136L5_1572L5_1745L6_482L6=((((int)cur_193L7_32L3_119L3_119L3))*(1))+(0);
  atomic
  {
    _lock_3L0_3L0[_ret_2_136L5_1572L5_1745L6_482L6] = 0;
  }
  _out_120L3_28L2_116L2_116L2 = ret_122L3_29L3_117L3_117L3;
  _has_out__122L0_29L0_117L0_117L0 = 1;
  _ret_1_25L4_25L4_114L4_114L4 = ret_122L3_29L3_117L3_117L3;
  bit _ret_2_27L5_1575L5_1749L5_486L5=0;
  int S_138L3_1578L0_1751L0_488L0=0;
  int key_138L3_1578L1_1751L1_488L1=1;
  bit _out_138L3_1578L2_1751L2_488L2=0;
  bit _has_out__140L0_1579L0_1752L0_489L0=0;
  int prev_140L1_1579L1_1752L1_489L1=0; int cur_140L2_1579L2_1752L2_489L2=0;
  bit ret_140L3_1579L3_1752L3_489L3=0;
  int S_193L6_1582L0_1754L0_491L0=0;
  int key_193L6_1582L1_1754L1_491L1=1;
  int prev_193L6_1582L2_1754L2_491L2=0;
  int cur_193L7_1582L3_1754L3_491L3=0;
  bit _has_out__195L0_1583L0_1755L0_492L0=0;
  prev_193L6_1582L2_1754L2_491L2 = null;
  int __s_pac159_1757L0_494L0=0;
  cur_193L7_1582L3_1754L3_491L3 = __s_Set_head_15_46L5_46L5[0];
  int _ret_0_197L1_1585L1_1757L1_494L1=1;
  atomic((_lock_3L0_3L0[1])==(0))
  {
    _lock_3L0_3L0[1] = -1;
  }
  for(int i_200L0_1588L0_1761L0_498L0=0;(i_200L0_1588L0_1761L0_498L0)<(4);i_200L0_1588L0_1761L0_498L0 = (i_200L0_1588L0_1761L0_498L0)+(1))
  {
    if((__s_Node_key_12_4L1_4L1[cur_193L7_1582L3_1754L3_491L3])<(1))
    {
      bit[4] __sa3_1281L0_2607L0_2836L0_741L0={0,0,0,0};
      __sa3_1281L0_2607L0_2836L0_741L0[0] = 0;
      __sa3_1281L0_2607L0_2836L0_741L0[1] = 0;
      __sa3_1281L0_2607L0_2836L0_741L0[2] = 0;
      __sa3_1281L0_2607L0_2836L0_741L0[3] = 0;
      int __s_tmp_cond_elim_0_1365L0_2686L0_2923L0_763L0=__s_Node_next_13_4L2_4L2[cur_193L7_1582L3_1754L3_491L3];
      int __s_tmp_cond_elim_0_1382L0_2702L0_2939L0_774L0=__s_Node_next_13_4L2_4L2[cur_193L7_1582L3_1754L3_491L3];
      boolean __s_tmp_cond_elim_1_1386L0_2706L0_2943L0_777L0=(__s_tmp_cond_elim_0_1365L0_2686L0_2923L0_763L0)!=(__s_tmp_cond_elim_0_1382L0_2702L0_2939L0_774L0);
      if(__s_tmp_cond_elim_1_1386L0_2706L0_2943L0_777L0)
      {
        int _ret_8_1408L2_2727L2_2964L2_792L2=((((int)prev_193L6_1582L2_1754L2_491L2))*(1))+(0);
        atomic
        {
          _lock_3L0_3L0[_ret_8_1408L2_2727L2_2964L2_792L2] = 0;
        }
      }
      __sa3_1281L0_2607L0_2836L0_741L0[1] = 1;
      prev_193L6_1582L2_1754L2_491L2 = cur_193L7_1582L3_1754L3_491L3;
      __sa3_1281L0_2607L0_2836L0_741L0[2] = 1;
      cur_193L7_1582L3_1754L3_491L3 = __s_Node_next_13_4L2_4L2[cur_193L7_1582L3_1754L3_491L3];
      __sa3_1281L0_2607L0_2836L0_741L0[3] = 1;
      int __s_tmp_cond_elim_0_1717L0_3017L0_3267L0_831L0=__s_Node_next_13_4L2_4L2[cur_193L7_1582L3_1754L3_491L3];
      boolean __s_tmp_cond_elim_1_1721L0_3021L0_3271L0_834L0=(prev_193L6_1582L2_1754L2_491L2)!=(__s_tmp_cond_elim_0_1717L0_3017L0_3267L0_831L0);
      if(__s_tmp_cond_elim_1_1721L0_3021L0_3271L0_834L0)
      {
        int _ret_4_1743L2_3042L2_3292L2_849L2=((((int)cur_193L7_1582L3_1754L3_491L3))*(1))+(0);
        atomic((_lock_3L0_3L0[_ret_4_1743L2_3042L2_3292L2_849L2])==(0))
        {
          _lock_3L0_3L0[_ret_4_1743L2_3042L2_3292L2_849L2] = -1;
        }
      }
      __sa3_1281L0_2607L0_2836L0_741L0[0] = 1;
    }
  }
  prev_140L1_1579L1_1752L1_489L1 = prev_193L6_1582L2_1754L2_491L2;
  cur_140L2_1579L2_1752L2_489L2 = cur_193L7_1582L3_1754L3_491L3;
  int __s_pac237_3366L4_855L4=cur_193L7_1582L3_1754L3_491L3;
  if((1)==(__s_Node_key_12_4L1_4L1[cur_193L7_1582L3_1754L3_491L3]))
  {
    __s_Node_next_13_4L2_4L2[prev_193L6_1582L2_1754L2_491L2] = __s_Node_next_13_4L2_4L2[cur_193L7_1582L3_1754L3_491L3];
    ret_140L3_1579L3_1752L3_489L3 = 1;
  }
  else
  {
    ret_140L3_1579L3_1752L3_489L3 = 0;
  }
  int _ret_0_146L4_3114L4_3371L5_860L5=((((int)prev_193L6_1582L2_1754L2_491L2))*(1))+(0);
  atomic
  {
    _lock_3L0_3L0[_ret_0_146L4_3114L4_3371L5_860L5] = 0;
  }
  int _ret_1_147L5_3115L5_3373L6_862L6=((((int)cur_193L7_1582L3_1754L3_491L3))*(1))+(0);
  atomic
  {
    _lock_3L0_3L0[_ret_1_147L5_3115L5_3373L6_862L6] = 0;
  }
  _out_138L3_1578L2_1751L2_488L2 = ret_140L3_1579L3_1752L3_489L3;
  _has_out__140L0_1579L0_1752L0_489L0 = 1;
  _ret_2_27L5_1575L5_1749L5_486L5 = ret_140L3_1579L3_1752L3_489L3;
  bit _ret_3_29L6_3118L6_3377L6_866L6=0;
  int S_120L1_3121L0_3379L0_868L0=0;
  int key_120L2_3121L1_3379L1_868L1=1;
  bit _out_120L3_3121L2_3379L2_868L2=0;
  bit _has_out__122L0_3122L0_3380L0_869L0=0;
  int prev_122L1_3122L1_3380L1_869L1=0; int cur_122L2_3122L2_3380L2_869L2=0;
  bit ret_122L3_3122L3_3380L3_869L3=0;
  int S_193L6_3125L0_3382L0_871L0=0;
  int key_193L6_3125L1_3382L1_871L1=1;
  int prev_193L6_3125L2_3382L2_871L2=0;
  int cur_193L7_3125L3_3382L3_871L3=0;
  bit _has_out__195L0_3126L0_3383L0_872L0=0;
  prev_193L6_3125L2_3382L2_871L2 = null;
  int __s_pac240_3385L0_874L0=0;
  cur_193L7_3125L3_3382L3_871L3 = __s_Set_head_15_46L5_46L5[0];
  int _ret_0_197L1_3128L1_3385L1_874L1=1;
  atomic((_lock_3L0_3L0[1])==(0))
  {
    _lock_3L0_3L0[1] = -1;
  }
  for(int i_200L0_3131L0_3389L0_878L0=0;(i_200L0_3131L0_3389L0_878L0)<(4);i_200L0_3131L0_3389L0_878L0 = (i_200L0_3131L0_3389L0_878L0)+(1))
  {
    if((__s_Node_key_12_4L1_4L1[cur_193L7_3125L3_3382L3_871L3])<(1))
    {
      bit[4] __sa3_1281L0_4150L0_4464L0_1121L0={0,0,0,0};
      __sa3_1281L0_4150L0_4464L0_1121L0[0] = 0;
      __sa3_1281L0_4150L0_4464L0_1121L0[1] = 0;
      __sa3_1281L0_4150L0_4464L0_1121L0[2] = 0;
      __sa3_1281L0_4150L0_4464L0_1121L0[3] = 0;
      int __s_tmp_cond_elim_0_1365L0_4229L0_4551L0_1143L0=__s_Node_next_13_4L2_4L2[cur_193L7_3125L3_3382L3_871L3];
      int __s_tmp_cond_elim_0_1382L0_4245L0_4567L0_1154L0=__s_Node_next_13_4L2_4L2[cur_193L7_3125L3_3382L3_871L3];
      boolean __s_tmp_cond_elim_1_1386L0_4249L0_4571L0_1157L0=(__s_tmp_cond_elim_0_1365L0_4229L0_4551L0_1143L0)!=(__s_tmp_cond_elim_0_1382L0_4245L0_4567L0_1154L0);
      if(__s_tmp_cond_elim_1_1386L0_4249L0_4571L0_1157L0)
      {
        int _ret_8_1408L2_4270L2_4592L2_1172L2=((((int)prev_193L6_3125L2_3382L2_871L2))*(1))+(0);
        atomic
        {
          _lock_3L0_3L0[_ret_8_1408L2_4270L2_4592L2_1172L2] = 0;
        }
      }
      __sa3_1281L0_4150L0_4464L0_1121L0[1] = 1;
      prev_193L6_3125L2_3382L2_871L2 = cur_193L7_3125L3_3382L3_871L3;
      __sa3_1281L0_4150L0_4464L0_1121L0[2] = 1;
      cur_193L7_3125L3_3382L3_871L3 = __s_Node_next_13_4L2_4L2[cur_193L7_3125L3_3382L3_871L3];
      __sa3_1281L0_4150L0_4464L0_1121L0[3] = 1;
      int __s_tmp_cond_elim_0_1717L0_4560L0_4895L0_1211L0=__s_Node_next_13_4L2_4L2[cur_193L7_3125L3_3382L3_871L3];
      boolean __s_tmp_cond_elim_1_1721L0_4564L0_4899L0_1214L0=(prev_193L6_3125L2_3382L2_871L2)!=(__s_tmp_cond_elim_0_1717L0_4560L0_4895L0_1211L0);
      if(__s_tmp_cond_elim_1_1721L0_4564L0_4899L0_1214L0)
      {
        int _ret_4_1743L2_4585L2_4920L2_1229L2=((((int)cur_193L7_3125L3_3382L3_871L3))*(1))+(0);
        atomic((_lock_3L0_3L0[_ret_4_1743L2_4585L2_4920L2_1229L2])==(0))
        {
          _lock_3L0_3L0[_ret_4_1743L2_4585L2_4920L2_1229L2] = -1;
        }
      }
      __sa3_1281L0_4150L0_4464L0_1121L0[0] = 1;
    }
  }
  prev_122L1_3122L1_3380L1_869L1 = prev_193L6_3125L2_3382L2_871L2;
  cur_122L2_3122L2_3380L2_869L2 = cur_193L7_3125L3_3382L3_871L3;
  int __s_pac318_4994L4_1235L4=cur_193L7_3125L3_3382L3_871L3;
  if((1)<(__s_Node_key_12_4L1_4L1[cur_193L7_3125L3_3382L3_871L3]))
  {
    int __s_tmp_new_Node_10_4657L2_4999L2_1240L2=0;
    atomic
    {
      __s_tmp_new_Node_10_4657L2_4999L2_1240L2 = __s_Node_nextInstance_11_4L0_4L0;
      __s_Node_nextInstance_11_4L0_4L0 = (__s_Node_nextInstance_11_4L0_4L0)+(1);
    }
    __s_Node_key_12_4L1_4L1[__s_tmp_new_Node_10_4657L2_4999L2_1240L2] = 1;
    __s_Node_next_13_4L2_4L2[__s_tmp_new_Node_10_4657L2_4999L2_1240L2] = cur_193L7_3125L3_3382L3_871L3;
    __s_Node_next_13_4L2_4L2[prev_193L6_3125L2_3382L2_871L2] = __s_tmp_new_Node_10_4657L2_4999L2_1240L2;
    ret_122L3_3122L3_3380L3_869L3 = 1;
  }
  else
  {
    ret_122L3_3122L3_3380L3_869L3 = 0;
  }
  int _ret_1_135L4_4664L4_5006L5_1247L5=((((int)prev_193L6_3125L2_3382L2_871L2))*(1))+(0);
  atomic
  {
    _lock_3L0_3L0[_ret_1_135L4_4664L4_5006L5_1247L5] = 0;
  }
  int _ret_2_136L5_4665L5_5008L6_1249L6=((((int)cur_193L7_3125L3_3382L3_871L3))*(1))+(0);
  atomic
  {
    _lock_3L0_3L0[_ret_2_136L5_4665L5_5008L6_1249L6] = 0;
  }
  _out_120L3_3121L2_3379L2_868L2 = ret_122L3_3122L3_3380L3_869L3;
  _has_out__122L0_3122L0_3380L0_869L0 = 1;
  _ret_3_29L6_3118L6_3377L6_866L6 = ret_122L3_3122L3_3380L3_869L3;
  bit _ret_4_31L7_4668L7_5012L7_1253L7=0;
  int S_138L3_4671L0_5014L0_1255L0=0;
  int key_138L3_4671L1_5014L1_1255L1=1;
  bit _out_138L3_4671L2_5014L2_1255L2=0;
  bit _has_out__140L0_4672L0_5015L0_1256L0=0;
  int prev_140L1_4672L1_5015L1_1256L1=0; int cur_140L2_4672L2_5015L2_1256L2=0;
  bit ret_140L3_4672L3_5015L3_1256L3=0;
  int S_193L6_4675L0_5017L0_1258L0=0;
  int key_193L6_4675L1_5017L1_1258L1=1;
  int prev_193L6_4675L2_5017L2_1258L2=0;
  int cur_193L7_4675L3_5017L3_1258L3=0;
  bit _has_out__195L0_4676L0_5018L0_1259L0=0;
  prev_193L6_4675L2_5017L2_1258L2 = null;
  int __s_pac322_5020L0_1261L0=0;
  cur_193L7_4675L3_5017L3_1258L3 = __s_Set_head_15_46L5_46L5[0];
  int _ret_0_197L1_4678L1_5020L1_1261L1=1;
  atomic((_lock_3L0_3L0[1])==(0))
  {
    _lock_3L0_3L0[1] = -1;
  }
  for(int i_200L0_4681L0_5024L0_1265L0=0;(i_200L0_4681L0_5024L0_1265L0)<(4);i_200L0_4681L0_5024L0_1265L0 = (i_200L0_4681L0_5024L0_1265L0)+(1))
  {
    if((__s_Node_key_12_4L1_4L1[cur_193L7_4675L3_5017L3_1258L3])<(1))
    {
      bit[4] __sa3_1281L0_5700L0_6099L0_1508L0={0,0,0,0};
      __sa3_1281L0_5700L0_6099L0_1508L0[0] = 0;
      __sa3_1281L0_5700L0_6099L0_1508L0[1] = 0;
      __sa3_1281L0_5700L0_6099L0_1508L0[2] = 0;
      __sa3_1281L0_5700L0_6099L0_1508L0[3] = 0;
      int __s_tmp_cond_elim_0_1365L0_5779L0_6186L0_1530L0=__s_Node_next_13_4L2_4L2[cur_193L7_4675L3_5017L3_1258L3];
      int __s_tmp_cond_elim_0_1382L0_5795L0_6202L0_1541L0=__s_Node_next_13_4L2_4L2[cur_193L7_4675L3_5017L3_1258L3];
      boolean __s_tmp_cond_elim_1_1386L0_5799L0_6206L0_1544L0=(__s_tmp_cond_elim_0_1365L0_5779L0_6186L0_1530L0)!=(__s_tmp_cond_elim_0_1382L0_5795L0_6202L0_1541L0);
      if(__s_tmp_cond_elim_1_1386L0_5799L0_6206L0_1544L0)
      {
        int _ret_8_1408L2_5820L2_6227L2_1559L2=((((int)prev_193L6_4675L2_5017L2_1258L2))*(1))+(0);
        atomic
        {
          _lock_3L0_3L0[_ret_8_1408L2_5820L2_6227L2_1559L2] = 0;
        }
      }
      __sa3_1281L0_5700L0_6099L0_1508L0[1] = 1;
      prev_193L6_4675L2_5017L2_1258L2 = cur_193L7_4675L3_5017L3_1258L3;
      __sa3_1281L0_5700L0_6099L0_1508L0[2] = 1;
      cur_193L7_4675L3_5017L3_1258L3 = __s_Node_next_13_4L2_4L2[cur_193L7_4675L3_5017L3_1258L3];
      __sa3_1281L0_5700L0_6099L0_1508L0[3] = 1;
      int __s_tmp_cond_elim_0_1717L0_6110L0_6530L0_1598L0=__s_Node_next_13_4L2_4L2[cur_193L7_4675L3_5017L3_1258L3];
      boolean __s_tmp_cond_elim_1_1721L0_6114L0_6534L0_1601L0=(prev_193L6_4675L2_5017L2_1258L2)!=(__s_tmp_cond_elim_0_1717L0_6110L0_6530L0_1598L0);
      if(__s_tmp_cond_elim_1_1721L0_6114L0_6534L0_1601L0)
      {
        int _ret_4_1743L2_6135L2_6555L2_1616L2=((((int)cur_193L7_4675L3_5017L3_1258L3))*(1))+(0);
        atomic((_lock_3L0_3L0[_ret_4_1743L2_6135L2_6555L2_1616L2])==(0))
        {
          _lock_3L0_3L0[_ret_4_1743L2_6135L2_6555L2_1616L2] = -1;
        }
      }
      __sa3_1281L0_5700L0_6099L0_1508L0[0] = 1;
    }
  }
  prev_140L1_4672L1_5015L1_1256L1 = prev_193L6_4675L2_5017L2_1258L2;
  cur_140L2_4672L2_5015L2_1256L2 = cur_193L7_4675L3_5017L3_1258L3;
  int __s_pac400_6629L4_1622L4=cur_193L7_4675L3_5017L3_1258L3;
  if((1)==(__s_Node_key_12_4L1_4L1[cur_193L7_4675L3_5017L3_1258L3]))
  {
    __s_Node_next_13_4L2_4L2[prev_193L6_4675L2_5017L2_1258L2] = __s_Node_next_13_4L2_4L2[cur_193L7_4675L3_5017L3_1258L3];
    ret_140L3_4672L3_5015L3_1256L3 = 1;
  }
  else
  {
    ret_140L3_4672L3_5015L3_1256L3 = 0;
  }
  int _ret_0_146L4_6207L4_6634L5_1627L5=((((int)prev_193L6_4675L2_5017L2_1258L2))*(1))+(0);
  atomic
  {
    _lock_3L0_3L0[_ret_0_146L4_6207L4_6634L5_1627L5] = 0;
  }
  int _ret_1_147L5_6208L5_6636L6_1629L6=((((int)cur_193L7_4675L3_5017L3_1258L3))*(1))+(0);
  atomic
  {
    _lock_3L0_3L0[_ret_1_147L5_6208L5_6636L6_1629L6] = 0;
  }
  _out_138L3_4671L2_5014L2_1255L2 = ret_140L3_4672L3_5015L3_1256L3;
  _has_out__140L0_4672L0_5015L0_1256L0 = 1;
  _ret_4_31L7_4668L7_5012L7_1253L7 = ret_140L3_4672L3_5015L3_1256L3;
  bit _ret_5_33L8_6211L8_6640L8_1633L8=0;
  int S_149L3_6214L0_6642L0_1635L0=0;
  bit _out_149L3_6214L1_6642L1_1635L1=0;
  bit _has_out__151L0_6215L0_6643L0_1636L0=0;
  int __s_pac404_6644L0_1637L0=0;
  int __s_pac403_6644L1_1637L1=__s_Set_tail_16_46L4_46L4[0];
  int __s_pac406_6645L0_1638L0=0;
  int __s_pac405_6645L1_1638L1=__s_Set_head_15_46L5_46L5[0];
  int __s_pac407_6645L2_1638L2=0;
  _out_149L3_6214L1_6642L1_1635L1 = (__s_Node_next_13_4L2_4L2[1])==(__s_Set_tail_16_46L4_46L4[0]);
  _has_out__151L0_6215L0_6643L0_1636L0 = 1;
  _ret_5_33L8_6211L8_6640L8_1633L8 = _out_149L3_6214L1_6642L1_1635L1;
  fork(int i_37L0_6220L0_6648L0_1641L0; 2)
  {
    if(((i_37L0_6220L0_6648L0_1641L0)%(2))==(0))
    {
      for(int j_43L0_6226L0_6654L0_1648L0=0;(j_43L0_6226L0_6654L0_1648L0)<(1);j_43L0_6226L0_6654L0_1648L0 = (j_43L0_6226L0_6654L0_1648L0)+(1))
      {
        int key_55L0_9334L0_9932L0_2430L0=(j_43L0_6226L0_6654L0_1648L0)+(((i_37L0_6220L0_6648L0_1641L0)/(2))*(1));
        int prev_193L6_9342L2_9938L2_2436L2=0;
        int cur_193L7_9342L3_9938L3_2436L3;
        prev_193L6_9342L2_9938L2_2436L2 = null;
        cur_193L7_9342L3_9938L3_2436L3 = __s_Set_head_15_46L5_46L5[0];
        int _ret_0_197L1_9345L1_9941L1_2439L1=((((int)cur_193L7_9342L3_9938L3_2436L3))*(1))+(0);
        atomic((_lock_3L0_3L0[_ret_0_197L1_9345L1_9941L1_2439L1])==(0))
        {
          _lock_3L0_3L0[_ret_0_197L1_9345L1_9941L1_2439L1] = (i_37L0_6220L0_6648L0_1641L0)+(1);
        }
        for(int i_200L0_9348L0_9945L0_2443L0=0;(i_200L0_9348L0_9945L0_2443L0)<(4);i_200L0_9348L0_9945L0_2443L0 = (i_200L0_9348L0_9945L0_2443L0)+(1))
        {
          if((__s_Node_key_12_4L1_4L1[cur_193L7_9342L3_9938L3_2436L3])<(key_55L0_9334L0_9932L0_2430L0))
          {
            bit[4] __sa3_1281L0_10367L0_11020L0_2686L0={0,0,0,0};
            __sa3_1281L0_10367L0_11020L0_2686L0[0] = 0;
            __sa3_1281L0_10367L0_11020L0_2686L0[1] = 0;
            __sa3_1281L0_10367L0_11020L0_2686L0[2] = 0;
            __sa3_1281L0_10367L0_11020L0_2686L0[3] = 0;
            int __s_tmp_cond_elim_0_1365L0_10446L0_11107L0_2708L0=__s_Node_next_13_4L2_4L2[cur_193L7_9342L3_9938L3_2436L3];
            int __s_tmp_cond_elim_0_1382L0_10462L0_11123L0_2719L0=__s_Node_next_13_4L2_4L2[cur_193L7_9342L3_9938L3_2436L3];
            boolean __s_tmp_cond_elim_1_1386L0_10466L0_11127L0_2722L0=(__s_tmp_cond_elim_0_1365L0_10446L0_11107L0_2708L0)!=(__s_tmp_cond_elim_0_1382L0_10462L0_11123L0_2719L0);
            if(__s_tmp_cond_elim_1_1386L0_10466L0_11127L0_2722L0)
            {
              int _ret_8_1408L2_10487L2_11148L2_2737L2=((((int)prev_193L6_9342L2_9938L2_2436L2))*(1))+(0);
              atomic
              {
                _lock_3L0_3L0[_ret_8_1408L2_10487L2_11148L2_2737L2] = 0;
              }
            }
            __sa3_1281L0_10367L0_11020L0_2686L0[1] = 1;
            prev_193L6_9342L2_9938L2_2436L2 = cur_193L7_9342L3_9938L3_2436L3;
            __sa3_1281L0_10367L0_11020L0_2686L0[2] = 1;
            cur_193L7_9342L3_9938L3_2436L3 = __s_Node_next_13_4L2_4L2[cur_193L7_9342L3_9938L3_2436L3];
            __sa3_1281L0_10367L0_11020L0_2686L0[3] = 1;
            int __s_tmp_cond_elim_0_1717L0_10777L0_11451L0_2776L0=__s_Node_next_13_4L2_4L2[cur_193L7_9342L3_9938L3_2436L3];
            boolean __s_tmp_cond_elim_1_1721L0_10781L0_11455L0_2779L0=(prev_193L6_9342L2_9938L2_2436L2)!=(__s_tmp_cond_elim_0_1717L0_10777L0_11451L0_2776L0);
            if(__s_tmp_cond_elim_1_1721L0_10781L0_11455L0_2779L0)
            {
              int _ret_4_1743L2_10802L2_11476L2_2794L2=((((int)cur_193L7_9342L3_9938L3_2436L3))*(1))+(0);
              atomic((_lock_3L0_3L0[_ret_4_1743L2_10802L2_11476L2_2794L2])==(0))
              {
                _lock_3L0_3L0[_ret_4_1743L2_10802L2_11476L2_2794L2] = (i_37L0_6220L0_6648L0_1641L0)+(1);
              }
            }
            __sa3_1281L0_10367L0_11020L0_2686L0[0] = 1;
          }
        }
        if((key_55L0_9334L0_9932L0_2430L0)<(__s_Node_key_12_4L1_4L1[cur_193L7_9342L3_9938L3_2436L3]))
        {
          int __s_tmp_new_Node_10_10874L2_11555L2_2805L2=0;
          atomic
          {
            __s_tmp_new_Node_10_10874L2_11555L2_2805L2 = __s_Node_nextInstance_11_4L0_4L0;
            __s_Node_nextInstance_11_4L0_4L0 = (__s_Node_nextInstance_11_4L0_4L0)+(1);
          }
          __s_Node_key_12_4L1_4L1[__s_tmp_new_Node_10_10874L2_11555L2_2805L2] = key_55L0_9334L0_9932L0_2430L0;
          __s_Node_next_13_4L2_4L2[__s_tmp_new_Node_10_10874L2_11555L2_2805L2] = cur_193L7_9342L3_9938L3_2436L3;
          __s_Node_next_13_4L2_4L2[prev_193L6_9342L2_9938L2_2436L2] = __s_tmp_new_Node_10_10874L2_11555L2_2805L2;
        }
        int _ret_1_135L4_10881L4_11562L5_2812L5=((((int)prev_193L6_9342L2_9938L2_2436L2))*(1))+(0);
        atomic
        {
          _lock_3L0_3L0[_ret_1_135L4_10881L4_11562L5_2812L5] = 0;
        }
        int _ret_2_136L5_10882L5_11564L6_2814L6=((((int)cur_193L7_9342L3_9938L3_2436L3))*(1))+(0);
        atomic
        {
          _lock_3L0_3L0[_ret_2_136L5_10882L5_11564L6_2814L6] = 0;
        }
      }
    }
    else
    {
      for(int j_62L0_10889L0_11572L0_2822L0=0;(j_62L0_10889L0_11572L0_2822L0)<(1);j_62L0_10889L0_11572L0_2822L0 = (j_62L0_10889L0_11572L0_2822L0)+(1))
      {
        int key_72L0_13981L0_14834L0_3588L0=(j_62L0_10889L0_11572L0_2822L0)+(((i_37L0_6220L0_6648L0_1641L0)/(2))*(1));
        bit ret_140L3_13986L3_14838L3_3592L3=0;
        int prev_193L6_13989L2_14840L2_3594L2=0;
        int cur_193L7_13989L3_14840L3_3594L3;
        prev_193L6_13989L2_14840L2_3594L2 = null;
        cur_193L7_13989L3_14840L3_3594L3 = __s_Set_head_15_46L5_46L5[0];
        int _ret_0_197L1_13992L1_14843L1_3597L1=((((int)cur_193L7_13989L3_14840L3_3594L3))*(1))+(0);
        atomic((_lock_3L0_3L0[_ret_0_197L1_13992L1_14843L1_3597L1])==(0))
        {
          _lock_3L0_3L0[_ret_0_197L1_13992L1_14843L1_3597L1] = (i_37L0_6220L0_6648L0_1641L0)+(1);
        }
        for(int i_200L0_13995L0_14847L0_3601L0=0;(i_200L0_13995L0_14847L0_3601L0)<(4);i_200L0_13995L0_14847L0_3601L0 = (i_200L0_13995L0_14847L0_3601L0)+(1))
        {
          if((__s_Node_key_12_4L1_4L1[cur_193L7_13989L3_14840L3_3594L3])<(key_72L0_13981L0_14834L0_3588L0))
          {
            bit[4] __sa3_1281L0_15014L0_15922L0_3844L0={0,0,0,0};
            __sa3_1281L0_15014L0_15922L0_3844L0[0] = 0;
            __sa3_1281L0_15014L0_15922L0_3844L0[1] = 0;
            __sa3_1281L0_15014L0_15922L0_3844L0[2] = 0;
            __sa3_1281L0_15014L0_15922L0_3844L0[3] = 0;
            int __s_tmp_cond_elim_0_1365L0_15093L0_16009L0_3866L0=__s_Node_next_13_4L2_4L2[cur_193L7_13989L3_14840L3_3594L3];
            int __s_tmp_cond_elim_0_1382L0_15109L0_16025L0_3877L0=__s_Node_next_13_4L2_4L2[cur_193L7_13989L3_14840L3_3594L3];
            boolean __s_tmp_cond_elim_1_1386L0_15113L0_16029L0_3880L0=(__s_tmp_cond_elim_0_1365L0_15093L0_16009L0_3866L0)!=(__s_tmp_cond_elim_0_1382L0_15109L0_16025L0_3877L0);
            if(__s_tmp_cond_elim_1_1386L0_15113L0_16029L0_3880L0)
            {
              int _ret_8_1408L2_15134L2_16050L2_3895L2=((((int)prev_193L6_13989L2_14840L2_3594L2))*(1))+(0);
              atomic
              {
                _lock_3L0_3L0[_ret_8_1408L2_15134L2_16050L2_3895L2] = 0;
              }
            }
            __sa3_1281L0_15014L0_15922L0_3844L0[1] = 1;
            prev_193L6_13989L2_14840L2_3594L2 = cur_193L7_13989L3_14840L3_3594L3;
            __sa3_1281L0_15014L0_15922L0_3844L0[2] = 1;
            cur_193L7_13989L3_14840L3_3594L3 = __s_Node_next_13_4L2_4L2[cur_193L7_13989L3_14840L3_3594L3];
            __sa3_1281L0_15014L0_15922L0_3844L0[3] = 1;
            int __s_tmp_cond_elim_0_1717L0_15424L0_16353L0_3934L0=__s_Node_next_13_4L2_4L2[cur_193L7_13989L3_14840L3_3594L3];
            boolean __s_tmp_cond_elim_1_1721L0_15428L0_16357L0_3937L0=(prev_193L6_13989L2_14840L2_3594L2)!=(__s_tmp_cond_elim_0_1717L0_15424L0_16353L0_3934L0);
            if(__s_tmp_cond_elim_1_1721L0_15428L0_16357L0_3937L0)
            {
              int _ret_4_1743L2_15449L2_16378L2_3952L2=((((int)cur_193L7_13989L3_14840L3_3594L3))*(1))+(0);
              atomic((_lock_3L0_3L0[_ret_4_1743L2_15449L2_16378L2_3952L2])==(0))
              {
                _lock_3L0_3L0[_ret_4_1743L2_15449L2_16378L2_3952L2] = (i_37L0_6220L0_6648L0_1641L0)+(1);
              }
            }
            __sa3_1281L0_15014L0_15922L0_3844L0[0] = 1;
          }
        }
        if((key_72L0_13981L0_14834L0_3588L0)==(__s_Node_key_12_4L1_4L1[cur_193L7_13989L3_14840L3_3594L3]))
        {
          __s_Node_next_13_4L2_4L2[prev_193L6_13989L2_14840L2_3594L2] = __s_Node_next_13_4L2_4L2[cur_193L7_13989L3_14840L3_3594L3];
          ret_140L3_13986L3_14838L3_3592L3 = 1;
        }
        else
        {
          ret_140L3_13986L3_14838L3_3592L3 = 0;
        }
        int _ret_0_146L4_15521L4_16457L5_3963L5=((((int)prev_193L6_13989L2_14840L2_3594L2))*(1))+(0);
        atomic
        {
          _lock_3L0_3L0[_ret_0_146L4_15521L4_16457L5_3963L5] = 0;
        }
        int _ret_1_147L5_15522L5_16459L6_3965L6=((((int)cur_193L7_13989L3_14840L3_3594L3))*(1))+(0);
        atomic
        {
          _lock_3L0_3L0[_ret_1_147L5_15522L5_16459L6_3965L6] = 0;
        }
        removed_25L3_25L3_111L3_111L3[key_72L0_13981L0_14834L0_3588L0] = ret_140L3_13986L3_14838L3_3592L3;
      }
    }
  }
  for(int k_78L0_15569L0_16506L0_4012L0=0;(k_78L0_15569L0_16506L0_4012L0)<(1);k_78L0_15569L0_16506L0_4012L0 = (k_78L0_15569L0_16506L0_4012L0)+(1))
  {
    if(removed_25L3_25L3_111L3_111L3[k_78L0_15569L0_16506L0_4012L0])
    {
      int prev_193L6_24864L2_26309L2_6327L2=0;
      int cur_193L7_24864L3_26309L3_6327L3;
      prev_193L6_24864L2_26309L2_6327L2 = null;
      cur_193L7_24864L3_26309L3_6327L3 = __s_Set_head_15_46L5_46L5[0];
      int _ret_0_197L1_24867L1_26312L1_6330L1=((((int)cur_193L7_24864L3_26309L3_6327L3))*(1))+(0);
      atomic((_lock_3L0_3L0[_ret_0_197L1_24867L1_26312L1_6330L1])==(0))
      {
        _lock_3L0_3L0[_ret_0_197L1_24867L1_26312L1_6330L1] = -1;
      }
      for(int i_200L0_24870L0_26316L0_6334L0=0;(i_200L0_24870L0_26316L0_6334L0)<(4);i_200L0_24870L0_26316L0_6334L0 = (i_200L0_24870L0_26316L0_6334L0)+(1))
      {
        if((__s_Node_key_12_4L1_4L1[cur_193L7_24864L3_26309L3_6327L3])<(k_78L0_15569L0_16506L0_4012L0))
        {
          bit[4] __sa3_1281L0_25889L0_27391L0_6577L0={0,0,0,0};
          __sa3_1281L0_25889L0_27391L0_6577L0[0] = 0;
          __sa3_1281L0_25889L0_27391L0_6577L0[1] = 0;
          __sa3_1281L0_25889L0_27391L0_6577L0[2] = 0;
          __sa3_1281L0_25889L0_27391L0_6577L0[3] = 0;
          int __s_tmp_cond_elim_0_1365L0_25968L0_27478L0_6599L0=__s_Node_next_13_4L2_4L2[cur_193L7_24864L3_26309L3_6327L3];
          int __s_tmp_cond_elim_0_1382L0_25984L0_27494L0_6610L0=__s_Node_next_13_4L2_4L2[cur_193L7_24864L3_26309L3_6327L3];
          boolean __s_tmp_cond_elim_1_1386L0_25988L0_27498L0_6613L0=(__s_tmp_cond_elim_0_1365L0_25968L0_27478L0_6599L0)!=(__s_tmp_cond_elim_0_1382L0_25984L0_27494L0_6610L0);
          if(__s_tmp_cond_elim_1_1386L0_25988L0_27498L0_6613L0)
          {
            int _ret_8_1408L2_26009L2_27519L2_6628L2=((((int)prev_193L6_24864L2_26309L2_6327L2))*(1))+(0);
            atomic
            {
              _lock_3L0_3L0[_ret_8_1408L2_26009L2_27519L2_6628L2] = 0;
            }
          }
          __sa3_1281L0_25889L0_27391L0_6577L0[1] = 1;
          prev_193L6_24864L2_26309L2_6327L2 = cur_193L7_24864L3_26309L3_6327L3;
          __sa3_1281L0_25889L0_27391L0_6577L0[2] = 1;
          cur_193L7_24864L3_26309L3_6327L3 = __s_Node_next_13_4L2_4L2[cur_193L7_24864L3_26309L3_6327L3];
          __sa3_1281L0_25889L0_27391L0_6577L0[3] = 1;
          int __s_tmp_cond_elim_0_1717L0_26299L0_27822L0_6667L0=__s_Node_next_13_4L2_4L2[cur_193L7_24864L3_26309L3_6327L3];
          boolean __s_tmp_cond_elim_1_1721L0_26303L0_27826L0_6670L0=(prev_193L6_24864L2_26309L2_6327L2)!=(__s_tmp_cond_elim_0_1717L0_26299L0_27822L0_6667L0);
          if(__s_tmp_cond_elim_1_1721L0_26303L0_27826L0_6670L0)
          {
            int _ret_4_1743L2_26324L2_27847L2_6685L2=((((int)cur_193L7_24864L3_26309L3_6327L3))*(1))+(0);
            atomic((_lock_3L0_3L0[_ret_4_1743L2_26324L2_27847L2_6685L2])==(0))
            {
              _lock_3L0_3L0[_ret_4_1743L2_26324L2_27847L2_6685L2] = -1;
            }
          }
          __sa3_1281L0_25889L0_27391L0_6577L0[0] = 1;
        }
      }
      if((k_78L0_15569L0_16506L0_4012L0)==(__s_Node_key_12_4L1_4L1[cur_193L7_24864L3_26309L3_6327L3]))
      {
        __s_Node_next_13_4L2_4L2[prev_193L6_24864L2_26309L2_6327L2] = __s_Node_next_13_4L2_4L2[cur_193L7_24864L3_26309L3_6327L3];
      }
      int _ret_0_146L4_26396L4_27926L5_6696L5=((((int)prev_193L6_24864L2_26309L2_6327L2))*(1))+(0);
      atomic
      {
        _lock_3L0_3L0[_ret_0_146L4_26396L4_27926L5_6696L5] = 0;
      }
      int _ret_1_147L5_26397L5_27928L6_6698L6=((((int)cur_193L7_24864L3_26309L3_6327L3))*(1))+(0);
      atomic
      {
        _lock_3L0_3L0[_ret_1_147L5_26397L5_27928L6_6698L6] = 0;
      }
    }
    else
    {
      int prev_193L6_26409L2_27939L2_6709L2=0;
      int cur_193L7_26409L3_27939L3_6709L3;
      prev_193L6_26409L2_27939L2_6709L2 = null;
      cur_193L7_26409L3_27939L3_6709L3 = __s_Set_head_15_46L5_46L5[0];
      int _ret_0_197L1_26412L1_27942L1_6712L1=((((int)cur_193L7_26409L3_27939L3_6709L3))*(1))+(0);
      atomic((_lock_3L0_3L0[_ret_0_197L1_26412L1_27942L1_6712L1])==(0))
      {
        _lock_3L0_3L0[_ret_0_197L1_26412L1_27942L1_6712L1] = -1;
      }
      for(int i_200L0_26415L0_27946L0_6716L0=0;(i_200L0_26415L0_27946L0_6716L0)<(4);i_200L0_26415L0_27946L0_6716L0 = (i_200L0_26415L0_27946L0_6716L0)+(1))
      {
        if((__s_Node_key_12_4L1_4L1[cur_193L7_26409L3_27939L3_6709L3])<(k_78L0_15569L0_16506L0_4012L0))
        {
          bit[4] __sa3_1281L0_27434L0_29021L0_6959L0={0,0,0,0};
          __sa3_1281L0_27434L0_29021L0_6959L0[0] = 0;
          __sa3_1281L0_27434L0_29021L0_6959L0[1] = 0;
          __sa3_1281L0_27434L0_29021L0_6959L0[2] = 0;
          __sa3_1281L0_27434L0_29021L0_6959L0[3] = 0;
          int __s_tmp_cond_elim_0_1365L0_27513L0_29108L0_6981L0=__s_Node_next_13_4L2_4L2[cur_193L7_26409L3_27939L3_6709L3];
          int __s_tmp_cond_elim_0_1382L0_27529L0_29124L0_6992L0=__s_Node_next_13_4L2_4L2[cur_193L7_26409L3_27939L3_6709L3];
          boolean __s_tmp_cond_elim_1_1386L0_27533L0_29128L0_6995L0=(__s_tmp_cond_elim_0_1365L0_27513L0_29108L0_6981L0)!=(__s_tmp_cond_elim_0_1382L0_27529L0_29124L0_6992L0);
          if(__s_tmp_cond_elim_1_1386L0_27533L0_29128L0_6995L0)
          {
            int _ret_8_1408L2_27554L2_29149L2_7010L2=((((int)prev_193L6_26409L2_27939L2_6709L2))*(1))+(0);
            atomic
            {
              _lock_3L0_3L0[_ret_8_1408L2_27554L2_29149L2_7010L2] = 0;
            }
          }
          __sa3_1281L0_27434L0_29021L0_6959L0[1] = 1;
          prev_193L6_26409L2_27939L2_6709L2 = cur_193L7_26409L3_27939L3_6709L3;
          __sa3_1281L0_27434L0_29021L0_6959L0[2] = 1;
          cur_193L7_26409L3_27939L3_6709L3 = __s_Node_next_13_4L2_4L2[cur_193L7_26409L3_27939L3_6709L3];
          __sa3_1281L0_27434L0_29021L0_6959L0[3] = 1;
          int __s_tmp_cond_elim_0_1717L0_27844L0_29452L0_7049L0=__s_Node_next_13_4L2_4L2[cur_193L7_26409L3_27939L3_6709L3];
          boolean __s_tmp_cond_elim_1_1721L0_27848L0_29456L0_7052L0=(prev_193L6_26409L2_27939L2_6709L2)!=(__s_tmp_cond_elim_0_1717L0_27844L0_29452L0_7049L0);
          if(__s_tmp_cond_elim_1_1721L0_27848L0_29456L0_7052L0)
          {
            int _ret_4_1743L2_27869L2_29477L2_7067L2=((((int)cur_193L7_26409L3_27939L3_6709L3))*(1))+(0);
            atomic((_lock_3L0_3L0[_ret_4_1743L2_27869L2_29477L2_7067L2])==(0))
            {
              _lock_3L0_3L0[_ret_4_1743L2_27869L2_29477L2_7067L2] = -1;
            }
          }
          __sa3_1281L0_27434L0_29021L0_6959L0[0] = 1;
        }
      }
      if((k_78L0_15569L0_16506L0_4012L0)<(__s_Node_key_12_4L1_4L1[cur_193L7_26409L3_27939L3_6709L3]))
      {
        int __s_tmp_new_Node_10_27941L2_29556L2_7078L2=0;
        atomic
        {
          __s_tmp_new_Node_10_27941L2_29556L2_7078L2 = __s_Node_nextInstance_11_4L0_4L0;
          __s_Node_nextInstance_11_4L0_4L0 = (__s_Node_nextInstance_11_4L0_4L0)+(1);
        }
        __s_Node_key_12_4L1_4L1[__s_tmp_new_Node_10_27941L2_29556L2_7078L2] = k_78L0_15569L0_16506L0_4012L0;
        __s_Node_next_13_4L2_4L2[__s_tmp_new_Node_10_27941L2_29556L2_7078L2] = cur_193L7_26409L3_27939L3_6709L3;
        __s_Node_next_13_4L2_4L2[prev_193L6_26409L2_27939L2_6709L2] = __s_tmp_new_Node_10_27941L2_29556L2_7078L2;
      }
      int _ret_1_135L4_27948L4_29563L5_7085L5=((((int)prev_193L6_26409L2_27939L2_6709L2))*(1))+(0);
      atomic
      {
        _lock_3L0_3L0[_ret_1_135L4_27948L4_29563L5_7085L5] = 0;
      }
      int _ret_2_136L5_27949L5_29565L6_7087L6=((((int)cur_193L7_26409L3_27939L3_6709L3))*(1))+(0);
      atomic
      {
        _lock_3L0_3L0[_ret_2_136L5_27949L5_29565L6_7087L6] = 0;
      }
      int prev_193L6_27959L2_29574L2_7096L2=0;
      int cur_193L7_27959L3_29574L3_7096L3;
      prev_193L6_27959L2_29574L2_7096L2 = null;
      cur_193L7_27959L3_29574L3_7096L3 = __s_Set_head_15_46L5_46L5[0];
      int _ret_0_197L1_27962L1_29577L1_7099L1=((((int)cur_193L7_27959L3_29574L3_7096L3))*(1))+(0);
      atomic((_lock_3L0_3L0[_ret_0_197L1_27962L1_29577L1_7099L1])==(0))
      {
        _lock_3L0_3L0[_ret_0_197L1_27962L1_29577L1_7099L1] = -1;
      }
      for(int i_200L0_27965L0_29581L0_7103L0=0;(i_200L0_27965L0_29581L0_7103L0)<(4);i_200L0_27965L0_29581L0_7103L0 = (i_200L0_27965L0_29581L0_7103L0)+(1))
      {
        if((__s_Node_key_12_4L1_4L1[cur_193L7_27959L3_29574L3_7096L3])<(k_78L0_15569L0_16506L0_4012L0))
        {
          bit[4] __sa3_1281L0_28984L0_30656L0_7346L0={0,0,0,0};
          __sa3_1281L0_28984L0_30656L0_7346L0[0] = 0;
          __sa3_1281L0_28984L0_30656L0_7346L0[1] = 0;
          __sa3_1281L0_28984L0_30656L0_7346L0[2] = 0;
          __sa3_1281L0_28984L0_30656L0_7346L0[3] = 0;
          int __s_tmp_cond_elim_0_1365L0_29063L0_30743L0_7368L0=__s_Node_next_13_4L2_4L2[cur_193L7_27959L3_29574L3_7096L3];
          int __s_tmp_cond_elim_0_1382L0_29079L0_30759L0_7379L0=__s_Node_next_13_4L2_4L2[cur_193L7_27959L3_29574L3_7096L3];
          boolean __s_tmp_cond_elim_1_1386L0_29083L0_30763L0_7382L0=(__s_tmp_cond_elim_0_1365L0_29063L0_30743L0_7368L0)!=(__s_tmp_cond_elim_0_1382L0_29079L0_30759L0_7379L0);
          if(__s_tmp_cond_elim_1_1386L0_29083L0_30763L0_7382L0)
          {
            int _ret_8_1408L2_29104L2_30784L2_7397L2=((((int)prev_193L6_27959L2_29574L2_7096L2))*(1))+(0);
            atomic
            {
              _lock_3L0_3L0[_ret_8_1408L2_29104L2_30784L2_7397L2] = 0;
            }
          }
          __sa3_1281L0_28984L0_30656L0_7346L0[1] = 1;
          prev_193L6_27959L2_29574L2_7096L2 = cur_193L7_27959L3_29574L3_7096L3;
          __sa3_1281L0_28984L0_30656L0_7346L0[2] = 1;
          cur_193L7_27959L3_29574L3_7096L3 = __s_Node_next_13_4L2_4L2[cur_193L7_27959L3_29574L3_7096L3];
          __sa3_1281L0_28984L0_30656L0_7346L0[3] = 1;
          int __s_tmp_cond_elim_0_1717L0_29394L0_31087L0_7436L0=__s_Node_next_13_4L2_4L2[cur_193L7_27959L3_29574L3_7096L3];
          boolean __s_tmp_cond_elim_1_1721L0_29398L0_31091L0_7439L0=(prev_193L6_27959L2_29574L2_7096L2)!=(__s_tmp_cond_elim_0_1717L0_29394L0_31087L0_7436L0);
          if(__s_tmp_cond_elim_1_1721L0_29398L0_31091L0_7439L0)
          {
            int _ret_4_1743L2_29419L2_31112L2_7454L2=((((int)cur_193L7_27959L3_29574L3_7096L3))*(1))+(0);
            atomic((_lock_3L0_3L0[_ret_4_1743L2_29419L2_31112L2_7454L2])==(0))
            {
              _lock_3L0_3L0[_ret_4_1743L2_29419L2_31112L2_7454L2] = -1;
            }
          }
          __sa3_1281L0_28984L0_30656L0_7346L0[0] = 1;
        }
      }
      if((k_78L0_15569L0_16506L0_4012L0)==(__s_Node_key_12_4L1_4L1[cur_193L7_27959L3_29574L3_7096L3]))
      {
        __s_Node_next_13_4L2_4L2[prev_193L6_27959L2_29574L2_7096L2] = __s_Node_next_13_4L2_4L2[cur_193L7_27959L3_29574L3_7096L3];
      }
      int _ret_0_146L4_29491L4_31191L5_7465L5=((((int)prev_193L6_27959L2_29574L2_7096L2))*(1))+(0);
      atomic
      {
        _lock_3L0_3L0[_ret_0_146L4_29491L4_31191L5_7465L5] = 0;
      }
      int _ret_1_147L5_29492L5_31193L6_7467L6=((((int)cur_193L7_27959L3_29574L3_7096L3))*(1))+(0);
      atomic
      {
        _lock_3L0_3L0[_ret_1_147L5_29492L5_31193L6_7467L6] = 0;
      }
    }
  }
  _out_1L0_1L0_1L0_1L0 = 1;
}
void T([!bit _out_117L1_29503L1_31204L1_7478L1])
{
  int[10] __s_Node_key_18_31206L1_7480L1={0,0,0,0,0,0,0,0,0,0}; int[10] __s_Node_next_19_31206L2_7480L2={0,0,0,0,0,0,0,0,0,0};
  __s_Node_key_18_31206L1_7480L1[0] = 0;
  __s_Node_key_18_31206L1_7480L1[1] = 0;
  __s_Node_key_18_31206L1_7480L1[2] = 0;
  __s_Node_key_18_31206L1_7480L1[3] = 0;
  __s_Node_key_18_31206L1_7480L1[4] = 0;
  __s_Node_key_18_31206L1_7480L1[5] = 0;
  __s_Node_key_18_31206L1_7480L1[6] = 0;
  __s_Node_key_18_31206L1_7480L1[7] = 0;
  __s_Node_key_18_31206L1_7480L1[8] = 0;
  __s_Node_key_18_31206L1_7480L1[9] = 0;
  int __s_tmp_cond_elim_58_31229L0_7503L0=null;
  __s_Node_next_19_31206L2_7480L2[0] = __s_tmp_cond_elim_58_31229L0_7503L0;
  int __s_tmp_cond_elim_58_31231L0_7505L0=null;
  __s_Node_next_19_31206L2_7480L2[1] = __s_tmp_cond_elim_58_31231L0_7505L0;
  int __s_tmp_cond_elim_58_31233L0_7507L0=null;
  __s_Node_next_19_31206L2_7480L2[2] = __s_tmp_cond_elim_58_31233L0_7507L0;
  int __s_tmp_cond_elim_58_31235L0_7509L0=null;
  __s_Node_next_19_31206L2_7480L2[3] = __s_tmp_cond_elim_58_31235L0_7509L0;
  int __s_tmp_cond_elim_58_31237L0_7511L0=null;
  __s_Node_next_19_31206L2_7480L2[4] = __s_tmp_cond_elim_58_31237L0_7511L0;
  int __s_tmp_cond_elim_58_31239L0_7513L0=null;
  __s_Node_next_19_31206L2_7480L2[5] = __s_tmp_cond_elim_58_31239L0_7513L0;
  int __s_tmp_cond_elim_58_31241L0_7515L0=null;
  __s_Node_next_19_31206L2_7480L2[6] = __s_tmp_cond_elim_58_31241L0_7515L0;
  int __s_tmp_cond_elim_58_31243L0_7517L0=null;
  __s_Node_next_19_31206L2_7480L2[7] = __s_tmp_cond_elim_58_31243L0_7517L0;
  int __s_tmp_cond_elim_58_31245L0_7519L0=null;
  __s_Node_next_19_31206L2_7480L2[8] = __s_tmp_cond_elim_58_31245L0_7519L0;
  int __s_tmp_cond_elim_58_31247L0_7521L0=null;
  __s_Node_next_19_31206L2_7480L2[9] = __s_tmp_cond_elim_58_31247L0_7521L0;
  int[10] __s_Set_tail_22_31248L4_7522L4={0,0,0,0,0,0,0,0,0,0}; int[10] __s_Set_head_21_31248L5_7522L5={0,0,0,0,0,0,0,0,0,0};
  int __s_tmp_cond_elim_59_31250L0_7524L0=null;
  __s_Set_tail_22_31248L4_7522L4[0] = __s_tmp_cond_elim_59_31250L0_7524L0;
  int __s_tmp_cond_elim_59_31252L0_7526L0=null;
  __s_Set_tail_22_31248L4_7522L4[1] = __s_tmp_cond_elim_59_31252L0_7526L0;
  int __s_tmp_cond_elim_59_31254L0_7528L0=null;
  __s_Set_tail_22_31248L4_7522L4[2] = __s_tmp_cond_elim_59_31254L0_7528L0;
  int __s_tmp_cond_elim_59_31256L0_7530L0=null;
  __s_Set_tail_22_31248L4_7522L4[3] = __s_tmp_cond_elim_59_31256L0_7530L0;
  int __s_tmp_cond_elim_59_31258L0_7532L0=null;
  __s_Set_tail_22_31248L4_7522L4[4] = __s_tmp_cond_elim_59_31258L0_7532L0;
  int __s_tmp_cond_elim_59_31260L0_7534L0=null;
  __s_Set_tail_22_31248L4_7522L4[5] = __s_tmp_cond_elim_59_31260L0_7534L0;
  int __s_tmp_cond_elim_59_31262L0_7536L0=null;
  __s_Set_tail_22_31248L4_7522L4[6] = __s_tmp_cond_elim_59_31262L0_7536L0;
  int __s_tmp_cond_elim_59_31264L0_7538L0=null;
  __s_Set_tail_22_31248L4_7522L4[7] = __s_tmp_cond_elim_59_31264L0_7538L0;
  int __s_tmp_cond_elim_59_31266L0_7540L0=null;
  __s_Set_tail_22_31248L4_7522L4[8] = __s_tmp_cond_elim_59_31266L0_7540L0;
  int __s_tmp_cond_elim_59_31268L0_7542L0=null;
  __s_Set_tail_22_31248L4_7522L4[9] = __s_tmp_cond_elim_59_31268L0_7542L0;
  int __s_tmp_cond_elim_60_31271L0_7545L0=null;
  __s_Set_head_21_31248L5_7522L5[0] = __s_tmp_cond_elim_60_31271L0_7545L0;
  int __s_tmp_cond_elim_60_31273L0_7547L0=null;
  __s_Set_head_21_31248L5_7522L5[1] = __s_tmp_cond_elim_60_31273L0_7547L0;
  int __s_tmp_cond_elim_60_31275L0_7549L0=null;
  __s_Set_head_21_31248L5_7522L5[2] = __s_tmp_cond_elim_60_31275L0_7549L0;
  int __s_tmp_cond_elim_60_31277L0_7551L0=null;
  __s_Set_head_21_31248L5_7522L5[3] = __s_tmp_cond_elim_60_31277L0_7551L0;
  int __s_tmp_cond_elim_60_31279L0_7553L0=null;
  __s_Set_head_21_31248L5_7522L5[4] = __s_tmp_cond_elim_60_31279L0_7553L0;
  int __s_tmp_cond_elim_60_31281L0_7555L0=null;
  __s_Set_head_21_31248L5_7522L5[5] = __s_tmp_cond_elim_60_31281L0_7555L0;
  int __s_tmp_cond_elim_60_31283L0_7557L0=null;
  __s_Set_head_21_31248L5_7522L5[6] = __s_tmp_cond_elim_60_31283L0_7557L0;
  int __s_tmp_cond_elim_60_31285L0_7559L0=null;
  __s_Set_head_21_31248L5_7522L5[7] = __s_tmp_cond_elim_60_31285L0_7559L0;
  int __s_tmp_cond_elim_60_31287L0_7561L0=null;
  __s_Set_head_21_31248L5_7522L5[8] = __s_tmp_cond_elim_60_31287L0_7561L0;
  int __s_tmp_cond_elim_60_31289L0_7563L0=null;
  __s_Set_head_21_31248L5_7522L5[9] = __s_tmp_cond_elim_60_31289L0_7563L0;
  _out_117L1_29503L1_31204L1_7478L1 = 1;
}
void lock([int mem])
void unlock([int mem])

===== Compilation statistics =====
  Solved? -----------------------------> true
  Number of iterations ----------------> 1
  Maximum memory usage (MiB) ----------> 110.43359
  Total elapsed time (s) --------------> 128.352
    % frontend ............ 6.114435
    % verification ........ 91.983765
    % synthesis ........... 1.9018013
  Total solution time (s) -------------> 1.734
    % verification ........ 38.523643
    % synthesis ........... 61.476357

  Synthesizer statistics:  
    [solver stats]
    Number of calls -------------------> 1
    Total elapsed time (s) ------------> 2.441
    Total model building time (s) -----> 1.369
    Total solution time (s) -----------> 1.066
    Maximum memory usage (MiB) --------> 31.933594
    Average elapsed time (s) ----------> 2.441
    Average model building time (s) ---> 1.369
    Average solution time (s) ---------> 1.066
    Average memory usage (MiB) --------> 31.933594

  Verifier statistics:     
    [solver stats]
    Number of calls -------------------> 2
    Total elapsed time (s) ------------> 118.063
    Total model building time (s) -----> 117.395
    Total solution time (s) -----------> 0.668
    Maximum memory usage (MiB) --------> 22.312
    Average elapsed time (s) ----------> 59.031
    Average model building time (s) ---> 58.697
    Average solution time (s) ---------> 0.334
    Average memory usage (MiB) --------> 16.062

  Frontend statistics:     
    Total elapsed time (s) ------------> 7.848
    Max memory usage (MiB) ------------> 78.5

[PSKETCH] DONE!
