Iteration 0
[SPINVERIF][2] Stats for last run:
      [solution stats]
      successful? ---------------------> false
      elapsed time (s) ----------------> 36.702
      model building time (s) ---------> 36.693
      solution time (s) ---------------> 0.0090
      max memory usage (MiB) ----------> 8.25
      [SPIN-specific stats]
      codegen time (s) ----------------> 13.016
      codegen memory (MiB) ------------> 0.0
      compiler time (s) ---------------> 23.677
      compiler memory (MiB) -----------> 0.0
      total SPIN time (s) -------------> 0.0090
      total SPIN mem (MiB) ------------> 8.25
      actual state mem (MiB) ----------> 0.0
      equiv state mem (MiB) -----------> 0.0
      state compression (%) -----------> 0.0
      # states explored ---------------> 330
      state exploration rate (states/s)> 0

[SATBackend] Stats for last run:
      [solution stats]
      successful? ---------------------> true
      elapsed time (s) ----------------> 1.403
      model building time (s) ---------> 0.798
      solution time (s) ---------------> 0.477
      max memory usage (MiB) ----------> 27.246094
      [SAT-specific solution stats]
      initial number of nodes ---------> 37572
      number of nodes after opts ------> 5167
      number of controls --------------> 48
      total number of control bits ----> 64

Iteration 1
[SPINVERIF][2] Stats for last run:
      [solution stats]
      successful? ---------------------> true
      elapsed time (s) ----------------> 37.187
      model building time (s) ---------> 36.798
      solution time (s) ---------------> 0.389
      max memory usage (MiB) ----------> 16.062
      [SPIN-specific stats]
      codegen time (s) ----------------> 12.996
      codegen memory (MiB) ------------> 0.0
      compiler time (s) ---------------> 23.802
      compiler memory (MiB) -----------> 0.0
      total SPIN time (s) -------------> 0.389
      total SPIN mem (MiB) ------------> 16.062
      actual state mem (MiB) ----------> 5.21
      equiv state mem (MiB) -----------> 31.755
      state compression (%) -----------> 16.406866
      # states explored ---------------> 5491
      state exploration rate (states/s)> 0

void main([!bit _out_1L0_1L0_1L0_1L0]) implements T
{
  int[10] _lock_3L0_3L0=0;
  int __s_Node_nextInstance_11_4L0_4L0=0; int[10] __s_Node_key_12_4L1_4L1={0,0,0,0,0,0,0,0,0,0}; int[10] __s_Node_next_13_4L2_4L2={0,0,0,0,0,0,0,0,0,0};
  bit __s_tmp_cond_elim_53_6L0_6L0=0;
  int __s_pac61_7L0_7L0=0;
  __s_tmp_cond_elim_53_6L0_6L0 = 0;
  int __s_pac62_7L1_7L1=0;
  __s_Node_key_12_4L1_4L1[0] = 0;
  bit __s_tmp_cond_elim_53_8L0_8L0=0;
  int __s_pac61_9L0_9L0=1;
  __s_tmp_cond_elim_53_8L0_8L0 = 0;
  int __s_pac62_9L1_9L1=1;
  __s_Node_key_12_4L1_4L1[1] = 0;
  bit __s_tmp_cond_elim_53_10L0_10L0=0;
  int __s_pac61_11L0_11L0=2;
  __s_tmp_cond_elim_53_10L0_10L0 = 0;
  int __s_pac62_11L1_11L1=2;
  __s_Node_key_12_4L1_4L1[2] = 0;
  bit __s_tmp_cond_elim_53_12L0_12L0=0;
  int __s_pac61_13L0_13L0=3;
  __s_tmp_cond_elim_53_12L0_12L0 = 0;
  int __s_pac62_13L1_13L1=3;
  __s_Node_key_12_4L1_4L1[3] = 0;
  bit __s_tmp_cond_elim_53_14L0_14L0=0;
  int __s_pac61_15L0_15L0=4;
  __s_tmp_cond_elim_53_14L0_14L0 = 0;
  int __s_pac62_15L1_15L1=4;
  __s_Node_key_12_4L1_4L1[4] = 0;
  bit __s_tmp_cond_elim_53_16L0_16L0=0;
  int __s_pac61_17L0_17L0=5;
  __s_tmp_cond_elim_53_16L0_16L0 = 0;
  int __s_pac62_17L1_17L1=5;
  __s_Node_key_12_4L1_4L1[5] = 0;
  bit __s_tmp_cond_elim_53_18L0_18L0=0;
  int __s_pac61_19L0_19L0=6;
  __s_tmp_cond_elim_53_18L0_18L0 = 0;
  int __s_pac62_19L1_19L1=6;
  __s_Node_key_12_4L1_4L1[6] = 0;
  bit __s_tmp_cond_elim_53_20L0_20L0=0;
  int __s_pac61_21L0_21L0=7;
  __s_tmp_cond_elim_53_20L0_20L0 = 0;
  int __s_pac62_21L1_21L1=7;
  __s_Node_key_12_4L1_4L1[7] = 0;
  bit __s_tmp_cond_elim_53_22L0_22L0=0;
  int __s_pac61_23L0_23L0=8;
  __s_tmp_cond_elim_53_22L0_22L0 = 0;
  int __s_pac62_23L1_23L1=8;
  __s_Node_key_12_4L1_4L1[8] = 0;
  bit __s_tmp_cond_elim_53_24L0_24L0=0;
  int __s_pac61_25L0_25L0=9;
  __s_tmp_cond_elim_53_24L0_24L0 = 0;
  int __s_pac62_25L1_25L1=9;
  __s_Node_key_12_4L1_4L1[9] = 0;
  int __s_tmp_cond_elim_54_27L0_27L0=0;
  int __s_pac63_28L0_28L0=0;
  __s_tmp_cond_elim_54_27L0_27L0 = null;
  int __s_pac64_28L1_28L1=0;
  __s_Node_next_13_4L2_4L2[0] = __s_tmp_cond_elim_54_27L0_27L0;
  int __s_tmp_cond_elim_54_29L0_29L0=0;
  int __s_pac63_30L0_30L0=1;
  __s_tmp_cond_elim_54_29L0_29L0 = null;
  int __s_pac64_30L1_30L1=1;
  __s_Node_next_13_4L2_4L2[1] = __s_tmp_cond_elim_54_29L0_29L0;
  int __s_tmp_cond_elim_54_31L0_31L0=0;
  int __s_pac63_32L0_32L0=2;
  __s_tmp_cond_elim_54_31L0_31L0 = null;
  int __s_pac64_32L1_32L1=2;
  __s_Node_next_13_4L2_4L2[2] = __s_tmp_cond_elim_54_31L0_31L0;
  int __s_tmp_cond_elim_54_33L0_33L0=0;
  int __s_pac63_34L0_34L0=3;
  __s_tmp_cond_elim_54_33L0_33L0 = null;
  int __s_pac64_34L1_34L1=3;
  __s_Node_next_13_4L2_4L2[3] = __s_tmp_cond_elim_54_33L0_33L0;
  int __s_tmp_cond_elim_54_35L0_35L0=0;
  int __s_pac63_36L0_36L0=4;
  __s_tmp_cond_elim_54_35L0_35L0 = null;
  int __s_pac64_36L1_36L1=4;
  __s_Node_next_13_4L2_4L2[4] = __s_tmp_cond_elim_54_35L0_35L0;
  int __s_tmp_cond_elim_54_37L0_37L0=0;
  int __s_pac63_38L0_38L0=5;
  __s_tmp_cond_elim_54_37L0_37L0 = null;
  int __s_pac64_38L1_38L1=5;
  __s_Node_next_13_4L2_4L2[5] = __s_tmp_cond_elim_54_37L0_37L0;
  int __s_tmp_cond_elim_54_39L0_39L0=0;
  int __s_pac63_40L0_40L0=6;
  __s_tmp_cond_elim_54_39L0_39L0 = null;
  int __s_pac64_40L1_40L1=6;
  __s_Node_next_13_4L2_4L2[6] = __s_tmp_cond_elim_54_39L0_39L0;
  int __s_tmp_cond_elim_54_41L0_41L0=0;
  int __s_pac63_42L0_42L0=7;
  __s_tmp_cond_elim_54_41L0_41L0 = null;
  int __s_pac64_42L1_42L1=7;
  __s_Node_next_13_4L2_4L2[7] = __s_tmp_cond_elim_54_41L0_41L0;
  int __s_tmp_cond_elim_54_43L0_43L0=0;
  int __s_pac63_44L0_44L0=8;
  __s_tmp_cond_elim_54_43L0_43L0 = null;
  int __s_pac64_44L1_44L1=8;
  __s_Node_next_13_4L2_4L2[8] = __s_tmp_cond_elim_54_43L0_43L0;
  int __s_tmp_cond_elim_54_45L0_45L0=0;
  int __s_pac63_46L0_46L0=9;
  __s_tmp_cond_elim_54_45L0_45L0 = null;
  int __s_pac64_46L1_46L1=9;
  __s_Node_next_13_4L2_4L2[9] = __s_tmp_cond_elim_54_45L0_45L0;
  int __s_Set_nextInstance_14_46L3_46L3=0; int[10] __s_Set_tail_16_46L4_46L4={0,0,0,0,0,0,0,0,0,0}; int[10] __s_Set_head_15_46L5_46L5={0,0,0,0,0,0,0,0,0,0};
  int __s_tmp_cond_elim_55_48L0_48L0=0;
  int __s_pac65_49L0_49L0=0;
  __s_tmp_cond_elim_55_48L0_48L0 = null;
  int __s_pac66_49L1_49L1=0;
  __s_Set_tail_16_46L4_46L4[0] = __s_tmp_cond_elim_55_48L0_48L0;
  int __s_tmp_cond_elim_55_50L0_50L0=0;
  int __s_pac65_51L0_51L0=1;
  __s_tmp_cond_elim_55_50L0_50L0 = null;
  int __s_pac66_51L1_51L1=1;
  __s_Set_tail_16_46L4_46L4[1] = __s_tmp_cond_elim_55_50L0_50L0;
  int __s_tmp_cond_elim_55_52L0_52L0=0;
  int __s_pac65_53L0_53L0=2;
  __s_tmp_cond_elim_55_52L0_52L0 = null;
  int __s_pac66_53L1_53L1=2;
  __s_Set_tail_16_46L4_46L4[2] = __s_tmp_cond_elim_55_52L0_52L0;
  int __s_tmp_cond_elim_55_54L0_54L0=0;
  int __s_pac65_55L0_55L0=3;
  __s_tmp_cond_elim_55_54L0_54L0 = null;
  int __s_pac66_55L1_55L1=3;
  __s_Set_tail_16_46L4_46L4[3] = __s_tmp_cond_elim_55_54L0_54L0;
  int __s_tmp_cond_elim_55_56L0_56L0=0;
  int __s_pac65_57L0_57L0=4;
  __s_tmp_cond_elim_55_56L0_56L0 = null;
  int __s_pac66_57L1_57L1=4;
  __s_Set_tail_16_46L4_46L4[4] = __s_tmp_cond_elim_55_56L0_56L0;
  int __s_tmp_cond_elim_55_58L0_58L0=0;
  int __s_pac65_59L0_59L0=5;
  __s_tmp_cond_elim_55_58L0_58L0 = null;
  int __s_pac66_59L1_59L1=5;
  __s_Set_tail_16_46L4_46L4[5] = __s_tmp_cond_elim_55_58L0_58L0;
  int __s_tmp_cond_elim_55_60L0_60L0=0;
  int __s_pac65_61L0_61L0=6;
  __s_tmp_cond_elim_55_60L0_60L0 = null;
  int __s_pac66_61L1_61L1=6;
  __s_Set_tail_16_46L4_46L4[6] = __s_tmp_cond_elim_55_60L0_60L0;
  int __s_tmp_cond_elim_55_62L0_62L0=0;
  int __s_pac65_63L0_63L0=7;
  __s_tmp_cond_elim_55_62L0_62L0 = null;
  int __s_pac66_63L1_63L1=7;
  __s_Set_tail_16_46L4_46L4[7] = __s_tmp_cond_elim_55_62L0_62L0;
  int __s_tmp_cond_elim_55_64L0_64L0=0;
  int __s_pac65_65L0_65L0=8;
  __s_tmp_cond_elim_55_64L0_64L0 = null;
  int __s_pac66_65L1_65L1=8;
  __s_Set_tail_16_46L4_46L4[8] = __s_tmp_cond_elim_55_64L0_64L0;
  int __s_tmp_cond_elim_55_66L0_66L0=0;
  int __s_pac65_67L0_67L0=9;
  __s_tmp_cond_elim_55_66L0_66L0 = null;
  int __s_pac66_67L1_67L1=9;
  __s_Set_tail_16_46L4_46L4[9] = __s_tmp_cond_elim_55_66L0_66L0;
  int __s_tmp_cond_elim_56_69L0_69L0=0;
  int __s_pac67_70L0_70L0=0;
  __s_tmp_cond_elim_56_69L0_69L0 = null;
  int __s_pac68_70L1_70L1=0;
  __s_Set_head_15_46L5_46L5[0] = __s_tmp_cond_elim_56_69L0_69L0;
  int __s_tmp_cond_elim_56_71L0_71L0=0;
  int __s_pac67_72L0_72L0=1;
  __s_tmp_cond_elim_56_71L0_71L0 = null;
  int __s_pac68_72L1_72L1=1;
  __s_Set_head_15_46L5_46L5[1] = __s_tmp_cond_elim_56_71L0_71L0;
  int __s_tmp_cond_elim_56_73L0_73L0=0;
  int __s_pac67_74L0_74L0=2;
  __s_tmp_cond_elim_56_73L0_73L0 = null;
  int __s_pac68_74L1_74L1=2;
  __s_Set_head_15_46L5_46L5[2] = __s_tmp_cond_elim_56_73L0_73L0;
  int __s_tmp_cond_elim_56_75L0_75L0=0;
  int __s_pac67_76L0_76L0=3;
  __s_tmp_cond_elim_56_75L0_75L0 = null;
  int __s_pac68_76L1_76L1=3;
  __s_Set_head_15_46L5_46L5[3] = __s_tmp_cond_elim_56_75L0_75L0;
  int __s_tmp_cond_elim_56_77L0_77L0=0;
  int __s_pac67_78L0_78L0=4;
  __s_tmp_cond_elim_56_77L0_77L0 = null;
  int __s_pac68_78L1_78L1=4;
  __s_Set_head_15_46L5_46L5[4] = __s_tmp_cond_elim_56_77L0_77L0;
  int __s_tmp_cond_elim_56_79L0_79L0=0;
  int __s_pac67_80L0_80L0=5;
  __s_tmp_cond_elim_56_79L0_79L0 = null;
  int __s_pac68_80L1_80L1=5;
  __s_Set_head_15_46L5_46L5[5] = __s_tmp_cond_elim_56_79L0_79L0;
  int __s_tmp_cond_elim_56_81L0_81L0=0;
  int __s_pac67_82L0_82L0=6;
  __s_tmp_cond_elim_56_81L0_81L0 = null;
  int __s_pac68_82L1_82L1=6;
  __s_Set_head_15_46L5_46L5[6] = __s_tmp_cond_elim_56_81L0_81L0;
  int __s_tmp_cond_elim_56_83L0_83L0=0;
  int __s_pac67_84L0_84L0=7;
  __s_tmp_cond_elim_56_83L0_83L0 = null;
  int __s_pac68_84L1_84L1=7;
  __s_Set_head_15_46L5_46L5[7] = __s_tmp_cond_elim_56_83L0_83L0;
  int __s_tmp_cond_elim_56_85L0_85L0=0;
  int __s_pac67_86L0_86L0=8;
  __s_tmp_cond_elim_56_85L0_85L0 = null;
  int __s_pac68_86L1_86L1=8;
  __s_Set_head_15_46L5_46L5[8] = __s_tmp_cond_elim_56_85L0_85L0;
  int __s_tmp_cond_elim_56_87L0_87L0=0;
  int __s_pac67_88L0_88L0=9;
  __s_tmp_cond_elim_56_87L0_87L0 = null;
  int __s_pac68_88L1_88L1=9;
  __s_Set_head_15_46L5_46L5[9] = __s_tmp_cond_elim_56_87L0_87L0;
  _out_1L0_1L0_1L0_1L0 = 0;
  bit _has_out__3L0_3L0_89L0_89L0=0;
  int S_4L1_4L1_90L1_90L1=0;
  int _ret_0_4L2_4L2_90L2_90L2=0;
  int negInf_7L0_6L0_92L0_92L0=-1;
  int posInf_7L1_6L1_92L1_92L1=4;
  int _out_7L2_6L2_92L2_92L2=0;
  bit _has_out__8L0_7L0_93L0_93L0=0;
  int S_8L1_7L1_93L1_93L1=0;
  int __s_tmp_new_Set_7_7L2_93L2_93L2=0;
  atomic
  {
    __s_tmp_new_Set_7_7L2_93L2_93L2 = 0;
    __s_Set_nextInstance_14_46L3_46L3 = 1;
  }
  S_8L1_7L1_93L1_93L1 = 0;
  int _ret_0_8L2_8L3_94L3_94L3=null;
  int _ret_1_8L3_8L4_94L4_94L4=0;
  int key_11L0_10L0_96L0_96L0=4;
  int next_11L1_10L1_96L1_96L1=_ret_0_8L2_8L3_94L3_94L3;
  int _out_11L2_10L2_96L2_96L2=0;
  bit _has_out__12L0_11L0_97L0_97L0=0;
  int n_12L1_11L1_97L1_97L1=0;
  int __s_tmp_new_Node_8_11L2_97L2_97L2=0;
  atomic
  {
    __s_tmp_new_Node_8_11L2_97L2_97L2 = 0;
  }
  n_12L1_11L1_97L1_97L1 = 0;
  int __s_pac69_99L0_99L0=0;
  __s_Node_key_12_4L1_4L1[0] = 4;
  int __s_pac70_100L0_100L0=0;
  __s_Node_next_13_4L2_4L2[0] = _ret_0_8L2_8L3_94L3_94L3;
  _out_11L2_10L2_96L2_96L2 = 0;
  _has_out__12L0_11L0_97L0_97L0 = 1;
  _ret_1_8L3_8L4_94L4_94L4 = 0;
  int __s_pac71_102L0_102L0=0;
  __s_Set_tail_16_46L4_46L4[0] = 0;
  int _ret_2_16L4_16L5_102L5_102L5=0;
  int __s_pac72_102L6_102L6=0;
  _ret_2_16L4_16L5_102L5_102L5 = __s_Set_tail_16_46L4_46L4[0];
  int _ret_3_16L5_16L6_102L7_102L7=0;
  int key_19L0_18L0_104L0_104L0=-1;
  int next_19L1_18L1_104L1_104L1=0;
  int _out_19L2_18L2_104L2_104L2=0;
  bit _has_out__20L0_19L0_105L0_105L0=0;
  int n_20L1_19L1_105L1_105L1=0;
  int __s_tmp_new_Node_9_19L2_105L2_105L2=0;
  atomic
  {
    __s_tmp_new_Node_9_19L2_105L2_105L2 = 1;
    __s_Node_nextInstance_11_4L0_4L0 = 2;
  }
  n_20L1_19L1_105L1_105L1 = 1;
  int __s_pac73_107L0_107L0=1;
  __s_Node_key_12_4L1_4L1[1] = -1;
  int __s_pac74_108L0_108L0=1;
  __s_Node_next_13_4L2_4L2[1] = 0;
  _out_19L2_18L2_104L2_104L2 = 1;
  _has_out__20L0_19L0_105L0_105L0 = 1;
  _ret_3_16L5_16L6_102L7_102L7 = 1;
  int __s_pac75_110L0_110L0=0;
  __s_Set_head_15_46L5_46L5[0] = 1;
  _out_7L2_6L2_92L2_92L2 = 0;
  _has_out__8L0_7L0_93L0_93L0 = 1;
  _ret_0_4L2_4L2_90L2_90L2 = 0;
  S_4L1_4L1_90L1_90L1 = 0;
  bit[2] removed_25L3_25L3_111L3_111L3={0,0};
  int __s_pac76_113L0_113L0=0;
  removed_25L3_25L3_111L3_111L3[0] = 0;
  int __s_pac76_114L0_114L0=1;
  removed_25L3_25L3_111L3_111L3[1] = 0;
  bit _ret_1_25L4_25L4_114L4_114L4=0;
  int S_120L1_28L0_116L0_116L0=0;
  int key_120L2_28L1_116L1_116L1=4;
  bit _out_120L3_28L2_116L2_116L2=0;
  bit _has_out__122L0_29L0_117L0_117L0=0;
  int prev_122L1_29L1_117L1_117L1=0; int cur_122L2_29L2_117L2_117L2=0;
  bit ret_122L3_29L3_117L3_117L3=0;
  int S_193L6_32L0_119L0_119L0=0;
  int key_193L6_32L1_119L1_119L1=4;
  int prev_193L6_32L2_119L2_119L2=0;
  int cur_193L7_32L3_119L3_119L3=0;
  bit _has_out__195L0_33L0_120L0_120L0=0;
  prev_193L6_32L2_119L2_119L2 = null;
  int __s_pac77_122L0_122L0=0;
  cur_193L7_32L3_119L3_119L3 = __s_Set_head_15_46L5_46L5[0];
  int _ret_0_197L1_35L1_122L1_122L1=1;
  atomic(1)
  {
    _lock_3L0_3L0[1] = -1;
  }
  for(int i_200L0_38L0_126L0_126L0=0;(i_200L0_38L0_126L0_126L0)<(4);i_200L0_38L0_126L0_126L0 = (i_200L0_38L0_126L0_126L0)+(1))
  {
    if((__s_Node_key_12_4L1_4L1[cur_193L7_32L3_119L3_119L3])<(4))
    {
      bit[4] __sa3_945L0_745L0_889L0_313L0={0,0,0,0};
      __sa3_945L0_745L0_889L0_313L0[0] = 0;
      __sa3_945L0_745L0_889L0_313L0[1] = 0;
      __sa3_945L0_745L0_889L0_313L0[2] = 0;
      __sa3_945L0_745L0_889L0_313L0[3] = 0;
      int __s_tmp_cond_elim_0_982L0_780L0_930L0_345L0=__s_Node_next_13_4L2_4L2[cur_193L7_32L3_119L3_119L3];
      boolean __s_tmp_cond_elim_1_986L0_784L0_934L0_348L0=(prev_193L6_32L2_119L2_119L2)!=(__s_tmp_cond_elim_0_982L0_780L0_930L0_345L0);
      if(__s_tmp_cond_elim_1_986L0_784L0_934L0_348L0)
      {
        int __s_tmp_cond_elim_0_1005L0_802L0_952L0_361L0=__s_Node_next_13_4L2_4L2[cur_193L7_32L3_119L3_119L3];
        int _ret_4_1008L2_805L2_955L2_363L2=((((int)__s_tmp_cond_elim_0_1005L0_802L0_952L0_361L0))*(1))+(0);
        atomic((_lock_3L0_3L0[_ret_4_1008L2_805L2_955L2_363L2])==(0))
        {
          _lock_3L0_3L0[_ret_4_1008L2_805L2_955L2_363L2] = -1;
        }
      }
      __sa3_945L0_745L0_889L0_313L0[0] = 1;
      if((prev_193L6_32L2_119L2_119L2)!=(null))
      {
        int _ret_6_1121L2_912L2_1069L2_382L2=((((int)cur_193L7_32L3_119L3_119L3))*(1))+(0);
        atomic
        {
          _lock_3L0_3L0[_ret_6_1121L2_912L2_1069L2_382L2] = 0;
        }
      }
      __sa3_945L0_745L0_889L0_313L0[1] = 1;
      prev_193L6_32L2_119L2_119L2 = cur_193L7_32L3_119L3_119L3;
      __sa3_945L0_745L0_889L0_313L0[2] = 1;
      cur_193L7_32L3_119L3_119L3 = __s_Node_next_13_4L2_4L2[cur_193L7_32L3_119L3_119L3];
      __sa3_945L0_745L0_889L0_313L0[3] = 1;
    }
  }
  prev_122L1_29L1_117L1_117L1 = prev_193L6_32L2_119L2_119L2;
  cur_122L2_29L2_117L2_117L2 = cur_193L7_32L3_119L3_119L3;
  int __s_pac147_1263L4_399L4=cur_193L7_32L3_119L3_119L3;
  if((4)<(__s_Node_key_12_4L1_4L1[cur_193L7_32L3_119L3_119L3]))
  {
    atomic
    {
      __s_Node_nextInstance_11_4L0_4L0 = 3;
    }
    __s_Node_key_12_4L1_4L1[2] = 4;
    __s_Node_next_13_4L2_4L2[2] = cur_193L7_32L3_119L3_119L3;
    __s_Node_next_13_4L2_4L2[prev_193L6_32L2_119L2_119L2] = 2;
    ret_122L3_29L3_117L3_117L3 = 1;
  }
  else
  {
    ret_122L3_29L3_117L3_117L3 = 0;
  }
  int _ret_1_135L4_1103L4_1275L5_411L5=((((int)prev_193L6_32L2_119L2_119L2))*(1))+(0);
  atomic
  {
    _lock_3L0_3L0[_ret_1_135L4_1103L4_1275L5_411L5] = 0;
  }
  int _ret_2_136L5_1104L5_1277L6_413L6=((((int)cur_193L7_32L3_119L3_119L3))*(1))+(0);
  atomic
  {
    _lock_3L0_3L0[_ret_2_136L5_1104L5_1277L6_413L6] = 0;
  }
  _out_120L3_28L2_116L2_116L2 = ret_122L3_29L3_117L3_117L3;
  _has_out__122L0_29L0_117L0_117L0 = 1;
  _ret_1_25L4_25L4_114L4_114L4 = ret_122L3_29L3_117L3_117L3;
  bit _ret_2_27L5_1107L5_1281L5_417L5=0;
  int S_138L3_1110L0_1283L0_419L0=0;
  int key_138L3_1110L1_1283L1_419L1=1;
  bit _out_138L3_1110L2_1283L2_419L2=0;
  bit _has_out__140L0_1111L0_1284L0_420L0=0;
  int prev_140L1_1111L1_1284L1_420L1=0; int cur_140L2_1111L2_1284L2_420L2=0;
  bit ret_140L3_1111L3_1284L3_420L3=0;
  int S_193L6_1114L0_1286L0_422L0=0;
  int key_193L6_1114L1_1286L1_422L1=1;
  int prev_193L6_1114L2_1286L2_422L2=0;
  int cur_193L7_1114L3_1286L3_422L3=0;
  bit _has_out__195L0_1115L0_1287L0_423L0=0;
  prev_193L6_1114L2_1286L2_422L2 = null;
  int __s_pac151_1289L0_425L0=0;
  cur_193L7_1114L3_1286L3_422L3 = __s_Set_head_15_46L5_46L5[0];
  int _ret_0_197L1_1117L1_1289L1_425L1=1;
  atomic((_lock_3L0_3L0[1])==(0))
  {
    _lock_3L0_3L0[1] = -1;
  }
  for(int i_200L0_1120L0_1293L0_429L0=0;(i_200L0_1120L0_1293L0_429L0)<(4);i_200L0_1120L0_1293L0_429L0 = (i_200L0_1120L0_1293L0_429L0)+(1))
  {
    if((__s_Node_key_12_4L1_4L1[cur_193L7_1114L3_1286L3_422L3])<(1))
    {
      bit[4] __sa3_945L0_1827L0_2056L0_616L0={0,0,0,0};
      __sa3_945L0_1827L0_2056L0_616L0[0] = 0;
      __sa3_945L0_1827L0_2056L0_616L0[1] = 0;
      __sa3_945L0_1827L0_2056L0_616L0[2] = 0;
      __sa3_945L0_1827L0_2056L0_616L0[3] = 0;
      int __s_tmp_cond_elim_0_982L0_1862L0_2097L0_648L0=__s_Node_next_13_4L2_4L2[cur_193L7_1114L3_1286L3_422L3];
      boolean __s_tmp_cond_elim_1_986L0_1866L0_2101L0_651L0=(prev_193L6_1114L2_1286L2_422L2)!=(__s_tmp_cond_elim_0_982L0_1862L0_2097L0_648L0);
      if(__s_tmp_cond_elim_1_986L0_1866L0_2101L0_651L0)
      {
        int __s_tmp_cond_elim_0_1005L0_1884L0_2119L0_664L0=__s_Node_next_13_4L2_4L2[cur_193L7_1114L3_1286L3_422L3];
        int _ret_4_1008L2_1887L2_2122L2_666L2=((((int)__s_tmp_cond_elim_0_1005L0_1884L0_2119L0_664L0))*(1))+(0);
        atomic((_lock_3L0_3L0[_ret_4_1008L2_1887L2_2122L2_666L2])==(0))
        {
          _lock_3L0_3L0[_ret_4_1008L2_1887L2_2122L2_666L2] = -1;
        }
      }
      __sa3_945L0_1827L0_2056L0_616L0[0] = 1;
      if((prev_193L6_1114L2_1286L2_422L2)!=(null))
      {
        int _ret_6_1121L2_1994L2_2236L2_685L2=((((int)cur_193L7_1114L3_1286L3_422L3))*(1))+(0);
        atomic
        {
          _lock_3L0_3L0[_ret_6_1121L2_1994L2_2236L2_685L2] = 0;
        }
      }
      __sa3_945L0_1827L0_2056L0_616L0[1] = 1;
      prev_193L6_1114L2_1286L2_422L2 = cur_193L7_1114L3_1286L3_422L3;
      __sa3_945L0_1827L0_2056L0_616L0[2] = 1;
      cur_193L7_1114L3_1286L3_422L3 = __s_Node_next_13_4L2_4L2[cur_193L7_1114L3_1286L3_422L3];
      __sa3_945L0_1827L0_2056L0_616L0[3] = 1;
    }
  }
  prev_140L1_1111L1_1284L1_420L1 = prev_193L6_1114L2_1286L2_422L2;
  cur_140L2_1111L2_1284L2_420L2 = cur_193L7_1114L3_1286L3_422L3;
  int __s_pac221_2430L4_702L4=cur_193L7_1114L3_1286L3_422L3;
  if((1)==(__s_Node_key_12_4L1_4L1[cur_193L7_1114L3_1286L3_422L3]))
  {
    __s_Node_next_13_4L2_4L2[prev_193L6_1114L2_1286L2_422L2] = __s_Node_next_13_4L2_4L2[cur_193L7_1114L3_1286L3_422L3];
    ret_140L3_1111L3_1284L3_420L3 = 1;
  }
  else
  {
    ret_140L3_1111L3_1284L3_420L3 = 0;
  }
  int _ret_0_146L4_2178L4_2435L5_707L5=((((int)prev_193L6_1114L2_1286L2_422L2))*(1))+(0);
  atomic
  {
    _lock_3L0_3L0[_ret_0_146L4_2178L4_2435L5_707L5] = 0;
  }
  int _ret_1_147L5_2179L5_2437L6_709L6=((((int)cur_193L7_1114L3_1286L3_422L3))*(1))+(0);
  atomic
  {
    _lock_3L0_3L0[_ret_1_147L5_2179L5_2437L6_709L6] = 0;
  }
  _out_138L3_1110L2_1283L2_419L2 = ret_140L3_1111L3_1284L3_420L3;
  _has_out__140L0_1111L0_1284L0_420L0 = 1;
  _ret_2_27L5_1107L5_1281L5_417L5 = ret_140L3_1111L3_1284L3_420L3;
  bit _ret_3_29L6_2182L6_2441L6_713L6=0;
  int S_120L1_2185L0_2443L0_715L0=0;
  int key_120L2_2185L1_2443L1_715L1=1;
  bit _out_120L3_2185L2_2443L2_715L2=0;
  bit _has_out__122L0_2186L0_2444L0_716L0=0;
  int prev_122L1_2186L1_2444L1_716L1=0; int cur_122L2_2186L2_2444L2_716L2=0;
  bit ret_122L3_2186L3_2444L3_716L3=0;
  int S_193L6_2189L0_2446L0_718L0=0;
  int key_193L6_2189L1_2446L1_718L1=1;
  int prev_193L6_2189L2_2446L2_718L2=0;
  int cur_193L7_2189L3_2446L3_718L3=0;
  bit _has_out__195L0_2190L0_2447L0_719L0=0;
  prev_193L6_2189L2_2446L2_718L2 = null;
  int __s_pac224_2449L0_721L0=0;
  cur_193L7_2189L3_2446L3_718L3 = __s_Set_head_15_46L5_46L5[0];
  int _ret_0_197L1_2192L1_2449L1_721L1=1;
  atomic((_lock_3L0_3L0[1])==(0))
  {
    _lock_3L0_3L0[1] = -1;
  }
  for(int i_200L0_2195L0_2453L0_725L0=0;(i_200L0_2195L0_2453L0_725L0)<(4);i_200L0_2195L0_2453L0_725L0 = (i_200L0_2195L0_2453L0_725L0)+(1))
  {
    if((__s_Node_key_12_4L1_4L1[cur_193L7_2189L3_2446L3_718L3])<(1))
    {
      bit[4] __sa3_945L0_2902L0_3216L0_912L0={0,0,0,0};
      __sa3_945L0_2902L0_3216L0_912L0[0] = 0;
      __sa3_945L0_2902L0_3216L0_912L0[1] = 0;
      __sa3_945L0_2902L0_3216L0_912L0[2] = 0;
      __sa3_945L0_2902L0_3216L0_912L0[3] = 0;
      int __s_tmp_cond_elim_0_982L0_2937L0_3257L0_944L0=__s_Node_next_13_4L2_4L2[cur_193L7_2189L3_2446L3_718L3];
      boolean __s_tmp_cond_elim_1_986L0_2941L0_3261L0_947L0=(prev_193L6_2189L2_2446L2_718L2)!=(__s_tmp_cond_elim_0_982L0_2937L0_3257L0_944L0);
      if(__s_tmp_cond_elim_1_986L0_2941L0_3261L0_947L0)
      {
        int __s_tmp_cond_elim_0_1005L0_2959L0_3279L0_960L0=__s_Node_next_13_4L2_4L2[cur_193L7_2189L3_2446L3_718L3];
        int _ret_4_1008L2_2962L2_3282L2_962L2=((((int)__s_tmp_cond_elim_0_1005L0_2959L0_3279L0_960L0))*(1))+(0);
        atomic((_lock_3L0_3L0[_ret_4_1008L2_2962L2_3282L2_962L2])==(0))
        {
          _lock_3L0_3L0[_ret_4_1008L2_2962L2_3282L2_962L2] = -1;
        }
      }
      __sa3_945L0_2902L0_3216L0_912L0[0] = 1;
      if((prev_193L6_2189L2_2446L2_718L2)!=(null))
      {
        int _ret_6_1121L2_3069L2_3396L2_981L2=((((int)cur_193L7_2189L3_2446L3_718L3))*(1))+(0);
        atomic
        {
          _lock_3L0_3L0[_ret_6_1121L2_3069L2_3396L2_981L2] = 0;
        }
      }
      __sa3_945L0_2902L0_3216L0_912L0[1] = 1;
      prev_193L6_2189L2_2446L2_718L2 = cur_193L7_2189L3_2446L3_718L3;
      __sa3_945L0_2902L0_3216L0_912L0[2] = 1;
      cur_193L7_2189L3_2446L3_718L3 = __s_Node_next_13_4L2_4L2[cur_193L7_2189L3_2446L3_718L3];
      __sa3_945L0_2902L0_3216L0_912L0[3] = 1;
    }
  }
  prev_122L1_2186L1_2444L1_716L1 = prev_193L6_2189L2_2446L2_718L2;
  cur_122L2_2186L2_2444L2_716L2 = cur_193L7_2189L3_2446L3_718L3;
  int __s_pac294_3590L4_998L4=cur_193L7_2189L3_2446L3_718L3;
  if((1)<(__s_Node_key_12_4L1_4L1[cur_193L7_2189L3_2446L3_718L3]))
  {
    int __s_tmp_new_Node_10_3253L2_3595L2_1003L2=0;
    atomic
    {
      __s_tmp_new_Node_10_3253L2_3595L2_1003L2 = __s_Node_nextInstance_11_4L0_4L0;
      __s_Node_nextInstance_11_4L0_4L0 = (__s_Node_nextInstance_11_4L0_4L0)+(1);
    }
    __s_Node_key_12_4L1_4L1[__s_tmp_new_Node_10_3253L2_3595L2_1003L2] = 1;
    __s_Node_next_13_4L2_4L2[__s_tmp_new_Node_10_3253L2_3595L2_1003L2] = cur_193L7_2189L3_2446L3_718L3;
    __s_Node_next_13_4L2_4L2[prev_193L6_2189L2_2446L2_718L2] = __s_tmp_new_Node_10_3253L2_3595L2_1003L2;
    ret_122L3_2186L3_2444L3_716L3 = 1;
  }
  else
  {
    ret_122L3_2186L3_2444L3_716L3 = 0;
  }
  int _ret_1_135L4_3260L4_3602L5_1010L5=((((int)prev_193L6_2189L2_2446L2_718L2))*(1))+(0);
  atomic
  {
    _lock_3L0_3L0[_ret_1_135L4_3260L4_3602L5_1010L5] = 0;
  }
  int _ret_2_136L5_3261L5_3604L6_1012L6=((((int)cur_193L7_2189L3_2446L3_718L3))*(1))+(0);
  atomic
  {
    _lock_3L0_3L0[_ret_2_136L5_3261L5_3604L6_1012L6] = 0;
  }
  _out_120L3_2185L2_2443L2_715L2 = ret_122L3_2186L3_2444L3_716L3;
  _has_out__122L0_2186L0_2444L0_716L0 = 1;
  _ret_3_29L6_2182L6_2441L6_713L6 = ret_122L3_2186L3_2444L3_716L3;
  bit _ret_4_31L7_3264L7_3608L7_1016L7=0;
  int S_138L3_3267L0_3610L0_1018L0=0;
  int key_138L3_3267L1_3610L1_1018L1=1;
  bit _out_138L3_3267L2_3610L2_1018L2=0;
  bit _has_out__140L0_3268L0_3611L0_1019L0=0;
  int prev_140L1_3268L1_3611L1_1019L1=0; int cur_140L2_3268L2_3611L2_1019L2=0;
  bit ret_140L3_3268L3_3611L3_1019L3=0;
  int S_193L6_3271L0_3613L0_1021L0=0;
  int key_193L6_3271L1_3613L1_1021L1=1;
  int prev_193L6_3271L2_3613L2_1021L2=0;
  int cur_193L7_3271L3_3613L3_1021L3=0;
  bit _has_out__195L0_3272L0_3614L0_1022L0=0;
  prev_193L6_3271L2_3613L2_1021L2 = null;
  int __s_pac298_3616L0_1024L0=0;
  cur_193L7_3271L3_3613L3_1021L3 = __s_Set_head_15_46L5_46L5[0];
  int _ret_0_197L1_3274L1_3616L1_1024L1=1;
  atomic((_lock_3L0_3L0[1])==(0))
  {
    _lock_3L0_3L0[1] = -1;
  }
  for(int i_200L0_3277L0_3620L0_1028L0=0;(i_200L0_3277L0_3620L0_1028L0)<(4);i_200L0_3277L0_3620L0_1028L0 = (i_200L0_3277L0_3620L0_1028L0)+(1))
  {
    if((__s_Node_key_12_4L1_4L1[cur_193L7_3271L3_3613L3_1021L3])<(1))
    {
      bit[4] __sa3_945L0_3984L0_4383L0_1215L0={0,0,0,0};
      __sa3_945L0_3984L0_4383L0_1215L0[0] = 0;
      __sa3_945L0_3984L0_4383L0_1215L0[1] = 0;
      __sa3_945L0_3984L0_4383L0_1215L0[2] = 0;
      __sa3_945L0_3984L0_4383L0_1215L0[3] = 0;
      int __s_tmp_cond_elim_0_982L0_4019L0_4424L0_1247L0=__s_Node_next_13_4L2_4L2[cur_193L7_3271L3_3613L3_1021L3];
      boolean __s_tmp_cond_elim_1_986L0_4023L0_4428L0_1250L0=(prev_193L6_3271L2_3613L2_1021L2)!=(__s_tmp_cond_elim_0_982L0_4019L0_4424L0_1247L0);
      if(__s_tmp_cond_elim_1_986L0_4023L0_4428L0_1250L0)
      {
        int __s_tmp_cond_elim_0_1005L0_4041L0_4446L0_1263L0=__s_Node_next_13_4L2_4L2[cur_193L7_3271L3_3613L3_1021L3];
        int _ret_4_1008L2_4044L2_4449L2_1265L2=((((int)__s_tmp_cond_elim_0_1005L0_4041L0_4446L0_1263L0))*(1))+(0);
        atomic((_lock_3L0_3L0[_ret_4_1008L2_4044L2_4449L2_1265L2])==(0))
        {
          _lock_3L0_3L0[_ret_4_1008L2_4044L2_4449L2_1265L2] = -1;
        }
      }
      __sa3_945L0_3984L0_4383L0_1215L0[0] = 1;
      if((prev_193L6_3271L2_3613L2_1021L2)!=(null))
      {
        int _ret_6_1121L2_4151L2_4563L2_1284L2=((((int)cur_193L7_3271L3_3613L3_1021L3))*(1))+(0);
        atomic
        {
          _lock_3L0_3L0[_ret_6_1121L2_4151L2_4563L2_1284L2] = 0;
        }
      }
      __sa3_945L0_3984L0_4383L0_1215L0[1] = 1;
      prev_193L6_3271L2_3613L2_1021L2 = cur_193L7_3271L3_3613L3_1021L3;
      __sa3_945L0_3984L0_4383L0_1215L0[2] = 1;
      cur_193L7_3271L3_3613L3_1021L3 = __s_Node_next_13_4L2_4L2[cur_193L7_3271L3_3613L3_1021L3];
      __sa3_945L0_3984L0_4383L0_1215L0[3] = 1;
    }
  }
  prev_140L1_3268L1_3611L1_1019L1 = prev_193L6_3271L2_3613L2_1021L2;
  cur_140L2_3268L2_3611L2_1019L2 = cur_193L7_3271L3_3613L3_1021L3;
  int __s_pac368_4757L4_1301L4=cur_193L7_3271L3_3613L3_1021L3;
  if((1)==(__s_Node_key_12_4L1_4L1[cur_193L7_3271L3_3613L3_1021L3]))
  {
    __s_Node_next_13_4L2_4L2[prev_193L6_3271L2_3613L2_1021L2] = __s_Node_next_13_4L2_4L2[cur_193L7_3271L3_3613L3_1021L3];
    ret_140L3_3268L3_3611L3_1019L3 = 1;
  }
  else
  {
    ret_140L3_3268L3_3611L3_1019L3 = 0;
  }
  int _ret_0_146L4_4335L4_4762L5_1306L5=((((int)prev_193L6_3271L2_3613L2_1021L2))*(1))+(0);
  atomic
  {
    _lock_3L0_3L0[_ret_0_146L4_4335L4_4762L5_1306L5] = 0;
  }
  int _ret_1_147L5_4336L5_4764L6_1308L6=((((int)cur_193L7_3271L3_3613L3_1021L3))*(1))+(0);
  atomic
  {
    _lock_3L0_3L0[_ret_1_147L5_4336L5_4764L6_1308L6] = 0;
  }
  _out_138L3_3267L2_3610L2_1018L2 = ret_140L3_3268L3_3611L3_1019L3;
  _has_out__140L0_3268L0_3611L0_1019L0 = 1;
  _ret_4_31L7_3264L7_3608L7_1016L7 = ret_140L3_3268L3_3611L3_1019L3;
  bit _ret_5_33L8_4339L8_4768L8_1312L8=0;
  int S_149L3_4342L0_4770L0_1314L0=0;
  bit _out_149L3_4342L1_4770L1_1314L1=0;
  bit _has_out__151L0_4343L0_4771L0_1315L0=0;
  int __s_pac372_4772L0_1316L0=0;
  int __s_pac371_4772L1_1316L1=__s_Set_tail_16_46L4_46L4[0];
  int __s_pac374_4773L0_1317L0=0;
  int __s_pac373_4773L1_1317L1=__s_Set_head_15_46L5_46L5[0];
  int __s_pac375_4773L2_1317L2=0;
  _out_149L3_4342L1_4770L1_1314L1 = (__s_Node_next_13_4L2_4L2[1])==(__s_Set_tail_16_46L4_46L4[0]);
  _has_out__151L0_4343L0_4771L0_1315L0 = 1;
  _ret_5_33L8_4339L8_4768L8_1312L8 = _out_149L3_4342L1_4770L1_1314L1;
  fork(int i_37L0_4348L0_4776L0_1320L0; 2)
  {
    if(((i_37L0_4348L0_4776L0_1320L0)%(2))==(0))
    {
      for(int j_43L0_4354L0_4782L0_1327L0=0;(j_43L0_4354L0_4782L0_1327L0)<(1);j_43L0_4354L0_4782L0_1327L0 = (j_43L0_4354L0_4782L0_1327L0)+(1))
      {
        int key_55L0_6526L0_7124L0_1941L0=(j_43L0_4354L0_4782L0_1327L0)+(((i_37L0_4348L0_4776L0_1320L0)/(2))*(1));
        int prev_193L6_6534L2_7130L2_1947L2=0;
        int cur_193L7_6534L3_7130L3_1947L3;
        prev_193L6_6534L2_7130L2_1947L2 = null;
        cur_193L7_6534L3_7130L3_1947L3 = __s_Set_head_15_46L5_46L5[0];
        int _ret_0_197L1_6537L1_7133L1_1950L1=((((int)cur_193L7_6534L3_7130L3_1947L3))*(1))+(0);
        atomic((_lock_3L0_3L0[_ret_0_197L1_6537L1_7133L1_1950L1])==(0))
        {
          _lock_3L0_3L0[_ret_0_197L1_6537L1_7133L1_1950L1] = (i_37L0_4348L0_4776L0_1320L0)+(1);
        }
        for(int i_200L0_6540L0_7137L0_1954L0=0;(i_200L0_6540L0_7137L0_1954L0)<(4);i_200L0_6540L0_7137L0_1954L0 = (i_200L0_6540L0_7137L0_1954L0)+(1))
        {
          if((__s_Node_key_12_4L1_4L1[cur_193L7_6534L3_7130L3_1947L3])<(key_55L0_6526L0_7124L0_1941L0))
          {
            bit[4] __sa3_945L0_7247L0_7900L0_2141L0={0,0,0,0};
            __sa3_945L0_7247L0_7900L0_2141L0[0] = 0;
            __sa3_945L0_7247L0_7900L0_2141L0[1] = 0;
            __sa3_945L0_7247L0_7900L0_2141L0[2] = 0;
            __sa3_945L0_7247L0_7900L0_2141L0[3] = 0;
            int __s_tmp_cond_elim_0_982L0_7282L0_7941L0_2173L0=__s_Node_next_13_4L2_4L2[cur_193L7_6534L3_7130L3_1947L3];
            boolean __s_tmp_cond_elim_1_986L0_7286L0_7945L0_2176L0=(prev_193L6_6534L2_7130L2_1947L2)!=(__s_tmp_cond_elim_0_982L0_7282L0_7941L0_2173L0);
            if(__s_tmp_cond_elim_1_986L0_7286L0_7945L0_2176L0)
            {
              int __s_tmp_cond_elim_0_1005L0_7304L0_7963L0_2189L0=__s_Node_next_13_4L2_4L2[cur_193L7_6534L3_7130L3_1947L3];
              int _ret_4_1008L2_7307L2_7966L2_2191L2=((((int)__s_tmp_cond_elim_0_1005L0_7304L0_7963L0_2189L0))*(1))+(0);
              atomic((_lock_3L0_3L0[_ret_4_1008L2_7307L2_7966L2_2191L2])==(0))
              {
                _lock_3L0_3L0[_ret_4_1008L2_7307L2_7966L2_2191L2] = (i_37L0_4348L0_4776L0_1320L0)+(1);
              }
            }
            __sa3_945L0_7247L0_7900L0_2141L0[0] = 1;
            if((prev_193L6_6534L2_7130L2_1947L2)!=(null))
            {
              int _ret_6_1121L2_7414L2_8080L2_2210L2=((((int)cur_193L7_6534L3_7130L3_1947L3))*(1))+(0);
              atomic
              {
                _lock_3L0_3L0[_ret_6_1121L2_7414L2_8080L2_2210L2] = 0;
              }
            }
            __sa3_945L0_7247L0_7900L0_2141L0[1] = 1;
            prev_193L6_6534L2_7130L2_1947L2 = cur_193L7_6534L3_7130L3_1947L3;
            __sa3_945L0_7247L0_7900L0_2141L0[2] = 1;
            cur_193L7_6534L3_7130L3_1947L3 = __s_Node_next_13_4L2_4L2[cur_193L7_6534L3_7130L3_1947L3];
            __sa3_945L0_7247L0_7900L0_2141L0[3] = 1;
          }
        }
        if((key_55L0_6526L0_7124L0_1941L0)<(__s_Node_key_12_4L1_4L1[cur_193L7_6534L3_7130L3_1947L3]))
        {
          int __s_tmp_new_Node_10_7598L2_8279L2_2232L2=0;
          atomic
          {
            __s_tmp_new_Node_10_7598L2_8279L2_2232L2 = __s_Node_nextInstance_11_4L0_4L0;
            __s_Node_nextInstance_11_4L0_4L0 = (__s_Node_nextInstance_11_4L0_4L0)+(1);
          }
          __s_Node_key_12_4L1_4L1[__s_tmp_new_Node_10_7598L2_8279L2_2232L2] = key_55L0_6526L0_7124L0_1941L0;
          __s_Node_next_13_4L2_4L2[__s_tmp_new_Node_10_7598L2_8279L2_2232L2] = cur_193L7_6534L3_7130L3_1947L3;
          __s_Node_next_13_4L2_4L2[prev_193L6_6534L2_7130L2_1947L2] = __s_tmp_new_Node_10_7598L2_8279L2_2232L2;
        }
        int _ret_1_135L4_7605L4_8286L5_2239L5=((((int)prev_193L6_6534L2_7130L2_1947L2))*(1))+(0);
        atomic
        {
          _lock_3L0_3L0[_ret_1_135L4_7605L4_8286L5_2239L5] = 0;
        }
        int _ret_2_136L5_7606L5_8288L6_2241L6=((((int)cur_193L7_6534L3_7130L3_1947L3))*(1))+(0);
        atomic
        {
          _lock_3L0_3L0[_ret_2_136L5_7606L5_8288L6_2241L6] = 0;
        }
      }
    }
    else
    {
      for(int j_62L0_7613L0_8296L0_2249L0=0;(j_62L0_7613L0_8296L0_2249L0)<(1);j_62L0_7613L0_8296L0_2249L0 = (j_62L0_7613L0_8296L0_2249L0)+(1))
      {
        int key_72L0_9769L0_10622L0_2847L0=(j_62L0_7613L0_8296L0_2249L0)+(((i_37L0_4348L0_4776L0_1320L0)/(2))*(1));
        bit ret_140L3_9774L3_10626L3_2851L3=0;
        int prev_193L6_9777L2_10628L2_2853L2=0;
        int cur_193L7_9777L3_10628L3_2853L3;
        prev_193L6_9777L2_10628L2_2853L2 = null;
        cur_193L7_9777L3_10628L3_2853L3 = __s_Set_head_15_46L5_46L5[0];
        int _ret_0_197L1_9780L1_10631L1_2856L1=((((int)cur_193L7_9777L3_10628L3_2853L3))*(1))+(0);
        atomic((_lock_3L0_3L0[_ret_0_197L1_9780L1_10631L1_2856L1])==(0))
        {
          _lock_3L0_3L0[_ret_0_197L1_9780L1_10631L1_2856L1] = (i_37L0_4348L0_4776L0_1320L0)+(1);
        }
        for(int i_200L0_9783L0_10635L0_2860L0=0;(i_200L0_9783L0_10635L0_2860L0)<(4);i_200L0_9783L0_10635L0_2860L0 = (i_200L0_9783L0_10635L0_2860L0)+(1))
        {
          if((__s_Node_key_12_4L1_4L1[cur_193L7_9777L3_10628L3_2853L3])<(key_72L0_9769L0_10622L0_2847L0))
          {
            bit[4] __sa3_945L0_10490L0_11398L0_3047L0={0,0,0,0};
            __sa3_945L0_10490L0_11398L0_3047L0[0] = 0;
            __sa3_945L0_10490L0_11398L0_3047L0[1] = 0;
            __sa3_945L0_10490L0_11398L0_3047L0[2] = 0;
            __sa3_945L0_10490L0_11398L0_3047L0[3] = 0;
            int __s_tmp_cond_elim_0_982L0_10525L0_11439L0_3079L0=__s_Node_next_13_4L2_4L2[cur_193L7_9777L3_10628L3_2853L3];
            boolean __s_tmp_cond_elim_1_986L0_10529L0_11443L0_3082L0=(prev_193L6_9777L2_10628L2_2853L2)!=(__s_tmp_cond_elim_0_982L0_10525L0_11439L0_3079L0);
            if(__s_tmp_cond_elim_1_986L0_10529L0_11443L0_3082L0)
            {
              int __s_tmp_cond_elim_0_1005L0_10547L0_11461L0_3095L0=__s_Node_next_13_4L2_4L2[cur_193L7_9777L3_10628L3_2853L3];
              int _ret_4_1008L2_10550L2_11464L2_3097L2=((((int)__s_tmp_cond_elim_0_1005L0_10547L0_11461L0_3095L0))*(1))+(0);
              atomic((_lock_3L0_3L0[_ret_4_1008L2_10550L2_11464L2_3097L2])==(0))
              {
                _lock_3L0_3L0[_ret_4_1008L2_10550L2_11464L2_3097L2] = (i_37L0_4348L0_4776L0_1320L0)+(1);
              }
            }
            __sa3_945L0_10490L0_11398L0_3047L0[0] = 1;
            if((prev_193L6_9777L2_10628L2_2853L2)!=(null))
            {
              int _ret_6_1121L2_10657L2_11578L2_3116L2=((((int)cur_193L7_9777L3_10628L3_2853L3))*(1))+(0);
              atomic
              {
                _lock_3L0_3L0[_ret_6_1121L2_10657L2_11578L2_3116L2] = 0;
              }
            }
            __sa3_945L0_10490L0_11398L0_3047L0[1] = 1;
            prev_193L6_9777L2_10628L2_2853L2 = cur_193L7_9777L3_10628L3_2853L3;
            __sa3_945L0_10490L0_11398L0_3047L0[2] = 1;
            cur_193L7_9777L3_10628L3_2853L3 = __s_Node_next_13_4L2_4L2[cur_193L7_9777L3_10628L3_2853L3];
            __sa3_945L0_10490L0_11398L0_3047L0[3] = 1;
          }
        }
        if((key_72L0_9769L0_10622L0_2847L0)==(__s_Node_key_12_4L1_4L1[cur_193L7_9777L3_10628L3_2853L3]))
        {
          __s_Node_next_13_4L2_4L2[prev_193L6_9777L2_10628L2_2853L2] = __s_Node_next_13_4L2_4L2[cur_193L7_9777L3_10628L3_2853L3];
          ret_140L3_9774L3_10626L3_2851L3 = 1;
        }
        else
        {
          ret_140L3_9774L3_10626L3_2851L3 = 0;
        }
        int _ret_0_146L4_10841L4_11777L5_3138L5=((((int)prev_193L6_9777L2_10628L2_2853L2))*(1))+(0);
        atomic
        {
          _lock_3L0_3L0[_ret_0_146L4_10841L4_11777L5_3138L5] = 0;
        }
        int _ret_1_147L5_10842L5_11779L6_3140L6=((((int)cur_193L7_9777L3_10628L3_2853L3))*(1))+(0);
        atomic
        {
          _lock_3L0_3L0[_ret_1_147L5_10842L5_11779L6_3140L6] = 0;
        }
        removed_25L3_25L3_111L3_111L3[key_72L0_9769L0_10622L0_2847L0] = ret_140L3_9774L3_10626L3_2851L3;
      }
    }
  }
  for(int k_78L0_10889L0_11826L0_3187L0=0;(k_78L0_10889L0_11826L0_3187L0)<(1);k_78L0_10889L0_11826L0_3187L0 = (k_78L0_10889L0_11826L0_3187L0)+(1))
  {
    if(removed_25L3_25L3_111L3_111L3[k_78L0_10889L0_11826L0_3187L0])
    {
      int prev_193L6_17376L2_18821L2_4998L2=0;
      int cur_193L7_17376L3_18821L3_4998L3;
      prev_193L6_17376L2_18821L2_4998L2 = null;
      cur_193L7_17376L3_18821L3_4998L3 = __s_Set_head_15_46L5_46L5[0];
      int _ret_0_197L1_17379L1_18824L1_5001L1=((((int)cur_193L7_17376L3_18821L3_4998L3))*(1))+(0);
      atomic((_lock_3L0_3L0[_ret_0_197L1_17379L1_18824L1_5001L1])==(0))
      {
        _lock_3L0_3L0[_ret_0_197L1_17379L1_18824L1_5001L1] = -1;
      }
      for(int i_200L0_17382L0_18828L0_5005L0=0;(i_200L0_17382L0_18828L0_5005L0)<(4);i_200L0_17382L0_18828L0_5005L0 = (i_200L0_17382L0_18828L0_5005L0)+(1))
      {
        if((__s_Node_key_12_4L1_4L1[cur_193L7_17376L3_18821L3_4998L3])<(k_78L0_10889L0_11826L0_3187L0))
        {
          bit[4] __sa3_945L0_18089L0_19591L0_5192L0={0,0,0,0};
          __sa3_945L0_18089L0_19591L0_5192L0[0] = 0;
          __sa3_945L0_18089L0_19591L0_5192L0[1] = 0;
          __sa3_945L0_18089L0_19591L0_5192L0[2] = 0;
          __sa3_945L0_18089L0_19591L0_5192L0[3] = 0;
          int __s_tmp_cond_elim_0_982L0_18124L0_19632L0_5224L0=__s_Node_next_13_4L2_4L2[cur_193L7_17376L3_18821L3_4998L3];
          boolean __s_tmp_cond_elim_1_986L0_18128L0_19636L0_5227L0=(prev_193L6_17376L2_18821L2_4998L2)!=(__s_tmp_cond_elim_0_982L0_18124L0_19632L0_5224L0);
          if(__s_tmp_cond_elim_1_986L0_18128L0_19636L0_5227L0)
          {
            int __s_tmp_cond_elim_0_1005L0_18146L0_19654L0_5240L0=__s_Node_next_13_4L2_4L2[cur_193L7_17376L3_18821L3_4998L3];
            int _ret_4_1008L2_18149L2_19657L2_5242L2=((((int)__s_tmp_cond_elim_0_1005L0_18146L0_19654L0_5240L0))*(1))+(0);
            atomic((_lock_3L0_3L0[_ret_4_1008L2_18149L2_19657L2_5242L2])==(0))
            {
              _lock_3L0_3L0[_ret_4_1008L2_18149L2_19657L2_5242L2] = -1;
            }
          }
          __sa3_945L0_18089L0_19591L0_5192L0[0] = 1;
          if((prev_193L6_17376L2_18821L2_4998L2)!=(null))
          {
            int _ret_6_1121L2_18256L2_19771L2_5261L2=((((int)cur_193L7_17376L3_18821L3_4998L3))*(1))+(0);
            atomic
            {
              _lock_3L0_3L0[_ret_6_1121L2_18256L2_19771L2_5261L2] = 0;
            }
          }
          __sa3_945L0_18089L0_19591L0_5192L0[1] = 1;
          prev_193L6_17376L2_18821L2_4998L2 = cur_193L7_17376L3_18821L3_4998L3;
          __sa3_945L0_18089L0_19591L0_5192L0[2] = 1;
          cur_193L7_17376L3_18821L3_4998L3 = __s_Node_next_13_4L2_4L2[cur_193L7_17376L3_18821L3_4998L3];
          __sa3_945L0_18089L0_19591L0_5192L0[3] = 1;
        }
      }
      if((k_78L0_10889L0_11826L0_3187L0)==(__s_Node_key_12_4L1_4L1[cur_193L7_17376L3_18821L3_4998L3]))
      {
        __s_Node_next_13_4L2_4L2[prev_193L6_17376L2_18821L2_4998L2] = __s_Node_next_13_4L2_4L2[cur_193L7_17376L3_18821L3_4998L3];
      }
      int _ret_0_146L4_18440L4_19970L5_5283L5=((((int)prev_193L6_17376L2_18821L2_4998L2))*(1))+(0);
      atomic
      {
        _lock_3L0_3L0[_ret_0_146L4_18440L4_19970L5_5283L5] = 0;
      }
      int _ret_1_147L5_18441L5_19972L6_5285L6=((((int)cur_193L7_17376L3_18821L3_4998L3))*(1))+(0);
      atomic
      {
        _lock_3L0_3L0[_ret_1_147L5_18441L5_19972L6_5285L6] = 0;
      }
    }
    else
    {
      int prev_193L6_18453L2_19983L2_5296L2=0;
      int cur_193L7_18453L3_19983L3_5296L3;
      prev_193L6_18453L2_19983L2_5296L2 = null;
      cur_193L7_18453L3_19983L3_5296L3 = __s_Set_head_15_46L5_46L5[0];
      int _ret_0_197L1_18456L1_19986L1_5299L1=((((int)cur_193L7_18453L3_19983L3_5296L3))*(1))+(0);
      atomic((_lock_3L0_3L0[_ret_0_197L1_18456L1_19986L1_5299L1])==(0))
      {
        _lock_3L0_3L0[_ret_0_197L1_18456L1_19986L1_5299L1] = -1;
      }
      for(int i_200L0_18459L0_19990L0_5303L0=0;(i_200L0_18459L0_19990L0_5303L0)<(4);i_200L0_18459L0_19990L0_5303L0 = (i_200L0_18459L0_19990L0_5303L0)+(1))
      {
        if((__s_Node_key_12_4L1_4L1[cur_193L7_18453L3_19983L3_5296L3])<(k_78L0_10889L0_11826L0_3187L0))
        {
          bit[4] __sa3_945L0_19166L0_20753L0_5490L0={0,0,0,0};
          __sa3_945L0_19166L0_20753L0_5490L0[0] = 0;
          __sa3_945L0_19166L0_20753L0_5490L0[1] = 0;
          __sa3_945L0_19166L0_20753L0_5490L0[2] = 0;
          __sa3_945L0_19166L0_20753L0_5490L0[3] = 0;
          int __s_tmp_cond_elim_0_982L0_19201L0_20794L0_5522L0=__s_Node_next_13_4L2_4L2[cur_193L7_18453L3_19983L3_5296L3];
          boolean __s_tmp_cond_elim_1_986L0_19205L0_20798L0_5525L0=(prev_193L6_18453L2_19983L2_5296L2)!=(__s_tmp_cond_elim_0_982L0_19201L0_20794L0_5522L0);
          if(__s_tmp_cond_elim_1_986L0_19205L0_20798L0_5525L0)
          {
            int __s_tmp_cond_elim_0_1005L0_19223L0_20816L0_5538L0=__s_Node_next_13_4L2_4L2[cur_193L7_18453L3_19983L3_5296L3];
            int _ret_4_1008L2_19226L2_20819L2_5540L2=((((int)__s_tmp_cond_elim_0_1005L0_19223L0_20816L0_5538L0))*(1))+(0);
            atomic((_lock_3L0_3L0[_ret_4_1008L2_19226L2_20819L2_5540L2])==(0))
            {
              _lock_3L0_3L0[_ret_4_1008L2_19226L2_20819L2_5540L2] = -1;
            }
          }
          __sa3_945L0_19166L0_20753L0_5490L0[0] = 1;
          if((prev_193L6_18453L2_19983L2_5296L2)!=(null))
          {
            int _ret_6_1121L2_19333L2_20933L2_5559L2=((((int)cur_193L7_18453L3_19983L3_5296L3))*(1))+(0);
            atomic
            {
              _lock_3L0_3L0[_ret_6_1121L2_19333L2_20933L2_5559L2] = 0;
            }
          }
          __sa3_945L0_19166L0_20753L0_5490L0[1] = 1;
          prev_193L6_18453L2_19983L2_5296L2 = cur_193L7_18453L3_19983L3_5296L3;
          __sa3_945L0_19166L0_20753L0_5490L0[2] = 1;
          cur_193L7_18453L3_19983L3_5296L3 = __s_Node_next_13_4L2_4L2[cur_193L7_18453L3_19983L3_5296L3];
          __sa3_945L0_19166L0_20753L0_5490L0[3] = 1;
        }
      }
      if((k_78L0_10889L0_11826L0_3187L0)<(__s_Node_key_12_4L1_4L1[cur_193L7_18453L3_19983L3_5296L3]))
      {
        int __s_tmp_new_Node_10_19517L2_21132L2_5581L2=0;
        atomic
        {
          __s_tmp_new_Node_10_19517L2_21132L2_5581L2 = __s_Node_nextInstance_11_4L0_4L0;
          __s_Node_nextInstance_11_4L0_4L0 = (__s_Node_nextInstance_11_4L0_4L0)+(1);
        }
        __s_Node_key_12_4L1_4L1[__s_tmp_new_Node_10_19517L2_21132L2_5581L2] = k_78L0_10889L0_11826L0_3187L0;
        __s_Node_next_13_4L2_4L2[__s_tmp_new_Node_10_19517L2_21132L2_5581L2] = cur_193L7_18453L3_19983L3_5296L3;
        __s_Node_next_13_4L2_4L2[prev_193L6_18453L2_19983L2_5296L2] = __s_tmp_new_Node_10_19517L2_21132L2_5581L2;
      }
      int _ret_1_135L4_19524L4_21139L5_5588L5=((((int)prev_193L6_18453L2_19983L2_5296L2))*(1))+(0);
      atomic
      {
        _lock_3L0_3L0[_ret_1_135L4_19524L4_21139L5_5588L5] = 0;
      }
      int _ret_2_136L5_19525L5_21141L6_5590L6=((((int)cur_193L7_18453L3_19983L3_5296L3))*(1))+(0);
      atomic
      {
        _lock_3L0_3L0[_ret_2_136L5_19525L5_21141L6_5590L6] = 0;
      }
      int prev_193L6_19535L2_21150L2_5599L2=0;
      int cur_193L7_19535L3_21150L3_5599L3;
      prev_193L6_19535L2_21150L2_5599L2 = null;
      cur_193L7_19535L3_21150L3_5599L3 = __s_Set_head_15_46L5_46L5[0];
      int _ret_0_197L1_19538L1_21153L1_5602L1=((((int)cur_193L7_19535L3_21150L3_5599L3))*(1))+(0);
      atomic((_lock_3L0_3L0[_ret_0_197L1_19538L1_21153L1_5602L1])==(0))
      {
        _lock_3L0_3L0[_ret_0_197L1_19538L1_21153L1_5602L1] = -1;
      }
      for(int i_200L0_19541L0_21157L0_5606L0=0;(i_200L0_19541L0_21157L0_5606L0)<(4);i_200L0_19541L0_21157L0_5606L0 = (i_200L0_19541L0_21157L0_5606L0)+(1))
      {
        if((__s_Node_key_12_4L1_4L1[cur_193L7_19535L3_21150L3_5599L3])<(k_78L0_10889L0_11826L0_3187L0))
        {
          bit[4] __sa3_945L0_20248L0_21920L0_5793L0={0,0,0,0};
          __sa3_945L0_20248L0_21920L0_5793L0[0] = 0;
          __sa3_945L0_20248L0_21920L0_5793L0[1] = 0;
          __sa3_945L0_20248L0_21920L0_5793L0[2] = 0;
          __sa3_945L0_20248L0_21920L0_5793L0[3] = 0;
          int __s_tmp_cond_elim_0_982L0_20283L0_21961L0_5825L0=__s_Node_next_13_4L2_4L2[cur_193L7_19535L3_21150L3_5599L3];
          boolean __s_tmp_cond_elim_1_986L0_20287L0_21965L0_5828L0=(prev_193L6_19535L2_21150L2_5599L2)!=(__s_tmp_cond_elim_0_982L0_20283L0_21961L0_5825L0);
          if(__s_tmp_cond_elim_1_986L0_20287L0_21965L0_5828L0)
          {
            int __s_tmp_cond_elim_0_1005L0_20305L0_21983L0_5841L0=__s_Node_next_13_4L2_4L2[cur_193L7_19535L3_21150L3_5599L3];
            int _ret_4_1008L2_20308L2_21986L2_5843L2=((((int)__s_tmp_cond_elim_0_1005L0_20305L0_21983L0_5841L0))*(1))+(0);
            atomic((_lock_3L0_3L0[_ret_4_1008L2_20308L2_21986L2_5843L2])==(0))
            {
              _lock_3L0_3L0[_ret_4_1008L2_20308L2_21986L2_5843L2] = -1;
            }
          }
          __sa3_945L0_20248L0_21920L0_5793L0[0] = 1;
          if((prev_193L6_19535L2_21150L2_5599L2)!=(null))
          {
            int _ret_6_1121L2_20415L2_22100L2_5862L2=((((int)cur_193L7_19535L3_21150L3_5599L3))*(1))+(0);
            atomic
            {
              _lock_3L0_3L0[_ret_6_1121L2_20415L2_22100L2_5862L2] = 0;
            }
          }
          __sa3_945L0_20248L0_21920L0_5793L0[1] = 1;
          prev_193L6_19535L2_21150L2_5599L2 = cur_193L7_19535L3_21150L3_5599L3;
          __sa3_945L0_20248L0_21920L0_5793L0[2] = 1;
          cur_193L7_19535L3_21150L3_5599L3 = __s_Node_next_13_4L2_4L2[cur_193L7_19535L3_21150L3_5599L3];
          __sa3_945L0_20248L0_21920L0_5793L0[3] = 1;
        }
      }
      if((k_78L0_10889L0_11826L0_3187L0)==(__s_Node_key_12_4L1_4L1[cur_193L7_19535L3_21150L3_5599L3]))
      {
        __s_Node_next_13_4L2_4L2[prev_193L6_19535L2_21150L2_5599L2] = __s_Node_next_13_4L2_4L2[cur_193L7_19535L3_21150L3_5599L3];
      }
      int _ret_0_146L4_20599L4_22299L5_5884L5=((((int)prev_193L6_19535L2_21150L2_5599L2))*(1))+(0);
      atomic
      {
        _lock_3L0_3L0[_ret_0_146L4_20599L4_22299L5_5884L5] = 0;
      }
      int _ret_1_147L5_20600L5_22301L6_5886L6=((((int)cur_193L7_19535L3_21150L3_5599L3))*(1))+(0);
      atomic
      {
        _lock_3L0_3L0[_ret_1_147L5_20600L5_22301L6_5886L6] = 0;
      }
    }
  }
  _out_1L0_1L0_1L0_1L0 = 1;
}
void T([!bit _out_117L1_20611L1_22312L1_5897L1])
{
  int[10] __s_Node_key_18_22314L1_5899L1={0,0,0,0,0,0,0,0,0,0}; int[10] __s_Node_next_19_22314L2_5899L2={0,0,0,0,0,0,0,0,0,0};
  __s_Node_key_18_22314L1_5899L1[0] = 0;
  __s_Node_key_18_22314L1_5899L1[1] = 0;
  __s_Node_key_18_22314L1_5899L1[2] = 0;
  __s_Node_key_18_22314L1_5899L1[3] = 0;
  __s_Node_key_18_22314L1_5899L1[4] = 0;
  __s_Node_key_18_22314L1_5899L1[5] = 0;
  __s_Node_key_18_22314L1_5899L1[6] = 0;
  __s_Node_key_18_22314L1_5899L1[7] = 0;
  __s_Node_key_18_22314L1_5899L1[8] = 0;
  __s_Node_key_18_22314L1_5899L1[9] = 0;
  int __s_tmp_cond_elim_58_22337L0_5922L0=null;
  __s_Node_next_19_22314L2_5899L2[0] = __s_tmp_cond_elim_58_22337L0_5922L0;
  int __s_tmp_cond_elim_58_22339L0_5924L0=null;
  __s_Node_next_19_22314L2_5899L2[1] = __s_tmp_cond_elim_58_22339L0_5924L0;
  int __s_tmp_cond_elim_58_22341L0_5926L0=null;
  __s_Node_next_19_22314L2_5899L2[2] = __s_tmp_cond_elim_58_22341L0_5926L0;
  int __s_tmp_cond_elim_58_22343L0_5928L0=null;
  __s_Node_next_19_22314L2_5899L2[3] = __s_tmp_cond_elim_58_22343L0_5928L0;
  int __s_tmp_cond_elim_58_22345L0_5930L0=null;
  __s_Node_next_19_22314L2_5899L2[4] = __s_tmp_cond_elim_58_22345L0_5930L0;
  int __s_tmp_cond_elim_58_22347L0_5932L0=null;
  __s_Node_next_19_22314L2_5899L2[5] = __s_tmp_cond_elim_58_22347L0_5932L0;
  int __s_tmp_cond_elim_58_22349L0_5934L0=null;
  __s_Node_next_19_22314L2_5899L2[6] = __s_tmp_cond_elim_58_22349L0_5934L0;
  int __s_tmp_cond_elim_58_22351L0_5936L0=null;
  __s_Node_next_19_22314L2_5899L2[7] = __s_tmp_cond_elim_58_22351L0_5936L0;
  int __s_tmp_cond_elim_58_22353L0_5938L0=null;
  __s_Node_next_19_22314L2_5899L2[8] = __s_tmp_cond_elim_58_22353L0_5938L0;
  int __s_tmp_cond_elim_58_22355L0_5940L0=null;
  __s_Node_next_19_22314L2_5899L2[9] = __s_tmp_cond_elim_58_22355L0_5940L0;
  int[10] __s_Set_tail_22_22356L4_5941L4={0,0,0,0,0,0,0,0,0,0}; int[10] __s_Set_head_21_22356L5_5941L5={0,0,0,0,0,0,0,0,0,0};
  int __s_tmp_cond_elim_59_22358L0_5943L0=null;
  __s_Set_tail_22_22356L4_5941L4[0] = __s_tmp_cond_elim_59_22358L0_5943L0;
  int __s_tmp_cond_elim_59_22360L0_5945L0=null;
  __s_Set_tail_22_22356L4_5941L4[1] = __s_tmp_cond_elim_59_22360L0_5945L0;
  int __s_tmp_cond_elim_59_22362L0_5947L0=null;
  __s_Set_tail_22_22356L4_5941L4[2] = __s_tmp_cond_elim_59_22362L0_5947L0;
  int __s_tmp_cond_elim_59_22364L0_5949L0=null;
  __s_Set_tail_22_22356L4_5941L4[3] = __s_tmp_cond_elim_59_22364L0_5949L0;
  int __s_tmp_cond_elim_59_22366L0_5951L0=null;
  __s_Set_tail_22_22356L4_5941L4[4] = __s_tmp_cond_elim_59_22366L0_5951L0;
  int __s_tmp_cond_elim_59_22368L0_5953L0=null;
  __s_Set_tail_22_22356L4_5941L4[5] = __s_tmp_cond_elim_59_22368L0_5953L0;
  int __s_tmp_cond_elim_59_22370L0_5955L0=null;
  __s_Set_tail_22_22356L4_5941L4[6] = __s_tmp_cond_elim_59_22370L0_5955L0;
  int __s_tmp_cond_elim_59_22372L0_5957L0=null;
  __s_Set_tail_22_22356L4_5941L4[7] = __s_tmp_cond_elim_59_22372L0_5957L0;
  int __s_tmp_cond_elim_59_22374L0_5959L0=null;
  __s_Set_tail_22_22356L4_5941L4[8] = __s_tmp_cond_elim_59_22374L0_5959L0;
  int __s_tmp_cond_elim_59_22376L0_5961L0=null;
  __s_Set_tail_22_22356L4_5941L4[9] = __s_tmp_cond_elim_59_22376L0_5961L0;
  int __s_tmp_cond_elim_60_22379L0_5964L0=null;
  __s_Set_head_21_22356L5_5941L5[0] = __s_tmp_cond_elim_60_22379L0_5964L0;
  int __s_tmp_cond_elim_60_22381L0_5966L0=null;
  __s_Set_head_21_22356L5_5941L5[1] = __s_tmp_cond_elim_60_22381L0_5966L0;
  int __s_tmp_cond_elim_60_22383L0_5968L0=null;
  __s_Set_head_21_22356L5_5941L5[2] = __s_tmp_cond_elim_60_22383L0_5968L0;
  int __s_tmp_cond_elim_60_22385L0_5970L0=null;
  __s_Set_head_21_22356L5_5941L5[3] = __s_tmp_cond_elim_60_22385L0_5970L0;
  int __s_tmp_cond_elim_60_22387L0_5972L0=null;
  __s_Set_head_21_22356L5_5941L5[4] = __s_tmp_cond_elim_60_22387L0_5972L0;
  int __s_tmp_cond_elim_60_22389L0_5974L0=null;
  __s_Set_head_21_22356L5_5941L5[5] = __s_tmp_cond_elim_60_22389L0_5974L0;
  int __s_tmp_cond_elim_60_22391L0_5976L0=null;
  __s_Set_head_21_22356L5_5941L5[6] = __s_tmp_cond_elim_60_22391L0_5976L0;
  int __s_tmp_cond_elim_60_22393L0_5978L0=null;
  __s_Set_head_21_22356L5_5941L5[7] = __s_tmp_cond_elim_60_22393L0_5978L0;
  int __s_tmp_cond_elim_60_22395L0_5980L0=null;
  __s_Set_head_21_22356L5_5941L5[8] = __s_tmp_cond_elim_60_22395L0_5980L0;
  int __s_tmp_cond_elim_60_22397L0_5982L0=null;
  __s_Set_head_21_22356L5_5941L5[9] = __s_tmp_cond_elim_60_22397L0_5982L0;
  _out_117L1_20611L1_22312L1_5897L1 = 1;
}
void lock([int mem])
void unlock([int mem])

===== Compilation statistics =====
  Solved? -----------------------------> true
  Number of iterations ----------------> 1
  Maximum memory usage (MiB) ----------> 108.43359
  Total elapsed time (s) --------------> 82.817
    % frontend ............ 9.086299
    % verification ........ 89.219604
    % synthesis ........... 1.6940966
  Total solution time (s) -------------> 0.875
    % verification ........ 45.485714
    % synthesis ........... 54.514286

  Synthesizer statistics:  
    [solver stats]
    Number of calls -------------------> 1
    Total elapsed time (s) ------------> 1.403
    Total model building time (s) -----> 0.798
    Total solution time (s) -----------> 0.477
    Maximum memory usage (MiB) --------> 27.246094
    Average elapsed time (s) ----------> 1.403
    Average model building time (s) ---> 0.798
    Average solution time (s) ---------> 0.477
    Average memory usage (MiB) --------> 27.246094

  Verifier statistics:     
    [solver stats]
    Number of calls -------------------> 2
    Total elapsed time (s) ------------> 73.889
    Total model building time (s) -----> 73.491
    Total solution time (s) -----------> 0.398
    Maximum memory usage (MiB) --------> 16.062
    Average elapsed time (s) ----------> 36.944
    Average model building time (s) ---> 36.745
    Average solution time (s) ---------> 0.199
    Average memory usage (MiB) --------> 12.156

  Frontend statistics:     
    Total elapsed time (s) ------------> 7.525
    Max memory usage (MiB) ------------> 81.1875

[PSKETCH] DONE!
