Iteration 0
[SPINVERIF][2] Stats for last run:
      [solution stats]
      successful? ---------------------> false
      elapsed time (s) ----------------> 2.592
      model building time (s) ---------> 2.592
      solution time (s) ---------------> 0.0
      max memory usage (MiB) ----------> 5.125
      [SPIN-specific stats]
      codegen time (s) ----------------> 0.29
      codegen memory (MiB) ------------> 0.0
      compiler time (s) ---------------> 2.302
      compiler memory (MiB) -----------> 0.0
      total SPIN time (s) -------------> 0.0
      total SPIN mem (MiB) ------------> 5.125
      actual state mem (MiB) ----------> 0.0
      equiv state mem (MiB) -----------> 0.0
      state compression (%) -----------> 0.0
      # states explored ---------------> 120
      state exploration rate (states/s)> 0

[SATBackend] Stats for last run:
      [solution stats]
      successful? ---------------------> true
      elapsed time (s) ----------------> 0.038
      model building time (s) ---------> 0.024
      solution time (s) ---------------> 0.0070
      max memory usage (MiB) ----------> 18.542969
      [SAT-specific solution stats]
      initial number of nodes ---------> 1579
      number of nodes after opts ------> 131
      number of controls --------------> 9
      total number of control bits ----> 25

Iteration 1
[SPINVERIF][2] Stats for last run:
      [solution stats]
      successful? ---------------------> false
      elapsed time (s) ----------------> 2.576
      model building time (s) ---------> 2.526
      solution time (s) ---------------> 0.05
      max memory usage (MiB) ----------> 5.125
      [SPIN-specific stats]
      codegen time (s) ----------------> 0.249
      codegen memory (MiB) ------------> 0.0
      compiler time (s) ---------------> 2.277
      compiler memory (MiB) -----------> 0.0
      total SPIN time (s) -------------> 0.05
      total SPIN mem (MiB) ------------> 5.125
      actual state mem (MiB) ----------> 3.769
      equiv state mem (MiB) -----------> 4.043
      state compression (%) -----------> 93.22285
      # states explored ---------------> 5824
      state exploration rate (states/s)> 116480

[SATBackend] Stats for last run:
      [solution stats]
      successful? ---------------------> true
      elapsed time (s) ----------------> 0.753
      model building time (s) ---------> 0.316
      solution time (s) ---------------> 0.431
      max memory usage (MiB) ----------> 18.980469
      [SAT-specific solution stats]
      initial number of nodes ---------> 13178
      number of nodes after opts ------> 1597
      number of controls --------------> 31
      total number of control bits ----> 79

Iteration 2
[SPINVERIF][2] Stats for last run:
      [solution stats]
      successful? ---------------------> true
      elapsed time (s) ----------------> 2.9
      model building time (s) ---------> 2.5
      solution time (s) ---------------> 0.4
      max memory usage (MiB) ----------> 5.125
      [SPIN-specific stats]
      codegen time (s) ----------------> 0.231
      codegen memory (MiB) ------------> 0.0
      compiler time (s) ---------------> 2.269
      compiler memory (MiB) -----------> 0.0
      total SPIN time (s) -------------> 0.4
      total SPIN mem (MiB) ------------> 5.125
      actual state mem (MiB) ----------> 3.7699995
      equiv state mem (MiB) -----------> 28.982
      state compression (%) -----------> 13.008072
      # states explored ---------------> 41744
      state exploration rate (states/s)> 104360

void main([!bit _out_1L0_1L0_1L0_1L0]) implements sp
{
  int[10] _lock_3L0_3L0=0;
  _out_1L0_1L0_1L0_1L0 = 0;
  bit _has_out__3L0_3L0_5L0_5L0=0;
  fork(int i_5L0_5L0_7L0_7L0; 3)
  {
    int right_7L1_7L1_9L1_10L1=((i_5L0_5L0_7L0_7L0)+(1))%(3);
    for(int t_9L0_9L0_11L0_12L0=0;(t_9L0_9L0_11L0_12L0)<(2);t_9L0_9L0_11L0_12L0 = (t_9L0_9L0_11L0_12L0)+(1))
    {
      boolean __s_tmp_cond_elim_0_1170L0_1124L0_1150L0_220L0=(1)!=(i_5L0_5L0_7L0_7L0);
      int __s_tmp_cond_elim_3_1175L0_1129L0_1155L0_224L0=0;
      if(__s_tmp_cond_elim_0_1170L0_1124L0_1150L0_220L0)
      {
        __s_tmp_cond_elim_3_1175L0_1129L0_1155L0_224L0 = i_5L0_5L0_7L0_7L0;
      }
      else
      {
        __s_tmp_cond_elim_3_1175L0_1129L0_1155L0_224L0 = right_7L1_7L1_9L1_10L1;
      }
      int __s_tmp_cond_elim_4_1178L0_1132L0_1158L0_227L0=0;
      if(__s_tmp_cond_elim_0_1170L0_1124L0_1150L0_220L0)
      {
        __s_tmp_cond_elim_4_1178L0_1132L0_1158L0_227L0 = right_7L1_7L1_9L1_10L1;
      }
      else
      {
        __s_tmp_cond_elim_4_1178L0_1132L0_1158L0_227L0 = i_5L0_5L0_7L0_7L0;
      }
      int _ret_1_1180L4_1134L4_1160L4_229L4=((((int)__s_tmp_cond_elim_3_1175L0_1129L0_1155L0_224L0))*(1))+(0);
      atomic((_lock_3L0_3L0[_ret_1_1180L4_1134L4_1160L4_229L4])==(0))
      {
        _lock_3L0_3L0[_ret_1_1180L4_1134L4_1160L4_229L4] = (i_5L0_5L0_7L0_7L0)+(1);
      }
      int _ret_2_1181L5_1135L5_1162L5_231L5=((((int)__s_tmp_cond_elim_4_1178L0_1132L0_1158L0_227L0))*(1))+(0);
      atomic((_lock_3L0_3L0[_ret_2_1181L5_1135L5_1162L5_231L5])==(0))
      {
        _lock_3L0_3L0[_ret_2_1181L5_1135L5_1162L5_231L5] = (i_5L0_5L0_7L0_7L0)+(1);
      }
      bit[2] __sa6_1183L0_1137L0_1165L0_234L0={0,0};
      __sa6_1183L0_1137L0_1165L0_234L0[0] = 0;
      __sa6_1183L0_1137L0_1165L0_234L0[1] = 0;
      int _ret_3_1185L0_1140L0_1172L0_241L0=((((int)__s_tmp_cond_elim_3_1175L0_1129L0_1155L0_224L0))*(1))+(0);
      atomic
      {
        _lock_3L0_3L0[_ret_3_1185L0_1140L0_1172L0_241L0] = 0;
      }
      __sa6_1183L0_1137L0_1165L0_234L0[0] = 1;
      int _ret_4_1192L0_1147L0_1183L0_245L0=((((int)__s_tmp_cond_elim_4_1178L0_1132L0_1158L0_227L0))*(1))+(0);
      atomic
      {
        _lock_3L0_3L0[_ret_4_1192L0_1147L0_1183L0_245L0] = 0;
      }
      __sa6_1183L0_1137L0_1165L0_234L0[1] = 1;
    }
  }
  _out_1L0_1L0_1L0_1L0 = 1;
}
void sp([!bit _out_1195L1_1150L1_1188L1_250L1])
{
  _out_1195L1_1150L1_1188L1_250L1 = 1;
}
void lock([int mem])
void unlock([int mem])

===== Compilation statistics =====
  Solved? -----------------------------> true
  Number of iterations ----------------> 2
  Maximum memory usage (MiB) ----------> 87.16797
  Total elapsed time (s) --------------> 11.754
    % frontend ............ 24.629913
    % verification ........ 68.640465
    % synthesis ........... 6.729624
  Total solution time (s) -------------> 0.888
    % verification ........ 50.675674
    % synthesis ........... 49.324326

  Synthesizer statistics:  
    [solver stats]
    Number of calls -------------------> 2
    Total elapsed time (s) ------------> 0.791
    Total model building time (s) -----> 0.34
    Total solution time (s) -----------> 0.438
    Maximum memory usage (MiB) --------> 18.980469
    Average elapsed time (s) ----------> 0.395
    Average model building time (s) ---> 0.17
    Average solution time (s) ---------> 0.219
    Average memory usage (MiB) --------> 18.761719

  Verifier statistics:     
    [solver stats]
    Number of calls -------------------> 3
    Total elapsed time (s) ------------> 8.068
    Total model building time (s) -----> 7.618
    Total solution time (s) -----------> 0.45
    Maximum memory usage (MiB) --------> 5.125
    Average elapsed time (s) ----------> 2.689
    Average model building time (s) ---> 2.539
    Average solution time (s) ---------> 0.15
    Average memory usage (MiB) --------> 5.125

  Frontend statistics:     
    Total elapsed time (s) ------------> 2.895
    Max memory usage (MiB) ------------> 68.1875

[PSKETCH] DONE!
