Iteration 0
[SPINVERIF][2] Stats for last run:
      [solution stats]
      successful? ---------------------> false
      elapsed time (s) ----------------> 6.542
      model building time (s) ---------> 6.533
      solution time (s) ---------------> 0.0090
      max memory usage (MiB) ----------> 5.125
      [SPIN-specific stats]
      codegen time (s) ----------------> 0.818
      codegen memory (MiB) ------------> 0.0
      compiler time (s) ---------------> 5.715
      compiler memory (MiB) -----------> 0.0
      total SPIN time (s) -------------> 0.0090
      total SPIN mem (MiB) ------------> 5.125
      actual state mem (MiB) ----------> 0.0
      equiv state mem (MiB) -----------> 0.0
      state compression (%) -----------> 0.0
      # states explored ---------------> 567
      state exploration rate (states/s)> 0

[SATBackend] Stats for last run:
      [solution stats]
      successful? ---------------------> true
      elapsed time (s) ----------------> 0.505
      model building time (s) ---------> 0.441
      solution time (s) ---------------> 0.057
      max memory usage (MiB) ----------> 19.238281
      [SAT-specific solution stats]
      initial number of nodes ---------> 7289
      number of nodes after opts ------> 1165
      number of controls --------------> 32
      total number of control bits ----> 32

Iteration 1
[SPINVERIF][2] Stats for last run:
      [solution stats]
      successful? ---------------------> false
      elapsed time (s) ----------------> 6.336
      model building time (s) ---------> 6.317
      solution time (s) ---------------> 0.019
      max memory usage (MiB) ----------> 5.125
      [SPIN-specific stats]
      codegen time (s) ----------------> 0.776
      codegen memory (MiB) ------------> 0.0
      compiler time (s) ---------------> 5.541
      compiler memory (MiB) -----------> 0.0
      total SPIN time (s) -------------> 0.019
      total SPIN mem (MiB) ------------> 5.125
      actual state mem (MiB) ----------> 0.0
      equiv state mem (MiB) -----------> 0.0
      state compression (%) -----------> 0.0
      # states explored ---------------> 985
      state exploration rate (states/s)> 0

[SATBackend] Stats for last run:
      [solution stats]
      successful? ---------------------> true
      elapsed time (s) ----------------> 1.342
      model building time (s) ---------> 0.853
      solution time (s) ---------------> 0.483
      max memory usage (MiB) ----------> 26.953125
      [SAT-specific solution stats]
      initial number of nodes ---------> 42804
      number of nodes after opts ------> 6282
      number of controls --------------> 32
      total number of control bits ----> 32

Iteration 2
[SPINVERIF][2] Stats for last run:
      [solution stats]
      successful? ---------------------> true
      elapsed time (s) ----------------> 6.427
      model building time (s) ---------> 6.337
      solution time (s) ---------------> 0.09
      max memory usage (MiB) ----------> 6.6879997
      [SPIN-specific stats]
      codegen time (s) ----------------> 0.772
      codegen memory (MiB) ------------> 0.0
      compiler time (s) ---------------> 5.565
      compiler memory (MiB) -----------> 0.0
      total SPIN time (s) -------------> 0.09
      total SPIN mem (MiB) ------------> 6.6879997
      actual state mem (MiB) ----------> 4.9489994
      equiv state mem (MiB) -----------> 7.523
      state compression (%) -----------> 65.78492
      # states explored ---------------> 4196
      state exploration rate (states/s)> 0

void main([!bit _out_1L0_1L0_1L0_1L0]) implements T
{
  int __s_Node_nextInstance_17_3L0_3L0=0; int[10] __s_Node_obj_18_3L1_3L1={0,0,0,0,0,0,0,0,0,0}; int[10] __s_Node_next_19_3L2_3L2={0,0,0,0,0,0,0,0,0,0}; bit[10] __s_Node_taken_20_3L3_3L3={0,0,0,0,0,0,0,0,0,0};
  int __s_tmp_cond_elim_56_5L0_5L0=0;
  int __s_pac70_6L0_6L0=0;
  __s_tmp_cond_elim_56_5L0_5L0 = null;
  int __s_pac71_6L1_6L1=0;
  __s_Node_obj_18_3L1_3L1[0] = __s_tmp_cond_elim_56_5L0_5L0;
  int __s_tmp_cond_elim_56_7L0_7L0=0;
  int __s_pac70_8L0_8L0=1;
  __s_tmp_cond_elim_56_7L0_7L0 = null;
  int __s_pac71_8L1_8L1=1;
  __s_Node_obj_18_3L1_3L1[1] = __s_tmp_cond_elim_56_7L0_7L0;
  int __s_tmp_cond_elim_56_9L0_9L0=0;
  int __s_pac70_10L0_10L0=2;
  __s_tmp_cond_elim_56_9L0_9L0 = null;
  int __s_pac71_10L1_10L1=2;
  __s_Node_obj_18_3L1_3L1[2] = __s_tmp_cond_elim_56_9L0_9L0;
  int __s_tmp_cond_elim_56_11L0_11L0=0;
  int __s_pac70_12L0_12L0=3;
  __s_tmp_cond_elim_56_11L0_11L0 = null;
  int __s_pac71_12L1_12L1=3;
  __s_Node_obj_18_3L1_3L1[3] = __s_tmp_cond_elim_56_11L0_11L0;
  int __s_tmp_cond_elim_56_13L0_13L0=0;
  int __s_pac70_14L0_14L0=4;
  __s_tmp_cond_elim_56_13L0_13L0 = null;
  int __s_pac71_14L1_14L1=4;
  __s_Node_obj_18_3L1_3L1[4] = __s_tmp_cond_elim_56_13L0_13L0;
  int __s_tmp_cond_elim_56_15L0_15L0=0;
  int __s_pac70_16L0_16L0=5;
  __s_tmp_cond_elim_56_15L0_15L0 = null;
  int __s_pac71_16L1_16L1=5;
  __s_Node_obj_18_3L1_3L1[5] = __s_tmp_cond_elim_56_15L0_15L0;
  int __s_tmp_cond_elim_56_17L0_17L0=0;
  int __s_pac70_18L0_18L0=6;
  __s_tmp_cond_elim_56_17L0_17L0 = null;
  int __s_pac71_18L1_18L1=6;
  __s_Node_obj_18_3L1_3L1[6] = __s_tmp_cond_elim_56_17L0_17L0;
  int __s_tmp_cond_elim_56_19L0_19L0=0;
  int __s_pac70_20L0_20L0=7;
  __s_tmp_cond_elim_56_19L0_19L0 = null;
  int __s_pac71_20L1_20L1=7;
  __s_Node_obj_18_3L1_3L1[7] = __s_tmp_cond_elim_56_19L0_19L0;
  int __s_tmp_cond_elim_56_21L0_21L0=0;
  int __s_pac70_22L0_22L0=8;
  __s_tmp_cond_elim_56_21L0_21L0 = null;
  int __s_pac71_22L1_22L1=8;
  __s_Node_obj_18_3L1_3L1[8] = __s_tmp_cond_elim_56_21L0_21L0;
  int __s_tmp_cond_elim_56_23L0_23L0=0;
  int __s_pac70_24L0_24L0=9;
  __s_tmp_cond_elim_56_23L0_23L0 = null;
  int __s_pac71_24L1_24L1=9;
  __s_Node_obj_18_3L1_3L1[9] = __s_tmp_cond_elim_56_23L0_23L0;
  int __s_tmp_cond_elim_57_26L0_26L0=0;
  int __s_pac72_27L0_27L0=0;
  __s_tmp_cond_elim_57_26L0_26L0 = null;
  int __s_pac73_27L1_27L1=0;
  __s_Node_next_19_3L2_3L2[0] = __s_tmp_cond_elim_57_26L0_26L0;
  int __s_tmp_cond_elim_57_28L0_28L0=0;
  int __s_pac72_29L0_29L0=1;
  __s_tmp_cond_elim_57_28L0_28L0 = null;
  int __s_pac73_29L1_29L1=1;
  __s_Node_next_19_3L2_3L2[1] = __s_tmp_cond_elim_57_28L0_28L0;
  int __s_tmp_cond_elim_57_30L0_30L0=0;
  int __s_pac72_31L0_31L0=2;
  __s_tmp_cond_elim_57_30L0_30L0 = null;
  int __s_pac73_31L1_31L1=2;
  __s_Node_next_19_3L2_3L2[2] = __s_tmp_cond_elim_57_30L0_30L0;
  int __s_tmp_cond_elim_57_32L0_32L0=0;
  int __s_pac72_33L0_33L0=3;
  __s_tmp_cond_elim_57_32L0_32L0 = null;
  int __s_pac73_33L1_33L1=3;
  __s_Node_next_19_3L2_3L2[3] = __s_tmp_cond_elim_57_32L0_32L0;
  int __s_tmp_cond_elim_57_34L0_34L0=0;
  int __s_pac72_35L0_35L0=4;
  __s_tmp_cond_elim_57_34L0_34L0 = null;
  int __s_pac73_35L1_35L1=4;
  __s_Node_next_19_3L2_3L2[4] = __s_tmp_cond_elim_57_34L0_34L0;
  int __s_tmp_cond_elim_57_36L0_36L0=0;
  int __s_pac72_37L0_37L0=5;
  __s_tmp_cond_elim_57_36L0_36L0 = null;
  int __s_pac73_37L1_37L1=5;
  __s_Node_next_19_3L2_3L2[5] = __s_tmp_cond_elim_57_36L0_36L0;
  int __s_tmp_cond_elim_57_38L0_38L0=0;
  int __s_pac72_39L0_39L0=6;
  __s_tmp_cond_elim_57_38L0_38L0 = null;
  int __s_pac73_39L1_39L1=6;
  __s_Node_next_19_3L2_3L2[6] = __s_tmp_cond_elim_57_38L0_38L0;
  int __s_tmp_cond_elim_57_40L0_40L0=0;
  int __s_pac72_41L0_41L0=7;
  __s_tmp_cond_elim_57_40L0_40L0 = null;
  int __s_pac73_41L1_41L1=7;
  __s_Node_next_19_3L2_3L2[7] = __s_tmp_cond_elim_57_40L0_40L0;
  int __s_tmp_cond_elim_57_42L0_42L0=0;
  int __s_pac72_43L0_43L0=8;
  __s_tmp_cond_elim_57_42L0_42L0 = null;
  int __s_pac73_43L1_43L1=8;
  __s_Node_next_19_3L2_3L2[8] = __s_tmp_cond_elim_57_42L0_42L0;
  int __s_tmp_cond_elim_57_44L0_44L0=0;
  int __s_pac72_45L0_45L0=9;
  __s_tmp_cond_elim_57_44L0_44L0 = null;
  int __s_pac73_45L1_45L1=9;
  __s_Node_next_19_3L2_3L2[9] = __s_tmp_cond_elim_57_44L0_44L0;
  bit __s_tmp_cond_elim_58_47L0_47L0=0;
  int __s_pac74_48L0_48L0=0;
  __s_tmp_cond_elim_58_47L0_47L0 = 0;
  int __s_pac75_48L1_48L1=0;
  __s_Node_taken_20_3L3_3L3[0] = 0;
  bit __s_tmp_cond_elim_58_49L0_49L0=0;
  int __s_pac74_50L0_50L0=1;
  __s_tmp_cond_elim_58_49L0_49L0 = 0;
  int __s_pac75_50L1_50L1=1;
  __s_Node_taken_20_3L3_3L3[1] = 0;
  bit __s_tmp_cond_elim_58_51L0_51L0=0;
  int __s_pac74_52L0_52L0=2;
  __s_tmp_cond_elim_58_51L0_51L0 = 0;
  int __s_pac75_52L1_52L1=2;
  __s_Node_taken_20_3L3_3L3[2] = 0;
  bit __s_tmp_cond_elim_58_53L0_53L0=0;
  int __s_pac74_54L0_54L0=3;
  __s_tmp_cond_elim_58_53L0_53L0 = 0;
  int __s_pac75_54L1_54L1=3;
  __s_Node_taken_20_3L3_3L3[3] = 0;
  bit __s_tmp_cond_elim_58_55L0_55L0=0;
  int __s_pac74_56L0_56L0=4;
  __s_tmp_cond_elim_58_55L0_55L0 = 0;
  int __s_pac75_56L1_56L1=4;
  __s_Node_taken_20_3L3_3L3[4] = 0;
  bit __s_tmp_cond_elim_58_57L0_57L0=0;
  int __s_pac74_58L0_58L0=5;
  __s_tmp_cond_elim_58_57L0_57L0 = 0;
  int __s_pac75_58L1_58L1=5;
  __s_Node_taken_20_3L3_3L3[5] = 0;
  bit __s_tmp_cond_elim_58_59L0_59L0=0;
  int __s_pac74_60L0_60L0=6;
  __s_tmp_cond_elim_58_59L0_59L0 = 0;
  int __s_pac75_60L1_60L1=6;
  __s_Node_taken_20_3L3_3L3[6] = 0;
  bit __s_tmp_cond_elim_58_61L0_61L0=0;
  int __s_pac74_62L0_62L0=7;
  __s_tmp_cond_elim_58_61L0_61L0 = 0;
  int __s_pac75_62L1_62L1=7;
  __s_Node_taken_20_3L3_3L3[7] = 0;
  bit __s_tmp_cond_elim_58_63L0_63L0=0;
  int __s_pac74_64L0_64L0=8;
  __s_tmp_cond_elim_58_63L0_63L0 = 0;
  int __s_pac75_64L1_64L1=8;
  __s_Node_taken_20_3L3_3L3[8] = 0;
  bit __s_tmp_cond_elim_58_65L0_65L0=0;
  int __s_pac74_66L0_66L0=9;
  __s_tmp_cond_elim_58_65L0_65L0 = 0;
  int __s_pac75_66L1_66L1=9;
  __s_Node_taken_20_3L3_3L3[9] = 0;
  int __s_Item_nextInstance_21_66L4_66L4=0; int[10] __s_Item_tid_22_66L5_66L5={0,0,0,0,0,0,0,0,0,0}; int[10] __s_Item_id_23_66L6_66L6={0,0,0,0,0,0,0,0,0,0};
  bit __s_tmp_cond_elim_59_68L0_68L0=0;
  int __s_pac76_69L0_69L0=0;
  __s_tmp_cond_elim_59_68L0_68L0 = 0;
  int __s_pac77_69L1_69L1=0;
  __s_Item_tid_22_66L5_66L5[0] = 0;
  bit __s_tmp_cond_elim_59_70L0_70L0=0;
  int __s_pac76_71L0_71L0=1;
  __s_tmp_cond_elim_59_70L0_70L0 = 0;
  int __s_pac77_71L1_71L1=1;
  __s_Item_tid_22_66L5_66L5[1] = 0;
  bit __s_tmp_cond_elim_59_72L0_72L0=0;
  int __s_pac76_73L0_73L0=2;
  __s_tmp_cond_elim_59_72L0_72L0 = 0;
  int __s_pac77_73L1_73L1=2;
  __s_Item_tid_22_66L5_66L5[2] = 0;
  bit __s_tmp_cond_elim_59_74L0_74L0=0;
  int __s_pac76_75L0_75L0=3;
  __s_tmp_cond_elim_59_74L0_74L0 = 0;
  int __s_pac77_75L1_75L1=3;
  __s_Item_tid_22_66L5_66L5[3] = 0;
  bit __s_tmp_cond_elim_59_76L0_76L0=0;
  int __s_pac76_77L0_77L0=4;
  __s_tmp_cond_elim_59_76L0_76L0 = 0;
  int __s_pac77_77L1_77L1=4;
  __s_Item_tid_22_66L5_66L5[4] = 0;
  bit __s_tmp_cond_elim_59_78L0_78L0=0;
  int __s_pac76_79L0_79L0=5;
  __s_tmp_cond_elim_59_78L0_78L0 = 0;
  int __s_pac77_79L1_79L1=5;
  __s_Item_tid_22_66L5_66L5[5] = 0;
  bit __s_tmp_cond_elim_59_80L0_80L0=0;
  int __s_pac76_81L0_81L0=6;
  __s_tmp_cond_elim_59_80L0_80L0 = 0;
  int __s_pac77_81L1_81L1=6;
  __s_Item_tid_22_66L5_66L5[6] = 0;
  bit __s_tmp_cond_elim_59_82L0_82L0=0;
  int __s_pac76_83L0_83L0=7;
  __s_tmp_cond_elim_59_82L0_82L0 = 0;
  int __s_pac77_83L1_83L1=7;
  __s_Item_tid_22_66L5_66L5[7] = 0;
  bit __s_tmp_cond_elim_59_84L0_84L0=0;
  int __s_pac76_85L0_85L0=8;
  __s_tmp_cond_elim_59_84L0_84L0 = 0;
  int __s_pac77_85L1_85L1=8;
  __s_Item_tid_22_66L5_66L5[8] = 0;
  bit __s_tmp_cond_elim_59_86L0_86L0=0;
  int __s_pac76_87L0_87L0=9;
  __s_tmp_cond_elim_59_86L0_86L0 = 0;
  int __s_pac77_87L1_87L1=9;
  __s_Item_tid_22_66L5_66L5[9] = 0;
  bit __s_tmp_cond_elim_60_89L0_89L0=0;
  int __s_pac78_90L0_90L0=0;
  __s_tmp_cond_elim_60_89L0_89L0 = 0;
  int __s_pac79_90L1_90L1=0;
  __s_Item_id_23_66L6_66L6[0] = 0;
  bit __s_tmp_cond_elim_60_91L0_91L0=0;
  int __s_pac78_92L0_92L0=1;
  __s_tmp_cond_elim_60_91L0_91L0 = 0;
  int __s_pac79_92L1_92L1=1;
  __s_Item_id_23_66L6_66L6[1] = 0;
  bit __s_tmp_cond_elim_60_93L0_93L0=0;
  int __s_pac78_94L0_94L0=2;
  __s_tmp_cond_elim_60_93L0_93L0 = 0;
  int __s_pac79_94L1_94L1=2;
  __s_Item_id_23_66L6_66L6[2] = 0;
  bit __s_tmp_cond_elim_60_95L0_95L0=0;
  int __s_pac78_96L0_96L0=3;
  __s_tmp_cond_elim_60_95L0_95L0 = 0;
  int __s_pac79_96L1_96L1=3;
  __s_Item_id_23_66L6_66L6[3] = 0;
  bit __s_tmp_cond_elim_60_97L0_97L0=0;
  int __s_pac78_98L0_98L0=4;
  __s_tmp_cond_elim_60_97L0_97L0 = 0;
  int __s_pac79_98L1_98L1=4;
  __s_Item_id_23_66L6_66L6[4] = 0;
  bit __s_tmp_cond_elim_60_99L0_99L0=0;
  int __s_pac78_100L0_100L0=5;
  __s_tmp_cond_elim_60_99L0_99L0 = 0;
  int __s_pac79_100L1_100L1=5;
  __s_Item_id_23_66L6_66L6[5] = 0;
  bit __s_tmp_cond_elim_60_101L0_101L0=0;
  int __s_pac78_102L0_102L0=6;
  __s_tmp_cond_elim_60_101L0_101L0 = 0;
  int __s_pac79_102L1_102L1=6;
  __s_Item_id_23_66L6_66L6[6] = 0;
  bit __s_tmp_cond_elim_60_103L0_103L0=0;
  int __s_pac78_104L0_104L0=7;
  __s_tmp_cond_elim_60_103L0_103L0 = 0;
  int __s_pac79_104L1_104L1=7;
  __s_Item_id_23_66L6_66L6[7] = 0;
  bit __s_tmp_cond_elim_60_105L0_105L0=0;
  int __s_pac78_106L0_106L0=8;
  __s_tmp_cond_elim_60_105L0_105L0 = 0;
  int __s_pac79_106L1_106L1=8;
  __s_Item_id_23_66L6_66L6[8] = 0;
  bit __s_tmp_cond_elim_60_107L0_107L0=0;
  int __s_pac78_108L0_108L0=9;
  __s_tmp_cond_elim_60_107L0_107L0 = 0;
  int __s_pac79_108L1_108L1=9;
  __s_Item_id_23_66L6_66L6[9] = 0;
  int __s_Queue_nextInstance_24_108L7_108L7=0; int[10] __s_Queue_prevHead_26_108L8_108L8={0,0,0,0,0,0,0,0,0,0}; int[10] __s_Queue_tail_25_108L9_108L9={0,0,0,0,0,0,0,0,0,0};
  int __s_tmp_cond_elim_61_110L0_110L0=0;
  int __s_pac80_111L0_111L0=0;
  __s_tmp_cond_elim_61_110L0_110L0 = null;
  int __s_pac81_111L1_111L1=0;
  __s_Queue_prevHead_26_108L8_108L8[0] = __s_tmp_cond_elim_61_110L0_110L0;
  int __s_tmp_cond_elim_61_112L0_112L0=0;
  int __s_pac80_113L0_113L0=1;
  __s_tmp_cond_elim_61_112L0_112L0 = null;
  int __s_pac81_113L1_113L1=1;
  __s_Queue_prevHead_26_108L8_108L8[1] = __s_tmp_cond_elim_61_112L0_112L0;
  int __s_tmp_cond_elim_61_114L0_114L0=0;
  int __s_pac80_115L0_115L0=2;
  __s_tmp_cond_elim_61_114L0_114L0 = null;
  int __s_pac81_115L1_115L1=2;
  __s_Queue_prevHead_26_108L8_108L8[2] = __s_tmp_cond_elim_61_114L0_114L0;
  int __s_tmp_cond_elim_61_116L0_116L0=0;
  int __s_pac80_117L0_117L0=3;
  __s_tmp_cond_elim_61_116L0_116L0 = null;
  int __s_pac81_117L1_117L1=3;
  __s_Queue_prevHead_26_108L8_108L8[3] = __s_tmp_cond_elim_61_116L0_116L0;
  int __s_tmp_cond_elim_61_118L0_118L0=0;
  int __s_pac80_119L0_119L0=4;
  __s_tmp_cond_elim_61_118L0_118L0 = null;
  int __s_pac81_119L1_119L1=4;
  __s_Queue_prevHead_26_108L8_108L8[4] = __s_tmp_cond_elim_61_118L0_118L0;
  int __s_tmp_cond_elim_61_120L0_120L0=0;
  int __s_pac80_121L0_121L0=5;
  __s_tmp_cond_elim_61_120L0_120L0 = null;
  int __s_pac81_121L1_121L1=5;
  __s_Queue_prevHead_26_108L8_108L8[5] = __s_tmp_cond_elim_61_120L0_120L0;
  int __s_tmp_cond_elim_61_122L0_122L0=0;
  int __s_pac80_123L0_123L0=6;
  __s_tmp_cond_elim_61_122L0_122L0 = null;
  int __s_pac81_123L1_123L1=6;
  __s_Queue_prevHead_26_108L8_108L8[6] = __s_tmp_cond_elim_61_122L0_122L0;
  int __s_tmp_cond_elim_61_124L0_124L0=0;
  int __s_pac80_125L0_125L0=7;
  __s_tmp_cond_elim_61_124L0_124L0 = null;
  int __s_pac81_125L1_125L1=7;
  __s_Queue_prevHead_26_108L8_108L8[7] = __s_tmp_cond_elim_61_124L0_124L0;
  int __s_tmp_cond_elim_61_126L0_126L0=0;
  int __s_pac80_127L0_127L0=8;
  __s_tmp_cond_elim_61_126L0_126L0 = null;
  int __s_pac81_127L1_127L1=8;
  __s_Queue_prevHead_26_108L8_108L8[8] = __s_tmp_cond_elim_61_126L0_126L0;
  int __s_tmp_cond_elim_61_128L0_128L0=0;
  int __s_pac80_129L0_129L0=9;
  __s_tmp_cond_elim_61_128L0_128L0 = null;
  int __s_pac81_129L1_129L1=9;
  __s_Queue_prevHead_26_108L8_108L8[9] = __s_tmp_cond_elim_61_128L0_128L0;
  int __s_tmp_cond_elim_62_131L0_131L0=0;
  int __s_pac82_132L0_132L0=0;
  __s_tmp_cond_elim_62_131L0_131L0 = null;
  int __s_pac83_132L1_132L1=0;
  __s_Queue_tail_25_108L9_108L9[0] = __s_tmp_cond_elim_62_131L0_131L0;
  int __s_tmp_cond_elim_62_133L0_133L0=0;
  int __s_pac82_134L0_134L0=1;
  __s_tmp_cond_elim_62_133L0_133L0 = null;
  int __s_pac83_134L1_134L1=1;
  __s_Queue_tail_25_108L9_108L9[1] = __s_tmp_cond_elim_62_133L0_133L0;
  int __s_tmp_cond_elim_62_135L0_135L0=0;
  int __s_pac82_136L0_136L0=2;
  __s_tmp_cond_elim_62_135L0_135L0 = null;
  int __s_pac83_136L1_136L1=2;
  __s_Queue_tail_25_108L9_108L9[2] = __s_tmp_cond_elim_62_135L0_135L0;
  int __s_tmp_cond_elim_62_137L0_137L0=0;
  int __s_pac82_138L0_138L0=3;
  __s_tmp_cond_elim_62_137L0_137L0 = null;
  int __s_pac83_138L1_138L1=3;
  __s_Queue_tail_25_108L9_108L9[3] = __s_tmp_cond_elim_62_137L0_137L0;
  int __s_tmp_cond_elim_62_139L0_139L0=0;
  int __s_pac82_140L0_140L0=4;
  __s_tmp_cond_elim_62_139L0_139L0 = null;
  int __s_pac83_140L1_140L1=4;
  __s_Queue_tail_25_108L9_108L9[4] = __s_tmp_cond_elim_62_139L0_139L0;
  int __s_tmp_cond_elim_62_141L0_141L0=0;
  int __s_pac82_142L0_142L0=5;
  __s_tmp_cond_elim_62_141L0_141L0 = null;
  int __s_pac83_142L1_142L1=5;
  __s_Queue_tail_25_108L9_108L9[5] = __s_tmp_cond_elim_62_141L0_141L0;
  int __s_tmp_cond_elim_62_143L0_143L0=0;
  int __s_pac82_144L0_144L0=6;
  __s_tmp_cond_elim_62_143L0_143L0 = null;
  int __s_pac83_144L1_144L1=6;
  __s_Queue_tail_25_108L9_108L9[6] = __s_tmp_cond_elim_62_143L0_143L0;
  int __s_tmp_cond_elim_62_145L0_145L0=0;
  int __s_pac82_146L0_146L0=7;
  __s_tmp_cond_elim_62_145L0_145L0 = null;
  int __s_pac83_146L1_146L1=7;
  __s_Queue_tail_25_108L9_108L9[7] = __s_tmp_cond_elim_62_145L0_145L0;
  int __s_tmp_cond_elim_62_147L0_147L0=0;
  int __s_pac82_148L0_148L0=8;
  __s_tmp_cond_elim_62_147L0_147L0 = null;
  int __s_pac83_148L1_148L1=8;
  __s_Queue_tail_25_108L9_108L9[8] = __s_tmp_cond_elim_62_147L0_147L0;
  int __s_tmp_cond_elim_62_149L0_149L0=0;
  int __s_pac82_150L0_150L0=9;
  __s_tmp_cond_elim_62_149L0_149L0 = null;
  int __s_pac83_150L1_150L1=9;
  __s_Queue_tail_25_108L9_108L9[9] = __s_tmp_cond_elim_62_149L0_149L0;
  _out_1L0_1L0_1L0_1L0 = 0;
  bit _has_out__3L0_3L0_151L0_151L0=0;
  int q_4L1_4L1_152L1_152L1=0;
  int _ret_0_4L2_4L2_152L2_152L2=0;
  int _out_106L1_7L0_154L0_154L0=0;
  bit _has_out__108L0_8L0_155L0_155L0=0;
  int q_108L1_8L1_155L1_155L1=0;
  int __s_tmp_new_Queue_14_8L2_155L2_155L2=0;
  atomic
  {
    __s_tmp_new_Queue_14_8L2_155L2_155L2 = 0;
    __s_Queue_nextInstance_24_108L7_108L7 = 1;
  }
  q_108L1_8L1_155L1_155L1 = 0;
  int _ret_0_108L2_9L3_156L3_156L3=null;
  int _ret_1_108L3_9L4_156L4_156L4=null;
  int _ret_2_108L4_9L5_156L5_156L5=0;
  int obj_635L6_12L0_158L0_158L0=_ret_0_108L2_9L3_156L3_156L3;
  int next_635L6_12L1_158L1_158L1=_ret_1_108L3_9L4_156L4_156L4;
  bit taken_635L7_12L2_158L2_158L2=1;
  int _out_635L8_12L3_158L3_158L3=0;
  bit _has_out__637L0_13L0_159L0_159L0=0;
  int n_637L1_13L1_159L1_159L1=0;
  int __s_tmp_new_Node_16_13L2_159L2_159L2=0;
  atomic
  {
    __s_tmp_new_Node_16_13L2_159L2_159L2 = 0;
  }
  n_637L1_13L1_159L1_159L1 = 0;
  int __s_pac84_161L0_161L0=0;
  __s_Node_obj_18_3L1_3L1[0] = _ret_0_108L2_9L3_156L3_156L3;
  int __s_pac85_162L0_162L0=0;
  __s_Node_next_19_3L2_3L2[0] = _ret_1_108L3_9L4_156L4_156L4;
  int __s_pac86_163L0_163L0=0;
  __s_Node_taken_20_3L3_3L3[0] = 1;
  _out_635L8_12L3_158L3_158L3 = 0;
  _has_out__637L0_13L0_159L0_159L0 = 1;
  _ret_2_108L4_9L5_156L5_156L5 = 0;
  int __s_pac87_165L0_165L0=0;
  __s_Queue_prevHead_26_108L8_108L8[0] = 0;
  int __s_pac88_166L0_166L0=0;
  int __s_pac89_166L1_166L1=0;
  __s_Queue_tail_25_108L9_108L9[0] = __s_Queue_prevHead_26_108L8_108L8[0];
  _out_106L1_7L0_154L0_154L0 = 0;
  _has_out__108L0_8L0_155L0_155L0 = 1;
  _ret_0_4L2_4L2_152L2_152L2 = 0;
  q_4L1_4L1_152L1_152L1 = 0;
  int dqCount_5L3_21L3_167L3_167L3=0;
  int _ret_1_5L4_21L4_167L4_167L4=0;
  int tid_112L1_24L0_169L0_169L0=3;
  int id_112L2_24L1_169L1_169L1=2;
  int _out_112L3_24L2_169L2_169L2=0;
  bit _has_out__114L0_25L0_170L0_170L0=0;
  int it_114L1_25L1_170L1_170L1=0;
  int __s_tmp_new_Item_15_25L2_170L2_170L2=0;
  atomic
  {
    __s_tmp_new_Item_15_25L2_170L2_170L2 = 0;
    __s_Item_nextInstance_21_66L4_66L4 = 1;
  }
  it_114L1_25L1_170L1_170L1 = 0;
  int __s_pac90_172L0_172L0=0;
  __s_Item_tid_22_66L5_66L5[0] = 3;
  int __s_pac91_173L0_173L0=0;
  __s_Item_id_23_66L6_66L6[0] = 2;
  _out_112L3_24L2_169L2_169L2 = 0;
  _has_out__114L0_25L0_170L0_170L0 = 1;
  _ret_1_5L4_21L4_167L4_167L4 = 0;
  int q_117L3_32L0_176L0_176L0=0;
  int obj_117L4_32L1_176L1_176L1=0;
  bit _has_out__119L0_33L0_177L0_177L0=0;
  int n_119L1_33L1_177L1_177L1=0;
  int _ret_0_119L2_33L2_177L2_177L2=null;
  int _ret_1_119L3_33L3_177L3_177L3=0;
  int obj_635L6_36L0_179L0_179L0=0;
  int next_635L6_36L1_179L1_179L1=_ret_0_119L2_33L2_177L2_177L2;
  bit taken_635L7_36L2_179L2_179L2=0;
  int _out_635L8_36L3_179L3_179L3=0;
  bit _has_out__637L0_37L0_180L0_180L0=0;
  int n_637L1_37L1_180L1_180L1=0;
  int __s_tmp_new_Node_16_37L2_180L2_180L2=0;
  atomic
  {
    __s_tmp_new_Node_16_37L2_180L2_180L2 = 1;
    __s_Node_nextInstance_17_3L0_3L0 = 2;
  }
  n_637L1_37L1_180L1_180L1 = 1;
  int __s_pac92_182L0_182L0=1;
  __s_Node_obj_18_3L1_3L1[1] = 0;
  int __s_pac93_183L0_183L0=1;
  __s_Node_next_19_3L2_3L2[1] = _ret_0_119L2_33L2_177L2_177L2;
  int __s_pac94_184L0_184L0=1;
  __s_Node_taken_20_3L3_3L3[1] = 0;
  _out_635L8_36L3_179L3_179L3 = 1;
  _has_out__637L0_37L0_180L0_180L0 = 1;
  _ret_1_119L3_33L3_177L3_177L3 = 1;
  n_119L1_33L1_177L1_177L1 = 1;
  int oldTail_120L4_42L4_185L4_185L4=0;
  atomic
  {
    oldTail_120L4_42L4_185L4_185L4 = __s_Queue_tail_25_108L9_108L9[0];
    __s_Queue_tail_25_108L9_108L9[0] = 1;
  }
  int __s_pac97_188L0_188L0=0;
  __s_Node_next_19_3L2_3L2[0] = 1;
  int x_7L5_45L5_188L5_188L5=0;
  int _ret_2_7L6_45L6_188L6_188L6=0;
  int q_123L5_48L0_190L0_190L0=0;
  int _out_123L5_48L1_190L1_190L1=0;
  bit _has_out__125L0_49L0_191L0_191L0=0;
  int tmp_125L1_49L1_191L1_191L1=null;
  bit wasTaken_125L2_49L2_191L2_191L2=1;
  bit done_125L3_49L3_191L3_191L3=0;
  int ret_125L4_49L4_191L4_191L4=null;
  for(int i_127L0_51L0_193L0_193L0=0;(i_127L0_51L0_193L0_193L0)<(3);i_127L0_51L0_193L0_193L0 = (i_127L0_51L0_193L0_193L0)+(1))
  {
    if(!(done_125L3_49L3_191L3_191L3))
    {
      bit[4] __sa10_432L0_358L0_540L0_304L0={0,0,0,0};
      __sa10_432L0_358L0_540L0_304L0[0] = 0;
      __sa10_432L0_358L0_540L0_304L0[1] = 0;
      __sa10_432L0_358L0_540L0_304L0[2] = 0;
      __sa10_432L0_358L0_540L0_304L0[3] = 0;
      if(!(done_125L3_49L3_191L3_191L3))
      {
        int __s_tmp_cond_elim_1_439L0_366L0_554L0_317L0=0;
        int __s_pac102_555L1_318L1=__s_Queue_prevHead_26_108L8_108L8[0];
        __s_tmp_cond_elim_1_439L0_366L0_554L0_317L0 = __s_Node_next_19_3L2_3L2[__s_pac102_555L1_318L1];
        tmp_125L1_49L1_191L1_191L1 = __s_tmp_cond_elim_1_439L0_366L0_554L0_317L0;
      }
      __sa10_432L0_358L0_540L0_304L0[0] = 1;
      bit __s_atomize_sc5_480L0_407L0_599L0_323L0=!(done_125L3_49L3_191L3_191L3);
      if(__s_atomize_sc5_480L0_407L0_599L0_323L0)
      {
        __s_atomize_sc5_480L0_407L0_599L0_323L0 = (null)==(tmp_125L1_49L1_191L1_191L1);
      }
      if(__s_atomize_sc5_480L0_407L0_599L0_323L0)
      {
        done_125L3_49L3_191L3_191L3 = 1;
        ret_125L4_49L4_191L4_191L4 = null;
      }
      __sa10_432L0_358L0_540L0_304L0[1] = 1;
      bit __s_atomize_sc6_533L0_460L0_656L0_331L0=!(done_125L3_49L3_191L3_191L3);
      if(__s_atomize_sc6_533L0_460L0_656L0_331L0)
      {
        __s_atomize_sc6_533L0_460L0_656L0_331L0 = (0)==(__s_Node_taken_20_3L3_3L3[tmp_125L1_49L1_191L1_191L1]);
      }
      if(__s_atomize_sc6_533L0_460L0_656L0_331L0)
      {
        atomic
        {
          wasTaken_125L2_49L2_191L2_191L2 = __s_Node_taken_20_3L3_3L3[tmp_125L1_49L1_191L1_191L1];
          __s_Node_taken_20_3L3_3L3[tmp_125L1_49L1_191L1_191L1] = 1;
        }
        if((0)==(wasTaken_125L2_49L2_191L2_191L2))
        {
          done_125L3_49L3_191L3_191L3 = 1;
          ret_125L4_49L4_191L4_191L4 = __s_Node_obj_18_3L1_3L1[tmp_125L1_49L1_191L1_191L1];
        }
      }
      __sa10_432L0_358L0_540L0_304L0[3] = 1;
      if(!(done_125L3_49L3_191L3_191L3))
      {
        __s_Queue_prevHead_26_108L8_108L8[0] = tmp_125L1_49L1_191L1_191L1;
      }
      __sa10_432L0_358L0_540L0_304L0[2] = 1;
    }
  }
  _out_123L5_48L1_190L1_190L1 = ret_125L4_49L4_191L4_191L4;
  _has_out__125L0_49L0_191L0_191L0 = 1;
  _ret_2_7L6_45L6_188L6_188L6 = ret_125L4_49L4_191L4_191L4;
  x_7L5_45L5_188L5_188L5 = ret_125L4_49L4_191L4_191L4;
  bit __s_atomize_sc7_9L0_507L0_709L0_355L0=(ret_125L4_49L4_191L4_191L4)!=(null);
  if(__s_atomize_sc7_9L0_507L0_709L0_355L0)
  {
    __s_atomize_sc7_9L0_507L0_709L0_355L0 = (__s_Item_tid_22_66L5_66L5[ret_125L4_49L4_191L4_191L4])==(3);
  }
  bit __s_atomize_sc8_10L1_508L1_710L1_356L1=__s_atomize_sc7_9L0_507L0_709L0_355L0;
  if(__s_atomize_sc7_9L0_507L0_709L0_355L0)
  {
    __s_atomize_sc8_10L1_508L1_710L1_356L1 = (__s_Item_id_23_66L6_66L6[ret_125L4_49L4_191L4_191L4])==(2);
  }
  fork(int i_14L0_512L0_714L0_360L0; 2)
  {
    if(((i_14L0_512L0_714L0_360L0)%(2))==(0))
    {
      for(int j_20L0_518L0_720L0_367L0=0;(j_20L0_518L0_720L0_367L0)<(1);j_20L0_518L0_720L0_367L0 = (j_20L0_518L0_720L0_367L0)+(1))
      {
        int _ret_3_33L0_575L0_771L0_418L0=(j_20L0_518L0_720L0_367L0)+(1);
        int __s_tmp_new_Item_15_579L2_774L2_421L2=0;
        atomic
        {
          __s_tmp_new_Item_15_579L2_774L2_421L2 = __s_Item_nextInstance_21_66L4_66L4;
          __s_Item_nextInstance_21_66L4_66L4 = (__s_Item_nextInstance_21_66L4_66L4)+(1);
        }
        __s_Item_tid_22_66L5_66L5[__s_tmp_new_Item_15_579L2_774L2_421L2] = i_14L0_512L0_714L0_360L0;
        __s_Item_id_23_66L6_66L6[__s_tmp_new_Item_15_579L2_774L2_421L2] = _ret_3_33L0_575L0_771L0_418L0;
        int _ret_0_119L2_587L2_781L2_428L2=null;
        int __s_tmp_new_Node_16_591L2_784L2_431L2=0;
        atomic
        {
          __s_tmp_new_Node_16_591L2_784L2_431L2 = __s_Node_nextInstance_17_3L0_3L0;
          __s_Node_nextInstance_17_3L0_3L0 = (__s_Node_nextInstance_17_3L0_3L0)+(1);
        }
        __s_Node_obj_18_3L1_3L1[__s_tmp_new_Node_16_591L2_784L2_431L2] = __s_tmp_new_Item_15_579L2_774L2_421L2;
        __s_Node_next_19_3L2_3L2[__s_tmp_new_Node_16_591L2_784L2_431L2] = _ret_0_119L2_587L2_781L2_428L2;
        __s_Node_taken_20_3L3_3L3[__s_tmp_new_Node_16_591L2_784L2_431L2] = 0;
        int oldTail_120L4_596L4_789L4_436L4=0;
        atomic
        {
          oldTail_120L4_596L4_789L4_436L4 = __s_Queue_tail_25_108L9_108L9[0];
          __s_Queue_tail_25_108L9_108L9[0] = __s_tmp_new_Node_16_591L2_784L2_431L2;
        }
        __s_Node_next_19_3L2_3L2[oldTail_120L4_596L4_789L4_436L4] = __s_tmp_new_Node_16_591L2_784L2_431L2;
      }
    }
    else
    {
      int[2] lastId_37L0_601L0_794L0_441L0={0,0};
      lastId_37L0_601L0_794L0_441L0[0] = 0;
      lastId_37L0_601L0_794L0_441L0[1] = 0;
      for(int j_39L0_603L0_799L0_446L0=0;(j_39L0_603L0_799L0_446L0)<(1);j_39L0_603L0_799L0_446L0 = (j_39L0_603L0_799L0_446L0)+(1))
      {
        int tmp_125L1_1548L1_1861L1_800L1=null;
        bit wasTaken_125L2_1548L2_1861L2_800L2=0;
        bit done_125L3_1548L3_1861L3_800L3=0;
        int ret_125L4_1548L4_1861L4_800L4=null;
        for(int i_127L0_1550L0_1863L0_802L0=0;(i_127L0_1550L0_1863L0_802L0)<(3);i_127L0_1550L0_1863L0_802L0 = (i_127L0_1550L0_1863L0_802L0)+(1))
        {
          if(!(done_125L3_1548L3_1861L3_800L3))
          {
            bit[4] __sa10_432L0_1857L0_2210L0_913L0={0,0,0,0};
            __sa10_432L0_1857L0_2210L0_913L0[0] = 0;
            __sa10_432L0_1857L0_2210L0_913L0[1] = 0;
            __sa10_432L0_1857L0_2210L0_913L0[2] = 0;
            __sa10_432L0_1857L0_2210L0_913L0[3] = 0;
            if(!(done_125L3_1548L3_1861L3_800L3))
            {
              int __s_tmp_cond_elim_1_439L0_1865L0_2224L0_926L0=0;
              int __s_pac221_2225L1_927L1=__s_Queue_prevHead_26_108L8_108L8[0];
              __s_tmp_cond_elim_1_439L0_1865L0_2224L0_926L0 = __s_Node_next_19_3L2_3L2[__s_pac221_2225L1_927L1];
              tmp_125L1_1548L1_1861L1_800L1 = __s_tmp_cond_elim_1_439L0_1865L0_2224L0_926L0;
            }
            __sa10_432L0_1857L0_2210L0_913L0[0] = 1;
            bit __s_atomize_sc5_480L0_1906L0_2269L0_932L0=!(done_125L3_1548L3_1861L3_800L3);
            if(__s_atomize_sc5_480L0_1906L0_2269L0_932L0)
            {
              __s_atomize_sc5_480L0_1906L0_2269L0_932L0 = (null)==(tmp_125L1_1548L1_1861L1_800L1);
            }
            if(__s_atomize_sc5_480L0_1906L0_2269L0_932L0)
            {
              done_125L3_1548L3_1861L3_800L3 = 1;
              ret_125L4_1548L4_1861L4_800L4 = null;
            }
            __sa10_432L0_1857L0_2210L0_913L0[1] = 1;
            bit __s_atomize_sc6_533L0_1959L0_2326L0_940L0=!(done_125L3_1548L3_1861L3_800L3);
            if(__s_atomize_sc6_533L0_1959L0_2326L0_940L0)
            {
              __s_atomize_sc6_533L0_1959L0_2326L0_940L0 = (0)==(__s_Node_taken_20_3L3_3L3[tmp_125L1_1548L1_1861L1_800L1]);
            }
            if(__s_atomize_sc6_533L0_1959L0_2326L0_940L0)
            {
              atomic
              {
                wasTaken_125L2_1548L2_1861L2_800L2 = __s_Node_taken_20_3L3_3L3[tmp_125L1_1548L1_1861L1_800L1];
                __s_Node_taken_20_3L3_3L3[tmp_125L1_1548L1_1861L1_800L1] = 1;
              }
              if((0)==(wasTaken_125L2_1548L2_1861L2_800L2))
              {
                done_125L3_1548L3_1861L3_800L3 = 1;
                ret_125L4_1548L4_1861L4_800L4 = __s_Node_obj_18_3L1_3L1[tmp_125L1_1548L1_1861L1_800L1];
              }
            }
            __sa10_432L0_1857L0_2210L0_913L0[3] = 1;
            if(!(done_125L3_1548L3_1861L3_800L3))
            {
              __s_Queue_prevHead_26_108L8_108L8[0] = tmp_125L1_1548L1_1861L1_800L1;
            }
            __sa10_432L0_1857L0_2210L0_913L0[2] = 1;
          }
        }
        if((ret_125L4_1548L4_1861L4_800L4)!=(null))
        {
          int __s_pac328_2381L1_966L1=__s_Item_tid_22_66L5_66L5[ret_125L4_1548L4_1861L4_800L4];
          lastId_37L0_601L0_794L0_441L0[__s_pac328_2381L1_966L1] = __s_Item_id_23_66L6_66L6[ret_125L4_1548L4_1861L4_800L4];
          atomic
          {
            dqCount_5L3_21L3_167L3_167L3 = (dqCount_5L3_21L3_167L3_167L3)+(1);
          }
        }
      }
    }
  }
  int[2] lastId_68L8_2069L8_2441L8_1026L8={0,0};
  lastId_68L8_2069L8_2441L8_1026L8[0] = 0;
  lastId_68L8_2069L8_2441L8_1026L8[1] = 0;
  bit done_68L9_2069L9_2444L9_1029L9=0;
  for(int i_70L0_2071L0_2446L0_1031L0=0;(i_70L0_2071L0_2446L0_1031L0)<(3);i_70L0_2071L0_2446L0_1031L0 = (i_70L0_2071L0_2446L0_1031L0)+(1))
  {
    if(!(done_68L9_2069L9_2444L9_1029L9))
    {
      int tmp_125L1_3019L1_3511L1_1388L1=null;
      bit wasTaken_125L2_3019L2_3511L2_1388L2=0;
      bit done_125L3_3019L3_3511L3_1388L3=0;
      int ret_125L4_3019L4_3511L4_1388L4=null;
      for(int i_127L0_3021L0_3513L0_1390L0=0;(i_127L0_3021L0_3513L0_1390L0)<(3);i_127L0_3021L0_3513L0_1390L0 = (i_127L0_3021L0_3513L0_1390L0)+(1))
      {
        if(!(done_125L3_3019L3_3511L3_1388L3))
        {
          bit[4] __sa10_432L0_3328L0_3860L0_1501L0={0,0,0,0};
          __sa10_432L0_3328L0_3860L0_1501L0[0] = 0;
          __sa10_432L0_3328L0_3860L0_1501L0[1] = 0;
          __sa10_432L0_3328L0_3860L0_1501L0[2] = 0;
          __sa10_432L0_3328L0_3860L0_1501L0[3] = 0;
          if(!(done_125L3_3019L3_3511L3_1388L3))
          {
            int __s_tmp_cond_elim_1_439L0_3336L0_3874L0_1514L0=0;
            int __s_pac351_3875L1_1515L1=__s_Queue_prevHead_26_108L8_108L8[0];
            __s_tmp_cond_elim_1_439L0_3336L0_3874L0_1514L0 = __s_Node_next_19_3L2_3L2[__s_pac351_3875L1_1515L1];
            tmp_125L1_3019L1_3511L1_1388L1 = __s_tmp_cond_elim_1_439L0_3336L0_3874L0_1514L0;
          }
          __sa10_432L0_3328L0_3860L0_1501L0[0] = 1;
          bit __s_atomize_sc5_480L0_3377L0_3919L0_1520L0=!(done_125L3_3019L3_3511L3_1388L3);
          if(__s_atomize_sc5_480L0_3377L0_3919L0_1520L0)
          {
            __s_atomize_sc5_480L0_3377L0_3919L0_1520L0 = (null)==(tmp_125L1_3019L1_3511L1_1388L1);
          }
          if(__s_atomize_sc5_480L0_3377L0_3919L0_1520L0)
          {
            done_125L3_3019L3_3511L3_1388L3 = 1;
            ret_125L4_3019L4_3511L4_1388L4 = null;
          }
          __sa10_432L0_3328L0_3860L0_1501L0[1] = 1;
          bit __s_atomize_sc6_533L0_3430L0_3976L0_1528L0=!(done_125L3_3019L3_3511L3_1388L3);
          if(__s_atomize_sc6_533L0_3430L0_3976L0_1528L0)
          {
            __s_atomize_sc6_533L0_3430L0_3976L0_1528L0 = (0)==(__s_Node_taken_20_3L3_3L3[tmp_125L1_3019L1_3511L1_1388L1]);
          }
          if(__s_atomize_sc6_533L0_3430L0_3976L0_1528L0)
          {
            atomic
            {
              wasTaken_125L2_3019L2_3511L2_1388L2 = __s_Node_taken_20_3L3_3L3[tmp_125L1_3019L1_3511L1_1388L1];
              __s_Node_taken_20_3L3_3L3[tmp_125L1_3019L1_3511L1_1388L1] = 1;
            }
            if((0)==(wasTaken_125L2_3019L2_3511L2_1388L2))
            {
              done_125L3_3019L3_3511L3_1388L3 = 1;
              ret_125L4_3019L4_3511L4_1388L4 = __s_Node_obj_18_3L1_3L1[tmp_125L1_3019L1_3511L1_1388L1];
            }
          }
          __sa10_432L0_3328L0_3860L0_1501L0[3] = 1;
          if(!(done_125L3_3019L3_3511L3_1388L3))
          {
            __s_Queue_prevHead_26_108L8_108L8[0] = tmp_125L1_3019L1_3511L1_1388L1;
          }
          __sa10_432L0_3328L0_3860L0_1501L0[2] = 1;
        }
      }
      if((ret_125L4_3019L4_3511L4_1388L4)==(null))
      {
        done_68L9_2069L9_2444L9_1029L9 = 1;
      }
      else
      {
        int __s_pac458_4033L1_1556L1=__s_Item_tid_22_66L5_66L5[ret_125L4_3019L4_3511L4_1388L4];
        lastId_68L8_2069L8_2441L8_1026L8[__s_pac458_4033L1_1556L1] = __s_Item_id_23_66L6_66L6[ret_125L4_3019L4_3511L4_1388L4];
      }
    }
  }
  _out_1L0_1L0_1L0_1L0 = 1;
}
void T([!bit _out_103L1_3484L1_4036L1_1559L1])
{
  int[10] __s_Node_obj_28_4038L1_1561L1={0,0,0,0,0,0,0,0,0,0}; int[10] __s_Node_next_29_4038L2_1561L2={0,0,0,0,0,0,0,0,0,0}; bit[10] __s_Node_taken_30_4038L3_1561L3={0,0,0,0,0,0,0,0,0,0};
  int __s_tmp_cond_elim_63_4040L0_1563L0=null;
  __s_Node_obj_28_4038L1_1561L1[0] = __s_tmp_cond_elim_63_4040L0_1563L0;
  int __s_tmp_cond_elim_63_4042L0_1565L0=null;
  __s_Node_obj_28_4038L1_1561L1[1] = __s_tmp_cond_elim_63_4042L0_1565L0;
  int __s_tmp_cond_elim_63_4044L0_1567L0=null;
  __s_Node_obj_28_4038L1_1561L1[2] = __s_tmp_cond_elim_63_4044L0_1567L0;
  int __s_tmp_cond_elim_63_4046L0_1569L0=null;
  __s_Node_obj_28_4038L1_1561L1[3] = __s_tmp_cond_elim_63_4046L0_1569L0;
  int __s_tmp_cond_elim_63_4048L0_1571L0=null;
  __s_Node_obj_28_4038L1_1561L1[4] = __s_tmp_cond_elim_63_4048L0_1571L0;
  int __s_tmp_cond_elim_63_4050L0_1573L0=null;
  __s_Node_obj_28_4038L1_1561L1[5] = __s_tmp_cond_elim_63_4050L0_1573L0;
  int __s_tmp_cond_elim_63_4052L0_1575L0=null;
  __s_Node_obj_28_4038L1_1561L1[6] = __s_tmp_cond_elim_63_4052L0_1575L0;
  int __s_tmp_cond_elim_63_4054L0_1577L0=null;
  __s_Node_obj_28_4038L1_1561L1[7] = __s_tmp_cond_elim_63_4054L0_1577L0;
  int __s_tmp_cond_elim_63_4056L0_1579L0=null;
  __s_Node_obj_28_4038L1_1561L1[8] = __s_tmp_cond_elim_63_4056L0_1579L0;
  int __s_tmp_cond_elim_63_4058L0_1581L0=null;
  __s_Node_obj_28_4038L1_1561L1[9] = __s_tmp_cond_elim_63_4058L0_1581L0;
  int __s_tmp_cond_elim_64_4061L0_1584L0=null;
  __s_Node_next_29_4038L2_1561L2[0] = __s_tmp_cond_elim_64_4061L0_1584L0;
  int __s_tmp_cond_elim_64_4063L0_1586L0=null;
  __s_Node_next_29_4038L2_1561L2[1] = __s_tmp_cond_elim_64_4063L0_1586L0;
  int __s_tmp_cond_elim_64_4065L0_1588L0=null;
  __s_Node_next_29_4038L2_1561L2[2] = __s_tmp_cond_elim_64_4065L0_1588L0;
  int __s_tmp_cond_elim_64_4067L0_1590L0=null;
  __s_Node_next_29_4038L2_1561L2[3] = __s_tmp_cond_elim_64_4067L0_1590L0;
  int __s_tmp_cond_elim_64_4069L0_1592L0=null;
  __s_Node_next_29_4038L2_1561L2[4] = __s_tmp_cond_elim_64_4069L0_1592L0;
  int __s_tmp_cond_elim_64_4071L0_1594L0=null;
  __s_Node_next_29_4038L2_1561L2[5] = __s_tmp_cond_elim_64_4071L0_1594L0;
  int __s_tmp_cond_elim_64_4073L0_1596L0=null;
  __s_Node_next_29_4038L2_1561L2[6] = __s_tmp_cond_elim_64_4073L0_1596L0;
  int __s_tmp_cond_elim_64_4075L0_1598L0=null;
  __s_Node_next_29_4038L2_1561L2[7] = __s_tmp_cond_elim_64_4075L0_1598L0;
  int __s_tmp_cond_elim_64_4077L0_1600L0=null;
  __s_Node_next_29_4038L2_1561L2[8] = __s_tmp_cond_elim_64_4077L0_1600L0;
  int __s_tmp_cond_elim_64_4079L0_1602L0=null;
  __s_Node_next_29_4038L2_1561L2[9] = __s_tmp_cond_elim_64_4079L0_1602L0;
  __s_Node_taken_30_4038L3_1561L3[0] = 0;
  __s_Node_taken_30_4038L3_1561L3[1] = 0;
  __s_Node_taken_30_4038L3_1561L3[2] = 0;
  __s_Node_taken_30_4038L3_1561L3[3] = 0;
  __s_Node_taken_30_4038L3_1561L3[4] = 0;
  __s_Node_taken_30_4038L3_1561L3[5] = 0;
  __s_Node_taken_30_4038L3_1561L3[6] = 0;
  __s_Node_taken_30_4038L3_1561L3[7] = 0;
  __s_Node_taken_30_4038L3_1561L3[8] = 0;
  __s_Node_taken_30_4038L3_1561L3[9] = 0;
  int[10] __s_Item_tid_32_4101L5_1624L5={0,0,0,0,0,0,0,0,0,0}; int[10] __s_Item_id_33_4101L6_1624L6={0,0,0,0,0,0,0,0,0,0};
  __s_Item_tid_32_4101L5_1624L5[0] = 0;
  __s_Item_tid_32_4101L5_1624L5[1] = 0;
  __s_Item_tid_32_4101L5_1624L5[2] = 0;
  __s_Item_tid_32_4101L5_1624L5[3] = 0;
  __s_Item_tid_32_4101L5_1624L5[4] = 0;
  __s_Item_tid_32_4101L5_1624L5[5] = 0;
  __s_Item_tid_32_4101L5_1624L5[6] = 0;
  __s_Item_tid_32_4101L5_1624L5[7] = 0;
  __s_Item_tid_32_4101L5_1624L5[8] = 0;
  __s_Item_tid_32_4101L5_1624L5[9] = 0;
  __s_Item_id_33_4101L6_1624L6[0] = 0;
  __s_Item_id_33_4101L6_1624L6[1] = 0;
  __s_Item_id_33_4101L6_1624L6[2] = 0;
  __s_Item_id_33_4101L6_1624L6[3] = 0;
  __s_Item_id_33_4101L6_1624L6[4] = 0;
  __s_Item_id_33_4101L6_1624L6[5] = 0;
  __s_Item_id_33_4101L6_1624L6[6] = 0;
  __s_Item_id_33_4101L6_1624L6[7] = 0;
  __s_Item_id_33_4101L6_1624L6[8] = 0;
  __s_Item_id_33_4101L6_1624L6[9] = 0;
  int[10] __s_Queue_prevHead_36_4143L8_1666L8={0,0,0,0,0,0,0,0,0,0}; int[10] __s_Queue_tail_35_4143L9_1666L9={0,0,0,0,0,0,0,0,0,0};
  int __s_tmp_cond_elim_68_4145L0_1668L0=null;
  __s_Queue_prevHead_36_4143L8_1666L8[0] = __s_tmp_cond_elim_68_4145L0_1668L0;
  int __s_tmp_cond_elim_68_4147L0_1670L0=null;
  __s_Queue_prevHead_36_4143L8_1666L8[1] = __s_tmp_cond_elim_68_4147L0_1670L0;
  int __s_tmp_cond_elim_68_4149L0_1672L0=null;
  __s_Queue_prevHead_36_4143L8_1666L8[2] = __s_tmp_cond_elim_68_4149L0_1672L0;
  int __s_tmp_cond_elim_68_4151L0_1674L0=null;
  __s_Queue_prevHead_36_4143L8_1666L8[3] = __s_tmp_cond_elim_68_4151L0_1674L0;
  int __s_tmp_cond_elim_68_4153L0_1676L0=null;
  __s_Queue_prevHead_36_4143L8_1666L8[4] = __s_tmp_cond_elim_68_4153L0_1676L0;
  int __s_tmp_cond_elim_68_4155L0_1678L0=null;
  __s_Queue_prevHead_36_4143L8_1666L8[5] = __s_tmp_cond_elim_68_4155L0_1678L0;
  int __s_tmp_cond_elim_68_4157L0_1680L0=null;
  __s_Queue_prevHead_36_4143L8_1666L8[6] = __s_tmp_cond_elim_68_4157L0_1680L0;
  int __s_tmp_cond_elim_68_4159L0_1682L0=null;
  __s_Queue_prevHead_36_4143L8_1666L8[7] = __s_tmp_cond_elim_68_4159L0_1682L0;
  int __s_tmp_cond_elim_68_4161L0_1684L0=null;
  __s_Queue_prevHead_36_4143L8_1666L8[8] = __s_tmp_cond_elim_68_4161L0_1684L0;
  int __s_tmp_cond_elim_68_4163L0_1686L0=null;
  __s_Queue_prevHead_36_4143L8_1666L8[9] = __s_tmp_cond_elim_68_4163L0_1686L0;
  int __s_tmp_cond_elim_69_4166L0_1689L0=null;
  __s_Queue_tail_35_4143L9_1666L9[0] = __s_tmp_cond_elim_69_4166L0_1689L0;
  int __s_tmp_cond_elim_69_4168L0_1691L0=null;
  __s_Queue_tail_35_4143L9_1666L9[1] = __s_tmp_cond_elim_69_4168L0_1691L0;
  int __s_tmp_cond_elim_69_4170L0_1693L0=null;
  __s_Queue_tail_35_4143L9_1666L9[2] = __s_tmp_cond_elim_69_4170L0_1693L0;
  int __s_tmp_cond_elim_69_4172L0_1695L0=null;
  __s_Queue_tail_35_4143L9_1666L9[3] = __s_tmp_cond_elim_69_4172L0_1695L0;
  int __s_tmp_cond_elim_69_4174L0_1697L0=null;
  __s_Queue_tail_35_4143L9_1666L9[4] = __s_tmp_cond_elim_69_4174L0_1697L0;
  int __s_tmp_cond_elim_69_4176L0_1699L0=null;
  __s_Queue_tail_35_4143L9_1666L9[5] = __s_tmp_cond_elim_69_4176L0_1699L0;
  int __s_tmp_cond_elim_69_4178L0_1701L0=null;
  __s_Queue_tail_35_4143L9_1666L9[6] = __s_tmp_cond_elim_69_4178L0_1701L0;
  int __s_tmp_cond_elim_69_4180L0_1703L0=null;
  __s_Queue_tail_35_4143L9_1666L9[7] = __s_tmp_cond_elim_69_4180L0_1703L0;
  int __s_tmp_cond_elim_69_4182L0_1705L0=null;
  __s_Queue_tail_35_4143L9_1666L9[8] = __s_tmp_cond_elim_69_4182L0_1705L0;
  int __s_tmp_cond_elim_69_4184L0_1707L0=null;
  __s_Queue_tail_35_4143L9_1666L9[9] = __s_tmp_cond_elim_69_4184L0_1707L0;
  _out_103L1_3484L1_4036L1_1559L1 = 1;
}

===== Compilation statistics =====
  Solved? -----------------------------> true
  Number of iterations ----------------> 2
  Maximum memory usage (MiB) ----------> 109.140625
  Total elapsed time (s) --------------> 26.456
    % frontend ............ 20.048382
    % verification ........ 72.970215
    % synthesis ........... 6.981403
  Total solution time (s) -------------> 0.658
    % verification ........ 17.93313
    % synthesis ........... 82.06687

  Synthesizer statistics:  
    [solver stats]
    Number of calls -------------------> 2
    Total elapsed time (s) ------------> 1.847
    Total model building time (s) -----> 1.294
    Total solution time (s) -----------> 0.54
    Maximum memory usage (MiB) --------> 26.953125
    Average elapsed time (s) ----------> 0.923
    Average model building time (s) ---> 0.647
    Average solution time (s) ---------> 0.27
    Average memory usage (MiB) --------> 23.095703

  Verifier statistics:     
    [solver stats]
    Number of calls -------------------> 3
    Total elapsed time (s) ------------> 19.305
    Total model building time (s) -----> 19.187
    Total solution time (s) -----------> 0.118
    Maximum memory usage (MiB) --------> 6.6879997
    Average elapsed time (s) ----------> 6.435
    Average model building time (s) ---> 6.395
    Average solution time (s) ---------> 0.039
    Average memory usage (MiB) --------> 5.646

  Frontend statistics:     
    Total elapsed time (s) ------------> 5.304
    Max memory usage (MiB) ------------> 82.1875

[PSKETCH] DONE!
