Iteration 0
[SPINVERIF][2] Stats for last run:
      [solution stats]
      successful? ---------------------> false
      elapsed time (s) ----------------> 36.969
      model building time (s) ---------> 36.95
      solution time (s) ---------------> 0.019
      max memory usage (MiB) ----------> 8.25
      [SPIN-specific stats]
      codegen time (s) ----------------> 13.298
      codegen memory (MiB) ------------> 0.0
      compiler time (s) ---------------> 23.652
      compiler memory (MiB) -----------> 0.0
      total SPIN time (s) -------------> 0.019
      total SPIN mem (MiB) ------------> 8.25
      actual state mem (MiB) ----------> 0.0
      equiv state mem (MiB) -----------> 0.0
      state compression (%) -----------> 0.0
      # states explored ---------------> 342
      state exploration rate (states/s)> 0

[SATBackend] Stats for last run:
      [solution stats]
      successful? ---------------------> true
      elapsed time (s) ----------------> 3.676
      model building time (s) ---------> 2.167
      solution time (s) ---------------> 1.503
      max memory usage (MiB) ----------> 41.753906
      [SAT-specific solution stats]
      initial number of nodes ---------> 97128
      number of nodes after opts ------> 13729
      number of controls --------------> 48
      total number of control bits ----> 64

Iteration 1
[SPINVERIF][2] Stats for last run:
      [solution stats]
      successful? ---------------------> false
      elapsed time (s) ----------------> 37.22
      model building time (s) ---------> 37.02
      solution time (s) ---------------> 0.2
      max memory usage (MiB) ----------> 14.5
      [SPIN-specific stats]
      codegen time (s) ----------------> 13.231
      codegen memory (MiB) ------------> 0.0
      compiler time (s) ---------------> 23.789
      compiler memory (MiB) -----------> 0.0
      total SPIN time (s) -------------> 0.2
      total SPIN mem (MiB) ------------> 14.5
      actual state mem (MiB) ----------> 3.6469994
      equiv state mem (MiB) -----------> 17.598
      state compression (%) -----------> 20.723944
      # states explored ---------------> 3033
      state exploration rate (states/s)> 15165

[SATBackend] Stats for last run:
      [solution stats]
      successful? ---------------------> true
      elapsed time (s) ----------------> 17.905
      model building time (s) ---------> 10.776
      solution time (s) ---------------> 7.123
      max memory usage (MiB) ----------> 156.8086
      [SAT-specific solution stats]
      initial number of nodes ---------> 364793
      number of nodes after opts ------> 59657
      number of controls --------------> 48
      total number of control bits ----> 64

Iteration 2
[SPINVERIF][2] Stats for last run:
      [solution stats]
      successful? ---------------------> true
      elapsed time (s) ----------------> 111.004
      model building time (s) ---------> 37.104
      solution time (s) ---------------> 73.9
      max memory usage (MiB) ----------> 145.75
      [SPIN-specific stats]
      codegen time (s) ----------------> 13.322
      codegen memory (MiB) ------------> 0.0
      compiler time (s) ---------------> 23.782
      compiler memory (MiB) -----------> 0.0
      total SPIN time (s) -------------> 73.9
      total SPIN mem (MiB) ------------> 145.75
      actual state mem (MiB) ----------> 4.976
      equiv state mem (MiB) -----------> 5740.89
      state compression (%) -----------> 0.08667645
      # states explored ---------------> 989441
      state exploration rate (states/s)> 0

void main([!bit _out_1L0_1L0_1L0_1L0]) implements T
{
  int[10] _lock_3L0_3L0=0;
  int __s_Node_nextInstance_11_4L0_4L0=0; int[10] __s_Node_key_12_4L1_4L1={0,0,0,0,0,0,0,0,0,0}; int[10] __s_Node_next_13_4L2_4L2={0,0,0,0,0,0,0,0,0,0};
  bit __s_tmp_cond_elim_53_6L0_6L0=0;
  int __s_pac61_7L0_7L0=0;
  __s_tmp_cond_elim_53_6L0_6L0 = 0;
  int __s_pac62_7L1_7L1=0;
  __s_Node_key_12_4L1_4L1[0] = 0;
  bit __s_tmp_cond_elim_53_8L0_8L0=0;
  int __s_pac61_9L0_9L0=1;
  __s_tmp_cond_elim_53_8L0_8L0 = 0;
  int __s_pac62_9L1_9L1=1;
  __s_Node_key_12_4L1_4L1[1] = 0;
  bit __s_tmp_cond_elim_53_10L0_10L0=0;
  int __s_pac61_11L0_11L0=2;
  __s_tmp_cond_elim_53_10L0_10L0 = 0;
  int __s_pac62_11L1_11L1=2;
  __s_Node_key_12_4L1_4L1[2] = 0;
  bit __s_tmp_cond_elim_53_12L0_12L0=0;
  int __s_pac61_13L0_13L0=3;
  __s_tmp_cond_elim_53_12L0_12L0 = 0;
  int __s_pac62_13L1_13L1=3;
  __s_Node_key_12_4L1_4L1[3] = 0;
  bit __s_tmp_cond_elim_53_14L0_14L0=0;
  int __s_pac61_15L0_15L0=4;
  __s_tmp_cond_elim_53_14L0_14L0 = 0;
  int __s_pac62_15L1_15L1=4;
  __s_Node_key_12_4L1_4L1[4] = 0;
  bit __s_tmp_cond_elim_53_16L0_16L0=0;
  int __s_pac61_17L0_17L0=5;
  __s_tmp_cond_elim_53_16L0_16L0 = 0;
  int __s_pac62_17L1_17L1=5;
  __s_Node_key_12_4L1_4L1[5] = 0;
  bit __s_tmp_cond_elim_53_18L0_18L0=0;
  int __s_pac61_19L0_19L0=6;
  __s_tmp_cond_elim_53_18L0_18L0 = 0;
  int __s_pac62_19L1_19L1=6;
  __s_Node_key_12_4L1_4L1[6] = 0;
  bit __s_tmp_cond_elim_53_20L0_20L0=0;
  int __s_pac61_21L0_21L0=7;
  __s_tmp_cond_elim_53_20L0_20L0 = 0;
  int __s_pac62_21L1_21L1=7;
  __s_Node_key_12_4L1_4L1[7] = 0;
  bit __s_tmp_cond_elim_53_22L0_22L0=0;
  int __s_pac61_23L0_23L0=8;
  __s_tmp_cond_elim_53_22L0_22L0 = 0;
  int __s_pac62_23L1_23L1=8;
  __s_Node_key_12_4L1_4L1[8] = 0;
  bit __s_tmp_cond_elim_53_24L0_24L0=0;
  int __s_pac61_25L0_25L0=9;
  __s_tmp_cond_elim_53_24L0_24L0 = 0;
  int __s_pac62_25L1_25L1=9;
  __s_Node_key_12_4L1_4L1[9] = 0;
  int __s_tmp_cond_elim_54_27L0_27L0=0;
  int __s_pac63_28L0_28L0=0;
  __s_tmp_cond_elim_54_27L0_27L0 = null;
  int __s_pac64_28L1_28L1=0;
  __s_Node_next_13_4L2_4L2[0] = __s_tmp_cond_elim_54_27L0_27L0;
  int __s_tmp_cond_elim_54_29L0_29L0=0;
  int __s_pac63_30L0_30L0=1;
  __s_tmp_cond_elim_54_29L0_29L0 = null;
  int __s_pac64_30L1_30L1=1;
  __s_Node_next_13_4L2_4L2[1] = __s_tmp_cond_elim_54_29L0_29L0;
  int __s_tmp_cond_elim_54_31L0_31L0=0;
  int __s_pac63_32L0_32L0=2;
  __s_tmp_cond_elim_54_31L0_31L0 = null;
  int __s_pac64_32L1_32L1=2;
  __s_Node_next_13_4L2_4L2[2] = __s_tmp_cond_elim_54_31L0_31L0;
  int __s_tmp_cond_elim_54_33L0_33L0=0;
  int __s_pac63_34L0_34L0=3;
  __s_tmp_cond_elim_54_33L0_33L0 = null;
  int __s_pac64_34L1_34L1=3;
  __s_Node_next_13_4L2_4L2[3] = __s_tmp_cond_elim_54_33L0_33L0;
  int __s_tmp_cond_elim_54_35L0_35L0=0;
  int __s_pac63_36L0_36L0=4;
  __s_tmp_cond_elim_54_35L0_35L0 = null;
  int __s_pac64_36L1_36L1=4;
  __s_Node_next_13_4L2_4L2[4] = __s_tmp_cond_elim_54_35L0_35L0;
  int __s_tmp_cond_elim_54_37L0_37L0=0;
  int __s_pac63_38L0_38L0=5;
  __s_tmp_cond_elim_54_37L0_37L0 = null;
  int __s_pac64_38L1_38L1=5;
  __s_Node_next_13_4L2_4L2[5] = __s_tmp_cond_elim_54_37L0_37L0;
  int __s_tmp_cond_elim_54_39L0_39L0=0;
  int __s_pac63_40L0_40L0=6;
  __s_tmp_cond_elim_54_39L0_39L0 = null;
  int __s_pac64_40L1_40L1=6;
  __s_Node_next_13_4L2_4L2[6] = __s_tmp_cond_elim_54_39L0_39L0;
  int __s_tmp_cond_elim_54_41L0_41L0=0;
  int __s_pac63_42L0_42L0=7;
  __s_tmp_cond_elim_54_41L0_41L0 = null;
  int __s_pac64_42L1_42L1=7;
  __s_Node_next_13_4L2_4L2[7] = __s_tmp_cond_elim_54_41L0_41L0;
  int __s_tmp_cond_elim_54_43L0_43L0=0;
  int __s_pac63_44L0_44L0=8;
  __s_tmp_cond_elim_54_43L0_43L0 = null;
  int __s_pac64_44L1_44L1=8;
  __s_Node_next_13_4L2_4L2[8] = __s_tmp_cond_elim_54_43L0_43L0;
  int __s_tmp_cond_elim_54_45L0_45L0=0;
  int __s_pac63_46L0_46L0=9;
  __s_tmp_cond_elim_54_45L0_45L0 = null;
  int __s_pac64_46L1_46L1=9;
  __s_Node_next_13_4L2_4L2[9] = __s_tmp_cond_elim_54_45L0_45L0;
  int __s_Set_nextInstance_14_46L3_46L3=0; int[10] __s_Set_tail_16_46L4_46L4={0,0,0,0,0,0,0,0,0,0}; int[10] __s_Set_head_15_46L5_46L5={0,0,0,0,0,0,0,0,0,0};
  int __s_tmp_cond_elim_55_48L0_48L0=0;
  int __s_pac65_49L0_49L0=0;
  __s_tmp_cond_elim_55_48L0_48L0 = null;
  int __s_pac66_49L1_49L1=0;
  __s_Set_tail_16_46L4_46L4[0] = __s_tmp_cond_elim_55_48L0_48L0;
  int __s_tmp_cond_elim_55_50L0_50L0=0;
  int __s_pac65_51L0_51L0=1;
  __s_tmp_cond_elim_55_50L0_50L0 = null;
  int __s_pac66_51L1_51L1=1;
  __s_Set_tail_16_46L4_46L4[1] = __s_tmp_cond_elim_55_50L0_50L0;
  int __s_tmp_cond_elim_55_52L0_52L0=0;
  int __s_pac65_53L0_53L0=2;
  __s_tmp_cond_elim_55_52L0_52L0 = null;
  int __s_pac66_53L1_53L1=2;
  __s_Set_tail_16_46L4_46L4[2] = __s_tmp_cond_elim_55_52L0_52L0;
  int __s_tmp_cond_elim_55_54L0_54L0=0;
  int __s_pac65_55L0_55L0=3;
  __s_tmp_cond_elim_55_54L0_54L0 = null;
  int __s_pac66_55L1_55L1=3;
  __s_Set_tail_16_46L4_46L4[3] = __s_tmp_cond_elim_55_54L0_54L0;
  int __s_tmp_cond_elim_55_56L0_56L0=0;
  int __s_pac65_57L0_57L0=4;
  __s_tmp_cond_elim_55_56L0_56L0 = null;
  int __s_pac66_57L1_57L1=4;
  __s_Set_tail_16_46L4_46L4[4] = __s_tmp_cond_elim_55_56L0_56L0;
  int __s_tmp_cond_elim_55_58L0_58L0=0;
  int __s_pac65_59L0_59L0=5;
  __s_tmp_cond_elim_55_58L0_58L0 = null;
  int __s_pac66_59L1_59L1=5;
  __s_Set_tail_16_46L4_46L4[5] = __s_tmp_cond_elim_55_58L0_58L0;
  int __s_tmp_cond_elim_55_60L0_60L0=0;
  int __s_pac65_61L0_61L0=6;
  __s_tmp_cond_elim_55_60L0_60L0 = null;
  int __s_pac66_61L1_61L1=6;
  __s_Set_tail_16_46L4_46L4[6] = __s_tmp_cond_elim_55_60L0_60L0;
  int __s_tmp_cond_elim_55_62L0_62L0=0;
  int __s_pac65_63L0_63L0=7;
  __s_tmp_cond_elim_55_62L0_62L0 = null;
  int __s_pac66_63L1_63L1=7;
  __s_Set_tail_16_46L4_46L4[7] = __s_tmp_cond_elim_55_62L0_62L0;
  int __s_tmp_cond_elim_55_64L0_64L0=0;
  int __s_pac65_65L0_65L0=8;
  __s_tmp_cond_elim_55_64L0_64L0 = null;
  int __s_pac66_65L1_65L1=8;
  __s_Set_tail_16_46L4_46L4[8] = __s_tmp_cond_elim_55_64L0_64L0;
  int __s_tmp_cond_elim_55_66L0_66L0=0;
  int __s_pac65_67L0_67L0=9;
  __s_tmp_cond_elim_55_66L0_66L0 = null;
  int __s_pac66_67L1_67L1=9;
  __s_Set_tail_16_46L4_46L4[9] = __s_tmp_cond_elim_55_66L0_66L0;
  int __s_tmp_cond_elim_56_69L0_69L0=0;
  int __s_pac67_70L0_70L0=0;
  __s_tmp_cond_elim_56_69L0_69L0 = null;
  int __s_pac68_70L1_70L1=0;
  __s_Set_head_15_46L5_46L5[0] = __s_tmp_cond_elim_56_69L0_69L0;
  int __s_tmp_cond_elim_56_71L0_71L0=0;
  int __s_pac67_72L0_72L0=1;
  __s_tmp_cond_elim_56_71L0_71L0 = null;
  int __s_pac68_72L1_72L1=1;
  __s_Set_head_15_46L5_46L5[1] = __s_tmp_cond_elim_56_71L0_71L0;
  int __s_tmp_cond_elim_56_73L0_73L0=0;
  int __s_pac67_74L0_74L0=2;
  __s_tmp_cond_elim_56_73L0_73L0 = null;
  int __s_pac68_74L1_74L1=2;
  __s_Set_head_15_46L5_46L5[2] = __s_tmp_cond_elim_56_73L0_73L0;
  int __s_tmp_cond_elim_56_75L0_75L0=0;
  int __s_pac67_76L0_76L0=3;
  __s_tmp_cond_elim_56_75L0_75L0 = null;
  int __s_pac68_76L1_76L1=3;
  __s_Set_head_15_46L5_46L5[3] = __s_tmp_cond_elim_56_75L0_75L0;
  int __s_tmp_cond_elim_56_77L0_77L0=0;
  int __s_pac67_78L0_78L0=4;
  __s_tmp_cond_elim_56_77L0_77L0 = null;
  int __s_pac68_78L1_78L1=4;
  __s_Set_head_15_46L5_46L5[4] = __s_tmp_cond_elim_56_77L0_77L0;
  int __s_tmp_cond_elim_56_79L0_79L0=0;
  int __s_pac67_80L0_80L0=5;
  __s_tmp_cond_elim_56_79L0_79L0 = null;
  int __s_pac68_80L1_80L1=5;
  __s_Set_head_15_46L5_46L5[5] = __s_tmp_cond_elim_56_79L0_79L0;
  int __s_tmp_cond_elim_56_81L0_81L0=0;
  int __s_pac67_82L0_82L0=6;
  __s_tmp_cond_elim_56_81L0_81L0 = null;
  int __s_pac68_82L1_82L1=6;
  __s_Set_head_15_46L5_46L5[6] = __s_tmp_cond_elim_56_81L0_81L0;
  int __s_tmp_cond_elim_56_83L0_83L0=0;
  int __s_pac67_84L0_84L0=7;
  __s_tmp_cond_elim_56_83L0_83L0 = null;
  int __s_pac68_84L1_84L1=7;
  __s_Set_head_15_46L5_46L5[7] = __s_tmp_cond_elim_56_83L0_83L0;
  int __s_tmp_cond_elim_56_85L0_85L0=0;
  int __s_pac67_86L0_86L0=8;
  __s_tmp_cond_elim_56_85L0_85L0 = null;
  int __s_pac68_86L1_86L1=8;
  __s_Set_head_15_46L5_46L5[8] = __s_tmp_cond_elim_56_85L0_85L0;
  int __s_tmp_cond_elim_56_87L0_87L0=0;
  int __s_pac67_88L0_88L0=9;
  __s_tmp_cond_elim_56_87L0_87L0 = null;
  int __s_pac68_88L1_88L1=9;
  __s_Set_head_15_46L5_46L5[9] = __s_tmp_cond_elim_56_87L0_87L0;
  _out_1L0_1L0_1L0_1L0 = 0;
  bit _has_out__3L0_3L0_89L0_89L0=0;
  int S_4L1_4L1_90L1_90L1=0;
  int _ret_0_4L2_4L2_90L2_90L2=0;
  int negInf_7L0_6L0_92L0_92L0=-1;
  int posInf_7L1_6L1_92L1_92L1=10;
  int _out_7L2_6L2_92L2_92L2=0;
  bit _has_out__8L0_7L0_93L0_93L0=0;
  int S_8L1_7L1_93L1_93L1=0;
  int __s_tmp_new_Set_7_7L2_93L2_93L2=0;
  atomic
  {
    __s_tmp_new_Set_7_7L2_93L2_93L2 = 0;
    __s_Set_nextInstance_14_46L3_46L3 = 1;
  }
  S_8L1_7L1_93L1_93L1 = 0;
  int _ret_0_8L2_8L3_94L3_94L3=null;
  int _ret_1_8L3_8L4_94L4_94L4=0;
  int key_11L0_10L0_96L0_96L0=10;
  int next_11L1_10L1_96L1_96L1=_ret_0_8L2_8L3_94L3_94L3;
  int _out_11L2_10L2_96L2_96L2=0;
  bit _has_out__12L0_11L0_97L0_97L0=0;
  int n_12L1_11L1_97L1_97L1=0;
  int __s_tmp_new_Node_8_11L2_97L2_97L2=0;
  atomic
  {
    __s_tmp_new_Node_8_11L2_97L2_97L2 = 0;
  }
  n_12L1_11L1_97L1_97L1 = 0;
  int __s_pac69_99L0_99L0=0;
  __s_Node_key_12_4L1_4L1[0] = 10;
  int __s_pac70_100L0_100L0=0;
  __s_Node_next_13_4L2_4L2[0] = _ret_0_8L2_8L3_94L3_94L3;
  _out_11L2_10L2_96L2_96L2 = 0;
  _has_out__12L0_11L0_97L0_97L0 = 1;
  _ret_1_8L3_8L4_94L4_94L4 = 0;
  int __s_pac71_102L0_102L0=0;
  __s_Set_tail_16_46L4_46L4[0] = 0;
  int _ret_2_16L4_16L5_102L5_102L5=0;
  int __s_pac72_102L6_102L6=0;
  _ret_2_16L4_16L5_102L5_102L5 = __s_Set_tail_16_46L4_46L4[0];
  int _ret_3_16L5_16L6_102L7_102L7=0;
  int key_19L0_18L0_104L0_104L0=-1;
  int next_19L1_18L1_104L1_104L1=0;
  int _out_19L2_18L2_104L2_104L2=0;
  bit _has_out__20L0_19L0_105L0_105L0=0;
  int n_20L1_19L1_105L1_105L1=0;
  int __s_tmp_new_Node_9_19L2_105L2_105L2=0;
  atomic
  {
    __s_tmp_new_Node_9_19L2_105L2_105L2 = 1;
    __s_Node_nextInstance_11_4L0_4L0 = 2;
  }
  n_20L1_19L1_105L1_105L1 = 1;
  int __s_pac73_107L0_107L0=1;
  __s_Node_key_12_4L1_4L1[1] = -1;
  int __s_pac74_108L0_108L0=1;
  __s_Node_next_13_4L2_4L2[1] = 0;
  _out_19L2_18L2_104L2_104L2 = 1;
  _has_out__20L0_19L0_105L0_105L0 = 1;
  _ret_3_16L5_16L6_102L7_102L7 = 1;
  int __s_pac75_110L0_110L0=0;
  __s_Set_head_15_46L5_46L5[0] = 1;
  _out_7L2_6L2_92L2_92L2 = 0;
  _has_out__8L0_7L0_93L0_93L0 = 1;
  _ret_0_4L2_4L2_90L2_90L2 = 0;
  S_4L1_4L1_90L1_90L1 = 0;
  bit[8] removed_25L3_25L3_111L3_111L3={0,0,0,0,0,0,0,0};
  int __s_pac76_113L0_113L0=0;
  removed_25L3_25L3_111L3_111L3[0] = 0;
  int __s_pac76_114L0_114L0=1;
  removed_25L3_25L3_111L3_111L3[1] = 0;
  int __s_pac76_115L0_115L0=2;
  removed_25L3_25L3_111L3_111L3[2] = 0;
  int __s_pac76_116L0_116L0=3;
  removed_25L3_25L3_111L3_111L3[3] = 0;
  int __s_pac76_117L0_117L0=4;
  removed_25L3_25L3_111L3_111L3[4] = 0;
  int __s_pac76_118L0_118L0=5;
  removed_25L3_25L3_111L3_111L3[5] = 0;
  int __s_pac76_119L0_119L0=6;
  removed_25L3_25L3_111L3_111L3[6] = 0;
  int __s_pac76_120L0_120L0=7;
  removed_25L3_25L3_111L3_111L3[7] = 0;
  bit _ret_1_25L4_25L4_120L4_120L4=0;
  int S_120L1_28L0_122L0_122L0=0;
  int key_120L2_28L1_122L1_122L1=10;
  bit _out_120L3_28L2_122L2_122L2=0;
  bit _has_out__122L0_29L0_123L0_123L0=0;
  int prev_122L1_29L1_123L1_123L1=0; int cur_122L2_29L2_123L2_123L2=0;
  bit ret_122L3_29L3_123L3_123L3=0;
  int S_193L6_32L0_125L0_125L0=0;
  int key_193L6_32L1_125L1_125L1=10;
  int prev_193L6_32L2_125L2_125L2=0;
  int cur_193L7_32L3_125L3_125L3=0;
  bit _has_out__195L0_33L0_126L0_126L0=0;
  prev_193L6_32L2_125L2_125L2 = null;
  int __s_pac77_128L0_128L0=0;
  cur_193L7_32L3_125L3_125L3 = __s_Set_head_15_46L5_46L5[0];
  int _ret_0_197L1_35L1_128L1_128L1=1;
  atomic(1)
  {
    _lock_3L0_3L0[1] = -1;
  }
  for(int i_200L0_38L0_132L0_132L0=0;(i_200L0_38L0_132L0_132L0)<(10);i_200L0_38L0_132L0_132L0 = (i_200L0_38L0_132L0_132L0)+(1))
  {
    if((__s_Node_key_12_4L1_4L1[cur_193L7_32L3_125L3_125L3])<(10))
    {
      bit[4] __sa3_945L0_745L0_895L0_319L0={0,0,0,0};
      __sa3_945L0_745L0_895L0_319L0[0] = 0;
      __sa3_945L0_745L0_895L0_319L0[1] = 0;
      __sa3_945L0_745L0_895L0_319L0[2] = 0;
      __sa3_945L0_745L0_895L0_319L0[3] = 0;
      if((prev_193L6_32L2_125L2_125L2)!=(null))
      {
        int _ret_6_1030L2_826L2_984L2_342L2=((((int)prev_193L6_32L2_125L2_125L2))*(1))+(0);
        atomic
        {
          _lock_3L0_3L0[_ret_6_1030L2_826L2_984L2_342L2] = 0;
        }
      }
      __sa3_945L0_745L0_895L0_319L0[1] = 1;
      prev_193L6_32L2_125L2_125L2 = cur_193L7_32L3_125L3_125L3;
      __sa3_945L0_745L0_895L0_319L0[2] = 1;
      cur_193L7_32L3_125L3_125L3 = __s_Node_next_13_4L2_4L2[cur_193L7_32L3_125L3_125L3];
      __sa3_945L0_745L0_895L0_319L0[3] = 1;
      int _ret_1_1220L0_1006L0_1177L0_358L0=null;
      boolean __s_tmp_cond_elim_1_1259L0_1042L0_1213L0_384L0=(cur_193L7_32L3_125L3_125L3)!=(_ret_1_1220L0_1006L0_1177L0_358L0);
      if(__s_tmp_cond_elim_1_1259L0_1042L0_1213L0_384L0)
      {
        int __s_tmp_cond_elim_0_1278L0_1060L0_1231L0_397L0=__s_Node_next_13_4L2_4L2[prev_193L6_32L2_125L2_125L2];
        int _ret_4_1281L2_1063L2_1234L2_399L2=((((int)__s_tmp_cond_elim_0_1278L0_1060L0_1231L0_397L0))*(1))+(0);
        atomic((_lock_3L0_3L0[_ret_4_1281L2_1063L2_1234L2_399L2])==(0))
        {
          _lock_3L0_3L0[_ret_4_1281L2_1063L2_1234L2_399L2] = -1;
        }
      }
      __sa3_945L0_745L0_895L0_319L0[0] = 1;
    }
  }
  prev_122L1_29L1_123L1_123L1 = prev_193L6_32L2_125L2_125L2;
  cur_122L2_29L2_123L2_123L2 = cur_193L7_32L3_125L3_125L3;
  int __s_pac147_1269L4_405L4=cur_193L7_32L3_125L3_125L3;
  if((10)<(__s_Node_key_12_4L1_4L1[cur_193L7_32L3_125L3_125L3]))
  {
    atomic
    {
      __s_Node_nextInstance_11_4L0_4L0 = 3;
    }
    __s_Node_key_12_4L1_4L1[2] = 10;
    __s_Node_next_13_4L2_4L2[2] = cur_193L7_32L3_125L3_125L3;
    __s_Node_next_13_4L2_4L2[prev_193L6_32L2_125L2_125L2] = 2;
    ret_122L3_29L3_123L3_123L3 = 1;
  }
  else
  {
    ret_122L3_29L3_123L3_123L3 = 0;
  }
  int _ret_1_135L4_1103L4_1281L5_417L5=((((int)prev_193L6_32L2_125L2_125L2))*(1))+(0);
  atomic
  {
    _lock_3L0_3L0[_ret_1_135L4_1103L4_1281L5_417L5] = 0;
  }
  int _ret_2_136L5_1104L5_1283L6_419L6=((((int)cur_193L7_32L3_125L3_125L3))*(1))+(0);
  atomic
  {
    _lock_3L0_3L0[_ret_2_136L5_1104L5_1283L6_419L6] = 0;
  }
  _out_120L3_28L2_122L2_122L2 = ret_122L3_29L3_123L3_123L3;
  _has_out__122L0_29L0_123L0_123L0 = 1;
  _ret_1_25L4_25L4_120L4_120L4 = ret_122L3_29L3_123L3_123L3;
  bit _ret_2_27L5_1107L5_1287L5_423L5=0;
  int S_138L3_1110L0_1289L0_425L0=0;
  int key_138L3_1110L1_1289L1_425L1=1;
  bit _out_138L3_1110L2_1289L2_425L2=0;
  bit _has_out__140L0_1111L0_1290L0_426L0=0;
  int prev_140L1_1111L1_1290L1_426L1=0; int cur_140L2_1111L2_1290L2_426L2=0;
  bit ret_140L3_1111L3_1290L3_426L3=0;
  int S_193L6_1114L0_1292L0_428L0=0;
  int key_193L6_1114L1_1292L1_428L1=1;
  int prev_193L6_1114L2_1292L2_428L2=0;
  int cur_193L7_1114L3_1292L3_428L3=0;
  bit _has_out__195L0_1115L0_1293L0_429L0=0;
  prev_193L6_1114L2_1292L2_428L2 = null;
  int __s_pac151_1295L0_431L0=0;
  cur_193L7_1114L3_1292L3_428L3 = __s_Set_head_15_46L5_46L5[0];
  int _ret_0_197L1_1117L1_1295L1_431L1=1;
  atomic((_lock_3L0_3L0[1])==(0))
  {
    _lock_3L0_3L0[1] = -1;
  }
  for(int i_200L0_1120L0_1299L0_435L0=0;(i_200L0_1120L0_1299L0_435L0)<(10);i_200L0_1120L0_1299L0_435L0 = (i_200L0_1120L0_1299L0_435L0)+(1))
  {
    if((__s_Node_key_12_4L1_4L1[cur_193L7_1114L3_1292L3_428L3])<(1))
    {
      bit[4] __sa3_945L0_1827L0_2062L0_622L0={0,0,0,0};
      __sa3_945L0_1827L0_2062L0_622L0[0] = 0;
      __sa3_945L0_1827L0_2062L0_622L0[1] = 0;
      __sa3_945L0_1827L0_2062L0_622L0[2] = 0;
      __sa3_945L0_1827L0_2062L0_622L0[3] = 0;
      if((prev_193L6_1114L2_1292L2_428L2)!=(null))
      {
        int _ret_6_1030L2_1908L2_2151L2_645L2=((((int)prev_193L6_1114L2_1292L2_428L2))*(1))+(0);
        atomic
        {
          _lock_3L0_3L0[_ret_6_1030L2_1908L2_2151L2_645L2] = 0;
        }
      }
      __sa3_945L0_1827L0_2062L0_622L0[1] = 1;
      prev_193L6_1114L2_1292L2_428L2 = cur_193L7_1114L3_1292L3_428L3;
      __sa3_945L0_1827L0_2062L0_622L0[2] = 1;
      cur_193L7_1114L3_1292L3_428L3 = __s_Node_next_13_4L2_4L2[cur_193L7_1114L3_1292L3_428L3];
      __sa3_945L0_1827L0_2062L0_622L0[3] = 1;
      int _ret_1_1220L0_2088L0_2344L0_661L0=null;
      boolean __s_tmp_cond_elim_1_1259L0_2124L0_2380L0_687L0=(cur_193L7_1114L3_1292L3_428L3)!=(_ret_1_1220L0_2088L0_2344L0_661L0);
      if(__s_tmp_cond_elim_1_1259L0_2124L0_2380L0_687L0)
      {
        int __s_tmp_cond_elim_0_1278L0_2142L0_2398L0_700L0=__s_Node_next_13_4L2_4L2[prev_193L6_1114L2_1292L2_428L2];
        int _ret_4_1281L2_2145L2_2401L2_702L2=((((int)__s_tmp_cond_elim_0_1278L0_2142L0_2398L0_700L0))*(1))+(0);
        atomic((_lock_3L0_3L0[_ret_4_1281L2_2145L2_2401L2_702L2])==(0))
        {
          _lock_3L0_3L0[_ret_4_1281L2_2145L2_2401L2_702L2] = -1;
        }
      }
      __sa3_945L0_1827L0_2062L0_622L0[0] = 1;
    }
  }
  prev_140L1_1111L1_1290L1_426L1 = prev_193L6_1114L2_1292L2_428L2;
  cur_140L2_1111L2_1290L2_426L2 = cur_193L7_1114L3_1292L3_428L3;
  int __s_pac221_2436L4_708L4=cur_193L7_1114L3_1292L3_428L3;
  if((1)==(__s_Node_key_12_4L1_4L1[cur_193L7_1114L3_1292L3_428L3]))
  {
    __s_Node_next_13_4L2_4L2[prev_193L6_1114L2_1292L2_428L2] = __s_Node_next_13_4L2_4L2[cur_193L7_1114L3_1292L3_428L3];
    ret_140L3_1111L3_1290L3_426L3 = 1;
  }
  else
  {
    ret_140L3_1111L3_1290L3_426L3 = 0;
  }
  int _ret_0_146L4_2178L4_2441L5_713L5=((((int)prev_193L6_1114L2_1292L2_428L2))*(1))+(0);
  atomic
  {
    _lock_3L0_3L0[_ret_0_146L4_2178L4_2441L5_713L5] = 0;
  }
  int _ret_1_147L5_2179L5_2443L6_715L6=((((int)cur_193L7_1114L3_1292L3_428L3))*(1))+(0);
  atomic
  {
    _lock_3L0_3L0[_ret_1_147L5_2179L5_2443L6_715L6] = 0;
  }
  _out_138L3_1110L2_1289L2_425L2 = ret_140L3_1111L3_1290L3_426L3;
  _has_out__140L0_1111L0_1290L0_426L0 = 1;
  _ret_2_27L5_1107L5_1287L5_423L5 = ret_140L3_1111L3_1290L3_426L3;
  bit _ret_3_29L6_2182L6_2447L6_719L6=0;
  int S_120L1_2185L0_2449L0_721L0=0;
  int key_120L2_2185L1_2449L1_721L1=1;
  bit _out_120L3_2185L2_2449L2_721L2=0;
  bit _has_out__122L0_2186L0_2450L0_722L0=0;
  int prev_122L1_2186L1_2450L1_722L1=0; int cur_122L2_2186L2_2450L2_722L2=0;
  bit ret_122L3_2186L3_2450L3_722L3=0;
  int S_193L6_2189L0_2452L0_724L0=0;
  int key_193L6_2189L1_2452L1_724L1=1;
  int prev_193L6_2189L2_2452L2_724L2=0;
  int cur_193L7_2189L3_2452L3_724L3=0;
  bit _has_out__195L0_2190L0_2453L0_725L0=0;
  prev_193L6_2189L2_2452L2_724L2 = null;
  int __s_pac224_2455L0_727L0=0;
  cur_193L7_2189L3_2452L3_724L3 = __s_Set_head_15_46L5_46L5[0];
  int _ret_0_197L1_2192L1_2455L1_727L1=1;
  atomic((_lock_3L0_3L0[1])==(0))
  {
    _lock_3L0_3L0[1] = -1;
  }
  for(int i_200L0_2195L0_2459L0_731L0=0;(i_200L0_2195L0_2459L0_731L0)<(10);i_200L0_2195L0_2459L0_731L0 = (i_200L0_2195L0_2459L0_731L0)+(1))
  {
    if((__s_Node_key_12_4L1_4L1[cur_193L7_2189L3_2452L3_724L3])<(1))
    {
      bit[4] __sa3_945L0_2902L0_3222L0_918L0={0,0,0,0};
      __sa3_945L0_2902L0_3222L0_918L0[0] = 0;
      __sa3_945L0_2902L0_3222L0_918L0[1] = 0;
      __sa3_945L0_2902L0_3222L0_918L0[2] = 0;
      __sa3_945L0_2902L0_3222L0_918L0[3] = 0;
      if((prev_193L6_2189L2_2452L2_724L2)!=(null))
      {
        int _ret_6_1030L2_2983L2_3311L2_941L2=((((int)prev_193L6_2189L2_2452L2_724L2))*(1))+(0);
        atomic
        {
          _lock_3L0_3L0[_ret_6_1030L2_2983L2_3311L2_941L2] = 0;
        }
      }
      __sa3_945L0_2902L0_3222L0_918L0[1] = 1;
      prev_193L6_2189L2_2452L2_724L2 = cur_193L7_2189L3_2452L3_724L3;
      __sa3_945L0_2902L0_3222L0_918L0[2] = 1;
      cur_193L7_2189L3_2452L3_724L3 = __s_Node_next_13_4L2_4L2[cur_193L7_2189L3_2452L3_724L3];
      __sa3_945L0_2902L0_3222L0_918L0[3] = 1;
      int _ret_1_1220L0_3163L0_3504L0_957L0=null;
      boolean __s_tmp_cond_elim_1_1259L0_3199L0_3540L0_983L0=(cur_193L7_2189L3_2452L3_724L3)!=(_ret_1_1220L0_3163L0_3504L0_957L0);
      if(__s_tmp_cond_elim_1_1259L0_3199L0_3540L0_983L0)
      {
        int __s_tmp_cond_elim_0_1278L0_3217L0_3558L0_996L0=__s_Node_next_13_4L2_4L2[prev_193L6_2189L2_2452L2_724L2];
        int _ret_4_1281L2_3220L2_3561L2_998L2=((((int)__s_tmp_cond_elim_0_1278L0_3217L0_3558L0_996L0))*(1))+(0);
        atomic((_lock_3L0_3L0[_ret_4_1281L2_3220L2_3561L2_998L2])==(0))
        {
          _lock_3L0_3L0[_ret_4_1281L2_3220L2_3561L2_998L2] = -1;
        }
      }
      __sa3_945L0_2902L0_3222L0_918L0[0] = 1;
    }
  }
  prev_122L1_2186L1_2450L1_722L1 = prev_193L6_2189L2_2452L2_724L2;
  cur_122L2_2186L2_2450L2_722L2 = cur_193L7_2189L3_2452L3_724L3;
  int __s_pac294_3596L4_1004L4=cur_193L7_2189L3_2452L3_724L3;
  if((1)<(__s_Node_key_12_4L1_4L1[cur_193L7_2189L3_2452L3_724L3]))
  {
    int __s_tmp_new_Node_10_3253L2_3601L2_1009L2=0;
    atomic
    {
      __s_tmp_new_Node_10_3253L2_3601L2_1009L2 = __s_Node_nextInstance_11_4L0_4L0;
      __s_Node_nextInstance_11_4L0_4L0 = (__s_Node_nextInstance_11_4L0_4L0)+(1);
    }
    __s_Node_key_12_4L1_4L1[__s_tmp_new_Node_10_3253L2_3601L2_1009L2] = 1;
    __s_Node_next_13_4L2_4L2[__s_tmp_new_Node_10_3253L2_3601L2_1009L2] = cur_193L7_2189L3_2452L3_724L3;
    __s_Node_next_13_4L2_4L2[prev_193L6_2189L2_2452L2_724L2] = __s_tmp_new_Node_10_3253L2_3601L2_1009L2;
    ret_122L3_2186L3_2450L3_722L3 = 1;
  }
  else
  {
    ret_122L3_2186L3_2450L3_722L3 = 0;
  }
  int _ret_1_135L4_3260L4_3608L5_1016L5=((((int)prev_193L6_2189L2_2452L2_724L2))*(1))+(0);
  atomic
  {
    _lock_3L0_3L0[_ret_1_135L4_3260L4_3608L5_1016L5] = 0;
  }
  int _ret_2_136L5_3261L5_3610L6_1018L6=((((int)cur_193L7_2189L3_2452L3_724L3))*(1))+(0);
  atomic
  {
    _lock_3L0_3L0[_ret_2_136L5_3261L5_3610L6_1018L6] = 0;
  }
  _out_120L3_2185L2_2449L2_721L2 = ret_122L3_2186L3_2450L3_722L3;
  _has_out__122L0_2186L0_2450L0_722L0 = 1;
  _ret_3_29L6_2182L6_2447L6_719L6 = ret_122L3_2186L3_2450L3_722L3;
  bit _ret_4_31L7_3264L7_3614L7_1022L7=0;
  int S_138L3_3267L0_3616L0_1024L0=0;
  int key_138L3_3267L1_3616L1_1024L1=1;
  bit _out_138L3_3267L2_3616L2_1024L2=0;
  bit _has_out__140L0_3268L0_3617L0_1025L0=0;
  int prev_140L1_3268L1_3617L1_1025L1=0; int cur_140L2_3268L2_3617L2_1025L2=0;
  bit ret_140L3_3268L3_3617L3_1025L3=0;
  int S_193L6_3271L0_3619L0_1027L0=0;
  int key_193L6_3271L1_3619L1_1027L1=1;
  int prev_193L6_3271L2_3619L2_1027L2=0;
  int cur_193L7_3271L3_3619L3_1027L3=0;
  bit _has_out__195L0_3272L0_3620L0_1028L0=0;
  prev_193L6_3271L2_3619L2_1027L2 = null;
  int __s_pac298_3622L0_1030L0=0;
  cur_193L7_3271L3_3619L3_1027L3 = __s_Set_head_15_46L5_46L5[0];
  int _ret_0_197L1_3274L1_3622L1_1030L1=1;
  atomic((_lock_3L0_3L0[1])==(0))
  {
    _lock_3L0_3L0[1] = -1;
  }
  for(int i_200L0_3277L0_3626L0_1034L0=0;(i_200L0_3277L0_3626L0_1034L0)<(10);i_200L0_3277L0_3626L0_1034L0 = (i_200L0_3277L0_3626L0_1034L0)+(1))
  {
    if((__s_Node_key_12_4L1_4L1[cur_193L7_3271L3_3619L3_1027L3])<(1))
    {
      bit[4] __sa3_945L0_3984L0_4389L0_1221L0={0,0,0,0};
      __sa3_945L0_3984L0_4389L0_1221L0[0] = 0;
      __sa3_945L0_3984L0_4389L0_1221L0[1] = 0;
      __sa3_945L0_3984L0_4389L0_1221L0[2] = 0;
      __sa3_945L0_3984L0_4389L0_1221L0[3] = 0;
      if((prev_193L6_3271L2_3619L2_1027L2)!=(null))
      {
        int _ret_6_1030L2_4065L2_4478L2_1244L2=((((int)prev_193L6_3271L2_3619L2_1027L2))*(1))+(0);
        atomic
        {
          _lock_3L0_3L0[_ret_6_1030L2_4065L2_4478L2_1244L2] = 0;
        }
      }
      __sa3_945L0_3984L0_4389L0_1221L0[1] = 1;
      prev_193L6_3271L2_3619L2_1027L2 = cur_193L7_3271L3_3619L3_1027L3;
      __sa3_945L0_3984L0_4389L0_1221L0[2] = 1;
      cur_193L7_3271L3_3619L3_1027L3 = __s_Node_next_13_4L2_4L2[cur_193L7_3271L3_3619L3_1027L3];
      __sa3_945L0_3984L0_4389L0_1221L0[3] = 1;
      int _ret_1_1220L0_4245L0_4671L0_1260L0=null;
      boolean __s_tmp_cond_elim_1_1259L0_4281L0_4707L0_1286L0=(cur_193L7_3271L3_3619L3_1027L3)!=(_ret_1_1220L0_4245L0_4671L0_1260L0);
      if(__s_tmp_cond_elim_1_1259L0_4281L0_4707L0_1286L0)
      {
        int __s_tmp_cond_elim_0_1278L0_4299L0_4725L0_1299L0=__s_Node_next_13_4L2_4L2[prev_193L6_3271L2_3619L2_1027L2];
        int _ret_4_1281L2_4302L2_4728L2_1301L2=((((int)__s_tmp_cond_elim_0_1278L0_4299L0_4725L0_1299L0))*(1))+(0);
        atomic((_lock_3L0_3L0[_ret_4_1281L2_4302L2_4728L2_1301L2])==(0))
        {
          _lock_3L0_3L0[_ret_4_1281L2_4302L2_4728L2_1301L2] = -1;
        }
      }
      __sa3_945L0_3984L0_4389L0_1221L0[0] = 1;
    }
  }
  prev_140L1_3268L1_3617L1_1025L1 = prev_193L6_3271L2_3619L2_1027L2;
  cur_140L2_3268L2_3617L2_1025L2 = cur_193L7_3271L3_3619L3_1027L3;
  int __s_pac368_4763L4_1307L4=cur_193L7_3271L3_3619L3_1027L3;
  if((1)==(__s_Node_key_12_4L1_4L1[cur_193L7_3271L3_3619L3_1027L3]))
  {
    __s_Node_next_13_4L2_4L2[prev_193L6_3271L2_3619L2_1027L2] = __s_Node_next_13_4L2_4L2[cur_193L7_3271L3_3619L3_1027L3];
    ret_140L3_3268L3_3617L3_1025L3 = 1;
  }
  else
  {
    ret_140L3_3268L3_3617L3_1025L3 = 0;
  }
  int _ret_0_146L4_4335L4_4768L5_1312L5=((((int)prev_193L6_3271L2_3619L2_1027L2))*(1))+(0);
  atomic
  {
    _lock_3L0_3L0[_ret_0_146L4_4335L4_4768L5_1312L5] = 0;
  }
  int _ret_1_147L5_4336L5_4770L6_1314L6=((((int)cur_193L7_3271L3_3619L3_1027L3))*(1))+(0);
  atomic
  {
    _lock_3L0_3L0[_ret_1_147L5_4336L5_4770L6_1314L6] = 0;
  }
  _out_138L3_3267L2_3616L2_1024L2 = ret_140L3_3268L3_3617L3_1025L3;
  _has_out__140L0_3268L0_3617L0_1025L0 = 1;
  _ret_4_31L7_3264L7_3614L7_1022L7 = ret_140L3_3268L3_3617L3_1025L3;
  bit _ret_5_33L8_4339L8_4774L8_1318L8=0;
  int S_149L3_4342L0_4776L0_1320L0=0;
  bit _out_149L3_4342L1_4776L1_1320L1=0;
  bit _has_out__151L0_4343L0_4777L0_1321L0=0;
  int __s_pac372_4778L0_1322L0=0;
  int __s_pac371_4778L1_1322L1=__s_Set_tail_16_46L4_46L4[0];
  int __s_pac374_4779L0_1323L0=0;
  int __s_pac373_4779L1_1323L1=__s_Set_head_15_46L5_46L5[0];
  int __s_pac375_4779L2_1323L2=0;
  _out_149L3_4342L1_4776L1_1320L1 = (__s_Node_next_13_4L2_4L2[1])==(__s_Set_tail_16_46L4_46L4[0]);
  _has_out__151L0_4343L0_4777L0_1321L0 = 1;
  _ret_5_33L8_4339L8_4774L8_1318L8 = _out_149L3_4342L1_4776L1_1320L1;
  fork(int i_37L0_4348L0_4782L0_1326L0; 2)
  {
    if(((i_37L0_4348L0_4782L0_1326L0)%(2))==(0))
    {
      for(int j_43L0_4354L0_4788L0_1333L0=0;(j_43L0_4354L0_4788L0_1333L0)<(4);j_43L0_4354L0_4788L0_1333L0 = (j_43L0_4354L0_4788L0_1333L0)+(1))
      {
        int key_55L0_6526L0_7130L0_1947L0=(j_43L0_4354L0_4788L0_1333L0)+(((i_37L0_4348L0_4782L0_1326L0)/(2))*(4));
        int prev_193L6_6534L2_7136L2_1953L2=0;
        int cur_193L7_6534L3_7136L3_1953L3;
        prev_193L6_6534L2_7136L2_1953L2 = null;
        cur_193L7_6534L3_7136L3_1953L3 = __s_Set_head_15_46L5_46L5[0];
        int _ret_0_197L1_6537L1_7139L1_1956L1=((((int)cur_193L7_6534L3_7136L3_1953L3))*(1))+(0);
        atomic((_lock_3L0_3L0[_ret_0_197L1_6537L1_7139L1_1956L1])==(0))
        {
          _lock_3L0_3L0[_ret_0_197L1_6537L1_7139L1_1956L1] = (i_37L0_4348L0_4782L0_1326L0)+(1);
        }
        for(int i_200L0_6540L0_7143L0_1960L0=0;(i_200L0_6540L0_7143L0_1960L0)<(10);i_200L0_6540L0_7143L0_1960L0 = (i_200L0_6540L0_7143L0_1960L0)+(1))
        {
          if((__s_Node_key_12_4L1_4L1[cur_193L7_6534L3_7136L3_1953L3])<(key_55L0_6526L0_7130L0_1947L0))
          {
            bit[4] __sa3_945L0_7247L0_7906L0_2147L0={0,0,0,0};
            __sa3_945L0_7247L0_7906L0_2147L0[0] = 0;
            __sa3_945L0_7247L0_7906L0_2147L0[1] = 0;
            __sa3_945L0_7247L0_7906L0_2147L0[2] = 0;
            __sa3_945L0_7247L0_7906L0_2147L0[3] = 0;
            if((prev_193L6_6534L2_7136L2_1953L2)!=(null))
            {
              int _ret_6_1030L2_7328L2_7995L2_2170L2=((((int)prev_193L6_6534L2_7136L2_1953L2))*(1))+(0);
              atomic
              {
                _lock_3L0_3L0[_ret_6_1030L2_7328L2_7995L2_2170L2] = 0;
              }
            }
            __sa3_945L0_7247L0_7906L0_2147L0[1] = 1;
            prev_193L6_6534L2_7136L2_1953L2 = cur_193L7_6534L3_7136L3_1953L3;
            __sa3_945L0_7247L0_7906L0_2147L0[2] = 1;
            cur_193L7_6534L3_7136L3_1953L3 = __s_Node_next_13_4L2_4L2[cur_193L7_6534L3_7136L3_1953L3];
            __sa3_945L0_7247L0_7906L0_2147L0[3] = 1;
            int _ret_1_1220L0_7508L0_8188L0_2186L0=null;
            boolean __s_tmp_cond_elim_1_1259L0_7544L0_8224L0_2212L0=(cur_193L7_6534L3_7136L3_1953L3)!=(_ret_1_1220L0_7508L0_8188L0_2186L0);
            if(__s_tmp_cond_elim_1_1259L0_7544L0_8224L0_2212L0)
            {
              int __s_tmp_cond_elim_0_1278L0_7562L0_8242L0_2225L0=__s_Node_next_13_4L2_4L2[prev_193L6_6534L2_7136L2_1953L2];
              int _ret_4_1281L2_7565L2_8245L2_2227L2=((((int)__s_tmp_cond_elim_0_1278L0_7562L0_8242L0_2225L0))*(1))+(0);
              atomic((_lock_3L0_3L0[_ret_4_1281L2_7565L2_8245L2_2227L2])==(0))
              {
                _lock_3L0_3L0[_ret_4_1281L2_7565L2_8245L2_2227L2] = (i_37L0_4348L0_4782L0_1326L0)+(1);
              }
            }
            __sa3_945L0_7247L0_7906L0_2147L0[0] = 1;
          }
        }
        if((key_55L0_6526L0_7130L0_1947L0)<(__s_Node_key_12_4L1_4L1[cur_193L7_6534L3_7136L3_1953L3]))
        {
          int __s_tmp_new_Node_10_7598L2_8285L2_2238L2=0;
          atomic
          {
            __s_tmp_new_Node_10_7598L2_8285L2_2238L2 = __s_Node_nextInstance_11_4L0_4L0;
            __s_Node_nextInstance_11_4L0_4L0 = (__s_Node_nextInstance_11_4L0_4L0)+(1);
          }
          __s_Node_key_12_4L1_4L1[__s_tmp_new_Node_10_7598L2_8285L2_2238L2] = key_55L0_6526L0_7130L0_1947L0;
          __s_Node_next_13_4L2_4L2[__s_tmp_new_Node_10_7598L2_8285L2_2238L2] = cur_193L7_6534L3_7136L3_1953L3;
          __s_Node_next_13_4L2_4L2[prev_193L6_6534L2_7136L2_1953L2] = __s_tmp_new_Node_10_7598L2_8285L2_2238L2;
        }
        int _ret_1_135L4_7605L4_8292L5_2245L5=((((int)prev_193L6_6534L2_7136L2_1953L2))*(1))+(0);
        atomic
        {
          _lock_3L0_3L0[_ret_1_135L4_7605L4_8292L5_2245L5] = 0;
        }
        int _ret_2_136L5_7606L5_8294L6_2247L6=((((int)cur_193L7_6534L3_7136L3_1953L3))*(1))+(0);
        atomic
        {
          _lock_3L0_3L0[_ret_2_136L5_7606L5_8294L6_2247L6] = 0;
        }
      }
    }
    else
    {
      for(int j_62L0_7613L0_8302L0_2255L0=0;(j_62L0_7613L0_8302L0_2255L0)<(4);j_62L0_7613L0_8302L0_2255L0 = (j_62L0_7613L0_8302L0_2255L0)+(1))
      {
        int key_72L0_9769L0_10628L0_2853L0=(j_62L0_7613L0_8302L0_2255L0)+(((i_37L0_4348L0_4782L0_1326L0)/(2))*(4));
        bit ret_140L3_9774L3_10632L3_2857L3=0;
        int prev_193L6_9777L2_10634L2_2859L2=0;
        int cur_193L7_9777L3_10634L3_2859L3;
        prev_193L6_9777L2_10634L2_2859L2 = null;
        cur_193L7_9777L3_10634L3_2859L3 = __s_Set_head_15_46L5_46L5[0];
        int _ret_0_197L1_9780L1_10637L1_2862L1=((((int)cur_193L7_9777L3_10634L3_2859L3))*(1))+(0);
        atomic((_lock_3L0_3L0[_ret_0_197L1_9780L1_10637L1_2862L1])==(0))
        {
          _lock_3L0_3L0[_ret_0_197L1_9780L1_10637L1_2862L1] = (i_37L0_4348L0_4782L0_1326L0)+(1);
        }
        for(int i_200L0_9783L0_10641L0_2866L0=0;(i_200L0_9783L0_10641L0_2866L0)<(10);i_200L0_9783L0_10641L0_2866L0 = (i_200L0_9783L0_10641L0_2866L0)+(1))
        {
          if((__s_Node_key_12_4L1_4L1[cur_193L7_9777L3_10634L3_2859L3])<(key_72L0_9769L0_10628L0_2853L0))
          {
            bit[4] __sa3_945L0_10490L0_11404L0_3053L0={0,0,0,0};
            __sa3_945L0_10490L0_11404L0_3053L0[0] = 0;
            __sa3_945L0_10490L0_11404L0_3053L0[1] = 0;
            __sa3_945L0_10490L0_11404L0_3053L0[2] = 0;
            __sa3_945L0_10490L0_11404L0_3053L0[3] = 0;
            if((prev_193L6_9777L2_10634L2_2859L2)!=(null))
            {
              int _ret_6_1030L2_10571L2_11493L2_3076L2=((((int)prev_193L6_9777L2_10634L2_2859L2))*(1))+(0);
              atomic
              {
                _lock_3L0_3L0[_ret_6_1030L2_10571L2_11493L2_3076L2] = 0;
              }
            }
            __sa3_945L0_10490L0_11404L0_3053L0[1] = 1;
            prev_193L6_9777L2_10634L2_2859L2 = cur_193L7_9777L3_10634L3_2859L3;
            __sa3_945L0_10490L0_11404L0_3053L0[2] = 1;
            cur_193L7_9777L3_10634L3_2859L3 = __s_Node_next_13_4L2_4L2[cur_193L7_9777L3_10634L3_2859L3];
            __sa3_945L0_10490L0_11404L0_3053L0[3] = 1;
            int _ret_1_1220L0_10751L0_11686L0_3092L0=null;
            boolean __s_tmp_cond_elim_1_1259L0_10787L0_11722L0_3118L0=(cur_193L7_9777L3_10634L3_2859L3)!=(_ret_1_1220L0_10751L0_11686L0_3092L0);
            if(__s_tmp_cond_elim_1_1259L0_10787L0_11722L0_3118L0)
            {
              int __s_tmp_cond_elim_0_1278L0_10805L0_11740L0_3131L0=__s_Node_next_13_4L2_4L2[prev_193L6_9777L2_10634L2_2859L2];
              int _ret_4_1281L2_10808L2_11743L2_3133L2=((((int)__s_tmp_cond_elim_0_1278L0_10805L0_11740L0_3131L0))*(1))+(0);
              atomic((_lock_3L0_3L0[_ret_4_1281L2_10808L2_11743L2_3133L2])==(0))
              {
                _lock_3L0_3L0[_ret_4_1281L2_10808L2_11743L2_3133L2] = (i_37L0_4348L0_4782L0_1326L0)+(1);
              }
            }
            __sa3_945L0_10490L0_11404L0_3053L0[0] = 1;
          }
        }
        if((key_72L0_9769L0_10628L0_2853L0)==(__s_Node_key_12_4L1_4L1[cur_193L7_9777L3_10634L3_2859L3]))
        {
          __s_Node_next_13_4L2_4L2[prev_193L6_9777L2_10634L2_2859L2] = __s_Node_next_13_4L2_4L2[cur_193L7_9777L3_10634L3_2859L3];
          ret_140L3_9774L3_10632L3_2857L3 = 1;
        }
        else
        {
          ret_140L3_9774L3_10632L3_2857L3 = 0;
        }
        int _ret_0_146L4_10841L4_11783L5_3144L5=((((int)prev_193L6_9777L2_10634L2_2859L2))*(1))+(0);
        atomic
        {
          _lock_3L0_3L0[_ret_0_146L4_10841L4_11783L5_3144L5] = 0;
        }
        int _ret_1_147L5_10842L5_11785L6_3146L6=((((int)cur_193L7_9777L3_10634L3_2859L3))*(1))+(0);
        atomic
        {
          _lock_3L0_3L0[_ret_1_147L5_10842L5_11785L6_3146L6] = 0;
        }
        removed_25L3_25L3_111L3_111L3[key_72L0_9769L0_10628L0_2853L0] = ret_140L3_9774L3_10632L3_2857L3;
      }
    }
  }
  for(int k_78L0_10889L0_11832L0_3193L0=0;(k_78L0_10889L0_11832L0_3193L0)<(4);k_78L0_10889L0_11832L0_3193L0 = (k_78L0_10889L0_11832L0_3193L0)+(1))
  {
    if(removed_25L3_25L3_111L3_111L3[k_78L0_10889L0_11832L0_3193L0])
    {
      int prev_193L6_17376L2_18827L2_5004L2=0;
      int cur_193L7_17376L3_18827L3_5004L3;
      prev_193L6_17376L2_18827L2_5004L2 = null;
      cur_193L7_17376L3_18827L3_5004L3 = __s_Set_head_15_46L5_46L5[0];
      int _ret_0_197L1_17379L1_18830L1_5007L1=((((int)cur_193L7_17376L3_18827L3_5004L3))*(1))+(0);
      atomic((_lock_3L0_3L0[_ret_0_197L1_17379L1_18830L1_5007L1])==(0))
      {
        _lock_3L0_3L0[_ret_0_197L1_17379L1_18830L1_5007L1] = -1;
      }
      for(int i_200L0_17382L0_18834L0_5011L0=0;(i_200L0_17382L0_18834L0_5011L0)<(10);i_200L0_17382L0_18834L0_5011L0 = (i_200L0_17382L0_18834L0_5011L0)+(1))
      {
        if((__s_Node_key_12_4L1_4L1[cur_193L7_17376L3_18827L3_5004L3])<(k_78L0_10889L0_11832L0_3193L0))
        {
          bit[4] __sa3_945L0_18089L0_19597L0_5198L0={0,0,0,0};
          __sa3_945L0_18089L0_19597L0_5198L0[0] = 0;
          __sa3_945L0_18089L0_19597L0_5198L0[1] = 0;
          __sa3_945L0_18089L0_19597L0_5198L0[2] = 0;
          __sa3_945L0_18089L0_19597L0_5198L0[3] = 0;
          if((prev_193L6_17376L2_18827L2_5004L2)!=(null))
          {
            int _ret_6_1030L2_18170L2_19686L2_5221L2=((((int)prev_193L6_17376L2_18827L2_5004L2))*(1))+(0);
            atomic
            {
              _lock_3L0_3L0[_ret_6_1030L2_18170L2_19686L2_5221L2] = 0;
            }
          }
          __sa3_945L0_18089L0_19597L0_5198L0[1] = 1;
          prev_193L6_17376L2_18827L2_5004L2 = cur_193L7_17376L3_18827L3_5004L3;
          __sa3_945L0_18089L0_19597L0_5198L0[2] = 1;
          cur_193L7_17376L3_18827L3_5004L3 = __s_Node_next_13_4L2_4L2[cur_193L7_17376L3_18827L3_5004L3];
          __sa3_945L0_18089L0_19597L0_5198L0[3] = 1;
          int _ret_1_1220L0_18350L0_19879L0_5237L0=null;
          boolean __s_tmp_cond_elim_1_1259L0_18386L0_19915L0_5263L0=(cur_193L7_17376L3_18827L3_5004L3)!=(_ret_1_1220L0_18350L0_19879L0_5237L0);
          if(__s_tmp_cond_elim_1_1259L0_18386L0_19915L0_5263L0)
          {
            int __s_tmp_cond_elim_0_1278L0_18404L0_19933L0_5276L0=__s_Node_next_13_4L2_4L2[prev_193L6_17376L2_18827L2_5004L2];
            int _ret_4_1281L2_18407L2_19936L2_5278L2=((((int)__s_tmp_cond_elim_0_1278L0_18404L0_19933L0_5276L0))*(1))+(0);
            atomic((_lock_3L0_3L0[_ret_4_1281L2_18407L2_19936L2_5278L2])==(0))
            {
              _lock_3L0_3L0[_ret_4_1281L2_18407L2_19936L2_5278L2] = -1;
            }
          }
          __sa3_945L0_18089L0_19597L0_5198L0[0] = 1;
        }
      }
      if((k_78L0_10889L0_11832L0_3193L0)==(__s_Node_key_12_4L1_4L1[cur_193L7_17376L3_18827L3_5004L3]))
      {
        __s_Node_next_13_4L2_4L2[prev_193L6_17376L2_18827L2_5004L2] = __s_Node_next_13_4L2_4L2[cur_193L7_17376L3_18827L3_5004L3];
      }
      int _ret_0_146L4_18440L4_19976L5_5289L5=((((int)prev_193L6_17376L2_18827L2_5004L2))*(1))+(0);
      atomic
      {
        _lock_3L0_3L0[_ret_0_146L4_18440L4_19976L5_5289L5] = 0;
      }
      int _ret_1_147L5_18441L5_19978L6_5291L6=((((int)cur_193L7_17376L3_18827L3_5004L3))*(1))+(0);
      atomic
      {
        _lock_3L0_3L0[_ret_1_147L5_18441L5_19978L6_5291L6] = 0;
      }
    }
    else
    {
      int prev_193L6_18453L2_19989L2_5302L2=0;
      int cur_193L7_18453L3_19989L3_5302L3;
      prev_193L6_18453L2_19989L2_5302L2 = null;
      cur_193L7_18453L3_19989L3_5302L3 = __s_Set_head_15_46L5_46L5[0];
      int _ret_0_197L1_18456L1_19992L1_5305L1=((((int)cur_193L7_18453L3_19989L3_5302L3))*(1))+(0);
      atomic((_lock_3L0_3L0[_ret_0_197L1_18456L1_19992L1_5305L1])==(0))
      {
        _lock_3L0_3L0[_ret_0_197L1_18456L1_19992L1_5305L1] = -1;
      }
      for(int i_200L0_18459L0_19996L0_5309L0=0;(i_200L0_18459L0_19996L0_5309L0)<(10);i_200L0_18459L0_19996L0_5309L0 = (i_200L0_18459L0_19996L0_5309L0)+(1))
      {
        if((__s_Node_key_12_4L1_4L1[cur_193L7_18453L3_19989L3_5302L3])<(k_78L0_10889L0_11832L0_3193L0))
        {
          bit[4] __sa3_945L0_19166L0_20759L0_5496L0={0,0,0,0};
          __sa3_945L0_19166L0_20759L0_5496L0[0] = 0;
          __sa3_945L0_19166L0_20759L0_5496L0[1] = 0;
          __sa3_945L0_19166L0_20759L0_5496L0[2] = 0;
          __sa3_945L0_19166L0_20759L0_5496L0[3] = 0;
          if((prev_193L6_18453L2_19989L2_5302L2)!=(null))
          {
            int _ret_6_1030L2_19247L2_20848L2_5519L2=((((int)prev_193L6_18453L2_19989L2_5302L2))*(1))+(0);
            atomic
            {
              _lock_3L0_3L0[_ret_6_1030L2_19247L2_20848L2_5519L2] = 0;
            }
          }
          __sa3_945L0_19166L0_20759L0_5496L0[1] = 1;
          prev_193L6_18453L2_19989L2_5302L2 = cur_193L7_18453L3_19989L3_5302L3;
          __sa3_945L0_19166L0_20759L0_5496L0[2] = 1;
          cur_193L7_18453L3_19989L3_5302L3 = __s_Node_next_13_4L2_4L2[cur_193L7_18453L3_19989L3_5302L3];
          __sa3_945L0_19166L0_20759L0_5496L0[3] = 1;
          int _ret_1_1220L0_19427L0_21041L0_5535L0=null;
          boolean __s_tmp_cond_elim_1_1259L0_19463L0_21077L0_5561L0=(cur_193L7_18453L3_19989L3_5302L3)!=(_ret_1_1220L0_19427L0_21041L0_5535L0);
          if(__s_tmp_cond_elim_1_1259L0_19463L0_21077L0_5561L0)
          {
            int __s_tmp_cond_elim_0_1278L0_19481L0_21095L0_5574L0=__s_Node_next_13_4L2_4L2[prev_193L6_18453L2_19989L2_5302L2];
            int _ret_4_1281L2_19484L2_21098L2_5576L2=((((int)__s_tmp_cond_elim_0_1278L0_19481L0_21095L0_5574L0))*(1))+(0);
            atomic((_lock_3L0_3L0[_ret_4_1281L2_19484L2_21098L2_5576L2])==(0))
            {
              _lock_3L0_3L0[_ret_4_1281L2_19484L2_21098L2_5576L2] = -1;
            }
          }
          __sa3_945L0_19166L0_20759L0_5496L0[0] = 1;
        }
      }
      if((k_78L0_10889L0_11832L0_3193L0)<(__s_Node_key_12_4L1_4L1[cur_193L7_18453L3_19989L3_5302L3]))
      {
        int __s_tmp_new_Node_10_19517L2_21138L2_5587L2=0;
        atomic
        {
          __s_tmp_new_Node_10_19517L2_21138L2_5587L2 = __s_Node_nextInstance_11_4L0_4L0;
          __s_Node_nextInstance_11_4L0_4L0 = (__s_Node_nextInstance_11_4L0_4L0)+(1);
        }
        __s_Node_key_12_4L1_4L1[__s_tmp_new_Node_10_19517L2_21138L2_5587L2] = k_78L0_10889L0_11832L0_3193L0;
        __s_Node_next_13_4L2_4L2[__s_tmp_new_Node_10_19517L2_21138L2_5587L2] = cur_193L7_18453L3_19989L3_5302L3;
        __s_Node_next_13_4L2_4L2[prev_193L6_18453L2_19989L2_5302L2] = __s_tmp_new_Node_10_19517L2_21138L2_5587L2;
      }
      int _ret_1_135L4_19524L4_21145L5_5594L5=((((int)prev_193L6_18453L2_19989L2_5302L2))*(1))+(0);
      atomic
      {
        _lock_3L0_3L0[_ret_1_135L4_19524L4_21145L5_5594L5] = 0;
      }
      int _ret_2_136L5_19525L5_21147L6_5596L6=((((int)cur_193L7_18453L3_19989L3_5302L3))*(1))+(0);
      atomic
      {
        _lock_3L0_3L0[_ret_2_136L5_19525L5_21147L6_5596L6] = 0;
      }
      int prev_193L6_19535L2_21156L2_5605L2=0;
      int cur_193L7_19535L3_21156L3_5605L3;
      prev_193L6_19535L2_21156L2_5605L2 = null;
      cur_193L7_19535L3_21156L3_5605L3 = __s_Set_head_15_46L5_46L5[0];
      int _ret_0_197L1_19538L1_21159L1_5608L1=((((int)cur_193L7_19535L3_21156L3_5605L3))*(1))+(0);
      atomic((_lock_3L0_3L0[_ret_0_197L1_19538L1_21159L1_5608L1])==(0))
      {
        _lock_3L0_3L0[_ret_0_197L1_19538L1_21159L1_5608L1] = -1;
      }
      for(int i_200L0_19541L0_21163L0_5612L0=0;(i_200L0_19541L0_21163L0_5612L0)<(10);i_200L0_19541L0_21163L0_5612L0 = (i_200L0_19541L0_21163L0_5612L0)+(1))
      {
        if((__s_Node_key_12_4L1_4L1[cur_193L7_19535L3_21156L3_5605L3])<(k_78L0_10889L0_11832L0_3193L0))
        {
          bit[4] __sa3_945L0_20248L0_21926L0_5799L0={0,0,0,0};
          __sa3_945L0_20248L0_21926L0_5799L0[0] = 0;
          __sa3_945L0_20248L0_21926L0_5799L0[1] = 0;
          __sa3_945L0_20248L0_21926L0_5799L0[2] = 0;
          __sa3_945L0_20248L0_21926L0_5799L0[3] = 0;
          if((prev_193L6_19535L2_21156L2_5605L2)!=(null))
          {
            int _ret_6_1030L2_20329L2_22015L2_5822L2=((((int)prev_193L6_19535L2_21156L2_5605L2))*(1))+(0);
            atomic
            {
              _lock_3L0_3L0[_ret_6_1030L2_20329L2_22015L2_5822L2] = 0;
            }
          }
          __sa3_945L0_20248L0_21926L0_5799L0[1] = 1;
          prev_193L6_19535L2_21156L2_5605L2 = cur_193L7_19535L3_21156L3_5605L3;
          __sa3_945L0_20248L0_21926L0_5799L0[2] = 1;
          cur_193L7_19535L3_21156L3_5605L3 = __s_Node_next_13_4L2_4L2[cur_193L7_19535L3_21156L3_5605L3];
          __sa3_945L0_20248L0_21926L0_5799L0[3] = 1;
          int _ret_1_1220L0_20509L0_22208L0_5838L0=null;
          boolean __s_tmp_cond_elim_1_1259L0_20545L0_22244L0_5864L0=(cur_193L7_19535L3_21156L3_5605L3)!=(_ret_1_1220L0_20509L0_22208L0_5838L0);
          if(__s_tmp_cond_elim_1_1259L0_20545L0_22244L0_5864L0)
          {
            int __s_tmp_cond_elim_0_1278L0_20563L0_22262L0_5877L0=__s_Node_next_13_4L2_4L2[prev_193L6_19535L2_21156L2_5605L2];
            int _ret_4_1281L2_20566L2_22265L2_5879L2=((((int)__s_tmp_cond_elim_0_1278L0_20563L0_22262L0_5877L0))*(1))+(0);
            atomic((_lock_3L0_3L0[_ret_4_1281L2_20566L2_22265L2_5879L2])==(0))
            {
              _lock_3L0_3L0[_ret_4_1281L2_20566L2_22265L2_5879L2] = -1;
            }
          }
          __sa3_945L0_20248L0_21926L0_5799L0[0] = 1;
        }
      }
      if((k_78L0_10889L0_11832L0_3193L0)==(__s_Node_key_12_4L1_4L1[cur_193L7_19535L3_21156L3_5605L3]))
      {
        __s_Node_next_13_4L2_4L2[prev_193L6_19535L2_21156L2_5605L2] = __s_Node_next_13_4L2_4L2[cur_193L7_19535L3_21156L3_5605L3];
      }
      int _ret_0_146L4_20599L4_22305L5_5890L5=((((int)prev_193L6_19535L2_21156L2_5605L2))*(1))+(0);
      atomic
      {
        _lock_3L0_3L0[_ret_0_146L4_20599L4_22305L5_5890L5] = 0;
      }
      int _ret_1_147L5_20600L5_22307L6_5892L6=((((int)cur_193L7_19535L3_21156L3_5605L3))*(1))+(0);
      atomic
      {
        _lock_3L0_3L0[_ret_1_147L5_20600L5_22307L6_5892L6] = 0;
      }
    }
  }
  _out_1L0_1L0_1L0_1L0 = 1;
}
void T([!bit _out_117L1_20611L1_22318L1_5903L1])
{
  int[10] __s_Node_key_18_22320L1_5905L1={0,0,0,0,0,0,0,0,0,0}; int[10] __s_Node_next_19_22320L2_5905L2={0,0,0,0,0,0,0,0,0,0};
  __s_Node_key_18_22320L1_5905L1[0] = 0;
  __s_Node_key_18_22320L1_5905L1[1] = 0;
  __s_Node_key_18_22320L1_5905L1[2] = 0;
  __s_Node_key_18_22320L1_5905L1[3] = 0;
  __s_Node_key_18_22320L1_5905L1[4] = 0;
  __s_Node_key_18_22320L1_5905L1[5] = 0;
  __s_Node_key_18_22320L1_5905L1[6] = 0;
  __s_Node_key_18_22320L1_5905L1[7] = 0;
  __s_Node_key_18_22320L1_5905L1[8] = 0;
  __s_Node_key_18_22320L1_5905L1[9] = 0;
  int __s_tmp_cond_elim_58_22343L0_5928L0=null;
  __s_Node_next_19_22320L2_5905L2[0] = __s_tmp_cond_elim_58_22343L0_5928L0;
  int __s_tmp_cond_elim_58_22345L0_5930L0=null;
  __s_Node_next_19_22320L2_5905L2[1] = __s_tmp_cond_elim_58_22345L0_5930L0;
  int __s_tmp_cond_elim_58_22347L0_5932L0=null;
  __s_Node_next_19_22320L2_5905L2[2] = __s_tmp_cond_elim_58_22347L0_5932L0;
  int __s_tmp_cond_elim_58_22349L0_5934L0=null;
  __s_Node_next_19_22320L2_5905L2[3] = __s_tmp_cond_elim_58_22349L0_5934L0;
  int __s_tmp_cond_elim_58_22351L0_5936L0=null;
  __s_Node_next_19_22320L2_5905L2[4] = __s_tmp_cond_elim_58_22351L0_5936L0;
  int __s_tmp_cond_elim_58_22353L0_5938L0=null;
  __s_Node_next_19_22320L2_5905L2[5] = __s_tmp_cond_elim_58_22353L0_5938L0;
  int __s_tmp_cond_elim_58_22355L0_5940L0=null;
  __s_Node_next_19_22320L2_5905L2[6] = __s_tmp_cond_elim_58_22355L0_5940L0;
  int __s_tmp_cond_elim_58_22357L0_5942L0=null;
  __s_Node_next_19_22320L2_5905L2[7] = __s_tmp_cond_elim_58_22357L0_5942L0;
  int __s_tmp_cond_elim_58_22359L0_5944L0=null;
  __s_Node_next_19_22320L2_5905L2[8] = __s_tmp_cond_elim_58_22359L0_5944L0;
  int __s_tmp_cond_elim_58_22361L0_5946L0=null;
  __s_Node_next_19_22320L2_5905L2[9] = __s_tmp_cond_elim_58_22361L0_5946L0;
  int[10] __s_Set_tail_22_22362L4_5947L4={0,0,0,0,0,0,0,0,0,0}; int[10] __s_Set_head_21_22362L5_5947L5={0,0,0,0,0,0,0,0,0,0};
  int __s_tmp_cond_elim_59_22364L0_5949L0=null;
  __s_Set_tail_22_22362L4_5947L4[0] = __s_tmp_cond_elim_59_22364L0_5949L0;
  int __s_tmp_cond_elim_59_22366L0_5951L0=null;
  __s_Set_tail_22_22362L4_5947L4[1] = __s_tmp_cond_elim_59_22366L0_5951L0;
  int __s_tmp_cond_elim_59_22368L0_5953L0=null;
  __s_Set_tail_22_22362L4_5947L4[2] = __s_tmp_cond_elim_59_22368L0_5953L0;
  int __s_tmp_cond_elim_59_22370L0_5955L0=null;
  __s_Set_tail_22_22362L4_5947L4[3] = __s_tmp_cond_elim_59_22370L0_5955L0;
  int __s_tmp_cond_elim_59_22372L0_5957L0=null;
  __s_Set_tail_22_22362L4_5947L4[4] = __s_tmp_cond_elim_59_22372L0_5957L0;
  int __s_tmp_cond_elim_59_22374L0_5959L0=null;
  __s_Set_tail_22_22362L4_5947L4[5] = __s_tmp_cond_elim_59_22374L0_5959L0;
  int __s_tmp_cond_elim_59_22376L0_5961L0=null;
  __s_Set_tail_22_22362L4_5947L4[6] = __s_tmp_cond_elim_59_22376L0_5961L0;
  int __s_tmp_cond_elim_59_22378L0_5963L0=null;
  __s_Set_tail_22_22362L4_5947L4[7] = __s_tmp_cond_elim_59_22378L0_5963L0;
  int __s_tmp_cond_elim_59_22380L0_5965L0=null;
  __s_Set_tail_22_22362L4_5947L4[8] = __s_tmp_cond_elim_59_22380L0_5965L0;
  int __s_tmp_cond_elim_59_22382L0_5967L0=null;
  __s_Set_tail_22_22362L4_5947L4[9] = __s_tmp_cond_elim_59_22382L0_5967L0;
  int __s_tmp_cond_elim_60_22385L0_5970L0=null;
  __s_Set_head_21_22362L5_5947L5[0] = __s_tmp_cond_elim_60_22385L0_5970L0;
  int __s_tmp_cond_elim_60_22387L0_5972L0=null;
  __s_Set_head_21_22362L5_5947L5[1] = __s_tmp_cond_elim_60_22387L0_5972L0;
  int __s_tmp_cond_elim_60_22389L0_5974L0=null;
  __s_Set_head_21_22362L5_5947L5[2] = __s_tmp_cond_elim_60_22389L0_5974L0;
  int __s_tmp_cond_elim_60_22391L0_5976L0=null;
  __s_Set_head_21_22362L5_5947L5[3] = __s_tmp_cond_elim_60_22391L0_5976L0;
  int __s_tmp_cond_elim_60_22393L0_5978L0=null;
  __s_Set_head_21_22362L5_5947L5[4] = __s_tmp_cond_elim_60_22393L0_5978L0;
  int __s_tmp_cond_elim_60_22395L0_5980L0=null;
  __s_Set_head_21_22362L5_5947L5[5] = __s_tmp_cond_elim_60_22395L0_5980L0;
  int __s_tmp_cond_elim_60_22397L0_5982L0=null;
  __s_Set_head_21_22362L5_5947L5[6] = __s_tmp_cond_elim_60_22397L0_5982L0;
  int __s_tmp_cond_elim_60_22399L0_5984L0=null;
  __s_Set_head_21_22362L5_5947L5[7] = __s_tmp_cond_elim_60_22399L0_5984L0;
  int __s_tmp_cond_elim_60_22401L0_5986L0=null;
  __s_Set_head_21_22362L5_5947L5[8] = __s_tmp_cond_elim_60_22401L0_5986L0;
  int __s_tmp_cond_elim_60_22403L0_5988L0=null;
  __s_Set_head_21_22362L5_5947L5[9] = __s_tmp_cond_elim_60_22403L0_5988L0;
  _out_117L1_20611L1_22318L1_5903L1 = 1;
}
void lock([int mem])
void unlock([int mem])

===== Compilation statistics =====
  Solved? -----------------------------> true
  Number of iterations ----------------> 2
  Maximum memory usage (MiB) ----------> 345.6211
  Total elapsed time (s) --------------> 225.536
    % frontend ............ 8.31885
    % verification ........ 82.11239
    % synthesis ........... 9.568761
  Total solution time (s) -------------> 82.745
    % verification ........ 89.5752
    % synthesis ........... 10.424799

  Synthesizer statistics:  
    [solver stats]
    Number of calls -------------------> 2
    Total elapsed time (s) ------------> 21.581
    Total model building time (s) -----> 12.943
    Total solution time (s) -----------> 8.626
    Maximum memory usage (MiB) --------> 156.8086
    Average elapsed time (s) ----------> 10.79
    Average model building time (s) ---> 6.471
    Average solution time (s) ---------> 4.313
    Average memory usage (MiB) --------> 99.28125

  Verifier statistics:     
    [solver stats]
    Number of calls -------------------> 3
    Total elapsed time (s) ------------> 185.193
    Total model building time (s) -----> 111.074
    Total solution time (s) -----------> 74.119
    Maximum memory usage (MiB) --------> 145.75
    Average elapsed time (s) ----------> 61.731
    Average model building time (s) ---> 37.024
    Average solution time (s) ---------> 24.706
    Average memory usage (MiB) --------> 56.166664

  Frontend statistics:     
    Total elapsed time (s) ------------> 18.762
    Max memory usage (MiB) ------------> 188.8125

[PSKETCH] DONE!
