Iteration 0
[SPINVERIF][2] Stats for last run:
      [solution stats]
      successful? ---------------------> false
      elapsed time (s) ----------------> 6.731
      model building time (s) ---------> 6.722
      solution time (s) ---------------> 0.0090
      max memory usage (MiB) ----------> 5.125
      [SPIN-specific stats]
      codegen time (s) ----------------> 0.887
      codegen memory (MiB) ------------> 0.0
      compiler time (s) ---------------> 5.835
      compiler memory (MiB) -----------> 0.0
      total SPIN time (s) -------------> 0.0090
      total SPIN mem (MiB) ------------> 5.125
      actual state mem (MiB) ----------> 0.0
      equiv state mem (MiB) -----------> 0.0
      state compression (%) -----------> 0.0
      # states explored ---------------> 567
      state exploration rate (states/s)> 0

[SATBackend] Stats for last run:
      [solution stats]
      successful? ---------------------> true
      elapsed time (s) ----------------> 0.315
      model building time (s) ---------> 0.213
      solution time (s) ---------------> 0.096
      max memory usage (MiB) ----------> 19.234375
      [SAT-specific solution stats]
      initial number of nodes ---------> 10811
      number of nodes after opts ------> 1947
      number of controls --------------> 34
      total number of control bits ----> 34

Iteration 1
[SPINVERIF][2] Stats for last run:
      [solution stats]
      successful? ---------------------> false
      elapsed time (s) ----------------> 6.725
      model building time (s) ---------> 6.706
      solution time (s) ---------------> 0.019
      max memory usage (MiB) ----------> 5.125
      [SPIN-specific stats]
      codegen time (s) ----------------> 0.866
      codegen memory (MiB) ------------> 0.0
      compiler time (s) ---------------> 5.84
      compiler memory (MiB) -----------> 0.0
      total SPIN time (s) -------------> 0.019
      total SPIN mem (MiB) ------------> 5.125
      actual state mem (MiB) ----------> 0.0
      equiv state mem (MiB) -----------> 0.0
      state compression (%) -----------> 0.0
      # states explored ---------------> 1234
      state exploration rate (states/s)> 0

[SATBackend] Stats for last run:
      [solution stats]
      successful? ---------------------> true
      elapsed time (s) ----------------> 0.626
      model building time (s) ---------> 0.462
      solution time (s) ---------------> 0.159
      max memory usage (MiB) ----------> 19.109375
      [SAT-specific solution stats]
      initial number of nodes ---------> 22591
      number of nodes after opts ------> 1947
      number of controls --------------> 34
      total number of control bits ----> 34

Iteration 2
[SPINVERIF][2] Stats for last run:
      [solution stats]
      successful? ---------------------> false
      elapsed time (s) ----------------> 6.719
      model building time (s) ---------> 6.69
      solution time (s) ---------------> 0.029
      max memory usage (MiB) ----------> 5.125
      [SPIN-specific stats]
      codegen time (s) ----------------> 0.865
      codegen memory (MiB) ------------> 0.0
      compiler time (s) ---------------> 5.825
      compiler memory (MiB) -----------> 0.0
      total SPIN time (s) -------------> 0.029
      total SPIN mem (MiB) ------------> 5.125
      actual state mem (MiB) ----------> 0.0
      equiv state mem (MiB) -----------> 0.0
      state compression (%) -----------> 0.0
      # states explored ---------------> 1100
      state exploration rate (states/s)> 0

[SATBackend] Stats for last run:
      [solution stats]
      successful? ---------------------> true
      elapsed time (s) ----------------> 4.532
      model building time (s) ---------> 2.549
      solution time (s) ---------------> 1.978
      max memory usage (MiB) ----------> 48.820312
      [SAT-specific solution stats]
      initial number of nodes ---------> 102249
      number of nodes after opts ------> 18008
      number of controls --------------> 34
      total number of control bits ----> 34

Iteration 3
[SPINVERIF][2] Stats for last run:
      [solution stats]
      successful? ---------------------> false
      elapsed time (s) ----------------> 6.836
      model building time (s) ---------> 6.696
      solution time (s) ---------------> 0.14
      max memory usage (MiB) ----------> 5.125
      [SPIN-specific stats]
      codegen time (s) ----------------> 0.873
      codegen memory (MiB) ------------> 0.0
      compiler time (s) ---------------> 5.823
      compiler memory (MiB) -----------> 0.0
      total SPIN time (s) -------------> 0.14
      total SPIN mem (MiB) ------------> 5.125
      actual state mem (MiB) ----------> 3.3469992
      equiv state mem (MiB) -----------> 10.306
      state compression (%) -----------> 32.47622
      # states explored ---------------> 5582
      state exploration rate (states/s)> 0

[SATBackend] Stats for last run:
      [solution stats]
      successful? ---------------------> true
      elapsed time (s) ----------------> 7.797
      model building time (s) ---------> 4.753
      solution time (s) ---------------> 3.038
      max memory usage (MiB) ----------> 66.734375
      [SAT-specific solution stats]
      initial number of nodes ---------> 181907
      number of nodes after opts ------> 18008
      number of controls --------------> 34
      total number of control bits ----> 34

Iteration 4
[SPINVERIF][2] Stats for last run:
      [solution stats]
      successful? ---------------------> true
      elapsed time (s) ----------------> 13.835
      model building time (s) ---------> 6.946
      solution time (s) ---------------> 6.889
      max memory usage (MiB) ----------> 22.312
      [SPIN-specific stats]
      codegen time (s) ----------------> 0.866
      codegen memory (MiB) ------------> 0.0
      compiler time (s) ---------------> 6.08
      compiler memory (MiB) -----------> 0.0
      total SPIN time (s) -------------> 6.889
      total SPIN mem (MiB) ------------> 22.312
      actual state mem (MiB) ----------> 0.53799915
      equiv state mem (MiB) -----------> 515.241
      state compression (%) -----------> 0.10441699
      # states explored ---------------> 279065
      state exploration rate (states/s)> 0

void main([!bit _out_1L0_1L0_1L0_1L0]) implements T
{
  int __s_Node_nextInstance_18_3L0_3L0=0; int[10] __s_Node_obj_19_3L1_3L1={0,0,0,0,0,0,0,0,0,0}; int[10] __s_Node_next_20_3L2_3L2={0,0,0,0,0,0,0,0,0,0}; bit[10] __s_Node_taken_21_3L3_3L3={0,0,0,0,0,0,0,0,0,0};
  int __s_tmp_cond_elim_57_5L0_5L0=0;
  int __s_pac71_6L0_6L0=0;
  __s_tmp_cond_elim_57_5L0_5L0 = null;
  int __s_pac72_6L1_6L1=0;
  __s_Node_obj_19_3L1_3L1[0] = __s_tmp_cond_elim_57_5L0_5L0;
  int __s_tmp_cond_elim_57_7L0_7L0=0;
  int __s_pac71_8L0_8L0=1;
  __s_tmp_cond_elim_57_7L0_7L0 = null;
  int __s_pac72_8L1_8L1=1;
  __s_Node_obj_19_3L1_3L1[1] = __s_tmp_cond_elim_57_7L0_7L0;
  int __s_tmp_cond_elim_57_9L0_9L0=0;
  int __s_pac71_10L0_10L0=2;
  __s_tmp_cond_elim_57_9L0_9L0 = null;
  int __s_pac72_10L1_10L1=2;
  __s_Node_obj_19_3L1_3L1[2] = __s_tmp_cond_elim_57_9L0_9L0;
  int __s_tmp_cond_elim_57_11L0_11L0=0;
  int __s_pac71_12L0_12L0=3;
  __s_tmp_cond_elim_57_11L0_11L0 = null;
  int __s_pac72_12L1_12L1=3;
  __s_Node_obj_19_3L1_3L1[3] = __s_tmp_cond_elim_57_11L0_11L0;
  int __s_tmp_cond_elim_57_13L0_13L0=0;
  int __s_pac71_14L0_14L0=4;
  __s_tmp_cond_elim_57_13L0_13L0 = null;
  int __s_pac72_14L1_14L1=4;
  __s_Node_obj_19_3L1_3L1[4] = __s_tmp_cond_elim_57_13L0_13L0;
  int __s_tmp_cond_elim_57_15L0_15L0=0;
  int __s_pac71_16L0_16L0=5;
  __s_tmp_cond_elim_57_15L0_15L0 = null;
  int __s_pac72_16L1_16L1=5;
  __s_Node_obj_19_3L1_3L1[5] = __s_tmp_cond_elim_57_15L0_15L0;
  int __s_tmp_cond_elim_57_17L0_17L0=0;
  int __s_pac71_18L0_18L0=6;
  __s_tmp_cond_elim_57_17L0_17L0 = null;
  int __s_pac72_18L1_18L1=6;
  __s_Node_obj_19_3L1_3L1[6] = __s_tmp_cond_elim_57_17L0_17L0;
  int __s_tmp_cond_elim_57_19L0_19L0=0;
  int __s_pac71_20L0_20L0=7;
  __s_tmp_cond_elim_57_19L0_19L0 = null;
  int __s_pac72_20L1_20L1=7;
  __s_Node_obj_19_3L1_3L1[7] = __s_tmp_cond_elim_57_19L0_19L0;
  int __s_tmp_cond_elim_57_21L0_21L0=0;
  int __s_pac71_22L0_22L0=8;
  __s_tmp_cond_elim_57_21L0_21L0 = null;
  int __s_pac72_22L1_22L1=8;
  __s_Node_obj_19_3L1_3L1[8] = __s_tmp_cond_elim_57_21L0_21L0;
  int __s_tmp_cond_elim_57_23L0_23L0=0;
  int __s_pac71_24L0_24L0=9;
  __s_tmp_cond_elim_57_23L0_23L0 = null;
  int __s_pac72_24L1_24L1=9;
  __s_Node_obj_19_3L1_3L1[9] = __s_tmp_cond_elim_57_23L0_23L0;
  int __s_tmp_cond_elim_58_26L0_26L0=0;
  int __s_pac73_27L0_27L0=0;
  __s_tmp_cond_elim_58_26L0_26L0 = null;
  int __s_pac74_27L1_27L1=0;
  __s_Node_next_20_3L2_3L2[0] = __s_tmp_cond_elim_58_26L0_26L0;
  int __s_tmp_cond_elim_58_28L0_28L0=0;
  int __s_pac73_29L0_29L0=1;
  __s_tmp_cond_elim_58_28L0_28L0 = null;
  int __s_pac74_29L1_29L1=1;
  __s_Node_next_20_3L2_3L2[1] = __s_tmp_cond_elim_58_28L0_28L0;
  int __s_tmp_cond_elim_58_30L0_30L0=0;
  int __s_pac73_31L0_31L0=2;
  __s_tmp_cond_elim_58_30L0_30L0 = null;
  int __s_pac74_31L1_31L1=2;
  __s_Node_next_20_3L2_3L2[2] = __s_tmp_cond_elim_58_30L0_30L0;
  int __s_tmp_cond_elim_58_32L0_32L0=0;
  int __s_pac73_33L0_33L0=3;
  __s_tmp_cond_elim_58_32L0_32L0 = null;
  int __s_pac74_33L1_33L1=3;
  __s_Node_next_20_3L2_3L2[3] = __s_tmp_cond_elim_58_32L0_32L0;
  int __s_tmp_cond_elim_58_34L0_34L0=0;
  int __s_pac73_35L0_35L0=4;
  __s_tmp_cond_elim_58_34L0_34L0 = null;
  int __s_pac74_35L1_35L1=4;
  __s_Node_next_20_3L2_3L2[4] = __s_tmp_cond_elim_58_34L0_34L0;
  int __s_tmp_cond_elim_58_36L0_36L0=0;
  int __s_pac73_37L0_37L0=5;
  __s_tmp_cond_elim_58_36L0_36L0 = null;
  int __s_pac74_37L1_37L1=5;
  __s_Node_next_20_3L2_3L2[5] = __s_tmp_cond_elim_58_36L0_36L0;
  int __s_tmp_cond_elim_58_38L0_38L0=0;
  int __s_pac73_39L0_39L0=6;
  __s_tmp_cond_elim_58_38L0_38L0 = null;
  int __s_pac74_39L1_39L1=6;
  __s_Node_next_20_3L2_3L2[6] = __s_tmp_cond_elim_58_38L0_38L0;
  int __s_tmp_cond_elim_58_40L0_40L0=0;
  int __s_pac73_41L0_41L0=7;
  __s_tmp_cond_elim_58_40L0_40L0 = null;
  int __s_pac74_41L1_41L1=7;
  __s_Node_next_20_3L2_3L2[7] = __s_tmp_cond_elim_58_40L0_40L0;
  int __s_tmp_cond_elim_58_42L0_42L0=0;
  int __s_pac73_43L0_43L0=8;
  __s_tmp_cond_elim_58_42L0_42L0 = null;
  int __s_pac74_43L1_43L1=8;
  __s_Node_next_20_3L2_3L2[8] = __s_tmp_cond_elim_58_42L0_42L0;
  int __s_tmp_cond_elim_58_44L0_44L0=0;
  int __s_pac73_45L0_45L0=9;
  __s_tmp_cond_elim_58_44L0_44L0 = null;
  int __s_pac74_45L1_45L1=9;
  __s_Node_next_20_3L2_3L2[9] = __s_tmp_cond_elim_58_44L0_44L0;
  bit __s_tmp_cond_elim_59_47L0_47L0=0;
  int __s_pac75_48L0_48L0=0;
  __s_tmp_cond_elim_59_47L0_47L0 = 0;
  int __s_pac76_48L1_48L1=0;
  __s_Node_taken_21_3L3_3L3[0] = 0;
  bit __s_tmp_cond_elim_59_49L0_49L0=0;
  int __s_pac75_50L0_50L0=1;
  __s_tmp_cond_elim_59_49L0_49L0 = 0;
  int __s_pac76_50L1_50L1=1;
  __s_Node_taken_21_3L3_3L3[1] = 0;
  bit __s_tmp_cond_elim_59_51L0_51L0=0;
  int __s_pac75_52L0_52L0=2;
  __s_tmp_cond_elim_59_51L0_51L0 = 0;
  int __s_pac76_52L1_52L1=2;
  __s_Node_taken_21_3L3_3L3[2] = 0;
  bit __s_tmp_cond_elim_59_53L0_53L0=0;
  int __s_pac75_54L0_54L0=3;
  __s_tmp_cond_elim_59_53L0_53L0 = 0;
  int __s_pac76_54L1_54L1=3;
  __s_Node_taken_21_3L3_3L3[3] = 0;
  bit __s_tmp_cond_elim_59_55L0_55L0=0;
  int __s_pac75_56L0_56L0=4;
  __s_tmp_cond_elim_59_55L0_55L0 = 0;
  int __s_pac76_56L1_56L1=4;
  __s_Node_taken_21_3L3_3L3[4] = 0;
  bit __s_tmp_cond_elim_59_57L0_57L0=0;
  int __s_pac75_58L0_58L0=5;
  __s_tmp_cond_elim_59_57L0_57L0 = 0;
  int __s_pac76_58L1_58L1=5;
  __s_Node_taken_21_3L3_3L3[5] = 0;
  bit __s_tmp_cond_elim_59_59L0_59L0=0;
  int __s_pac75_60L0_60L0=6;
  __s_tmp_cond_elim_59_59L0_59L0 = 0;
  int __s_pac76_60L1_60L1=6;
  __s_Node_taken_21_3L3_3L3[6] = 0;
  bit __s_tmp_cond_elim_59_61L0_61L0=0;
  int __s_pac75_62L0_62L0=7;
  __s_tmp_cond_elim_59_61L0_61L0 = 0;
  int __s_pac76_62L1_62L1=7;
  __s_Node_taken_21_3L3_3L3[7] = 0;
  bit __s_tmp_cond_elim_59_63L0_63L0=0;
  int __s_pac75_64L0_64L0=8;
  __s_tmp_cond_elim_59_63L0_63L0 = 0;
  int __s_pac76_64L1_64L1=8;
  __s_Node_taken_21_3L3_3L3[8] = 0;
  bit __s_tmp_cond_elim_59_65L0_65L0=0;
  int __s_pac75_66L0_66L0=9;
  __s_tmp_cond_elim_59_65L0_65L0 = 0;
  int __s_pac76_66L1_66L1=9;
  __s_Node_taken_21_3L3_3L3[9] = 0;
  int __s_Item_nextInstance_22_66L4_66L4=0; int[10] __s_Item_tid_23_66L5_66L5={0,0,0,0,0,0,0,0,0,0}; int[10] __s_Item_id_24_66L6_66L6={0,0,0,0,0,0,0,0,0,0};
  bit __s_tmp_cond_elim_60_68L0_68L0=0;
  int __s_pac77_69L0_69L0=0;
  __s_tmp_cond_elim_60_68L0_68L0 = 0;
  int __s_pac78_69L1_69L1=0;
  __s_Item_tid_23_66L5_66L5[0] = 0;
  bit __s_tmp_cond_elim_60_70L0_70L0=0;
  int __s_pac77_71L0_71L0=1;
  __s_tmp_cond_elim_60_70L0_70L0 = 0;
  int __s_pac78_71L1_71L1=1;
  __s_Item_tid_23_66L5_66L5[1] = 0;
  bit __s_tmp_cond_elim_60_72L0_72L0=0;
  int __s_pac77_73L0_73L0=2;
  __s_tmp_cond_elim_60_72L0_72L0 = 0;
  int __s_pac78_73L1_73L1=2;
  __s_Item_tid_23_66L5_66L5[2] = 0;
  bit __s_tmp_cond_elim_60_74L0_74L0=0;
  int __s_pac77_75L0_75L0=3;
  __s_tmp_cond_elim_60_74L0_74L0 = 0;
  int __s_pac78_75L1_75L1=3;
  __s_Item_tid_23_66L5_66L5[3] = 0;
  bit __s_tmp_cond_elim_60_76L0_76L0=0;
  int __s_pac77_77L0_77L0=4;
  __s_tmp_cond_elim_60_76L0_76L0 = 0;
  int __s_pac78_77L1_77L1=4;
  __s_Item_tid_23_66L5_66L5[4] = 0;
  bit __s_tmp_cond_elim_60_78L0_78L0=0;
  int __s_pac77_79L0_79L0=5;
  __s_tmp_cond_elim_60_78L0_78L0 = 0;
  int __s_pac78_79L1_79L1=5;
  __s_Item_tid_23_66L5_66L5[5] = 0;
  bit __s_tmp_cond_elim_60_80L0_80L0=0;
  int __s_pac77_81L0_81L0=6;
  __s_tmp_cond_elim_60_80L0_80L0 = 0;
  int __s_pac78_81L1_81L1=6;
  __s_Item_tid_23_66L5_66L5[6] = 0;
  bit __s_tmp_cond_elim_60_82L0_82L0=0;
  int __s_pac77_83L0_83L0=7;
  __s_tmp_cond_elim_60_82L0_82L0 = 0;
  int __s_pac78_83L1_83L1=7;
  __s_Item_tid_23_66L5_66L5[7] = 0;
  bit __s_tmp_cond_elim_60_84L0_84L0=0;
  int __s_pac77_85L0_85L0=8;
  __s_tmp_cond_elim_60_84L0_84L0 = 0;
  int __s_pac78_85L1_85L1=8;
  __s_Item_tid_23_66L5_66L5[8] = 0;
  bit __s_tmp_cond_elim_60_86L0_86L0=0;
  int __s_pac77_87L0_87L0=9;
  __s_tmp_cond_elim_60_86L0_86L0 = 0;
  int __s_pac78_87L1_87L1=9;
  __s_Item_tid_23_66L5_66L5[9] = 0;
  bit __s_tmp_cond_elim_61_89L0_89L0=0;
  int __s_pac79_90L0_90L0=0;
  __s_tmp_cond_elim_61_89L0_89L0 = 0;
  int __s_pac80_90L1_90L1=0;
  __s_Item_id_24_66L6_66L6[0] = 0;
  bit __s_tmp_cond_elim_61_91L0_91L0=0;
  int __s_pac79_92L0_92L0=1;
  __s_tmp_cond_elim_61_91L0_91L0 = 0;
  int __s_pac80_92L1_92L1=1;
  __s_Item_id_24_66L6_66L6[1] = 0;
  bit __s_tmp_cond_elim_61_93L0_93L0=0;
  int __s_pac79_94L0_94L0=2;
  __s_tmp_cond_elim_61_93L0_93L0 = 0;
  int __s_pac80_94L1_94L1=2;
  __s_Item_id_24_66L6_66L6[2] = 0;
  bit __s_tmp_cond_elim_61_95L0_95L0=0;
  int __s_pac79_96L0_96L0=3;
  __s_tmp_cond_elim_61_95L0_95L0 = 0;
  int __s_pac80_96L1_96L1=3;
  __s_Item_id_24_66L6_66L6[3] = 0;
  bit __s_tmp_cond_elim_61_97L0_97L0=0;
  int __s_pac79_98L0_98L0=4;
  __s_tmp_cond_elim_61_97L0_97L0 = 0;
  int __s_pac80_98L1_98L1=4;
  __s_Item_id_24_66L6_66L6[4] = 0;
  bit __s_tmp_cond_elim_61_99L0_99L0=0;
  int __s_pac79_100L0_100L0=5;
  __s_tmp_cond_elim_61_99L0_99L0 = 0;
  int __s_pac80_100L1_100L1=5;
  __s_Item_id_24_66L6_66L6[5] = 0;
  bit __s_tmp_cond_elim_61_101L0_101L0=0;
  int __s_pac79_102L0_102L0=6;
  __s_tmp_cond_elim_61_101L0_101L0 = 0;
  int __s_pac80_102L1_102L1=6;
  __s_Item_id_24_66L6_66L6[6] = 0;
  bit __s_tmp_cond_elim_61_103L0_103L0=0;
  int __s_pac79_104L0_104L0=7;
  __s_tmp_cond_elim_61_103L0_103L0 = 0;
  int __s_pac80_104L1_104L1=7;
  __s_Item_id_24_66L6_66L6[7] = 0;
  bit __s_tmp_cond_elim_61_105L0_105L0=0;
  int __s_pac79_106L0_106L0=8;
  __s_tmp_cond_elim_61_105L0_105L0 = 0;
  int __s_pac80_106L1_106L1=8;
  __s_Item_id_24_66L6_66L6[8] = 0;
  bit __s_tmp_cond_elim_61_107L0_107L0=0;
  int __s_pac79_108L0_108L0=9;
  __s_tmp_cond_elim_61_107L0_107L0 = 0;
  int __s_pac80_108L1_108L1=9;
  __s_Item_id_24_66L6_66L6[9] = 0;
  int __s_Queue_nextInstance_25_108L7_108L7=0; int[10] __s_Queue_prevHead_27_108L8_108L8={0,0,0,0,0,0,0,0,0,0}; int[10] __s_Queue_tail_26_108L9_108L9={0,0,0,0,0,0,0,0,0,0};
  int __s_tmp_cond_elim_62_110L0_110L0=0;
  int __s_pac81_111L0_111L0=0;
  __s_tmp_cond_elim_62_110L0_110L0 = null;
  int __s_pac82_111L1_111L1=0;
  __s_Queue_prevHead_27_108L8_108L8[0] = __s_tmp_cond_elim_62_110L0_110L0;
  int __s_tmp_cond_elim_62_112L0_112L0=0;
  int __s_pac81_113L0_113L0=1;
  __s_tmp_cond_elim_62_112L0_112L0 = null;
  int __s_pac82_113L1_113L1=1;
  __s_Queue_prevHead_27_108L8_108L8[1] = __s_tmp_cond_elim_62_112L0_112L0;
  int __s_tmp_cond_elim_62_114L0_114L0=0;
  int __s_pac81_115L0_115L0=2;
  __s_tmp_cond_elim_62_114L0_114L0 = null;
  int __s_pac82_115L1_115L1=2;
  __s_Queue_prevHead_27_108L8_108L8[2] = __s_tmp_cond_elim_62_114L0_114L0;
  int __s_tmp_cond_elim_62_116L0_116L0=0;
  int __s_pac81_117L0_117L0=3;
  __s_tmp_cond_elim_62_116L0_116L0 = null;
  int __s_pac82_117L1_117L1=3;
  __s_Queue_prevHead_27_108L8_108L8[3] = __s_tmp_cond_elim_62_116L0_116L0;
  int __s_tmp_cond_elim_62_118L0_118L0=0;
  int __s_pac81_119L0_119L0=4;
  __s_tmp_cond_elim_62_118L0_118L0 = null;
  int __s_pac82_119L1_119L1=4;
  __s_Queue_prevHead_27_108L8_108L8[4] = __s_tmp_cond_elim_62_118L0_118L0;
  int __s_tmp_cond_elim_62_120L0_120L0=0;
  int __s_pac81_121L0_121L0=5;
  __s_tmp_cond_elim_62_120L0_120L0 = null;
  int __s_pac82_121L1_121L1=5;
  __s_Queue_prevHead_27_108L8_108L8[5] = __s_tmp_cond_elim_62_120L0_120L0;
  int __s_tmp_cond_elim_62_122L0_122L0=0;
  int __s_pac81_123L0_123L0=6;
  __s_tmp_cond_elim_62_122L0_122L0 = null;
  int __s_pac82_123L1_123L1=6;
  __s_Queue_prevHead_27_108L8_108L8[6] = __s_tmp_cond_elim_62_122L0_122L0;
  int __s_tmp_cond_elim_62_124L0_124L0=0;
  int __s_pac81_125L0_125L0=7;
  __s_tmp_cond_elim_62_124L0_124L0 = null;
  int __s_pac82_125L1_125L1=7;
  __s_Queue_prevHead_27_108L8_108L8[7] = __s_tmp_cond_elim_62_124L0_124L0;
  int __s_tmp_cond_elim_62_126L0_126L0=0;
  int __s_pac81_127L0_127L0=8;
  __s_tmp_cond_elim_62_126L0_126L0 = null;
  int __s_pac82_127L1_127L1=8;
  __s_Queue_prevHead_27_108L8_108L8[8] = __s_tmp_cond_elim_62_126L0_126L0;
  int __s_tmp_cond_elim_62_128L0_128L0=0;
  int __s_pac81_129L0_129L0=9;
  __s_tmp_cond_elim_62_128L0_128L0 = null;
  int __s_pac82_129L1_129L1=9;
  __s_Queue_prevHead_27_108L8_108L8[9] = __s_tmp_cond_elim_62_128L0_128L0;
  int __s_tmp_cond_elim_63_131L0_131L0=0;
  int __s_pac83_132L0_132L0=0;
  __s_tmp_cond_elim_63_131L0_131L0 = null;
  int __s_pac84_132L1_132L1=0;
  __s_Queue_tail_26_108L9_108L9[0] = __s_tmp_cond_elim_63_131L0_131L0;
  int __s_tmp_cond_elim_63_133L0_133L0=0;
  int __s_pac83_134L0_134L0=1;
  __s_tmp_cond_elim_63_133L0_133L0 = null;
  int __s_pac84_134L1_134L1=1;
  __s_Queue_tail_26_108L9_108L9[1] = __s_tmp_cond_elim_63_133L0_133L0;
  int __s_tmp_cond_elim_63_135L0_135L0=0;
  int __s_pac83_136L0_136L0=2;
  __s_tmp_cond_elim_63_135L0_135L0 = null;
  int __s_pac84_136L1_136L1=2;
  __s_Queue_tail_26_108L9_108L9[2] = __s_tmp_cond_elim_63_135L0_135L0;
  int __s_tmp_cond_elim_63_137L0_137L0=0;
  int __s_pac83_138L0_138L0=3;
  __s_tmp_cond_elim_63_137L0_137L0 = null;
  int __s_pac84_138L1_138L1=3;
  __s_Queue_tail_26_108L9_108L9[3] = __s_tmp_cond_elim_63_137L0_137L0;
  int __s_tmp_cond_elim_63_139L0_139L0=0;
  int __s_pac83_140L0_140L0=4;
  __s_tmp_cond_elim_63_139L0_139L0 = null;
  int __s_pac84_140L1_140L1=4;
  __s_Queue_tail_26_108L9_108L9[4] = __s_tmp_cond_elim_63_139L0_139L0;
  int __s_tmp_cond_elim_63_141L0_141L0=0;
  int __s_pac83_142L0_142L0=5;
  __s_tmp_cond_elim_63_141L0_141L0 = null;
  int __s_pac84_142L1_142L1=5;
  __s_Queue_tail_26_108L9_108L9[5] = __s_tmp_cond_elim_63_141L0_141L0;
  int __s_tmp_cond_elim_63_143L0_143L0=0;
  int __s_pac83_144L0_144L0=6;
  __s_tmp_cond_elim_63_143L0_143L0 = null;
  int __s_pac84_144L1_144L1=6;
  __s_Queue_tail_26_108L9_108L9[6] = __s_tmp_cond_elim_63_143L0_143L0;
  int __s_tmp_cond_elim_63_145L0_145L0=0;
  int __s_pac83_146L0_146L0=7;
  __s_tmp_cond_elim_63_145L0_145L0 = null;
  int __s_pac84_146L1_146L1=7;
  __s_Queue_tail_26_108L9_108L9[7] = __s_tmp_cond_elim_63_145L0_145L0;
  int __s_tmp_cond_elim_63_147L0_147L0=0;
  int __s_pac83_148L0_148L0=8;
  __s_tmp_cond_elim_63_147L0_147L0 = null;
  int __s_pac84_148L1_148L1=8;
  __s_Queue_tail_26_108L9_108L9[8] = __s_tmp_cond_elim_63_147L0_147L0;
  int __s_tmp_cond_elim_63_149L0_149L0=0;
  int __s_pac83_150L0_150L0=9;
  __s_tmp_cond_elim_63_149L0_149L0 = null;
  int __s_pac84_150L1_150L1=9;
  __s_Queue_tail_26_108L9_108L9[9] = __s_tmp_cond_elim_63_149L0_149L0;
  _out_1L0_1L0_1L0_1L0 = 0;
  bit _has_out__3L0_3L0_151L0_151L0=0;
  int q_4L1_4L1_152L1_152L1=0;
  int _ret_0_4L2_4L2_152L2_152L2=0;
  int _out_117L1_7L0_154L0_154L0=0;
  bit _has_out__119L0_8L0_155L0_155L0=0;
  int q_119L1_8L1_155L1_155L1=0;
  int __s_tmp_new_Queue_15_8L2_155L2_155L2=0;
  atomic
  {
    __s_tmp_new_Queue_15_8L2_155L2_155L2 = 0;
    __s_Queue_nextInstance_25_108L7_108L7 = 1;
  }
  q_119L1_8L1_155L1_155L1 = 0;
  int _ret_0_119L2_9L3_156L3_156L3=null;
  int _ret_1_119L3_9L4_156L4_156L4=null;
  int _ret_2_119L4_9L5_156L5_156L5=0;
  int obj_677L6_12L0_158L0_158L0=_ret_0_119L2_9L3_156L3_156L3;
  int next_677L6_12L1_158L1_158L1=_ret_1_119L3_9L4_156L4_156L4;
  bit taken_677L7_12L2_158L2_158L2=1;
  int _out_677L8_12L3_158L3_158L3=0;
  bit _has_out__679L0_13L0_159L0_159L0=0;
  int n_679L1_13L1_159L1_159L1=0;
  int __s_tmp_new_Node_17_13L2_159L2_159L2=0;
  atomic
  {
    __s_tmp_new_Node_17_13L2_159L2_159L2 = 0;
  }
  n_679L1_13L1_159L1_159L1 = 0;
  int __s_pac85_161L0_161L0=0;
  __s_Node_obj_19_3L1_3L1[0] = _ret_0_119L2_9L3_156L3_156L3;
  int __s_pac86_162L0_162L0=0;
  __s_Node_next_20_3L2_3L2[0] = _ret_1_119L3_9L4_156L4_156L4;
  int __s_pac87_163L0_163L0=0;
  __s_Node_taken_21_3L3_3L3[0] = 1;
  _out_677L8_12L3_158L3_158L3 = 0;
  _has_out__679L0_13L0_159L0_159L0 = 1;
  _ret_2_119L4_9L5_156L5_156L5 = 0;
  int __s_pac88_165L0_165L0=0;
  __s_Queue_prevHead_27_108L8_108L8[0] = 0;
  int __s_pac89_166L0_166L0=0;
  int __s_pac90_166L1_166L1=0;
  __s_Queue_tail_26_108L9_108L9[0] = __s_Queue_prevHead_27_108L8_108L8[0];
  _out_117L1_7L0_154L0_154L0 = 0;
  _has_out__119L0_8L0_155L0_155L0 = 1;
  _ret_0_4L2_4L2_152L2_152L2 = 0;
  q_4L1_4L1_152L1_152L1 = 0;
  int dqCount_5L3_21L3_167L3_167L3=0;
  int _ret_1_5L4_21L4_167L4_167L4=0;
  int tid_123L1_24L0_169L0_169L0=3;
  int id_123L2_24L1_169L1_169L1=3;
  int _out_123L3_24L2_169L2_169L2=0;
  bit _has_out__125L0_25L0_170L0_170L0=0;
  int it_125L1_25L1_170L1_170L1=0;
  int __s_tmp_new_Item_16_25L2_170L2_170L2=0;
  atomic
  {
    __s_tmp_new_Item_16_25L2_170L2_170L2 = 0;
    __s_Item_nextInstance_22_66L4_66L4 = 1;
  }
  it_125L1_25L1_170L1_170L1 = 0;
  int __s_pac91_172L0_172L0=0;
  __s_Item_tid_23_66L5_66L5[0] = 3;
  int __s_pac92_173L0_173L0=0;
  __s_Item_id_24_66L6_66L6[0] = 3;
  _out_123L3_24L2_169L2_169L2 = 0;
  _has_out__125L0_25L0_170L0_170L0 = 1;
  _ret_1_5L4_21L4_167L4_167L4 = 0;
  int q_128L3_32L0_176L0_176L0=0;
  int obj_128L4_32L1_176L1_176L1=0;
  bit _has_out__130L0_33L0_177L0_177L0=0;
  int n_130L1_33L1_177L1_177L1=0;
  int _ret_0_130L2_33L2_177L2_177L2=null;
  int _ret_1_130L3_33L3_177L3_177L3=0;
  int obj_677L6_36L0_179L0_179L0=0;
  int next_677L6_36L1_179L1_179L1=_ret_0_130L2_33L2_177L2_177L2;
  bit taken_677L7_36L2_179L2_179L2=0;
  int _out_677L8_36L3_179L3_179L3=0;
  bit _has_out__679L0_37L0_180L0_180L0=0;
  int n_679L1_37L1_180L1_180L1=0;
  int __s_tmp_new_Node_17_37L2_180L2_180L2=0;
  atomic
  {
    __s_tmp_new_Node_17_37L2_180L2_180L2 = 1;
    __s_Node_nextInstance_18_3L0_3L0 = 2;
  }
  n_679L1_37L1_180L1_180L1 = 1;
  int __s_pac93_182L0_182L0=1;
  __s_Node_obj_19_3L1_3L1[1] = 0;
  int __s_pac94_183L0_183L0=1;
  __s_Node_next_20_3L2_3L2[1] = _ret_0_130L2_33L2_177L2_177L2;
  int __s_pac95_184L0_184L0=1;
  __s_Node_taken_21_3L3_3L3[1] = 0;
  _out_677L8_36L3_179L3_179L3 = 1;
  _has_out__679L0_37L0_180L0_180L0 = 1;
  _ret_1_130L3_33L3_177L3_177L3 = 1;
  n_130L1_33L1_177L1_177L1 = 1;
  int oldTail_131L4_42L4_185L4_185L4=0;
  atomic
  {
    oldTail_131L4_42L4_185L4_185L4 = 0;
    __s_Queue_tail_26_108L9_108L9[0] = 1;
  }
  int __s_pac99_193L0_191L0=0;
  __s_Node_next_20_3L2_3L2[0] = 1;
  int x_7L5_50L5_193L5_191L5=0;
  int _ret_2_7L6_50L6_193L6_191L6=0;
  int q_139L5_53L0_195L0_193L0=0;
  int _out_139L5_53L1_195L1_193L1=0;
  bit _has_out__141L0_54L0_196L0_194L0=0;
  int tmp_141L1_54L1_196L1_194L1=null;
  bit wasTaken_141L2_54L2_196L2_194L2=1;
  bit done_141L3_54L3_196L3_194L3=0;
  int ret_141L4_54L4_196L4_194L4=null;
  for(int i_143L0_56L0_198L0_196L0=0;(i_143L0_56L0_198L0_196L0)<(5);i_143L0_56L0_198L0_196L0 = (i_143L0_56L0_198L0_196L0)+(1))
  {
    if(!(done_141L3_54L3_196L3_194L3))
    {
      bit[4] __sa11_448L0_363L0_545L0_307L0={0,0,0,0};
      __sa11_448L0_363L0_545L0_307L0[0] = 0;
      __sa11_448L0_363L0_545L0_307L0[1] = 0;
      __sa11_448L0_363L0_545L0_307L0[2] = 0;
      __sa11_448L0_363L0_545L0_307L0[3] = 0;
      if(!(done_141L3_54L3_196L3_194L3))
      {
        int __s_tmp_cond_elim_2_455L0_371L0_559L0_320L0=0;
        int __s_pac104_560L1_321L1=__s_Queue_prevHead_27_108L8_108L8[0];
        __s_tmp_cond_elim_2_455L0_371L0_559L0_320L0 = __s_Node_next_20_3L2_3L2[__s_pac104_560L1_321L1];
        tmp_141L1_54L1_196L1_194L1 = __s_tmp_cond_elim_2_455L0_371L0_559L0_320L0;
      }
      __sa11_448L0_363L0_545L0_307L0[0] = 1;
      bit __s_atomize_sc6_496L0_412L0_604L0_326L0=!(done_141L3_54L3_196L3_194L3);
      if(__s_atomize_sc6_496L0_412L0_604L0_326L0)
      {
        __s_atomize_sc6_496L0_412L0_604L0_326L0 = (null)==(tmp_141L1_54L1_196L1_194L1);
      }
      if(__s_atomize_sc6_496L0_412L0_604L0_326L0)
      {
        done_141L3_54L3_196L3_194L3 = 1;
        ret_141L4_54L4_196L4_194L4 = null;
      }
      __sa11_448L0_363L0_545L0_307L0[1] = 1;
      bit __s_atomize_sc7_549L0_465L0_661L0_334L0=!(done_141L3_54L3_196L3_194L3);
      if(__s_atomize_sc7_549L0_465L0_661L0_334L0)
      {
        __s_atomize_sc7_549L0_465L0_661L0_334L0 = (0)==(__s_Node_taken_21_3L3_3L3[tmp_141L1_54L1_196L1_194L1]);
      }
      if(__s_atomize_sc7_549L0_465L0_661L0_334L0)
      {
        atomic
        {
          wasTaken_141L2_54L2_196L2_194L2 = __s_Node_taken_21_3L3_3L3[tmp_141L1_54L1_196L1_194L1];
          __s_Node_taken_21_3L3_3L3[tmp_141L1_54L1_196L1_194L1] = 1;
        }
        if((0)==(wasTaken_141L2_54L2_196L2_194L2))
        {
          done_141L3_54L3_196L3_194L3 = 1;
          ret_141L4_54L4_196L4_194L4 = __s_Node_obj_19_3L1_3L1[tmp_141L1_54L1_196L1_194L1];
        }
      }
      __sa11_448L0_363L0_545L0_307L0[3] = 1;
      if(!(done_141L3_54L3_196L3_194L3))
      {
        __s_Queue_prevHead_27_108L8_108L8[0] = tmp_141L1_54L1_196L1_194L1;
      }
      __sa11_448L0_363L0_545L0_307L0[2] = 1;
    }
  }
  _out_139L5_53L1_195L1_193L1 = ret_141L4_54L4_196L4_194L4;
  _has_out__141L0_54L0_196L0_194L0 = 1;
  _ret_2_7L6_50L6_193L6_191L6 = ret_141L4_54L4_196L4_194L4;
  x_7L5_50L5_193L5_191L5 = ret_141L4_54L4_196L4_194L4;
  bit __s_atomize_sc8_9L0_512L0_714L0_358L0=(ret_141L4_54L4_196L4_194L4)!=(null);
  if(__s_atomize_sc8_9L0_512L0_714L0_358L0)
  {
    __s_atomize_sc8_9L0_512L0_714L0_358L0 = (__s_Item_tid_23_66L5_66L5[ret_141L4_54L4_196L4_194L4])==(3);
  }
  bit __s_atomize_sc9_10L1_513L1_715L1_359L1=__s_atomize_sc8_9L0_512L0_714L0_358L0;
  if(__s_atomize_sc8_9L0_512L0_714L0_358L0)
  {
    __s_atomize_sc9_10L1_513L1_715L1_359L1 = (__s_Item_id_24_66L6_66L6[ret_141L4_54L4_196L4_194L4])==(3);
  }
  fork(int i_14L0_517L0_719L0_363L0; 2)
  {
    int[2] lastId_16L0_519L0_721L0_366L0={0,0};
    lastId_16L0_519L0_721L0_366L0[0] = 0;
    lastId_16L0_519L0_721L0_366L0[1] = 0;
    for(int j_18L0_521L0_726L0_371L0=0;(j_18L0_521L0_726L0_371L0)<(2);j_18L0_521L0_726L0_371L0 = (j_18L0_521L0_726L0_371L0)+(1))
    {
      if(((j_18L0_521L0_726L0_371L0)%(2))==(0))
      {
        int _ret_3_62L0_1566L0_1880L0_811L0=(j_18L0_521L0_726L0_371L0)+(1);
        int __s_tmp_new_Item_16_1570L2_1883L2_814L2=0;
        atomic
        {
          __s_tmp_new_Item_16_1570L2_1883L2_814L2 = __s_Item_nextInstance_22_66L4_66L4;
          __s_Item_nextInstance_22_66L4_66L4 = (__s_Item_nextInstance_22_66L4_66L4)+(1);
        }
        __s_Item_tid_23_66L5_66L5[__s_tmp_new_Item_16_1570L2_1883L2_814L2] = i_14L0_517L0_719L0_363L0;
        __s_Item_id_24_66L6_66L6[__s_tmp_new_Item_16_1570L2_1883L2_814L2] = _ret_3_62L0_1566L0_1880L0_811L0;
        int _ret_0_130L2_1578L2_1890L2_821L2=null;
        int __s_tmp_new_Node_17_1582L2_1893L2_824L2=0;
        atomic
        {
          __s_tmp_new_Node_17_1582L2_1893L2_824L2 = __s_Node_nextInstance_18_3L0_3L0;
          __s_Node_nextInstance_18_3L0_3L0 = (__s_Node_nextInstance_18_3L0_3L0)+(1);
        }
        __s_Node_obj_19_3L1_3L1[__s_tmp_new_Node_17_1582L2_1893L2_824L2] = __s_tmp_new_Item_16_1570L2_1883L2_814L2;
        __s_Node_next_20_3L2_3L2[__s_tmp_new_Node_17_1582L2_1893L2_824L2] = _ret_0_130L2_1578L2_1890L2_821L2;
        __s_Node_taken_21_3L3_3L3[__s_tmp_new_Node_17_1582L2_1893L2_824L2] = 0;
        int oldTail_131L4_1587L4_1898L4_829L4=0;
        atomic
        {
          int __s_tmp_cond_elim_0_133L0_1589L0_1900L0_831L0=__s_Queue_tail_26_108L9_108L9[0];
          oldTail_131L4_1587L4_1898L4_829L4 = __s_tmp_cond_elim_0_133L0_1589L0_1900L0_831L0;
          __s_Queue_tail_26_108L9_108L9[0] = __s_tmp_new_Node_17_1582L2_1893L2_824L2;
        }
        __s_Node_next_20_3L2_3L2[oldTail_131L4_1587L4_1898L4_829L4] = __s_tmp_new_Node_17_1582L2_1893L2_824L2;
      }
      else
      {
        int tmp_141L1_1602L1_1912L1_841L1=null;
        bit wasTaken_141L2_1602L2_1912L2_841L2=0;
        bit done_141L3_1602L3_1912L3_841L3=0;
        int ret_141L4_1602L4_1912L4_841L4=null;
        for(int i_143L0_1604L0_1914L0_843L0=0;(i_143L0_1604L0_1914L0_843L0)<(5);i_143L0_1604L0_1914L0_843L0 = (i_143L0_1604L0_1914L0_843L0)+(1))
        {
          if(!(done_141L3_1602L3_1912L3_841L3))
          {
            bit[4] __sa11_448L0_1911L0_2261L0_954L0={0,0,0,0};
            __sa11_448L0_1911L0_2261L0_954L0[0] = 0;
            __sa11_448L0_1911L0_2261L0_954L0[1] = 0;
            __sa11_448L0_1911L0_2261L0_954L0[2] = 0;
            __sa11_448L0_1911L0_2261L0_954L0[3] = 0;
            if(!(done_141L3_1602L3_1912L3_841L3))
            {
              int __s_tmp_cond_elim_2_455L0_1919L0_2275L0_967L0=0;
              int __s_pac224_2276L1_968L1=__s_Queue_prevHead_27_108L8_108L8[0];
              __s_tmp_cond_elim_2_455L0_1919L0_2275L0_967L0 = __s_Node_next_20_3L2_3L2[__s_pac224_2276L1_968L1];
              tmp_141L1_1602L1_1912L1_841L1 = __s_tmp_cond_elim_2_455L0_1919L0_2275L0_967L0;
            }
            __sa11_448L0_1911L0_2261L0_954L0[0] = 1;
            bit __s_atomize_sc6_496L0_1960L0_2320L0_973L0=!(done_141L3_1602L3_1912L3_841L3);
            if(__s_atomize_sc6_496L0_1960L0_2320L0_973L0)
            {
              __s_atomize_sc6_496L0_1960L0_2320L0_973L0 = (null)==(tmp_141L1_1602L1_1912L1_841L1);
            }
            if(__s_atomize_sc6_496L0_1960L0_2320L0_973L0)
            {
              done_141L3_1602L3_1912L3_841L3 = 1;
              ret_141L4_1602L4_1912L4_841L4 = null;
            }
            __sa11_448L0_1911L0_2261L0_954L0[1] = 1;
            bit __s_atomize_sc7_549L0_2013L0_2377L0_981L0=!(done_141L3_1602L3_1912L3_841L3);
            if(__s_atomize_sc7_549L0_2013L0_2377L0_981L0)
            {
              __s_atomize_sc7_549L0_2013L0_2377L0_981L0 = (0)==(__s_Node_taken_21_3L3_3L3[tmp_141L1_1602L1_1912L1_841L1]);
            }
            if(__s_atomize_sc7_549L0_2013L0_2377L0_981L0)
            {
              atomic
              {
                wasTaken_141L2_1602L2_1912L2_841L2 = __s_Node_taken_21_3L3_3L3[tmp_141L1_1602L1_1912L1_841L1];
                __s_Node_taken_21_3L3_3L3[tmp_141L1_1602L1_1912L1_841L1] = 1;
              }
              if((0)==(wasTaken_141L2_1602L2_1912L2_841L2))
              {
                done_141L3_1602L3_1912L3_841L3 = 1;
                ret_141L4_1602L4_1912L4_841L4 = __s_Node_obj_19_3L1_3L1[tmp_141L1_1602L1_1912L1_841L1];
              }
            }
            __sa11_448L0_1911L0_2261L0_954L0[3] = 1;
            if(!(done_141L3_1602L3_1912L3_841L3))
            {
              __s_Queue_prevHead_27_108L8_108L8[0] = tmp_141L1_1602L1_1912L1_841L1;
            }
            __sa11_448L0_1911L0_2261L0_954L0[2] = 1;
          }
        }
        if((ret_141L4_1602L4_1912L4_841L4)!=(null))
        {
          int __s_pac331_2432L1_1007L1=__s_Item_tid_23_66L5_66L5[ret_141L4_1602L4_1912L4_841L4];
          lastId_16L0_519L0_721L0_366L0[__s_pac331_2432L1_1007L1] = __s_Item_id_24_66L6_66L6[ret_141L4_1602L4_1912L4_841L4];
          atomic
          {
            int __s_atomize10_73L0_2064L0_2434L0_1009L0=dqCount_5L3_21L3_167L3_167L3;
            dqCount_5L3_21L3_167L3_167L3 = (__s_atomize10_73L0_2064L0_2434L0_1009L0)+(1);
          }
        }
      }
    }
  }
  int[2] lastId_75L8_2123L8_2492L8_1067L8={0,0};
  lastId_75L8_2123L8_2492L8_1067L8[0] = 0;
  lastId_75L8_2123L8_2492L8_1067L8[1] = 0;
  bit done_75L9_2123L9_2495L9_1070L9=0;
  for(int i_77L0_2125L0_2497L0_1072L0=0;(i_77L0_2125L0_2497L0_1072L0)<(5);i_77L0_2125L0_2497L0_1072L0 = (i_77L0_2125L0_2497L0_1072L0)+(1))
  {
    if(!(done_75L9_2123L9_2495L9_1070L9))
    {
      int tmp_141L1_3073L1_3562L1_1429L1=null;
      bit wasTaken_141L2_3073L2_3562L2_1429L2=0;
      bit done_141L3_3073L3_3562L3_1429L3=0;
      int ret_141L4_3073L4_3562L4_1429L4=null;
      for(int i_143L0_3075L0_3564L0_1431L0=0;(i_143L0_3075L0_3564L0_1431L0)<(5);i_143L0_3075L0_3564L0_1431L0 = (i_143L0_3075L0_3564L0_1431L0)+(1))
      {
        if(!(done_141L3_3073L3_3562L3_1429L3))
        {
          bit[4] __sa11_448L0_3382L0_3911L0_1542L0={0,0,0,0};
          __sa11_448L0_3382L0_3911L0_1542L0[0] = 0;
          __sa11_448L0_3382L0_3911L0_1542L0[1] = 0;
          __sa11_448L0_3382L0_3911L0_1542L0[2] = 0;
          __sa11_448L0_3382L0_3911L0_1542L0[3] = 0;
          if(!(done_141L3_3073L3_3562L3_1429L3))
          {
            int __s_tmp_cond_elim_2_455L0_3390L0_3925L0_1555L0=0;
            int __s_pac354_3926L1_1556L1=__s_Queue_prevHead_27_108L8_108L8[0];
            __s_tmp_cond_elim_2_455L0_3390L0_3925L0_1555L0 = __s_Node_next_20_3L2_3L2[__s_pac354_3926L1_1556L1];
            tmp_141L1_3073L1_3562L1_1429L1 = __s_tmp_cond_elim_2_455L0_3390L0_3925L0_1555L0;
          }
          __sa11_448L0_3382L0_3911L0_1542L0[0] = 1;
          bit __s_atomize_sc6_496L0_3431L0_3970L0_1561L0=!(done_141L3_3073L3_3562L3_1429L3);
          if(__s_atomize_sc6_496L0_3431L0_3970L0_1561L0)
          {
            __s_atomize_sc6_496L0_3431L0_3970L0_1561L0 = (null)==(tmp_141L1_3073L1_3562L1_1429L1);
          }
          if(__s_atomize_sc6_496L0_3431L0_3970L0_1561L0)
          {
            done_141L3_3073L3_3562L3_1429L3 = 1;
            ret_141L4_3073L4_3562L4_1429L4 = null;
          }
          __sa11_448L0_3382L0_3911L0_1542L0[1] = 1;
          bit __s_atomize_sc7_549L0_3484L0_4027L0_1569L0=!(done_141L3_3073L3_3562L3_1429L3);
          if(__s_atomize_sc7_549L0_3484L0_4027L0_1569L0)
          {
            __s_atomize_sc7_549L0_3484L0_4027L0_1569L0 = (0)==(__s_Node_taken_21_3L3_3L3[tmp_141L1_3073L1_3562L1_1429L1]);
          }
          if(__s_atomize_sc7_549L0_3484L0_4027L0_1569L0)
          {
            atomic
            {
              wasTaken_141L2_3073L2_3562L2_1429L2 = __s_Node_taken_21_3L3_3L3[tmp_141L1_3073L1_3562L1_1429L1];
              __s_Node_taken_21_3L3_3L3[tmp_141L1_3073L1_3562L1_1429L1] = 1;
            }
            if((0)==(wasTaken_141L2_3073L2_3562L2_1429L2))
            {
              done_141L3_3073L3_3562L3_1429L3 = 1;
              ret_141L4_3073L4_3562L4_1429L4 = __s_Node_obj_19_3L1_3L1[tmp_141L1_3073L1_3562L1_1429L1];
            }
          }
          __sa11_448L0_3382L0_3911L0_1542L0[3] = 1;
          if(!(done_141L3_3073L3_3562L3_1429L3))
          {
            __s_Queue_prevHead_27_108L8_108L8[0] = tmp_141L1_3073L1_3562L1_1429L1;
          }
          __sa11_448L0_3382L0_3911L0_1542L0[2] = 1;
        }
      }
      if((ret_141L4_3073L4_3562L4_1429L4)==(null))
      {
        done_75L9_2123L9_2495L9_1070L9 = 1;
      }
      else
      {
        int __s_pac461_4084L1_1597L1=__s_Item_tid_23_66L5_66L5[ret_141L4_3073L4_3562L4_1429L4];
        lastId_75L8_2123L8_2492L8_1067L8[__s_pac461_4084L1_1597L1] = __s_Item_id_24_66L6_66L6[ret_141L4_3073L4_3562L4_1429L4];
      }
    }
  }
  _out_1L0_1L0_1L0_1L0 = 1;
}
void T([!bit _out_114L1_3626L1_4173L1_1686L1])
{
  int[10] __s_Node_obj_29_4175L1_1688L1={0,0,0,0,0,0,0,0,0,0}; int[10] __s_Node_next_30_4175L2_1688L2={0,0,0,0,0,0,0,0,0,0}; bit[10] __s_Node_taken_31_4175L3_1688L3={0,0,0,0,0,0,0,0,0,0};
  int __s_tmp_cond_elim_64_4177L0_1690L0=null;
  __s_Node_obj_29_4175L1_1688L1[0] = __s_tmp_cond_elim_64_4177L0_1690L0;
  int __s_tmp_cond_elim_64_4179L0_1692L0=null;
  __s_Node_obj_29_4175L1_1688L1[1] = __s_tmp_cond_elim_64_4179L0_1692L0;
  int __s_tmp_cond_elim_64_4181L0_1694L0=null;
  __s_Node_obj_29_4175L1_1688L1[2] = __s_tmp_cond_elim_64_4181L0_1694L0;
  int __s_tmp_cond_elim_64_4183L0_1696L0=null;
  __s_Node_obj_29_4175L1_1688L1[3] = __s_tmp_cond_elim_64_4183L0_1696L0;
  int __s_tmp_cond_elim_64_4185L0_1698L0=null;
  __s_Node_obj_29_4175L1_1688L1[4] = __s_tmp_cond_elim_64_4185L0_1698L0;
  int __s_tmp_cond_elim_64_4187L0_1700L0=null;
  __s_Node_obj_29_4175L1_1688L1[5] = __s_tmp_cond_elim_64_4187L0_1700L0;
  int __s_tmp_cond_elim_64_4189L0_1702L0=null;
  __s_Node_obj_29_4175L1_1688L1[6] = __s_tmp_cond_elim_64_4189L0_1702L0;
  int __s_tmp_cond_elim_64_4191L0_1704L0=null;
  __s_Node_obj_29_4175L1_1688L1[7] = __s_tmp_cond_elim_64_4191L0_1704L0;
  int __s_tmp_cond_elim_64_4193L0_1706L0=null;
  __s_Node_obj_29_4175L1_1688L1[8] = __s_tmp_cond_elim_64_4193L0_1706L0;
  int __s_tmp_cond_elim_64_4195L0_1708L0=null;
  __s_Node_obj_29_4175L1_1688L1[9] = __s_tmp_cond_elim_64_4195L0_1708L0;
  int __s_tmp_cond_elim_65_4198L0_1711L0=null;
  __s_Node_next_30_4175L2_1688L2[0] = __s_tmp_cond_elim_65_4198L0_1711L0;
  int __s_tmp_cond_elim_65_4200L0_1713L0=null;
  __s_Node_next_30_4175L2_1688L2[1] = __s_tmp_cond_elim_65_4200L0_1713L0;
  int __s_tmp_cond_elim_65_4202L0_1715L0=null;
  __s_Node_next_30_4175L2_1688L2[2] = __s_tmp_cond_elim_65_4202L0_1715L0;
  int __s_tmp_cond_elim_65_4204L0_1717L0=null;
  __s_Node_next_30_4175L2_1688L2[3] = __s_tmp_cond_elim_65_4204L0_1717L0;
  int __s_tmp_cond_elim_65_4206L0_1719L0=null;
  __s_Node_next_30_4175L2_1688L2[4] = __s_tmp_cond_elim_65_4206L0_1719L0;
  int __s_tmp_cond_elim_65_4208L0_1721L0=null;
  __s_Node_next_30_4175L2_1688L2[5] = __s_tmp_cond_elim_65_4208L0_1721L0;
  int __s_tmp_cond_elim_65_4210L0_1723L0=null;
  __s_Node_next_30_4175L2_1688L2[6] = __s_tmp_cond_elim_65_4210L0_1723L0;
  int __s_tmp_cond_elim_65_4212L0_1725L0=null;
  __s_Node_next_30_4175L2_1688L2[7] = __s_tmp_cond_elim_65_4212L0_1725L0;
  int __s_tmp_cond_elim_65_4214L0_1727L0=null;
  __s_Node_next_30_4175L2_1688L2[8] = __s_tmp_cond_elim_65_4214L0_1727L0;
  int __s_tmp_cond_elim_65_4216L0_1729L0=null;
  __s_Node_next_30_4175L2_1688L2[9] = __s_tmp_cond_elim_65_4216L0_1729L0;
  __s_Node_taken_31_4175L3_1688L3[0] = 0;
  __s_Node_taken_31_4175L3_1688L3[1] = 0;
  __s_Node_taken_31_4175L3_1688L3[2] = 0;
  __s_Node_taken_31_4175L3_1688L3[3] = 0;
  __s_Node_taken_31_4175L3_1688L3[4] = 0;
  __s_Node_taken_31_4175L3_1688L3[5] = 0;
  __s_Node_taken_31_4175L3_1688L3[6] = 0;
  __s_Node_taken_31_4175L3_1688L3[7] = 0;
  __s_Node_taken_31_4175L3_1688L3[8] = 0;
  __s_Node_taken_31_4175L3_1688L3[9] = 0;
  int[10] __s_Item_tid_33_4238L5_1751L5={0,0,0,0,0,0,0,0,0,0}; int[10] __s_Item_id_34_4238L6_1751L6={0,0,0,0,0,0,0,0,0,0};
  __s_Item_tid_33_4238L5_1751L5[0] = 0;
  __s_Item_tid_33_4238L5_1751L5[1] = 0;
  __s_Item_tid_33_4238L5_1751L5[2] = 0;
  __s_Item_tid_33_4238L5_1751L5[3] = 0;
  __s_Item_tid_33_4238L5_1751L5[4] = 0;
  __s_Item_tid_33_4238L5_1751L5[5] = 0;
  __s_Item_tid_33_4238L5_1751L5[6] = 0;
  __s_Item_tid_33_4238L5_1751L5[7] = 0;
  __s_Item_tid_33_4238L5_1751L5[8] = 0;
  __s_Item_tid_33_4238L5_1751L5[9] = 0;
  __s_Item_id_34_4238L6_1751L6[0] = 0;
  __s_Item_id_34_4238L6_1751L6[1] = 0;
  __s_Item_id_34_4238L6_1751L6[2] = 0;
  __s_Item_id_34_4238L6_1751L6[3] = 0;
  __s_Item_id_34_4238L6_1751L6[4] = 0;
  __s_Item_id_34_4238L6_1751L6[5] = 0;
  __s_Item_id_34_4238L6_1751L6[6] = 0;
  __s_Item_id_34_4238L6_1751L6[7] = 0;
  __s_Item_id_34_4238L6_1751L6[8] = 0;
  __s_Item_id_34_4238L6_1751L6[9] = 0;
  int[10] __s_Queue_prevHead_37_4280L8_1793L8={0,0,0,0,0,0,0,0,0,0}; int[10] __s_Queue_tail_36_4280L9_1793L9={0,0,0,0,0,0,0,0,0,0};
  int __s_tmp_cond_elim_69_4282L0_1795L0=null;
  __s_Queue_prevHead_37_4280L8_1793L8[0] = __s_tmp_cond_elim_69_4282L0_1795L0;
  int __s_tmp_cond_elim_69_4284L0_1797L0=null;
  __s_Queue_prevHead_37_4280L8_1793L8[1] = __s_tmp_cond_elim_69_4284L0_1797L0;
  int __s_tmp_cond_elim_69_4286L0_1799L0=null;
  __s_Queue_prevHead_37_4280L8_1793L8[2] = __s_tmp_cond_elim_69_4286L0_1799L0;
  int __s_tmp_cond_elim_69_4288L0_1801L0=null;
  __s_Queue_prevHead_37_4280L8_1793L8[3] = __s_tmp_cond_elim_69_4288L0_1801L0;
  int __s_tmp_cond_elim_69_4290L0_1803L0=null;
  __s_Queue_prevHead_37_4280L8_1793L8[4] = __s_tmp_cond_elim_69_4290L0_1803L0;
  int __s_tmp_cond_elim_69_4292L0_1805L0=null;
  __s_Queue_prevHead_37_4280L8_1793L8[5] = __s_tmp_cond_elim_69_4292L0_1805L0;
  int __s_tmp_cond_elim_69_4294L0_1807L0=null;
  __s_Queue_prevHead_37_4280L8_1793L8[6] = __s_tmp_cond_elim_69_4294L0_1807L0;
  int __s_tmp_cond_elim_69_4296L0_1809L0=null;
  __s_Queue_prevHead_37_4280L8_1793L8[7] = __s_tmp_cond_elim_69_4296L0_1809L0;
  int __s_tmp_cond_elim_69_4298L0_1811L0=null;
  __s_Queue_prevHead_37_4280L8_1793L8[8] = __s_tmp_cond_elim_69_4298L0_1811L0;
  int __s_tmp_cond_elim_69_4300L0_1813L0=null;
  __s_Queue_prevHead_37_4280L8_1793L8[9] = __s_tmp_cond_elim_69_4300L0_1813L0;
  int __s_tmp_cond_elim_70_4303L0_1816L0=null;
  __s_Queue_tail_36_4280L9_1793L9[0] = __s_tmp_cond_elim_70_4303L0_1816L0;
  int __s_tmp_cond_elim_70_4305L0_1818L0=null;
  __s_Queue_tail_36_4280L9_1793L9[1] = __s_tmp_cond_elim_70_4305L0_1818L0;
  int __s_tmp_cond_elim_70_4307L0_1820L0=null;
  __s_Queue_tail_36_4280L9_1793L9[2] = __s_tmp_cond_elim_70_4307L0_1820L0;
  int __s_tmp_cond_elim_70_4309L0_1822L0=null;
  __s_Queue_tail_36_4280L9_1793L9[3] = __s_tmp_cond_elim_70_4309L0_1822L0;
  int __s_tmp_cond_elim_70_4311L0_1824L0=null;
  __s_Queue_tail_36_4280L9_1793L9[4] = __s_tmp_cond_elim_70_4311L0_1824L0;
  int __s_tmp_cond_elim_70_4313L0_1826L0=null;
  __s_Queue_tail_36_4280L9_1793L9[5] = __s_tmp_cond_elim_70_4313L0_1826L0;
  int __s_tmp_cond_elim_70_4315L0_1828L0=null;
  __s_Queue_tail_36_4280L9_1793L9[6] = __s_tmp_cond_elim_70_4315L0_1828L0;
  int __s_tmp_cond_elim_70_4317L0_1830L0=null;
  __s_Queue_tail_36_4280L9_1793L9[7] = __s_tmp_cond_elim_70_4317L0_1830L0;
  int __s_tmp_cond_elim_70_4319L0_1832L0=null;
  __s_Queue_tail_36_4280L9_1793L9[8] = __s_tmp_cond_elim_70_4319L0_1832L0;
  int __s_tmp_cond_elim_70_4321L0_1834L0=null;
  __s_Queue_tail_36_4280L9_1793L9[9] = __s_tmp_cond_elim_70_4321L0_1834L0;
  _out_114L1_3626L1_4173L1_1686L1 = 1;
}

===== Compilation statistics =====
  Solved? -----------------------------> true
  Number of iterations ----------------> 4
  Maximum memory usage (MiB) ----------> 172.92188
  Total elapsed time (s) --------------> 64.179
    % frontend ............ 15.679584
    % verification ........ 63.64387
    % synthesis ........... 20.676546
  Total solution time (s) -------------> 12.357
    % verification ........ 57.344017
    % synthesis ........... 42.655983

  Synthesizer statistics:  
    [solver stats]
    Number of calls -------------------> 4
    Total elapsed time (s) ------------> 13.27
    Total model building time (s) -----> 7.977
    Total solution time (s) -----------> 5.271
    Maximum memory usage (MiB) --------> 66.734375
    Average elapsed time (s) ----------> 3.317
    Average model building time (s) ---> 1.994
    Average solution time (s) ---------> 1.317
    Average memory usage (MiB) --------> 38.47461

  Verifier statistics:     
    [solver stats]
    Number of calls -------------------> 5
    Total elapsed time (s) ------------> 40.846
    Total model building time (s) -----> 33.76
    Total solution time (s) -----------> 7.086
    Maximum memory usage (MiB) --------> 22.312
    Average elapsed time (s) ----------> 8.169
    Average model building time (s) ---> 6.752
    Average solution time (s) ---------> 1.417
    Average memory usage (MiB) --------> 8.5624

  Frontend statistics:     
    Total elapsed time (s) ------------> 10.063
    Max memory usage (MiB) ------------> 106.1875

[PSKETCH] DONE!
