Iteration 0
[SPINVERIF][2] Stats for last run:
      [solution stats]
      successful? ---------------------> false
      elapsed time (s) ----------------> 36.842
      model building time (s) ---------> 36.823
      solution time (s) ---------------> 0.019
      max memory usage (MiB) ----------> 8.25
      [SPIN-specific stats]
      codegen time (s) ----------------> 13.056
      codegen memory (MiB) ------------> 0.0
      compiler time (s) ---------------> 23.767
      compiler memory (MiB) -----------> 0.0
      total SPIN time (s) -------------> 0.019
      total SPIN mem (MiB) ------------> 8.25
      actual state mem (MiB) ----------> 0.0
      equiv state mem (MiB) -----------> 0.0
      state compression (%) -----------> 0.0
      # states explored ---------------> 334
      state exploration rate (states/s)> 0

[SATBackend] Stats for last run:
      [solution stats]
      successful? ---------------------> true
      elapsed time (s) ----------------> 1.974
      model building time (s) ---------> 1.245
      solution time (s) ---------------> 0.723
      max memory usage (MiB) ----------> 30.367188
      [SAT-specific solution stats]
      initial number of nodes ---------> 56844
      number of nodes after opts ------> 8021
      number of controls --------------> 48
      total number of control bits ----> 64

Iteration 1
[SPINVERIF][2] Stats for last run:
      [solution stats]
      successful? ---------------------> false
      elapsed time (s) ----------------> 36.929
      model building time (s) ---------> 36.77
      solution time (s) ---------------> 0.159
      max memory usage (MiB) ----------> 12.938
      [SPIN-specific stats]
      codegen time (s) ----------------> 13.019
      codegen memory (MiB) ------------> 0.0
      compiler time (s) ---------------> 23.751
      compiler memory (MiB) -----------> 0.0
      total SPIN time (s) -------------> 0.159
      total SPIN mem (MiB) ------------> 12.938
      actual state mem (MiB) ----------> 2.0879993
      equiv state mem (MiB) -----------> 14.784
      state compression (%) -----------> 14.123371
      # states explored ---------------> 2553
      state exploration rate (states/s)> 0

[SATBackend] Stats for last run:
      [solution stats]
      successful? ---------------------> true
      elapsed time (s) ----------------> 8.936
      model building time (s) ---------> 5.418
      solution time (s) ---------------> 3.512
      max memory usage (MiB) ----------> 69.67578
      [SAT-specific solution stats]
      initial number of nodes ---------> 193546
      number of nodes after opts ------> 29374
      number of controls --------------> 48
      total number of control bits ----> 64

Iteration 2
[SPINVERIF][2] Stats for last run:
      [solution stats]
      successful? ---------------------> true
      elapsed time (s) ----------------> 39.869
      model building time (s) ---------> 37.35
      solution time (s) ---------------> 2.519
      max memory usage (MiB) ----------> 28.562
      [SPIN-specific stats]
      codegen time (s) ----------------> 13.082
      codegen memory (MiB) ------------> 0.0
      compiler time (s) ---------------> 24.268
      compiler memory (MiB) -----------> 0.0
      total SPIN time (s) -------------> 2.519
      total SPIN mem (MiB) ------------> 28.562
      actual state mem (MiB) ----------> 7.7279997
      equiv state mem (MiB) -----------> 187.283
      state compression (%) -----------> 4.126375
      # states explored ---------------> 32342
      state exploration rate (states/s)> 0

void main([!bit _out_1L0_1L0_1L0_1L0]) implements T
{
  int[10] _lock_3L0_3L0=0;
  int __s_Node_nextInstance_11_4L0_4L0=0; int[10] __s_Node_key_12_4L1_4L1={0,0,0,0,0,0,0,0,0,0}; int[10] __s_Node_next_13_4L2_4L2={0,0,0,0,0,0,0,0,0,0};
  bit __s_tmp_cond_elim_53_6L0_6L0=0;
  int __s_pac61_7L0_7L0=0;
  __s_tmp_cond_elim_53_6L0_6L0 = 0;
  int __s_pac62_7L1_7L1=0;
  __s_Node_key_12_4L1_4L1[0] = 0;
  bit __s_tmp_cond_elim_53_8L0_8L0=0;
  int __s_pac61_9L0_9L0=1;
  __s_tmp_cond_elim_53_8L0_8L0 = 0;
  int __s_pac62_9L1_9L1=1;
  __s_Node_key_12_4L1_4L1[1] = 0;
  bit __s_tmp_cond_elim_53_10L0_10L0=0;
  int __s_pac61_11L0_11L0=2;
  __s_tmp_cond_elim_53_10L0_10L0 = 0;
  int __s_pac62_11L1_11L1=2;
  __s_Node_key_12_4L1_4L1[2] = 0;
  bit __s_tmp_cond_elim_53_12L0_12L0=0;
  int __s_pac61_13L0_13L0=3;
  __s_tmp_cond_elim_53_12L0_12L0 = 0;
  int __s_pac62_13L1_13L1=3;
  __s_Node_key_12_4L1_4L1[3] = 0;
  bit __s_tmp_cond_elim_53_14L0_14L0=0;
  int __s_pac61_15L0_15L0=4;
  __s_tmp_cond_elim_53_14L0_14L0 = 0;
  int __s_pac62_15L1_15L1=4;
  __s_Node_key_12_4L1_4L1[4] = 0;
  bit __s_tmp_cond_elim_53_16L0_16L0=0;
  int __s_pac61_17L0_17L0=5;
  __s_tmp_cond_elim_53_16L0_16L0 = 0;
  int __s_pac62_17L1_17L1=5;
  __s_Node_key_12_4L1_4L1[5] = 0;
  bit __s_tmp_cond_elim_53_18L0_18L0=0;
  int __s_pac61_19L0_19L0=6;
  __s_tmp_cond_elim_53_18L0_18L0 = 0;
  int __s_pac62_19L1_19L1=6;
  __s_Node_key_12_4L1_4L1[6] = 0;
  bit __s_tmp_cond_elim_53_20L0_20L0=0;
  int __s_pac61_21L0_21L0=7;
  __s_tmp_cond_elim_53_20L0_20L0 = 0;
  int __s_pac62_21L1_21L1=7;
  __s_Node_key_12_4L1_4L1[7] = 0;
  bit __s_tmp_cond_elim_53_22L0_22L0=0;
  int __s_pac61_23L0_23L0=8;
  __s_tmp_cond_elim_53_22L0_22L0 = 0;
  int __s_pac62_23L1_23L1=8;
  __s_Node_key_12_4L1_4L1[8] = 0;
  bit __s_tmp_cond_elim_53_24L0_24L0=0;
  int __s_pac61_25L0_25L0=9;
  __s_tmp_cond_elim_53_24L0_24L0 = 0;
  int __s_pac62_25L1_25L1=9;
  __s_Node_key_12_4L1_4L1[9] = 0;
  int __s_tmp_cond_elim_54_27L0_27L0=0;
  int __s_pac63_28L0_28L0=0;
  __s_tmp_cond_elim_54_27L0_27L0 = null;
  int __s_pac64_28L1_28L1=0;
  __s_Node_next_13_4L2_4L2[0] = __s_tmp_cond_elim_54_27L0_27L0;
  int __s_tmp_cond_elim_54_29L0_29L0=0;
  int __s_pac63_30L0_30L0=1;
  __s_tmp_cond_elim_54_29L0_29L0 = null;
  int __s_pac64_30L1_30L1=1;
  __s_Node_next_13_4L2_4L2[1] = __s_tmp_cond_elim_54_29L0_29L0;
  int __s_tmp_cond_elim_54_31L0_31L0=0;
  int __s_pac63_32L0_32L0=2;
  __s_tmp_cond_elim_54_31L0_31L0 = null;
  int __s_pac64_32L1_32L1=2;
  __s_Node_next_13_4L2_4L2[2] = __s_tmp_cond_elim_54_31L0_31L0;
  int __s_tmp_cond_elim_54_33L0_33L0=0;
  int __s_pac63_34L0_34L0=3;
  __s_tmp_cond_elim_54_33L0_33L0 = null;
  int __s_pac64_34L1_34L1=3;
  __s_Node_next_13_4L2_4L2[3] = __s_tmp_cond_elim_54_33L0_33L0;
  int __s_tmp_cond_elim_54_35L0_35L0=0;
  int __s_pac63_36L0_36L0=4;
  __s_tmp_cond_elim_54_35L0_35L0 = null;
  int __s_pac64_36L1_36L1=4;
  __s_Node_next_13_4L2_4L2[4] = __s_tmp_cond_elim_54_35L0_35L0;
  int __s_tmp_cond_elim_54_37L0_37L0=0;
  int __s_pac63_38L0_38L0=5;
  __s_tmp_cond_elim_54_37L0_37L0 = null;
  int __s_pac64_38L1_38L1=5;
  __s_Node_next_13_4L2_4L2[5] = __s_tmp_cond_elim_54_37L0_37L0;
  int __s_tmp_cond_elim_54_39L0_39L0=0;
  int __s_pac63_40L0_40L0=6;
  __s_tmp_cond_elim_54_39L0_39L0 = null;
  int __s_pac64_40L1_40L1=6;
  __s_Node_next_13_4L2_4L2[6] = __s_tmp_cond_elim_54_39L0_39L0;
  int __s_tmp_cond_elim_54_41L0_41L0=0;
  int __s_pac63_42L0_42L0=7;
  __s_tmp_cond_elim_54_41L0_41L0 = null;
  int __s_pac64_42L1_42L1=7;
  __s_Node_next_13_4L2_4L2[7] = __s_tmp_cond_elim_54_41L0_41L0;
  int __s_tmp_cond_elim_54_43L0_43L0=0;
  int __s_pac63_44L0_44L0=8;
  __s_tmp_cond_elim_54_43L0_43L0 = null;
  int __s_pac64_44L1_44L1=8;
  __s_Node_next_13_4L2_4L2[8] = __s_tmp_cond_elim_54_43L0_43L0;
  int __s_tmp_cond_elim_54_45L0_45L0=0;
  int __s_pac63_46L0_46L0=9;
  __s_tmp_cond_elim_54_45L0_45L0 = null;
  int __s_pac64_46L1_46L1=9;
  __s_Node_next_13_4L2_4L2[9] = __s_tmp_cond_elim_54_45L0_45L0;
  int __s_Set_nextInstance_14_46L3_46L3=0; int[10] __s_Set_tail_16_46L4_46L4={0,0,0,0,0,0,0,0,0,0}; int[10] __s_Set_head_15_46L5_46L5={0,0,0,0,0,0,0,0,0,0};
  int __s_tmp_cond_elim_55_48L0_48L0=0;
  int __s_pac65_49L0_49L0=0;
  __s_tmp_cond_elim_55_48L0_48L0 = null;
  int __s_pac66_49L1_49L1=0;
  __s_Set_tail_16_46L4_46L4[0] = __s_tmp_cond_elim_55_48L0_48L0;
  int __s_tmp_cond_elim_55_50L0_50L0=0;
  int __s_pac65_51L0_51L0=1;
  __s_tmp_cond_elim_55_50L0_50L0 = null;
  int __s_pac66_51L1_51L1=1;
  __s_Set_tail_16_46L4_46L4[1] = __s_tmp_cond_elim_55_50L0_50L0;
  int __s_tmp_cond_elim_55_52L0_52L0=0;
  int __s_pac65_53L0_53L0=2;
  __s_tmp_cond_elim_55_52L0_52L0 = null;
  int __s_pac66_53L1_53L1=2;
  __s_Set_tail_16_46L4_46L4[2] = __s_tmp_cond_elim_55_52L0_52L0;
  int __s_tmp_cond_elim_55_54L0_54L0=0;
  int __s_pac65_55L0_55L0=3;
  __s_tmp_cond_elim_55_54L0_54L0 = null;
  int __s_pac66_55L1_55L1=3;
  __s_Set_tail_16_46L4_46L4[3] = __s_tmp_cond_elim_55_54L0_54L0;
  int __s_tmp_cond_elim_55_56L0_56L0=0;
  int __s_pac65_57L0_57L0=4;
  __s_tmp_cond_elim_55_56L0_56L0 = null;
  int __s_pac66_57L1_57L1=4;
  __s_Set_tail_16_46L4_46L4[4] = __s_tmp_cond_elim_55_56L0_56L0;
  int __s_tmp_cond_elim_55_58L0_58L0=0;
  int __s_pac65_59L0_59L0=5;
  __s_tmp_cond_elim_55_58L0_58L0 = null;
  int __s_pac66_59L1_59L1=5;
  __s_Set_tail_16_46L4_46L4[5] = __s_tmp_cond_elim_55_58L0_58L0;
  int __s_tmp_cond_elim_55_60L0_60L0=0;
  int __s_pac65_61L0_61L0=6;
  __s_tmp_cond_elim_55_60L0_60L0 = null;
  int __s_pac66_61L1_61L1=6;
  __s_Set_tail_16_46L4_46L4[6] = __s_tmp_cond_elim_55_60L0_60L0;
  int __s_tmp_cond_elim_55_62L0_62L0=0;
  int __s_pac65_63L0_63L0=7;
  __s_tmp_cond_elim_55_62L0_62L0 = null;
  int __s_pac66_63L1_63L1=7;
  __s_Set_tail_16_46L4_46L4[7] = __s_tmp_cond_elim_55_62L0_62L0;
  int __s_tmp_cond_elim_55_64L0_64L0=0;
  int __s_pac65_65L0_65L0=8;
  __s_tmp_cond_elim_55_64L0_64L0 = null;
  int __s_pac66_65L1_65L1=8;
  __s_Set_tail_16_46L4_46L4[8] = __s_tmp_cond_elim_55_64L0_64L0;
  int __s_tmp_cond_elim_55_66L0_66L0=0;
  int __s_pac65_67L0_67L0=9;
  __s_tmp_cond_elim_55_66L0_66L0 = null;
  int __s_pac66_67L1_67L1=9;
  __s_Set_tail_16_46L4_46L4[9] = __s_tmp_cond_elim_55_66L0_66L0;
  int __s_tmp_cond_elim_56_69L0_69L0=0;
  int __s_pac67_70L0_70L0=0;
  __s_tmp_cond_elim_56_69L0_69L0 = null;
  int __s_pac68_70L1_70L1=0;
  __s_Set_head_15_46L5_46L5[0] = __s_tmp_cond_elim_56_69L0_69L0;
  int __s_tmp_cond_elim_56_71L0_71L0=0;
  int __s_pac67_72L0_72L0=1;
  __s_tmp_cond_elim_56_71L0_71L0 = null;
  int __s_pac68_72L1_72L1=1;
  __s_Set_head_15_46L5_46L5[1] = __s_tmp_cond_elim_56_71L0_71L0;
  int __s_tmp_cond_elim_56_73L0_73L0=0;
  int __s_pac67_74L0_74L0=2;
  __s_tmp_cond_elim_56_73L0_73L0 = null;
  int __s_pac68_74L1_74L1=2;
  __s_Set_head_15_46L5_46L5[2] = __s_tmp_cond_elim_56_73L0_73L0;
  int __s_tmp_cond_elim_56_75L0_75L0=0;
  int __s_pac67_76L0_76L0=3;
  __s_tmp_cond_elim_56_75L0_75L0 = null;
  int __s_pac68_76L1_76L1=3;
  __s_Set_head_15_46L5_46L5[3] = __s_tmp_cond_elim_56_75L0_75L0;
  int __s_tmp_cond_elim_56_77L0_77L0=0;
  int __s_pac67_78L0_78L0=4;
  __s_tmp_cond_elim_56_77L0_77L0 = null;
  int __s_pac68_78L1_78L1=4;
  __s_Set_head_15_46L5_46L5[4] = __s_tmp_cond_elim_56_77L0_77L0;
  int __s_tmp_cond_elim_56_79L0_79L0=0;
  int __s_pac67_80L0_80L0=5;
  __s_tmp_cond_elim_56_79L0_79L0 = null;
  int __s_pac68_80L1_80L1=5;
  __s_Set_head_15_46L5_46L5[5] = __s_tmp_cond_elim_56_79L0_79L0;
  int __s_tmp_cond_elim_56_81L0_81L0=0;
  int __s_pac67_82L0_82L0=6;
  __s_tmp_cond_elim_56_81L0_81L0 = null;
  int __s_pac68_82L1_82L1=6;
  __s_Set_head_15_46L5_46L5[6] = __s_tmp_cond_elim_56_81L0_81L0;
  int __s_tmp_cond_elim_56_83L0_83L0=0;
  int __s_pac67_84L0_84L0=7;
  __s_tmp_cond_elim_56_83L0_83L0 = null;
  int __s_pac68_84L1_84L1=7;
  __s_Set_head_15_46L5_46L5[7] = __s_tmp_cond_elim_56_83L0_83L0;
  int __s_tmp_cond_elim_56_85L0_85L0=0;
  int __s_pac67_86L0_86L0=8;
  __s_tmp_cond_elim_56_85L0_85L0 = null;
  int __s_pac68_86L1_86L1=8;
  __s_Set_head_15_46L5_46L5[8] = __s_tmp_cond_elim_56_85L0_85L0;
  int __s_tmp_cond_elim_56_87L0_87L0=0;
  int __s_pac67_88L0_88L0=9;
  __s_tmp_cond_elim_56_87L0_87L0 = null;
  int __s_pac68_88L1_88L1=9;
  __s_Set_head_15_46L5_46L5[9] = __s_tmp_cond_elim_56_87L0_87L0;
  _out_1L0_1L0_1L0_1L0 = 0;
  bit _has_out__3L0_3L0_89L0_89L0=0;
  int S_4L1_4L1_90L1_90L1=0;
  int _ret_0_4L2_4L2_90L2_90L2=0;
  int negInf_7L0_6L0_92L0_92L0=-1;
  int posInf_7L1_6L1_92L1_92L1=6;
  int _out_7L2_6L2_92L2_92L2=0;
  bit _has_out__8L0_7L0_93L0_93L0=0;
  int S_8L1_7L1_93L1_93L1=0;
  int __s_tmp_new_Set_7_7L2_93L2_93L2=0;
  atomic
  {
    __s_tmp_new_Set_7_7L2_93L2_93L2 = 0;
    __s_Set_nextInstance_14_46L3_46L3 = 1;
  }
  S_8L1_7L1_93L1_93L1 = 0;
  int _ret_0_8L2_8L3_94L3_94L3=null;
  int _ret_1_8L3_8L4_94L4_94L4=0;
  int key_11L0_10L0_96L0_96L0=6;
  int next_11L1_10L1_96L1_96L1=_ret_0_8L2_8L3_94L3_94L3;
  int _out_11L2_10L2_96L2_96L2=0;
  bit _has_out__12L0_11L0_97L0_97L0=0;
  int n_12L1_11L1_97L1_97L1=0;
  int __s_tmp_new_Node_8_11L2_97L2_97L2=0;
  atomic
  {
    __s_tmp_new_Node_8_11L2_97L2_97L2 = 0;
  }
  n_12L1_11L1_97L1_97L1 = 0;
  int __s_pac69_99L0_99L0=0;
  __s_Node_key_12_4L1_4L1[0] = 6;
  int __s_pac70_100L0_100L0=0;
  __s_Node_next_13_4L2_4L2[0] = _ret_0_8L2_8L3_94L3_94L3;
  _out_11L2_10L2_96L2_96L2 = 0;
  _has_out__12L0_11L0_97L0_97L0 = 1;
  _ret_1_8L3_8L4_94L4_94L4 = 0;
  int __s_pac71_102L0_102L0=0;
  __s_Set_tail_16_46L4_46L4[0] = 0;
  int _ret_2_16L4_16L5_102L5_102L5=0;
  int __s_pac72_102L6_102L6=0;
  _ret_2_16L4_16L5_102L5_102L5 = __s_Set_tail_16_46L4_46L4[0];
  int _ret_3_16L5_16L6_102L7_102L7=0;
  int key_19L0_18L0_104L0_104L0=-1;
  int next_19L1_18L1_104L1_104L1=0;
  int _out_19L2_18L2_104L2_104L2=0;
  bit _has_out__20L0_19L0_105L0_105L0=0;
  int n_20L1_19L1_105L1_105L1=0;
  int __s_tmp_new_Node_9_19L2_105L2_105L2=0;
  atomic
  {
    __s_tmp_new_Node_9_19L2_105L2_105L2 = 1;
    __s_Node_nextInstance_11_4L0_4L0 = 2;
  }
  n_20L1_19L1_105L1_105L1 = 1;
  int __s_pac73_107L0_107L0=1;
  __s_Node_key_12_4L1_4L1[1] = -1;
  int __s_pac74_108L0_108L0=1;
  __s_Node_next_13_4L2_4L2[1] = 0;
  _out_19L2_18L2_104L2_104L2 = 1;
  _has_out__20L0_19L0_105L0_105L0 = 1;
  _ret_3_16L5_16L6_102L7_102L7 = 1;
  int __s_pac75_110L0_110L0=0;
  __s_Set_head_15_46L5_46L5[0] = 1;
  _out_7L2_6L2_92L2_92L2 = 0;
  _has_out__8L0_7L0_93L0_93L0 = 1;
  _ret_0_4L2_4L2_90L2_90L2 = 0;
  S_4L1_4L1_90L1_90L1 = 0;
  bit[4] removed_25L3_25L3_111L3_111L3={0,0,0,0};
  int __s_pac76_113L0_113L0=0;
  removed_25L3_25L3_111L3_111L3[0] = 0;
  int __s_pac76_114L0_114L0=1;
  removed_25L3_25L3_111L3_111L3[1] = 0;
  int __s_pac76_115L0_115L0=2;
  removed_25L3_25L3_111L3_111L3[2] = 0;
  int __s_pac76_116L0_116L0=3;
  removed_25L3_25L3_111L3_111L3[3] = 0;
  bit _ret_1_25L4_25L4_116L4_116L4=0;
  int S_120L1_28L0_118L0_118L0=0;
  int key_120L2_28L1_118L1_118L1=6;
  bit _out_120L3_28L2_118L2_118L2=0;
  bit _has_out__122L0_29L0_119L0_119L0=0;
  int prev_122L1_29L1_119L1_119L1=0; int cur_122L2_29L2_119L2_119L2=0;
  bit ret_122L3_29L3_119L3_119L3=0;
  int S_193L6_32L0_121L0_121L0=0;
  int key_193L6_32L1_121L1_121L1=6;
  int prev_193L6_32L2_121L2_121L2=0;
  int cur_193L7_32L3_121L3_121L3=0;
  bit _has_out__195L0_33L0_122L0_122L0=0;
  prev_193L6_32L2_121L2_121L2 = null;
  int __s_pac77_124L0_124L0=0;
  cur_193L7_32L3_121L3_121L3 = __s_Set_head_15_46L5_46L5[0];
  int _ret_0_197L1_35L1_124L1_124L1=1;
  atomic(1)
  {
    _lock_3L0_3L0[1] = -1;
  }
  for(int i_200L0_38L0_128L0_128L0=0;(i_200L0_38L0_128L0_128L0)<(6);i_200L0_38L0_128L0_128L0 = (i_200L0_38L0_128L0_128L0)+(1))
  {
    if((__s_Node_key_12_4L1_4L1[cur_193L7_32L3_121L3_121L3])<(6))
    {
      bit[4] __sa3_945L0_745L0_891L0_315L0={0,0,0,0};
      __sa3_945L0_745L0_891L0_315L0[0] = 0;
      __sa3_945L0_745L0_891L0_315L0[1] = 0;
      __sa3_945L0_745L0_891L0_315L0[2] = 0;
      __sa3_945L0_745L0_891L0_315L0[3] = 0;
      int __s_tmp_cond_elim_0_965L0_764L0_916L0_336L0=__s_Node_next_13_4L2_4L2[cur_193L7_32L3_121L3_121L3];
      int __s_tmp_cond_elim_0_982L0_780L0_932L0_347L0=__s_Node_next_13_4L2_4L2[cur_193L7_32L3_121L3_121L3];
      boolean __s_tmp_cond_elim_1_986L0_784L0_936L0_350L0=(__s_tmp_cond_elim_0_965L0_764L0_916L0_336L0)==(__s_tmp_cond_elim_0_982L0_780L0_932L0_347L0);
      if(__s_tmp_cond_elim_1_986L0_784L0_936L0_350L0)
      {
        int __s_tmp_cond_elim_0_1005L0_802L0_954L0_363L0=__s_Node_next_13_4L2_4L2[cur_193L7_32L3_121L3_121L3];
        int _ret_4_1008L2_805L2_957L2_365L2=((((int)__s_tmp_cond_elim_0_1005L0_802L0_954L0_363L0))*(1))+(0);
        atomic((_lock_3L0_3L0[_ret_4_1008L2_805L2_957L2_365L2])==(0))
        {
          _lock_3L0_3L0[_ret_4_1008L2_805L2_957L2_365L2] = -1;
        }
      }
      __sa3_945L0_745L0_891L0_315L0[0] = 1;
      if((prev_193L6_32L2_121L2_121L2)!=(null))
      {
        int _ret_6_1121L2_912L2_1071L2_384L2=((((int)prev_193L6_32L2_121L2_121L2))*(1))+(0);
        atomic
        {
          _lock_3L0_3L0[_ret_6_1121L2_912L2_1071L2_384L2] = 0;
        }
      }
      __sa3_945L0_745L0_891L0_315L0[1] = 1;
      prev_193L6_32L2_121L2_121L2 = cur_193L7_32L3_121L3_121L3;
      __sa3_945L0_745L0_891L0_315L0[2] = 1;
      cur_193L7_32L3_121L3_121L3 = __s_Node_next_13_4L2_4L2[cur_193L7_32L3_121L3_121L3];
      __sa3_945L0_745L0_891L0_315L0[3] = 1;
    }
  }
  prev_122L1_29L1_119L1_119L1 = prev_193L6_32L2_121L2_121L2;
  cur_122L2_29L2_119L2_119L2 = cur_193L7_32L3_121L3_121L3;
  int __s_pac147_1265L4_401L4=cur_193L7_32L3_121L3_121L3;
  if((6)<(__s_Node_key_12_4L1_4L1[cur_193L7_32L3_121L3_121L3]))
  {
    atomic
    {
      __s_Node_nextInstance_11_4L0_4L0 = 3;
    }
    __s_Node_key_12_4L1_4L1[2] = 6;
    __s_Node_next_13_4L2_4L2[2] = cur_193L7_32L3_121L3_121L3;
    __s_Node_next_13_4L2_4L2[prev_193L6_32L2_121L2_121L2] = 2;
    ret_122L3_29L3_119L3_119L3 = 1;
  }
  else
  {
    ret_122L3_29L3_119L3_119L3 = 0;
  }
  int _ret_1_135L4_1103L4_1277L5_413L5=((((int)prev_193L6_32L2_121L2_121L2))*(1))+(0);
  atomic
  {
    _lock_3L0_3L0[_ret_1_135L4_1103L4_1277L5_413L5] = 0;
  }
  int _ret_2_136L5_1104L5_1279L6_415L6=((((int)cur_193L7_32L3_121L3_121L3))*(1))+(0);
  atomic
  {
    _lock_3L0_3L0[_ret_2_136L5_1104L5_1279L6_415L6] = 0;
  }
  _out_120L3_28L2_118L2_118L2 = ret_122L3_29L3_119L3_119L3;
  _has_out__122L0_29L0_119L0_119L0 = 1;
  _ret_1_25L4_25L4_116L4_116L4 = ret_122L3_29L3_119L3_119L3;
  bit _ret_2_27L5_1107L5_1283L5_419L5=0;
  int S_138L3_1110L0_1285L0_421L0=0;
  int key_138L3_1110L1_1285L1_421L1=1;
  bit _out_138L3_1110L2_1285L2_421L2=0;
  bit _has_out__140L0_1111L0_1286L0_422L0=0;
  int prev_140L1_1111L1_1286L1_422L1=0; int cur_140L2_1111L2_1286L2_422L2=0;
  bit ret_140L3_1111L3_1286L3_422L3=0;
  int S_193L6_1114L0_1288L0_424L0=0;
  int key_193L6_1114L1_1288L1_424L1=1;
  int prev_193L6_1114L2_1288L2_424L2=0;
  int cur_193L7_1114L3_1288L3_424L3=0;
  bit _has_out__195L0_1115L0_1289L0_425L0=0;
  prev_193L6_1114L2_1288L2_424L2 = null;
  int __s_pac151_1291L0_427L0=0;
  cur_193L7_1114L3_1288L3_424L3 = __s_Set_head_15_46L5_46L5[0];
  int _ret_0_197L1_1117L1_1291L1_427L1=1;
  atomic((_lock_3L0_3L0[1])==(0))
  {
    _lock_3L0_3L0[1] = -1;
  }
  for(int i_200L0_1120L0_1295L0_431L0=0;(i_200L0_1120L0_1295L0_431L0)<(6);i_200L0_1120L0_1295L0_431L0 = (i_200L0_1120L0_1295L0_431L0)+(1))
  {
    if((__s_Node_key_12_4L1_4L1[cur_193L7_1114L3_1288L3_424L3])<(1))
    {
      bit[4] __sa3_945L0_1827L0_2058L0_618L0={0,0,0,0};
      __sa3_945L0_1827L0_2058L0_618L0[0] = 0;
      __sa3_945L0_1827L0_2058L0_618L0[1] = 0;
      __sa3_945L0_1827L0_2058L0_618L0[2] = 0;
      __sa3_945L0_1827L0_2058L0_618L0[3] = 0;
      int __s_tmp_cond_elim_0_965L0_1846L0_2083L0_639L0=__s_Node_next_13_4L2_4L2[cur_193L7_1114L3_1288L3_424L3];
      int __s_tmp_cond_elim_0_982L0_1862L0_2099L0_650L0=__s_Node_next_13_4L2_4L2[cur_193L7_1114L3_1288L3_424L3];
      boolean __s_tmp_cond_elim_1_986L0_1866L0_2103L0_653L0=(__s_tmp_cond_elim_0_965L0_1846L0_2083L0_639L0)==(__s_tmp_cond_elim_0_982L0_1862L0_2099L0_650L0);
      if(__s_tmp_cond_elim_1_986L0_1866L0_2103L0_653L0)
      {
        int __s_tmp_cond_elim_0_1005L0_1884L0_2121L0_666L0=__s_Node_next_13_4L2_4L2[cur_193L7_1114L3_1288L3_424L3];
        int _ret_4_1008L2_1887L2_2124L2_668L2=((((int)__s_tmp_cond_elim_0_1005L0_1884L0_2121L0_666L0))*(1))+(0);
        atomic((_lock_3L0_3L0[_ret_4_1008L2_1887L2_2124L2_668L2])==(0))
        {
          _lock_3L0_3L0[_ret_4_1008L2_1887L2_2124L2_668L2] = -1;
        }
      }
      __sa3_945L0_1827L0_2058L0_618L0[0] = 1;
      if((prev_193L6_1114L2_1288L2_424L2)!=(null))
      {
        int _ret_6_1121L2_1994L2_2238L2_687L2=((((int)prev_193L6_1114L2_1288L2_424L2))*(1))+(0);
        atomic
        {
          _lock_3L0_3L0[_ret_6_1121L2_1994L2_2238L2_687L2] = 0;
        }
      }
      __sa3_945L0_1827L0_2058L0_618L0[1] = 1;
      prev_193L6_1114L2_1288L2_424L2 = cur_193L7_1114L3_1288L3_424L3;
      __sa3_945L0_1827L0_2058L0_618L0[2] = 1;
      cur_193L7_1114L3_1288L3_424L3 = __s_Node_next_13_4L2_4L2[cur_193L7_1114L3_1288L3_424L3];
      __sa3_945L0_1827L0_2058L0_618L0[3] = 1;
    }
  }
  prev_140L1_1111L1_1286L1_422L1 = prev_193L6_1114L2_1288L2_424L2;
  cur_140L2_1111L2_1286L2_422L2 = cur_193L7_1114L3_1288L3_424L3;
  int __s_pac221_2432L4_704L4=cur_193L7_1114L3_1288L3_424L3;
  if((1)==(__s_Node_key_12_4L1_4L1[cur_193L7_1114L3_1288L3_424L3]))
  {
    __s_Node_next_13_4L2_4L2[prev_193L6_1114L2_1288L2_424L2] = __s_Node_next_13_4L2_4L2[cur_193L7_1114L3_1288L3_424L3];
    ret_140L3_1111L3_1286L3_422L3 = 1;
  }
  else
  {
    ret_140L3_1111L3_1286L3_422L3 = 0;
  }
  int _ret_0_146L4_2178L4_2437L5_709L5=((((int)prev_193L6_1114L2_1288L2_424L2))*(1))+(0);
  atomic
  {
    _lock_3L0_3L0[_ret_0_146L4_2178L4_2437L5_709L5] = 0;
  }
  int _ret_1_147L5_2179L5_2439L6_711L6=((((int)cur_193L7_1114L3_1288L3_424L3))*(1))+(0);
  atomic
  {
    _lock_3L0_3L0[_ret_1_147L5_2179L5_2439L6_711L6] = 0;
  }
  _out_138L3_1110L2_1285L2_421L2 = ret_140L3_1111L3_1286L3_422L3;
  _has_out__140L0_1111L0_1286L0_422L0 = 1;
  _ret_2_27L5_1107L5_1283L5_419L5 = ret_140L3_1111L3_1286L3_422L3;
  bit _ret_3_29L6_2182L6_2443L6_715L6=0;
  int S_120L1_2185L0_2445L0_717L0=0;
  int key_120L2_2185L1_2445L1_717L1=1;
  bit _out_120L3_2185L2_2445L2_717L2=0;
  bit _has_out__122L0_2186L0_2446L0_718L0=0;
  int prev_122L1_2186L1_2446L1_718L1=0; int cur_122L2_2186L2_2446L2_718L2=0;
  bit ret_122L3_2186L3_2446L3_718L3=0;
  int S_193L6_2189L0_2448L0_720L0=0;
  int key_193L6_2189L1_2448L1_720L1=1;
  int prev_193L6_2189L2_2448L2_720L2=0;
  int cur_193L7_2189L3_2448L3_720L3=0;
  bit _has_out__195L0_2190L0_2449L0_721L0=0;
  prev_193L6_2189L2_2448L2_720L2 = null;
  int __s_pac224_2451L0_723L0=0;
  cur_193L7_2189L3_2448L3_720L3 = __s_Set_head_15_46L5_46L5[0];
  int _ret_0_197L1_2192L1_2451L1_723L1=1;
  atomic((_lock_3L0_3L0[1])==(0))
  {
    _lock_3L0_3L0[1] = -1;
  }
  for(int i_200L0_2195L0_2455L0_727L0=0;(i_200L0_2195L0_2455L0_727L0)<(6);i_200L0_2195L0_2455L0_727L0 = (i_200L0_2195L0_2455L0_727L0)+(1))
  {
    if((__s_Node_key_12_4L1_4L1[cur_193L7_2189L3_2448L3_720L3])<(1))
    {
      bit[4] __sa3_945L0_2902L0_3218L0_914L0={0,0,0,0};
      __sa3_945L0_2902L0_3218L0_914L0[0] = 0;
      __sa3_945L0_2902L0_3218L0_914L0[1] = 0;
      __sa3_945L0_2902L0_3218L0_914L0[2] = 0;
      __sa3_945L0_2902L0_3218L0_914L0[3] = 0;
      int __s_tmp_cond_elim_0_965L0_2921L0_3243L0_935L0=__s_Node_next_13_4L2_4L2[cur_193L7_2189L3_2448L3_720L3];
      int __s_tmp_cond_elim_0_982L0_2937L0_3259L0_946L0=__s_Node_next_13_4L2_4L2[cur_193L7_2189L3_2448L3_720L3];
      boolean __s_tmp_cond_elim_1_986L0_2941L0_3263L0_949L0=(__s_tmp_cond_elim_0_965L0_2921L0_3243L0_935L0)==(__s_tmp_cond_elim_0_982L0_2937L0_3259L0_946L0);
      if(__s_tmp_cond_elim_1_986L0_2941L0_3263L0_949L0)
      {
        int __s_tmp_cond_elim_0_1005L0_2959L0_3281L0_962L0=__s_Node_next_13_4L2_4L2[cur_193L7_2189L3_2448L3_720L3];
        int _ret_4_1008L2_2962L2_3284L2_964L2=((((int)__s_tmp_cond_elim_0_1005L0_2959L0_3281L0_962L0))*(1))+(0);
        atomic((_lock_3L0_3L0[_ret_4_1008L2_2962L2_3284L2_964L2])==(0))
        {
          _lock_3L0_3L0[_ret_4_1008L2_2962L2_3284L2_964L2] = -1;
        }
      }
      __sa3_945L0_2902L0_3218L0_914L0[0] = 1;
      if((prev_193L6_2189L2_2448L2_720L2)!=(null))
      {
        int _ret_6_1121L2_3069L2_3398L2_983L2=((((int)prev_193L6_2189L2_2448L2_720L2))*(1))+(0);
        atomic
        {
          _lock_3L0_3L0[_ret_6_1121L2_3069L2_3398L2_983L2] = 0;
        }
      }
      __sa3_945L0_2902L0_3218L0_914L0[1] = 1;
      prev_193L6_2189L2_2448L2_720L2 = cur_193L7_2189L3_2448L3_720L3;
      __sa3_945L0_2902L0_3218L0_914L0[2] = 1;
      cur_193L7_2189L3_2448L3_720L3 = __s_Node_next_13_4L2_4L2[cur_193L7_2189L3_2448L3_720L3];
      __sa3_945L0_2902L0_3218L0_914L0[3] = 1;
    }
  }
  prev_122L1_2186L1_2446L1_718L1 = prev_193L6_2189L2_2448L2_720L2;
  cur_122L2_2186L2_2446L2_718L2 = cur_193L7_2189L3_2448L3_720L3;
  int __s_pac294_3592L4_1000L4=cur_193L7_2189L3_2448L3_720L3;
  if((1)<(__s_Node_key_12_4L1_4L1[cur_193L7_2189L3_2448L3_720L3]))
  {
    int __s_tmp_new_Node_10_3253L2_3597L2_1005L2=0;
    atomic
    {
      __s_tmp_new_Node_10_3253L2_3597L2_1005L2 = __s_Node_nextInstance_11_4L0_4L0;
      __s_Node_nextInstance_11_4L0_4L0 = (__s_Node_nextInstance_11_4L0_4L0)+(1);
    }
    __s_Node_key_12_4L1_4L1[__s_tmp_new_Node_10_3253L2_3597L2_1005L2] = 1;
    __s_Node_next_13_4L2_4L2[__s_tmp_new_Node_10_3253L2_3597L2_1005L2] = cur_193L7_2189L3_2448L3_720L3;
    __s_Node_next_13_4L2_4L2[prev_193L6_2189L2_2448L2_720L2] = __s_tmp_new_Node_10_3253L2_3597L2_1005L2;
    ret_122L3_2186L3_2446L3_718L3 = 1;
  }
  else
  {
    ret_122L3_2186L3_2446L3_718L3 = 0;
  }
  int _ret_1_135L4_3260L4_3604L5_1012L5=((((int)prev_193L6_2189L2_2448L2_720L2))*(1))+(0);
  atomic
  {
    _lock_3L0_3L0[_ret_1_135L4_3260L4_3604L5_1012L5] = 0;
  }
  int _ret_2_136L5_3261L5_3606L6_1014L6=((((int)cur_193L7_2189L3_2448L3_720L3))*(1))+(0);
  atomic
  {
    _lock_3L0_3L0[_ret_2_136L5_3261L5_3606L6_1014L6] = 0;
  }
  _out_120L3_2185L2_2445L2_717L2 = ret_122L3_2186L3_2446L3_718L3;
  _has_out__122L0_2186L0_2446L0_718L0 = 1;
  _ret_3_29L6_2182L6_2443L6_715L6 = ret_122L3_2186L3_2446L3_718L3;
  bit _ret_4_31L7_3264L7_3610L7_1018L7=0;
  int S_138L3_3267L0_3612L0_1020L0=0;
  int key_138L3_3267L1_3612L1_1020L1=1;
  bit _out_138L3_3267L2_3612L2_1020L2=0;
  bit _has_out__140L0_3268L0_3613L0_1021L0=0;
  int prev_140L1_3268L1_3613L1_1021L1=0; int cur_140L2_3268L2_3613L2_1021L2=0;
  bit ret_140L3_3268L3_3613L3_1021L3=0;
  int S_193L6_3271L0_3615L0_1023L0=0;
  int key_193L6_3271L1_3615L1_1023L1=1;
  int prev_193L6_3271L2_3615L2_1023L2=0;
  int cur_193L7_3271L3_3615L3_1023L3=0;
  bit _has_out__195L0_3272L0_3616L0_1024L0=0;
  prev_193L6_3271L2_3615L2_1023L2 = null;
  int __s_pac298_3618L0_1026L0=0;
  cur_193L7_3271L3_3615L3_1023L3 = __s_Set_head_15_46L5_46L5[0];
  int _ret_0_197L1_3274L1_3618L1_1026L1=1;
  atomic((_lock_3L0_3L0[1])==(0))
  {
    _lock_3L0_3L0[1] = -1;
  }
  for(int i_200L0_3277L0_3622L0_1030L0=0;(i_200L0_3277L0_3622L0_1030L0)<(6);i_200L0_3277L0_3622L0_1030L0 = (i_200L0_3277L0_3622L0_1030L0)+(1))
  {
    if((__s_Node_key_12_4L1_4L1[cur_193L7_3271L3_3615L3_1023L3])<(1))
    {
      bit[4] __sa3_945L0_3984L0_4385L0_1217L0={0,0,0,0};
      __sa3_945L0_3984L0_4385L0_1217L0[0] = 0;
      __sa3_945L0_3984L0_4385L0_1217L0[1] = 0;
      __sa3_945L0_3984L0_4385L0_1217L0[2] = 0;
      __sa3_945L0_3984L0_4385L0_1217L0[3] = 0;
      int __s_tmp_cond_elim_0_965L0_4003L0_4410L0_1238L0=__s_Node_next_13_4L2_4L2[cur_193L7_3271L3_3615L3_1023L3];
      int __s_tmp_cond_elim_0_982L0_4019L0_4426L0_1249L0=__s_Node_next_13_4L2_4L2[cur_193L7_3271L3_3615L3_1023L3];
      boolean __s_tmp_cond_elim_1_986L0_4023L0_4430L0_1252L0=(__s_tmp_cond_elim_0_965L0_4003L0_4410L0_1238L0)==(__s_tmp_cond_elim_0_982L0_4019L0_4426L0_1249L0);
      if(__s_tmp_cond_elim_1_986L0_4023L0_4430L0_1252L0)
      {
        int __s_tmp_cond_elim_0_1005L0_4041L0_4448L0_1265L0=__s_Node_next_13_4L2_4L2[cur_193L7_3271L3_3615L3_1023L3];
        int _ret_4_1008L2_4044L2_4451L2_1267L2=((((int)__s_tmp_cond_elim_0_1005L0_4041L0_4448L0_1265L0))*(1))+(0);
        atomic((_lock_3L0_3L0[_ret_4_1008L2_4044L2_4451L2_1267L2])==(0))
        {
          _lock_3L0_3L0[_ret_4_1008L2_4044L2_4451L2_1267L2] = -1;
        }
      }
      __sa3_945L0_3984L0_4385L0_1217L0[0] = 1;
      if((prev_193L6_3271L2_3615L2_1023L2)!=(null))
      {
        int _ret_6_1121L2_4151L2_4565L2_1286L2=((((int)prev_193L6_3271L2_3615L2_1023L2))*(1))+(0);
        atomic
        {
          _lock_3L0_3L0[_ret_6_1121L2_4151L2_4565L2_1286L2] = 0;
        }
      }
      __sa3_945L0_3984L0_4385L0_1217L0[1] = 1;
      prev_193L6_3271L2_3615L2_1023L2 = cur_193L7_3271L3_3615L3_1023L3;
      __sa3_945L0_3984L0_4385L0_1217L0[2] = 1;
      cur_193L7_3271L3_3615L3_1023L3 = __s_Node_next_13_4L2_4L2[cur_193L7_3271L3_3615L3_1023L3];
      __sa3_945L0_3984L0_4385L0_1217L0[3] = 1;
    }
  }
  prev_140L1_3268L1_3613L1_1021L1 = prev_193L6_3271L2_3615L2_1023L2;
  cur_140L2_3268L2_3613L2_1021L2 = cur_193L7_3271L3_3615L3_1023L3;
  int __s_pac368_4759L4_1303L4=cur_193L7_3271L3_3615L3_1023L3;
  if((1)==(__s_Node_key_12_4L1_4L1[cur_193L7_3271L3_3615L3_1023L3]))
  {
    __s_Node_next_13_4L2_4L2[prev_193L6_3271L2_3615L2_1023L2] = __s_Node_next_13_4L2_4L2[cur_193L7_3271L3_3615L3_1023L3];
    ret_140L3_3268L3_3613L3_1021L3 = 1;
  }
  else
  {
    ret_140L3_3268L3_3613L3_1021L3 = 0;
  }
  int _ret_0_146L4_4335L4_4764L5_1308L5=((((int)prev_193L6_3271L2_3615L2_1023L2))*(1))+(0);
  atomic
  {
    _lock_3L0_3L0[_ret_0_146L4_4335L4_4764L5_1308L5] = 0;
  }
  int _ret_1_147L5_4336L5_4766L6_1310L6=((((int)cur_193L7_3271L3_3615L3_1023L3))*(1))+(0);
  atomic
  {
    _lock_3L0_3L0[_ret_1_147L5_4336L5_4766L6_1310L6] = 0;
  }
  _out_138L3_3267L2_3612L2_1020L2 = ret_140L3_3268L3_3613L3_1021L3;
  _has_out__140L0_3268L0_3613L0_1021L0 = 1;
  _ret_4_31L7_3264L7_3610L7_1018L7 = ret_140L3_3268L3_3613L3_1021L3;
  bit _ret_5_33L8_4339L8_4770L8_1314L8=0;
  int S_149L3_4342L0_4772L0_1316L0=0;
  bit _out_149L3_4342L1_4772L1_1316L1=0;
  bit _has_out__151L0_4343L0_4773L0_1317L0=0;
  int __s_pac372_4774L0_1318L0=0;
  int __s_pac371_4774L1_1318L1=__s_Set_tail_16_46L4_46L4[0];
  int __s_pac374_4775L0_1319L0=0;
  int __s_pac373_4775L1_1319L1=__s_Set_head_15_46L5_46L5[0];
  int __s_pac375_4775L2_1319L2=0;
  _out_149L3_4342L1_4772L1_1316L1 = (__s_Node_next_13_4L2_4L2[1])==(__s_Set_tail_16_46L4_46L4[0]);
  _has_out__151L0_4343L0_4773L0_1317L0 = 1;
  _ret_5_33L8_4339L8_4770L8_1314L8 = _out_149L3_4342L1_4772L1_1316L1;
  fork(int i_37L0_4348L0_4778L0_1322L0; 2)
  {
    if(((i_37L0_4348L0_4778L0_1322L0)%(2))==(0))
    {
      for(int j_43L0_4354L0_4784L0_1329L0=0;(j_43L0_4354L0_4784L0_1329L0)<(2);j_43L0_4354L0_4784L0_1329L0 = (j_43L0_4354L0_4784L0_1329L0)+(1))
      {
        int key_55L0_6526L0_7126L0_1943L0=(j_43L0_4354L0_4784L0_1329L0)+(((i_37L0_4348L0_4778L0_1322L0)/(2))*(2));
        int prev_193L6_6534L2_7132L2_1949L2=0;
        int cur_193L7_6534L3_7132L3_1949L3;
        prev_193L6_6534L2_7132L2_1949L2 = null;
        cur_193L7_6534L3_7132L3_1949L3 = __s_Set_head_15_46L5_46L5[0];
        int _ret_0_197L1_6537L1_7135L1_1952L1=((((int)cur_193L7_6534L3_7132L3_1949L3))*(1))+(0);
        atomic((_lock_3L0_3L0[_ret_0_197L1_6537L1_7135L1_1952L1])==(0))
        {
          _lock_3L0_3L0[_ret_0_197L1_6537L1_7135L1_1952L1] = (i_37L0_4348L0_4778L0_1322L0)+(1);
        }
        for(int i_200L0_6540L0_7139L0_1956L0=0;(i_200L0_6540L0_7139L0_1956L0)<(6);i_200L0_6540L0_7139L0_1956L0 = (i_200L0_6540L0_7139L0_1956L0)+(1))
        {
          if((__s_Node_key_12_4L1_4L1[cur_193L7_6534L3_7132L3_1949L3])<(key_55L0_6526L0_7126L0_1943L0))
          {
            bit[4] __sa3_945L0_7247L0_7902L0_2143L0={0,0,0,0};
            __sa3_945L0_7247L0_7902L0_2143L0[0] = 0;
            __sa3_945L0_7247L0_7902L0_2143L0[1] = 0;
            __sa3_945L0_7247L0_7902L0_2143L0[2] = 0;
            __sa3_945L0_7247L0_7902L0_2143L0[3] = 0;
            int __s_tmp_cond_elim_0_965L0_7266L0_7927L0_2164L0=__s_Node_next_13_4L2_4L2[cur_193L7_6534L3_7132L3_1949L3];
            int __s_tmp_cond_elim_0_982L0_7282L0_7943L0_2175L0=__s_Node_next_13_4L2_4L2[cur_193L7_6534L3_7132L3_1949L3];
            boolean __s_tmp_cond_elim_1_986L0_7286L0_7947L0_2178L0=(__s_tmp_cond_elim_0_965L0_7266L0_7927L0_2164L0)==(__s_tmp_cond_elim_0_982L0_7282L0_7943L0_2175L0);
            if(__s_tmp_cond_elim_1_986L0_7286L0_7947L0_2178L0)
            {
              int __s_tmp_cond_elim_0_1005L0_7304L0_7965L0_2191L0=__s_Node_next_13_4L2_4L2[cur_193L7_6534L3_7132L3_1949L3];
              int _ret_4_1008L2_7307L2_7968L2_2193L2=((((int)__s_tmp_cond_elim_0_1005L0_7304L0_7965L0_2191L0))*(1))+(0);
              atomic((_lock_3L0_3L0[_ret_4_1008L2_7307L2_7968L2_2193L2])==(0))
              {
                _lock_3L0_3L0[_ret_4_1008L2_7307L2_7968L2_2193L2] = (i_37L0_4348L0_4778L0_1322L0)+(1);
              }
            }
            __sa3_945L0_7247L0_7902L0_2143L0[0] = 1;
            if((prev_193L6_6534L2_7132L2_1949L2)!=(null))
            {
              int _ret_6_1121L2_7414L2_8082L2_2212L2=((((int)prev_193L6_6534L2_7132L2_1949L2))*(1))+(0);
              atomic
              {
                _lock_3L0_3L0[_ret_6_1121L2_7414L2_8082L2_2212L2] = 0;
              }
            }
            __sa3_945L0_7247L0_7902L0_2143L0[1] = 1;
            prev_193L6_6534L2_7132L2_1949L2 = cur_193L7_6534L3_7132L3_1949L3;
            __sa3_945L0_7247L0_7902L0_2143L0[2] = 1;
            cur_193L7_6534L3_7132L3_1949L3 = __s_Node_next_13_4L2_4L2[cur_193L7_6534L3_7132L3_1949L3];
            __sa3_945L0_7247L0_7902L0_2143L0[3] = 1;
          }
        }
        if((key_55L0_6526L0_7126L0_1943L0)<(__s_Node_key_12_4L1_4L1[cur_193L7_6534L3_7132L3_1949L3]))
        {
          int __s_tmp_new_Node_10_7598L2_8281L2_2234L2=0;
          atomic
          {
            __s_tmp_new_Node_10_7598L2_8281L2_2234L2 = __s_Node_nextInstance_11_4L0_4L0;
            __s_Node_nextInstance_11_4L0_4L0 = (__s_Node_nextInstance_11_4L0_4L0)+(1);
          }
          __s_Node_key_12_4L1_4L1[__s_tmp_new_Node_10_7598L2_8281L2_2234L2] = key_55L0_6526L0_7126L0_1943L0;
          __s_Node_next_13_4L2_4L2[__s_tmp_new_Node_10_7598L2_8281L2_2234L2] = cur_193L7_6534L3_7132L3_1949L3;
          __s_Node_next_13_4L2_4L2[prev_193L6_6534L2_7132L2_1949L2] = __s_tmp_new_Node_10_7598L2_8281L2_2234L2;
        }
        int _ret_1_135L4_7605L4_8288L5_2241L5=((((int)prev_193L6_6534L2_7132L2_1949L2))*(1))+(0);
        atomic
        {
          _lock_3L0_3L0[_ret_1_135L4_7605L4_8288L5_2241L5] = 0;
        }
        int _ret_2_136L5_7606L5_8290L6_2243L6=((((int)cur_193L7_6534L3_7132L3_1949L3))*(1))+(0);
        atomic
        {
          _lock_3L0_3L0[_ret_2_136L5_7606L5_8290L6_2243L6] = 0;
        }
      }
    }
    else
    {
      for(int j_62L0_7613L0_8298L0_2251L0=0;(j_62L0_7613L0_8298L0_2251L0)<(2);j_62L0_7613L0_8298L0_2251L0 = (j_62L0_7613L0_8298L0_2251L0)+(1))
      {
        int key_72L0_9769L0_10624L0_2849L0=(j_62L0_7613L0_8298L0_2251L0)+(((i_37L0_4348L0_4778L0_1322L0)/(2))*(2));
        bit ret_140L3_9774L3_10628L3_2853L3=0;
        int prev_193L6_9777L2_10630L2_2855L2=0;
        int cur_193L7_9777L3_10630L3_2855L3;
        prev_193L6_9777L2_10630L2_2855L2 = null;
        cur_193L7_9777L3_10630L3_2855L3 = __s_Set_head_15_46L5_46L5[0];
        int _ret_0_197L1_9780L1_10633L1_2858L1=((((int)cur_193L7_9777L3_10630L3_2855L3))*(1))+(0);
        atomic((_lock_3L0_3L0[_ret_0_197L1_9780L1_10633L1_2858L1])==(0))
        {
          _lock_3L0_3L0[_ret_0_197L1_9780L1_10633L1_2858L1] = (i_37L0_4348L0_4778L0_1322L0)+(1);
        }
        for(int i_200L0_9783L0_10637L0_2862L0=0;(i_200L0_9783L0_10637L0_2862L0)<(6);i_200L0_9783L0_10637L0_2862L0 = (i_200L0_9783L0_10637L0_2862L0)+(1))
        {
          if((__s_Node_key_12_4L1_4L1[cur_193L7_9777L3_10630L3_2855L3])<(key_72L0_9769L0_10624L0_2849L0))
          {
            bit[4] __sa3_945L0_10490L0_11400L0_3049L0={0,0,0,0};
            __sa3_945L0_10490L0_11400L0_3049L0[0] = 0;
            __sa3_945L0_10490L0_11400L0_3049L0[1] = 0;
            __sa3_945L0_10490L0_11400L0_3049L0[2] = 0;
            __sa3_945L0_10490L0_11400L0_3049L0[3] = 0;
            int __s_tmp_cond_elim_0_965L0_10509L0_11425L0_3070L0=__s_Node_next_13_4L2_4L2[cur_193L7_9777L3_10630L3_2855L3];
            int __s_tmp_cond_elim_0_982L0_10525L0_11441L0_3081L0=__s_Node_next_13_4L2_4L2[cur_193L7_9777L3_10630L3_2855L3];
            boolean __s_tmp_cond_elim_1_986L0_10529L0_11445L0_3084L0=(__s_tmp_cond_elim_0_965L0_10509L0_11425L0_3070L0)==(__s_tmp_cond_elim_0_982L0_10525L0_11441L0_3081L0);
            if(__s_tmp_cond_elim_1_986L0_10529L0_11445L0_3084L0)
            {
              int __s_tmp_cond_elim_0_1005L0_10547L0_11463L0_3097L0=__s_Node_next_13_4L2_4L2[cur_193L7_9777L3_10630L3_2855L3];
              int _ret_4_1008L2_10550L2_11466L2_3099L2=((((int)__s_tmp_cond_elim_0_1005L0_10547L0_11463L0_3097L0))*(1))+(0);
              atomic((_lock_3L0_3L0[_ret_4_1008L2_10550L2_11466L2_3099L2])==(0))
              {
                _lock_3L0_3L0[_ret_4_1008L2_10550L2_11466L2_3099L2] = (i_37L0_4348L0_4778L0_1322L0)+(1);
              }
            }
            __sa3_945L0_10490L0_11400L0_3049L0[0] = 1;
            if((prev_193L6_9777L2_10630L2_2855L2)!=(null))
            {
              int _ret_6_1121L2_10657L2_11580L2_3118L2=((((int)prev_193L6_9777L2_10630L2_2855L2))*(1))+(0);
              atomic
              {
                _lock_3L0_3L0[_ret_6_1121L2_10657L2_11580L2_3118L2] = 0;
              }
            }
            __sa3_945L0_10490L0_11400L0_3049L0[1] = 1;
            prev_193L6_9777L2_10630L2_2855L2 = cur_193L7_9777L3_10630L3_2855L3;
            __sa3_945L0_10490L0_11400L0_3049L0[2] = 1;
            cur_193L7_9777L3_10630L3_2855L3 = __s_Node_next_13_4L2_4L2[cur_193L7_9777L3_10630L3_2855L3];
            __sa3_945L0_10490L0_11400L0_3049L0[3] = 1;
          }
        }
        if((key_72L0_9769L0_10624L0_2849L0)==(__s_Node_key_12_4L1_4L1[cur_193L7_9777L3_10630L3_2855L3]))
        {
          __s_Node_next_13_4L2_4L2[prev_193L6_9777L2_10630L2_2855L2] = __s_Node_next_13_4L2_4L2[cur_193L7_9777L3_10630L3_2855L3];
          ret_140L3_9774L3_10628L3_2853L3 = 1;
        }
        else
        {
          ret_140L3_9774L3_10628L3_2853L3 = 0;
        }
        int _ret_0_146L4_10841L4_11779L5_3140L5=((((int)prev_193L6_9777L2_10630L2_2855L2))*(1))+(0);
        atomic
        {
          _lock_3L0_3L0[_ret_0_146L4_10841L4_11779L5_3140L5] = 0;
        }
        int _ret_1_147L5_10842L5_11781L6_3142L6=((((int)cur_193L7_9777L3_10630L3_2855L3))*(1))+(0);
        atomic
        {
          _lock_3L0_3L0[_ret_1_147L5_10842L5_11781L6_3142L6] = 0;
        }
        removed_25L3_25L3_111L3_111L3[key_72L0_9769L0_10624L0_2849L0] = ret_140L3_9774L3_10628L3_2853L3;
      }
    }
  }
  for(int k_78L0_10889L0_11828L0_3189L0=0;(k_78L0_10889L0_11828L0_3189L0)<(2);k_78L0_10889L0_11828L0_3189L0 = (k_78L0_10889L0_11828L0_3189L0)+(1))
  {
    if(removed_25L3_25L3_111L3_111L3[k_78L0_10889L0_11828L0_3189L0])
    {
      int prev_193L6_17376L2_18823L2_5000L2=0;
      int cur_193L7_17376L3_18823L3_5000L3;
      prev_193L6_17376L2_18823L2_5000L2 = null;
      cur_193L7_17376L3_18823L3_5000L3 = __s_Set_head_15_46L5_46L5[0];
      int _ret_0_197L1_17379L1_18826L1_5003L1=((((int)cur_193L7_17376L3_18823L3_5000L3))*(1))+(0);
      atomic((_lock_3L0_3L0[_ret_0_197L1_17379L1_18826L1_5003L1])==(0))
      {
        _lock_3L0_3L0[_ret_0_197L1_17379L1_18826L1_5003L1] = -1;
      }
      for(int i_200L0_17382L0_18830L0_5007L0=0;(i_200L0_17382L0_18830L0_5007L0)<(6);i_200L0_17382L0_18830L0_5007L0 = (i_200L0_17382L0_18830L0_5007L0)+(1))
      {
        if((__s_Node_key_12_4L1_4L1[cur_193L7_17376L3_18823L3_5000L3])<(k_78L0_10889L0_11828L0_3189L0))
        {
          bit[4] __sa3_945L0_18089L0_19593L0_5194L0={0,0,0,0};
          __sa3_945L0_18089L0_19593L0_5194L0[0] = 0;
          __sa3_945L0_18089L0_19593L0_5194L0[1] = 0;
          __sa3_945L0_18089L0_19593L0_5194L0[2] = 0;
          __sa3_945L0_18089L0_19593L0_5194L0[3] = 0;
          int __s_tmp_cond_elim_0_965L0_18108L0_19618L0_5215L0=__s_Node_next_13_4L2_4L2[cur_193L7_17376L3_18823L3_5000L3];
          int __s_tmp_cond_elim_0_982L0_18124L0_19634L0_5226L0=__s_Node_next_13_4L2_4L2[cur_193L7_17376L3_18823L3_5000L3];
          boolean __s_tmp_cond_elim_1_986L0_18128L0_19638L0_5229L0=(__s_tmp_cond_elim_0_965L0_18108L0_19618L0_5215L0)==(__s_tmp_cond_elim_0_982L0_18124L0_19634L0_5226L0);
          if(__s_tmp_cond_elim_1_986L0_18128L0_19638L0_5229L0)
          {
            int __s_tmp_cond_elim_0_1005L0_18146L0_19656L0_5242L0=__s_Node_next_13_4L2_4L2[cur_193L7_17376L3_18823L3_5000L3];
            int _ret_4_1008L2_18149L2_19659L2_5244L2=((((int)__s_tmp_cond_elim_0_1005L0_18146L0_19656L0_5242L0))*(1))+(0);
            atomic((_lock_3L0_3L0[_ret_4_1008L2_18149L2_19659L2_5244L2])==(0))
            {
              _lock_3L0_3L0[_ret_4_1008L2_18149L2_19659L2_5244L2] = -1;
            }
          }
          __sa3_945L0_18089L0_19593L0_5194L0[0] = 1;
          if((prev_193L6_17376L2_18823L2_5000L2)!=(null))
          {
            int _ret_6_1121L2_18256L2_19773L2_5263L2=((((int)prev_193L6_17376L2_18823L2_5000L2))*(1))+(0);
            atomic
            {
              _lock_3L0_3L0[_ret_6_1121L2_18256L2_19773L2_5263L2] = 0;
            }
          }
          __sa3_945L0_18089L0_19593L0_5194L0[1] = 1;
          prev_193L6_17376L2_18823L2_5000L2 = cur_193L7_17376L3_18823L3_5000L3;
          __sa3_945L0_18089L0_19593L0_5194L0[2] = 1;
          cur_193L7_17376L3_18823L3_5000L3 = __s_Node_next_13_4L2_4L2[cur_193L7_17376L3_18823L3_5000L3];
          __sa3_945L0_18089L0_19593L0_5194L0[3] = 1;
        }
      }
      if((k_78L0_10889L0_11828L0_3189L0)==(__s_Node_key_12_4L1_4L1[cur_193L7_17376L3_18823L3_5000L3]))
      {
        __s_Node_next_13_4L2_4L2[prev_193L6_17376L2_18823L2_5000L2] = __s_Node_next_13_4L2_4L2[cur_193L7_17376L3_18823L3_5000L3];
      }
      int _ret_0_146L4_18440L4_19972L5_5285L5=((((int)prev_193L6_17376L2_18823L2_5000L2))*(1))+(0);
      atomic
      {
        _lock_3L0_3L0[_ret_0_146L4_18440L4_19972L5_5285L5] = 0;
      }
      int _ret_1_147L5_18441L5_19974L6_5287L6=((((int)cur_193L7_17376L3_18823L3_5000L3))*(1))+(0);
      atomic
      {
        _lock_3L0_3L0[_ret_1_147L5_18441L5_19974L6_5287L6] = 0;
      }
    }
    else
    {
      int prev_193L6_18453L2_19985L2_5298L2=0;
      int cur_193L7_18453L3_19985L3_5298L3;
      prev_193L6_18453L2_19985L2_5298L2 = null;
      cur_193L7_18453L3_19985L3_5298L3 = __s_Set_head_15_46L5_46L5[0];
      int _ret_0_197L1_18456L1_19988L1_5301L1=((((int)cur_193L7_18453L3_19985L3_5298L3))*(1))+(0);
      atomic((_lock_3L0_3L0[_ret_0_197L1_18456L1_19988L1_5301L1])==(0))
      {
        _lock_3L0_3L0[_ret_0_197L1_18456L1_19988L1_5301L1] = -1;
      }
      for(int i_200L0_18459L0_19992L0_5305L0=0;(i_200L0_18459L0_19992L0_5305L0)<(6);i_200L0_18459L0_19992L0_5305L0 = (i_200L0_18459L0_19992L0_5305L0)+(1))
      {
        if((__s_Node_key_12_4L1_4L1[cur_193L7_18453L3_19985L3_5298L3])<(k_78L0_10889L0_11828L0_3189L0))
        {
          bit[4] __sa3_945L0_19166L0_20755L0_5492L0={0,0,0,0};
          __sa3_945L0_19166L0_20755L0_5492L0[0] = 0;
          __sa3_945L0_19166L0_20755L0_5492L0[1] = 0;
          __sa3_945L0_19166L0_20755L0_5492L0[2] = 0;
          __sa3_945L0_19166L0_20755L0_5492L0[3] = 0;
          int __s_tmp_cond_elim_0_965L0_19185L0_20780L0_5513L0=__s_Node_next_13_4L2_4L2[cur_193L7_18453L3_19985L3_5298L3];
          int __s_tmp_cond_elim_0_982L0_19201L0_20796L0_5524L0=__s_Node_next_13_4L2_4L2[cur_193L7_18453L3_19985L3_5298L3];
          boolean __s_tmp_cond_elim_1_986L0_19205L0_20800L0_5527L0=(__s_tmp_cond_elim_0_965L0_19185L0_20780L0_5513L0)==(__s_tmp_cond_elim_0_982L0_19201L0_20796L0_5524L0);
          if(__s_tmp_cond_elim_1_986L0_19205L0_20800L0_5527L0)
          {
            int __s_tmp_cond_elim_0_1005L0_19223L0_20818L0_5540L0=__s_Node_next_13_4L2_4L2[cur_193L7_18453L3_19985L3_5298L3];
            int _ret_4_1008L2_19226L2_20821L2_5542L2=((((int)__s_tmp_cond_elim_0_1005L0_19223L0_20818L0_5540L0))*(1))+(0);
            atomic((_lock_3L0_3L0[_ret_4_1008L2_19226L2_20821L2_5542L2])==(0))
            {
              _lock_3L0_3L0[_ret_4_1008L2_19226L2_20821L2_5542L2] = -1;
            }
          }
          __sa3_945L0_19166L0_20755L0_5492L0[0] = 1;
          if((prev_193L6_18453L2_19985L2_5298L2)!=(null))
          {
            int _ret_6_1121L2_19333L2_20935L2_5561L2=((((int)prev_193L6_18453L2_19985L2_5298L2))*(1))+(0);
            atomic
            {
              _lock_3L0_3L0[_ret_6_1121L2_19333L2_20935L2_5561L2] = 0;
            }
          }
          __sa3_945L0_19166L0_20755L0_5492L0[1] = 1;
          prev_193L6_18453L2_19985L2_5298L2 = cur_193L7_18453L3_19985L3_5298L3;
          __sa3_945L0_19166L0_20755L0_5492L0[2] = 1;
          cur_193L7_18453L3_19985L3_5298L3 = __s_Node_next_13_4L2_4L2[cur_193L7_18453L3_19985L3_5298L3];
          __sa3_945L0_19166L0_20755L0_5492L0[3] = 1;
        }
      }
      if((k_78L0_10889L0_11828L0_3189L0)<(__s_Node_key_12_4L1_4L1[cur_193L7_18453L3_19985L3_5298L3]))
      {
        int __s_tmp_new_Node_10_19517L2_21134L2_5583L2=0;
        atomic
        {
          __s_tmp_new_Node_10_19517L2_21134L2_5583L2 = __s_Node_nextInstance_11_4L0_4L0;
          __s_Node_nextInstance_11_4L0_4L0 = (__s_Node_nextInstance_11_4L0_4L0)+(1);
        }
        __s_Node_key_12_4L1_4L1[__s_tmp_new_Node_10_19517L2_21134L2_5583L2] = k_78L0_10889L0_11828L0_3189L0;
        __s_Node_next_13_4L2_4L2[__s_tmp_new_Node_10_19517L2_21134L2_5583L2] = cur_193L7_18453L3_19985L3_5298L3;
        __s_Node_next_13_4L2_4L2[prev_193L6_18453L2_19985L2_5298L2] = __s_tmp_new_Node_10_19517L2_21134L2_5583L2;
      }
      int _ret_1_135L4_19524L4_21141L5_5590L5=((((int)prev_193L6_18453L2_19985L2_5298L2))*(1))+(0);
      atomic
      {
        _lock_3L0_3L0[_ret_1_135L4_19524L4_21141L5_5590L5] = 0;
      }
      int _ret_2_136L5_19525L5_21143L6_5592L6=((((int)cur_193L7_18453L3_19985L3_5298L3))*(1))+(0);
      atomic
      {
        _lock_3L0_3L0[_ret_2_136L5_19525L5_21143L6_5592L6] = 0;
      }
      int prev_193L6_19535L2_21152L2_5601L2=0;
      int cur_193L7_19535L3_21152L3_5601L3;
      prev_193L6_19535L2_21152L2_5601L2 = null;
      cur_193L7_19535L3_21152L3_5601L3 = __s_Set_head_15_46L5_46L5[0];
      int _ret_0_197L1_19538L1_21155L1_5604L1=((((int)cur_193L7_19535L3_21152L3_5601L3))*(1))+(0);
      atomic((_lock_3L0_3L0[_ret_0_197L1_19538L1_21155L1_5604L1])==(0))
      {
        _lock_3L0_3L0[_ret_0_197L1_19538L1_21155L1_5604L1] = -1;
      }
      for(int i_200L0_19541L0_21159L0_5608L0=0;(i_200L0_19541L0_21159L0_5608L0)<(6);i_200L0_19541L0_21159L0_5608L0 = (i_200L0_19541L0_21159L0_5608L0)+(1))
      {
        if((__s_Node_key_12_4L1_4L1[cur_193L7_19535L3_21152L3_5601L3])<(k_78L0_10889L0_11828L0_3189L0))
        {
          bit[4] __sa3_945L0_20248L0_21922L0_5795L0={0,0,0,0};
          __sa3_945L0_20248L0_21922L0_5795L0[0] = 0;
          __sa3_945L0_20248L0_21922L0_5795L0[1] = 0;
          __sa3_945L0_20248L0_21922L0_5795L0[2] = 0;
          __sa3_945L0_20248L0_21922L0_5795L0[3] = 0;
          int __s_tmp_cond_elim_0_965L0_20267L0_21947L0_5816L0=__s_Node_next_13_4L2_4L2[cur_193L7_19535L3_21152L3_5601L3];
          int __s_tmp_cond_elim_0_982L0_20283L0_21963L0_5827L0=__s_Node_next_13_4L2_4L2[cur_193L7_19535L3_21152L3_5601L3];
          boolean __s_tmp_cond_elim_1_986L0_20287L0_21967L0_5830L0=(__s_tmp_cond_elim_0_965L0_20267L0_21947L0_5816L0)==(__s_tmp_cond_elim_0_982L0_20283L0_21963L0_5827L0);
          if(__s_tmp_cond_elim_1_986L0_20287L0_21967L0_5830L0)
          {
            int __s_tmp_cond_elim_0_1005L0_20305L0_21985L0_5843L0=__s_Node_next_13_4L2_4L2[cur_193L7_19535L3_21152L3_5601L3];
            int _ret_4_1008L2_20308L2_21988L2_5845L2=((((int)__s_tmp_cond_elim_0_1005L0_20305L0_21985L0_5843L0))*(1))+(0);
            atomic((_lock_3L0_3L0[_ret_4_1008L2_20308L2_21988L2_5845L2])==(0))
            {
              _lock_3L0_3L0[_ret_4_1008L2_20308L2_21988L2_5845L2] = -1;
            }
          }
          __sa3_945L0_20248L0_21922L0_5795L0[0] = 1;
          if((prev_193L6_19535L2_21152L2_5601L2)!=(null))
          {
            int _ret_6_1121L2_20415L2_22102L2_5864L2=((((int)prev_193L6_19535L2_21152L2_5601L2))*(1))+(0);
            atomic
            {
              _lock_3L0_3L0[_ret_6_1121L2_20415L2_22102L2_5864L2] = 0;
            }
          }
          __sa3_945L0_20248L0_21922L0_5795L0[1] = 1;
          prev_193L6_19535L2_21152L2_5601L2 = cur_193L7_19535L3_21152L3_5601L3;
          __sa3_945L0_20248L0_21922L0_5795L0[2] = 1;
          cur_193L7_19535L3_21152L3_5601L3 = __s_Node_next_13_4L2_4L2[cur_193L7_19535L3_21152L3_5601L3];
          __sa3_945L0_20248L0_21922L0_5795L0[3] = 1;
        }
      }
      if((k_78L0_10889L0_11828L0_3189L0)==(__s_Node_key_12_4L1_4L1[cur_193L7_19535L3_21152L3_5601L3]))
      {
        __s_Node_next_13_4L2_4L2[prev_193L6_19535L2_21152L2_5601L2] = __s_Node_next_13_4L2_4L2[cur_193L7_19535L3_21152L3_5601L3];
      }
      int _ret_0_146L4_20599L4_22301L5_5886L5=((((int)prev_193L6_19535L2_21152L2_5601L2))*(1))+(0);
      atomic
      {
        _lock_3L0_3L0[_ret_0_146L4_20599L4_22301L5_5886L5] = 0;
      }
      int _ret_1_147L5_20600L5_22303L6_5888L6=((((int)cur_193L7_19535L3_21152L3_5601L3))*(1))+(0);
      atomic
      {
        _lock_3L0_3L0[_ret_1_147L5_20600L5_22303L6_5888L6] = 0;
      }
    }
  }
  _out_1L0_1L0_1L0_1L0 = 1;
}
void T([!bit _out_117L1_20611L1_22314L1_5899L1])
{
  int[10] __s_Node_key_18_22316L1_5901L1={0,0,0,0,0,0,0,0,0,0}; int[10] __s_Node_next_19_22316L2_5901L2={0,0,0,0,0,0,0,0,0,0};
  __s_Node_key_18_22316L1_5901L1[0] = 0;
  __s_Node_key_18_22316L1_5901L1[1] = 0;
  __s_Node_key_18_22316L1_5901L1[2] = 0;
  __s_Node_key_18_22316L1_5901L1[3] = 0;
  __s_Node_key_18_22316L1_5901L1[4] = 0;
  __s_Node_key_18_22316L1_5901L1[5] = 0;
  __s_Node_key_18_22316L1_5901L1[6] = 0;
  __s_Node_key_18_22316L1_5901L1[7] = 0;
  __s_Node_key_18_22316L1_5901L1[8] = 0;
  __s_Node_key_18_22316L1_5901L1[9] = 0;
  int __s_tmp_cond_elim_58_22339L0_5924L0=null;
  __s_Node_next_19_22316L2_5901L2[0] = __s_tmp_cond_elim_58_22339L0_5924L0;
  int __s_tmp_cond_elim_58_22341L0_5926L0=null;
  __s_Node_next_19_22316L2_5901L2[1] = __s_tmp_cond_elim_58_22341L0_5926L0;
  int __s_tmp_cond_elim_58_22343L0_5928L0=null;
  __s_Node_next_19_22316L2_5901L2[2] = __s_tmp_cond_elim_58_22343L0_5928L0;
  int __s_tmp_cond_elim_58_22345L0_5930L0=null;
  __s_Node_next_19_22316L2_5901L2[3] = __s_tmp_cond_elim_58_22345L0_5930L0;
  int __s_tmp_cond_elim_58_22347L0_5932L0=null;
  __s_Node_next_19_22316L2_5901L2[4] = __s_tmp_cond_elim_58_22347L0_5932L0;
  int __s_tmp_cond_elim_58_22349L0_5934L0=null;
  __s_Node_next_19_22316L2_5901L2[5] = __s_tmp_cond_elim_58_22349L0_5934L0;
  int __s_tmp_cond_elim_58_22351L0_5936L0=null;
  __s_Node_next_19_22316L2_5901L2[6] = __s_tmp_cond_elim_58_22351L0_5936L0;
  int __s_tmp_cond_elim_58_22353L0_5938L0=null;
  __s_Node_next_19_22316L2_5901L2[7] = __s_tmp_cond_elim_58_22353L0_5938L0;
  int __s_tmp_cond_elim_58_22355L0_5940L0=null;
  __s_Node_next_19_22316L2_5901L2[8] = __s_tmp_cond_elim_58_22355L0_5940L0;
  int __s_tmp_cond_elim_58_22357L0_5942L0=null;
  __s_Node_next_19_22316L2_5901L2[9] = __s_tmp_cond_elim_58_22357L0_5942L0;
  int[10] __s_Set_tail_22_22358L4_5943L4={0,0,0,0,0,0,0,0,0,0}; int[10] __s_Set_head_21_22358L5_5943L5={0,0,0,0,0,0,0,0,0,0};
  int __s_tmp_cond_elim_59_22360L0_5945L0=null;
  __s_Set_tail_22_22358L4_5943L4[0] = __s_tmp_cond_elim_59_22360L0_5945L0;
  int __s_tmp_cond_elim_59_22362L0_5947L0=null;
  __s_Set_tail_22_22358L4_5943L4[1] = __s_tmp_cond_elim_59_22362L0_5947L0;
  int __s_tmp_cond_elim_59_22364L0_5949L0=null;
  __s_Set_tail_22_22358L4_5943L4[2] = __s_tmp_cond_elim_59_22364L0_5949L0;
  int __s_tmp_cond_elim_59_22366L0_5951L0=null;
  __s_Set_tail_22_22358L4_5943L4[3] = __s_tmp_cond_elim_59_22366L0_5951L0;
  int __s_tmp_cond_elim_59_22368L0_5953L0=null;
  __s_Set_tail_22_22358L4_5943L4[4] = __s_tmp_cond_elim_59_22368L0_5953L0;
  int __s_tmp_cond_elim_59_22370L0_5955L0=null;
  __s_Set_tail_22_22358L4_5943L4[5] = __s_tmp_cond_elim_59_22370L0_5955L0;
  int __s_tmp_cond_elim_59_22372L0_5957L0=null;
  __s_Set_tail_22_22358L4_5943L4[6] = __s_tmp_cond_elim_59_22372L0_5957L0;
  int __s_tmp_cond_elim_59_22374L0_5959L0=null;
  __s_Set_tail_22_22358L4_5943L4[7] = __s_tmp_cond_elim_59_22374L0_5959L0;
  int __s_tmp_cond_elim_59_22376L0_5961L0=null;
  __s_Set_tail_22_22358L4_5943L4[8] = __s_tmp_cond_elim_59_22376L0_5961L0;
  int __s_tmp_cond_elim_59_22378L0_5963L0=null;
  __s_Set_tail_22_22358L4_5943L4[9] = __s_tmp_cond_elim_59_22378L0_5963L0;
  int __s_tmp_cond_elim_60_22381L0_5966L0=null;
  __s_Set_head_21_22358L5_5943L5[0] = __s_tmp_cond_elim_60_22381L0_5966L0;
  int __s_tmp_cond_elim_60_22383L0_5968L0=null;
  __s_Set_head_21_22358L5_5943L5[1] = __s_tmp_cond_elim_60_22383L0_5968L0;
  int __s_tmp_cond_elim_60_22385L0_5970L0=null;
  __s_Set_head_21_22358L5_5943L5[2] = __s_tmp_cond_elim_60_22385L0_5970L0;
  int __s_tmp_cond_elim_60_22387L0_5972L0=null;
  __s_Set_head_21_22358L5_5943L5[3] = __s_tmp_cond_elim_60_22387L0_5972L0;
  int __s_tmp_cond_elim_60_22389L0_5974L0=null;
  __s_Set_head_21_22358L5_5943L5[4] = __s_tmp_cond_elim_60_22389L0_5974L0;
  int __s_tmp_cond_elim_60_22391L0_5976L0=null;
  __s_Set_head_21_22358L5_5943L5[5] = __s_tmp_cond_elim_60_22391L0_5976L0;
  int __s_tmp_cond_elim_60_22393L0_5978L0=null;
  __s_Set_head_21_22358L5_5943L5[6] = __s_tmp_cond_elim_60_22393L0_5978L0;
  int __s_tmp_cond_elim_60_22395L0_5980L0=null;
  __s_Set_head_21_22358L5_5943L5[7] = __s_tmp_cond_elim_60_22395L0_5980L0;
  int __s_tmp_cond_elim_60_22397L0_5982L0=null;
  __s_Set_head_21_22358L5_5943L5[8] = __s_tmp_cond_elim_60_22397L0_5982L0;
  int __s_tmp_cond_elim_60_22399L0_5984L0=null;
  __s_Set_head_21_22358L5_5943L5[9] = __s_tmp_cond_elim_60_22399L0_5984L0;
  _out_117L1_20611L1_22314L1_5899L1 = 1;
}
void lock([int mem])
void unlock([int mem])

===== Compilation statistics =====
  Solved? -----------------------------> true
  Number of iterations ----------------> 2
  Maximum memory usage (MiB) ----------> 195.48828
  Total elapsed time (s) --------------> 137.204
    % frontend ............ 9.222763
    % verification ........ 82.82558
    % synthesis ........... 7.951663
  Total solution time (s) -------------> 6.932
    % verification ........ 38.90652
    % synthesis ........... 61.09348

  Synthesizer statistics:  
    [solver stats]
    Number of calls -------------------> 2
    Total elapsed time (s) ------------> 10.91
    Total model building time (s) -----> 6.663
    Total solution time (s) -----------> 4.235
    Maximum memory usage (MiB) --------> 69.67578
    Average elapsed time (s) ----------> 5.455
    Average model building time (s) ---> 3.331
    Average solution time (s) ---------> 2.117
    Average memory usage (MiB) --------> 50.021484

  Verifier statistics:     
    [solver stats]
    Number of calls -------------------> 3
    Total elapsed time (s) ------------> 113.64
    Total model building time (s) -----> 110.943
    Total solution time (s) -----------> 2.697
    Maximum memory usage (MiB) --------> 28.562
    Average elapsed time (s) ----------> 37.88
    Average model building time (s) ---> 36.981
    Average solution time (s) ---------> 0.899
    Average memory usage (MiB) --------> 16.583332

  Frontend statistics:     
    Total elapsed time (s) ------------> 12.654
    Max memory usage (MiB) ------------> 125.8125

[PSKETCH] DONE!
