Iteration 0
[SPINVERIF][2] Stats for last run:
      [solution stats]
      successful? ---------------------> false
      elapsed time (s) ----------------> 16.28
      model building time (s) ---------> 16.271
      solution time (s) ---------------> 0.0090
      max memory usage (MiB) ----------> 6.6879997
      [SPIN-specific stats]
      codegen time (s) ----------------> 3.652
      codegen memory (MiB) ------------> 0.0
      compiler time (s) ---------------> 12.619
      compiler memory (MiB) -----------> 0.0
      total SPIN time (s) -------------> 0.0090
      total SPIN mem (MiB) ------------> 6.6879997
      actual state mem (MiB) ----------> 0.0
      equiv state mem (MiB) -----------> 0.0
      state compression (%) -----------> 0.0
      # states explored ---------------> 477
      state exploration rate (states/s)> 0

[SATBackend] Stats for last run:
      [solution stats]
      successful? ---------------------> true
      elapsed time (s) ----------------> 0.523
      model building time (s) ---------> 0.311
      solution time (s) ---------------> 0.207
      max memory usage (MiB) ----------> 19.980469
      [SAT-specific solution stats]
      initial number of nodes ---------> 16079
      number of nodes after opts ------> 2945
      number of controls --------------> 65
      total number of control bits ----> 107

Iteration 1
[SPINVERIF][2] Stats for last run:
      [solution stats]
      successful? ---------------------> false
      elapsed time (s) ----------------> 16.454
      model building time (s) ---------> 16.425
      solution time (s) ---------------> 0.029
      max memory usage (MiB) ----------> 8.25
      [SPIN-specific stats]
      codegen time (s) ----------------> 3.804
      codegen memory (MiB) ------------> 0.0
      compiler time (s) ---------------> 12.621
      compiler memory (MiB) -----------> 0.0
      total SPIN time (s) -------------> 0.029
      total SPIN mem (MiB) ------------> 8.25
      actual state mem (MiB) ----------> 0.0
      equiv state mem (MiB) -----------> 0.0
      state compression (%) -----------> 0.0
      # states explored ---------------> 930
      state exploration rate (states/s)> 0

[SATBackend] Stats for last run:
      [solution stats]
      successful? ---------------------> true
      elapsed time (s) ----------------> 1.02
      model building time (s) ---------> 0.704
      solution time (s) ---------------> 0.31
      max memory usage (MiB) ----------> 28.164062
      [SAT-specific solution stats]
      initial number of nodes ---------> 34653
      number of nodes after opts ------> 3421
      number of controls --------------> 65
      total number of control bits ----> 107

Iteration 2
[SPINVERIF][2] Stats for last run:
      [solution stats]
      successful? ---------------------> false
      elapsed time (s) ----------------> 16.199
      model building time (s) ---------> 16.16
      solution time (s) ---------------> 0.039
      max memory usage (MiB) ----------> 8.25
      [SPIN-specific stats]
      codegen time (s) ----------------> 3.575
      codegen memory (MiB) ------------> 0.0
      compiler time (s) ---------------> 12.585
      compiler memory (MiB) -----------> 0.0
      total SPIN time (s) -------------> 0.039
      total SPIN mem (MiB) ------------> 8.25
      actual state mem (MiB) ----------> 0.0
      equiv state mem (MiB) -----------> 0.0
      state compression (%) -----------> 0.0
      # states explored ---------------> 1253
      state exploration rate (states/s)> 0

[SATBackend] Stats for last run:
      [solution stats]
      successful? ---------------------> true
      elapsed time (s) ----------------> 1.779
      model building time (s) ---------> 1.245
      solution time (s) ---------------> 0.527
      max memory usage (MiB) ----------> 29.613281
      [SAT-specific solution stats]
      initial number of nodes ---------> 56489
      number of nodes after opts ------> 4440
      number of controls --------------> 65
      total number of control bits ----> 107

Iteration 3
[SPINVERIF][2] Stats for last run:
      [solution stats]
      successful? ---------------------> false
      elapsed time (s) ----------------> 16.134
      model building time (s) ---------> 16.095
      solution time (s) ---------------> 0.039
      max memory usage (MiB) ----------> 8.25
      [SPIN-specific stats]
      codegen time (s) ----------------> 3.582
      codegen memory (MiB) ------------> 0.0
      compiler time (s) ---------------> 12.513
      compiler memory (MiB) -----------> 0.0
      total SPIN time (s) -------------> 0.039
      total SPIN mem (MiB) ------------> 8.25
      actual state mem (MiB) ----------> 0.0
      equiv state mem (MiB) -----------> 0.0
      state compression (%) -----------> 0.0
      # states explored ---------------> 1185
      state exploration rate (states/s)> 0

[SATBackend] Stats for last run:
      [solution stats]
      successful? ---------------------> true
      elapsed time (s) ----------------> 4.8
      model building time (s) ---------> 2.491
      solution time (s) ---------------> 2.303
      max memory usage (MiB) ----------> 53.441406
      [SAT-specific solution stats]
      initial number of nodes ---------> 106432
      number of nodes after opts ------> 10284
      number of controls --------------> 65
      total number of control bits ----> 107

Iteration 4
[SPINVERIF][2] Stats for last run:
      [solution stats]
      successful? ---------------------> true
      elapsed time (s) ----------------> 16.327
      model building time (s) ---------> 16.127
      solution time (s) ---------------> 0.2
      max memory usage (MiB) ----------> 8.25
      [SPIN-specific stats]
      codegen time (s) ----------------> 3.581
      codegen memory (MiB) ------------> 0.0
      compiler time (s) ---------------> 12.546
      compiler memory (MiB) -----------> 0.0
      total SPIN time (s) -------------> 0.2
      total SPIN mem (MiB) ------------> 8.25
      actual state mem (MiB) ----------> 7.109
      equiv state mem (MiB) -----------> 19.121
      state compression (%) -----------> 37.17902
      # states explored ---------------> 4607
      state exploration rate (states/s)> 23035

void main([!bit _out_1L0_1L0_1L0_1L0]) implements T
{
  int __s_Node_nextInstance_27_3L0_3L0=0; int[10] __s_Node_obj_28_3L1_3L1={0,0,0,0,0,0,0,0,0,0}; int[10] __s_Node_next_29_3L2_3L2={0,0,0,0,0,0,0,0,0,0}; bit[10] __s_Node_taken_30_3L3_3L3={0,0,0,0,0,0,0,0,0,0};
  int __s_tmp_cond_elim_68_5L0_5L0=0;
  int __s_pac82_6L0_6L0=0;
  __s_tmp_cond_elim_68_5L0_5L0 = null;
  int __s_pac83_6L1_6L1=0;
  __s_Node_obj_28_3L1_3L1[0] = __s_tmp_cond_elim_68_5L0_5L0;
  int __s_tmp_cond_elim_68_7L0_7L0=0;
  int __s_pac82_8L0_8L0=1;
  __s_tmp_cond_elim_68_7L0_7L0 = null;
  int __s_pac83_8L1_8L1=1;
  __s_Node_obj_28_3L1_3L1[1] = __s_tmp_cond_elim_68_7L0_7L0;
  int __s_tmp_cond_elim_68_9L0_9L0=0;
  int __s_pac82_10L0_10L0=2;
  __s_tmp_cond_elim_68_9L0_9L0 = null;
  int __s_pac83_10L1_10L1=2;
  __s_Node_obj_28_3L1_3L1[2] = __s_tmp_cond_elim_68_9L0_9L0;
  int __s_tmp_cond_elim_68_11L0_11L0=0;
  int __s_pac82_12L0_12L0=3;
  __s_tmp_cond_elim_68_11L0_11L0 = null;
  int __s_pac83_12L1_12L1=3;
  __s_Node_obj_28_3L1_3L1[3] = __s_tmp_cond_elim_68_11L0_11L0;
  int __s_tmp_cond_elim_68_13L0_13L0=0;
  int __s_pac82_14L0_14L0=4;
  __s_tmp_cond_elim_68_13L0_13L0 = null;
  int __s_pac83_14L1_14L1=4;
  __s_Node_obj_28_3L1_3L1[4] = __s_tmp_cond_elim_68_13L0_13L0;
  int __s_tmp_cond_elim_68_15L0_15L0=0;
  int __s_pac82_16L0_16L0=5;
  __s_tmp_cond_elim_68_15L0_15L0 = null;
  int __s_pac83_16L1_16L1=5;
  __s_Node_obj_28_3L1_3L1[5] = __s_tmp_cond_elim_68_15L0_15L0;
  int __s_tmp_cond_elim_68_17L0_17L0=0;
  int __s_pac82_18L0_18L0=6;
  __s_tmp_cond_elim_68_17L0_17L0 = null;
  int __s_pac83_18L1_18L1=6;
  __s_Node_obj_28_3L1_3L1[6] = __s_tmp_cond_elim_68_17L0_17L0;
  int __s_tmp_cond_elim_68_19L0_19L0=0;
  int __s_pac82_20L0_20L0=7;
  __s_tmp_cond_elim_68_19L0_19L0 = null;
  int __s_pac83_20L1_20L1=7;
  __s_Node_obj_28_3L1_3L1[7] = __s_tmp_cond_elim_68_19L0_19L0;
  int __s_tmp_cond_elim_68_21L0_21L0=0;
  int __s_pac82_22L0_22L0=8;
  __s_tmp_cond_elim_68_21L0_21L0 = null;
  int __s_pac83_22L1_22L1=8;
  __s_Node_obj_28_3L1_3L1[8] = __s_tmp_cond_elim_68_21L0_21L0;
  int __s_tmp_cond_elim_68_23L0_23L0=0;
  int __s_pac82_24L0_24L0=9;
  __s_tmp_cond_elim_68_23L0_23L0 = null;
  int __s_pac83_24L1_24L1=9;
  __s_Node_obj_28_3L1_3L1[9] = __s_tmp_cond_elim_68_23L0_23L0;
  int __s_tmp_cond_elim_69_26L0_26L0=0;
  int __s_pac84_27L0_27L0=0;
  __s_tmp_cond_elim_69_26L0_26L0 = null;
  int __s_pac85_27L1_27L1=0;
  __s_Node_next_29_3L2_3L2[0] = __s_tmp_cond_elim_69_26L0_26L0;
  int __s_tmp_cond_elim_69_28L0_28L0=0;
  int __s_pac84_29L0_29L0=1;
  __s_tmp_cond_elim_69_28L0_28L0 = null;
  int __s_pac85_29L1_29L1=1;
  __s_Node_next_29_3L2_3L2[1] = __s_tmp_cond_elim_69_28L0_28L0;
  int __s_tmp_cond_elim_69_30L0_30L0=0;
  int __s_pac84_31L0_31L0=2;
  __s_tmp_cond_elim_69_30L0_30L0 = null;
  int __s_pac85_31L1_31L1=2;
  __s_Node_next_29_3L2_3L2[2] = __s_tmp_cond_elim_69_30L0_30L0;
  int __s_tmp_cond_elim_69_32L0_32L0=0;
  int __s_pac84_33L0_33L0=3;
  __s_tmp_cond_elim_69_32L0_32L0 = null;
  int __s_pac85_33L1_33L1=3;
  __s_Node_next_29_3L2_3L2[3] = __s_tmp_cond_elim_69_32L0_32L0;
  int __s_tmp_cond_elim_69_34L0_34L0=0;
  int __s_pac84_35L0_35L0=4;
  __s_tmp_cond_elim_69_34L0_34L0 = null;
  int __s_pac85_35L1_35L1=4;
  __s_Node_next_29_3L2_3L2[4] = __s_tmp_cond_elim_69_34L0_34L0;
  int __s_tmp_cond_elim_69_36L0_36L0=0;
  int __s_pac84_37L0_37L0=5;
  __s_tmp_cond_elim_69_36L0_36L0 = null;
  int __s_pac85_37L1_37L1=5;
  __s_Node_next_29_3L2_3L2[5] = __s_tmp_cond_elim_69_36L0_36L0;
  int __s_tmp_cond_elim_69_38L0_38L0=0;
  int __s_pac84_39L0_39L0=6;
  __s_tmp_cond_elim_69_38L0_38L0 = null;
  int __s_pac85_39L1_39L1=6;
  __s_Node_next_29_3L2_3L2[6] = __s_tmp_cond_elim_69_38L0_38L0;
  int __s_tmp_cond_elim_69_40L0_40L0=0;
  int __s_pac84_41L0_41L0=7;
  __s_tmp_cond_elim_69_40L0_40L0 = null;
  int __s_pac85_41L1_41L1=7;
  __s_Node_next_29_3L2_3L2[7] = __s_tmp_cond_elim_69_40L0_40L0;
  int __s_tmp_cond_elim_69_42L0_42L0=0;
  int __s_pac84_43L0_43L0=8;
  __s_tmp_cond_elim_69_42L0_42L0 = null;
  int __s_pac85_43L1_43L1=8;
  __s_Node_next_29_3L2_3L2[8] = __s_tmp_cond_elim_69_42L0_42L0;
  int __s_tmp_cond_elim_69_44L0_44L0=0;
  int __s_pac84_45L0_45L0=9;
  __s_tmp_cond_elim_69_44L0_44L0 = null;
  int __s_pac85_45L1_45L1=9;
  __s_Node_next_29_3L2_3L2[9] = __s_tmp_cond_elim_69_44L0_44L0;
  bit __s_tmp_cond_elim_70_47L0_47L0=0;
  int __s_pac86_48L0_48L0=0;
  __s_tmp_cond_elim_70_47L0_47L0 = 0;
  int __s_pac87_48L1_48L1=0;
  __s_Node_taken_30_3L3_3L3[0] = 0;
  bit __s_tmp_cond_elim_70_49L0_49L0=0;
  int __s_pac86_50L0_50L0=1;
  __s_tmp_cond_elim_70_49L0_49L0 = 0;
  int __s_pac87_50L1_50L1=1;
  __s_Node_taken_30_3L3_3L3[1] = 0;
  bit __s_tmp_cond_elim_70_51L0_51L0=0;
  int __s_pac86_52L0_52L0=2;
  __s_tmp_cond_elim_70_51L0_51L0 = 0;
  int __s_pac87_52L1_52L1=2;
  __s_Node_taken_30_3L3_3L3[2] = 0;
  bit __s_tmp_cond_elim_70_53L0_53L0=0;
  int __s_pac86_54L0_54L0=3;
  __s_tmp_cond_elim_70_53L0_53L0 = 0;
  int __s_pac87_54L1_54L1=3;
  __s_Node_taken_30_3L3_3L3[3] = 0;
  bit __s_tmp_cond_elim_70_55L0_55L0=0;
  int __s_pac86_56L0_56L0=4;
  __s_tmp_cond_elim_70_55L0_55L0 = 0;
  int __s_pac87_56L1_56L1=4;
  __s_Node_taken_30_3L3_3L3[4] = 0;
  bit __s_tmp_cond_elim_70_57L0_57L0=0;
  int __s_pac86_58L0_58L0=5;
  __s_tmp_cond_elim_70_57L0_57L0 = 0;
  int __s_pac87_58L1_58L1=5;
  __s_Node_taken_30_3L3_3L3[5] = 0;
  bit __s_tmp_cond_elim_70_59L0_59L0=0;
  int __s_pac86_60L0_60L0=6;
  __s_tmp_cond_elim_70_59L0_59L0 = 0;
  int __s_pac87_60L1_60L1=6;
  __s_Node_taken_30_3L3_3L3[6] = 0;
  bit __s_tmp_cond_elim_70_61L0_61L0=0;
  int __s_pac86_62L0_62L0=7;
  __s_tmp_cond_elim_70_61L0_61L0 = 0;
  int __s_pac87_62L1_62L1=7;
  __s_Node_taken_30_3L3_3L3[7] = 0;
  bit __s_tmp_cond_elim_70_63L0_63L0=0;
  int __s_pac86_64L0_64L0=8;
  __s_tmp_cond_elim_70_63L0_63L0 = 0;
  int __s_pac87_64L1_64L1=8;
  __s_Node_taken_30_3L3_3L3[8] = 0;
  bit __s_tmp_cond_elim_70_65L0_65L0=0;
  int __s_pac86_66L0_66L0=9;
  __s_tmp_cond_elim_70_65L0_65L0 = 0;
  int __s_pac87_66L1_66L1=9;
  __s_Node_taken_30_3L3_3L3[9] = 0;
  int __s_Item_nextInstance_31_66L4_66L4=0; int[10] __s_Item_tid_32_66L5_66L5={0,0,0,0,0,0,0,0,0,0}; int[10] __s_Item_id_33_66L6_66L6={0,0,0,0,0,0,0,0,0,0};
  bit __s_tmp_cond_elim_71_68L0_68L0=0;
  int __s_pac88_69L0_69L0=0;
  __s_tmp_cond_elim_71_68L0_68L0 = 0;
  int __s_pac89_69L1_69L1=0;
  __s_Item_tid_32_66L5_66L5[0] = 0;
  bit __s_tmp_cond_elim_71_70L0_70L0=0;
  int __s_pac88_71L0_71L0=1;
  __s_tmp_cond_elim_71_70L0_70L0 = 0;
  int __s_pac89_71L1_71L1=1;
  __s_Item_tid_32_66L5_66L5[1] = 0;
  bit __s_tmp_cond_elim_71_72L0_72L0=0;
  int __s_pac88_73L0_73L0=2;
  __s_tmp_cond_elim_71_72L0_72L0 = 0;
  int __s_pac89_73L1_73L1=2;
  __s_Item_tid_32_66L5_66L5[2] = 0;
  bit __s_tmp_cond_elim_71_74L0_74L0=0;
  int __s_pac88_75L0_75L0=3;
  __s_tmp_cond_elim_71_74L0_74L0 = 0;
  int __s_pac89_75L1_75L1=3;
  __s_Item_tid_32_66L5_66L5[3] = 0;
  bit __s_tmp_cond_elim_71_76L0_76L0=0;
  int __s_pac88_77L0_77L0=4;
  __s_tmp_cond_elim_71_76L0_76L0 = 0;
  int __s_pac89_77L1_77L1=4;
  __s_Item_tid_32_66L5_66L5[4] = 0;
  bit __s_tmp_cond_elim_71_78L0_78L0=0;
  int __s_pac88_79L0_79L0=5;
  __s_tmp_cond_elim_71_78L0_78L0 = 0;
  int __s_pac89_79L1_79L1=5;
  __s_Item_tid_32_66L5_66L5[5] = 0;
  bit __s_tmp_cond_elim_71_80L0_80L0=0;
  int __s_pac88_81L0_81L0=6;
  __s_tmp_cond_elim_71_80L0_80L0 = 0;
  int __s_pac89_81L1_81L1=6;
  __s_Item_tid_32_66L5_66L5[6] = 0;
  bit __s_tmp_cond_elim_71_82L0_82L0=0;
  int __s_pac88_83L0_83L0=7;
  __s_tmp_cond_elim_71_82L0_82L0 = 0;
  int __s_pac89_83L1_83L1=7;
  __s_Item_tid_32_66L5_66L5[7] = 0;
  bit __s_tmp_cond_elim_71_84L0_84L0=0;
  int __s_pac88_85L0_85L0=8;
  __s_tmp_cond_elim_71_84L0_84L0 = 0;
  int __s_pac89_85L1_85L1=8;
  __s_Item_tid_32_66L5_66L5[8] = 0;
  bit __s_tmp_cond_elim_71_86L0_86L0=0;
  int __s_pac88_87L0_87L0=9;
  __s_tmp_cond_elim_71_86L0_86L0 = 0;
  int __s_pac89_87L1_87L1=9;
  __s_Item_tid_32_66L5_66L5[9] = 0;
  bit __s_tmp_cond_elim_72_89L0_89L0=0;
  int __s_pac90_90L0_90L0=0;
  __s_tmp_cond_elim_72_89L0_89L0 = 0;
  int __s_pac91_90L1_90L1=0;
  __s_Item_id_33_66L6_66L6[0] = 0;
  bit __s_tmp_cond_elim_72_91L0_91L0=0;
  int __s_pac90_92L0_92L0=1;
  __s_tmp_cond_elim_72_91L0_91L0 = 0;
  int __s_pac91_92L1_92L1=1;
  __s_Item_id_33_66L6_66L6[1] = 0;
  bit __s_tmp_cond_elim_72_93L0_93L0=0;
  int __s_pac90_94L0_94L0=2;
  __s_tmp_cond_elim_72_93L0_93L0 = 0;
  int __s_pac91_94L1_94L1=2;
  __s_Item_id_33_66L6_66L6[2] = 0;
  bit __s_tmp_cond_elim_72_95L0_95L0=0;
  int __s_pac90_96L0_96L0=3;
  __s_tmp_cond_elim_72_95L0_95L0 = 0;
  int __s_pac91_96L1_96L1=3;
  __s_Item_id_33_66L6_66L6[3] = 0;
  bit __s_tmp_cond_elim_72_97L0_97L0=0;
  int __s_pac90_98L0_98L0=4;
  __s_tmp_cond_elim_72_97L0_97L0 = 0;
  int __s_pac91_98L1_98L1=4;
  __s_Item_id_33_66L6_66L6[4] = 0;
  bit __s_tmp_cond_elim_72_99L0_99L0=0;
  int __s_pac90_100L0_100L0=5;
  __s_tmp_cond_elim_72_99L0_99L0 = 0;
  int __s_pac91_100L1_100L1=5;
  __s_Item_id_33_66L6_66L6[5] = 0;
  bit __s_tmp_cond_elim_72_101L0_101L0=0;
  int __s_pac90_102L0_102L0=6;
  __s_tmp_cond_elim_72_101L0_101L0 = 0;
  int __s_pac91_102L1_102L1=6;
  __s_Item_id_33_66L6_66L6[6] = 0;
  bit __s_tmp_cond_elim_72_103L0_103L0=0;
  int __s_pac90_104L0_104L0=7;
  __s_tmp_cond_elim_72_103L0_103L0 = 0;
  int __s_pac91_104L1_104L1=7;
  __s_Item_id_33_66L6_66L6[7] = 0;
  bit __s_tmp_cond_elim_72_105L0_105L0=0;
  int __s_pac90_106L0_106L0=8;
  __s_tmp_cond_elim_72_105L0_105L0 = 0;
  int __s_pac91_106L1_106L1=8;
  __s_Item_id_33_66L6_66L6[8] = 0;
  bit __s_tmp_cond_elim_72_107L0_107L0=0;
  int __s_pac90_108L0_108L0=9;
  __s_tmp_cond_elim_72_107L0_107L0 = 0;
  int __s_pac91_108L1_108L1=9;
  __s_Item_id_33_66L6_66L6[9] = 0;
  int __s_Queue_nextInstance_34_108L7_108L7=0; int[10] __s_Queue_prevHead_36_108L8_108L8={0,0,0,0,0,0,0,0,0,0}; int[10] __s_Queue_tail_35_108L9_108L9={0,0,0,0,0,0,0,0,0,0};
  int __s_tmp_cond_elim_73_110L0_110L0=0;
  int __s_pac92_111L0_111L0=0;
  __s_tmp_cond_elim_73_110L0_110L0 = null;
  int __s_pac93_111L1_111L1=0;
  __s_Queue_prevHead_36_108L8_108L8[0] = __s_tmp_cond_elim_73_110L0_110L0;
  int __s_tmp_cond_elim_73_112L0_112L0=0;
  int __s_pac92_113L0_113L0=1;
  __s_tmp_cond_elim_73_112L0_112L0 = null;
  int __s_pac93_113L1_113L1=1;
  __s_Queue_prevHead_36_108L8_108L8[1] = __s_tmp_cond_elim_73_112L0_112L0;
  int __s_tmp_cond_elim_73_114L0_114L0=0;
  int __s_pac92_115L0_115L0=2;
  __s_tmp_cond_elim_73_114L0_114L0 = null;
  int __s_pac93_115L1_115L1=2;
  __s_Queue_prevHead_36_108L8_108L8[2] = __s_tmp_cond_elim_73_114L0_114L0;
  int __s_tmp_cond_elim_73_116L0_116L0=0;
  int __s_pac92_117L0_117L0=3;
  __s_tmp_cond_elim_73_116L0_116L0 = null;
  int __s_pac93_117L1_117L1=3;
  __s_Queue_prevHead_36_108L8_108L8[3] = __s_tmp_cond_elim_73_116L0_116L0;
  int __s_tmp_cond_elim_73_118L0_118L0=0;
  int __s_pac92_119L0_119L0=4;
  __s_tmp_cond_elim_73_118L0_118L0 = null;
  int __s_pac93_119L1_119L1=4;
  __s_Queue_prevHead_36_108L8_108L8[4] = __s_tmp_cond_elim_73_118L0_118L0;
  int __s_tmp_cond_elim_73_120L0_120L0=0;
  int __s_pac92_121L0_121L0=5;
  __s_tmp_cond_elim_73_120L0_120L0 = null;
  int __s_pac93_121L1_121L1=5;
  __s_Queue_prevHead_36_108L8_108L8[5] = __s_tmp_cond_elim_73_120L0_120L0;
  int __s_tmp_cond_elim_73_122L0_122L0=0;
  int __s_pac92_123L0_123L0=6;
  __s_tmp_cond_elim_73_122L0_122L0 = null;
  int __s_pac93_123L1_123L1=6;
  __s_Queue_prevHead_36_108L8_108L8[6] = __s_tmp_cond_elim_73_122L0_122L0;
  int __s_tmp_cond_elim_73_124L0_124L0=0;
  int __s_pac92_125L0_125L0=7;
  __s_tmp_cond_elim_73_124L0_124L0 = null;
  int __s_pac93_125L1_125L1=7;
  __s_Queue_prevHead_36_108L8_108L8[7] = __s_tmp_cond_elim_73_124L0_124L0;
  int __s_tmp_cond_elim_73_126L0_126L0=0;
  int __s_pac92_127L0_127L0=8;
  __s_tmp_cond_elim_73_126L0_126L0 = null;
  int __s_pac93_127L1_127L1=8;
  __s_Queue_prevHead_36_108L8_108L8[8] = __s_tmp_cond_elim_73_126L0_126L0;
  int __s_tmp_cond_elim_73_128L0_128L0=0;
  int __s_pac92_129L0_129L0=9;
  __s_tmp_cond_elim_73_128L0_128L0 = null;
  int __s_pac93_129L1_129L1=9;
  __s_Queue_prevHead_36_108L8_108L8[9] = __s_tmp_cond_elim_73_128L0_128L0;
  int __s_tmp_cond_elim_74_131L0_131L0=0;
  int __s_pac94_132L0_132L0=0;
  __s_tmp_cond_elim_74_131L0_131L0 = null;
  int __s_pac95_132L1_132L1=0;
  __s_Queue_tail_35_108L9_108L9[0] = __s_tmp_cond_elim_74_131L0_131L0;
  int __s_tmp_cond_elim_74_133L0_133L0=0;
  int __s_pac94_134L0_134L0=1;
  __s_tmp_cond_elim_74_133L0_133L0 = null;
  int __s_pac95_134L1_134L1=1;
  __s_Queue_tail_35_108L9_108L9[1] = __s_tmp_cond_elim_74_133L0_133L0;
  int __s_tmp_cond_elim_74_135L0_135L0=0;
  int __s_pac94_136L0_136L0=2;
  __s_tmp_cond_elim_74_135L0_135L0 = null;
  int __s_pac95_136L1_136L1=2;
  __s_Queue_tail_35_108L9_108L9[2] = __s_tmp_cond_elim_74_135L0_135L0;
  int __s_tmp_cond_elim_74_137L0_137L0=0;
  int __s_pac94_138L0_138L0=3;
  __s_tmp_cond_elim_74_137L0_137L0 = null;
  int __s_pac95_138L1_138L1=3;
  __s_Queue_tail_35_108L9_108L9[3] = __s_tmp_cond_elim_74_137L0_137L0;
  int __s_tmp_cond_elim_74_139L0_139L0=0;
  int __s_pac94_140L0_140L0=4;
  __s_tmp_cond_elim_74_139L0_139L0 = null;
  int __s_pac95_140L1_140L1=4;
  __s_Queue_tail_35_108L9_108L9[4] = __s_tmp_cond_elim_74_139L0_139L0;
  int __s_tmp_cond_elim_74_141L0_141L0=0;
  int __s_pac94_142L0_142L0=5;
  __s_tmp_cond_elim_74_141L0_141L0 = null;
  int __s_pac95_142L1_142L1=5;
  __s_Queue_tail_35_108L9_108L9[5] = __s_tmp_cond_elim_74_141L0_141L0;
  int __s_tmp_cond_elim_74_143L0_143L0=0;
  int __s_pac94_144L0_144L0=6;
  __s_tmp_cond_elim_74_143L0_143L0 = null;
  int __s_pac95_144L1_144L1=6;
  __s_Queue_tail_35_108L9_108L9[6] = __s_tmp_cond_elim_74_143L0_143L0;
  int __s_tmp_cond_elim_74_145L0_145L0=0;
  int __s_pac94_146L0_146L0=7;
  __s_tmp_cond_elim_74_145L0_145L0 = null;
  int __s_pac95_146L1_146L1=7;
  __s_Queue_tail_35_108L9_108L9[7] = __s_tmp_cond_elim_74_145L0_145L0;
  int __s_tmp_cond_elim_74_147L0_147L0=0;
  int __s_pac94_148L0_148L0=8;
  __s_tmp_cond_elim_74_147L0_147L0 = null;
  int __s_pac95_148L1_148L1=8;
  __s_Queue_tail_35_108L9_108L9[8] = __s_tmp_cond_elim_74_147L0_147L0;
  int __s_tmp_cond_elim_74_149L0_149L0=0;
  int __s_pac94_150L0_150L0=9;
  __s_tmp_cond_elim_74_149L0_149L0 = null;
  int __s_pac95_150L1_150L1=9;
  __s_Queue_tail_35_108L9_108L9[9] = __s_tmp_cond_elim_74_149L0_149L0;
  _out_1L0_1L0_1L0_1L0 = 0;
  bit _has_out__3L0_3L0_151L0_151L0=0;
  int q_4L1_4L1_152L1_152L1=0;
  int _ret_0_4L2_4L2_152L2_152L2=0;
  int _out_106L1_7L0_154L0_154L0=0;
  bit _has_out__108L0_8L0_155L0_155L0=0;
  int q_108L1_8L1_155L1_155L1=0;
  int __s_tmp_new_Queue_24_8L2_155L2_155L2=0;
  atomic
  {
    __s_tmp_new_Queue_24_8L2_155L2_155L2 = 0;
    __s_Queue_nextInstance_34_108L7_108L7 = 1;
  }
  q_108L1_8L1_155L1_155L1 = 0;
  int _ret_0_108L2_9L3_156L3_156L3=null;
  int _ret_1_108L3_9L4_156L4_156L4=null;
  int _ret_2_108L4_9L5_156L5_156L5=0;
  int obj_1474L7_12L0_158L0_158L0=_ret_0_108L2_9L3_156L3_156L3;
  int next_1474L7_12L1_158L1_158L1=_ret_1_108L3_9L4_156L4_156L4;
  bit taken_1474L8_12L2_158L2_158L2=1;
  int _out_1474L9_12L3_158L3_158L3=0;
  bit _has_out__1476L0_13L0_159L0_159L0=0;
  int n_1476L1_13L1_159L1_159L1=0;
  int __s_tmp_new_Node_26_13L2_159L2_159L2=0;
  atomic
  {
    __s_tmp_new_Node_26_13L2_159L2_159L2 = 0;
  }
  n_1476L1_13L1_159L1_159L1 = 0;
  int __s_pac96_161L0_161L0=0;
  __s_Node_obj_28_3L1_3L1[0] = _ret_0_108L2_9L3_156L3_156L3;
  int __s_pac97_162L0_162L0=0;
  __s_Node_next_29_3L2_3L2[0] = _ret_1_108L3_9L4_156L4_156L4;
  int __s_pac98_163L0_163L0=0;
  __s_Node_taken_30_3L3_3L3[0] = 1;
  _out_1474L9_12L3_158L3_158L3 = 0;
  _has_out__1476L0_13L0_159L0_159L0 = 1;
  _ret_2_108L4_9L5_156L5_156L5 = 0;
  int __s_pac99_165L0_165L0=0;
  __s_Queue_prevHead_36_108L8_108L8[0] = 0;
  int __s_pac100_166L0_166L0=0;
  int __s_pac101_166L1_166L1=0;
  __s_Queue_tail_35_108L9_108L9[0] = __s_Queue_prevHead_36_108L8_108L8[0];
  _out_106L1_7L0_154L0_154L0 = 0;
  _has_out__108L0_8L0_155L0_155L0 = 1;
  _ret_0_4L2_4L2_152L2_152L2 = 0;
  q_4L1_4L1_152L1_152L1 = 0;
  int dqCount_5L3_21L3_167L3_167L3=0;
  int _ret_1_5L4_21L4_167L4_167L4=0;
  int tid_112L1_24L0_169L0_169L0=3;
  int id_112L2_24L1_169L1_169L1=2;
  int _out_112L3_24L2_169L2_169L2=0;
  bit _has_out__114L0_25L0_170L0_170L0=0;
  int it_114L1_25L1_170L1_170L1=0;
  int __s_tmp_new_Item_25_25L2_170L2_170L2=0;
  atomic
  {
    __s_tmp_new_Item_25_25L2_170L2_170L2 = 0;
    __s_Item_nextInstance_31_66L4_66L4 = 1;
  }
  it_114L1_25L1_170L1_170L1 = 0;
  int __s_pac102_172L0_172L0=0;
  __s_Item_tid_32_66L5_66L5[0] = 3;
  int __s_pac103_173L0_173L0=0;
  __s_Item_id_33_66L6_66L6[0] = 2;
  _out_112L3_24L2_169L2_169L2 = 0;
  _has_out__114L0_25L0_170L0_170L0 = 1;
  _ret_1_5L4_21L4_167L4_167L4 = 0;
  int Q_117L3_32L0_176L0_176L0=0;
  int obj_117L4_32L1_176L1_176L1=0;
  bit _has_out__119L0_33L0_177L0_177L0=0;
  int n_119L1_33L1_177L1_177L1=0;
  int _ret_0_119L2_33L2_177L2_177L2=null;
  int _ret_1_119L3_33L3_177L3_177L3=0;
  int obj_1474L7_36L0_179L0_179L0=0;
  int next_1474L7_36L1_179L1_179L1=_ret_0_119L2_33L2_177L2_177L2;
  bit taken_1474L8_36L2_179L2_179L2=0;
  int _out_1474L9_36L3_179L3_179L3=0;
  bit _has_out__1476L0_37L0_180L0_180L0=0;
  int n_1476L1_37L1_180L1_180L1=0;
  int __s_tmp_new_Node_26_37L2_180L2_180L2=0;
  atomic
  {
    __s_tmp_new_Node_26_37L2_180L2_180L2 = 1;
    __s_Node_nextInstance_27_3L0_3L0 = 2;
  }
  n_1476L1_37L1_180L1_180L1 = 1;
  int __s_pac104_182L0_182L0=1;
  __s_Node_obj_28_3L1_3L1[1] = 0;
  int __s_pac105_183L0_183L0=1;
  __s_Node_next_29_3L2_3L2[1] = _ret_0_119L2_33L2_177L2_177L2;
  int __s_pac106_184L0_184L0=1;
  __s_Node_taken_30_3L3_3L3[1] = 0;
  _out_1474L9_36L3_179L3_179L3 = 1;
  _has_out__1476L0_37L0_180L0_180L0 = 1;
  _ret_1_119L3_33L3_177L3_177L3 = 1;
  n_119L1_33L1_177L1_177L1 = 1;
  int tmp_120L4_42L4_185L4_185L4=null;
  bit[3] __sa18_121L0_43L0_186L0_186L0={0,0,0};
  int __s_pac107_188L0_188L0=0;
  __sa18_121L0_43L0_186L0_186L0[0] = 0;
  int __s_pac107_189L0_189L0=1;
  __sa18_121L0_43L0_186L0_186L0[1] = 0;
  int __s_pac107_190L0_190L0=2;
  __sa18_121L0_43L0_186L0_186L0[2] = 0;
  bit __s_pac_sc108_192L0_192L0=0;
  int __s_pac109_193L0_193L0=0;
  __s_pac_sc108_192L0_192L0 = !(__sa18_121L0_43L0_186L0_186L0[0]);
  int _rhs_124L0_47L0_195L0_195L0=0;
  int _whichrhs_124L1_47L1_195L1_195L1=0;
  bit __s_atomize_sc5_125L0_48L0_196L0_196L0=1;
  int __s_pac111_200L0_200L0=0;
  int __s_pac110_200L1_200L1=__s_Queue_tail_35_108L9_108L9[0];
  _rhs_124L0_47L0_195L0_195L0 = __s_Node_next_29_3L2_3L2[0];
  int _whichassn_141L2_64L2_212L2_200L2=4;
  bit __s_atomize_sc6_142L0_65L0_213L0_201L0=1;
  int __s_pac119_229L0_206L0=1;
  __s_Node_next_29_3L2_3L2[1] = _rhs_124L0_47L0_195L0_195L0;
  int __s_pac120_231L0_206L0=0;
  __sa18_121L0_43L0_186L0_186L0[0] = 1;
  bit __s_pac_sc227_474L0_207L0=0;
  bit __s_pac_sc240_514L0_208L0=0;
  bit _cond_617L0_540L0_691L0_210L0=0;
  int _rhs_619L0_542L0_693L0_212L0=0;
  int _whichrhs_619L1_542L1_693L1_212L1=5;
  bit __s_atomize_sc9_620L0_543L0_694L0_213L0=1;
  _rhs_619L0_542L0_693L0_212L0 = 1;
  int _whichop_636L2_559L2_710L2_217L2=1;
  bit __s_atomize_sc10_637L0_560L0_711L0_218L0=1;
  _cond_617L0_540L0_691L0_210L0 = (tmp_120L4_42L4_185L4_185L4)!=(1);
  if(_cond_617L0_540L0_691L0_210L0)
  {
    __s_Node_next_29_3L2_3L2[0] = 1;
  }
  int __s_pac345_755L0_235L0=2;
  __sa18_121L0_43L0_186L0_186L0[2] = 1;
  bit __s_pac_sc346_756L0_236L0=0;
  bit __s_pac_sc359_796L0_237L0=0;
  int __s_pac360_797L0_238L0=1;
  __s_pac_sc359_796L0_237L0 = !(__sa18_121L0_43L0_186L0_186L0[1]);
  int _whichrhs_723L0_646L0_799L0_240L0=2;
  bit __s_atomize_sc7_724L0_647L0_800L0_241L0=1;
  int _whichlhs_726L1_649L1_802L1_243L1=1;
  bit __s_atomize_sc8_727L0_650L0_803L0_244L0=1;
  atomic
  {
    tmp_120L4_42L4_185L4_185L4 = __s_Queue_tail_35_108L9_108L9[0];
    __s_Queue_tail_35_108L9_108L9[0] = __s_Node_next_29_3L2_3L2[0];
  }
  int __s_pac448_971L0_252L0=1;
  __sa18_121L0_43L0_186L0_186L0[1] = 1;
  int __s_pac465_1038L0_253L0=0;
  bit __s_pac_sc466_1038L1_253L1=0;
  int __s_pac467_1039L0_254L0=1;
  __s_pac_sc466_1038L1_253L1 = __sa18_121L0_43L0_186L0_186L0[1];
  bit __s_pac_sc468_1039L2_254L2=0;
  int __s_pac469_1040L0_255L0=2;
  __s_pac_sc468_1039L2_254L2 = __sa18_121L0_43L0_186L0_186L0[2];
  int x_7L5_885L5_1040L5_255L5=0;
  int _ret_2_7L6_885L6_1040L6_255L6=0;
  int q_962L5_888L0_1042L0_257L0=0;
  int _out_962L6_888L1_1042L1_257L1=0;
  bit _has_out__964L0_889L0_1043L0_258L0=0;
  int tmp_964L1_889L1_1043L1_258L1=null;
  bit wasTaken_964L2_889L2_1043L2_258L2=1;
  bit done_964L3_889L3_1043L3_258L3=0;
  int ret_964L4_889L4_1043L4_258L4=null;
  for(int i_966L0_891L0_1045L0_260L0=0;(i_966L0_891L0_1045L0_260L0)<(3);i_966L0_891L0_1045L0_260L0 = (i_966L0_891L0_1045L0_260L0)+(1))
  {
    if(!(done_964L3_889L3_1043L3_258L3))
    {
      bit[4] __sa19_1271L0_1198L0_1392L0_371L0={0,0,0,0};
      __sa19_1271L0_1198L0_1392L0_371L0[0] = 0;
      __sa19_1271L0_1198L0_1392L0_371L0[1] = 0;
      __sa19_1271L0_1198L0_1392L0_371L0[2] = 0;
      __sa19_1271L0_1198L0_1392L0_371L0[3] = 0;
      if(!(done_964L3_889L3_1043L3_258L3))
      {
        int __s_tmp_cond_elim_1_1278L0_1206L0_1406L0_384L0=0;
        int __s_pac474_1407L1_385L1=__s_Queue_prevHead_36_108L8_108L8[0];
        __s_tmp_cond_elim_1_1278L0_1206L0_1406L0_384L0 = __s_Node_next_29_3L2_3L2[__s_pac474_1407L1_385L1];
        tmp_964L1_889L1_1043L1_258L1 = __s_tmp_cond_elim_1_1278L0_1206L0_1406L0_384L0;
      }
      __sa19_1271L0_1198L0_1392L0_371L0[0] = 1;
      bit __s_atomize_sc13_1319L0_1247L0_1451L0_390L0=!(done_964L3_889L3_1043L3_258L3);
      if(__s_atomize_sc13_1319L0_1247L0_1451L0_390L0)
      {
        __s_atomize_sc13_1319L0_1247L0_1451L0_390L0 = (null)==(tmp_964L1_889L1_1043L1_258L1);
      }
      if(__s_atomize_sc13_1319L0_1247L0_1451L0_390L0)
      {
        done_964L3_889L3_1043L3_258L3 = 1;
        ret_964L4_889L4_1043L4_258L4 = null;
      }
      __sa19_1271L0_1198L0_1392L0_371L0[1] = 1;
      if(!(done_964L3_889L3_1043L3_258L3))
      {
        __s_Queue_prevHead_36_108L8_108L8[0] = tmp_964L1_889L1_1043L1_258L1;
      }
      __sa19_1271L0_1198L0_1392L0_371L0[2] = 1;
      bit __s_atomize_sc14_1408L0_1336L0_1547L0_408L0=!(done_964L3_889L3_1043L3_258L3);
      if(__s_atomize_sc14_1408L0_1336L0_1547L0_408L0)
      {
        __s_atomize_sc14_1408L0_1336L0_1547L0_408L0 = (0)==(__s_Node_taken_30_3L3_3L3[tmp_964L1_889L1_1043L1_258L1]);
      }
      if(__s_atomize_sc14_1408L0_1336L0_1547L0_408L0)
      {
        atomic
        {
          wasTaken_964L2_889L2_1043L2_258L2 = __s_Node_taken_30_3L3_3L3[tmp_964L1_889L1_1043L1_258L1];
          __s_Node_taken_30_3L3_3L3[tmp_964L1_889L1_1043L1_258L1] = 1;
        }
        if((0)==(wasTaken_964L2_889L2_1043L2_258L2))
        {
          done_964L3_889L3_1043L3_258L3 = 1;
          ret_964L4_889L4_1043L4_258L4 = __s_Node_obj_28_3L1_3L1[tmp_964L1_889L1_1043L1_258L1];
        }
      }
      __sa19_1271L0_1198L0_1392L0_371L0[3] = 1;
    }
  }
  _out_962L6_888L1_1042L1_257L1 = ret_964L4_889L4_1043L4_258L4;
  _has_out__964L0_889L0_1043L0_258L0 = 1;
  _ret_2_7L6_885L6_1040L6_255L6 = ret_964L4_889L4_1043L4_258L4;
  x_7L5_885L5_1040L5_255L5 = ret_964L4_889L4_1043L4_258L4;
  bit __s_atomize_sc15_9L0_1347L0_1561L0_422L0=(ret_964L4_889L4_1043L4_258L4)!=(null);
  if(__s_atomize_sc15_9L0_1347L0_1561L0_422L0)
  {
    __s_atomize_sc15_9L0_1347L0_1561L0_422L0 = (__s_Item_tid_32_66L5_66L5[ret_964L4_889L4_1043L4_258L4])==(3);
  }
  bit __s_atomize_sc16_10L1_1348L1_1562L1_423L1=__s_atomize_sc15_9L0_1347L0_1561L0_422L0;
  if(__s_atomize_sc15_9L0_1347L0_1561L0_422L0)
  {
    __s_atomize_sc16_10L1_1348L1_1562L1_423L1 = (__s_Item_id_33_66L6_66L6[ret_964L4_889L4_1043L4_258L4])==(2);
  }
  fork(int i_14L0_1352L0_1566L0_427L0; 2)
  {
    if(((i_14L0_1352L0_1566L0_427L0)%(2))==(0))
    {
      for(int j_20L0_1358L0_1572L0_434L0=0;(j_20L0_1358L0_1572L0_434L0)<(1);j_20L0_1358L0_1572L0_434L0 = (j_20L0_1358L0_1572L0_434L0)+(1))
      {
        int _ret_3_33L0_3095L0_3327L0_619L0=(j_20L0_1358L0_1572L0_434L0)+(1);
        int __s_tmp_new_Item_25_3099L2_3330L2_622L2=0;
        atomic
        {
          __s_tmp_new_Item_25_3099L2_3330L2_622L2 = __s_Item_nextInstance_31_66L4_66L4;
          __s_Item_nextInstance_31_66L4_66L4 = (__s_Item_nextInstance_31_66L4_66L4)+(1);
        }
        __s_Item_tid_32_66L5_66L5[__s_tmp_new_Item_25_3099L2_3330L2_622L2] = i_14L0_1352L0_1566L0_427L0;
        __s_Item_id_33_66L6_66L6[__s_tmp_new_Item_25_3099L2_3330L2_622L2] = _ret_3_33L0_3095L0_3327L0_619L0;
        int _ret_0_119L2_3107L2_3337L2_629L2=null;
        int __s_tmp_new_Node_26_3111L2_3340L2_632L2=0;
        atomic
        {
          __s_tmp_new_Node_26_3111L2_3340L2_632L2 = __s_Node_nextInstance_27_3L0_3L0;
          __s_Node_nextInstance_27_3L0_3L0 = (__s_Node_nextInstance_27_3L0_3L0)+(1);
        }
        __s_Node_obj_28_3L1_3L1[__s_tmp_new_Node_26_3111L2_3340L2_632L2] = __s_tmp_new_Item_25_3099L2_3330L2_622L2;
        __s_Node_next_29_3L2_3L2[__s_tmp_new_Node_26_3111L2_3340L2_632L2] = _ret_0_119L2_3107L2_3337L2_629L2;
        __s_Node_taken_30_3L3_3L3[__s_tmp_new_Node_26_3111L2_3340L2_632L2] = 0;
        int tmp_120L4_3116L4_3345L4_637L4=null;
        bit[3] __sa18_121L0_3117L0_3346L0_638L0={0,0,0};
        __sa18_121L0_3117L0_3346L0_638L0[0] = 0;
        __sa18_121L0_3117L0_3346L0_638L0[1] = 0;
        __sa18_121L0_3117L0_3346L0_638L0[2] = 0;
        int _rhs_124L0_3121L0_3355L0_647L0=0;
        int __s_pac588_3360L1_652L1=__s_Queue_tail_35_108L9_108L9[0];
        _rhs_124L0_3121L0_3355L0_647L0 = __s_Node_next_29_3L2_3L2[__s_pac588_3360L1_652L1];
        __s_Node_next_29_3L2_3L2[__s_tmp_new_Node_26_3111L2_3340L2_632L2] = _rhs_124L0_3121L0_3355L0_647L0;
        __sa18_121L0_3117L0_3346L0_638L0[0] = 1;
        bit _cond_617L0_3614L0_3851L0_662L0=(tmp_120L4_3116L4_3345L4_637L4)!=(__s_tmp_new_Node_26_3111L2_3340L2_632L2);
        if(_cond_617L0_3614L0_3851L0_662L0)
        {
          int __s_pac818_3902L1_687L1=__s_Queue_tail_35_108L9_108L9[0];
          __s_Node_next_29_3L2_3L2[__s_pac818_3902L1_687L1] = __s_tmp_new_Node_26_3111L2_3340L2_632L2;
        }
        __sa18_121L0_3117L0_3346L0_638L0[2] = 1;
        atomic
        {
          tmp_120L4_3116L4_3345L4_637L4 = __s_Queue_tail_35_108L9_108L9[0];
          __s_Queue_tail_35_108L9_108L9[0] = __s_Node_next_29_3L2_3L2[tmp_120L4_3116L4_3345L4_637L4];
        }
        __sa18_121L0_3117L0_3346L0_638L0[1] = 1;
      }
    }
    else
    {
      int[2] lastId_37L0_3961L0_4202L0_709L0={0,0};
      lastId_37L0_3961L0_4202L0_709L0[0] = 0;
      lastId_37L0_3961L0_4202L0_709L0[1] = 0;
      for(int j_39L0_3963L0_4207L0_714L0=0;(j_39L0_3963L0_4207L0_714L0)<(1);j_39L0_3963L0_4207L0_714L0 = (j_39L0_3963L0_4207L0_714L0)+(1))
      {
        int tmp_964L1_4908L1_5269L1_1068L1=null;
        bit wasTaken_964L2_4908L2_5269L2_1068L2=0;
        bit done_964L3_4908L3_5269L3_1068L3=0;
        int ret_964L4_4908L4_5269L4_1068L4=null;
        for(int i_966L0_4910L0_5271L0_1070L0=0;(i_966L0_4910L0_5271L0_1070L0)<(3);i_966L0_4910L0_5271L0_1070L0 = (i_966L0_4910L0_5271L0_1070L0)+(1))
        {
          if(!(done_964L3_4908L3_5269L3_1068L3))
          {
            bit[4] __sa19_1271L0_5217L0_5618L0_1181L0={0,0,0,0};
            __sa19_1271L0_5217L0_5618L0_1181L0[0] = 0;
            __sa19_1271L0_5217L0_5618L0_1181L0[1] = 0;
            __sa19_1271L0_5217L0_5618L0_1181L0[2] = 0;
            __sa19_1271L0_5217L0_5618L0_1181L0[3] = 0;
            if(!(done_964L3_4908L3_5269L3_1068L3))
            {
              int __s_tmp_cond_elim_1_1278L0_5225L0_5632L0_1194L0=0;
              int __s_pac953_5633L1_1195L1=__s_Queue_prevHead_36_108L8_108L8[0];
              __s_tmp_cond_elim_1_1278L0_5225L0_5632L0_1194L0 = __s_Node_next_29_3L2_3L2[__s_pac953_5633L1_1195L1];
              tmp_964L1_4908L1_5269L1_1068L1 = __s_tmp_cond_elim_1_1278L0_5225L0_5632L0_1194L0;
            }
            __sa19_1271L0_5217L0_5618L0_1181L0[0] = 1;
            bit __s_atomize_sc13_1319L0_5266L0_5677L0_1200L0=!(done_964L3_4908L3_5269L3_1068L3);
            if(__s_atomize_sc13_1319L0_5266L0_5677L0_1200L0)
            {
              __s_atomize_sc13_1319L0_5266L0_5677L0_1200L0 = (null)==(tmp_964L1_4908L1_5269L1_1068L1);
            }
            if(__s_atomize_sc13_1319L0_5266L0_5677L0_1200L0)
            {
              done_964L3_4908L3_5269L3_1068L3 = 1;
              ret_964L4_4908L4_5269L4_1068L4 = null;
            }
            __sa19_1271L0_5217L0_5618L0_1181L0[1] = 1;
            if(!(done_964L3_4908L3_5269L3_1068L3))
            {
              __s_Queue_prevHead_36_108L8_108L8[0] = tmp_964L1_4908L1_5269L1_1068L1;
            }
            __sa19_1271L0_5217L0_5618L0_1181L0[2] = 1;
            bit __s_atomize_sc14_1408L0_5355L0_5773L0_1218L0=!(done_964L3_4908L3_5269L3_1068L3);
            if(__s_atomize_sc14_1408L0_5355L0_5773L0_1218L0)
            {
              __s_atomize_sc14_1408L0_5355L0_5773L0_1218L0 = (0)==(__s_Node_taken_30_3L3_3L3[tmp_964L1_4908L1_5269L1_1068L1]);
            }
            if(__s_atomize_sc14_1408L0_5355L0_5773L0_1218L0)
            {
              atomic
              {
                wasTaken_964L2_4908L2_5269L2_1068L2 = __s_Node_taken_30_3L3_3L3[tmp_964L1_4908L1_5269L1_1068L1];
                __s_Node_taken_30_3L3_3L3[tmp_964L1_4908L1_5269L1_1068L1] = 1;
              }
              if((0)==(wasTaken_964L2_4908L2_5269L2_1068L2))
              {
                done_964L3_4908L3_5269L3_1068L3 = 1;
                ret_964L4_4908L4_5269L4_1068L4 = __s_Node_obj_28_3L1_3L1[tmp_964L1_4908L1_5269L1_1068L1];
              }
            }
            __sa19_1271L0_5217L0_5618L0_1181L0[3] = 1;
          }
        }
        if((ret_964L4_4908L4_5269L4_1068L4)!=(null))
        {
          int __s_pac1060_5789L1_1234L1=__s_Item_tid_32_66L5_66L5[ret_964L4_4908L4_5269L4_1068L4];
          lastId_37L0_3961L0_4202L0_709L0[__s_pac1060_5789L1_1234L1] = __s_Item_id_33_66L6_66L6[ret_964L4_4908L4_5269L4_1068L4];
          atomic
          {
            dqCount_5L3_21L3_167L3_167L3 = (dqCount_5L3_21L3_167L3_167L3)+(1);
          }
        }
      }
    }
  }
  int[2] lastId_68L8_5429L8_5849L8_1294L8={0,0};
  lastId_68L8_5429L8_5849L8_1294L8[0] = 0;
  lastId_68L8_5429L8_5849L8_1294L8[1] = 0;
  bit done_68L9_5429L9_5852L9_1297L9=0;
  for(int i_70L0_5431L0_5854L0_1299L0=0;(i_70L0_5431L0_5854L0_1299L0)<(3);i_70L0_5431L0_5854L0_1299L0 = (i_70L0_5431L0_5854L0_1299L0)+(1))
  {
    if(!(done_68L9_5429L9_5852L9_1297L9))
    {
      int tmp_964L1_6379L1_6919L1_1656L1=null;
      bit wasTaken_964L2_6379L2_6919L2_1656L2=0;
      bit done_964L3_6379L3_6919L3_1656L3=0;
      int ret_964L4_6379L4_6919L4_1656L4=null;
      for(int i_966L0_6381L0_6921L0_1658L0=0;(i_966L0_6381L0_6921L0_1658L0)<(3);i_966L0_6381L0_6921L0_1658L0 = (i_966L0_6381L0_6921L0_1658L0)+(1))
      {
        if(!(done_964L3_6379L3_6919L3_1656L3))
        {
          bit[4] __sa19_1271L0_6688L0_7268L0_1769L0={0,0,0,0};
          __sa19_1271L0_6688L0_7268L0_1769L0[0] = 0;
          __sa19_1271L0_6688L0_7268L0_1769L0[1] = 0;
          __sa19_1271L0_6688L0_7268L0_1769L0[2] = 0;
          __sa19_1271L0_6688L0_7268L0_1769L0[3] = 0;
          if(!(done_964L3_6379L3_6919L3_1656L3))
          {
            int __s_tmp_cond_elim_1_1278L0_6696L0_7282L0_1782L0=0;
            int __s_pac1083_7283L1_1783L1=__s_Queue_prevHead_36_108L8_108L8[0];
            __s_tmp_cond_elim_1_1278L0_6696L0_7282L0_1782L0 = __s_Node_next_29_3L2_3L2[__s_pac1083_7283L1_1783L1];
            tmp_964L1_6379L1_6919L1_1656L1 = __s_tmp_cond_elim_1_1278L0_6696L0_7282L0_1782L0;
          }
          __sa19_1271L0_6688L0_7268L0_1769L0[0] = 1;
          bit __s_atomize_sc13_1319L0_6737L0_7327L0_1788L0=!(done_964L3_6379L3_6919L3_1656L3);
          if(__s_atomize_sc13_1319L0_6737L0_7327L0_1788L0)
          {
            __s_atomize_sc13_1319L0_6737L0_7327L0_1788L0 = (null)==(tmp_964L1_6379L1_6919L1_1656L1);
          }
          if(__s_atomize_sc13_1319L0_6737L0_7327L0_1788L0)
          {
            done_964L3_6379L3_6919L3_1656L3 = 1;
            ret_964L4_6379L4_6919L4_1656L4 = null;
          }
          __sa19_1271L0_6688L0_7268L0_1769L0[1] = 1;
          if(!(done_964L3_6379L3_6919L3_1656L3))
          {
            __s_Queue_prevHead_36_108L8_108L8[0] = tmp_964L1_6379L1_6919L1_1656L1;
          }
          __sa19_1271L0_6688L0_7268L0_1769L0[2] = 1;
          bit __s_atomize_sc14_1408L0_6826L0_7423L0_1806L0=!(done_964L3_6379L3_6919L3_1656L3);
          if(__s_atomize_sc14_1408L0_6826L0_7423L0_1806L0)
          {
            __s_atomize_sc14_1408L0_6826L0_7423L0_1806L0 = (0)==(__s_Node_taken_30_3L3_3L3[tmp_964L1_6379L1_6919L1_1656L1]);
          }
          if(__s_atomize_sc14_1408L0_6826L0_7423L0_1806L0)
          {
            atomic
            {
              wasTaken_964L2_6379L2_6919L2_1656L2 = __s_Node_taken_30_3L3_3L3[tmp_964L1_6379L1_6919L1_1656L1];
              __s_Node_taken_30_3L3_3L3[tmp_964L1_6379L1_6919L1_1656L1] = 1;
            }
            if((0)==(wasTaken_964L2_6379L2_6919L2_1656L2))
            {
              done_964L3_6379L3_6919L3_1656L3 = 1;
              ret_964L4_6379L4_6919L4_1656L4 = __s_Node_obj_28_3L1_3L1[tmp_964L1_6379L1_6919L1_1656L1];
            }
          }
          __sa19_1271L0_6688L0_7268L0_1769L0[3] = 1;
        }
      }
      if((ret_964L4_6379L4_6919L4_1656L4)==(null))
      {
        done_68L9_5429L9_5852L9_1297L9 = 1;
      }
      else
      {
        int __s_pac1190_7441L1_1824L1=__s_Item_tid_32_66L5_66L5[ret_964L4_6379L4_6919L4_1656L4];
        lastId_68L8_5429L8_5849L8_1294L8[__s_pac1190_7441L1_1824L1] = __s_Item_id_33_66L6_66L6[ret_964L4_6379L4_6919L4_1656L4];
      }
    }
  }
  _out_1L0_1L0_1L0_1L0 = 1;
}
void T([!bit _out_103L1_6844L1_7444L1_1827L1])
{
  int[10] __s_Node_obj_38_7446L1_1829L1={0,0,0,0,0,0,0,0,0,0}; int[10] __s_Node_next_39_7446L2_1829L2={0,0,0,0,0,0,0,0,0,0}; bit[10] __s_Node_taken_40_7446L3_1829L3={0,0,0,0,0,0,0,0,0,0};
  int __s_tmp_cond_elim_75_7448L0_1831L0=null;
  __s_Node_obj_38_7446L1_1829L1[0] = __s_tmp_cond_elim_75_7448L0_1831L0;
  int __s_tmp_cond_elim_75_7450L0_1833L0=null;
  __s_Node_obj_38_7446L1_1829L1[1] = __s_tmp_cond_elim_75_7450L0_1833L0;
  int __s_tmp_cond_elim_75_7452L0_1835L0=null;
  __s_Node_obj_38_7446L1_1829L1[2] = __s_tmp_cond_elim_75_7452L0_1835L0;
  int __s_tmp_cond_elim_75_7454L0_1837L0=null;
  __s_Node_obj_38_7446L1_1829L1[3] = __s_tmp_cond_elim_75_7454L0_1837L0;
  int __s_tmp_cond_elim_75_7456L0_1839L0=null;
  __s_Node_obj_38_7446L1_1829L1[4] = __s_tmp_cond_elim_75_7456L0_1839L0;
  int __s_tmp_cond_elim_75_7458L0_1841L0=null;
  __s_Node_obj_38_7446L1_1829L1[5] = __s_tmp_cond_elim_75_7458L0_1841L0;
  int __s_tmp_cond_elim_75_7460L0_1843L0=null;
  __s_Node_obj_38_7446L1_1829L1[6] = __s_tmp_cond_elim_75_7460L0_1843L0;
  int __s_tmp_cond_elim_75_7462L0_1845L0=null;
  __s_Node_obj_38_7446L1_1829L1[7] = __s_tmp_cond_elim_75_7462L0_1845L0;
  int __s_tmp_cond_elim_75_7464L0_1847L0=null;
  __s_Node_obj_38_7446L1_1829L1[8] = __s_tmp_cond_elim_75_7464L0_1847L0;
  int __s_tmp_cond_elim_75_7466L0_1849L0=null;
  __s_Node_obj_38_7446L1_1829L1[9] = __s_tmp_cond_elim_75_7466L0_1849L0;
  int __s_tmp_cond_elim_76_7469L0_1852L0=null;
  __s_Node_next_39_7446L2_1829L2[0] = __s_tmp_cond_elim_76_7469L0_1852L0;
  int __s_tmp_cond_elim_76_7471L0_1854L0=null;
  __s_Node_next_39_7446L2_1829L2[1] = __s_tmp_cond_elim_76_7471L0_1854L0;
  int __s_tmp_cond_elim_76_7473L0_1856L0=null;
  __s_Node_next_39_7446L2_1829L2[2] = __s_tmp_cond_elim_76_7473L0_1856L0;
  int __s_tmp_cond_elim_76_7475L0_1858L0=null;
  __s_Node_next_39_7446L2_1829L2[3] = __s_tmp_cond_elim_76_7475L0_1858L0;
  int __s_tmp_cond_elim_76_7477L0_1860L0=null;
  __s_Node_next_39_7446L2_1829L2[4] = __s_tmp_cond_elim_76_7477L0_1860L0;
  int __s_tmp_cond_elim_76_7479L0_1862L0=null;
  __s_Node_next_39_7446L2_1829L2[5] = __s_tmp_cond_elim_76_7479L0_1862L0;
  int __s_tmp_cond_elim_76_7481L0_1864L0=null;
  __s_Node_next_39_7446L2_1829L2[6] = __s_tmp_cond_elim_76_7481L0_1864L0;
  int __s_tmp_cond_elim_76_7483L0_1866L0=null;
  __s_Node_next_39_7446L2_1829L2[7] = __s_tmp_cond_elim_76_7483L0_1866L0;
  int __s_tmp_cond_elim_76_7485L0_1868L0=null;
  __s_Node_next_39_7446L2_1829L2[8] = __s_tmp_cond_elim_76_7485L0_1868L0;
  int __s_tmp_cond_elim_76_7487L0_1870L0=null;
  __s_Node_next_39_7446L2_1829L2[9] = __s_tmp_cond_elim_76_7487L0_1870L0;
  __s_Node_taken_40_7446L3_1829L3[0] = 0;
  __s_Node_taken_40_7446L3_1829L3[1] = 0;
  __s_Node_taken_40_7446L3_1829L3[2] = 0;
  __s_Node_taken_40_7446L3_1829L3[3] = 0;
  __s_Node_taken_40_7446L3_1829L3[4] = 0;
  __s_Node_taken_40_7446L3_1829L3[5] = 0;
  __s_Node_taken_40_7446L3_1829L3[6] = 0;
  __s_Node_taken_40_7446L3_1829L3[7] = 0;
  __s_Node_taken_40_7446L3_1829L3[8] = 0;
  __s_Node_taken_40_7446L3_1829L3[9] = 0;
  int[10] __s_Item_tid_42_7509L5_1892L5={0,0,0,0,0,0,0,0,0,0}; int[10] __s_Item_id_43_7509L6_1892L6={0,0,0,0,0,0,0,0,0,0};
  __s_Item_tid_42_7509L5_1892L5[0] = 0;
  __s_Item_tid_42_7509L5_1892L5[1] = 0;
  __s_Item_tid_42_7509L5_1892L5[2] = 0;
  __s_Item_tid_42_7509L5_1892L5[3] = 0;
  __s_Item_tid_42_7509L5_1892L5[4] = 0;
  __s_Item_tid_42_7509L5_1892L5[5] = 0;
  __s_Item_tid_42_7509L5_1892L5[6] = 0;
  __s_Item_tid_42_7509L5_1892L5[7] = 0;
  __s_Item_tid_42_7509L5_1892L5[8] = 0;
  __s_Item_tid_42_7509L5_1892L5[9] = 0;
  __s_Item_id_43_7509L6_1892L6[0] = 0;
  __s_Item_id_43_7509L6_1892L6[1] = 0;
  __s_Item_id_43_7509L6_1892L6[2] = 0;
  __s_Item_id_43_7509L6_1892L6[3] = 0;
  __s_Item_id_43_7509L6_1892L6[4] = 0;
  __s_Item_id_43_7509L6_1892L6[5] = 0;
  __s_Item_id_43_7509L6_1892L6[6] = 0;
  __s_Item_id_43_7509L6_1892L6[7] = 0;
  __s_Item_id_43_7509L6_1892L6[8] = 0;
  __s_Item_id_43_7509L6_1892L6[9] = 0;
  int[10] __s_Queue_prevHead_46_7551L8_1934L8={0,0,0,0,0,0,0,0,0,0}; int[10] __s_Queue_tail_45_7551L9_1934L9={0,0,0,0,0,0,0,0,0,0};
  int __s_tmp_cond_elim_80_7553L0_1936L0=null;
  __s_Queue_prevHead_46_7551L8_1934L8[0] = __s_tmp_cond_elim_80_7553L0_1936L0;
  int __s_tmp_cond_elim_80_7555L0_1938L0=null;
  __s_Queue_prevHead_46_7551L8_1934L8[1] = __s_tmp_cond_elim_80_7555L0_1938L0;
  int __s_tmp_cond_elim_80_7557L0_1940L0=null;
  __s_Queue_prevHead_46_7551L8_1934L8[2] = __s_tmp_cond_elim_80_7557L0_1940L0;
  int __s_tmp_cond_elim_80_7559L0_1942L0=null;
  __s_Queue_prevHead_46_7551L8_1934L8[3] = __s_tmp_cond_elim_80_7559L0_1942L0;
  int __s_tmp_cond_elim_80_7561L0_1944L0=null;
  __s_Queue_prevHead_46_7551L8_1934L8[4] = __s_tmp_cond_elim_80_7561L0_1944L0;
  int __s_tmp_cond_elim_80_7563L0_1946L0=null;
  __s_Queue_prevHead_46_7551L8_1934L8[5] = __s_tmp_cond_elim_80_7563L0_1946L0;
  int __s_tmp_cond_elim_80_7565L0_1948L0=null;
  __s_Queue_prevHead_46_7551L8_1934L8[6] = __s_tmp_cond_elim_80_7565L0_1948L0;
  int __s_tmp_cond_elim_80_7567L0_1950L0=null;
  __s_Queue_prevHead_46_7551L8_1934L8[7] = __s_tmp_cond_elim_80_7567L0_1950L0;
  int __s_tmp_cond_elim_80_7569L0_1952L0=null;
  __s_Queue_prevHead_46_7551L8_1934L8[8] = __s_tmp_cond_elim_80_7569L0_1952L0;
  int __s_tmp_cond_elim_80_7571L0_1954L0=null;
  __s_Queue_prevHead_46_7551L8_1934L8[9] = __s_tmp_cond_elim_80_7571L0_1954L0;
  int __s_tmp_cond_elim_81_7574L0_1957L0=null;
  __s_Queue_tail_45_7551L9_1934L9[0] = __s_tmp_cond_elim_81_7574L0_1957L0;
  int __s_tmp_cond_elim_81_7576L0_1959L0=null;
  __s_Queue_tail_45_7551L9_1934L9[1] = __s_tmp_cond_elim_81_7576L0_1959L0;
  int __s_tmp_cond_elim_81_7578L0_1961L0=null;
  __s_Queue_tail_45_7551L9_1934L9[2] = __s_tmp_cond_elim_81_7578L0_1961L0;
  int __s_tmp_cond_elim_81_7580L0_1963L0=null;
  __s_Queue_tail_45_7551L9_1934L9[3] = __s_tmp_cond_elim_81_7580L0_1963L0;
  int __s_tmp_cond_elim_81_7582L0_1965L0=null;
  __s_Queue_tail_45_7551L9_1934L9[4] = __s_tmp_cond_elim_81_7582L0_1965L0;
  int __s_tmp_cond_elim_81_7584L0_1967L0=null;
  __s_Queue_tail_45_7551L9_1934L9[5] = __s_tmp_cond_elim_81_7584L0_1967L0;
  int __s_tmp_cond_elim_81_7586L0_1969L0=null;
  __s_Queue_tail_45_7551L9_1934L9[6] = __s_tmp_cond_elim_81_7586L0_1969L0;
  int __s_tmp_cond_elim_81_7588L0_1971L0=null;
  __s_Queue_tail_45_7551L9_1934L9[7] = __s_tmp_cond_elim_81_7588L0_1971L0;
  int __s_tmp_cond_elim_81_7590L0_1973L0=null;
  __s_Queue_tail_45_7551L9_1934L9[8] = __s_tmp_cond_elim_81_7590L0_1973L0;
  int __s_tmp_cond_elim_81_7592L0_1975L0=null;
  __s_Queue_tail_45_7551L9_1934L9[9] = __s_tmp_cond_elim_81_7592L0_1975L0;
  _out_103L1_6844L1_7444L1_1827L1 = 1;
}

===== Compilation statistics =====
  Solved? -----------------------------> true
  Number of iterations ----------------> 4
  Maximum memory usage (MiB) ----------> 134.5664
  Total elapsed time (s) --------------> 98.448
    % frontend ............ 9.07281
    % verification ........ 82.67715
    % synthesis ........... 8.250041
  Total solution time (s) -------------> 3.663
    % verification ........ 8.626808
    % synthesis ........... 91.37319

  Synthesizer statistics:  
    [solver stats]
    Number of calls -------------------> 4
    Total elapsed time (s) ------------> 8.122
    Total model building time (s) -----> 4.751
    Total solution time (s) -----------> 3.347
    Maximum memory usage (MiB) --------> 53.441406
    Average elapsed time (s) ----------> 2.03
    Average model building time (s) ---> 1.187
    Average solution time (s) ---------> 0.836
    Average memory usage (MiB) --------> 32.799805

  Verifier statistics:     
    [solver stats]
    Number of calls -------------------> 5
    Total elapsed time (s) ------------> 81.394
    Total model building time (s) -----> 81.078
    Total solution time (s) -----------> 0.316
    Maximum memory usage (MiB) --------> 8.25
    Average elapsed time (s) ----------> 16.278
    Average model building time (s) ---> 16.215
    Average solution time (s) ---------> 0.063
    Average memory usage (MiB) --------> 7.937599

  Frontend statistics:     
    Total elapsed time (s) ------------> 8.932
    Max memory usage (MiB) ------------> 81.125

[PSKETCH] DONE!
