Iteration 0
[SPINVERIF][2] Stats for last run:
      [solution stats]
      successful? ---------------------> false
      elapsed time (s) ----------------> 57.817
      model building time (s) ---------> 57.798
      solution time (s) ---------------> 0.019
      max memory usage (MiB) ----------> 9.812
      [SPIN-specific stats]
      codegen time (s) ----------------> 24.502
      codegen memory (MiB) ------------> 0.0
      compiler time (s) ---------------> 33.296
      compiler memory (MiB) -----------> 0.0
      total SPIN time (s) -------------> 0.019
      total SPIN mem (MiB) ------------> 9.812
      actual state mem (MiB) ----------> 0.0
      equiv state mem (MiB) -----------> 0.0
      state compression (%) -----------> 0.0
      # states explored ---------------> 332
      state exploration rate (states/s)> 0

[SATBackend] Stats for last run:
      [solution stats]
      successful? ---------------------> true
      elapsed time (s) ----------------> 2.008
      model building time (s) ---------> 1.23
      solution time (s) ---------------> 0.772
      max memory usage (MiB) ----------> 30.28125
      [SAT-specific solution stats]
      initial number of nodes ---------> 54738
      number of nodes after opts ------> 8202
      number of controls --------------> 68
      total number of control bits ----> 92

Iteration 1
[SPINVERIF][2] Stats for last run:
      [solution stats]
      successful? ---------------------> false
      elapsed time (s) ----------------> 58.546
      model building time (s) ---------> 58.266
      solution time (s) ---------------> 0.28
      max memory usage (MiB) ----------> 17.625
      [SPIN-specific stats]
      codegen time (s) ----------------> 24.93
      codegen memory (MiB) ------------> 0.0
      compiler time (s) ---------------> 33.336
      compiler memory (MiB) -----------> 0.0
      total SPIN time (s) -------------> 0.28
      total SPIN mem (MiB) ------------> 17.625
      actual state mem (MiB) ----------> 5.693
      equiv state mem (MiB) -----------> 27.992
      state compression (%) -----------> 20.337954
      # states explored ---------------> 3046
      state exploration rate (states/s)> 0

[SATBackend] Stats for last run:
      [solution stats]
      successful? ---------------------> true
      elapsed time (s) ----------------> 12.043
      model building time (s) ---------> 6.776
      solution time (s) ---------------> 5.261
      max memory usage (MiB) ----------> 95.03906
      [SAT-specific solution stats]
      initial number of nodes ---------> 221878
      number of nodes after opts ------> 32594
      number of controls --------------> 68
      total number of control bits ----> 92

Iteration 2
[SPINVERIF][2] Stats for last run:
      [solution stats]
      successful? ---------------------> false
      elapsed time (s) ----------------> 58.289
      model building time (s) ---------> 58.0
      solution time (s) ---------------> 0.289
      max memory usage (MiB) ----------> 17.625
      [SPIN-specific stats]
      codegen time (s) ----------------> 24.497
      codegen memory (MiB) ------------> 0.0
      compiler time (s) ---------------> 33.503
      compiler memory (MiB) -----------> 0.0
      total SPIN time (s) -------------> 0.289
      total SPIN mem (MiB) ------------> 17.625
      actual state mem (MiB) ----------> 5.6989994
      equiv state mem (MiB) -----------> 28.966
      state compression (%) -----------> 19.67479
      # states explored ---------------> 3152
      state exploration rate (states/s)> 0

[SATBackend] Stats for last run:
      [solution stats]
      successful? ---------------------> true
      elapsed time (s) ----------------> 19.495
      model building time (s) ---------> 12.57
      solution time (s) ---------------> 6.92
      max memory usage (MiB) ----------> 149.32031
      [SAT-specific solution stats]
      initial number of nodes ---------> 389062
      number of nodes after opts ------> 38825
      number of controls --------------> 68
      total number of control bits ----> 92

Iteration 3
[SPINVERIF][2] Stats for last run:
      [solution stats]
      successful? ---------------------> true
      elapsed time (s) ----------------> 567.319
      model building time (s) ---------> 58.319
      solution time (s) ---------------> 509.0
      max memory usage (MiB) ----------> 233.438
      [SPIN-specific stats]
      codegen time (s) ----------------> 24.864
      codegen memory (MiB) ------------> 0.0
      compiler time (s) ---------------> 33.455
      compiler memory (MiB) -----------> 0.0
      total SPIN time (s) -------------> 509.0
      total SPIN mem (MiB) ------------> 233.438
      actual state mem (MiB) ----------> 6.993
      equiv state mem (MiB) -----------> 36195.145
      state compression (%) -----------> 0.01932027
      # states explored ---------------> 3938705
      state exploration rate (states/s)> 0

void main([!bit _out_1L0_1L0_1L0_1L0]) implements T
{
  int[10] _lock_3L0_3L0=0;
  int __s_Node_nextInstance_11_4L0_4L0=0; int[10] __s_Node_key_12_4L1_4L1={0,0,0,0,0,0,0,0,0,0}; int[10] __s_Node_next_13_4L2_4L2={0,0,0,0,0,0,0,0,0,0};
  bit __s_tmp_cond_elim_53_6L0_6L0=0;
  int __s_pac61_7L0_7L0=0;
  __s_tmp_cond_elim_53_6L0_6L0 = 0;
  int __s_pac62_7L1_7L1=0;
  __s_Node_key_12_4L1_4L1[0] = 0;
  bit __s_tmp_cond_elim_53_8L0_8L0=0;
  int __s_pac61_9L0_9L0=1;
  __s_tmp_cond_elim_53_8L0_8L0 = 0;
  int __s_pac62_9L1_9L1=1;
  __s_Node_key_12_4L1_4L1[1] = 0;
  bit __s_tmp_cond_elim_53_10L0_10L0=0;
  int __s_pac61_11L0_11L0=2;
  __s_tmp_cond_elim_53_10L0_10L0 = 0;
  int __s_pac62_11L1_11L1=2;
  __s_Node_key_12_4L1_4L1[2] = 0;
  bit __s_tmp_cond_elim_53_12L0_12L0=0;
  int __s_pac61_13L0_13L0=3;
  __s_tmp_cond_elim_53_12L0_12L0 = 0;
  int __s_pac62_13L1_13L1=3;
  __s_Node_key_12_4L1_4L1[3] = 0;
  bit __s_tmp_cond_elim_53_14L0_14L0=0;
  int __s_pac61_15L0_15L0=4;
  __s_tmp_cond_elim_53_14L0_14L0 = 0;
  int __s_pac62_15L1_15L1=4;
  __s_Node_key_12_4L1_4L1[4] = 0;
  bit __s_tmp_cond_elim_53_16L0_16L0=0;
  int __s_pac61_17L0_17L0=5;
  __s_tmp_cond_elim_53_16L0_16L0 = 0;
  int __s_pac62_17L1_17L1=5;
  __s_Node_key_12_4L1_4L1[5] = 0;
  bit __s_tmp_cond_elim_53_18L0_18L0=0;
  int __s_pac61_19L0_19L0=6;
  __s_tmp_cond_elim_53_18L0_18L0 = 0;
  int __s_pac62_19L1_19L1=6;
  __s_Node_key_12_4L1_4L1[6] = 0;
  bit __s_tmp_cond_elim_53_20L0_20L0=0;
  int __s_pac61_21L0_21L0=7;
  __s_tmp_cond_elim_53_20L0_20L0 = 0;
  int __s_pac62_21L1_21L1=7;
  __s_Node_key_12_4L1_4L1[7] = 0;
  bit __s_tmp_cond_elim_53_22L0_22L0=0;
  int __s_pac61_23L0_23L0=8;
  __s_tmp_cond_elim_53_22L0_22L0 = 0;
  int __s_pac62_23L1_23L1=8;
  __s_Node_key_12_4L1_4L1[8] = 0;
  bit __s_tmp_cond_elim_53_24L0_24L0=0;
  int __s_pac61_25L0_25L0=9;
  __s_tmp_cond_elim_53_24L0_24L0 = 0;
  int __s_pac62_25L1_25L1=9;
  __s_Node_key_12_4L1_4L1[9] = 0;
  int __s_tmp_cond_elim_54_27L0_27L0=0;
  int __s_pac63_28L0_28L0=0;
  __s_tmp_cond_elim_54_27L0_27L0 = null;
  int __s_pac64_28L1_28L1=0;
  __s_Node_next_13_4L2_4L2[0] = __s_tmp_cond_elim_54_27L0_27L0;
  int __s_tmp_cond_elim_54_29L0_29L0=0;
  int __s_pac63_30L0_30L0=1;
  __s_tmp_cond_elim_54_29L0_29L0 = null;
  int __s_pac64_30L1_30L1=1;
  __s_Node_next_13_4L2_4L2[1] = __s_tmp_cond_elim_54_29L0_29L0;
  int __s_tmp_cond_elim_54_31L0_31L0=0;
  int __s_pac63_32L0_32L0=2;
  __s_tmp_cond_elim_54_31L0_31L0 = null;
  int __s_pac64_32L1_32L1=2;
  __s_Node_next_13_4L2_4L2[2] = __s_tmp_cond_elim_54_31L0_31L0;
  int __s_tmp_cond_elim_54_33L0_33L0=0;
  int __s_pac63_34L0_34L0=3;
  __s_tmp_cond_elim_54_33L0_33L0 = null;
  int __s_pac64_34L1_34L1=3;
  __s_Node_next_13_4L2_4L2[3] = __s_tmp_cond_elim_54_33L0_33L0;
  int __s_tmp_cond_elim_54_35L0_35L0=0;
  int __s_pac63_36L0_36L0=4;
  __s_tmp_cond_elim_54_35L0_35L0 = null;
  int __s_pac64_36L1_36L1=4;
  __s_Node_next_13_4L2_4L2[4] = __s_tmp_cond_elim_54_35L0_35L0;
  int __s_tmp_cond_elim_54_37L0_37L0=0;
  int __s_pac63_38L0_38L0=5;
  __s_tmp_cond_elim_54_37L0_37L0 = null;
  int __s_pac64_38L1_38L1=5;
  __s_Node_next_13_4L2_4L2[5] = __s_tmp_cond_elim_54_37L0_37L0;
  int __s_tmp_cond_elim_54_39L0_39L0=0;
  int __s_pac63_40L0_40L0=6;
  __s_tmp_cond_elim_54_39L0_39L0 = null;
  int __s_pac64_40L1_40L1=6;
  __s_Node_next_13_4L2_4L2[6] = __s_tmp_cond_elim_54_39L0_39L0;
  int __s_tmp_cond_elim_54_41L0_41L0=0;
  int __s_pac63_42L0_42L0=7;
  __s_tmp_cond_elim_54_41L0_41L0 = null;
  int __s_pac64_42L1_42L1=7;
  __s_Node_next_13_4L2_4L2[7] = __s_tmp_cond_elim_54_41L0_41L0;
  int __s_tmp_cond_elim_54_43L0_43L0=0;
  int __s_pac63_44L0_44L0=8;
  __s_tmp_cond_elim_54_43L0_43L0 = null;
  int __s_pac64_44L1_44L1=8;
  __s_Node_next_13_4L2_4L2[8] = __s_tmp_cond_elim_54_43L0_43L0;
  int __s_tmp_cond_elim_54_45L0_45L0=0;
  int __s_pac63_46L0_46L0=9;
  __s_tmp_cond_elim_54_45L0_45L0 = null;
  int __s_pac64_46L1_46L1=9;
  __s_Node_next_13_4L2_4L2[9] = __s_tmp_cond_elim_54_45L0_45L0;
  int __s_Set_nextInstance_14_46L3_46L3=0; int[10] __s_Set_tail_16_46L4_46L4={0,0,0,0,0,0,0,0,0,0}; int[10] __s_Set_head_15_46L5_46L5={0,0,0,0,0,0,0,0,0,0};
  int __s_tmp_cond_elim_55_48L0_48L0=0;
  int __s_pac65_49L0_49L0=0;
  __s_tmp_cond_elim_55_48L0_48L0 = null;
  int __s_pac66_49L1_49L1=0;
  __s_Set_tail_16_46L4_46L4[0] = __s_tmp_cond_elim_55_48L0_48L0;
  int __s_tmp_cond_elim_55_50L0_50L0=0;
  int __s_pac65_51L0_51L0=1;
  __s_tmp_cond_elim_55_50L0_50L0 = null;
  int __s_pac66_51L1_51L1=1;
  __s_Set_tail_16_46L4_46L4[1] = __s_tmp_cond_elim_55_50L0_50L0;
  int __s_tmp_cond_elim_55_52L0_52L0=0;
  int __s_pac65_53L0_53L0=2;
  __s_tmp_cond_elim_55_52L0_52L0 = null;
  int __s_pac66_53L1_53L1=2;
  __s_Set_tail_16_46L4_46L4[2] = __s_tmp_cond_elim_55_52L0_52L0;
  int __s_tmp_cond_elim_55_54L0_54L0=0;
  int __s_pac65_55L0_55L0=3;
  __s_tmp_cond_elim_55_54L0_54L0 = null;
  int __s_pac66_55L1_55L1=3;
  __s_Set_tail_16_46L4_46L4[3] = __s_tmp_cond_elim_55_54L0_54L0;
  int __s_tmp_cond_elim_55_56L0_56L0=0;
  int __s_pac65_57L0_57L0=4;
  __s_tmp_cond_elim_55_56L0_56L0 = null;
  int __s_pac66_57L1_57L1=4;
  __s_Set_tail_16_46L4_46L4[4] = __s_tmp_cond_elim_55_56L0_56L0;
  int __s_tmp_cond_elim_55_58L0_58L0=0;
  int __s_pac65_59L0_59L0=5;
  __s_tmp_cond_elim_55_58L0_58L0 = null;
  int __s_pac66_59L1_59L1=5;
  __s_Set_tail_16_46L4_46L4[5] = __s_tmp_cond_elim_55_58L0_58L0;
  int __s_tmp_cond_elim_55_60L0_60L0=0;
  int __s_pac65_61L0_61L0=6;
  __s_tmp_cond_elim_55_60L0_60L0 = null;
  int __s_pac66_61L1_61L1=6;
  __s_Set_tail_16_46L4_46L4[6] = __s_tmp_cond_elim_55_60L0_60L0;
  int __s_tmp_cond_elim_55_62L0_62L0=0;
  int __s_pac65_63L0_63L0=7;
  __s_tmp_cond_elim_55_62L0_62L0 = null;
  int __s_pac66_63L1_63L1=7;
  __s_Set_tail_16_46L4_46L4[7] = __s_tmp_cond_elim_55_62L0_62L0;
  int __s_tmp_cond_elim_55_64L0_64L0=0;
  int __s_pac65_65L0_65L0=8;
  __s_tmp_cond_elim_55_64L0_64L0 = null;
  int __s_pac66_65L1_65L1=8;
  __s_Set_tail_16_46L4_46L4[8] = __s_tmp_cond_elim_55_64L0_64L0;
  int __s_tmp_cond_elim_55_66L0_66L0=0;
  int __s_pac65_67L0_67L0=9;
  __s_tmp_cond_elim_55_66L0_66L0 = null;
  int __s_pac66_67L1_67L1=9;
  __s_Set_tail_16_46L4_46L4[9] = __s_tmp_cond_elim_55_66L0_66L0;
  int __s_tmp_cond_elim_56_69L0_69L0=0;
  int __s_pac67_70L0_70L0=0;
  __s_tmp_cond_elim_56_69L0_69L0 = null;
  int __s_pac68_70L1_70L1=0;
  __s_Set_head_15_46L5_46L5[0] = __s_tmp_cond_elim_56_69L0_69L0;
  int __s_tmp_cond_elim_56_71L0_71L0=0;
  int __s_pac67_72L0_72L0=1;
  __s_tmp_cond_elim_56_71L0_71L0 = null;
  int __s_pac68_72L1_72L1=1;
  __s_Set_head_15_46L5_46L5[1] = __s_tmp_cond_elim_56_71L0_71L0;
  int __s_tmp_cond_elim_56_73L0_73L0=0;
  int __s_pac67_74L0_74L0=2;
  __s_tmp_cond_elim_56_73L0_73L0 = null;
  int __s_pac68_74L1_74L1=2;
  __s_Set_head_15_46L5_46L5[2] = __s_tmp_cond_elim_56_73L0_73L0;
  int __s_tmp_cond_elim_56_75L0_75L0=0;
  int __s_pac67_76L0_76L0=3;
  __s_tmp_cond_elim_56_75L0_75L0 = null;
  int __s_pac68_76L1_76L1=3;
  __s_Set_head_15_46L5_46L5[3] = __s_tmp_cond_elim_56_75L0_75L0;
  int __s_tmp_cond_elim_56_77L0_77L0=0;
  int __s_pac67_78L0_78L0=4;
  __s_tmp_cond_elim_56_77L0_77L0 = null;
  int __s_pac68_78L1_78L1=4;
  __s_Set_head_15_46L5_46L5[4] = __s_tmp_cond_elim_56_77L0_77L0;
  int __s_tmp_cond_elim_56_79L0_79L0=0;
  int __s_pac67_80L0_80L0=5;
  __s_tmp_cond_elim_56_79L0_79L0 = null;
  int __s_pac68_80L1_80L1=5;
  __s_Set_head_15_46L5_46L5[5] = __s_tmp_cond_elim_56_79L0_79L0;
  int __s_tmp_cond_elim_56_81L0_81L0=0;
  int __s_pac67_82L0_82L0=6;
  __s_tmp_cond_elim_56_81L0_81L0 = null;
  int __s_pac68_82L1_82L1=6;
  __s_Set_head_15_46L5_46L5[6] = __s_tmp_cond_elim_56_81L0_81L0;
  int __s_tmp_cond_elim_56_83L0_83L0=0;
  int __s_pac67_84L0_84L0=7;
  __s_tmp_cond_elim_56_83L0_83L0 = null;
  int __s_pac68_84L1_84L1=7;
  __s_Set_head_15_46L5_46L5[7] = __s_tmp_cond_elim_56_83L0_83L0;
  int __s_tmp_cond_elim_56_85L0_85L0=0;
  int __s_pac67_86L0_86L0=8;
  __s_tmp_cond_elim_56_85L0_85L0 = null;
  int __s_pac68_86L1_86L1=8;
  __s_Set_head_15_46L5_46L5[8] = __s_tmp_cond_elim_56_85L0_85L0;
  int __s_tmp_cond_elim_56_87L0_87L0=0;
  int __s_pac67_88L0_88L0=9;
  __s_tmp_cond_elim_56_87L0_87L0 = null;
  int __s_pac68_88L1_88L1=9;
  __s_Set_head_15_46L5_46L5[9] = __s_tmp_cond_elim_56_87L0_87L0;
  _out_1L0_1L0_1L0_1L0 = 0;
  bit _has_out__3L0_3L0_89L0_89L0=0;
  int S_3L1_3L1_89L1_89L1=0;
  int _ret_0_3L2_3L2_89L2_89L2=0;
  int negInf_6L0_5L0_91L0_91L0=-1;
  int posInf_6L1_5L1_91L1_91L1=5;
  int _out_6L2_5L2_91L2_91L2=0;
  bit _has_out__7L0_6L0_92L0_92L0=0;
  int S_7L1_6L1_92L1_92L1=0;
  int __s_tmp_new_Set_7_6L2_92L2_92L2=0;
  atomic
  {
    __s_tmp_new_Set_7_6L2_92L2_92L2 = 0;
    __s_Set_nextInstance_14_46L3_46L3 = 1;
  }
  S_7L1_6L1_92L1_92L1 = 0;
  int _ret_0_7L2_7L3_93L3_93L3=null;
  int _ret_1_7L3_7L4_93L4_93L4=0;
  int key_10L0_9L0_95L0_95L0=5;
  int next_10L1_9L1_95L1_95L1=_ret_0_7L2_7L3_93L3_93L3;
  int _out_10L2_9L2_95L2_95L2=0;
  bit _has_out__11L0_10L0_96L0_96L0=0;
  int n_11L1_10L1_96L1_96L1=0;
  int __s_tmp_new_Node_8_10L2_96L2_96L2=0;
  atomic
  {
    __s_tmp_new_Node_8_10L2_96L2_96L2 = 0;
  }
  n_11L1_10L1_96L1_96L1 = 0;
  int __s_pac69_98L0_98L0=0;
  __s_Node_key_12_4L1_4L1[0] = 5;
  int __s_pac70_99L0_99L0=0;
  __s_Node_next_13_4L2_4L2[0] = _ret_0_7L2_7L3_93L3_93L3;
  _out_10L2_9L2_95L2_95L2 = 0;
  _has_out__11L0_10L0_96L0_96L0 = 1;
  _ret_1_7L3_7L4_93L4_93L4 = 0;
  int __s_pac71_101L0_101L0=0;
  __s_Set_tail_16_46L4_46L4[0] = 0;
  int _ret_2_15L4_15L5_101L5_101L5=0;
  int __s_pac72_101L6_101L6=0;
  _ret_2_15L4_15L5_101L5_101L5 = __s_Set_tail_16_46L4_46L4[0];
  int _ret_3_15L5_15L6_101L7_101L7=0;
  int key_18L0_17L0_103L0_103L0=-1;
  int next_18L1_17L1_103L1_103L1=0;
  int _out_18L2_17L2_103L2_103L2=0;
  bit _has_out__19L0_18L0_104L0_104L0=0;
  int n_19L1_18L1_104L1_104L1=0;
  int __s_tmp_new_Node_9_18L2_104L2_104L2=0;
  atomic
  {
    __s_tmp_new_Node_9_18L2_104L2_104L2 = 1;
    __s_Node_nextInstance_11_4L0_4L0 = 2;
  }
  n_19L1_18L1_104L1_104L1 = 1;
  int __s_pac73_106L0_106L0=1;
  __s_Node_key_12_4L1_4L1[1] = -1;
  int __s_pac74_107L0_107L0=1;
  __s_Node_next_13_4L2_4L2[1] = 0;
  _out_18L2_17L2_103L2_103L2 = 1;
  _has_out__19L0_18L0_104L0_104L0 = 1;
  _ret_3_15L5_15L6_101L7_101L7 = 1;
  int __s_pac75_109L0_109L0=0;
  __s_Set_head_15_46L5_46L5[0] = 1;
  _out_6L2_5L2_91L2_91L2 = 0;
  _has_out__7L0_6L0_92L0_92L0 = 1;
  _ret_0_3L2_3L2_89L2_89L2 = 0;
  S_3L1_3L1_89L1_89L1 = 0;
  bit[3] removed_24L3_24L3_110L3_110L3={0,0,0};
  int __s_pac76_112L0_112L0=0;
  removed_24L3_24L3_110L3_110L3[0] = 0;
  int __s_pac76_113L0_113L0=1;
  removed_24L3_24L3_110L3_110L3[1] = 0;
  int __s_pac76_114L0_114L0=2;
  removed_24L3_24L3_110L3_110L3[2] = 0;
  bit _ret_1_24L4_24L4_114L4_114L4=0;
  int S_107L1_27L0_116L0_116L0=0;
  int key_107L2_27L1_116L1_116L1=5;
  bit _out_107L3_27L2_116L2_116L2=0;
  bit _has_out__109L0_28L0_117L0_117L0=0;
  int prev_109L1_28L1_117L1_117L1=0; int cur_109L2_28L2_117L2_117L2=0;
  bit ret_109L3_28L3_117L3_117L3=0;
  int S_180L6_31L0_119L0_119L0=0;
  int key_180L6_31L1_119L1_119L1=5;
  int prev_180L6_31L2_119L2_119L2=0;
  int cur_180L7_31L3_119L3_119L3=0;
  bit _has_out__182L0_32L0_120L0_120L0=0;
  prev_180L6_31L2_119L2_119L2 = null;
  int __s_pac77_122L0_122L0=0;
  cur_180L7_31L3_119L3_119L3 = __s_Set_head_15_46L5_46L5[0];
  int _ret_0_184L1_34L1_122L1_122L1=1;
  atomic(1)
  {
    _lock_3L0_3L0[1] = -1;
  }
  for(int i_187L0_37L0_126L0_126L0=0;(i_187L0_37L0_126L0_126L0)<(5);i_187L0_37L0_126L0_126L0 = (i_187L0_37L0_126L0_126L0)+(1))
  {
    if((__s_Node_key_12_4L1_4L1[cur_180L7_31L3_119L3_119L3])<(5))
    {
      bit[4] __sa3_1268L0_1056L0_1201L0_369L0={0,0,0,0};
      __sa3_1268L0_1056L0_1201L0_369L0[0] = 0;
      __sa3_1268L0_1056L0_1201L0_369L0[1] = 0;
      __sa3_1268L0_1056L0_1201L0_369L0[2] = 0;
      __sa3_1268L0_1056L0_1201L0_369L0[3] = 0;
      int _ret_5_1334L0_1119L0_1272L0_379L0=null;
      boolean __s_tmp_cond_elim_1_1373L0_1155L0_1308L0_405L0=(prev_180L6_31L2_119L2_119L2)!=(_ret_5_1334L0_1119L0_1272L0_379L0);
      if(__s_tmp_cond_elim_1_1373L0_1155L0_1308L0_405L0)
      {
        int _ret_8_1395L2_1176L2_1329L2_420L2=((((int)prev_180L6_31L2_119L2_119L2))*(1))+(0);
        atomic
        {
          _lock_3L0_3L0[_ret_8_1395L2_1176L2_1329L2_420L2] = 0;
        }
      }
      __sa3_1268L0_1056L0_1201L0_369L0[1] = 1;
      prev_180L6_31L2_119L2_119L2 = cur_180L7_31L3_119L3_119L3;
      __sa3_1268L0_1056L0_1201L0_369L0[2] = 1;
      int _ret_1_1536L0_1309L0_1470L0_431L0=null;
      int __s_tmp_cond_elim_0_1571L0_1341L0_1502L0_454L0=__s_Node_next_13_4L2_4L2[cur_180L7_31L3_119L3_119L3];
      boolean __s_tmp_cond_elim_1_1575L0_1345L0_1506L0_457L0=(_ret_1_1536L0_1309L0_1470L0_431L0)!=(__s_tmp_cond_elim_0_1571L0_1341L0_1502L0_454L0);
      if(__s_tmp_cond_elim_1_1575L0_1345L0_1506L0_457L0)
      {
        int __s_tmp_cond_elim_0_1594L0_1363L0_1524L0_470L0=__s_Node_next_13_4L2_4L2[cur_180L7_31L3_119L3_119L3];
        int _ret_4_1597L2_1366L2_1527L2_472L2=((((int)__s_tmp_cond_elim_0_1594L0_1363L0_1524L0_470L0))*(1))+(0);
        atomic((_lock_3L0_3L0[_ret_4_1597L2_1366L2_1527L2_472L2])==(0))
        {
          _lock_3L0_3L0[_ret_4_1597L2_1366L2_1527L2_472L2] = -1;
        }
      }
      __sa3_1268L0_1056L0_1201L0_369L0[0] = 1;
      cur_180L7_31L3_119L3_119L3 = __s_Node_next_13_4L2_4L2[cur_180L7_31L3_119L3_119L3];
      __sa3_1268L0_1056L0_1201L0_369L0[3] = 1;
    }
  }
  prev_109L1_28L1_117L1_117L1 = prev_180L6_31L2_119L2_119L2;
  cur_109L2_28L2_117L2_117L2 = cur_180L7_31L3_119L3_119L3;
  int __s_pac155_1731L4_483L4=cur_180L7_31L3_119L3_119L3;
  if((5)<(__s_Node_key_12_4L1_4L1[cur_180L7_31L3_119L3_119L3]))
  {
    atomic
    {
      __s_Node_nextInstance_11_4L0_4L0 = 3;
    }
    __s_Node_key_12_4L1_4L1[2] = 5;
    __s_Node_next_13_4L2_4L2[2] = cur_180L7_31L3_119L3_119L3;
    __s_Node_next_13_4L2_4L2[prev_180L6_31L2_119L2_119L2] = 2;
    ret_109L3_28L3_117L3_117L3 = 1;
  }
  else
  {
    ret_109L3_28L3_117L3_117L3 = 0;
  }
  int _ret_1_122L4_1570L4_1743L5_495L5=((((int)prev_180L6_31L2_119L2_119L2))*(1))+(0);
  atomic
  {
    _lock_3L0_3L0[_ret_1_122L4_1570L4_1743L5_495L5] = 0;
  }
  int _ret_2_123L5_1571L5_1745L6_497L6=((((int)cur_180L7_31L3_119L3_119L3))*(1))+(0);
  atomic
  {
    _lock_3L0_3L0[_ret_2_123L5_1571L5_1745L6_497L6] = 0;
  }
  _out_107L3_27L2_116L2_116L2 = ret_109L3_28L3_117L3_117L3;
  _has_out__109L0_28L0_117L0_117L0 = 1;
  _ret_1_24L4_24L4_114L4_114L4 = ret_109L3_28L3_117L3_117L3;
  bit _ret_2_26L5_1574L5_1749L5_501L5=0;
  int S_125L3_1577L0_1751L0_503L0=0;
  int key_125L3_1577L1_1751L1_503L1=1;
  bit _out_125L3_1577L2_1751L2_503L2=0;
  bit _has_out__127L0_1578L0_1752L0_504L0=0;
  int prev_127L1_1578L1_1752L1_504L1=0; int cur_127L2_1578L2_1752L2_504L2=0;
  bit ret_127L3_1578L3_1752L3_504L3=0;
  int S_180L6_1581L0_1754L0_506L0=0;
  int key_180L6_1581L1_1754L1_506L1=1;
  int prev_180L6_1581L2_1754L2_506L2=0;
  int cur_180L7_1581L3_1754L3_506L3=0;
  bit _has_out__182L0_1582L0_1755L0_507L0=0;
  prev_180L6_1581L2_1754L2_506L2 = null;
  int __s_pac159_1757L0_509L0=0;
  cur_180L7_1581L3_1754L3_506L3 = __s_Set_head_15_46L5_46L5[0];
  int _ret_0_184L1_1584L1_1757L1_509L1=1;
  atomic((_lock_3L0_3L0[1])==(0))
  {
    _lock_3L0_3L0[1] = -1;
  }
  for(int i_187L0_1587L0_1761L0_513L0=0;(i_187L0_1587L0_1761L0_513L0)<(5);i_187L0_1587L0_1761L0_513L0 = (i_187L0_1587L0_1761L0_513L0)+(1))
  {
    if((__s_Node_key_12_4L1_4L1[cur_180L7_1581L3_1754L3_506L3])<(1))
    {
      bit[4] __sa3_1268L0_2606L0_2836L0_756L0={0,0,0,0};
      __sa3_1268L0_2606L0_2836L0_756L0[0] = 0;
      __sa3_1268L0_2606L0_2836L0_756L0[1] = 0;
      __sa3_1268L0_2606L0_2836L0_756L0[2] = 0;
      __sa3_1268L0_2606L0_2836L0_756L0[3] = 0;
      int _ret_5_1334L0_2669L0_2907L0_766L0=null;
      boolean __s_tmp_cond_elim_1_1373L0_2705L0_2943L0_792L0=(prev_180L6_1581L2_1754L2_506L2)!=(_ret_5_1334L0_2669L0_2907L0_766L0);
      if(__s_tmp_cond_elim_1_1373L0_2705L0_2943L0_792L0)
      {
        int _ret_8_1395L2_2726L2_2964L2_807L2=((((int)prev_180L6_1581L2_1754L2_506L2))*(1))+(0);
        atomic
        {
          _lock_3L0_3L0[_ret_8_1395L2_2726L2_2964L2_807L2] = 0;
        }
      }
      __sa3_1268L0_2606L0_2836L0_756L0[1] = 1;
      prev_180L6_1581L2_1754L2_506L2 = cur_180L7_1581L3_1754L3_506L3;
      __sa3_1268L0_2606L0_2836L0_756L0[2] = 1;
      int _ret_1_1536L0_2859L0_3105L0_818L0=null;
      int __s_tmp_cond_elim_0_1571L0_2891L0_3137L0_841L0=__s_Node_next_13_4L2_4L2[cur_180L7_1581L3_1754L3_506L3];
      boolean __s_tmp_cond_elim_1_1575L0_2895L0_3141L0_844L0=(_ret_1_1536L0_2859L0_3105L0_818L0)!=(__s_tmp_cond_elim_0_1571L0_2891L0_3137L0_841L0);
      if(__s_tmp_cond_elim_1_1575L0_2895L0_3141L0_844L0)
      {
        int __s_tmp_cond_elim_0_1594L0_2913L0_3159L0_857L0=__s_Node_next_13_4L2_4L2[cur_180L7_1581L3_1754L3_506L3];
        int _ret_4_1597L2_2916L2_3162L2_859L2=((((int)__s_tmp_cond_elim_0_1594L0_2913L0_3159L0_857L0))*(1))+(0);
        atomic((_lock_3L0_3L0[_ret_4_1597L2_2916L2_3162L2_859L2])==(0))
        {
          _lock_3L0_3L0[_ret_4_1597L2_2916L2_3162L2_859L2] = -1;
        }
      }
      __sa3_1268L0_2606L0_2836L0_756L0[0] = 1;
      cur_180L7_1581L3_1754L3_506L3 = __s_Node_next_13_4L2_4L2[cur_180L7_1581L3_1754L3_506L3];
      __sa3_1268L0_2606L0_2836L0_756L0[3] = 1;
    }
  }
  prev_127L1_1578L1_1752L1_504L1 = prev_180L6_1581L2_1754L2_506L2;
  cur_127L2_1578L2_1752L2_504L2 = cur_180L7_1581L3_1754L3_506L3;
  int __s_pac237_3366L4_870L4=cur_180L7_1581L3_1754L3_506L3;
  if((1)==(__s_Node_key_12_4L1_4L1[cur_180L7_1581L3_1754L3_506L3]))
  {
    __s_Node_next_13_4L2_4L2[prev_180L6_1581L2_1754L2_506L2] = __s_Node_next_13_4L2_4L2[cur_180L7_1581L3_1754L3_506L3];
    ret_127L3_1578L3_1752L3_504L3 = 1;
  }
  else
  {
    ret_127L3_1578L3_1752L3_504L3 = 0;
  }
  int _ret_0_133L4_3113L4_3371L5_875L5=((((int)prev_180L6_1581L2_1754L2_506L2))*(1))+(0);
  atomic
  {
    _lock_3L0_3L0[_ret_0_133L4_3113L4_3371L5_875L5] = 0;
  }
  int _ret_1_134L5_3114L5_3373L6_877L6=((((int)cur_180L7_1581L3_1754L3_506L3))*(1))+(0);
  atomic
  {
    _lock_3L0_3L0[_ret_1_134L5_3114L5_3373L6_877L6] = 0;
  }
  _out_125L3_1577L2_1751L2_503L2 = ret_127L3_1578L3_1752L3_504L3;
  _has_out__127L0_1578L0_1752L0_504L0 = 1;
  _ret_2_26L5_1574L5_1749L5_501L5 = ret_127L3_1578L3_1752L3_504L3;
  bit _ret_3_28L6_3117L6_3377L6_881L6=0;
  int S_107L1_3120L0_3379L0_883L0=0;
  int key_107L2_3120L1_3379L1_883L1=1;
  bit _out_107L3_3120L2_3379L2_883L2=0;
  bit _has_out__109L0_3121L0_3380L0_884L0=0;
  int prev_109L1_3121L1_3380L1_884L1=0; int cur_109L2_3121L2_3380L2_884L2=0;
  bit ret_109L3_3121L3_3380L3_884L3=0;
  int S_180L6_3124L0_3382L0_886L0=0;
  int key_180L6_3124L1_3382L1_886L1=1;
  int prev_180L6_3124L2_3382L2_886L2=0;
  int cur_180L7_3124L3_3382L3_886L3=0;
  bit _has_out__182L0_3125L0_3383L0_887L0=0;
  prev_180L6_3124L2_3382L2_886L2 = null;
  int __s_pac240_3385L0_889L0=0;
  cur_180L7_3124L3_3382L3_886L3 = __s_Set_head_15_46L5_46L5[0];
  int _ret_0_184L1_3127L1_3385L1_889L1=1;
  atomic((_lock_3L0_3L0[1])==(0))
  {
    _lock_3L0_3L0[1] = -1;
  }
  for(int i_187L0_3130L0_3389L0_893L0=0;(i_187L0_3130L0_3389L0_893L0)<(5);i_187L0_3130L0_3389L0_893L0 = (i_187L0_3130L0_3389L0_893L0)+(1))
  {
    if((__s_Node_key_12_4L1_4L1[cur_180L7_3124L3_3382L3_886L3])<(1))
    {
      bit[4] __sa3_1268L0_4149L0_4464L0_1136L0={0,0,0,0};
      __sa3_1268L0_4149L0_4464L0_1136L0[0] = 0;
      __sa3_1268L0_4149L0_4464L0_1136L0[1] = 0;
      __sa3_1268L0_4149L0_4464L0_1136L0[2] = 0;
      __sa3_1268L0_4149L0_4464L0_1136L0[3] = 0;
      int _ret_5_1334L0_4212L0_4535L0_1146L0=null;
      boolean __s_tmp_cond_elim_1_1373L0_4248L0_4571L0_1172L0=(prev_180L6_3124L2_3382L2_886L2)!=(_ret_5_1334L0_4212L0_4535L0_1146L0);
      if(__s_tmp_cond_elim_1_1373L0_4248L0_4571L0_1172L0)
      {
        int _ret_8_1395L2_4269L2_4592L2_1187L2=((((int)prev_180L6_3124L2_3382L2_886L2))*(1))+(0);
        atomic
        {
          _lock_3L0_3L0[_ret_8_1395L2_4269L2_4592L2_1187L2] = 0;
        }
      }
      __sa3_1268L0_4149L0_4464L0_1136L0[1] = 1;
      prev_180L6_3124L2_3382L2_886L2 = cur_180L7_3124L3_3382L3_886L3;
      __sa3_1268L0_4149L0_4464L0_1136L0[2] = 1;
      int _ret_1_1536L0_4402L0_4733L0_1198L0=null;
      int __s_tmp_cond_elim_0_1571L0_4434L0_4765L0_1221L0=__s_Node_next_13_4L2_4L2[cur_180L7_3124L3_3382L3_886L3];
      boolean __s_tmp_cond_elim_1_1575L0_4438L0_4769L0_1224L0=(_ret_1_1536L0_4402L0_4733L0_1198L0)!=(__s_tmp_cond_elim_0_1571L0_4434L0_4765L0_1221L0);
      if(__s_tmp_cond_elim_1_1575L0_4438L0_4769L0_1224L0)
      {
        int __s_tmp_cond_elim_0_1594L0_4456L0_4787L0_1237L0=__s_Node_next_13_4L2_4L2[cur_180L7_3124L3_3382L3_886L3];
        int _ret_4_1597L2_4459L2_4790L2_1239L2=((((int)__s_tmp_cond_elim_0_1594L0_4456L0_4787L0_1237L0))*(1))+(0);
        atomic((_lock_3L0_3L0[_ret_4_1597L2_4459L2_4790L2_1239L2])==(0))
        {
          _lock_3L0_3L0[_ret_4_1597L2_4459L2_4790L2_1239L2] = -1;
        }
      }
      __sa3_1268L0_4149L0_4464L0_1136L0[0] = 1;
      cur_180L7_3124L3_3382L3_886L3 = __s_Node_next_13_4L2_4L2[cur_180L7_3124L3_3382L3_886L3];
      __sa3_1268L0_4149L0_4464L0_1136L0[3] = 1;
    }
  }
  prev_109L1_3121L1_3380L1_884L1 = prev_180L6_3124L2_3382L2_886L2;
  cur_109L2_3121L2_3380L2_884L2 = cur_180L7_3124L3_3382L3_886L3;
  int __s_pac318_4994L4_1250L4=cur_180L7_3124L3_3382L3_886L3;
  if((1)<(__s_Node_key_12_4L1_4L1[cur_180L7_3124L3_3382L3_886L3]))
  {
    int __s_tmp_new_Node_10_4656L2_4999L2_1255L2=0;
    atomic
    {
      __s_tmp_new_Node_10_4656L2_4999L2_1255L2 = __s_Node_nextInstance_11_4L0_4L0;
      __s_Node_nextInstance_11_4L0_4L0 = (__s_Node_nextInstance_11_4L0_4L0)+(1);
    }
    __s_Node_key_12_4L1_4L1[__s_tmp_new_Node_10_4656L2_4999L2_1255L2] = 1;
    __s_Node_next_13_4L2_4L2[__s_tmp_new_Node_10_4656L2_4999L2_1255L2] = cur_180L7_3124L3_3382L3_886L3;
    __s_Node_next_13_4L2_4L2[prev_180L6_3124L2_3382L2_886L2] = __s_tmp_new_Node_10_4656L2_4999L2_1255L2;
    ret_109L3_3121L3_3380L3_884L3 = 1;
  }
  else
  {
    ret_109L3_3121L3_3380L3_884L3 = 0;
  }
  int _ret_1_122L4_4663L4_5006L5_1262L5=((((int)prev_180L6_3124L2_3382L2_886L2))*(1))+(0);
  atomic
  {
    _lock_3L0_3L0[_ret_1_122L4_4663L4_5006L5_1262L5] = 0;
  }
  int _ret_2_123L5_4664L5_5008L6_1264L6=((((int)cur_180L7_3124L3_3382L3_886L3))*(1))+(0);
  atomic
  {
    _lock_3L0_3L0[_ret_2_123L5_4664L5_5008L6_1264L6] = 0;
  }
  _out_107L3_3120L2_3379L2_883L2 = ret_109L3_3121L3_3380L3_884L3;
  _has_out__109L0_3121L0_3380L0_884L0 = 1;
  _ret_3_28L6_3117L6_3377L6_881L6 = ret_109L3_3121L3_3380L3_884L3;
  bit _ret_4_30L7_4667L7_5012L7_1268L7=0;
  int S_125L3_4670L0_5014L0_1270L0=0;
  int key_125L3_4670L1_5014L1_1270L1=1;
  bit _out_125L3_4670L2_5014L2_1270L2=0;
  bit _has_out__127L0_4671L0_5015L0_1271L0=0;
  int prev_127L1_4671L1_5015L1_1271L1=0; int cur_127L2_4671L2_5015L2_1271L2=0;
  bit ret_127L3_4671L3_5015L3_1271L3=0;
  int S_180L6_4674L0_5017L0_1273L0=0;
  int key_180L6_4674L1_5017L1_1273L1=1;
  int prev_180L6_4674L2_5017L2_1273L2=0;
  int cur_180L7_4674L3_5017L3_1273L3=0;
  bit _has_out__182L0_4675L0_5018L0_1274L0=0;
  prev_180L6_4674L2_5017L2_1273L2 = null;
  int __s_pac322_5020L0_1276L0=0;
  cur_180L7_4674L3_5017L3_1273L3 = __s_Set_head_15_46L5_46L5[0];
  int _ret_0_184L1_4677L1_5020L1_1276L1=1;
  atomic((_lock_3L0_3L0[1])==(0))
  {
    _lock_3L0_3L0[1] = -1;
  }
  for(int i_187L0_4680L0_5024L0_1280L0=0;(i_187L0_4680L0_5024L0_1280L0)<(5);i_187L0_4680L0_5024L0_1280L0 = (i_187L0_4680L0_5024L0_1280L0)+(1))
  {
    if((__s_Node_key_12_4L1_4L1[cur_180L7_4674L3_5017L3_1273L3])<(1))
    {
      bit[4] __sa3_1268L0_5699L0_6099L0_1523L0={0,0,0,0};
      __sa3_1268L0_5699L0_6099L0_1523L0[0] = 0;
      __sa3_1268L0_5699L0_6099L0_1523L0[1] = 0;
      __sa3_1268L0_5699L0_6099L0_1523L0[2] = 0;
      __sa3_1268L0_5699L0_6099L0_1523L0[3] = 0;
      int _ret_5_1334L0_5762L0_6170L0_1533L0=null;
      boolean __s_tmp_cond_elim_1_1373L0_5798L0_6206L0_1559L0=(prev_180L6_4674L2_5017L2_1273L2)!=(_ret_5_1334L0_5762L0_6170L0_1533L0);
      if(__s_tmp_cond_elim_1_1373L0_5798L0_6206L0_1559L0)
      {
        int _ret_8_1395L2_5819L2_6227L2_1574L2=((((int)prev_180L6_4674L2_5017L2_1273L2))*(1))+(0);
        atomic
        {
          _lock_3L0_3L0[_ret_8_1395L2_5819L2_6227L2_1574L2] = 0;
        }
      }
      __sa3_1268L0_5699L0_6099L0_1523L0[1] = 1;
      prev_180L6_4674L2_5017L2_1273L2 = cur_180L7_4674L3_5017L3_1273L3;
      __sa3_1268L0_5699L0_6099L0_1523L0[2] = 1;
      int _ret_1_1536L0_5952L0_6368L0_1585L0=null;
      int __s_tmp_cond_elim_0_1571L0_5984L0_6400L0_1608L0=__s_Node_next_13_4L2_4L2[cur_180L7_4674L3_5017L3_1273L3];
      boolean __s_tmp_cond_elim_1_1575L0_5988L0_6404L0_1611L0=(_ret_1_1536L0_5952L0_6368L0_1585L0)!=(__s_tmp_cond_elim_0_1571L0_5984L0_6400L0_1608L0);
      if(__s_tmp_cond_elim_1_1575L0_5988L0_6404L0_1611L0)
      {
        int __s_tmp_cond_elim_0_1594L0_6006L0_6422L0_1624L0=__s_Node_next_13_4L2_4L2[cur_180L7_4674L3_5017L3_1273L3];
        int _ret_4_1597L2_6009L2_6425L2_1626L2=((((int)__s_tmp_cond_elim_0_1594L0_6006L0_6422L0_1624L0))*(1))+(0);
        atomic((_lock_3L0_3L0[_ret_4_1597L2_6009L2_6425L2_1626L2])==(0))
        {
          _lock_3L0_3L0[_ret_4_1597L2_6009L2_6425L2_1626L2] = -1;
        }
      }
      __sa3_1268L0_5699L0_6099L0_1523L0[0] = 1;
      cur_180L7_4674L3_5017L3_1273L3 = __s_Node_next_13_4L2_4L2[cur_180L7_4674L3_5017L3_1273L3];
      __sa3_1268L0_5699L0_6099L0_1523L0[3] = 1;
    }
  }
  prev_127L1_4671L1_5015L1_1271L1 = prev_180L6_4674L2_5017L2_1273L2;
  cur_127L2_4671L2_5015L2_1271L2 = cur_180L7_4674L3_5017L3_1273L3;
  int __s_pac400_6629L4_1637L4=cur_180L7_4674L3_5017L3_1273L3;
  if((1)==(__s_Node_key_12_4L1_4L1[cur_180L7_4674L3_5017L3_1273L3]))
  {
    __s_Node_next_13_4L2_4L2[prev_180L6_4674L2_5017L2_1273L2] = __s_Node_next_13_4L2_4L2[cur_180L7_4674L3_5017L3_1273L3];
    ret_127L3_4671L3_5015L3_1271L3 = 1;
  }
  else
  {
    ret_127L3_4671L3_5015L3_1271L3 = 0;
  }
  int _ret_0_133L4_6206L4_6634L5_1642L5=((((int)prev_180L6_4674L2_5017L2_1273L2))*(1))+(0);
  atomic
  {
    _lock_3L0_3L0[_ret_0_133L4_6206L4_6634L5_1642L5] = 0;
  }
  int _ret_1_134L5_6207L5_6636L6_1644L6=((((int)cur_180L7_4674L3_5017L3_1273L3))*(1))+(0);
  atomic
  {
    _lock_3L0_3L0[_ret_1_134L5_6207L5_6636L6_1644L6] = 0;
  }
  _out_125L3_4670L2_5014L2_1270L2 = ret_127L3_4671L3_5015L3_1271L3;
  _has_out__127L0_4671L0_5015L0_1271L0 = 1;
  _ret_4_30L7_4667L7_5012L7_1268L7 = ret_127L3_4671L3_5015L3_1271L3;
  bit _ret_5_32L8_6210L8_6640L8_1648L8=0;
  int S_136L3_6213L0_6642L0_1650L0=0;
  bit _out_136L3_6213L1_6642L1_1650L1=0;
  bit _has_out__138L0_6214L0_6643L0_1651L0=0;
  int __s_pac404_6644L0_1652L0=0;
  int __s_pac403_6644L1_1652L1=__s_Set_tail_16_46L4_46L4[0];
  int __s_pac406_6645L0_1653L0=0;
  int __s_pac405_6645L1_1653L1=__s_Set_head_15_46L5_46L5[0];
  int __s_pac407_6645L2_1653L2=0;
  _out_136L3_6213L1_6642L1_1650L1 = (__s_Node_next_13_4L2_4L2[1])==(__s_Set_tail_16_46L4_46L4[0]);
  _has_out__138L0_6214L0_6643L0_1651L0 = 1;
  _ret_5_32L8_6210L8_6640L8_1648L8 = _out_136L3_6213L1_6642L1_1650L1;
  fork(int i_36L0_6219L0_6648L0_1656L0; 3)
  {
    int addKey_38L0_6221L0_6650L0_1659L0=i_36L0_6219L0_6648L0_1656L0; int rmKey_38L1_6221L1_6650L1_1659L1=((i_36L0_6219L0_6648L0_1656L0)+(1))%(3);
    for(int j_40L0_6223L0_6652L0_1661L0=0;(j_40L0_6223L0_6652L0_1661L0)<(1);j_40L0_6223L0_6652L0_1661L0 = (j_40L0_6223L0_6652L0_1661L0)+(1))
    {
      int prev_180L6_12425L2_13192L2_3209L2=0;
      int cur_180L7_12425L3_13192L3_3209L3;
      prev_180L6_12425L2_13192L2_3209L2 = null;
      cur_180L7_12425L3_13192L3_3209L3 = __s_Set_head_15_46L5_46L5[0];
      int _ret_0_184L1_12428L1_13195L1_3212L1=((((int)cur_180L7_12425L3_13192L3_3209L3))*(1))+(0);
      atomic((_lock_3L0_3L0[_ret_0_184L1_12428L1_13195L1_3212L1])==(0))
      {
        _lock_3L0_3L0[_ret_0_184L1_12428L1_13195L1_3212L1] = (i_36L0_6219L0_6648L0_1656L0)+(1);
      }
      for(int i_187L0_12431L0_13199L0_3216L0=0;(i_187L0_12431L0_13199L0_3216L0)<(5);i_187L0_12431L0_13199L0_3216L0 = (i_187L0_12431L0_13199L0_3216L0)+(1))
      {
        if((__s_Node_key_12_4L1_4L1[cur_180L7_12425L3_13192L3_3209L3])<(addKey_38L0_6221L0_6650L0_1659L0))
        {
          bit[4] __sa3_1268L0_13450L0_14274L0_3459L0={0,0,0,0};
          __sa3_1268L0_13450L0_14274L0_3459L0[0] = 0;
          __sa3_1268L0_13450L0_14274L0_3459L0[1] = 0;
          __sa3_1268L0_13450L0_14274L0_3459L0[2] = 0;
          __sa3_1268L0_13450L0_14274L0_3459L0[3] = 0;
          int _ret_5_1334L0_13513L0_14345L0_3469L0=null;
          boolean __s_tmp_cond_elim_1_1373L0_13549L0_14381L0_3495L0=(prev_180L6_12425L2_13192L2_3209L2)!=(_ret_5_1334L0_13513L0_14345L0_3469L0);
          if(__s_tmp_cond_elim_1_1373L0_13549L0_14381L0_3495L0)
          {
            int _ret_8_1395L2_13570L2_14402L2_3510L2=((((int)prev_180L6_12425L2_13192L2_3209L2))*(1))+(0);
            atomic
            {
              _lock_3L0_3L0[_ret_8_1395L2_13570L2_14402L2_3510L2] = 0;
            }
          }
          __sa3_1268L0_13450L0_14274L0_3459L0[1] = 1;
          prev_180L6_12425L2_13192L2_3209L2 = cur_180L7_12425L3_13192L3_3209L3;
          __sa3_1268L0_13450L0_14274L0_3459L0[2] = 1;
          int _ret_1_1536L0_13703L0_14543L0_3521L0=null;
          int __s_tmp_cond_elim_0_1571L0_13735L0_14575L0_3544L0=__s_Node_next_13_4L2_4L2[cur_180L7_12425L3_13192L3_3209L3];
          boolean __s_tmp_cond_elim_1_1575L0_13739L0_14579L0_3547L0=(_ret_1_1536L0_13703L0_14543L0_3521L0)!=(__s_tmp_cond_elim_0_1571L0_13735L0_14575L0_3544L0);
          if(__s_tmp_cond_elim_1_1575L0_13739L0_14579L0_3547L0)
          {
            int __s_tmp_cond_elim_0_1594L0_13757L0_14597L0_3560L0=__s_Node_next_13_4L2_4L2[cur_180L7_12425L3_13192L3_3209L3];
            int _ret_4_1597L2_13760L2_14600L2_3562L2=((((int)__s_tmp_cond_elim_0_1594L0_13757L0_14597L0_3560L0))*(1))+(0);
            atomic((_lock_3L0_3L0[_ret_4_1597L2_13760L2_14600L2_3562L2])==(0))
            {
              _lock_3L0_3L0[_ret_4_1597L2_13760L2_14600L2_3562L2] = (i_36L0_6219L0_6648L0_1656L0)+(1);
            }
          }
          __sa3_1268L0_13450L0_14274L0_3459L0[0] = 1;
          cur_180L7_12425L3_13192L3_3209L3 = __s_Node_next_13_4L2_4L2[cur_180L7_12425L3_13192L3_3209L3];
          __sa3_1268L0_13450L0_14274L0_3459L0[3] = 1;
        }
      }
      if((addKey_38L0_6221L0_6650L0_1659L0)<(__s_Node_key_12_4L1_4L1[cur_180L7_12425L3_13192L3_3209L3]))
      {
        int __s_tmp_new_Node_10_13957L2_14809L2_3578L2=0;
        atomic
        {
          __s_tmp_new_Node_10_13957L2_14809L2_3578L2 = __s_Node_nextInstance_11_4L0_4L0;
          __s_Node_nextInstance_11_4L0_4L0 = (__s_Node_nextInstance_11_4L0_4L0)+(1);
        }
        __s_Node_key_12_4L1_4L1[__s_tmp_new_Node_10_13957L2_14809L2_3578L2] = addKey_38L0_6221L0_6650L0_1659L0;
        __s_Node_next_13_4L2_4L2[__s_tmp_new_Node_10_13957L2_14809L2_3578L2] = cur_180L7_12425L3_13192L3_3209L3;
        __s_Node_next_13_4L2_4L2[prev_180L6_12425L2_13192L2_3209L2] = __s_tmp_new_Node_10_13957L2_14809L2_3578L2;
      }
      int _ret_1_122L4_13964L4_14816L5_3585L5=((((int)prev_180L6_12425L2_13192L2_3209L2))*(1))+(0);
      atomic
      {
        _lock_3L0_3L0[_ret_1_122L4_13964L4_14816L5_3585L5] = 0;
      }
      int _ret_2_123L5_13965L5_14818L6_3587L6=((((int)cur_180L7_12425L3_13192L3_3209L3))*(1))+(0);
      atomic
      {
        _lock_3L0_3L0[_ret_2_123L5_13965L5_14818L6_3587L6] = 0;
      }
      addKey_38L0_6221L0_6650L0_1659L0 = (addKey_38L0_6221L0_6650L0_1659L0)+(3);
      bit ret_127L3_13973L3_14826L3_3595L3=0;
      int prev_180L6_13976L2_14828L2_3597L2=0;
      int cur_180L7_13976L3_14828L3_3597L3;
      prev_180L6_13976L2_14828L2_3597L2 = null;
      cur_180L7_13976L3_14828L3_3597L3 = __s_Set_head_15_46L5_46L5[0];
      int _ret_0_184L1_13979L1_14831L1_3600L1=((((int)cur_180L7_13976L3_14828L3_3597L3))*(1))+(0);
      atomic((_lock_3L0_3L0[_ret_0_184L1_13979L1_14831L1_3600L1])==(0))
      {
        _lock_3L0_3L0[_ret_0_184L1_13979L1_14831L1_3600L1] = (i_36L0_6219L0_6648L0_1656L0)+(1);
      }
      for(int i_187L0_13982L0_14835L0_3604L0=0;(i_187L0_13982L0_14835L0_3604L0)<(5);i_187L0_13982L0_14835L0_3604L0 = (i_187L0_13982L0_14835L0_3604L0)+(1))
      {
        if((__s_Node_key_12_4L1_4L1[cur_180L7_13976L3_14828L3_3597L3])<(rmKey_38L1_6221L1_6650L1_1659L1))
        {
          bit[4] __sa3_1268L0_15001L0_15910L0_3847L0={0,0,0,0};
          __sa3_1268L0_15001L0_15910L0_3847L0[0] = 0;
          __sa3_1268L0_15001L0_15910L0_3847L0[1] = 0;
          __sa3_1268L0_15001L0_15910L0_3847L0[2] = 0;
          __sa3_1268L0_15001L0_15910L0_3847L0[3] = 0;
          int _ret_5_1334L0_15064L0_15981L0_3857L0=null;
          boolean __s_tmp_cond_elim_1_1373L0_15100L0_16017L0_3883L0=(prev_180L6_13976L2_14828L2_3597L2)!=(_ret_5_1334L0_15064L0_15981L0_3857L0);
          if(__s_tmp_cond_elim_1_1373L0_15100L0_16017L0_3883L0)
          {
            int _ret_8_1395L2_15121L2_16038L2_3898L2=((((int)prev_180L6_13976L2_14828L2_3597L2))*(1))+(0);
            atomic
            {
              _lock_3L0_3L0[_ret_8_1395L2_15121L2_16038L2_3898L2] = 0;
            }
          }
          __sa3_1268L0_15001L0_15910L0_3847L0[1] = 1;
          prev_180L6_13976L2_14828L2_3597L2 = cur_180L7_13976L3_14828L3_3597L3;
          __sa3_1268L0_15001L0_15910L0_3847L0[2] = 1;
          int _ret_1_1536L0_15254L0_16179L0_3909L0=null;
          int __s_tmp_cond_elim_0_1571L0_15286L0_16211L0_3932L0=__s_Node_next_13_4L2_4L2[cur_180L7_13976L3_14828L3_3597L3];
          boolean __s_tmp_cond_elim_1_1575L0_15290L0_16215L0_3935L0=(_ret_1_1536L0_15254L0_16179L0_3909L0)!=(__s_tmp_cond_elim_0_1571L0_15286L0_16211L0_3932L0);
          if(__s_tmp_cond_elim_1_1575L0_15290L0_16215L0_3935L0)
          {
            int __s_tmp_cond_elim_0_1594L0_15308L0_16233L0_3948L0=__s_Node_next_13_4L2_4L2[cur_180L7_13976L3_14828L3_3597L3];
            int _ret_4_1597L2_15311L2_16236L2_3950L2=((((int)__s_tmp_cond_elim_0_1594L0_15308L0_16233L0_3948L0))*(1))+(0);
            atomic((_lock_3L0_3L0[_ret_4_1597L2_15311L2_16236L2_3950L2])==(0))
            {
              _lock_3L0_3L0[_ret_4_1597L2_15311L2_16236L2_3950L2] = (i_36L0_6219L0_6648L0_1656L0)+(1);
            }
          }
          __sa3_1268L0_15001L0_15910L0_3847L0[0] = 1;
          cur_180L7_13976L3_14828L3_3597L3 = __s_Node_next_13_4L2_4L2[cur_180L7_13976L3_14828L3_3597L3];
          __sa3_1268L0_15001L0_15910L0_3847L0[3] = 1;
        }
      }
      if((rmKey_38L1_6221L1_6650L1_1659L1)==(__s_Node_key_12_4L1_4L1[cur_180L7_13976L3_14828L3_3597L3]))
      {
        __s_Node_next_13_4L2_4L2[prev_180L6_13976L2_14828L2_3597L2] = __s_Node_next_13_4L2_4L2[cur_180L7_13976L3_14828L3_3597L3];
        ret_127L3_13973L3_14826L3_3595L3 = 1;
      }
      else
      {
        ret_127L3_13973L3_14826L3_3595L3 = 0;
      }
      int _ret_0_133L4_15508L4_16445L5_3966L5=((((int)prev_180L6_13976L2_14828L2_3597L2))*(1))+(0);
      atomic
      {
        _lock_3L0_3L0[_ret_0_133L4_15508L4_16445L5_3966L5] = 0;
      }
      int _ret_1_134L5_15509L5_16447L6_3968L6=((((int)cur_180L7_13976L3_14828L3_3597L3))*(1))+(0);
      atomic
      {
        _lock_3L0_3L0[_ret_1_134L5_15509L5_16447L6_3968L6] = 0;
      }
      removed_24L3_24L3_110L3_110L3[rmKey_38L1_6221L1_6650L1_1659L1] = ret_127L3_13973L3_14826L3_3595L3;
      rmKey_38L1_6221L1_6650L1_1659L1 = ((rmKey_38L1_6221L1_6650L1_1659L1)+(3))%(3);
    }
  }
  for(int k_65L0_15556L0_16494L0_4015L0=0;(k_65L0_15556L0_16494L0_4015L0)<(3);k_65L0_15556L0_16494L0_4015L0 = (k_65L0_15556L0_16494L0_4015L0)+(1))
  {
    if(removed_24L3_24L3_110L3_110L3[k_65L0_15556L0_16494L0_4015L0])
    {
      int prev_180L6_24851L2_26297L2_6330L2=0;
      int cur_180L7_24851L3_26297L3_6330L3;
      prev_180L6_24851L2_26297L2_6330L2 = null;
      cur_180L7_24851L3_26297L3_6330L3 = __s_Set_head_15_46L5_46L5[0];
      int _ret_0_184L1_24854L1_26300L1_6333L1=((((int)cur_180L7_24851L3_26297L3_6330L3))*(1))+(0);
      atomic((_lock_3L0_3L0[_ret_0_184L1_24854L1_26300L1_6333L1])==(0))
      {
        _lock_3L0_3L0[_ret_0_184L1_24854L1_26300L1_6333L1] = -1;
      }
      for(int i_187L0_24857L0_26304L0_6337L0=0;(i_187L0_24857L0_26304L0_6337L0)<(5);i_187L0_24857L0_26304L0_6337L0 = (i_187L0_24857L0_26304L0_6337L0)+(1))
      {
        if((__s_Node_key_12_4L1_4L1[cur_180L7_24851L3_26297L3_6330L3])<(k_65L0_15556L0_16494L0_4015L0))
        {
          bit[4] __sa3_1268L0_25876L0_27379L0_6580L0={0,0,0,0};
          __sa3_1268L0_25876L0_27379L0_6580L0[0] = 0;
          __sa3_1268L0_25876L0_27379L0_6580L0[1] = 0;
          __sa3_1268L0_25876L0_27379L0_6580L0[2] = 0;
          __sa3_1268L0_25876L0_27379L0_6580L0[3] = 0;
          int _ret_5_1334L0_25939L0_27450L0_6590L0=null;
          boolean __s_tmp_cond_elim_1_1373L0_25975L0_27486L0_6616L0=(prev_180L6_24851L2_26297L2_6330L2)!=(_ret_5_1334L0_25939L0_27450L0_6590L0);
          if(__s_tmp_cond_elim_1_1373L0_25975L0_27486L0_6616L0)
          {
            int _ret_8_1395L2_25996L2_27507L2_6631L2=((((int)prev_180L6_24851L2_26297L2_6330L2))*(1))+(0);
            atomic
            {
              _lock_3L0_3L0[_ret_8_1395L2_25996L2_27507L2_6631L2] = 0;
            }
          }
          __sa3_1268L0_25876L0_27379L0_6580L0[1] = 1;
          prev_180L6_24851L2_26297L2_6330L2 = cur_180L7_24851L3_26297L3_6330L3;
          __sa3_1268L0_25876L0_27379L0_6580L0[2] = 1;
          int _ret_1_1536L0_26129L0_27648L0_6642L0=null;
          int __s_tmp_cond_elim_0_1571L0_26161L0_27680L0_6665L0=__s_Node_next_13_4L2_4L2[cur_180L7_24851L3_26297L3_6330L3];
          boolean __s_tmp_cond_elim_1_1575L0_26165L0_27684L0_6668L0=(_ret_1_1536L0_26129L0_27648L0_6642L0)!=(__s_tmp_cond_elim_0_1571L0_26161L0_27680L0_6665L0);
          if(__s_tmp_cond_elim_1_1575L0_26165L0_27684L0_6668L0)
          {
            int __s_tmp_cond_elim_0_1594L0_26183L0_27702L0_6681L0=__s_Node_next_13_4L2_4L2[cur_180L7_24851L3_26297L3_6330L3];
            int _ret_4_1597L2_26186L2_27705L2_6683L2=((((int)__s_tmp_cond_elim_0_1594L0_26183L0_27702L0_6681L0))*(1))+(0);
            atomic((_lock_3L0_3L0[_ret_4_1597L2_26186L2_27705L2_6683L2])==(0))
            {
              _lock_3L0_3L0[_ret_4_1597L2_26186L2_27705L2_6683L2] = -1;
            }
          }
          __sa3_1268L0_25876L0_27379L0_6580L0[0] = 1;
          cur_180L7_24851L3_26297L3_6330L3 = __s_Node_next_13_4L2_4L2[cur_180L7_24851L3_26297L3_6330L3];
          __sa3_1268L0_25876L0_27379L0_6580L0[3] = 1;
        }
      }
      if((k_65L0_15556L0_16494L0_4015L0)==(__s_Node_key_12_4L1_4L1[cur_180L7_24851L3_26297L3_6330L3]))
      {
        __s_Node_next_13_4L2_4L2[prev_180L6_24851L2_26297L2_6330L2] = __s_Node_next_13_4L2_4L2[cur_180L7_24851L3_26297L3_6330L3];
      }
      int _ret_0_133L4_26383L4_27914L5_6699L5=((((int)prev_180L6_24851L2_26297L2_6330L2))*(1))+(0);
      atomic
      {
        _lock_3L0_3L0[_ret_0_133L4_26383L4_27914L5_6699L5] = 0;
      }
      int _ret_1_134L5_26384L5_27916L6_6701L6=((((int)cur_180L7_24851L3_26297L3_6330L3))*(1))+(0);
      atomic
      {
        _lock_3L0_3L0[_ret_1_134L5_26384L5_27916L6_6701L6] = 0;
      }
    }
    else
    {
      int prev_180L6_26396L2_27927L2_6712L2=0;
      int cur_180L7_26396L3_27927L3_6712L3;
      prev_180L6_26396L2_27927L2_6712L2 = null;
      cur_180L7_26396L3_27927L3_6712L3 = __s_Set_head_15_46L5_46L5[0];
      int _ret_0_184L1_26399L1_27930L1_6715L1=((((int)cur_180L7_26396L3_27927L3_6712L3))*(1))+(0);
      atomic((_lock_3L0_3L0[_ret_0_184L1_26399L1_27930L1_6715L1])==(0))
      {
        _lock_3L0_3L0[_ret_0_184L1_26399L1_27930L1_6715L1] = -1;
      }
      for(int i_187L0_26402L0_27934L0_6719L0=0;(i_187L0_26402L0_27934L0_6719L0)<(5);i_187L0_26402L0_27934L0_6719L0 = (i_187L0_26402L0_27934L0_6719L0)+(1))
      {
        if((__s_Node_key_12_4L1_4L1[cur_180L7_26396L3_27927L3_6712L3])<(k_65L0_15556L0_16494L0_4015L0))
        {
          bit[4] __sa3_1268L0_27421L0_29009L0_6962L0={0,0,0,0};
          __sa3_1268L0_27421L0_29009L0_6962L0[0] = 0;
          __sa3_1268L0_27421L0_29009L0_6962L0[1] = 0;
          __sa3_1268L0_27421L0_29009L0_6962L0[2] = 0;
          __sa3_1268L0_27421L0_29009L0_6962L0[3] = 0;
          int _ret_5_1334L0_27484L0_29080L0_6972L0=null;
          boolean __s_tmp_cond_elim_1_1373L0_27520L0_29116L0_6998L0=(prev_180L6_26396L2_27927L2_6712L2)!=(_ret_5_1334L0_27484L0_29080L0_6972L0);
          if(__s_tmp_cond_elim_1_1373L0_27520L0_29116L0_6998L0)
          {
            int _ret_8_1395L2_27541L2_29137L2_7013L2=((((int)prev_180L6_26396L2_27927L2_6712L2))*(1))+(0);
            atomic
            {
              _lock_3L0_3L0[_ret_8_1395L2_27541L2_29137L2_7013L2] = 0;
            }
          }
          __sa3_1268L0_27421L0_29009L0_6962L0[1] = 1;
          prev_180L6_26396L2_27927L2_6712L2 = cur_180L7_26396L3_27927L3_6712L3;
          __sa3_1268L0_27421L0_29009L0_6962L0[2] = 1;
          int _ret_1_1536L0_27674L0_29278L0_7024L0=null;
          int __s_tmp_cond_elim_0_1571L0_27706L0_29310L0_7047L0=__s_Node_next_13_4L2_4L2[cur_180L7_26396L3_27927L3_6712L3];
          boolean __s_tmp_cond_elim_1_1575L0_27710L0_29314L0_7050L0=(_ret_1_1536L0_27674L0_29278L0_7024L0)!=(__s_tmp_cond_elim_0_1571L0_27706L0_29310L0_7047L0);
          if(__s_tmp_cond_elim_1_1575L0_27710L0_29314L0_7050L0)
          {
            int __s_tmp_cond_elim_0_1594L0_27728L0_29332L0_7063L0=__s_Node_next_13_4L2_4L2[cur_180L7_26396L3_27927L3_6712L3];
            int _ret_4_1597L2_27731L2_29335L2_7065L2=((((int)__s_tmp_cond_elim_0_1594L0_27728L0_29332L0_7063L0))*(1))+(0);
            atomic((_lock_3L0_3L0[_ret_4_1597L2_27731L2_29335L2_7065L2])==(0))
            {
              _lock_3L0_3L0[_ret_4_1597L2_27731L2_29335L2_7065L2] = -1;
            }
          }
          __sa3_1268L0_27421L0_29009L0_6962L0[0] = 1;
          cur_180L7_26396L3_27927L3_6712L3 = __s_Node_next_13_4L2_4L2[cur_180L7_26396L3_27927L3_6712L3];
          __sa3_1268L0_27421L0_29009L0_6962L0[3] = 1;
        }
      }
      if((k_65L0_15556L0_16494L0_4015L0)<(__s_Node_key_12_4L1_4L1[cur_180L7_26396L3_27927L3_6712L3]))
      {
        int __s_tmp_new_Node_10_27928L2_29544L2_7081L2=0;
        atomic
        {
          __s_tmp_new_Node_10_27928L2_29544L2_7081L2 = __s_Node_nextInstance_11_4L0_4L0;
          __s_Node_nextInstance_11_4L0_4L0 = (__s_Node_nextInstance_11_4L0_4L0)+(1);
        }
        __s_Node_key_12_4L1_4L1[__s_tmp_new_Node_10_27928L2_29544L2_7081L2] = k_65L0_15556L0_16494L0_4015L0;
        __s_Node_next_13_4L2_4L2[__s_tmp_new_Node_10_27928L2_29544L2_7081L2] = cur_180L7_26396L3_27927L3_6712L3;
        __s_Node_next_13_4L2_4L2[prev_180L6_26396L2_27927L2_6712L2] = __s_tmp_new_Node_10_27928L2_29544L2_7081L2;
      }
      int _ret_1_122L4_27935L4_29551L5_7088L5=((((int)prev_180L6_26396L2_27927L2_6712L2))*(1))+(0);
      atomic
      {
        _lock_3L0_3L0[_ret_1_122L4_27935L4_29551L5_7088L5] = 0;
      }
      int _ret_2_123L5_27936L5_29553L6_7090L6=((((int)cur_180L7_26396L3_27927L3_6712L3))*(1))+(0);
      atomic
      {
        _lock_3L0_3L0[_ret_2_123L5_27936L5_29553L6_7090L6] = 0;
      }
      int prev_180L6_27946L2_29562L2_7099L2=0;
      int cur_180L7_27946L3_29562L3_7099L3;
      prev_180L6_27946L2_29562L2_7099L2 = null;
      cur_180L7_27946L3_29562L3_7099L3 = __s_Set_head_15_46L5_46L5[0];
      int _ret_0_184L1_27949L1_29565L1_7102L1=((((int)cur_180L7_27946L3_29562L3_7099L3))*(1))+(0);
      atomic((_lock_3L0_3L0[_ret_0_184L1_27949L1_29565L1_7102L1])==(0))
      {
        _lock_3L0_3L0[_ret_0_184L1_27949L1_29565L1_7102L1] = -1;
      }
      for(int i_187L0_27952L0_29569L0_7106L0=0;(i_187L0_27952L0_29569L0_7106L0)<(5);i_187L0_27952L0_29569L0_7106L0 = (i_187L0_27952L0_29569L0_7106L0)+(1))
      {
        if((__s_Node_key_12_4L1_4L1[cur_180L7_27946L3_29562L3_7099L3])<(k_65L0_15556L0_16494L0_4015L0))
        {
          bit[4] __sa3_1268L0_28971L0_30644L0_7349L0={0,0,0,0};
          __sa3_1268L0_28971L0_30644L0_7349L0[0] = 0;
          __sa3_1268L0_28971L0_30644L0_7349L0[1] = 0;
          __sa3_1268L0_28971L0_30644L0_7349L0[2] = 0;
          __sa3_1268L0_28971L0_30644L0_7349L0[3] = 0;
          int _ret_5_1334L0_29034L0_30715L0_7359L0=null;
          boolean __s_tmp_cond_elim_1_1373L0_29070L0_30751L0_7385L0=(prev_180L6_27946L2_29562L2_7099L2)!=(_ret_5_1334L0_29034L0_30715L0_7359L0);
          if(__s_tmp_cond_elim_1_1373L0_29070L0_30751L0_7385L0)
          {
            int _ret_8_1395L2_29091L2_30772L2_7400L2=((((int)prev_180L6_27946L2_29562L2_7099L2))*(1))+(0);
            atomic
            {
              _lock_3L0_3L0[_ret_8_1395L2_29091L2_30772L2_7400L2] = 0;
            }
          }
          __sa3_1268L0_28971L0_30644L0_7349L0[1] = 1;
          prev_180L6_27946L2_29562L2_7099L2 = cur_180L7_27946L3_29562L3_7099L3;
          __sa3_1268L0_28971L0_30644L0_7349L0[2] = 1;
          int _ret_1_1536L0_29224L0_30913L0_7411L0=null;
          int __s_tmp_cond_elim_0_1571L0_29256L0_30945L0_7434L0=__s_Node_next_13_4L2_4L2[cur_180L7_27946L3_29562L3_7099L3];
          boolean __s_tmp_cond_elim_1_1575L0_29260L0_30949L0_7437L0=(_ret_1_1536L0_29224L0_30913L0_7411L0)!=(__s_tmp_cond_elim_0_1571L0_29256L0_30945L0_7434L0);
          if(__s_tmp_cond_elim_1_1575L0_29260L0_30949L0_7437L0)
          {
            int __s_tmp_cond_elim_0_1594L0_29278L0_30967L0_7450L0=__s_Node_next_13_4L2_4L2[cur_180L7_27946L3_29562L3_7099L3];
            int _ret_4_1597L2_29281L2_30970L2_7452L2=((((int)__s_tmp_cond_elim_0_1594L0_29278L0_30967L0_7450L0))*(1))+(0);
            atomic((_lock_3L0_3L0[_ret_4_1597L2_29281L2_30970L2_7452L2])==(0))
            {
              _lock_3L0_3L0[_ret_4_1597L2_29281L2_30970L2_7452L2] = -1;
            }
          }
          __sa3_1268L0_28971L0_30644L0_7349L0[0] = 1;
          cur_180L7_27946L3_29562L3_7099L3 = __s_Node_next_13_4L2_4L2[cur_180L7_27946L3_29562L3_7099L3];
          __sa3_1268L0_28971L0_30644L0_7349L0[3] = 1;
        }
      }
      if((k_65L0_15556L0_16494L0_4015L0)==(__s_Node_key_12_4L1_4L1[cur_180L7_27946L3_29562L3_7099L3]))
      {
        __s_Node_next_13_4L2_4L2[prev_180L6_27946L2_29562L2_7099L2] = __s_Node_next_13_4L2_4L2[cur_180L7_27946L3_29562L3_7099L3];
      }
      int _ret_0_133L4_29478L4_31179L5_7468L5=((((int)prev_180L6_27946L2_29562L2_7099L2))*(1))+(0);
      atomic
      {
        _lock_3L0_3L0[_ret_0_133L4_29478L4_31179L5_7468L5] = 0;
      }
      int _ret_1_134L5_29479L5_31181L6_7470L6=((((int)cur_180L7_27946L3_29562L3_7099L3))*(1))+(0);
      atomic
      {
        _lock_3L0_3L0[_ret_1_134L5_29479L5_31181L6_7470L6] = 0;
      }
    }
  }
  _out_1L0_1L0_1L0_1L0 = 1;
}
void T([!bit _out_104L1_29490L1_31192L1_7481L1])
{
  int[10] __s_Node_key_18_31194L1_7483L1={0,0,0,0,0,0,0,0,0,0}; int[10] __s_Node_next_19_31194L2_7483L2={0,0,0,0,0,0,0,0,0,0};
  __s_Node_key_18_31194L1_7483L1[0] = 0;
  __s_Node_key_18_31194L1_7483L1[1] = 0;
  __s_Node_key_18_31194L1_7483L1[2] = 0;
  __s_Node_key_18_31194L1_7483L1[3] = 0;
  __s_Node_key_18_31194L1_7483L1[4] = 0;
  __s_Node_key_18_31194L1_7483L1[5] = 0;
  __s_Node_key_18_31194L1_7483L1[6] = 0;
  __s_Node_key_18_31194L1_7483L1[7] = 0;
  __s_Node_key_18_31194L1_7483L1[8] = 0;
  __s_Node_key_18_31194L1_7483L1[9] = 0;
  int __s_tmp_cond_elim_58_31217L0_7506L0=null;
  __s_Node_next_19_31194L2_7483L2[0] = __s_tmp_cond_elim_58_31217L0_7506L0;
  int __s_tmp_cond_elim_58_31219L0_7508L0=null;
  __s_Node_next_19_31194L2_7483L2[1] = __s_tmp_cond_elim_58_31219L0_7508L0;
  int __s_tmp_cond_elim_58_31221L0_7510L0=null;
  __s_Node_next_19_31194L2_7483L2[2] = __s_tmp_cond_elim_58_31221L0_7510L0;
  int __s_tmp_cond_elim_58_31223L0_7512L0=null;
  __s_Node_next_19_31194L2_7483L2[3] = __s_tmp_cond_elim_58_31223L0_7512L0;
  int __s_tmp_cond_elim_58_31225L0_7514L0=null;
  __s_Node_next_19_31194L2_7483L2[4] = __s_tmp_cond_elim_58_31225L0_7514L0;
  int __s_tmp_cond_elim_58_31227L0_7516L0=null;
  __s_Node_next_19_31194L2_7483L2[5] = __s_tmp_cond_elim_58_31227L0_7516L0;
  int __s_tmp_cond_elim_58_31229L0_7518L0=null;
  __s_Node_next_19_31194L2_7483L2[6] = __s_tmp_cond_elim_58_31229L0_7518L0;
  int __s_tmp_cond_elim_58_31231L0_7520L0=null;
  __s_Node_next_19_31194L2_7483L2[7] = __s_tmp_cond_elim_58_31231L0_7520L0;
  int __s_tmp_cond_elim_58_31233L0_7522L0=null;
  __s_Node_next_19_31194L2_7483L2[8] = __s_tmp_cond_elim_58_31233L0_7522L0;
  int __s_tmp_cond_elim_58_31235L0_7524L0=null;
  __s_Node_next_19_31194L2_7483L2[9] = __s_tmp_cond_elim_58_31235L0_7524L0;
  int[10] __s_Set_tail_22_31236L4_7525L4={0,0,0,0,0,0,0,0,0,0}; int[10] __s_Set_head_21_31236L5_7525L5={0,0,0,0,0,0,0,0,0,0};
  int __s_tmp_cond_elim_59_31238L0_7527L0=null;
  __s_Set_tail_22_31236L4_7525L4[0] = __s_tmp_cond_elim_59_31238L0_7527L0;
  int __s_tmp_cond_elim_59_31240L0_7529L0=null;
  __s_Set_tail_22_31236L4_7525L4[1] = __s_tmp_cond_elim_59_31240L0_7529L0;
  int __s_tmp_cond_elim_59_31242L0_7531L0=null;
  __s_Set_tail_22_31236L4_7525L4[2] = __s_tmp_cond_elim_59_31242L0_7531L0;
  int __s_tmp_cond_elim_59_31244L0_7533L0=null;
  __s_Set_tail_22_31236L4_7525L4[3] = __s_tmp_cond_elim_59_31244L0_7533L0;
  int __s_tmp_cond_elim_59_31246L0_7535L0=null;
  __s_Set_tail_22_31236L4_7525L4[4] = __s_tmp_cond_elim_59_31246L0_7535L0;
  int __s_tmp_cond_elim_59_31248L0_7537L0=null;
  __s_Set_tail_22_31236L4_7525L4[5] = __s_tmp_cond_elim_59_31248L0_7537L0;
  int __s_tmp_cond_elim_59_31250L0_7539L0=null;
  __s_Set_tail_22_31236L4_7525L4[6] = __s_tmp_cond_elim_59_31250L0_7539L0;
  int __s_tmp_cond_elim_59_31252L0_7541L0=null;
  __s_Set_tail_22_31236L4_7525L4[7] = __s_tmp_cond_elim_59_31252L0_7541L0;
  int __s_tmp_cond_elim_59_31254L0_7543L0=null;
  __s_Set_tail_22_31236L4_7525L4[8] = __s_tmp_cond_elim_59_31254L0_7543L0;
  int __s_tmp_cond_elim_59_31256L0_7545L0=null;
  __s_Set_tail_22_31236L4_7525L4[9] = __s_tmp_cond_elim_59_31256L0_7545L0;
  int __s_tmp_cond_elim_60_31259L0_7548L0=null;
  __s_Set_head_21_31236L5_7525L5[0] = __s_tmp_cond_elim_60_31259L0_7548L0;
  int __s_tmp_cond_elim_60_31261L0_7550L0=null;
  __s_Set_head_21_31236L5_7525L5[1] = __s_tmp_cond_elim_60_31261L0_7550L0;
  int __s_tmp_cond_elim_60_31263L0_7552L0=null;
  __s_Set_head_21_31236L5_7525L5[2] = __s_tmp_cond_elim_60_31263L0_7552L0;
  int __s_tmp_cond_elim_60_31265L0_7554L0=null;
  __s_Set_head_21_31236L5_7525L5[3] = __s_tmp_cond_elim_60_31265L0_7554L0;
  int __s_tmp_cond_elim_60_31267L0_7556L0=null;
  __s_Set_head_21_31236L5_7525L5[4] = __s_tmp_cond_elim_60_31267L0_7556L0;
  int __s_tmp_cond_elim_60_31269L0_7558L0=null;
  __s_Set_head_21_31236L5_7525L5[5] = __s_tmp_cond_elim_60_31269L0_7558L0;
  int __s_tmp_cond_elim_60_31271L0_7560L0=null;
  __s_Set_head_21_31236L5_7525L5[6] = __s_tmp_cond_elim_60_31271L0_7560L0;
  int __s_tmp_cond_elim_60_31273L0_7562L0=null;
  __s_Set_head_21_31236L5_7525L5[7] = __s_tmp_cond_elim_60_31273L0_7562L0;
  int __s_tmp_cond_elim_60_31275L0_7564L0=null;
  __s_Set_head_21_31236L5_7525L5[8] = __s_tmp_cond_elim_60_31275L0_7564L0;
  int __s_tmp_cond_elim_60_31277L0_7566L0=null;
  __s_Set_head_21_31236L5_7525L5[9] = __s_tmp_cond_elim_60_31277L0_7566L0;
  _out_104L1_29490L1_31192L1_7481L1 = 1;
}
void lock([int mem])
void unlock([int mem])

===== Compilation statistics =====
  Solved? -----------------------------> true
  Number of iterations ----------------> 3
  Maximum memory usage (MiB) ----------> 376.6255
  Total elapsed time (s) --------------> 795.185
    % frontend ............ 2.4733868
    % verification ........ 93.307976
    % synthesis ........... 4.218641
  Total solution time (s) -------------> 522.541
    % verification ........ 97.52115
    % synthesis ........... 2.4788485

  Synthesizer statistics:  
    [solver stats]
    Number of calls -------------------> 3
    Total elapsed time (s) ------------> 33.546
    Total model building time (s) -----> 20.576
    Total solution time (s) -----------> 12.953
    Maximum memory usage (MiB) --------> 149.32031
    Average elapsed time (s) ----------> 11.182
    Average model building time (s) ---> 6.858
    Average solution time (s) ---------> 4.317
    Average memory usage (MiB) --------> 91.546875

  Verifier statistics:     
    [solver stats]
    Number of calls -------------------> 4
    Total elapsed time (s) ------------> 741.971
    Total model building time (s) -----> 232.383
    Total solution time (s) -----------> 509.588
    Maximum memory usage (MiB) --------> 233.438
    Average elapsed time (s) ----------> 185.492
    Average model building time (s) ---> 58.095
    Average solution time (s) ---------> 127.397
    Average memory usage (MiB) --------> 69.625

  Frontend statistics:     
    Total elapsed time (s) ------------> 19.668
    Max memory usage (MiB) ------------> 143.1875

[PSKETCH] DONE!
