Iteration 0
[SPINVERIF][2] Stats for last run:
      [solution stats]
      successful? ---------------------> false
      elapsed time (s) ----------------> 57.734
      model building time (s) ---------> 57.715
      solution time (s) ---------------> 0.019
      max memory usage (MiB) ----------> 9.812
      [SPIN-specific stats]
      codegen time (s) ----------------> 24.642
      codegen memory (MiB) ------------> 0.0
      compiler time (s) ---------------> 33.073
      compiler memory (MiB) -----------> 0.0
      total SPIN time (s) -------------> 0.019
      total SPIN mem (MiB) ------------> 9.812
      actual state mem (MiB) ----------> 0.0
      equiv state mem (MiB) -----------> 0.0
      state compression (%) -----------> 0.0
      # states explored ---------------> 330
      state exploration rate (states/s)> 0

[SATBackend] Stats for last run:
      [solution stats]
      successful? ---------------------> true
      elapsed time (s) ----------------> 1.53
      model building time (s) ---------> 0.943
      solution time (s) ---------------> 0.581
      max memory usage (MiB) ----------> 28.863281
      [SAT-specific solution stats]
      initial number of nodes ---------> 43088
      number of nodes after opts ------> 6439
      number of controls --------------> 68
      total number of control bits ----> 92

Iteration 1
[SPINVERIF][2] Stats for last run:
      [solution stats]
      successful? ---------------------> false
      elapsed time (s) ----------------> 57.243
      model building time (s) ---------> 57.004
      solution time (s) ---------------> 0.239
      max memory usage (MiB) ----------> 17.625
      [SPIN-specific stats]
      codegen time (s) ----------------> 24.496
      codegen memory (MiB) ------------> 0.0
      compiler time (s) ---------------> 32.508
      compiler memory (MiB) -----------> 0.0
      total SPIN time (s) -------------> 0.239
      total SPIN mem (MiB) ------------> 17.625
      actual state mem (MiB) ----------> 5.6969995
      equiv state mem (MiB) -----------> 23.58
      state compression (%) -----------> 24.160303
      # states explored ---------------> 3008
      state exploration rate (states/s)> 0

[SATBackend] Stats for last run:
      [solution stats]
      successful? ---------------------> true
      elapsed time (s) ----------------> 7.448
      model building time (s) ---------> 4.407
      solution time (s) ---------------> 3.035
      max memory usage (MiB) ----------> 77.109375
      [SAT-specific solution stats]
      initial number of nodes ---------> 157751
      number of nodes after opts ------> 25237
      number of controls --------------> 68
      total number of control bits ----> 92

Iteration 2
[SPINVERIF][2] Stats for last run:
      [solution stats]
      successful? ---------------------> false
      elapsed time (s) ----------------> 57.392
      model building time (s) ---------> 57.153
      solution time (s) ---------------> 0.239
      max memory usage (MiB) ----------> 17.625
      [SPIN-specific stats]
      codegen time (s) ----------------> 24.381
      codegen memory (MiB) ------------> 0.0
      compiler time (s) ---------------> 32.772
      compiler memory (MiB) -----------> 0.0
      total SPIN time (s) -------------> 0.239
      total SPIN mem (MiB) ------------> 17.625
      actual state mem (MiB) ----------> 5.6939993
      equiv state mem (MiB) -----------> 24.592
      state compression (%) -----------> 23.153868
      # states explored ---------------> 3137
      state exploration rate (states/s)> 0

[SATBackend] Stats for last run:
      [solution stats]
      successful? ---------------------> true
      elapsed time (s) ----------------> 19.613
      model building time (s) ---------> 9.817
      solution time (s) ---------------> 9.791
      max memory usage (MiB) ----------> 123.76953
      [SAT-specific solution stats]
      initial number of nodes ---------> 334019
      number of nodes after opts ------> 41627
      number of controls --------------> 68
      total number of control bits ----> 92

Iteration 3
[SPINVERIF][2] Stats for last run:
      [solution stats]
      successful? ---------------------> true
      elapsed time (s) ----------------> 60.896
      model building time (s) ---------> 57.367
      solution time (s) ---------------> 3.529
      max memory usage (MiB) ----------> 34.812
      [SPIN-specific stats]
      codegen time (s) ----------------> 24.356
      codegen memory (MiB) ------------> 0.0
      compiler time (s) ---------------> 33.011
      compiler memory (MiB) -----------> 0.0
      total SPIN time (s) -------------> 3.529
      total SPIN mem (MiB) ------------> 34.812
      actual state mem (MiB) ----------> 2.8949995
      equiv state mem (MiB) -----------> 293.727
      state compression (%) -----------> 0.98560894
      # states explored ---------------> 37469
      state exploration rate (states/s)> 0

void main([!bit _out_1L0_1L0_1L0_1L0]) implements T
{
  int[10] _lock_3L0_3L0=0;
  int __s_Node_nextInstance_11_4L0_4L0=0; int[10] __s_Node_key_12_4L1_4L1={0,0,0,0,0,0,0,0,0,0}; int[10] __s_Node_next_13_4L2_4L2={0,0,0,0,0,0,0,0,0,0};
  bit __s_tmp_cond_elim_53_6L0_6L0=0;
  int __s_pac61_7L0_7L0=0;
  __s_tmp_cond_elim_53_6L0_6L0 = 0;
  int __s_pac62_7L1_7L1=0;
  __s_Node_key_12_4L1_4L1[0] = 0;
  bit __s_tmp_cond_elim_53_8L0_8L0=0;
  int __s_pac61_9L0_9L0=1;
  __s_tmp_cond_elim_53_8L0_8L0 = 0;
  int __s_pac62_9L1_9L1=1;
  __s_Node_key_12_4L1_4L1[1] = 0;
  bit __s_tmp_cond_elim_53_10L0_10L0=0;
  int __s_pac61_11L0_11L0=2;
  __s_tmp_cond_elim_53_10L0_10L0 = 0;
  int __s_pac62_11L1_11L1=2;
  __s_Node_key_12_4L1_4L1[2] = 0;
  bit __s_tmp_cond_elim_53_12L0_12L0=0;
  int __s_pac61_13L0_13L0=3;
  __s_tmp_cond_elim_53_12L0_12L0 = 0;
  int __s_pac62_13L1_13L1=3;
  __s_Node_key_12_4L1_4L1[3] = 0;
  bit __s_tmp_cond_elim_53_14L0_14L0=0;
  int __s_pac61_15L0_15L0=4;
  __s_tmp_cond_elim_53_14L0_14L0 = 0;
  int __s_pac62_15L1_15L1=4;
  __s_Node_key_12_4L1_4L1[4] = 0;
  bit __s_tmp_cond_elim_53_16L0_16L0=0;
  int __s_pac61_17L0_17L0=5;
  __s_tmp_cond_elim_53_16L0_16L0 = 0;
  int __s_pac62_17L1_17L1=5;
  __s_Node_key_12_4L1_4L1[5] = 0;
  bit __s_tmp_cond_elim_53_18L0_18L0=0;
  int __s_pac61_19L0_19L0=6;
  __s_tmp_cond_elim_53_18L0_18L0 = 0;
  int __s_pac62_19L1_19L1=6;
  __s_Node_key_12_4L1_4L1[6] = 0;
  bit __s_tmp_cond_elim_53_20L0_20L0=0;
  int __s_pac61_21L0_21L0=7;
  __s_tmp_cond_elim_53_20L0_20L0 = 0;
  int __s_pac62_21L1_21L1=7;
  __s_Node_key_12_4L1_4L1[7] = 0;
  bit __s_tmp_cond_elim_53_22L0_22L0=0;
  int __s_pac61_23L0_23L0=8;
  __s_tmp_cond_elim_53_22L0_22L0 = 0;
  int __s_pac62_23L1_23L1=8;
  __s_Node_key_12_4L1_4L1[8] = 0;
  bit __s_tmp_cond_elim_53_24L0_24L0=0;
  int __s_pac61_25L0_25L0=9;
  __s_tmp_cond_elim_53_24L0_24L0 = 0;
  int __s_pac62_25L1_25L1=9;
  __s_Node_key_12_4L1_4L1[9] = 0;
  int __s_tmp_cond_elim_54_27L0_27L0=0;
  int __s_pac63_28L0_28L0=0;
  __s_tmp_cond_elim_54_27L0_27L0 = null;
  int __s_pac64_28L1_28L1=0;
  __s_Node_next_13_4L2_4L2[0] = __s_tmp_cond_elim_54_27L0_27L0;
  int __s_tmp_cond_elim_54_29L0_29L0=0;
  int __s_pac63_30L0_30L0=1;
  __s_tmp_cond_elim_54_29L0_29L0 = null;
  int __s_pac64_30L1_30L1=1;
  __s_Node_next_13_4L2_4L2[1] = __s_tmp_cond_elim_54_29L0_29L0;
  int __s_tmp_cond_elim_54_31L0_31L0=0;
  int __s_pac63_32L0_32L0=2;
  __s_tmp_cond_elim_54_31L0_31L0 = null;
  int __s_pac64_32L1_32L1=2;
  __s_Node_next_13_4L2_4L2[2] = __s_tmp_cond_elim_54_31L0_31L0;
  int __s_tmp_cond_elim_54_33L0_33L0=0;
  int __s_pac63_34L0_34L0=3;
  __s_tmp_cond_elim_54_33L0_33L0 = null;
  int __s_pac64_34L1_34L1=3;
  __s_Node_next_13_4L2_4L2[3] = __s_tmp_cond_elim_54_33L0_33L0;
  int __s_tmp_cond_elim_54_35L0_35L0=0;
  int __s_pac63_36L0_36L0=4;
  __s_tmp_cond_elim_54_35L0_35L0 = null;
  int __s_pac64_36L1_36L1=4;
  __s_Node_next_13_4L2_4L2[4] = __s_tmp_cond_elim_54_35L0_35L0;
  int __s_tmp_cond_elim_54_37L0_37L0=0;
  int __s_pac63_38L0_38L0=5;
  __s_tmp_cond_elim_54_37L0_37L0 = null;
  int __s_pac64_38L1_38L1=5;
  __s_Node_next_13_4L2_4L2[5] = __s_tmp_cond_elim_54_37L0_37L0;
  int __s_tmp_cond_elim_54_39L0_39L0=0;
  int __s_pac63_40L0_40L0=6;
  __s_tmp_cond_elim_54_39L0_39L0 = null;
  int __s_pac64_40L1_40L1=6;
  __s_Node_next_13_4L2_4L2[6] = __s_tmp_cond_elim_54_39L0_39L0;
  int __s_tmp_cond_elim_54_41L0_41L0=0;
  int __s_pac63_42L0_42L0=7;
  __s_tmp_cond_elim_54_41L0_41L0 = null;
  int __s_pac64_42L1_42L1=7;
  __s_Node_next_13_4L2_4L2[7] = __s_tmp_cond_elim_54_41L0_41L0;
  int __s_tmp_cond_elim_54_43L0_43L0=0;
  int __s_pac63_44L0_44L0=8;
  __s_tmp_cond_elim_54_43L0_43L0 = null;
  int __s_pac64_44L1_44L1=8;
  __s_Node_next_13_4L2_4L2[8] = __s_tmp_cond_elim_54_43L0_43L0;
  int __s_tmp_cond_elim_54_45L0_45L0=0;
  int __s_pac63_46L0_46L0=9;
  __s_tmp_cond_elim_54_45L0_45L0 = null;
  int __s_pac64_46L1_46L1=9;
  __s_Node_next_13_4L2_4L2[9] = __s_tmp_cond_elim_54_45L0_45L0;
  int __s_Set_nextInstance_14_46L3_46L3=0; int[10] __s_Set_tail_16_46L4_46L4={0,0,0,0,0,0,0,0,0,0}; int[10] __s_Set_head_15_46L5_46L5={0,0,0,0,0,0,0,0,0,0};
  int __s_tmp_cond_elim_55_48L0_48L0=0;
  int __s_pac65_49L0_49L0=0;
  __s_tmp_cond_elim_55_48L0_48L0 = null;
  int __s_pac66_49L1_49L1=0;
  __s_Set_tail_16_46L4_46L4[0] = __s_tmp_cond_elim_55_48L0_48L0;
  int __s_tmp_cond_elim_55_50L0_50L0=0;
  int __s_pac65_51L0_51L0=1;
  __s_tmp_cond_elim_55_50L0_50L0 = null;
  int __s_pac66_51L1_51L1=1;
  __s_Set_tail_16_46L4_46L4[1] = __s_tmp_cond_elim_55_50L0_50L0;
  int __s_tmp_cond_elim_55_52L0_52L0=0;
  int __s_pac65_53L0_53L0=2;
  __s_tmp_cond_elim_55_52L0_52L0 = null;
  int __s_pac66_53L1_53L1=2;
  __s_Set_tail_16_46L4_46L4[2] = __s_tmp_cond_elim_55_52L0_52L0;
  int __s_tmp_cond_elim_55_54L0_54L0=0;
  int __s_pac65_55L0_55L0=3;
  __s_tmp_cond_elim_55_54L0_54L0 = null;
  int __s_pac66_55L1_55L1=3;
  __s_Set_tail_16_46L4_46L4[3] = __s_tmp_cond_elim_55_54L0_54L0;
  int __s_tmp_cond_elim_55_56L0_56L0=0;
  int __s_pac65_57L0_57L0=4;
  __s_tmp_cond_elim_55_56L0_56L0 = null;
  int __s_pac66_57L1_57L1=4;
  __s_Set_tail_16_46L4_46L4[4] = __s_tmp_cond_elim_55_56L0_56L0;
  int __s_tmp_cond_elim_55_58L0_58L0=0;
  int __s_pac65_59L0_59L0=5;
  __s_tmp_cond_elim_55_58L0_58L0 = null;
  int __s_pac66_59L1_59L1=5;
  __s_Set_tail_16_46L4_46L4[5] = __s_tmp_cond_elim_55_58L0_58L0;
  int __s_tmp_cond_elim_55_60L0_60L0=0;
  int __s_pac65_61L0_61L0=6;
  __s_tmp_cond_elim_55_60L0_60L0 = null;
  int __s_pac66_61L1_61L1=6;
  __s_Set_tail_16_46L4_46L4[6] = __s_tmp_cond_elim_55_60L0_60L0;
  int __s_tmp_cond_elim_55_62L0_62L0=0;
  int __s_pac65_63L0_63L0=7;
  __s_tmp_cond_elim_55_62L0_62L0 = null;
  int __s_pac66_63L1_63L1=7;
  __s_Set_tail_16_46L4_46L4[7] = __s_tmp_cond_elim_55_62L0_62L0;
  int __s_tmp_cond_elim_55_64L0_64L0=0;
  int __s_pac65_65L0_65L0=8;
  __s_tmp_cond_elim_55_64L0_64L0 = null;
  int __s_pac66_65L1_65L1=8;
  __s_Set_tail_16_46L4_46L4[8] = __s_tmp_cond_elim_55_64L0_64L0;
  int __s_tmp_cond_elim_55_66L0_66L0=0;
  int __s_pac65_67L0_67L0=9;
  __s_tmp_cond_elim_55_66L0_66L0 = null;
  int __s_pac66_67L1_67L1=9;
  __s_Set_tail_16_46L4_46L4[9] = __s_tmp_cond_elim_55_66L0_66L0;
  int __s_tmp_cond_elim_56_69L0_69L0=0;
  int __s_pac67_70L0_70L0=0;
  __s_tmp_cond_elim_56_69L0_69L0 = null;
  int __s_pac68_70L1_70L1=0;
  __s_Set_head_15_46L5_46L5[0] = __s_tmp_cond_elim_56_69L0_69L0;
  int __s_tmp_cond_elim_56_71L0_71L0=0;
  int __s_pac67_72L0_72L0=1;
  __s_tmp_cond_elim_56_71L0_71L0 = null;
  int __s_pac68_72L1_72L1=1;
  __s_Set_head_15_46L5_46L5[1] = __s_tmp_cond_elim_56_71L0_71L0;
  int __s_tmp_cond_elim_56_73L0_73L0=0;
  int __s_pac67_74L0_74L0=2;
  __s_tmp_cond_elim_56_73L0_73L0 = null;
  int __s_pac68_74L1_74L1=2;
  __s_Set_head_15_46L5_46L5[2] = __s_tmp_cond_elim_56_73L0_73L0;
  int __s_tmp_cond_elim_56_75L0_75L0=0;
  int __s_pac67_76L0_76L0=3;
  __s_tmp_cond_elim_56_75L0_75L0 = null;
  int __s_pac68_76L1_76L1=3;
  __s_Set_head_15_46L5_46L5[3] = __s_tmp_cond_elim_56_75L0_75L0;
  int __s_tmp_cond_elim_56_77L0_77L0=0;
  int __s_pac67_78L0_78L0=4;
  __s_tmp_cond_elim_56_77L0_77L0 = null;
  int __s_pac68_78L1_78L1=4;
  __s_Set_head_15_46L5_46L5[4] = __s_tmp_cond_elim_56_77L0_77L0;
  int __s_tmp_cond_elim_56_79L0_79L0=0;
  int __s_pac67_80L0_80L0=5;
  __s_tmp_cond_elim_56_79L0_79L0 = null;
  int __s_pac68_80L1_80L1=5;
  __s_Set_head_15_46L5_46L5[5] = __s_tmp_cond_elim_56_79L0_79L0;
  int __s_tmp_cond_elim_56_81L0_81L0=0;
  int __s_pac67_82L0_82L0=6;
  __s_tmp_cond_elim_56_81L0_81L0 = null;
  int __s_pac68_82L1_82L1=6;
  __s_Set_head_15_46L5_46L5[6] = __s_tmp_cond_elim_56_81L0_81L0;
  int __s_tmp_cond_elim_56_83L0_83L0=0;
  int __s_pac67_84L0_84L0=7;
  __s_tmp_cond_elim_56_83L0_83L0 = null;
  int __s_pac68_84L1_84L1=7;
  __s_Set_head_15_46L5_46L5[7] = __s_tmp_cond_elim_56_83L0_83L0;
  int __s_tmp_cond_elim_56_85L0_85L0=0;
  int __s_pac67_86L0_86L0=8;
  __s_tmp_cond_elim_56_85L0_85L0 = null;
  int __s_pac68_86L1_86L1=8;
  __s_Set_head_15_46L5_46L5[8] = __s_tmp_cond_elim_56_85L0_85L0;
  int __s_tmp_cond_elim_56_87L0_87L0=0;
  int __s_pac67_88L0_88L0=9;
  __s_tmp_cond_elim_56_87L0_87L0 = null;
  int __s_pac68_88L1_88L1=9;
  __s_Set_head_15_46L5_46L5[9] = __s_tmp_cond_elim_56_87L0_87L0;
  _out_1L0_1L0_1L0_1L0 = 0;
  bit _has_out__3L0_3L0_89L0_89L0=0;
  int S_3L1_3L1_89L1_89L1=0;
  int _ret_0_3L2_3L2_89L2_89L2=0;
  int negInf_6L0_5L0_91L0_91L0=-1;
  int posInf_6L1_5L1_91L1_91L1=4;
  int _out_6L2_5L2_91L2_91L2=0;
  bit _has_out__7L0_6L0_92L0_92L0=0;
  int S_7L1_6L1_92L1_92L1=0;
  int __s_tmp_new_Set_7_6L2_92L2_92L2=0;
  atomic
  {
    __s_tmp_new_Set_7_6L2_92L2_92L2 = 0;
    __s_Set_nextInstance_14_46L3_46L3 = 1;
  }
  S_7L1_6L1_92L1_92L1 = 0;
  int _ret_0_7L2_7L3_93L3_93L3=null;
  int _ret_1_7L3_7L4_93L4_93L4=0;
  int key_10L0_9L0_95L0_95L0=4;
  int next_10L1_9L1_95L1_95L1=_ret_0_7L2_7L3_93L3_93L3;
  int _out_10L2_9L2_95L2_95L2=0;
  bit _has_out__11L0_10L0_96L0_96L0=0;
  int n_11L1_10L1_96L1_96L1=0;
  int __s_tmp_new_Node_8_10L2_96L2_96L2=0;
  atomic
  {
    __s_tmp_new_Node_8_10L2_96L2_96L2 = 0;
  }
  n_11L1_10L1_96L1_96L1 = 0;
  int __s_pac69_98L0_98L0=0;
  __s_Node_key_12_4L1_4L1[0] = 4;
  int __s_pac70_99L0_99L0=0;
  __s_Node_next_13_4L2_4L2[0] = _ret_0_7L2_7L3_93L3_93L3;
  _out_10L2_9L2_95L2_95L2 = 0;
  _has_out__11L0_10L0_96L0_96L0 = 1;
  _ret_1_7L3_7L4_93L4_93L4 = 0;
  int __s_pac71_101L0_101L0=0;
  __s_Set_tail_16_46L4_46L4[0] = 0;
  int _ret_2_15L4_15L5_101L5_101L5=0;
  int __s_pac72_101L6_101L6=0;
  _ret_2_15L4_15L5_101L5_101L5 = __s_Set_tail_16_46L4_46L4[0];
  int _ret_3_15L5_15L6_101L7_101L7=0;
  int key_18L0_17L0_103L0_103L0=-1;
  int next_18L1_17L1_103L1_103L1=0;
  int _out_18L2_17L2_103L2_103L2=0;
  bit _has_out__19L0_18L0_104L0_104L0=0;
  int n_19L1_18L1_104L1_104L1=0;
  int __s_tmp_new_Node_9_18L2_104L2_104L2=0;
  atomic
  {
    __s_tmp_new_Node_9_18L2_104L2_104L2 = 1;
    __s_Node_nextInstance_11_4L0_4L0 = 2;
  }
  n_19L1_18L1_104L1_104L1 = 1;
  int __s_pac73_106L0_106L0=1;
  __s_Node_key_12_4L1_4L1[1] = -1;
  int __s_pac74_107L0_107L0=1;
  __s_Node_next_13_4L2_4L2[1] = 0;
  _out_18L2_17L2_103L2_103L2 = 1;
  _has_out__19L0_18L0_104L0_104L0 = 1;
  _ret_3_15L5_15L6_101L7_101L7 = 1;
  int __s_pac75_109L0_109L0=0;
  __s_Set_head_15_46L5_46L5[0] = 1;
  _out_6L2_5L2_91L2_91L2 = 0;
  _has_out__7L0_6L0_92L0_92L0 = 1;
  _ret_0_3L2_3L2_89L2_89L2 = 0;
  S_3L1_3L1_89L1_89L1 = 0;
  bit[2] removed_24L3_24L3_110L3_110L3={0,0};
  int __s_pac76_112L0_112L0=0;
  removed_24L3_24L3_110L3_110L3[0] = 0;
  int __s_pac76_113L0_113L0=1;
  removed_24L3_24L3_110L3_110L3[1] = 0;
  bit _ret_1_24L4_24L4_113L4_113L4=0;
  int S_107L1_27L0_115L0_115L0=0;
  int key_107L2_27L1_115L1_115L1=4;
  bit _out_107L3_27L2_115L2_115L2=0;
  bit _has_out__109L0_28L0_116L0_116L0=0;
  int prev_109L1_28L1_116L1_116L1=0; int cur_109L2_28L2_116L2_116L2=0;
  bit ret_109L3_28L3_116L3_116L3=0;
  int S_180L6_31L0_118L0_118L0=0;
  int key_180L6_31L1_118L1_118L1=4;
  int prev_180L6_31L2_118L2_118L2=0;
  int cur_180L7_31L3_118L3_118L3=0;
  bit _has_out__182L0_32L0_119L0_119L0=0;
  prev_180L6_31L2_118L2_118L2 = null;
  int __s_pac77_121L0_121L0=0;
  cur_180L7_31L3_118L3_118L3 = __s_Set_head_15_46L5_46L5[0];
  int _ret_0_184L1_34L1_121L1_121L1=1;
  atomic(1)
  {
    _lock_3L0_3L0[1] = -1;
  }
  for(int i_187L0_37L0_125L0_125L0=0;(i_187L0_37L0_125L0_125L0)<(4);i_187L0_37L0_125L0_125L0 = (i_187L0_37L0_125L0_125L0)+(1))
  {
    if((__s_Node_key_12_4L1_4L1[cur_180L7_31L3_118L3_118L3])<(4))
    {
      bit[4] __sa3_1268L0_1056L0_1200L0_368L0={0,0,0,0};
      __sa3_1268L0_1056L0_1200L0_368L0[0] = 0;
      __sa3_1268L0_1056L0_1200L0_368L0[1] = 0;
      __sa3_1268L0_1056L0_1200L0_368L0[2] = 0;
      __sa3_1268L0_1056L0_1200L0_368L0[3] = 0;
      int __s_tmp_cond_elim_0_1305L0_1091L0_1241L0_400L0=__s_Node_next_13_4L2_4L2[cur_180L7_31L3_118L3_118L3];
      boolean __s_tmp_cond_elim_1_1309L0_1095L0_1245L0_403L0=(prev_180L6_31L2_118L2_118L2)!=(__s_tmp_cond_elim_0_1305L0_1091L0_1241L0_400L0);
      if(__s_tmp_cond_elim_1_1309L0_1095L0_1245L0_403L0)
      {
        int __s_tmp_cond_elim_0_1328L0_1113L0_1263L0_416L0=__s_Node_next_13_4L2_4L2[cur_180L7_31L3_118L3_118L3];
        int _ret_4_1331L2_1116L2_1266L2_418L2=((((int)__s_tmp_cond_elim_0_1328L0_1113L0_1263L0_416L0))*(1))+(0);
        atomic((_lock_3L0_3L0[_ret_4_1331L2_1116L2_1266L2_418L2])==(0))
        {
          _lock_3L0_3L0[_ret_4_1331L2_1116L2_1266L2_418L2] = -1;
        }
      }
      __sa3_1268L0_1056L0_1200L0_368L0[0] = 1;
      int _ret_5_1467L0_1244L0_1401L0_424L0=null;
      boolean __s_tmp_cond_elim_1_1506L0_1280L0_1437L0_450L0=(_ret_5_1467L0_1244L0_1401L0_424L0)!=(prev_180L6_31L2_118L2_118L2);
      if(__s_tmp_cond_elim_1_1506L0_1280L0_1437L0_450L0)
      {
        int _ret_8_1528L2_1301L2_1458L2_465L2=((((int)prev_180L6_31L2_118L2_118L2))*(1))+(0);
        atomic
        {
          _lock_3L0_3L0[_ret_8_1528L2_1301L2_1458L2_465L2] = 0;
        }
      }
      __sa3_1268L0_1056L0_1200L0_368L0[1] = 1;
      prev_180L6_31L2_118L2_118L2 = cur_180L7_31L3_118L3_118L3;
      __sa3_1268L0_1056L0_1200L0_368L0[2] = 1;
      cur_180L7_31L3_118L3_118L3 = __s_Node_next_13_4L2_4L2[cur_180L7_31L3_118L3_118L3];
      __sa3_1268L0_1056L0_1200L0_368L0[3] = 1;
    }
  }
  prev_109L1_28L1_116L1_116L1 = prev_180L6_31L2_118L2_118L2;
  cur_109L2_28L2_116L2_116L2 = cur_180L7_31L3_118L3_118L3;
  int __s_pac155_1730L4_482L4=cur_180L7_31L3_118L3_118L3;
  if((4)<(__s_Node_key_12_4L1_4L1[cur_180L7_31L3_118L3_118L3]))
  {
    atomic
    {
      __s_Node_nextInstance_11_4L0_4L0 = 3;
    }
    __s_Node_key_12_4L1_4L1[2] = 4;
    __s_Node_next_13_4L2_4L2[2] = cur_180L7_31L3_118L3_118L3;
    __s_Node_next_13_4L2_4L2[prev_180L6_31L2_118L2_118L2] = 2;
    ret_109L3_28L3_116L3_116L3 = 1;
  }
  else
  {
    ret_109L3_28L3_116L3_116L3 = 0;
  }
  int _ret_1_122L4_1570L4_1742L5_494L5=((((int)prev_180L6_31L2_118L2_118L2))*(1))+(0);
  atomic
  {
    _lock_3L0_3L0[_ret_1_122L4_1570L4_1742L5_494L5] = 0;
  }
  int _ret_2_123L5_1571L5_1744L6_496L6=((((int)cur_180L7_31L3_118L3_118L3))*(1))+(0);
  atomic
  {
    _lock_3L0_3L0[_ret_2_123L5_1571L5_1744L6_496L6] = 0;
  }
  _out_107L3_27L2_115L2_115L2 = ret_109L3_28L3_116L3_116L3;
  _has_out__109L0_28L0_116L0_116L0 = 1;
  _ret_1_24L4_24L4_113L4_113L4 = ret_109L3_28L3_116L3_116L3;
  bit _ret_2_26L5_1574L5_1748L5_500L5=0;
  int S_125L3_1577L0_1750L0_502L0=0;
  int key_125L3_1577L1_1750L1_502L1=1;
  bit _out_125L3_1577L2_1750L2_502L2=0;
  bit _has_out__127L0_1578L0_1751L0_503L0=0;
  int prev_127L1_1578L1_1751L1_503L1=0; int cur_127L2_1578L2_1751L2_503L2=0;
  bit ret_127L3_1578L3_1751L3_503L3=0;
  int S_180L6_1581L0_1753L0_505L0=0;
  int key_180L6_1581L1_1753L1_505L1=1;
  int prev_180L6_1581L2_1753L2_505L2=0;
  int cur_180L7_1581L3_1753L3_505L3=0;
  bit _has_out__182L0_1582L0_1754L0_506L0=0;
  prev_180L6_1581L2_1753L2_505L2 = null;
  int __s_pac159_1756L0_508L0=0;
  cur_180L7_1581L3_1753L3_505L3 = __s_Set_head_15_46L5_46L5[0];
  int _ret_0_184L1_1584L1_1756L1_508L1=1;
  atomic((_lock_3L0_3L0[1])==(0))
  {
    _lock_3L0_3L0[1] = -1;
  }
  for(int i_187L0_1587L0_1760L0_512L0=0;(i_187L0_1587L0_1760L0_512L0)<(4);i_187L0_1587L0_1760L0_512L0 = (i_187L0_1587L0_1760L0_512L0)+(1))
  {
    if((__s_Node_key_12_4L1_4L1[cur_180L7_1581L3_1753L3_505L3])<(1))
    {
      bit[4] __sa3_1268L0_2606L0_2835L0_755L0={0,0,0,0};
      __sa3_1268L0_2606L0_2835L0_755L0[0] = 0;
      __sa3_1268L0_2606L0_2835L0_755L0[1] = 0;
      __sa3_1268L0_2606L0_2835L0_755L0[2] = 0;
      __sa3_1268L0_2606L0_2835L0_755L0[3] = 0;
      int __s_tmp_cond_elim_0_1305L0_2641L0_2876L0_787L0=__s_Node_next_13_4L2_4L2[cur_180L7_1581L3_1753L3_505L3];
      boolean __s_tmp_cond_elim_1_1309L0_2645L0_2880L0_790L0=(prev_180L6_1581L2_1753L2_505L2)!=(__s_tmp_cond_elim_0_1305L0_2641L0_2876L0_787L0);
      if(__s_tmp_cond_elim_1_1309L0_2645L0_2880L0_790L0)
      {
        int __s_tmp_cond_elim_0_1328L0_2663L0_2898L0_803L0=__s_Node_next_13_4L2_4L2[cur_180L7_1581L3_1753L3_505L3];
        int _ret_4_1331L2_2666L2_2901L2_805L2=((((int)__s_tmp_cond_elim_0_1328L0_2663L0_2898L0_803L0))*(1))+(0);
        atomic((_lock_3L0_3L0[_ret_4_1331L2_2666L2_2901L2_805L2])==(0))
        {
          _lock_3L0_3L0[_ret_4_1331L2_2666L2_2901L2_805L2] = -1;
        }
      }
      __sa3_1268L0_2606L0_2835L0_755L0[0] = 1;
      int _ret_5_1467L0_2794L0_3036L0_811L0=null;
      boolean __s_tmp_cond_elim_1_1506L0_2830L0_3072L0_837L0=(_ret_5_1467L0_2794L0_3036L0_811L0)!=(prev_180L6_1581L2_1753L2_505L2);
      if(__s_tmp_cond_elim_1_1506L0_2830L0_3072L0_837L0)
      {
        int _ret_8_1528L2_2851L2_3093L2_852L2=((((int)prev_180L6_1581L2_1753L2_505L2))*(1))+(0);
        atomic
        {
          _lock_3L0_3L0[_ret_8_1528L2_2851L2_3093L2_852L2] = 0;
        }
      }
      __sa3_1268L0_2606L0_2835L0_755L0[1] = 1;
      prev_180L6_1581L2_1753L2_505L2 = cur_180L7_1581L3_1753L3_505L3;
      __sa3_1268L0_2606L0_2835L0_755L0[2] = 1;
      cur_180L7_1581L3_1753L3_505L3 = __s_Node_next_13_4L2_4L2[cur_180L7_1581L3_1753L3_505L3];
      __sa3_1268L0_2606L0_2835L0_755L0[3] = 1;
    }
  }
  prev_127L1_1578L1_1751L1_503L1 = prev_180L6_1581L2_1753L2_505L2;
  cur_127L2_1578L2_1751L2_503L2 = cur_180L7_1581L3_1753L3_505L3;
  int __s_pac237_3365L4_869L4=cur_180L7_1581L3_1753L3_505L3;
  if((1)==(__s_Node_key_12_4L1_4L1[cur_180L7_1581L3_1753L3_505L3]))
  {
    __s_Node_next_13_4L2_4L2[prev_180L6_1581L2_1753L2_505L2] = __s_Node_next_13_4L2_4L2[cur_180L7_1581L3_1753L3_505L3];
    ret_127L3_1578L3_1751L3_503L3 = 1;
  }
  else
  {
    ret_127L3_1578L3_1751L3_503L3 = 0;
  }
  int _ret_0_133L4_3113L4_3370L5_874L5=((((int)prev_180L6_1581L2_1753L2_505L2))*(1))+(0);
  atomic
  {
    _lock_3L0_3L0[_ret_0_133L4_3113L4_3370L5_874L5] = 0;
  }
  int _ret_1_134L5_3114L5_3372L6_876L6=((((int)cur_180L7_1581L3_1753L3_505L3))*(1))+(0);
  atomic
  {
    _lock_3L0_3L0[_ret_1_134L5_3114L5_3372L6_876L6] = 0;
  }
  _out_125L3_1577L2_1750L2_502L2 = ret_127L3_1578L3_1751L3_503L3;
  _has_out__127L0_1578L0_1751L0_503L0 = 1;
  _ret_2_26L5_1574L5_1748L5_500L5 = ret_127L3_1578L3_1751L3_503L3;
  bit _ret_3_28L6_3117L6_3376L6_880L6=0;
  int S_107L1_3120L0_3378L0_882L0=0;
  int key_107L2_3120L1_3378L1_882L1=1;
  bit _out_107L3_3120L2_3378L2_882L2=0;
  bit _has_out__109L0_3121L0_3379L0_883L0=0;
  int prev_109L1_3121L1_3379L1_883L1=0; int cur_109L2_3121L2_3379L2_883L2=0;
  bit ret_109L3_3121L3_3379L3_883L3=0;
  int S_180L6_3124L0_3381L0_885L0=0;
  int key_180L6_3124L1_3381L1_885L1=1;
  int prev_180L6_3124L2_3381L2_885L2=0;
  int cur_180L7_3124L3_3381L3_885L3=0;
  bit _has_out__182L0_3125L0_3382L0_886L0=0;
  prev_180L6_3124L2_3381L2_885L2 = null;
  int __s_pac240_3384L0_888L0=0;
  cur_180L7_3124L3_3381L3_885L3 = __s_Set_head_15_46L5_46L5[0];
  int _ret_0_184L1_3127L1_3384L1_888L1=1;
  atomic((_lock_3L0_3L0[1])==(0))
  {
    _lock_3L0_3L0[1] = -1;
  }
  for(int i_187L0_3130L0_3388L0_892L0=0;(i_187L0_3130L0_3388L0_892L0)<(4);i_187L0_3130L0_3388L0_892L0 = (i_187L0_3130L0_3388L0_892L0)+(1))
  {
    if((__s_Node_key_12_4L1_4L1[cur_180L7_3124L3_3381L3_885L3])<(1))
    {
      bit[4] __sa3_1268L0_4149L0_4463L0_1135L0={0,0,0,0};
      __sa3_1268L0_4149L0_4463L0_1135L0[0] = 0;
      __sa3_1268L0_4149L0_4463L0_1135L0[1] = 0;
      __sa3_1268L0_4149L0_4463L0_1135L0[2] = 0;
      __sa3_1268L0_4149L0_4463L0_1135L0[3] = 0;
      int __s_tmp_cond_elim_0_1305L0_4184L0_4504L0_1167L0=__s_Node_next_13_4L2_4L2[cur_180L7_3124L3_3381L3_885L3];
      boolean __s_tmp_cond_elim_1_1309L0_4188L0_4508L0_1170L0=(prev_180L6_3124L2_3381L2_885L2)!=(__s_tmp_cond_elim_0_1305L0_4184L0_4504L0_1167L0);
      if(__s_tmp_cond_elim_1_1309L0_4188L0_4508L0_1170L0)
      {
        int __s_tmp_cond_elim_0_1328L0_4206L0_4526L0_1183L0=__s_Node_next_13_4L2_4L2[cur_180L7_3124L3_3381L3_885L3];
        int _ret_4_1331L2_4209L2_4529L2_1185L2=((((int)__s_tmp_cond_elim_0_1328L0_4206L0_4526L0_1183L0))*(1))+(0);
        atomic((_lock_3L0_3L0[_ret_4_1331L2_4209L2_4529L2_1185L2])==(0))
        {
          _lock_3L0_3L0[_ret_4_1331L2_4209L2_4529L2_1185L2] = -1;
        }
      }
      __sa3_1268L0_4149L0_4463L0_1135L0[0] = 1;
      int _ret_5_1467L0_4337L0_4664L0_1191L0=null;
      boolean __s_tmp_cond_elim_1_1506L0_4373L0_4700L0_1217L0=(_ret_5_1467L0_4337L0_4664L0_1191L0)!=(prev_180L6_3124L2_3381L2_885L2);
      if(__s_tmp_cond_elim_1_1506L0_4373L0_4700L0_1217L0)
      {
        int _ret_8_1528L2_4394L2_4721L2_1232L2=((((int)prev_180L6_3124L2_3381L2_885L2))*(1))+(0);
        atomic
        {
          _lock_3L0_3L0[_ret_8_1528L2_4394L2_4721L2_1232L2] = 0;
        }
      }
      __sa3_1268L0_4149L0_4463L0_1135L0[1] = 1;
      prev_180L6_3124L2_3381L2_885L2 = cur_180L7_3124L3_3381L3_885L3;
      __sa3_1268L0_4149L0_4463L0_1135L0[2] = 1;
      cur_180L7_3124L3_3381L3_885L3 = __s_Node_next_13_4L2_4L2[cur_180L7_3124L3_3381L3_885L3];
      __sa3_1268L0_4149L0_4463L0_1135L0[3] = 1;
    }
  }
  prev_109L1_3121L1_3379L1_883L1 = prev_180L6_3124L2_3381L2_885L2;
  cur_109L2_3121L2_3379L2_883L2 = cur_180L7_3124L3_3381L3_885L3;
  int __s_pac318_4993L4_1249L4=cur_180L7_3124L3_3381L3_885L3;
  if((1)<(__s_Node_key_12_4L1_4L1[cur_180L7_3124L3_3381L3_885L3]))
  {
    int __s_tmp_new_Node_10_4656L2_4998L2_1254L2=0;
    atomic
    {
      __s_tmp_new_Node_10_4656L2_4998L2_1254L2 = __s_Node_nextInstance_11_4L0_4L0;
      __s_Node_nextInstance_11_4L0_4L0 = (__s_Node_nextInstance_11_4L0_4L0)+(1);
    }
    __s_Node_key_12_4L1_4L1[__s_tmp_new_Node_10_4656L2_4998L2_1254L2] = 1;
    __s_Node_next_13_4L2_4L2[__s_tmp_new_Node_10_4656L2_4998L2_1254L2] = cur_180L7_3124L3_3381L3_885L3;
    __s_Node_next_13_4L2_4L2[prev_180L6_3124L2_3381L2_885L2] = __s_tmp_new_Node_10_4656L2_4998L2_1254L2;
    ret_109L3_3121L3_3379L3_883L3 = 1;
  }
  else
  {
    ret_109L3_3121L3_3379L3_883L3 = 0;
  }
  int _ret_1_122L4_4663L4_5005L5_1261L5=((((int)prev_180L6_3124L2_3381L2_885L2))*(1))+(0);
  atomic
  {
    _lock_3L0_3L0[_ret_1_122L4_4663L4_5005L5_1261L5] = 0;
  }
  int _ret_2_123L5_4664L5_5007L6_1263L6=((((int)cur_180L7_3124L3_3381L3_885L3))*(1))+(0);
  atomic
  {
    _lock_3L0_3L0[_ret_2_123L5_4664L5_5007L6_1263L6] = 0;
  }
  _out_107L3_3120L2_3378L2_882L2 = ret_109L3_3121L3_3379L3_883L3;
  _has_out__109L0_3121L0_3379L0_883L0 = 1;
  _ret_3_28L6_3117L6_3376L6_880L6 = ret_109L3_3121L3_3379L3_883L3;
  bit _ret_4_30L7_4667L7_5011L7_1267L7=0;
  int S_125L3_4670L0_5013L0_1269L0=0;
  int key_125L3_4670L1_5013L1_1269L1=1;
  bit _out_125L3_4670L2_5013L2_1269L2=0;
  bit _has_out__127L0_4671L0_5014L0_1270L0=0;
  int prev_127L1_4671L1_5014L1_1270L1=0; int cur_127L2_4671L2_5014L2_1270L2=0;
  bit ret_127L3_4671L3_5014L3_1270L3=0;
  int S_180L6_4674L0_5016L0_1272L0=0;
  int key_180L6_4674L1_5016L1_1272L1=1;
  int prev_180L6_4674L2_5016L2_1272L2=0;
  int cur_180L7_4674L3_5016L3_1272L3=0;
  bit _has_out__182L0_4675L0_5017L0_1273L0=0;
  prev_180L6_4674L2_5016L2_1272L2 = null;
  int __s_pac322_5019L0_1275L0=0;
  cur_180L7_4674L3_5016L3_1272L3 = __s_Set_head_15_46L5_46L5[0];
  int _ret_0_184L1_4677L1_5019L1_1275L1=1;
  atomic((_lock_3L0_3L0[1])==(0))
  {
    _lock_3L0_3L0[1] = -1;
  }
  for(int i_187L0_4680L0_5023L0_1279L0=0;(i_187L0_4680L0_5023L0_1279L0)<(4);i_187L0_4680L0_5023L0_1279L0 = (i_187L0_4680L0_5023L0_1279L0)+(1))
  {
    if((__s_Node_key_12_4L1_4L1[cur_180L7_4674L3_5016L3_1272L3])<(1))
    {
      bit[4] __sa3_1268L0_5699L0_6098L0_1522L0={0,0,0,0};
      __sa3_1268L0_5699L0_6098L0_1522L0[0] = 0;
      __sa3_1268L0_5699L0_6098L0_1522L0[1] = 0;
      __sa3_1268L0_5699L0_6098L0_1522L0[2] = 0;
      __sa3_1268L0_5699L0_6098L0_1522L0[3] = 0;
      int __s_tmp_cond_elim_0_1305L0_5734L0_6139L0_1554L0=__s_Node_next_13_4L2_4L2[cur_180L7_4674L3_5016L3_1272L3];
      boolean __s_tmp_cond_elim_1_1309L0_5738L0_6143L0_1557L0=(prev_180L6_4674L2_5016L2_1272L2)!=(__s_tmp_cond_elim_0_1305L0_5734L0_6139L0_1554L0);
      if(__s_tmp_cond_elim_1_1309L0_5738L0_6143L0_1557L0)
      {
        int __s_tmp_cond_elim_0_1328L0_5756L0_6161L0_1570L0=__s_Node_next_13_4L2_4L2[cur_180L7_4674L3_5016L3_1272L3];
        int _ret_4_1331L2_5759L2_6164L2_1572L2=((((int)__s_tmp_cond_elim_0_1328L0_5756L0_6161L0_1570L0))*(1))+(0);
        atomic((_lock_3L0_3L0[_ret_4_1331L2_5759L2_6164L2_1572L2])==(0))
        {
          _lock_3L0_3L0[_ret_4_1331L2_5759L2_6164L2_1572L2] = -1;
        }
      }
      __sa3_1268L0_5699L0_6098L0_1522L0[0] = 1;
      int _ret_5_1467L0_5887L0_6299L0_1578L0=null;
      boolean __s_tmp_cond_elim_1_1506L0_5923L0_6335L0_1604L0=(_ret_5_1467L0_5887L0_6299L0_1578L0)!=(prev_180L6_4674L2_5016L2_1272L2);
      if(__s_tmp_cond_elim_1_1506L0_5923L0_6335L0_1604L0)
      {
        int _ret_8_1528L2_5944L2_6356L2_1619L2=((((int)prev_180L6_4674L2_5016L2_1272L2))*(1))+(0);
        atomic
        {
          _lock_3L0_3L0[_ret_8_1528L2_5944L2_6356L2_1619L2] = 0;
        }
      }
      __sa3_1268L0_5699L0_6098L0_1522L0[1] = 1;
      prev_180L6_4674L2_5016L2_1272L2 = cur_180L7_4674L3_5016L3_1272L3;
      __sa3_1268L0_5699L0_6098L0_1522L0[2] = 1;
      cur_180L7_4674L3_5016L3_1272L3 = __s_Node_next_13_4L2_4L2[cur_180L7_4674L3_5016L3_1272L3];
      __sa3_1268L0_5699L0_6098L0_1522L0[3] = 1;
    }
  }
  prev_127L1_4671L1_5014L1_1270L1 = prev_180L6_4674L2_5016L2_1272L2;
  cur_127L2_4671L2_5014L2_1270L2 = cur_180L7_4674L3_5016L3_1272L3;
  int __s_pac400_6628L4_1636L4=cur_180L7_4674L3_5016L3_1272L3;
  if((1)==(__s_Node_key_12_4L1_4L1[cur_180L7_4674L3_5016L3_1272L3]))
  {
    __s_Node_next_13_4L2_4L2[prev_180L6_4674L2_5016L2_1272L2] = __s_Node_next_13_4L2_4L2[cur_180L7_4674L3_5016L3_1272L3];
    ret_127L3_4671L3_5014L3_1270L3 = 1;
  }
  else
  {
    ret_127L3_4671L3_5014L3_1270L3 = 0;
  }
  int _ret_0_133L4_6206L4_6633L5_1641L5=((((int)prev_180L6_4674L2_5016L2_1272L2))*(1))+(0);
  atomic
  {
    _lock_3L0_3L0[_ret_0_133L4_6206L4_6633L5_1641L5] = 0;
  }
  int _ret_1_134L5_6207L5_6635L6_1643L6=((((int)cur_180L7_4674L3_5016L3_1272L3))*(1))+(0);
  atomic
  {
    _lock_3L0_3L0[_ret_1_134L5_6207L5_6635L6_1643L6] = 0;
  }
  _out_125L3_4670L2_5013L2_1269L2 = ret_127L3_4671L3_5014L3_1270L3;
  _has_out__127L0_4671L0_5014L0_1270L0 = 1;
  _ret_4_30L7_4667L7_5011L7_1267L7 = ret_127L3_4671L3_5014L3_1270L3;
  bit _ret_5_32L8_6210L8_6639L8_1647L8=0;
  int S_136L3_6213L0_6641L0_1649L0=0;
  bit _out_136L3_6213L1_6641L1_1649L1=0;
  bit _has_out__138L0_6214L0_6642L0_1650L0=0;
  int __s_pac404_6643L0_1651L0=0;
  int __s_pac403_6643L1_1651L1=__s_Set_tail_16_46L4_46L4[0];
  int __s_pac406_6644L0_1652L0=0;
  int __s_pac405_6644L1_1652L1=__s_Set_head_15_46L5_46L5[0];
  int __s_pac407_6644L2_1652L2=0;
  _out_136L3_6213L1_6641L1_1649L1 = (__s_Node_next_13_4L2_4L2[1])==(__s_Set_tail_16_46L4_46L4[0]);
  _has_out__138L0_6214L0_6642L0_1650L0 = 1;
  _ret_5_32L8_6210L8_6639L8_1647L8 = _out_136L3_6213L1_6641L1_1649L1;
  fork(int i_36L0_6219L0_6647L0_1655L0; 2)
  {
    int addKey_38L0_6221L0_6649L0_1658L0=i_36L0_6219L0_6647L0_1655L0; int rmKey_38L1_6221L1_6649L1_1658L1=((i_36L0_6219L0_6647L0_1655L0)+(1))%(2);
    for(int j_40L0_6223L0_6651L0_1660L0=0;(j_40L0_6223L0_6651L0_1660L0)<(1);j_40L0_6223L0_6651L0_1660L0 = (j_40L0_6223L0_6651L0_1660L0)+(1))
    {
      int prev_180L6_12425L2_13191L2_3208L2=0;
      int cur_180L7_12425L3_13191L3_3208L3;
      prev_180L6_12425L2_13191L2_3208L2 = null;
      cur_180L7_12425L3_13191L3_3208L3 = __s_Set_head_15_46L5_46L5[0];
      int _ret_0_184L1_12428L1_13194L1_3211L1=((((int)cur_180L7_12425L3_13191L3_3208L3))*(1))+(0);
      atomic((_lock_3L0_3L0[_ret_0_184L1_12428L1_13194L1_3211L1])==(0))
      {
        _lock_3L0_3L0[_ret_0_184L1_12428L1_13194L1_3211L1] = (i_36L0_6219L0_6647L0_1655L0)+(1);
      }
      for(int i_187L0_12431L0_13198L0_3215L0=0;(i_187L0_12431L0_13198L0_3215L0)<(4);i_187L0_12431L0_13198L0_3215L0 = (i_187L0_12431L0_13198L0_3215L0)+(1))
      {
        if((__s_Node_key_12_4L1_4L1[cur_180L7_12425L3_13191L3_3208L3])<(addKey_38L0_6221L0_6649L0_1658L0))
        {
          bit[4] __sa3_1268L0_13450L0_14273L0_3458L0={0,0,0,0};
          __sa3_1268L0_13450L0_14273L0_3458L0[0] = 0;
          __sa3_1268L0_13450L0_14273L0_3458L0[1] = 0;
          __sa3_1268L0_13450L0_14273L0_3458L0[2] = 0;
          __sa3_1268L0_13450L0_14273L0_3458L0[3] = 0;
          int __s_tmp_cond_elim_0_1305L0_13485L0_14314L0_3490L0=__s_Node_next_13_4L2_4L2[cur_180L7_12425L3_13191L3_3208L3];
          boolean __s_tmp_cond_elim_1_1309L0_13489L0_14318L0_3493L0=(prev_180L6_12425L2_13191L2_3208L2)!=(__s_tmp_cond_elim_0_1305L0_13485L0_14314L0_3490L0);
          if(__s_tmp_cond_elim_1_1309L0_13489L0_14318L0_3493L0)
          {
            int __s_tmp_cond_elim_0_1328L0_13507L0_14336L0_3506L0=__s_Node_next_13_4L2_4L2[cur_180L7_12425L3_13191L3_3208L3];
            int _ret_4_1331L2_13510L2_14339L2_3508L2=((((int)__s_tmp_cond_elim_0_1328L0_13507L0_14336L0_3506L0))*(1))+(0);
            atomic((_lock_3L0_3L0[_ret_4_1331L2_13510L2_14339L2_3508L2])==(0))
            {
              _lock_3L0_3L0[_ret_4_1331L2_13510L2_14339L2_3508L2] = (i_36L0_6219L0_6647L0_1655L0)+(1);
            }
          }
          __sa3_1268L0_13450L0_14273L0_3458L0[0] = 1;
          int _ret_5_1467L0_13638L0_14474L0_3514L0=null;
          boolean __s_tmp_cond_elim_1_1506L0_13674L0_14510L0_3540L0=(_ret_5_1467L0_13638L0_14474L0_3514L0)!=(prev_180L6_12425L2_13191L2_3208L2);
          if(__s_tmp_cond_elim_1_1506L0_13674L0_14510L0_3540L0)
          {
            int _ret_8_1528L2_13695L2_14531L2_3555L2=((((int)prev_180L6_12425L2_13191L2_3208L2))*(1))+(0);
            atomic
            {
              _lock_3L0_3L0[_ret_8_1528L2_13695L2_14531L2_3555L2] = 0;
            }
          }
          __sa3_1268L0_13450L0_14273L0_3458L0[1] = 1;
          prev_180L6_12425L2_13191L2_3208L2 = cur_180L7_12425L3_13191L3_3208L3;
          __sa3_1268L0_13450L0_14273L0_3458L0[2] = 1;
          cur_180L7_12425L3_13191L3_3208L3 = __s_Node_next_13_4L2_4L2[cur_180L7_12425L3_13191L3_3208L3];
          __sa3_1268L0_13450L0_14273L0_3458L0[3] = 1;
        }
      }
      if((addKey_38L0_6221L0_6649L0_1658L0)<(__s_Node_key_12_4L1_4L1[cur_180L7_12425L3_13191L3_3208L3]))
      {
        int __s_tmp_new_Node_10_13957L2_14808L2_3577L2=0;
        atomic
        {
          __s_tmp_new_Node_10_13957L2_14808L2_3577L2 = __s_Node_nextInstance_11_4L0_4L0;
          __s_Node_nextInstance_11_4L0_4L0 = (__s_Node_nextInstance_11_4L0_4L0)+(1);
        }
        __s_Node_key_12_4L1_4L1[__s_tmp_new_Node_10_13957L2_14808L2_3577L2] = addKey_38L0_6221L0_6649L0_1658L0;
        __s_Node_next_13_4L2_4L2[__s_tmp_new_Node_10_13957L2_14808L2_3577L2] = cur_180L7_12425L3_13191L3_3208L3;
        __s_Node_next_13_4L2_4L2[prev_180L6_12425L2_13191L2_3208L2] = __s_tmp_new_Node_10_13957L2_14808L2_3577L2;
      }
      int _ret_1_122L4_13964L4_14815L5_3584L5=((((int)prev_180L6_12425L2_13191L2_3208L2))*(1))+(0);
      atomic
      {
        _lock_3L0_3L0[_ret_1_122L4_13964L4_14815L5_3584L5] = 0;
      }
      int _ret_2_123L5_13965L5_14817L6_3586L6=((((int)cur_180L7_12425L3_13191L3_3208L3))*(1))+(0);
      atomic
      {
        _lock_3L0_3L0[_ret_2_123L5_13965L5_14817L6_3586L6] = 0;
      }
      addKey_38L0_6221L0_6649L0_1658L0 = (addKey_38L0_6221L0_6649L0_1658L0)+(2);
      bit ret_127L3_13973L3_14825L3_3594L3=0;
      int prev_180L6_13976L2_14827L2_3596L2=0;
      int cur_180L7_13976L3_14827L3_3596L3;
      prev_180L6_13976L2_14827L2_3596L2 = null;
      cur_180L7_13976L3_14827L3_3596L3 = __s_Set_head_15_46L5_46L5[0];
      int _ret_0_184L1_13979L1_14830L1_3599L1=((((int)cur_180L7_13976L3_14827L3_3596L3))*(1))+(0);
      atomic((_lock_3L0_3L0[_ret_0_184L1_13979L1_14830L1_3599L1])==(0))
      {
        _lock_3L0_3L0[_ret_0_184L1_13979L1_14830L1_3599L1] = (i_36L0_6219L0_6647L0_1655L0)+(1);
      }
      for(int i_187L0_13982L0_14834L0_3603L0=0;(i_187L0_13982L0_14834L0_3603L0)<(4);i_187L0_13982L0_14834L0_3603L0 = (i_187L0_13982L0_14834L0_3603L0)+(1))
      {
        if((__s_Node_key_12_4L1_4L1[cur_180L7_13976L3_14827L3_3596L3])<(rmKey_38L1_6221L1_6649L1_1658L1))
        {
          bit[4] __sa3_1268L0_15001L0_15909L0_3846L0={0,0,0,0};
          __sa3_1268L0_15001L0_15909L0_3846L0[0] = 0;
          __sa3_1268L0_15001L0_15909L0_3846L0[1] = 0;
          __sa3_1268L0_15001L0_15909L0_3846L0[2] = 0;
          __sa3_1268L0_15001L0_15909L0_3846L0[3] = 0;
          int __s_tmp_cond_elim_0_1305L0_15036L0_15950L0_3878L0=__s_Node_next_13_4L2_4L2[cur_180L7_13976L3_14827L3_3596L3];
          boolean __s_tmp_cond_elim_1_1309L0_15040L0_15954L0_3881L0=(prev_180L6_13976L2_14827L2_3596L2)!=(__s_tmp_cond_elim_0_1305L0_15036L0_15950L0_3878L0);
          if(__s_tmp_cond_elim_1_1309L0_15040L0_15954L0_3881L0)
          {
            int __s_tmp_cond_elim_0_1328L0_15058L0_15972L0_3894L0=__s_Node_next_13_4L2_4L2[cur_180L7_13976L3_14827L3_3596L3];
            int _ret_4_1331L2_15061L2_15975L2_3896L2=((((int)__s_tmp_cond_elim_0_1328L0_15058L0_15972L0_3894L0))*(1))+(0);
            atomic((_lock_3L0_3L0[_ret_4_1331L2_15061L2_15975L2_3896L2])==(0))
            {
              _lock_3L0_3L0[_ret_4_1331L2_15061L2_15975L2_3896L2] = (i_36L0_6219L0_6647L0_1655L0)+(1);
            }
          }
          __sa3_1268L0_15001L0_15909L0_3846L0[0] = 1;
          int _ret_5_1467L0_15189L0_16110L0_3902L0=null;
          boolean __s_tmp_cond_elim_1_1506L0_15225L0_16146L0_3928L0=(_ret_5_1467L0_15189L0_16110L0_3902L0)!=(prev_180L6_13976L2_14827L2_3596L2);
          if(__s_tmp_cond_elim_1_1506L0_15225L0_16146L0_3928L0)
          {
            int _ret_8_1528L2_15246L2_16167L2_3943L2=((((int)prev_180L6_13976L2_14827L2_3596L2))*(1))+(0);
            atomic
            {
              _lock_3L0_3L0[_ret_8_1528L2_15246L2_16167L2_3943L2] = 0;
            }
          }
          __sa3_1268L0_15001L0_15909L0_3846L0[1] = 1;
          prev_180L6_13976L2_14827L2_3596L2 = cur_180L7_13976L3_14827L3_3596L3;
          __sa3_1268L0_15001L0_15909L0_3846L0[2] = 1;
          cur_180L7_13976L3_14827L3_3596L3 = __s_Node_next_13_4L2_4L2[cur_180L7_13976L3_14827L3_3596L3];
          __sa3_1268L0_15001L0_15909L0_3846L0[3] = 1;
        }
      }
      if((rmKey_38L1_6221L1_6649L1_1658L1)==(__s_Node_key_12_4L1_4L1[cur_180L7_13976L3_14827L3_3596L3]))
      {
        __s_Node_next_13_4L2_4L2[prev_180L6_13976L2_14827L2_3596L2] = __s_Node_next_13_4L2_4L2[cur_180L7_13976L3_14827L3_3596L3];
        ret_127L3_13973L3_14825L3_3594L3 = 1;
      }
      else
      {
        ret_127L3_13973L3_14825L3_3594L3 = 0;
      }
      int _ret_0_133L4_15508L4_16444L5_3965L5=((((int)prev_180L6_13976L2_14827L2_3596L2))*(1))+(0);
      atomic
      {
        _lock_3L0_3L0[_ret_0_133L4_15508L4_16444L5_3965L5] = 0;
      }
      int _ret_1_134L5_15509L5_16446L6_3967L6=((((int)cur_180L7_13976L3_14827L3_3596L3))*(1))+(0);
      atomic
      {
        _lock_3L0_3L0[_ret_1_134L5_15509L5_16446L6_3967L6] = 0;
      }
      removed_24L3_24L3_110L3_110L3[rmKey_38L1_6221L1_6649L1_1658L1] = ret_127L3_13973L3_14825L3_3594L3;
      rmKey_38L1_6221L1_6649L1_1658L1 = ((rmKey_38L1_6221L1_6649L1_1658L1)+(2))%(2);
    }
  }
  for(int k_65L0_15556L0_16493L0_4014L0=0;(k_65L0_15556L0_16493L0_4014L0)<(2);k_65L0_15556L0_16493L0_4014L0 = (k_65L0_15556L0_16493L0_4014L0)+(1))
  {
    if(removed_24L3_24L3_110L3_110L3[k_65L0_15556L0_16493L0_4014L0])
    {
      int prev_180L6_24851L2_26296L2_6329L2=0;
      int cur_180L7_24851L3_26296L3_6329L3;
      prev_180L6_24851L2_26296L2_6329L2 = null;
      cur_180L7_24851L3_26296L3_6329L3 = __s_Set_head_15_46L5_46L5[0];
      int _ret_0_184L1_24854L1_26299L1_6332L1=((((int)cur_180L7_24851L3_26296L3_6329L3))*(1))+(0);
      atomic((_lock_3L0_3L0[_ret_0_184L1_24854L1_26299L1_6332L1])==(0))
      {
        _lock_3L0_3L0[_ret_0_184L1_24854L1_26299L1_6332L1] = -1;
      }
      for(int i_187L0_24857L0_26303L0_6336L0=0;(i_187L0_24857L0_26303L0_6336L0)<(4);i_187L0_24857L0_26303L0_6336L0 = (i_187L0_24857L0_26303L0_6336L0)+(1))
      {
        if((__s_Node_key_12_4L1_4L1[cur_180L7_24851L3_26296L3_6329L3])<(k_65L0_15556L0_16493L0_4014L0))
        {
          bit[4] __sa3_1268L0_25876L0_27378L0_6579L0={0,0,0,0};
          __sa3_1268L0_25876L0_27378L0_6579L0[0] = 0;
          __sa3_1268L0_25876L0_27378L0_6579L0[1] = 0;
          __sa3_1268L0_25876L0_27378L0_6579L0[2] = 0;
          __sa3_1268L0_25876L0_27378L0_6579L0[3] = 0;
          int __s_tmp_cond_elim_0_1305L0_25911L0_27419L0_6611L0=__s_Node_next_13_4L2_4L2[cur_180L7_24851L3_26296L3_6329L3];
          boolean __s_tmp_cond_elim_1_1309L0_25915L0_27423L0_6614L0=(prev_180L6_24851L2_26296L2_6329L2)!=(__s_tmp_cond_elim_0_1305L0_25911L0_27419L0_6611L0);
          if(__s_tmp_cond_elim_1_1309L0_25915L0_27423L0_6614L0)
          {
            int __s_tmp_cond_elim_0_1328L0_25933L0_27441L0_6627L0=__s_Node_next_13_4L2_4L2[cur_180L7_24851L3_26296L3_6329L3];
            int _ret_4_1331L2_25936L2_27444L2_6629L2=((((int)__s_tmp_cond_elim_0_1328L0_25933L0_27441L0_6627L0))*(1))+(0);
            atomic((_lock_3L0_3L0[_ret_4_1331L2_25936L2_27444L2_6629L2])==(0))
            {
              _lock_3L0_3L0[_ret_4_1331L2_25936L2_27444L2_6629L2] = -1;
            }
          }
          __sa3_1268L0_25876L0_27378L0_6579L0[0] = 1;
          int _ret_5_1467L0_26064L0_27579L0_6635L0=null;
          boolean __s_tmp_cond_elim_1_1506L0_26100L0_27615L0_6661L0=(_ret_5_1467L0_26064L0_27579L0_6635L0)!=(prev_180L6_24851L2_26296L2_6329L2);
          if(__s_tmp_cond_elim_1_1506L0_26100L0_27615L0_6661L0)
          {
            int _ret_8_1528L2_26121L2_27636L2_6676L2=((((int)prev_180L6_24851L2_26296L2_6329L2))*(1))+(0);
            atomic
            {
              _lock_3L0_3L0[_ret_8_1528L2_26121L2_27636L2_6676L2] = 0;
            }
          }
          __sa3_1268L0_25876L0_27378L0_6579L0[1] = 1;
          prev_180L6_24851L2_26296L2_6329L2 = cur_180L7_24851L3_26296L3_6329L3;
          __sa3_1268L0_25876L0_27378L0_6579L0[2] = 1;
          cur_180L7_24851L3_26296L3_6329L3 = __s_Node_next_13_4L2_4L2[cur_180L7_24851L3_26296L3_6329L3];
          __sa3_1268L0_25876L0_27378L0_6579L0[3] = 1;
        }
      }
      if((k_65L0_15556L0_16493L0_4014L0)==(__s_Node_key_12_4L1_4L1[cur_180L7_24851L3_26296L3_6329L3]))
      {
        __s_Node_next_13_4L2_4L2[prev_180L6_24851L2_26296L2_6329L2] = __s_Node_next_13_4L2_4L2[cur_180L7_24851L3_26296L3_6329L3];
      }
      int _ret_0_133L4_26383L4_27913L5_6698L5=((((int)prev_180L6_24851L2_26296L2_6329L2))*(1))+(0);
      atomic
      {
        _lock_3L0_3L0[_ret_0_133L4_26383L4_27913L5_6698L5] = 0;
      }
      int _ret_1_134L5_26384L5_27915L6_6700L6=((((int)cur_180L7_24851L3_26296L3_6329L3))*(1))+(0);
      atomic
      {
        _lock_3L0_3L0[_ret_1_134L5_26384L5_27915L6_6700L6] = 0;
      }
    }
    else
    {
      int prev_180L6_26396L2_27926L2_6711L2=0;
      int cur_180L7_26396L3_27926L3_6711L3;
      prev_180L6_26396L2_27926L2_6711L2 = null;
      cur_180L7_26396L3_27926L3_6711L3 = __s_Set_head_15_46L5_46L5[0];
      int _ret_0_184L1_26399L1_27929L1_6714L1=((((int)cur_180L7_26396L3_27926L3_6711L3))*(1))+(0);
      atomic((_lock_3L0_3L0[_ret_0_184L1_26399L1_27929L1_6714L1])==(0))
      {
        _lock_3L0_3L0[_ret_0_184L1_26399L1_27929L1_6714L1] = -1;
      }
      for(int i_187L0_26402L0_27933L0_6718L0=0;(i_187L0_26402L0_27933L0_6718L0)<(4);i_187L0_26402L0_27933L0_6718L0 = (i_187L0_26402L0_27933L0_6718L0)+(1))
      {
        if((__s_Node_key_12_4L1_4L1[cur_180L7_26396L3_27926L3_6711L3])<(k_65L0_15556L0_16493L0_4014L0))
        {
          bit[4] __sa3_1268L0_27421L0_29008L0_6961L0={0,0,0,0};
          __sa3_1268L0_27421L0_29008L0_6961L0[0] = 0;
          __sa3_1268L0_27421L0_29008L0_6961L0[1] = 0;
          __sa3_1268L0_27421L0_29008L0_6961L0[2] = 0;
          __sa3_1268L0_27421L0_29008L0_6961L0[3] = 0;
          int __s_tmp_cond_elim_0_1305L0_27456L0_29049L0_6993L0=__s_Node_next_13_4L2_4L2[cur_180L7_26396L3_27926L3_6711L3];
          boolean __s_tmp_cond_elim_1_1309L0_27460L0_29053L0_6996L0=(prev_180L6_26396L2_27926L2_6711L2)!=(__s_tmp_cond_elim_0_1305L0_27456L0_29049L0_6993L0);
          if(__s_tmp_cond_elim_1_1309L0_27460L0_29053L0_6996L0)
          {
            int __s_tmp_cond_elim_0_1328L0_27478L0_29071L0_7009L0=__s_Node_next_13_4L2_4L2[cur_180L7_26396L3_27926L3_6711L3];
            int _ret_4_1331L2_27481L2_29074L2_7011L2=((((int)__s_tmp_cond_elim_0_1328L0_27478L0_29071L0_7009L0))*(1))+(0);
            atomic((_lock_3L0_3L0[_ret_4_1331L2_27481L2_29074L2_7011L2])==(0))
            {
              _lock_3L0_3L0[_ret_4_1331L2_27481L2_29074L2_7011L2] = -1;
            }
          }
          __sa3_1268L0_27421L0_29008L0_6961L0[0] = 1;
          int _ret_5_1467L0_27609L0_29209L0_7017L0=null;
          boolean __s_tmp_cond_elim_1_1506L0_27645L0_29245L0_7043L0=(_ret_5_1467L0_27609L0_29209L0_7017L0)!=(prev_180L6_26396L2_27926L2_6711L2);
          if(__s_tmp_cond_elim_1_1506L0_27645L0_29245L0_7043L0)
          {
            int _ret_8_1528L2_27666L2_29266L2_7058L2=((((int)prev_180L6_26396L2_27926L2_6711L2))*(1))+(0);
            atomic
            {
              _lock_3L0_3L0[_ret_8_1528L2_27666L2_29266L2_7058L2] = 0;
            }
          }
          __sa3_1268L0_27421L0_29008L0_6961L0[1] = 1;
          prev_180L6_26396L2_27926L2_6711L2 = cur_180L7_26396L3_27926L3_6711L3;
          __sa3_1268L0_27421L0_29008L0_6961L0[2] = 1;
          cur_180L7_26396L3_27926L3_6711L3 = __s_Node_next_13_4L2_4L2[cur_180L7_26396L3_27926L3_6711L3];
          __sa3_1268L0_27421L0_29008L0_6961L0[3] = 1;
        }
      }
      if((k_65L0_15556L0_16493L0_4014L0)<(__s_Node_key_12_4L1_4L1[cur_180L7_26396L3_27926L3_6711L3]))
      {
        int __s_tmp_new_Node_10_27928L2_29543L2_7080L2=0;
        atomic
        {
          __s_tmp_new_Node_10_27928L2_29543L2_7080L2 = __s_Node_nextInstance_11_4L0_4L0;
          __s_Node_nextInstance_11_4L0_4L0 = (__s_Node_nextInstance_11_4L0_4L0)+(1);
        }
        __s_Node_key_12_4L1_4L1[__s_tmp_new_Node_10_27928L2_29543L2_7080L2] = k_65L0_15556L0_16493L0_4014L0;
        __s_Node_next_13_4L2_4L2[__s_tmp_new_Node_10_27928L2_29543L2_7080L2] = cur_180L7_26396L3_27926L3_6711L3;
        __s_Node_next_13_4L2_4L2[prev_180L6_26396L2_27926L2_6711L2] = __s_tmp_new_Node_10_27928L2_29543L2_7080L2;
      }
      int _ret_1_122L4_27935L4_29550L5_7087L5=((((int)prev_180L6_26396L2_27926L2_6711L2))*(1))+(0);
      atomic
      {
        _lock_3L0_3L0[_ret_1_122L4_27935L4_29550L5_7087L5] = 0;
      }
      int _ret_2_123L5_27936L5_29552L6_7089L6=((((int)cur_180L7_26396L3_27926L3_6711L3))*(1))+(0);
      atomic
      {
        _lock_3L0_3L0[_ret_2_123L5_27936L5_29552L6_7089L6] = 0;
      }
      int prev_180L6_27946L2_29561L2_7098L2=0;
      int cur_180L7_27946L3_29561L3_7098L3;
      prev_180L6_27946L2_29561L2_7098L2 = null;
      cur_180L7_27946L3_29561L3_7098L3 = __s_Set_head_15_46L5_46L5[0];
      int _ret_0_184L1_27949L1_29564L1_7101L1=((((int)cur_180L7_27946L3_29561L3_7098L3))*(1))+(0);
      atomic((_lock_3L0_3L0[_ret_0_184L1_27949L1_29564L1_7101L1])==(0))
      {
        _lock_3L0_3L0[_ret_0_184L1_27949L1_29564L1_7101L1] = -1;
      }
      for(int i_187L0_27952L0_29568L0_7105L0=0;(i_187L0_27952L0_29568L0_7105L0)<(4);i_187L0_27952L0_29568L0_7105L0 = (i_187L0_27952L0_29568L0_7105L0)+(1))
      {
        if((__s_Node_key_12_4L1_4L1[cur_180L7_27946L3_29561L3_7098L3])<(k_65L0_15556L0_16493L0_4014L0))
        {
          bit[4] __sa3_1268L0_28971L0_30643L0_7348L0={0,0,0,0};
          __sa3_1268L0_28971L0_30643L0_7348L0[0] = 0;
          __sa3_1268L0_28971L0_30643L0_7348L0[1] = 0;
          __sa3_1268L0_28971L0_30643L0_7348L0[2] = 0;
          __sa3_1268L0_28971L0_30643L0_7348L0[3] = 0;
          int __s_tmp_cond_elim_0_1305L0_29006L0_30684L0_7380L0=__s_Node_next_13_4L2_4L2[cur_180L7_27946L3_29561L3_7098L3];
          boolean __s_tmp_cond_elim_1_1309L0_29010L0_30688L0_7383L0=(prev_180L6_27946L2_29561L2_7098L2)!=(__s_tmp_cond_elim_0_1305L0_29006L0_30684L0_7380L0);
          if(__s_tmp_cond_elim_1_1309L0_29010L0_30688L0_7383L0)
          {
            int __s_tmp_cond_elim_0_1328L0_29028L0_30706L0_7396L0=__s_Node_next_13_4L2_4L2[cur_180L7_27946L3_29561L3_7098L3];
            int _ret_4_1331L2_29031L2_30709L2_7398L2=((((int)__s_tmp_cond_elim_0_1328L0_29028L0_30706L0_7396L0))*(1))+(0);
            atomic((_lock_3L0_3L0[_ret_4_1331L2_29031L2_30709L2_7398L2])==(0))
            {
              _lock_3L0_3L0[_ret_4_1331L2_29031L2_30709L2_7398L2] = -1;
            }
          }
          __sa3_1268L0_28971L0_30643L0_7348L0[0] = 1;
          int _ret_5_1467L0_29159L0_30844L0_7404L0=null;
          boolean __s_tmp_cond_elim_1_1506L0_29195L0_30880L0_7430L0=(_ret_5_1467L0_29159L0_30844L0_7404L0)!=(prev_180L6_27946L2_29561L2_7098L2);
          if(__s_tmp_cond_elim_1_1506L0_29195L0_30880L0_7430L0)
          {
            int _ret_8_1528L2_29216L2_30901L2_7445L2=((((int)prev_180L6_27946L2_29561L2_7098L2))*(1))+(0);
            atomic
            {
              _lock_3L0_3L0[_ret_8_1528L2_29216L2_30901L2_7445L2] = 0;
            }
          }
          __sa3_1268L0_28971L0_30643L0_7348L0[1] = 1;
          prev_180L6_27946L2_29561L2_7098L2 = cur_180L7_27946L3_29561L3_7098L3;
          __sa3_1268L0_28971L0_30643L0_7348L0[2] = 1;
          cur_180L7_27946L3_29561L3_7098L3 = __s_Node_next_13_4L2_4L2[cur_180L7_27946L3_29561L3_7098L3];
          __sa3_1268L0_28971L0_30643L0_7348L0[3] = 1;
        }
      }
      if((k_65L0_15556L0_16493L0_4014L0)==(__s_Node_key_12_4L1_4L1[cur_180L7_27946L3_29561L3_7098L3]))
      {
        __s_Node_next_13_4L2_4L2[prev_180L6_27946L2_29561L2_7098L2] = __s_Node_next_13_4L2_4L2[cur_180L7_27946L3_29561L3_7098L3];
      }
      int _ret_0_133L4_29478L4_31178L5_7467L5=((((int)prev_180L6_27946L2_29561L2_7098L2))*(1))+(0);
      atomic
      {
        _lock_3L0_3L0[_ret_0_133L4_29478L4_31178L5_7467L5] = 0;
      }
      int _ret_1_134L5_29479L5_31180L6_7469L6=((((int)cur_180L7_27946L3_29561L3_7098L3))*(1))+(0);
      atomic
      {
        _lock_3L0_3L0[_ret_1_134L5_29479L5_31180L6_7469L6] = 0;
      }
    }
  }
  _out_1L0_1L0_1L0_1L0 = 1;
}
void T([!bit _out_104L1_29490L1_31191L1_7480L1])
{
  int[10] __s_Node_key_18_31193L1_7482L1={0,0,0,0,0,0,0,0,0,0}; int[10] __s_Node_next_19_31193L2_7482L2={0,0,0,0,0,0,0,0,0,0};
  __s_Node_key_18_31193L1_7482L1[0] = 0;
  __s_Node_key_18_31193L1_7482L1[1] = 0;
  __s_Node_key_18_31193L1_7482L1[2] = 0;
  __s_Node_key_18_31193L1_7482L1[3] = 0;
  __s_Node_key_18_31193L1_7482L1[4] = 0;
  __s_Node_key_18_31193L1_7482L1[5] = 0;
  __s_Node_key_18_31193L1_7482L1[6] = 0;
  __s_Node_key_18_31193L1_7482L1[7] = 0;
  __s_Node_key_18_31193L1_7482L1[8] = 0;
  __s_Node_key_18_31193L1_7482L1[9] = 0;
  int __s_tmp_cond_elim_58_31216L0_7505L0=null;
  __s_Node_next_19_31193L2_7482L2[0] = __s_tmp_cond_elim_58_31216L0_7505L0;
  int __s_tmp_cond_elim_58_31218L0_7507L0=null;
  __s_Node_next_19_31193L2_7482L2[1] = __s_tmp_cond_elim_58_31218L0_7507L0;
  int __s_tmp_cond_elim_58_31220L0_7509L0=null;
  __s_Node_next_19_31193L2_7482L2[2] = __s_tmp_cond_elim_58_31220L0_7509L0;
  int __s_tmp_cond_elim_58_31222L0_7511L0=null;
  __s_Node_next_19_31193L2_7482L2[3] = __s_tmp_cond_elim_58_31222L0_7511L0;
  int __s_tmp_cond_elim_58_31224L0_7513L0=null;
  __s_Node_next_19_31193L2_7482L2[4] = __s_tmp_cond_elim_58_31224L0_7513L0;
  int __s_tmp_cond_elim_58_31226L0_7515L0=null;
  __s_Node_next_19_31193L2_7482L2[5] = __s_tmp_cond_elim_58_31226L0_7515L0;
  int __s_tmp_cond_elim_58_31228L0_7517L0=null;
  __s_Node_next_19_31193L2_7482L2[6] = __s_tmp_cond_elim_58_31228L0_7517L0;
  int __s_tmp_cond_elim_58_31230L0_7519L0=null;
  __s_Node_next_19_31193L2_7482L2[7] = __s_tmp_cond_elim_58_31230L0_7519L0;
  int __s_tmp_cond_elim_58_31232L0_7521L0=null;
  __s_Node_next_19_31193L2_7482L2[8] = __s_tmp_cond_elim_58_31232L0_7521L0;
  int __s_tmp_cond_elim_58_31234L0_7523L0=null;
  __s_Node_next_19_31193L2_7482L2[9] = __s_tmp_cond_elim_58_31234L0_7523L0;
  int[10] __s_Set_tail_22_31235L4_7524L4={0,0,0,0,0,0,0,0,0,0}; int[10] __s_Set_head_21_31235L5_7524L5={0,0,0,0,0,0,0,0,0,0};
  int __s_tmp_cond_elim_59_31237L0_7526L0=null;
  __s_Set_tail_22_31235L4_7524L4[0] = __s_tmp_cond_elim_59_31237L0_7526L0;
  int __s_tmp_cond_elim_59_31239L0_7528L0=null;
  __s_Set_tail_22_31235L4_7524L4[1] = __s_tmp_cond_elim_59_31239L0_7528L0;
  int __s_tmp_cond_elim_59_31241L0_7530L0=null;
  __s_Set_tail_22_31235L4_7524L4[2] = __s_tmp_cond_elim_59_31241L0_7530L0;
  int __s_tmp_cond_elim_59_31243L0_7532L0=null;
  __s_Set_tail_22_31235L4_7524L4[3] = __s_tmp_cond_elim_59_31243L0_7532L0;
  int __s_tmp_cond_elim_59_31245L0_7534L0=null;
  __s_Set_tail_22_31235L4_7524L4[4] = __s_tmp_cond_elim_59_31245L0_7534L0;
  int __s_tmp_cond_elim_59_31247L0_7536L0=null;
  __s_Set_tail_22_31235L4_7524L4[5] = __s_tmp_cond_elim_59_31247L0_7536L0;
  int __s_tmp_cond_elim_59_31249L0_7538L0=null;
  __s_Set_tail_22_31235L4_7524L4[6] = __s_tmp_cond_elim_59_31249L0_7538L0;
  int __s_tmp_cond_elim_59_31251L0_7540L0=null;
  __s_Set_tail_22_31235L4_7524L4[7] = __s_tmp_cond_elim_59_31251L0_7540L0;
  int __s_tmp_cond_elim_59_31253L0_7542L0=null;
  __s_Set_tail_22_31235L4_7524L4[8] = __s_tmp_cond_elim_59_31253L0_7542L0;
  int __s_tmp_cond_elim_59_31255L0_7544L0=null;
  __s_Set_tail_22_31235L4_7524L4[9] = __s_tmp_cond_elim_59_31255L0_7544L0;
  int __s_tmp_cond_elim_60_31258L0_7547L0=null;
  __s_Set_head_21_31235L5_7524L5[0] = __s_tmp_cond_elim_60_31258L0_7547L0;
  int __s_tmp_cond_elim_60_31260L0_7549L0=null;
  __s_Set_head_21_31235L5_7524L5[1] = __s_tmp_cond_elim_60_31260L0_7549L0;
  int __s_tmp_cond_elim_60_31262L0_7551L0=null;
  __s_Set_head_21_31235L5_7524L5[2] = __s_tmp_cond_elim_60_31262L0_7551L0;
  int __s_tmp_cond_elim_60_31264L0_7553L0=null;
  __s_Set_head_21_31235L5_7524L5[3] = __s_tmp_cond_elim_60_31264L0_7553L0;
  int __s_tmp_cond_elim_60_31266L0_7555L0=null;
  __s_Set_head_21_31235L5_7524L5[4] = __s_tmp_cond_elim_60_31266L0_7555L0;
  int __s_tmp_cond_elim_60_31268L0_7557L0=null;
  __s_Set_head_21_31235L5_7524L5[5] = __s_tmp_cond_elim_60_31268L0_7557L0;
  int __s_tmp_cond_elim_60_31270L0_7559L0=null;
  __s_Set_head_21_31235L5_7524L5[6] = __s_tmp_cond_elim_60_31270L0_7559L0;
  int __s_tmp_cond_elim_60_31272L0_7561L0=null;
  __s_Set_head_21_31235L5_7524L5[7] = __s_tmp_cond_elim_60_31272L0_7561L0;
  int __s_tmp_cond_elim_60_31274L0_7563L0=null;
  __s_Set_head_21_31235L5_7524L5[8] = __s_tmp_cond_elim_60_31274L0_7563L0;
  int __s_tmp_cond_elim_60_31276L0_7565L0=null;
  __s_Set_head_21_31235L5_7524L5[9] = __s_tmp_cond_elim_60_31276L0_7565L0;
  _out_104L1_29490L1_31191L1_7480L1 = 1;
}
void lock([int mem])
void unlock([int mem])

===== Compilation statistics =====
  Solved? -----------------------------> true
  Number of iterations ----------------> 3
  Maximum memory usage (MiB) ----------> 260.14453
  Total elapsed time (s) --------------> 281.461
    % frontend ............ 6.965441
    % verification ........ 82.87649
    % synthesis ........... 10.158068
  Total solution time (s) -------------> 17.433
    % verification ........ 23.094131
    % synthesis ........... 76.90587

  Synthesizer statistics:  
    [solver stats]
    Number of calls -------------------> 3
    Total elapsed time (s) ------------> 28.591
    Total model building time (s) -----> 15.167
    Total solution time (s) -----------> 13.407
    Maximum memory usage (MiB) --------> 123.76953
    Average elapsed time (s) ----------> 9.53
    Average model building time (s) ---> 5.055
    Average solution time (s) ---------> 4.469
    Average memory usage (MiB) --------> 76.58073

  Verifier statistics:     
    [solver stats]
    Number of calls -------------------> 4
    Total elapsed time (s) ------------> 233.265
    Total model building time (s) -----> 229.239
    Total solution time (s) -----------> 4.026
    Maximum memory usage (MiB) --------> 34.812
    Average elapsed time (s) ----------> 58.316
    Average model building time (s) ---> 57.309
    Average solution time (s) ---------> 1.006
    Average memory usage (MiB) --------> 19.9685

  Frontend statistics:     
    Total elapsed time (s) ------------> 19.605
    Max memory usage (MiB) ------------> 136.375

[PSKETCH] DONE!
