Iteration 0
[SPINVERIF][2] Stats for last run:
      [solution stats]
      successful? ---------------------> false
      elapsed time (s) ----------------> 6.39
      model building time (s) ---------> 6.381
      solution time (s) ---------------> 0.0090
      max memory usage (MiB) ----------> 5.125
      [SPIN-specific stats]
      codegen time (s) ----------------> 0.807
      codegen memory (MiB) ------------> 0.0
      compiler time (s) ---------------> 5.574
      compiler memory (MiB) -----------> 0.0
      total SPIN time (s) -------------> 0.0090
      total SPIN mem (MiB) ------------> 5.125
      actual state mem (MiB) ----------> 0.0
      equiv state mem (MiB) -----------> 0.0
      state compression (%) -----------> 0.0
      # states explored ---------------> 567
      state exploration rate (states/s)> 0

[SATBackend] Stats for last run:
      [solution stats]
      successful? ---------------------> true
      elapsed time (s) ----------------> 0.33
      model building time (s) ---------> 0.214
      solution time (s) ---------------> 0.11
      max memory usage (MiB) ----------> 19.105469
      [SAT-specific solution stats]
      initial number of nodes ---------> 10809
      number of nodes after opts ------> 1947
      number of controls --------------> 34
      total number of control bits ----> 34

Iteration 1
[SPINVERIF][2] Stats for last run:
      [solution stats]
      successful? ---------------------> false
      elapsed time (s) ----------------> 6.367
      model building time (s) ---------> 6.348
      solution time (s) ---------------> 0.019
      max memory usage (MiB) ----------> 5.125
      [SPIN-specific stats]
      codegen time (s) ----------------> 0.792
      codegen memory (MiB) ------------> 0.0
      compiler time (s) ---------------> 5.556
      compiler memory (MiB) -----------> 0.0
      total SPIN time (s) -------------> 0.019
      total SPIN mem (MiB) ------------> 5.125
      actual state mem (MiB) ----------> 0.0
      equiv state mem (MiB) -----------> 0.0
      state compression (%) -----------> 0.0
      # states explored ---------------> 778
      state exploration rate (states/s)> 0

[SATBackend] Stats for last run:
      [solution stats]
      successful? ---------------------> true
      elapsed time (s) ----------------> 0.624
      model building time (s) ---------> 0.46
      solution time (s) ---------------> 0.158
      max memory usage (MiB) ----------> 17.539062
      [SAT-specific solution stats]
      initial number of nodes ---------> 22492
      number of nodes after opts ------> 2130
      number of controls --------------> 34
      total number of control bits ----> 34

Iteration 2
[SPINVERIF][2] Stats for last run:
      [solution stats]
      successful? ---------------------> false
      elapsed time (s) ----------------> 6.431
      model building time (s) ---------> 6.412
      solution time (s) ---------------> 0.019
      max memory usage (MiB) ----------> 5.125
      [SPIN-specific stats]
      codegen time (s) ----------------> 0.797
      codegen memory (MiB) ------------> 0.0
      compiler time (s) ---------------> 5.615
      compiler memory (MiB) -----------> 0.0
      total SPIN time (s) -------------> 0.019
      total SPIN mem (MiB) ------------> 5.125
      actual state mem (MiB) ----------> 0.0
      equiv state mem (MiB) -----------> 0.0
      state compression (%) -----------> 0.0
      # states explored ---------------> 804
      state exploration rate (states/s)> 0

[SATBackend] Stats for last run:
      [solution stats]
      successful? ---------------------> true
      elapsed time (s) ----------------> 1.422
      model building time (s) ---------> 0.988
      solution time (s) ---------------> 0.429
      max memory usage (MiB) ----------> 29.035156
      [SAT-specific solution stats]
      initial number of nodes ---------> 42501
      number of nodes after opts ------> 4552
      number of controls --------------> 34
      total number of control bits ----> 34

Iteration 3
[SPINVERIF][2] Stats for last run:
      [solution stats]
      successful? ---------------------> false
      elapsed time (s) ----------------> 6.413
      model building time (s) ---------> 6.384
      solution time (s) ---------------> 0.029
      max memory usage (MiB) ----------> 5.125
      [SPIN-specific stats]
      codegen time (s) ----------------> 0.792
      codegen memory (MiB) ------------> 0.0
      compiler time (s) ---------------> 5.592
      compiler memory (MiB) -----------> 0.0
      total SPIN time (s) -------------> 0.029
      total SPIN mem (MiB) ------------> 5.125
      actual state mem (MiB) ----------> 0.0
      equiv state mem (MiB) -----------> 0.0
      state compression (%) -----------> 0.0
      # states explored ---------------> 1182
      state exploration rate (states/s)> 0

[SATBackend] Stats for last run:
      [solution stats]
      successful? ---------------------> true
      elapsed time (s) ----------------> 5.03
      model building time (s) ---------> 3.095
      solution time (s) ---------------> 1.929
      max memory usage (MiB) ----------> 54.695312
      [SAT-specific solution stats]
      initial number of nodes ---------> 121121
      number of nodes after opts ------> 17613
      number of controls --------------> 34
      total number of control bits ----> 34

Iteration 4
[SPINVERIF][2] Stats for last run:
      [solution stats]
      successful? ---------------------> true
      elapsed time (s) ----------------> 6.667
      model building time (s) ---------> 6.428
      solution time (s) ---------------> 0.239
      max memory usage (MiB) ----------> 6.6879997
      [SPIN-specific stats]
      codegen time (s) ----------------> 0.789
      codegen memory (MiB) ------------> 0.0
      compiler time (s) ---------------> 5.639
      compiler memory (MiB) -----------> 0.0
      total SPIN time (s) -------------> 0.239
      total SPIN mem (MiB) ------------> 6.6879997
      actual state mem (MiB) ----------> 4.946
      equiv state mem (MiB) -----------> 19.494
      state compression (%) -----------> 25.37191
      # states explored ---------------> 10804
      state exploration rate (states/s)> 0

void main([!bit _out_1L0_1L0_1L0_1L0]) implements T
{
  int __s_Node_nextInstance_18_3L0_3L0=0; int[10] __s_Node_obj_19_3L1_3L1={0,0,0,0,0,0,0,0,0,0}; int[10] __s_Node_next_20_3L2_3L2={0,0,0,0,0,0,0,0,0,0}; bit[10] __s_Node_taken_21_3L3_3L3={0,0,0,0,0,0,0,0,0,0};
  int __s_tmp_cond_elim_57_5L0_5L0=0;
  int __s_pac71_6L0_6L0=0;
  __s_tmp_cond_elim_57_5L0_5L0 = null;
  int __s_pac72_6L1_6L1=0;
  __s_Node_obj_19_3L1_3L1[0] = __s_tmp_cond_elim_57_5L0_5L0;
  int __s_tmp_cond_elim_57_7L0_7L0=0;
  int __s_pac71_8L0_8L0=1;
  __s_tmp_cond_elim_57_7L0_7L0 = null;
  int __s_pac72_8L1_8L1=1;
  __s_Node_obj_19_3L1_3L1[1] = __s_tmp_cond_elim_57_7L0_7L0;
  int __s_tmp_cond_elim_57_9L0_9L0=0;
  int __s_pac71_10L0_10L0=2;
  __s_tmp_cond_elim_57_9L0_9L0 = null;
  int __s_pac72_10L1_10L1=2;
  __s_Node_obj_19_3L1_3L1[2] = __s_tmp_cond_elim_57_9L0_9L0;
  int __s_tmp_cond_elim_57_11L0_11L0=0;
  int __s_pac71_12L0_12L0=3;
  __s_tmp_cond_elim_57_11L0_11L0 = null;
  int __s_pac72_12L1_12L1=3;
  __s_Node_obj_19_3L1_3L1[3] = __s_tmp_cond_elim_57_11L0_11L0;
  int __s_tmp_cond_elim_57_13L0_13L0=0;
  int __s_pac71_14L0_14L0=4;
  __s_tmp_cond_elim_57_13L0_13L0 = null;
  int __s_pac72_14L1_14L1=4;
  __s_Node_obj_19_3L1_3L1[4] = __s_tmp_cond_elim_57_13L0_13L0;
  int __s_tmp_cond_elim_57_15L0_15L0=0;
  int __s_pac71_16L0_16L0=5;
  __s_tmp_cond_elim_57_15L0_15L0 = null;
  int __s_pac72_16L1_16L1=5;
  __s_Node_obj_19_3L1_3L1[5] = __s_tmp_cond_elim_57_15L0_15L0;
  int __s_tmp_cond_elim_57_17L0_17L0=0;
  int __s_pac71_18L0_18L0=6;
  __s_tmp_cond_elim_57_17L0_17L0 = null;
  int __s_pac72_18L1_18L1=6;
  __s_Node_obj_19_3L1_3L1[6] = __s_tmp_cond_elim_57_17L0_17L0;
  int __s_tmp_cond_elim_57_19L0_19L0=0;
  int __s_pac71_20L0_20L0=7;
  __s_tmp_cond_elim_57_19L0_19L0 = null;
  int __s_pac72_20L1_20L1=7;
  __s_Node_obj_19_3L1_3L1[7] = __s_tmp_cond_elim_57_19L0_19L0;
  int __s_tmp_cond_elim_57_21L0_21L0=0;
  int __s_pac71_22L0_22L0=8;
  __s_tmp_cond_elim_57_21L0_21L0 = null;
  int __s_pac72_22L1_22L1=8;
  __s_Node_obj_19_3L1_3L1[8] = __s_tmp_cond_elim_57_21L0_21L0;
  int __s_tmp_cond_elim_57_23L0_23L0=0;
  int __s_pac71_24L0_24L0=9;
  __s_tmp_cond_elim_57_23L0_23L0 = null;
  int __s_pac72_24L1_24L1=9;
  __s_Node_obj_19_3L1_3L1[9] = __s_tmp_cond_elim_57_23L0_23L0;
  int __s_tmp_cond_elim_58_26L0_26L0=0;
  int __s_pac73_27L0_27L0=0;
  __s_tmp_cond_elim_58_26L0_26L0 = null;
  int __s_pac74_27L1_27L1=0;
  __s_Node_next_20_3L2_3L2[0] = __s_tmp_cond_elim_58_26L0_26L0;
  int __s_tmp_cond_elim_58_28L0_28L0=0;
  int __s_pac73_29L0_29L0=1;
  __s_tmp_cond_elim_58_28L0_28L0 = null;
  int __s_pac74_29L1_29L1=1;
  __s_Node_next_20_3L2_3L2[1] = __s_tmp_cond_elim_58_28L0_28L0;
  int __s_tmp_cond_elim_58_30L0_30L0=0;
  int __s_pac73_31L0_31L0=2;
  __s_tmp_cond_elim_58_30L0_30L0 = null;
  int __s_pac74_31L1_31L1=2;
  __s_Node_next_20_3L2_3L2[2] = __s_tmp_cond_elim_58_30L0_30L0;
  int __s_tmp_cond_elim_58_32L0_32L0=0;
  int __s_pac73_33L0_33L0=3;
  __s_tmp_cond_elim_58_32L0_32L0 = null;
  int __s_pac74_33L1_33L1=3;
  __s_Node_next_20_3L2_3L2[3] = __s_tmp_cond_elim_58_32L0_32L0;
  int __s_tmp_cond_elim_58_34L0_34L0=0;
  int __s_pac73_35L0_35L0=4;
  __s_tmp_cond_elim_58_34L0_34L0 = null;
  int __s_pac74_35L1_35L1=4;
  __s_Node_next_20_3L2_3L2[4] = __s_tmp_cond_elim_58_34L0_34L0;
  int __s_tmp_cond_elim_58_36L0_36L0=0;
  int __s_pac73_37L0_37L0=5;
  __s_tmp_cond_elim_58_36L0_36L0 = null;
  int __s_pac74_37L1_37L1=5;
  __s_Node_next_20_3L2_3L2[5] = __s_tmp_cond_elim_58_36L0_36L0;
  int __s_tmp_cond_elim_58_38L0_38L0=0;
  int __s_pac73_39L0_39L0=6;
  __s_tmp_cond_elim_58_38L0_38L0 = null;
  int __s_pac74_39L1_39L1=6;
  __s_Node_next_20_3L2_3L2[6] = __s_tmp_cond_elim_58_38L0_38L0;
  int __s_tmp_cond_elim_58_40L0_40L0=0;
  int __s_pac73_41L0_41L0=7;
  __s_tmp_cond_elim_58_40L0_40L0 = null;
  int __s_pac74_41L1_41L1=7;
  __s_Node_next_20_3L2_3L2[7] = __s_tmp_cond_elim_58_40L0_40L0;
  int __s_tmp_cond_elim_58_42L0_42L0=0;
  int __s_pac73_43L0_43L0=8;
  __s_tmp_cond_elim_58_42L0_42L0 = null;
  int __s_pac74_43L1_43L1=8;
  __s_Node_next_20_3L2_3L2[8] = __s_tmp_cond_elim_58_42L0_42L0;
  int __s_tmp_cond_elim_58_44L0_44L0=0;
  int __s_pac73_45L0_45L0=9;
  __s_tmp_cond_elim_58_44L0_44L0 = null;
  int __s_pac74_45L1_45L1=9;
  __s_Node_next_20_3L2_3L2[9] = __s_tmp_cond_elim_58_44L0_44L0;
  bit __s_tmp_cond_elim_59_47L0_47L0=0;
  int __s_pac75_48L0_48L0=0;
  __s_tmp_cond_elim_59_47L0_47L0 = 0;
  int __s_pac76_48L1_48L1=0;
  __s_Node_taken_21_3L3_3L3[0] = 0;
  bit __s_tmp_cond_elim_59_49L0_49L0=0;
  int __s_pac75_50L0_50L0=1;
  __s_tmp_cond_elim_59_49L0_49L0 = 0;
  int __s_pac76_50L1_50L1=1;
  __s_Node_taken_21_3L3_3L3[1] = 0;
  bit __s_tmp_cond_elim_59_51L0_51L0=0;
  int __s_pac75_52L0_52L0=2;
  __s_tmp_cond_elim_59_51L0_51L0 = 0;
  int __s_pac76_52L1_52L1=2;
  __s_Node_taken_21_3L3_3L3[2] = 0;
  bit __s_tmp_cond_elim_59_53L0_53L0=0;
  int __s_pac75_54L0_54L0=3;
  __s_tmp_cond_elim_59_53L0_53L0 = 0;
  int __s_pac76_54L1_54L1=3;
  __s_Node_taken_21_3L3_3L3[3] = 0;
  bit __s_tmp_cond_elim_59_55L0_55L0=0;
  int __s_pac75_56L0_56L0=4;
  __s_tmp_cond_elim_59_55L0_55L0 = 0;
  int __s_pac76_56L1_56L1=4;
  __s_Node_taken_21_3L3_3L3[4] = 0;
  bit __s_tmp_cond_elim_59_57L0_57L0=0;
  int __s_pac75_58L0_58L0=5;
  __s_tmp_cond_elim_59_57L0_57L0 = 0;
  int __s_pac76_58L1_58L1=5;
  __s_Node_taken_21_3L3_3L3[5] = 0;
  bit __s_tmp_cond_elim_59_59L0_59L0=0;
  int __s_pac75_60L0_60L0=6;
  __s_tmp_cond_elim_59_59L0_59L0 = 0;
  int __s_pac76_60L1_60L1=6;
  __s_Node_taken_21_3L3_3L3[6] = 0;
  bit __s_tmp_cond_elim_59_61L0_61L0=0;
  int __s_pac75_62L0_62L0=7;
  __s_tmp_cond_elim_59_61L0_61L0 = 0;
  int __s_pac76_62L1_62L1=7;
  __s_Node_taken_21_3L3_3L3[7] = 0;
  bit __s_tmp_cond_elim_59_63L0_63L0=0;
  int __s_pac75_64L0_64L0=8;
  __s_tmp_cond_elim_59_63L0_63L0 = 0;
  int __s_pac76_64L1_64L1=8;
  __s_Node_taken_21_3L3_3L3[8] = 0;
  bit __s_tmp_cond_elim_59_65L0_65L0=0;
  int __s_pac75_66L0_66L0=9;
  __s_tmp_cond_elim_59_65L0_65L0 = 0;
  int __s_pac76_66L1_66L1=9;
  __s_Node_taken_21_3L3_3L3[9] = 0;
  int __s_Item_nextInstance_22_66L4_66L4=0; int[10] __s_Item_tid_23_66L5_66L5={0,0,0,0,0,0,0,0,0,0}; int[10] __s_Item_id_24_66L6_66L6={0,0,0,0,0,0,0,0,0,0};
  bit __s_tmp_cond_elim_60_68L0_68L0=0;
  int __s_pac77_69L0_69L0=0;
  __s_tmp_cond_elim_60_68L0_68L0 = 0;
  int __s_pac78_69L1_69L1=0;
  __s_Item_tid_23_66L5_66L5[0] = 0;
  bit __s_tmp_cond_elim_60_70L0_70L0=0;
  int __s_pac77_71L0_71L0=1;
  __s_tmp_cond_elim_60_70L0_70L0 = 0;
  int __s_pac78_71L1_71L1=1;
  __s_Item_tid_23_66L5_66L5[1] = 0;
  bit __s_tmp_cond_elim_60_72L0_72L0=0;
  int __s_pac77_73L0_73L0=2;
  __s_tmp_cond_elim_60_72L0_72L0 = 0;
  int __s_pac78_73L1_73L1=2;
  __s_Item_tid_23_66L5_66L5[2] = 0;
  bit __s_tmp_cond_elim_60_74L0_74L0=0;
  int __s_pac77_75L0_75L0=3;
  __s_tmp_cond_elim_60_74L0_74L0 = 0;
  int __s_pac78_75L1_75L1=3;
  __s_Item_tid_23_66L5_66L5[3] = 0;
  bit __s_tmp_cond_elim_60_76L0_76L0=0;
  int __s_pac77_77L0_77L0=4;
  __s_tmp_cond_elim_60_76L0_76L0 = 0;
  int __s_pac78_77L1_77L1=4;
  __s_Item_tid_23_66L5_66L5[4] = 0;
  bit __s_tmp_cond_elim_60_78L0_78L0=0;
  int __s_pac77_79L0_79L0=5;
  __s_tmp_cond_elim_60_78L0_78L0 = 0;
  int __s_pac78_79L1_79L1=5;
  __s_Item_tid_23_66L5_66L5[5] = 0;
  bit __s_tmp_cond_elim_60_80L0_80L0=0;
  int __s_pac77_81L0_81L0=6;
  __s_tmp_cond_elim_60_80L0_80L0 = 0;
  int __s_pac78_81L1_81L1=6;
  __s_Item_tid_23_66L5_66L5[6] = 0;
  bit __s_tmp_cond_elim_60_82L0_82L0=0;
  int __s_pac77_83L0_83L0=7;
  __s_tmp_cond_elim_60_82L0_82L0 = 0;
  int __s_pac78_83L1_83L1=7;
  __s_Item_tid_23_66L5_66L5[7] = 0;
  bit __s_tmp_cond_elim_60_84L0_84L0=0;
  int __s_pac77_85L0_85L0=8;
  __s_tmp_cond_elim_60_84L0_84L0 = 0;
  int __s_pac78_85L1_85L1=8;
  __s_Item_tid_23_66L5_66L5[8] = 0;
  bit __s_tmp_cond_elim_60_86L0_86L0=0;
  int __s_pac77_87L0_87L0=9;
  __s_tmp_cond_elim_60_86L0_86L0 = 0;
  int __s_pac78_87L1_87L1=9;
  __s_Item_tid_23_66L5_66L5[9] = 0;
  bit __s_tmp_cond_elim_61_89L0_89L0=0;
  int __s_pac79_90L0_90L0=0;
  __s_tmp_cond_elim_61_89L0_89L0 = 0;
  int __s_pac80_90L1_90L1=0;
  __s_Item_id_24_66L6_66L6[0] = 0;
  bit __s_tmp_cond_elim_61_91L0_91L0=0;
  int __s_pac79_92L0_92L0=1;
  __s_tmp_cond_elim_61_91L0_91L0 = 0;
  int __s_pac80_92L1_92L1=1;
  __s_Item_id_24_66L6_66L6[1] = 0;
  bit __s_tmp_cond_elim_61_93L0_93L0=0;
  int __s_pac79_94L0_94L0=2;
  __s_tmp_cond_elim_61_93L0_93L0 = 0;
  int __s_pac80_94L1_94L1=2;
  __s_Item_id_24_66L6_66L6[2] = 0;
  bit __s_tmp_cond_elim_61_95L0_95L0=0;
  int __s_pac79_96L0_96L0=3;
  __s_tmp_cond_elim_61_95L0_95L0 = 0;
  int __s_pac80_96L1_96L1=3;
  __s_Item_id_24_66L6_66L6[3] = 0;
  bit __s_tmp_cond_elim_61_97L0_97L0=0;
  int __s_pac79_98L0_98L0=4;
  __s_tmp_cond_elim_61_97L0_97L0 = 0;
  int __s_pac80_98L1_98L1=4;
  __s_Item_id_24_66L6_66L6[4] = 0;
  bit __s_tmp_cond_elim_61_99L0_99L0=0;
  int __s_pac79_100L0_100L0=5;
  __s_tmp_cond_elim_61_99L0_99L0 = 0;
  int __s_pac80_100L1_100L1=5;
  __s_Item_id_24_66L6_66L6[5] = 0;
  bit __s_tmp_cond_elim_61_101L0_101L0=0;
  int __s_pac79_102L0_102L0=6;
  __s_tmp_cond_elim_61_101L0_101L0 = 0;
  int __s_pac80_102L1_102L1=6;
  __s_Item_id_24_66L6_66L6[6] = 0;
  bit __s_tmp_cond_elim_61_103L0_103L0=0;
  int __s_pac79_104L0_104L0=7;
  __s_tmp_cond_elim_61_103L0_103L0 = 0;
  int __s_pac80_104L1_104L1=7;
  __s_Item_id_24_66L6_66L6[7] = 0;
  bit __s_tmp_cond_elim_61_105L0_105L0=0;
  int __s_pac79_106L0_106L0=8;
  __s_tmp_cond_elim_61_105L0_105L0 = 0;
  int __s_pac80_106L1_106L1=8;
  __s_Item_id_24_66L6_66L6[8] = 0;
  bit __s_tmp_cond_elim_61_107L0_107L0=0;
  int __s_pac79_108L0_108L0=9;
  __s_tmp_cond_elim_61_107L0_107L0 = 0;
  int __s_pac80_108L1_108L1=9;
  __s_Item_id_24_66L6_66L6[9] = 0;
  int __s_Queue_nextInstance_25_108L7_108L7=0; int[10] __s_Queue_prevHead_27_108L8_108L8={0,0,0,0,0,0,0,0,0,0}; int[10] __s_Queue_tail_26_108L9_108L9={0,0,0,0,0,0,0,0,0,0};
  int __s_tmp_cond_elim_62_110L0_110L0=0;
  int __s_pac81_111L0_111L0=0;
  __s_tmp_cond_elim_62_110L0_110L0 = null;
  int __s_pac82_111L1_111L1=0;
  __s_Queue_prevHead_27_108L8_108L8[0] = __s_tmp_cond_elim_62_110L0_110L0;
  int __s_tmp_cond_elim_62_112L0_112L0=0;
  int __s_pac81_113L0_113L0=1;
  __s_tmp_cond_elim_62_112L0_112L0 = null;
  int __s_pac82_113L1_113L1=1;
  __s_Queue_prevHead_27_108L8_108L8[1] = __s_tmp_cond_elim_62_112L0_112L0;
  int __s_tmp_cond_elim_62_114L0_114L0=0;
  int __s_pac81_115L0_115L0=2;
  __s_tmp_cond_elim_62_114L0_114L0 = null;
  int __s_pac82_115L1_115L1=2;
  __s_Queue_prevHead_27_108L8_108L8[2] = __s_tmp_cond_elim_62_114L0_114L0;
  int __s_tmp_cond_elim_62_116L0_116L0=0;
  int __s_pac81_117L0_117L0=3;
  __s_tmp_cond_elim_62_116L0_116L0 = null;
  int __s_pac82_117L1_117L1=3;
  __s_Queue_prevHead_27_108L8_108L8[3] = __s_tmp_cond_elim_62_116L0_116L0;
  int __s_tmp_cond_elim_62_118L0_118L0=0;
  int __s_pac81_119L0_119L0=4;
  __s_tmp_cond_elim_62_118L0_118L0 = null;
  int __s_pac82_119L1_119L1=4;
  __s_Queue_prevHead_27_108L8_108L8[4] = __s_tmp_cond_elim_62_118L0_118L0;
  int __s_tmp_cond_elim_62_120L0_120L0=0;
  int __s_pac81_121L0_121L0=5;
  __s_tmp_cond_elim_62_120L0_120L0 = null;
  int __s_pac82_121L1_121L1=5;
  __s_Queue_prevHead_27_108L8_108L8[5] = __s_tmp_cond_elim_62_120L0_120L0;
  int __s_tmp_cond_elim_62_122L0_122L0=0;
  int __s_pac81_123L0_123L0=6;
  __s_tmp_cond_elim_62_122L0_122L0 = null;
  int __s_pac82_123L1_123L1=6;
  __s_Queue_prevHead_27_108L8_108L8[6] = __s_tmp_cond_elim_62_122L0_122L0;
  int __s_tmp_cond_elim_62_124L0_124L0=0;
  int __s_pac81_125L0_125L0=7;
  __s_tmp_cond_elim_62_124L0_124L0 = null;
  int __s_pac82_125L1_125L1=7;
  __s_Queue_prevHead_27_108L8_108L8[7] = __s_tmp_cond_elim_62_124L0_124L0;
  int __s_tmp_cond_elim_62_126L0_126L0=0;
  int __s_pac81_127L0_127L0=8;
  __s_tmp_cond_elim_62_126L0_126L0 = null;
  int __s_pac82_127L1_127L1=8;
  __s_Queue_prevHead_27_108L8_108L8[8] = __s_tmp_cond_elim_62_126L0_126L0;
  int __s_tmp_cond_elim_62_128L0_128L0=0;
  int __s_pac81_129L0_129L0=9;
  __s_tmp_cond_elim_62_128L0_128L0 = null;
  int __s_pac82_129L1_129L1=9;
  __s_Queue_prevHead_27_108L8_108L8[9] = __s_tmp_cond_elim_62_128L0_128L0;
  int __s_tmp_cond_elim_63_131L0_131L0=0;
  int __s_pac83_132L0_132L0=0;
  __s_tmp_cond_elim_63_131L0_131L0 = null;
  int __s_pac84_132L1_132L1=0;
  __s_Queue_tail_26_108L9_108L9[0] = __s_tmp_cond_elim_63_131L0_131L0;
  int __s_tmp_cond_elim_63_133L0_133L0=0;
  int __s_pac83_134L0_134L0=1;
  __s_tmp_cond_elim_63_133L0_133L0 = null;
  int __s_pac84_134L1_134L1=1;
  __s_Queue_tail_26_108L9_108L9[1] = __s_tmp_cond_elim_63_133L0_133L0;
  int __s_tmp_cond_elim_63_135L0_135L0=0;
  int __s_pac83_136L0_136L0=2;
  __s_tmp_cond_elim_63_135L0_135L0 = null;
  int __s_pac84_136L1_136L1=2;
  __s_Queue_tail_26_108L9_108L9[2] = __s_tmp_cond_elim_63_135L0_135L0;
  int __s_tmp_cond_elim_63_137L0_137L0=0;
  int __s_pac83_138L0_138L0=3;
  __s_tmp_cond_elim_63_137L0_137L0 = null;
  int __s_pac84_138L1_138L1=3;
  __s_Queue_tail_26_108L9_108L9[3] = __s_tmp_cond_elim_63_137L0_137L0;
  int __s_tmp_cond_elim_63_139L0_139L0=0;
  int __s_pac83_140L0_140L0=4;
  __s_tmp_cond_elim_63_139L0_139L0 = null;
  int __s_pac84_140L1_140L1=4;
  __s_Queue_tail_26_108L9_108L9[4] = __s_tmp_cond_elim_63_139L0_139L0;
  int __s_tmp_cond_elim_63_141L0_141L0=0;
  int __s_pac83_142L0_142L0=5;
  __s_tmp_cond_elim_63_141L0_141L0 = null;
  int __s_pac84_142L1_142L1=5;
  __s_Queue_tail_26_108L9_108L9[5] = __s_tmp_cond_elim_63_141L0_141L0;
  int __s_tmp_cond_elim_63_143L0_143L0=0;
  int __s_pac83_144L0_144L0=6;
  __s_tmp_cond_elim_63_143L0_143L0 = null;
  int __s_pac84_144L1_144L1=6;
  __s_Queue_tail_26_108L9_108L9[6] = __s_tmp_cond_elim_63_143L0_143L0;
  int __s_tmp_cond_elim_63_145L0_145L0=0;
  int __s_pac83_146L0_146L0=7;
  __s_tmp_cond_elim_63_145L0_145L0 = null;
  int __s_pac84_146L1_146L1=7;
  __s_Queue_tail_26_108L9_108L9[7] = __s_tmp_cond_elim_63_145L0_145L0;
  int __s_tmp_cond_elim_63_147L0_147L0=0;
  int __s_pac83_148L0_148L0=8;
  __s_tmp_cond_elim_63_147L0_147L0 = null;
  int __s_pac84_148L1_148L1=8;
  __s_Queue_tail_26_108L9_108L9[8] = __s_tmp_cond_elim_63_147L0_147L0;
  int __s_tmp_cond_elim_63_149L0_149L0=0;
  int __s_pac83_150L0_150L0=9;
  __s_tmp_cond_elim_63_149L0_149L0 = null;
  int __s_pac84_150L1_150L1=9;
  __s_Queue_tail_26_108L9_108L9[9] = __s_tmp_cond_elim_63_149L0_149L0;
  _out_1L0_1L0_1L0_1L0 = 0;
  bit _has_out__3L0_3L0_151L0_151L0=0;
  int q_4L1_4L1_152L1_152L1=0;
  int _ret_0_4L2_4L2_152L2_152L2=0;
  int _out_106L1_7L0_154L0_154L0=0;
  bit _has_out__108L0_8L0_155L0_155L0=0;
  int q_108L1_8L1_155L1_155L1=0;
  int __s_tmp_new_Queue_15_8L2_155L2_155L2=0;
  atomic
  {
    __s_tmp_new_Queue_15_8L2_155L2_155L2 = 0;
    __s_Queue_nextInstance_25_108L7_108L7 = 1;
  }
  q_108L1_8L1_155L1_155L1 = 0;
  int _ret_0_108L2_9L3_156L3_156L3=null;
  int _ret_1_108L3_9L4_156L4_156L4=null;
  int _ret_2_108L4_9L5_156L5_156L5=0;
  int obj_640L6_12L0_158L0_158L0=_ret_0_108L2_9L3_156L3_156L3;
  int next_640L6_12L1_158L1_158L1=_ret_1_108L3_9L4_156L4_156L4;
  bit taken_640L7_12L2_158L2_158L2=1;
  int _out_640L8_12L3_158L3_158L3=0;
  bit _has_out__642L0_13L0_159L0_159L0=0;
  int n_642L1_13L1_159L1_159L1=0;
  int __s_tmp_new_Node_17_13L2_159L2_159L2=0;
  atomic
  {
    __s_tmp_new_Node_17_13L2_159L2_159L2 = 0;
  }
  n_642L1_13L1_159L1_159L1 = 0;
  int __s_pac85_161L0_161L0=0;
  __s_Node_obj_19_3L1_3L1[0] = _ret_0_108L2_9L3_156L3_156L3;
  int __s_pac86_162L0_162L0=0;
  __s_Node_next_20_3L2_3L2[0] = _ret_1_108L3_9L4_156L4_156L4;
  int __s_pac87_163L0_163L0=0;
  __s_Node_taken_21_3L3_3L3[0] = 1;
  _out_640L8_12L3_158L3_158L3 = 0;
  _has_out__642L0_13L0_159L0_159L0 = 1;
  _ret_2_108L4_9L5_156L5_156L5 = 0;
  int __s_pac88_165L0_165L0=0;
  __s_Queue_prevHead_27_108L8_108L8[0] = 0;
  int __s_pac89_166L0_166L0=0;
  int __s_pac90_166L1_166L1=0;
  __s_Queue_tail_26_108L9_108L9[0] = __s_Queue_prevHead_27_108L8_108L8[0];
  _out_106L1_7L0_154L0_154L0 = 0;
  _has_out__108L0_8L0_155L0_155L0 = 1;
  _ret_0_4L2_4L2_152L2_152L2 = 0;
  q_4L1_4L1_152L1_152L1 = 0;
  int dqCount_5L3_21L3_167L3_167L3=0;
  int _ret_1_5L4_21L4_167L4_167L4=0;
  int tid_112L1_24L0_169L0_169L0=3;
  int id_112L2_24L1_169L1_169L1=3;
  int _out_112L3_24L2_169L2_169L2=0;
  bit _has_out__114L0_25L0_170L0_170L0=0;
  int it_114L1_25L1_170L1_170L1=0;
  int __s_tmp_new_Item_16_25L2_170L2_170L2=0;
  atomic
  {
    __s_tmp_new_Item_16_25L2_170L2_170L2 = 0;
    __s_Item_nextInstance_22_66L4_66L4 = 1;
  }
  it_114L1_25L1_170L1_170L1 = 0;
  int __s_pac91_172L0_172L0=0;
  __s_Item_tid_23_66L5_66L5[0] = 3;
  int __s_pac92_173L0_173L0=0;
  __s_Item_id_24_66L6_66L6[0] = 3;
  _out_112L3_24L2_169L2_169L2 = 0;
  _has_out__114L0_25L0_170L0_170L0 = 1;
  _ret_1_5L4_21L4_167L4_167L4 = 0;
  int q_117L3_32L0_176L0_176L0=0;
  int obj_117L4_32L1_176L1_176L1=0;
  bit _has_out__119L0_33L0_177L0_177L0=0;
  int n_119L1_33L1_177L1_177L1=0;
  int _ret_0_119L2_33L2_177L2_177L2=null;
  int _ret_1_119L3_33L3_177L3_177L3=0;
  int obj_640L6_36L0_179L0_179L0=0;
  int next_640L6_36L1_179L1_179L1=_ret_0_119L2_33L2_177L2_177L2;
  bit taken_640L7_36L2_179L2_179L2=0;
  int _out_640L8_36L3_179L3_179L3=0;
  bit _has_out__642L0_37L0_180L0_180L0=0;
  int n_642L1_37L1_180L1_180L1=0;
  int __s_tmp_new_Node_17_37L2_180L2_180L2=0;
  atomic
  {
    __s_tmp_new_Node_17_37L2_180L2_180L2 = 1;
    __s_Node_nextInstance_18_3L0_3L0 = 2;
  }
  n_642L1_37L1_180L1_180L1 = 1;
  int __s_pac93_182L0_182L0=1;
  __s_Node_obj_19_3L1_3L1[1] = 0;
  int __s_pac94_183L0_183L0=1;
  __s_Node_next_20_3L2_3L2[1] = _ret_0_119L2_33L2_177L2_177L2;
  int __s_pac95_184L0_184L0=1;
  __s_Node_taken_21_3L3_3L3[1] = 0;
  _out_640L8_36L3_179L3_179L3 = 1;
  _has_out__642L0_37L0_180L0_180L0 = 1;
  _ret_1_119L3_33L3_177L3_177L3 = 1;
  n_119L1_33L1_177L1_177L1 = 1;
  int oldTail_120L4_42L4_185L4_185L4=0;
  atomic
  {
    oldTail_120L4_42L4_185L4_185L4 = 0;
    __s_Queue_tail_26_108L9_108L9[0] = 1;
  }
  int __s_pac99_193L0_191L0=0;
  __s_Node_next_20_3L2_3L2[0] = 1;
  int x_7L5_50L5_193L5_191L5=0;
  int _ret_2_7L6_50L6_193L6_191L6=0;
  int q_128L5_53L0_195L0_193L0=0;
  int _out_128L5_53L1_195L1_193L1=0;
  bit _has_out__130L0_54L0_196L0_194L0=0;
  int tmp_130L1_54L1_196L1_194L1=null;
  bit wasTaken_130L2_54L2_196L2_194L2=1;
  bit done_130L3_54L3_196L3_194L3=0;
  int ret_130L4_54L4_196L4_194L4=null;
  for(int i_132L0_56L0_198L0_196L0=0;(i_132L0_56L0_198L0_196L0)<(5);i_132L0_56L0_198L0_196L0 = (i_132L0_56L0_198L0_196L0)+(1))
  {
    if(!(done_130L3_54L3_196L3_194L3))
    {
      bit[4] __sa11_437L0_363L0_545L0_311L0={0,0,0,0};
      __sa11_437L0_363L0_545L0_311L0[0] = 0;
      __sa11_437L0_363L0_545L0_311L0[1] = 0;
      __sa11_437L0_363L0_545L0_311L0[2] = 0;
      __sa11_437L0_363L0_545L0_311L0[3] = 0;
      if(!(done_130L3_54L3_196L3_194L3))
      {
        int __s_tmp_cond_elim_2_444L0_371L0_559L0_324L0=0;
        int __s_pac104_560L1_325L1=__s_Queue_prevHead_27_108L8_108L8[0];
        __s_tmp_cond_elim_2_444L0_371L0_559L0_324L0 = __s_Node_next_20_3L2_3L2[__s_pac104_560L1_325L1];
        tmp_130L1_54L1_196L1_194L1 = __s_tmp_cond_elim_2_444L0_371L0_559L0_324L0;
      }
      __sa11_437L0_363L0_545L0_311L0[0] = 1;
      bit __s_atomize_sc6_485L0_412L0_604L0_330L0=!(done_130L3_54L3_196L3_194L3);
      if(__s_atomize_sc6_485L0_412L0_604L0_330L0)
      {
        __s_atomize_sc6_485L0_412L0_604L0_330L0 = (null)==(tmp_130L1_54L1_196L1_194L1);
      }
      if(__s_atomize_sc6_485L0_412L0_604L0_330L0)
      {
        done_130L3_54L3_196L3_194L3 = 1;
        ret_130L4_54L4_196L4_194L4 = null;
      }
      __sa11_437L0_363L0_545L0_311L0[1] = 1;
      if(!(done_130L3_54L3_196L3_194L3))
      {
        int __s_tmp_cond_elim_5_533L0_460L0_656L0_343L0=0;
        int __s_pac167_658L1_344L1=__s_Queue_prevHead_27_108L8_108L8[0];
        __s_tmp_cond_elim_5_533L0_460L0_656L0_343L0 = __s_Node_next_20_3L2_3L2[__s_pac167_658L1_344L1];
        __s_Queue_prevHead_27_108L8_108L8[0] = __s_tmp_cond_elim_5_533L0_460L0_656L0_343L0;
      }
      __sa11_437L0_363L0_545L0_311L0[2] = 1;
      bit __s_atomize_sc7_574L0_501L0_700L0_350L0=!(done_130L3_54L3_196L3_194L3);
      if(__s_atomize_sc7_574L0_501L0_700L0_350L0)
      {
        __s_atomize_sc7_574L0_501L0_700L0_350L0 = (0)==(__s_Node_taken_21_3L3_3L3[tmp_130L1_54L1_196L1_194L1]);
      }
      if(__s_atomize_sc7_574L0_501L0_700L0_350L0)
      {
        atomic
        {
          wasTaken_130L2_54L2_196L2_194L2 = __s_Node_taken_21_3L3_3L3[tmp_130L1_54L1_196L1_194L1];
          __s_Node_taken_21_3L3_3L3[tmp_130L1_54L1_196L1_194L1] = 1;
        }
        if((0)==(wasTaken_130L2_54L2_196L2_194L2))
        {
          done_130L3_54L3_196L3_194L3 = 1;
          ret_130L4_54L4_196L4_194L4 = __s_Node_obj_19_3L1_3L1[tmp_130L1_54L1_196L1_194L1];
        }
      }
      __sa11_437L0_363L0_545L0_311L0[3] = 1;
    }
  }
  _out_128L5_53L1_195L1_193L1 = ret_130L4_54L4_196L4_194L4;
  _has_out__130L0_54L0_196L0_194L0 = 1;
  _ret_2_7L6_50L6_193L6_191L6 = ret_130L4_54L4_196L4_194L4;
  x_7L5_50L5_193L5_191L5 = ret_130L4_54L4_196L4_194L4;
  bit __s_atomize_sc8_9L0_512L0_714L0_364L0=(ret_130L4_54L4_196L4_194L4)!=(null);
  if(__s_atomize_sc8_9L0_512L0_714L0_364L0)
  {
    __s_atomize_sc8_9L0_512L0_714L0_364L0 = (__s_Item_tid_23_66L5_66L5[ret_130L4_54L4_196L4_194L4])==(3);
  }
  bit __s_atomize_sc9_10L1_513L1_715L1_365L1=__s_atomize_sc8_9L0_512L0_714L0_364L0;
  if(__s_atomize_sc8_9L0_512L0_714L0_364L0)
  {
    __s_atomize_sc9_10L1_513L1_715L1_365L1 = (__s_Item_id_24_66L6_66L6[ret_130L4_54L4_196L4_194L4])==(3);
  }
  fork(int i_14L0_517L0_719L0_369L0; 2)
  {
    if(((i_14L0_517L0_719L0_369L0)%(2))==(0))
    {
      for(int j_20L0_523L0_725L0_376L0=0;(j_20L0_523L0_725L0_376L0)<(2);j_20L0_523L0_725L0_376L0 = (j_20L0_523L0_725L0_376L0)+(1))
      {
        int _ret_3_33L0_590L0_786L0_433L0=(j_20L0_523L0_725L0_376L0)+(1);
        int __s_tmp_new_Item_16_594L2_789L2_436L2=0;
        atomic
        {
          __s_tmp_new_Item_16_594L2_789L2_436L2 = __s_Item_nextInstance_22_66L4_66L4;
          __s_Item_nextInstance_22_66L4_66L4 = (__s_Item_nextInstance_22_66L4_66L4)+(1);
        }
        __s_Item_tid_23_66L5_66L5[__s_tmp_new_Item_16_594L2_789L2_436L2] = i_14L0_517L0_719L0_369L0;
        __s_Item_id_24_66L6_66L6[__s_tmp_new_Item_16_594L2_789L2_436L2] = _ret_3_33L0_590L0_786L0_433L0;
        int _ret_0_119L2_602L2_796L2_443L2=null;
        int __s_tmp_new_Node_17_606L2_799L2_446L2=0;
        atomic
        {
          __s_tmp_new_Node_17_606L2_799L2_446L2 = __s_Node_nextInstance_18_3L0_3L0;
          __s_Node_nextInstance_18_3L0_3L0 = (__s_Node_nextInstance_18_3L0_3L0)+(1);
        }
        __s_Node_obj_19_3L1_3L1[__s_tmp_new_Node_17_606L2_799L2_446L2] = __s_tmp_new_Item_16_594L2_789L2_436L2;
        __s_Node_next_20_3L2_3L2[__s_tmp_new_Node_17_606L2_799L2_446L2] = _ret_0_119L2_602L2_796L2_443L2;
        __s_Node_taken_21_3L3_3L3[__s_tmp_new_Node_17_606L2_799L2_446L2] = 0;
        int oldTail_120L4_611L4_804L4_451L4=0;
        atomic
        {
          int __s_tmp_cond_elim_0_122L0_613L0_806L0_453L0=__s_Queue_tail_26_108L9_108L9[0];
          oldTail_120L4_611L4_804L4_451L4 = __s_tmp_cond_elim_0_122L0_613L0_806L0_453L0;
          __s_Queue_tail_26_108L9_108L9[0] = __s_tmp_new_Node_17_606L2_799L2_446L2;
        }
        __s_Node_next_20_3L2_3L2[oldTail_120L4_611L4_804L4_451L4] = __s_tmp_new_Node_17_606L2_799L2_446L2;
      }
    }
    else
    {
      int[2] lastId_37L0_621L0_814L0_459L0={0,0};
      lastId_37L0_621L0_814L0_459L0[0] = 0;
      lastId_37L0_621L0_814L0_459L0[1] = 0;
      for(int j_39L0_623L0_819L0_464L0=0;(j_39L0_623L0_819L0_464L0)<(2);j_39L0_623L0_819L0_464L0 = (j_39L0_623L0_819L0_464L0)+(1))
      {
        int tmp_130L1_1568L1_1881L1_830L1=null;
        bit wasTaken_130L2_1568L2_1881L2_830L2=0;
        bit done_130L3_1568L3_1881L3_830L3=0;
        int ret_130L4_1568L4_1881L4_830L4=null;
        for(int i_132L0_1570L0_1883L0_832L0=0;(i_132L0_1570L0_1883L0_832L0)<(5);i_132L0_1570L0_1883L0_832L0 = (i_132L0_1570L0_1883L0_832L0)+(1))
        {
          if(!(done_130L3_1568L3_1881L3_830L3))
          {
            bit[4] __sa11_437L0_1877L0_2230L0_947L0={0,0,0,0};
            __sa11_437L0_1877L0_2230L0_947L0[0] = 0;
            __sa11_437L0_1877L0_2230L0_947L0[1] = 0;
            __sa11_437L0_1877L0_2230L0_947L0[2] = 0;
            __sa11_437L0_1877L0_2230L0_947L0[3] = 0;
            if(!(done_130L3_1568L3_1881L3_830L3))
            {
              int __s_tmp_cond_elim_2_444L0_1885L0_2244L0_960L0=0;
              int __s_pac224_2245L1_961L1=__s_Queue_prevHead_27_108L8_108L8[0];
              __s_tmp_cond_elim_2_444L0_1885L0_2244L0_960L0 = __s_Node_next_20_3L2_3L2[__s_pac224_2245L1_961L1];
              tmp_130L1_1568L1_1881L1_830L1 = __s_tmp_cond_elim_2_444L0_1885L0_2244L0_960L0;
            }
            __sa11_437L0_1877L0_2230L0_947L0[0] = 1;
            bit __s_atomize_sc6_485L0_1926L0_2289L0_966L0=!(done_130L3_1568L3_1881L3_830L3);
            if(__s_atomize_sc6_485L0_1926L0_2289L0_966L0)
            {
              __s_atomize_sc6_485L0_1926L0_2289L0_966L0 = (null)==(tmp_130L1_1568L1_1881L1_830L1);
            }
            if(__s_atomize_sc6_485L0_1926L0_2289L0_966L0)
            {
              done_130L3_1568L3_1881L3_830L3 = 1;
              ret_130L4_1568L4_1881L4_830L4 = null;
            }
            __sa11_437L0_1877L0_2230L0_947L0[1] = 1;
            if(!(done_130L3_1568L3_1881L3_830L3))
            {
              int __s_tmp_cond_elim_5_533L0_1974L0_2341L0_979L0=0;
              int __s_pac287_2343L1_980L1=__s_Queue_prevHead_27_108L8_108L8[0];
              __s_tmp_cond_elim_5_533L0_1974L0_2341L0_979L0 = __s_Node_next_20_3L2_3L2[__s_pac287_2343L1_980L1];
              __s_Queue_prevHead_27_108L8_108L8[0] = __s_tmp_cond_elim_5_533L0_1974L0_2341L0_979L0;
            }
            __sa11_437L0_1877L0_2230L0_947L0[2] = 1;
            bit __s_atomize_sc7_574L0_2015L0_2385L0_986L0=!(done_130L3_1568L3_1881L3_830L3);
            if(__s_atomize_sc7_574L0_2015L0_2385L0_986L0)
            {
              __s_atomize_sc7_574L0_2015L0_2385L0_986L0 = (0)==(__s_Node_taken_21_3L3_3L3[tmp_130L1_1568L1_1881L1_830L1]);
            }
            if(__s_atomize_sc7_574L0_2015L0_2385L0_986L0)
            {
              atomic
              {
                wasTaken_130L2_1568L2_1881L2_830L2 = __s_Node_taken_21_3L3_3L3[tmp_130L1_1568L1_1881L1_830L1];
                __s_Node_taken_21_3L3_3L3[tmp_130L1_1568L1_1881L1_830L1] = 1;
              }
              if((0)==(wasTaken_130L2_1568L2_1881L2_830L2))
              {
                done_130L3_1568L3_1881L3_830L3 = 1;
                ret_130L4_1568L4_1881L4_830L4 = __s_Node_obj_19_3L1_3L1[tmp_130L1_1568L1_1881L1_830L1];
              }
            }
            __sa11_437L0_1877L0_2230L0_947L0[3] = 1;
          }
        }
        if((ret_130L4_1568L4_1881L4_830L4)!=(null))
        {
          int __s_pac331_2401L1_1002L1=__s_Item_tid_23_66L5_66L5[ret_130L4_1568L4_1881L4_830L4];
          lastId_37L0_621L0_814L0_459L0[__s_pac331_2401L1_1002L1] = __s_Item_id_24_66L6_66L6[ret_130L4_1568L4_1881L4_830L4];
          atomic
          {
            dqCount_5L3_21L3_167L3_167L3 = (dqCount_5L3_21L3_167L3_167L3)+(1);
          }
        }
      }
    }
  }
  int[2] lastId_68L8_2089L8_2461L8_1062L8={0,0};
  lastId_68L8_2089L8_2461L8_1062L8[0] = 0;
  lastId_68L8_2089L8_2461L8_1062L8[1] = 0;
  bit done_68L9_2089L9_2464L9_1065L9=0;
  for(int i_70L0_2091L0_2466L0_1067L0=0;(i_70L0_2091L0_2466L0_1067L0)<(5);i_70L0_2091L0_2466L0_1067L0 = (i_70L0_2091L0_2466L0_1067L0)+(1))
  {
    if(!(done_68L9_2089L9_2464L9_1065L9))
    {
      int tmp_130L1_3039L1_3531L1_1436L1=null;
      bit wasTaken_130L2_3039L2_3531L2_1436L2=0;
      bit done_130L3_3039L3_3531L3_1436L3=0;
      int ret_130L4_3039L4_3531L4_1436L4=null;
      for(int i_132L0_3041L0_3533L0_1438L0=0;(i_132L0_3041L0_3533L0_1438L0)<(5);i_132L0_3041L0_3533L0_1438L0 = (i_132L0_3041L0_3533L0_1438L0)+(1))
      {
        if(!(done_130L3_3039L3_3531L3_1436L3))
        {
          bit[4] __sa11_437L0_3348L0_3880L0_1553L0={0,0,0,0};
          __sa11_437L0_3348L0_3880L0_1553L0[0] = 0;
          __sa11_437L0_3348L0_3880L0_1553L0[1] = 0;
          __sa11_437L0_3348L0_3880L0_1553L0[2] = 0;
          __sa11_437L0_3348L0_3880L0_1553L0[3] = 0;
          if(!(done_130L3_3039L3_3531L3_1436L3))
          {
            int __s_tmp_cond_elim_2_444L0_3356L0_3894L0_1566L0=0;
            int __s_pac354_3895L1_1567L1=__s_Queue_prevHead_27_108L8_108L8[0];
            __s_tmp_cond_elim_2_444L0_3356L0_3894L0_1566L0 = __s_Node_next_20_3L2_3L2[__s_pac354_3895L1_1567L1];
            tmp_130L1_3039L1_3531L1_1436L1 = __s_tmp_cond_elim_2_444L0_3356L0_3894L0_1566L0;
          }
          __sa11_437L0_3348L0_3880L0_1553L0[0] = 1;
          bit __s_atomize_sc6_485L0_3397L0_3939L0_1572L0=!(done_130L3_3039L3_3531L3_1436L3);
          if(__s_atomize_sc6_485L0_3397L0_3939L0_1572L0)
          {
            __s_atomize_sc6_485L0_3397L0_3939L0_1572L0 = (null)==(tmp_130L1_3039L1_3531L1_1436L1);
          }
          if(__s_atomize_sc6_485L0_3397L0_3939L0_1572L0)
          {
            done_130L3_3039L3_3531L3_1436L3 = 1;
            ret_130L4_3039L4_3531L4_1436L4 = null;
          }
          __sa11_437L0_3348L0_3880L0_1553L0[1] = 1;
          if(!(done_130L3_3039L3_3531L3_1436L3))
          {
            int __s_tmp_cond_elim_5_533L0_3445L0_3991L0_1585L0=0;
            int __s_pac417_3993L1_1586L1=__s_Queue_prevHead_27_108L8_108L8[0];
            __s_tmp_cond_elim_5_533L0_3445L0_3991L0_1585L0 = __s_Node_next_20_3L2_3L2[__s_pac417_3993L1_1586L1];
            __s_Queue_prevHead_27_108L8_108L8[0] = __s_tmp_cond_elim_5_533L0_3445L0_3991L0_1585L0;
          }
          __sa11_437L0_3348L0_3880L0_1553L0[2] = 1;
          bit __s_atomize_sc7_574L0_3486L0_4035L0_1592L0=!(done_130L3_3039L3_3531L3_1436L3);
          if(__s_atomize_sc7_574L0_3486L0_4035L0_1592L0)
          {
            __s_atomize_sc7_574L0_3486L0_4035L0_1592L0 = (0)==(__s_Node_taken_21_3L3_3L3[tmp_130L1_3039L1_3531L1_1436L1]);
          }
          if(__s_atomize_sc7_574L0_3486L0_4035L0_1592L0)
          {
            atomic
            {
              wasTaken_130L2_3039L2_3531L2_1436L2 = __s_Node_taken_21_3L3_3L3[tmp_130L1_3039L1_3531L1_1436L1];
              __s_Node_taken_21_3L3_3L3[tmp_130L1_3039L1_3531L1_1436L1] = 1;
            }
            if((0)==(wasTaken_130L2_3039L2_3531L2_1436L2))
            {
              done_130L3_3039L3_3531L3_1436L3 = 1;
              ret_130L4_3039L4_3531L4_1436L4 = __s_Node_obj_19_3L1_3L1[tmp_130L1_3039L1_3531L1_1436L1];
            }
          }
          __sa11_437L0_3348L0_3880L0_1553L0[3] = 1;
        }
      }
      if((ret_130L4_3039L4_3531L4_1436L4)==(null))
      {
        done_68L9_2089L9_2464L9_1065L9 = 1;
      }
      else
      {
        int __s_pac461_4053L1_1610L1=__s_Item_tid_23_66L5_66L5[ret_130L4_3039L4_3531L4_1436L4];
        lastId_68L8_2089L8_2461L8_1062L8[__s_pac461_4053L1_1610L1] = __s_Item_id_24_66L6_66L6[ret_130L4_3039L4_3531L4_1436L4];
      }
    }
  }
  _out_1L0_1L0_1L0_1L0 = 1;
}
void T([!bit _out_103L1_3504L1_4056L1_1613L1])
{
  int[10] __s_Node_obj_29_4058L1_1615L1={0,0,0,0,0,0,0,0,0,0}; int[10] __s_Node_next_30_4058L2_1615L2={0,0,0,0,0,0,0,0,0,0}; bit[10] __s_Node_taken_31_4058L3_1615L3={0,0,0,0,0,0,0,0,0,0};
  int __s_tmp_cond_elim_64_4060L0_1617L0=null;
  __s_Node_obj_29_4058L1_1615L1[0] = __s_tmp_cond_elim_64_4060L0_1617L0;
  int __s_tmp_cond_elim_64_4062L0_1619L0=null;
  __s_Node_obj_29_4058L1_1615L1[1] = __s_tmp_cond_elim_64_4062L0_1619L0;
  int __s_tmp_cond_elim_64_4064L0_1621L0=null;
  __s_Node_obj_29_4058L1_1615L1[2] = __s_tmp_cond_elim_64_4064L0_1621L0;
  int __s_tmp_cond_elim_64_4066L0_1623L0=null;
  __s_Node_obj_29_4058L1_1615L1[3] = __s_tmp_cond_elim_64_4066L0_1623L0;
  int __s_tmp_cond_elim_64_4068L0_1625L0=null;
  __s_Node_obj_29_4058L1_1615L1[4] = __s_tmp_cond_elim_64_4068L0_1625L0;
  int __s_tmp_cond_elim_64_4070L0_1627L0=null;
  __s_Node_obj_29_4058L1_1615L1[5] = __s_tmp_cond_elim_64_4070L0_1627L0;
  int __s_tmp_cond_elim_64_4072L0_1629L0=null;
  __s_Node_obj_29_4058L1_1615L1[6] = __s_tmp_cond_elim_64_4072L0_1629L0;
  int __s_tmp_cond_elim_64_4074L0_1631L0=null;
  __s_Node_obj_29_4058L1_1615L1[7] = __s_tmp_cond_elim_64_4074L0_1631L0;
  int __s_tmp_cond_elim_64_4076L0_1633L0=null;
  __s_Node_obj_29_4058L1_1615L1[8] = __s_tmp_cond_elim_64_4076L0_1633L0;
  int __s_tmp_cond_elim_64_4078L0_1635L0=null;
  __s_Node_obj_29_4058L1_1615L1[9] = __s_tmp_cond_elim_64_4078L0_1635L0;
  int __s_tmp_cond_elim_65_4081L0_1638L0=null;
  __s_Node_next_30_4058L2_1615L2[0] = __s_tmp_cond_elim_65_4081L0_1638L0;
  int __s_tmp_cond_elim_65_4083L0_1640L0=null;
  __s_Node_next_30_4058L2_1615L2[1] = __s_tmp_cond_elim_65_4083L0_1640L0;
  int __s_tmp_cond_elim_65_4085L0_1642L0=null;
  __s_Node_next_30_4058L2_1615L2[2] = __s_tmp_cond_elim_65_4085L0_1642L0;
  int __s_tmp_cond_elim_65_4087L0_1644L0=null;
  __s_Node_next_30_4058L2_1615L2[3] = __s_tmp_cond_elim_65_4087L0_1644L0;
  int __s_tmp_cond_elim_65_4089L0_1646L0=null;
  __s_Node_next_30_4058L2_1615L2[4] = __s_tmp_cond_elim_65_4089L0_1646L0;
  int __s_tmp_cond_elim_65_4091L0_1648L0=null;
  __s_Node_next_30_4058L2_1615L2[5] = __s_tmp_cond_elim_65_4091L0_1648L0;
  int __s_tmp_cond_elim_65_4093L0_1650L0=null;
  __s_Node_next_30_4058L2_1615L2[6] = __s_tmp_cond_elim_65_4093L0_1650L0;
  int __s_tmp_cond_elim_65_4095L0_1652L0=null;
  __s_Node_next_30_4058L2_1615L2[7] = __s_tmp_cond_elim_65_4095L0_1652L0;
  int __s_tmp_cond_elim_65_4097L0_1654L0=null;
  __s_Node_next_30_4058L2_1615L2[8] = __s_tmp_cond_elim_65_4097L0_1654L0;
  int __s_tmp_cond_elim_65_4099L0_1656L0=null;
  __s_Node_next_30_4058L2_1615L2[9] = __s_tmp_cond_elim_65_4099L0_1656L0;
  __s_Node_taken_31_4058L3_1615L3[0] = 0;
  __s_Node_taken_31_4058L3_1615L3[1] = 0;
  __s_Node_taken_31_4058L3_1615L3[2] = 0;
  __s_Node_taken_31_4058L3_1615L3[3] = 0;
  __s_Node_taken_31_4058L3_1615L3[4] = 0;
  __s_Node_taken_31_4058L3_1615L3[5] = 0;
  __s_Node_taken_31_4058L3_1615L3[6] = 0;
  __s_Node_taken_31_4058L3_1615L3[7] = 0;
  __s_Node_taken_31_4058L3_1615L3[8] = 0;
  __s_Node_taken_31_4058L3_1615L3[9] = 0;
  int[10] __s_Item_tid_33_4121L5_1678L5={0,0,0,0,0,0,0,0,0,0}; int[10] __s_Item_id_34_4121L6_1678L6={0,0,0,0,0,0,0,0,0,0};
  __s_Item_tid_33_4121L5_1678L5[0] = 0;
  __s_Item_tid_33_4121L5_1678L5[1] = 0;
  __s_Item_tid_33_4121L5_1678L5[2] = 0;
  __s_Item_tid_33_4121L5_1678L5[3] = 0;
  __s_Item_tid_33_4121L5_1678L5[4] = 0;
  __s_Item_tid_33_4121L5_1678L5[5] = 0;
  __s_Item_tid_33_4121L5_1678L5[6] = 0;
  __s_Item_tid_33_4121L5_1678L5[7] = 0;
  __s_Item_tid_33_4121L5_1678L5[8] = 0;
  __s_Item_tid_33_4121L5_1678L5[9] = 0;
  __s_Item_id_34_4121L6_1678L6[0] = 0;
  __s_Item_id_34_4121L6_1678L6[1] = 0;
  __s_Item_id_34_4121L6_1678L6[2] = 0;
  __s_Item_id_34_4121L6_1678L6[3] = 0;
  __s_Item_id_34_4121L6_1678L6[4] = 0;
  __s_Item_id_34_4121L6_1678L6[5] = 0;
  __s_Item_id_34_4121L6_1678L6[6] = 0;
  __s_Item_id_34_4121L6_1678L6[7] = 0;
  __s_Item_id_34_4121L6_1678L6[8] = 0;
  __s_Item_id_34_4121L6_1678L6[9] = 0;
  int[10] __s_Queue_prevHead_37_4163L8_1720L8={0,0,0,0,0,0,0,0,0,0}; int[10] __s_Queue_tail_36_4163L9_1720L9={0,0,0,0,0,0,0,0,0,0};
  int __s_tmp_cond_elim_69_4165L0_1722L0=null;
  __s_Queue_prevHead_37_4163L8_1720L8[0] = __s_tmp_cond_elim_69_4165L0_1722L0;
  int __s_tmp_cond_elim_69_4167L0_1724L0=null;
  __s_Queue_prevHead_37_4163L8_1720L8[1] = __s_tmp_cond_elim_69_4167L0_1724L0;
  int __s_tmp_cond_elim_69_4169L0_1726L0=null;
  __s_Queue_prevHead_37_4163L8_1720L8[2] = __s_tmp_cond_elim_69_4169L0_1726L0;
  int __s_tmp_cond_elim_69_4171L0_1728L0=null;
  __s_Queue_prevHead_37_4163L8_1720L8[3] = __s_tmp_cond_elim_69_4171L0_1728L0;
  int __s_tmp_cond_elim_69_4173L0_1730L0=null;
  __s_Queue_prevHead_37_4163L8_1720L8[4] = __s_tmp_cond_elim_69_4173L0_1730L0;
  int __s_tmp_cond_elim_69_4175L0_1732L0=null;
  __s_Queue_prevHead_37_4163L8_1720L8[5] = __s_tmp_cond_elim_69_4175L0_1732L0;
  int __s_tmp_cond_elim_69_4177L0_1734L0=null;
  __s_Queue_prevHead_37_4163L8_1720L8[6] = __s_tmp_cond_elim_69_4177L0_1734L0;
  int __s_tmp_cond_elim_69_4179L0_1736L0=null;
  __s_Queue_prevHead_37_4163L8_1720L8[7] = __s_tmp_cond_elim_69_4179L0_1736L0;
  int __s_tmp_cond_elim_69_4181L0_1738L0=null;
  __s_Queue_prevHead_37_4163L8_1720L8[8] = __s_tmp_cond_elim_69_4181L0_1738L0;
  int __s_tmp_cond_elim_69_4183L0_1740L0=null;
  __s_Queue_prevHead_37_4163L8_1720L8[9] = __s_tmp_cond_elim_69_4183L0_1740L0;
  int __s_tmp_cond_elim_70_4186L0_1743L0=null;
  __s_Queue_tail_36_4163L9_1720L9[0] = __s_tmp_cond_elim_70_4186L0_1743L0;
  int __s_tmp_cond_elim_70_4188L0_1745L0=null;
  __s_Queue_tail_36_4163L9_1720L9[1] = __s_tmp_cond_elim_70_4188L0_1745L0;
  int __s_tmp_cond_elim_70_4190L0_1747L0=null;
  __s_Queue_tail_36_4163L9_1720L9[2] = __s_tmp_cond_elim_70_4190L0_1747L0;
  int __s_tmp_cond_elim_70_4192L0_1749L0=null;
  __s_Queue_tail_36_4163L9_1720L9[3] = __s_tmp_cond_elim_70_4192L0_1749L0;
  int __s_tmp_cond_elim_70_4194L0_1751L0=null;
  __s_Queue_tail_36_4163L9_1720L9[4] = __s_tmp_cond_elim_70_4194L0_1751L0;
  int __s_tmp_cond_elim_70_4196L0_1753L0=null;
  __s_Queue_tail_36_4163L9_1720L9[5] = __s_tmp_cond_elim_70_4196L0_1753L0;
  int __s_tmp_cond_elim_70_4198L0_1755L0=null;
  __s_Queue_tail_36_4163L9_1720L9[6] = __s_tmp_cond_elim_70_4198L0_1755L0;
  int __s_tmp_cond_elim_70_4200L0_1757L0=null;
  __s_Queue_tail_36_4163L9_1720L9[7] = __s_tmp_cond_elim_70_4200L0_1757L0;
  int __s_tmp_cond_elim_70_4202L0_1759L0=null;
  __s_Queue_tail_36_4163L9_1720L9[8] = __s_tmp_cond_elim_70_4202L0_1759L0;
  int __s_tmp_cond_elim_70_4204L0_1761L0=null;
  __s_Queue_tail_36_4163L9_1720L9[9] = __s_tmp_cond_elim_70_4204L0_1761L0;
  _out_103L1_3504L1_4056L1_1613L1 = 1;
}

===== Compilation statistics =====
  Solved? -----------------------------> true
  Number of iterations ----------------> 4
  Maximum memory usage (MiB) ----------> 135.50781
  Total elapsed time (s) --------------> 46.967
    % frontend ............ 15.527924
    % verification ........ 68.70356
    % synthesis ........... 15.768518
  Total solution time (s) -------------> 2.941
    % verification ........ 10.710643
    % synthesis ........... 89.28936

  Synthesizer statistics:  
    [solver stats]
    Number of calls -------------------> 4
    Total elapsed time (s) ------------> 7.406
    Total model building time (s) -----> 4.757
    Total solution time (s) -----------> 2.626
    Maximum memory usage (MiB) --------> 54.695312
    Average elapsed time (s) ----------> 1.851
    Average model building time (s) ---> 1.189
    Average solution time (s) ---------> 0.656
    Average memory usage (MiB) --------> 30.09375

  Verifier statistics:     
    [solver stats]
    Number of calls -------------------> 5
    Total elapsed time (s) ------------> 32.268
    Total model building time (s) -----> 31.953
    Total solution time (s) -----------> 0.315
    Maximum memory usage (MiB) --------> 6.6879997
    Average elapsed time (s) ----------> 6.453
    Average model building time (s) ---> 6.39
    Average solution time (s) ---------> 0.063
    Average memory usage (MiB) --------> 5.437599

  Frontend statistics:     
    Total elapsed time (s) ------------> 7.293
    Max memory usage (MiB) ------------> 80.8125

[PSKETCH] DONE!
