Iteration 0
[SPINVERIF][2] Stats for last run:
      [solution stats]
      successful? ---------------------> false
      elapsed time (s) ----------------> 36.895
      model building time (s) ---------> 36.876
      solution time (s) ---------------> 0.019
      max memory usage (MiB) ----------> 8.25
      [SPIN-specific stats]
      codegen time (s) ----------------> 13.354
      codegen memory (MiB) ------------> 0.0
      compiler time (s) ---------------> 23.522
      compiler memory (MiB) -----------> 0.0
      total SPIN time (s) -------------> 0.019
      total SPIN mem (MiB) ------------> 8.25
      actual state mem (MiB) ----------> 0.0
      equiv state mem (MiB) -----------> 0.0
      state compression (%) -----------> 0.0
      # states explored ---------------> 334
      state exploration rate (states/s)> 0

[SATBackend] Stats for last run:
      [solution stats]
      successful? ---------------------> true
      elapsed time (s) ----------------> 2.061
      model building time (s) ---------> 1.257
      solution time (s) ---------------> 0.664
      max memory usage (MiB) ----------> 29.136719
      [SAT-specific solution stats]
      initial number of nodes ---------> 56842
      number of nodes after opts ------> 8021
      number of controls --------------> 48
      total number of control bits ----> 64

Iteration 1
[SPINVERIF][2] Stats for last run:
      [solution stats]
      successful? ---------------------> true
      elapsed time (s) ----------------> 116.971
      model building time (s) ---------> 36.971
      solution time (s) ---------------> 80.0
      max memory usage (MiB) ----------> 136.375
      [SPIN-specific stats]
      codegen time (s) ----------------> 13.382
      codegen memory (MiB) ------------> 0.0
      compiler time (s) ---------------> 23.589
      compiler memory (MiB) -----------> 0.0
      total SPIN time (s) -------------> 80.0
      total SPIN mem (MiB) ------------> 136.375
      actual state mem (MiB) ----------> 5.6139994
      equiv state mem (MiB) -----------> 5734.836
      state compression (%) -----------> 0.09789294
      # states explored ---------------> 990351
      state exploration rate (states/s)> 0

void main([!bit _out_1L0_1L0_1L0_1L0]) implements T
{
  int[10] _lock_3L0_3L0=0;
  int __s_Node_nextInstance_11_4L0_4L0=0; int[10] __s_Node_key_12_4L1_4L1={0,0,0,0,0,0,0,0,0,0}; int[10] __s_Node_next_13_4L2_4L2={0,0,0,0,0,0,0,0,0,0};
  bit __s_tmp_cond_elim_53_6L0_6L0=0;
  int __s_pac61_7L0_7L0=0;
  __s_tmp_cond_elim_53_6L0_6L0 = 0;
  int __s_pac62_7L1_7L1=0;
  __s_Node_key_12_4L1_4L1[0] = 0;
  bit __s_tmp_cond_elim_53_8L0_8L0=0;
  int __s_pac61_9L0_9L0=1;
  __s_tmp_cond_elim_53_8L0_8L0 = 0;
  int __s_pac62_9L1_9L1=1;
  __s_Node_key_12_4L1_4L1[1] = 0;
  bit __s_tmp_cond_elim_53_10L0_10L0=0;
  int __s_pac61_11L0_11L0=2;
  __s_tmp_cond_elim_53_10L0_10L0 = 0;
  int __s_pac62_11L1_11L1=2;
  __s_Node_key_12_4L1_4L1[2] = 0;
  bit __s_tmp_cond_elim_53_12L0_12L0=0;
  int __s_pac61_13L0_13L0=3;
  __s_tmp_cond_elim_53_12L0_12L0 = 0;
  int __s_pac62_13L1_13L1=3;
  __s_Node_key_12_4L1_4L1[3] = 0;
  bit __s_tmp_cond_elim_53_14L0_14L0=0;
  int __s_pac61_15L0_15L0=4;
  __s_tmp_cond_elim_53_14L0_14L0 = 0;
  int __s_pac62_15L1_15L1=4;
  __s_Node_key_12_4L1_4L1[4] = 0;
  bit __s_tmp_cond_elim_53_16L0_16L0=0;
  int __s_pac61_17L0_17L0=5;
  __s_tmp_cond_elim_53_16L0_16L0 = 0;
  int __s_pac62_17L1_17L1=5;
  __s_Node_key_12_4L1_4L1[5] = 0;
  bit __s_tmp_cond_elim_53_18L0_18L0=0;
  int __s_pac61_19L0_19L0=6;
  __s_tmp_cond_elim_53_18L0_18L0 = 0;
  int __s_pac62_19L1_19L1=6;
  __s_Node_key_12_4L1_4L1[6] = 0;
  bit __s_tmp_cond_elim_53_20L0_20L0=0;
  int __s_pac61_21L0_21L0=7;
  __s_tmp_cond_elim_53_20L0_20L0 = 0;
  int __s_pac62_21L1_21L1=7;
  __s_Node_key_12_4L1_4L1[7] = 0;
  bit __s_tmp_cond_elim_53_22L0_22L0=0;
  int __s_pac61_23L0_23L0=8;
  __s_tmp_cond_elim_53_22L0_22L0 = 0;
  int __s_pac62_23L1_23L1=8;
  __s_Node_key_12_4L1_4L1[8] = 0;
  bit __s_tmp_cond_elim_53_24L0_24L0=0;
  int __s_pac61_25L0_25L0=9;
  __s_tmp_cond_elim_53_24L0_24L0 = 0;
  int __s_pac62_25L1_25L1=9;
  __s_Node_key_12_4L1_4L1[9] = 0;
  int __s_tmp_cond_elim_54_27L0_27L0=0;
  int __s_pac63_28L0_28L0=0;
  __s_tmp_cond_elim_54_27L0_27L0 = null;
  int __s_pac64_28L1_28L1=0;
  __s_Node_next_13_4L2_4L2[0] = __s_tmp_cond_elim_54_27L0_27L0;
  int __s_tmp_cond_elim_54_29L0_29L0=0;
  int __s_pac63_30L0_30L0=1;
  __s_tmp_cond_elim_54_29L0_29L0 = null;
  int __s_pac64_30L1_30L1=1;
  __s_Node_next_13_4L2_4L2[1] = __s_tmp_cond_elim_54_29L0_29L0;
  int __s_tmp_cond_elim_54_31L0_31L0=0;
  int __s_pac63_32L0_32L0=2;
  __s_tmp_cond_elim_54_31L0_31L0 = null;
  int __s_pac64_32L1_32L1=2;
  __s_Node_next_13_4L2_4L2[2] = __s_tmp_cond_elim_54_31L0_31L0;
  int __s_tmp_cond_elim_54_33L0_33L0=0;
  int __s_pac63_34L0_34L0=3;
  __s_tmp_cond_elim_54_33L0_33L0 = null;
  int __s_pac64_34L1_34L1=3;
  __s_Node_next_13_4L2_4L2[3] = __s_tmp_cond_elim_54_33L0_33L0;
  int __s_tmp_cond_elim_54_35L0_35L0=0;
  int __s_pac63_36L0_36L0=4;
  __s_tmp_cond_elim_54_35L0_35L0 = null;
  int __s_pac64_36L1_36L1=4;
  __s_Node_next_13_4L2_4L2[4] = __s_tmp_cond_elim_54_35L0_35L0;
  int __s_tmp_cond_elim_54_37L0_37L0=0;
  int __s_pac63_38L0_38L0=5;
  __s_tmp_cond_elim_54_37L0_37L0 = null;
  int __s_pac64_38L1_38L1=5;
  __s_Node_next_13_4L2_4L2[5] = __s_tmp_cond_elim_54_37L0_37L0;
  int __s_tmp_cond_elim_54_39L0_39L0=0;
  int __s_pac63_40L0_40L0=6;
  __s_tmp_cond_elim_54_39L0_39L0 = null;
  int __s_pac64_40L1_40L1=6;
  __s_Node_next_13_4L2_4L2[6] = __s_tmp_cond_elim_54_39L0_39L0;
  int __s_tmp_cond_elim_54_41L0_41L0=0;
  int __s_pac63_42L0_42L0=7;
  __s_tmp_cond_elim_54_41L0_41L0 = null;
  int __s_pac64_42L1_42L1=7;
  __s_Node_next_13_4L2_4L2[7] = __s_tmp_cond_elim_54_41L0_41L0;
  int __s_tmp_cond_elim_54_43L0_43L0=0;
  int __s_pac63_44L0_44L0=8;
  __s_tmp_cond_elim_54_43L0_43L0 = null;
  int __s_pac64_44L1_44L1=8;
  __s_Node_next_13_4L2_4L2[8] = __s_tmp_cond_elim_54_43L0_43L0;
  int __s_tmp_cond_elim_54_45L0_45L0=0;
  int __s_pac63_46L0_46L0=9;
  __s_tmp_cond_elim_54_45L0_45L0 = null;
  int __s_pac64_46L1_46L1=9;
  __s_Node_next_13_4L2_4L2[9] = __s_tmp_cond_elim_54_45L0_45L0;
  int __s_Set_nextInstance_14_46L3_46L3=0; int[10] __s_Set_tail_16_46L4_46L4={0,0,0,0,0,0,0,0,0,0}; int[10] __s_Set_head_15_46L5_46L5={0,0,0,0,0,0,0,0,0,0};
  int __s_tmp_cond_elim_55_48L0_48L0=0;
  int __s_pac65_49L0_49L0=0;
  __s_tmp_cond_elim_55_48L0_48L0 = null;
  int __s_pac66_49L1_49L1=0;
  __s_Set_tail_16_46L4_46L4[0] = __s_tmp_cond_elim_55_48L0_48L0;
  int __s_tmp_cond_elim_55_50L0_50L0=0;
  int __s_pac65_51L0_51L0=1;
  __s_tmp_cond_elim_55_50L0_50L0 = null;
  int __s_pac66_51L1_51L1=1;
  __s_Set_tail_16_46L4_46L4[1] = __s_tmp_cond_elim_55_50L0_50L0;
  int __s_tmp_cond_elim_55_52L0_52L0=0;
  int __s_pac65_53L0_53L0=2;
  __s_tmp_cond_elim_55_52L0_52L0 = null;
  int __s_pac66_53L1_53L1=2;
  __s_Set_tail_16_46L4_46L4[2] = __s_tmp_cond_elim_55_52L0_52L0;
  int __s_tmp_cond_elim_55_54L0_54L0=0;
  int __s_pac65_55L0_55L0=3;
  __s_tmp_cond_elim_55_54L0_54L0 = null;
  int __s_pac66_55L1_55L1=3;
  __s_Set_tail_16_46L4_46L4[3] = __s_tmp_cond_elim_55_54L0_54L0;
  int __s_tmp_cond_elim_55_56L0_56L0=0;
  int __s_pac65_57L0_57L0=4;
  __s_tmp_cond_elim_55_56L0_56L0 = null;
  int __s_pac66_57L1_57L1=4;
  __s_Set_tail_16_46L4_46L4[4] = __s_tmp_cond_elim_55_56L0_56L0;
  int __s_tmp_cond_elim_55_58L0_58L0=0;
  int __s_pac65_59L0_59L0=5;
  __s_tmp_cond_elim_55_58L0_58L0 = null;
  int __s_pac66_59L1_59L1=5;
  __s_Set_tail_16_46L4_46L4[5] = __s_tmp_cond_elim_55_58L0_58L0;
  int __s_tmp_cond_elim_55_60L0_60L0=0;
  int __s_pac65_61L0_61L0=6;
  __s_tmp_cond_elim_55_60L0_60L0 = null;
  int __s_pac66_61L1_61L1=6;
  __s_Set_tail_16_46L4_46L4[6] = __s_tmp_cond_elim_55_60L0_60L0;
  int __s_tmp_cond_elim_55_62L0_62L0=0;
  int __s_pac65_63L0_63L0=7;
  __s_tmp_cond_elim_55_62L0_62L0 = null;
  int __s_pac66_63L1_63L1=7;
  __s_Set_tail_16_46L4_46L4[7] = __s_tmp_cond_elim_55_62L0_62L0;
  int __s_tmp_cond_elim_55_64L0_64L0=0;
  int __s_pac65_65L0_65L0=8;
  __s_tmp_cond_elim_55_64L0_64L0 = null;
  int __s_pac66_65L1_65L1=8;
  __s_Set_tail_16_46L4_46L4[8] = __s_tmp_cond_elim_55_64L0_64L0;
  int __s_tmp_cond_elim_55_66L0_66L0=0;
  int __s_pac65_67L0_67L0=9;
  __s_tmp_cond_elim_55_66L0_66L0 = null;
  int __s_pac66_67L1_67L1=9;
  __s_Set_tail_16_46L4_46L4[9] = __s_tmp_cond_elim_55_66L0_66L0;
  int __s_tmp_cond_elim_56_69L0_69L0=0;
  int __s_pac67_70L0_70L0=0;
  __s_tmp_cond_elim_56_69L0_69L0 = null;
  int __s_pac68_70L1_70L1=0;
  __s_Set_head_15_46L5_46L5[0] = __s_tmp_cond_elim_56_69L0_69L0;
  int __s_tmp_cond_elim_56_71L0_71L0=0;
  int __s_pac67_72L0_72L0=1;
  __s_tmp_cond_elim_56_71L0_71L0 = null;
  int __s_pac68_72L1_72L1=1;
  __s_Set_head_15_46L5_46L5[1] = __s_tmp_cond_elim_56_71L0_71L0;
  int __s_tmp_cond_elim_56_73L0_73L0=0;
  int __s_pac67_74L0_74L0=2;
  __s_tmp_cond_elim_56_73L0_73L0 = null;
  int __s_pac68_74L1_74L1=2;
  __s_Set_head_15_46L5_46L5[2] = __s_tmp_cond_elim_56_73L0_73L0;
  int __s_tmp_cond_elim_56_75L0_75L0=0;
  int __s_pac67_76L0_76L0=3;
  __s_tmp_cond_elim_56_75L0_75L0 = null;
  int __s_pac68_76L1_76L1=3;
  __s_Set_head_15_46L5_46L5[3] = __s_tmp_cond_elim_56_75L0_75L0;
  int __s_tmp_cond_elim_56_77L0_77L0=0;
  int __s_pac67_78L0_78L0=4;
  __s_tmp_cond_elim_56_77L0_77L0 = null;
  int __s_pac68_78L1_78L1=4;
  __s_Set_head_15_46L5_46L5[4] = __s_tmp_cond_elim_56_77L0_77L0;
  int __s_tmp_cond_elim_56_79L0_79L0=0;
  int __s_pac67_80L0_80L0=5;
  __s_tmp_cond_elim_56_79L0_79L0 = null;
  int __s_pac68_80L1_80L1=5;
  __s_Set_head_15_46L5_46L5[5] = __s_tmp_cond_elim_56_79L0_79L0;
  int __s_tmp_cond_elim_56_81L0_81L0=0;
  int __s_pac67_82L0_82L0=6;
  __s_tmp_cond_elim_56_81L0_81L0 = null;
  int __s_pac68_82L1_82L1=6;
  __s_Set_head_15_46L5_46L5[6] = __s_tmp_cond_elim_56_81L0_81L0;
  int __s_tmp_cond_elim_56_83L0_83L0=0;
  int __s_pac67_84L0_84L0=7;
  __s_tmp_cond_elim_56_83L0_83L0 = null;
  int __s_pac68_84L1_84L1=7;
  __s_Set_head_15_46L5_46L5[7] = __s_tmp_cond_elim_56_83L0_83L0;
  int __s_tmp_cond_elim_56_85L0_85L0=0;
  int __s_pac67_86L0_86L0=8;
  __s_tmp_cond_elim_56_85L0_85L0 = null;
  int __s_pac68_86L1_86L1=8;
  __s_Set_head_15_46L5_46L5[8] = __s_tmp_cond_elim_56_85L0_85L0;
  int __s_tmp_cond_elim_56_87L0_87L0=0;
  int __s_pac67_88L0_88L0=9;
  __s_tmp_cond_elim_56_87L0_87L0 = null;
  int __s_pac68_88L1_88L1=9;
  __s_Set_head_15_46L5_46L5[9] = __s_tmp_cond_elim_56_87L0_87L0;
  _out_1L0_1L0_1L0_1L0 = 0;
  bit _has_out__3L0_3L0_89L0_89L0=0;
  int S_3L1_3L1_89L1_89L1=0;
  int _ret_0_3L2_3L2_89L2_89L2=0;
  int negInf_6L0_5L0_91L0_91L0=-1;
  int posInf_6L1_5L1_91L1_91L1=6;
  int _out_6L2_5L2_91L2_91L2=0;
  bit _has_out__7L0_6L0_92L0_92L0=0;
  int S_7L1_6L1_92L1_92L1=0;
  int __s_tmp_new_Set_7_6L2_92L2_92L2=0;
  atomic
  {
    __s_tmp_new_Set_7_6L2_92L2_92L2 = 0;
    __s_Set_nextInstance_14_46L3_46L3 = 1;
  }
  S_7L1_6L1_92L1_92L1 = 0;
  int _ret_0_7L2_7L3_93L3_93L3=null;
  int _ret_1_7L3_7L4_93L4_93L4=0;
  int key_10L0_9L0_95L0_95L0=6;
  int next_10L1_9L1_95L1_95L1=_ret_0_7L2_7L3_93L3_93L3;
  int _out_10L2_9L2_95L2_95L2=0;
  bit _has_out__11L0_10L0_96L0_96L0=0;
  int n_11L1_10L1_96L1_96L1=0;
  int __s_tmp_new_Node_8_10L2_96L2_96L2=0;
  atomic
  {
    __s_tmp_new_Node_8_10L2_96L2_96L2 = 0;
  }
  n_11L1_10L1_96L1_96L1 = 0;
  int __s_pac69_98L0_98L0=0;
  __s_Node_key_12_4L1_4L1[0] = 6;
  int __s_pac70_99L0_99L0=0;
  __s_Node_next_13_4L2_4L2[0] = _ret_0_7L2_7L3_93L3_93L3;
  _out_10L2_9L2_95L2_95L2 = 0;
  _has_out__11L0_10L0_96L0_96L0 = 1;
  _ret_1_7L3_7L4_93L4_93L4 = 0;
  int __s_pac71_101L0_101L0=0;
  __s_Set_tail_16_46L4_46L4[0] = 0;
  int _ret_2_15L4_15L5_101L5_101L5=0;
  int __s_pac72_101L6_101L6=0;
  _ret_2_15L4_15L5_101L5_101L5 = __s_Set_tail_16_46L4_46L4[0];
  int _ret_3_15L5_15L6_101L7_101L7=0;
  int key_18L0_17L0_103L0_103L0=-1;
  int next_18L1_17L1_103L1_103L1=0;
  int _out_18L2_17L2_103L2_103L2=0;
  bit _has_out__19L0_18L0_104L0_104L0=0;
  int n_19L1_18L1_104L1_104L1=0;
  int __s_tmp_new_Node_9_18L2_104L2_104L2=0;
  atomic
  {
    __s_tmp_new_Node_9_18L2_104L2_104L2 = 1;
    __s_Node_nextInstance_11_4L0_4L0 = 2;
  }
  n_19L1_18L1_104L1_104L1 = 1;
  int __s_pac73_106L0_106L0=1;
  __s_Node_key_12_4L1_4L1[1] = -1;
  int __s_pac74_107L0_107L0=1;
  __s_Node_next_13_4L2_4L2[1] = 0;
  _out_18L2_17L2_103L2_103L2 = 1;
  _has_out__19L0_18L0_104L0_104L0 = 1;
  _ret_3_15L5_15L6_101L7_101L7 = 1;
  int __s_pac75_109L0_109L0=0;
  __s_Set_head_15_46L5_46L5[0] = 1;
  _out_6L2_5L2_91L2_91L2 = 0;
  _has_out__7L0_6L0_92L0_92L0 = 1;
  _ret_0_3L2_3L2_89L2_89L2 = 0;
  S_3L1_3L1_89L1_89L1 = 0;
  bit[4] removed_24L3_24L3_110L3_110L3={0,0,0,0};
  int __s_pac76_112L0_112L0=0;
  removed_24L3_24L3_110L3_110L3[0] = 0;
  int __s_pac76_113L0_113L0=1;
  removed_24L3_24L3_110L3_110L3[1] = 0;
  int __s_pac76_114L0_114L0=2;
  removed_24L3_24L3_110L3_110L3[2] = 0;
  int __s_pac76_115L0_115L0=3;
  removed_24L3_24L3_110L3_110L3[3] = 0;
  bit _ret_1_24L4_24L4_115L4_115L4=0;
  int S_107L1_27L0_117L0_117L0=0;
  int key_107L2_27L1_117L1_117L1=6;
  bit _out_107L3_27L2_117L2_117L2=0;
  bit _has_out__109L0_28L0_118L0_118L0=0;
  int prev_109L1_28L1_118L1_118L1=0; int cur_109L2_28L2_118L2_118L2=0;
  bit ret_109L3_28L3_118L3_118L3=0;
  int S_180L6_31L0_120L0_120L0=0;
  int key_180L6_31L1_120L1_120L1=6;
  int prev_180L6_31L2_120L2_120L2=0;
  int cur_180L7_31L3_120L3_120L3=0;
  bit _has_out__182L0_32L0_121L0_121L0=0;
  prev_180L6_31L2_120L2_120L2 = null;
  int __s_pac77_123L0_123L0=0;
  cur_180L7_31L3_120L3_120L3 = __s_Set_head_15_46L5_46L5[0];
  int _ret_0_184L1_34L1_123L1_123L1=1;
  atomic(1)
  {
    _lock_3L0_3L0[1] = -1;
  }
  for(int i_187L0_37L0_127L0_127L0=0;(i_187L0_37L0_127L0_127L0)<(6);i_187L0_37L0_127L0_127L0 = (i_187L0_37L0_127L0_127L0)+(1))
  {
    if((__s_Node_key_12_4L1_4L1[cur_180L7_31L3_120L3_120L3])<(6))
    {
      bit[4] __sa3_932L0_744L0_890L0_314L0={0,0,0,0};
      __sa3_932L0_744L0_890L0_314L0[0] = 0;
      __sa3_932L0_744L0_890L0_314L0[1] = 0;
      __sa3_932L0_744L0_890L0_314L0[2] = 0;
      __sa3_932L0_744L0_890L0_314L0[3] = 0;
      if((prev_180L6_31L2_120L2_120L2)!=(null))
      {
        int _ret_6_1017L2_825L2_979L2_337L2=((((int)prev_180L6_31L2_120L2_120L2))*(1))+(0);
        atomic
        {
          _lock_3L0_3L0[_ret_6_1017L2_825L2_979L2_337L2] = 0;
        }
      }
      __sa3_932L0_744L0_890L0_314L0[1] = 1;
      prev_180L6_31L2_120L2_120L2 = cur_180L7_31L3_120L3_120L3;
      __sa3_932L0_744L0_890L0_314L0[2] = 1;
      cur_180L7_31L3_120L3_120L3 = __s_Node_next_13_4L2_4L2[cur_180L7_31L3_120L3_120L3];
      __sa3_932L0_744L0_890L0_314L0[3] = 1;
      boolean __s_tmp_cond_elim_1_1246L0_1041L0_1208L0_379L0=(cur_180L7_31L3_120L3_120L3)==(cur_180L7_31L3_120L3_120L3);
      if(__s_tmp_cond_elim_1_1246L0_1041L0_1208L0_379L0)
      {
        int __s_tmp_cond_elim_0_1265L0_1059L0_1226L0_392L0=__s_Node_next_13_4L2_4L2[prev_180L6_31L2_120L2_120L2];
        int _ret_4_1268L2_1062L2_1229L2_394L2=((((int)__s_tmp_cond_elim_0_1265L0_1059L0_1226L0_392L0))*(1))+(0);
        atomic((_lock_3L0_3L0[_ret_4_1268L2_1062L2_1229L2_394L2])==(0))
        {
          _lock_3L0_3L0[_ret_4_1268L2_1062L2_1229L2_394L2] = -1;
        }
      }
      __sa3_932L0_744L0_890L0_314L0[0] = 1;
    }
  }
  prev_109L1_28L1_118L1_118L1 = prev_180L6_31L2_120L2_120L2;
  cur_109L2_28L2_118L2_118L2 = cur_180L7_31L3_120L3_120L3;
  int __s_pac147_1264L4_400L4=cur_180L7_31L3_120L3_120L3;
  if((6)<(__s_Node_key_12_4L1_4L1[cur_180L7_31L3_120L3_120L3]))
  {
    atomic
    {
      __s_Node_nextInstance_11_4L0_4L0 = 3;
    }
    __s_Node_key_12_4L1_4L1[2] = 6;
    __s_Node_next_13_4L2_4L2[2] = cur_180L7_31L3_120L3_120L3;
    __s_Node_next_13_4L2_4L2[prev_180L6_31L2_120L2_120L2] = 2;
    ret_109L3_28L3_118L3_118L3 = 1;
  }
  else
  {
    ret_109L3_28L3_118L3_118L3 = 0;
  }
  int _ret_1_122L4_1102L4_1276L5_412L5=((((int)prev_180L6_31L2_120L2_120L2))*(1))+(0);
  atomic
  {
    _lock_3L0_3L0[_ret_1_122L4_1102L4_1276L5_412L5] = 0;
  }
  int _ret_2_123L5_1103L5_1278L6_414L6=((((int)cur_180L7_31L3_120L3_120L3))*(1))+(0);
  atomic
  {
    _lock_3L0_3L0[_ret_2_123L5_1103L5_1278L6_414L6] = 0;
  }
  _out_107L3_27L2_117L2_117L2 = ret_109L3_28L3_118L3_118L3;
  _has_out__109L0_28L0_118L0_118L0 = 1;
  _ret_1_24L4_24L4_115L4_115L4 = ret_109L3_28L3_118L3_118L3;
  bit _ret_2_26L5_1106L5_1282L5_418L5=0;
  int S_125L3_1109L0_1284L0_420L0=0;
  int key_125L3_1109L1_1284L1_420L1=1;
  bit _out_125L3_1109L2_1284L2_420L2=0;
  bit _has_out__127L0_1110L0_1285L0_421L0=0;
  int prev_127L1_1110L1_1285L1_421L1=0; int cur_127L2_1110L2_1285L2_421L2=0;
  bit ret_127L3_1110L3_1285L3_421L3=0;
  int S_180L6_1113L0_1287L0_423L0=0;
  int key_180L6_1113L1_1287L1_423L1=1;
  int prev_180L6_1113L2_1287L2_423L2=0;
  int cur_180L7_1113L3_1287L3_423L3=0;
  bit _has_out__182L0_1114L0_1288L0_424L0=0;
  prev_180L6_1113L2_1287L2_423L2 = null;
  int __s_pac151_1290L0_426L0=0;
  cur_180L7_1113L3_1287L3_423L3 = __s_Set_head_15_46L5_46L5[0];
  int _ret_0_184L1_1116L1_1290L1_426L1=1;
  atomic((_lock_3L0_3L0[1])==(0))
  {
    _lock_3L0_3L0[1] = -1;
  }
  for(int i_187L0_1119L0_1294L0_430L0=0;(i_187L0_1119L0_1294L0_430L0)<(6);i_187L0_1119L0_1294L0_430L0 = (i_187L0_1119L0_1294L0_430L0)+(1))
  {
    if((__s_Node_key_12_4L1_4L1[cur_180L7_1113L3_1287L3_423L3])<(1))
    {
      bit[4] __sa3_932L0_1826L0_2057L0_617L0={0,0,0,0};
      __sa3_932L0_1826L0_2057L0_617L0[0] = 0;
      __sa3_932L0_1826L0_2057L0_617L0[1] = 0;
      __sa3_932L0_1826L0_2057L0_617L0[2] = 0;
      __sa3_932L0_1826L0_2057L0_617L0[3] = 0;
      if((prev_180L6_1113L2_1287L2_423L2)!=(null))
      {
        int _ret_6_1017L2_1907L2_2146L2_640L2=((((int)prev_180L6_1113L2_1287L2_423L2))*(1))+(0);
        atomic
        {
          _lock_3L0_3L0[_ret_6_1017L2_1907L2_2146L2_640L2] = 0;
        }
      }
      __sa3_932L0_1826L0_2057L0_617L0[1] = 1;
      prev_180L6_1113L2_1287L2_423L2 = cur_180L7_1113L3_1287L3_423L3;
      __sa3_932L0_1826L0_2057L0_617L0[2] = 1;
      cur_180L7_1113L3_1287L3_423L3 = __s_Node_next_13_4L2_4L2[cur_180L7_1113L3_1287L3_423L3];
      __sa3_932L0_1826L0_2057L0_617L0[3] = 1;
      boolean __s_tmp_cond_elim_1_1246L0_2123L0_2375L0_682L0=(cur_180L7_1113L3_1287L3_423L3)==(cur_180L7_1113L3_1287L3_423L3);
      if(__s_tmp_cond_elim_1_1246L0_2123L0_2375L0_682L0)
      {
        int __s_tmp_cond_elim_0_1265L0_2141L0_2393L0_695L0=__s_Node_next_13_4L2_4L2[prev_180L6_1113L2_1287L2_423L2];
        int _ret_4_1268L2_2144L2_2396L2_697L2=((((int)__s_tmp_cond_elim_0_1265L0_2141L0_2393L0_695L0))*(1))+(0);
        atomic((_lock_3L0_3L0[_ret_4_1268L2_2144L2_2396L2_697L2])==(0))
        {
          _lock_3L0_3L0[_ret_4_1268L2_2144L2_2396L2_697L2] = -1;
        }
      }
      __sa3_932L0_1826L0_2057L0_617L0[0] = 1;
    }
  }
  prev_127L1_1110L1_1285L1_421L1 = prev_180L6_1113L2_1287L2_423L2;
  cur_127L2_1110L2_1285L2_421L2 = cur_180L7_1113L3_1287L3_423L3;
  int __s_pac221_2431L4_703L4=cur_180L7_1113L3_1287L3_423L3;
  if((1)==(__s_Node_key_12_4L1_4L1[cur_180L7_1113L3_1287L3_423L3]))
  {
    __s_Node_next_13_4L2_4L2[prev_180L6_1113L2_1287L2_423L2] = __s_Node_next_13_4L2_4L2[cur_180L7_1113L3_1287L3_423L3];
    ret_127L3_1110L3_1285L3_421L3 = 1;
  }
  else
  {
    ret_127L3_1110L3_1285L3_421L3 = 0;
  }
  int _ret_0_133L4_2177L4_2436L5_708L5=((((int)prev_180L6_1113L2_1287L2_423L2))*(1))+(0);
  atomic
  {
    _lock_3L0_3L0[_ret_0_133L4_2177L4_2436L5_708L5] = 0;
  }
  int _ret_1_134L5_2178L5_2438L6_710L6=((((int)cur_180L7_1113L3_1287L3_423L3))*(1))+(0);
  atomic
  {
    _lock_3L0_3L0[_ret_1_134L5_2178L5_2438L6_710L6] = 0;
  }
  _out_125L3_1109L2_1284L2_420L2 = ret_127L3_1110L3_1285L3_421L3;
  _has_out__127L0_1110L0_1285L0_421L0 = 1;
  _ret_2_26L5_1106L5_1282L5_418L5 = ret_127L3_1110L3_1285L3_421L3;
  bit _ret_3_28L6_2181L6_2442L6_714L6=0;
  int S_107L1_2184L0_2444L0_716L0=0;
  int key_107L2_2184L1_2444L1_716L1=1;
  bit _out_107L3_2184L2_2444L2_716L2=0;
  bit _has_out__109L0_2185L0_2445L0_717L0=0;
  int prev_109L1_2185L1_2445L1_717L1=0; int cur_109L2_2185L2_2445L2_717L2=0;
  bit ret_109L3_2185L3_2445L3_717L3=0;
  int S_180L6_2188L0_2447L0_719L0=0;
  int key_180L6_2188L1_2447L1_719L1=1;
  int prev_180L6_2188L2_2447L2_719L2=0;
  int cur_180L7_2188L3_2447L3_719L3=0;
  bit _has_out__182L0_2189L0_2448L0_720L0=0;
  prev_180L6_2188L2_2447L2_719L2 = null;
  int __s_pac224_2450L0_722L0=0;
  cur_180L7_2188L3_2447L3_719L3 = __s_Set_head_15_46L5_46L5[0];
  int _ret_0_184L1_2191L1_2450L1_722L1=1;
  atomic((_lock_3L0_3L0[1])==(0))
  {
    _lock_3L0_3L0[1] = -1;
  }
  for(int i_187L0_2194L0_2454L0_726L0=0;(i_187L0_2194L0_2454L0_726L0)<(6);i_187L0_2194L0_2454L0_726L0 = (i_187L0_2194L0_2454L0_726L0)+(1))
  {
    if((__s_Node_key_12_4L1_4L1[cur_180L7_2188L3_2447L3_719L3])<(1))
    {
      bit[4] __sa3_932L0_2901L0_3217L0_913L0={0,0,0,0};
      __sa3_932L0_2901L0_3217L0_913L0[0] = 0;
      __sa3_932L0_2901L0_3217L0_913L0[1] = 0;
      __sa3_932L0_2901L0_3217L0_913L0[2] = 0;
      __sa3_932L0_2901L0_3217L0_913L0[3] = 0;
      if((prev_180L6_2188L2_2447L2_719L2)!=(null))
      {
        int _ret_6_1017L2_2982L2_3306L2_936L2=((((int)prev_180L6_2188L2_2447L2_719L2))*(1))+(0);
        atomic
        {
          _lock_3L0_3L0[_ret_6_1017L2_2982L2_3306L2_936L2] = 0;
        }
      }
      __sa3_932L0_2901L0_3217L0_913L0[1] = 1;
      prev_180L6_2188L2_2447L2_719L2 = cur_180L7_2188L3_2447L3_719L3;
      __sa3_932L0_2901L0_3217L0_913L0[2] = 1;
      cur_180L7_2188L3_2447L3_719L3 = __s_Node_next_13_4L2_4L2[cur_180L7_2188L3_2447L3_719L3];
      __sa3_932L0_2901L0_3217L0_913L0[3] = 1;
      boolean __s_tmp_cond_elim_1_1246L0_3198L0_3535L0_978L0=(cur_180L7_2188L3_2447L3_719L3)==(cur_180L7_2188L3_2447L3_719L3);
      if(__s_tmp_cond_elim_1_1246L0_3198L0_3535L0_978L0)
      {
        int __s_tmp_cond_elim_0_1265L0_3216L0_3553L0_991L0=__s_Node_next_13_4L2_4L2[prev_180L6_2188L2_2447L2_719L2];
        int _ret_4_1268L2_3219L2_3556L2_993L2=((((int)__s_tmp_cond_elim_0_1265L0_3216L0_3553L0_991L0))*(1))+(0);
        atomic((_lock_3L0_3L0[_ret_4_1268L2_3219L2_3556L2_993L2])==(0))
        {
          _lock_3L0_3L0[_ret_4_1268L2_3219L2_3556L2_993L2] = -1;
        }
      }
      __sa3_932L0_2901L0_3217L0_913L0[0] = 1;
    }
  }
  prev_109L1_2185L1_2445L1_717L1 = prev_180L6_2188L2_2447L2_719L2;
  cur_109L2_2185L2_2445L2_717L2 = cur_180L7_2188L3_2447L3_719L3;
  int __s_pac294_3591L4_999L4=cur_180L7_2188L3_2447L3_719L3;
  if((1)<(__s_Node_key_12_4L1_4L1[cur_180L7_2188L3_2447L3_719L3]))
  {
    int __s_tmp_new_Node_10_3252L2_3596L2_1004L2=0;
    atomic
    {
      __s_tmp_new_Node_10_3252L2_3596L2_1004L2 = __s_Node_nextInstance_11_4L0_4L0;
      __s_Node_nextInstance_11_4L0_4L0 = (__s_Node_nextInstance_11_4L0_4L0)+(1);
    }
    __s_Node_key_12_4L1_4L1[__s_tmp_new_Node_10_3252L2_3596L2_1004L2] = 1;
    __s_Node_next_13_4L2_4L2[__s_tmp_new_Node_10_3252L2_3596L2_1004L2] = cur_180L7_2188L3_2447L3_719L3;
    __s_Node_next_13_4L2_4L2[prev_180L6_2188L2_2447L2_719L2] = __s_tmp_new_Node_10_3252L2_3596L2_1004L2;
    ret_109L3_2185L3_2445L3_717L3 = 1;
  }
  else
  {
    ret_109L3_2185L3_2445L3_717L3 = 0;
  }
  int _ret_1_122L4_3259L4_3603L5_1011L5=((((int)prev_180L6_2188L2_2447L2_719L2))*(1))+(0);
  atomic
  {
    _lock_3L0_3L0[_ret_1_122L4_3259L4_3603L5_1011L5] = 0;
  }
  int _ret_2_123L5_3260L5_3605L6_1013L6=((((int)cur_180L7_2188L3_2447L3_719L3))*(1))+(0);
  atomic
  {
    _lock_3L0_3L0[_ret_2_123L5_3260L5_3605L6_1013L6] = 0;
  }
  _out_107L3_2184L2_2444L2_716L2 = ret_109L3_2185L3_2445L3_717L3;
  _has_out__109L0_2185L0_2445L0_717L0 = 1;
  _ret_3_28L6_2181L6_2442L6_714L6 = ret_109L3_2185L3_2445L3_717L3;
  bit _ret_4_30L7_3263L7_3609L7_1017L7=0;
  int S_125L3_3266L0_3611L0_1019L0=0;
  int key_125L3_3266L1_3611L1_1019L1=1;
  bit _out_125L3_3266L2_3611L2_1019L2=0;
  bit _has_out__127L0_3267L0_3612L0_1020L0=0;
  int prev_127L1_3267L1_3612L1_1020L1=0; int cur_127L2_3267L2_3612L2_1020L2=0;
  bit ret_127L3_3267L3_3612L3_1020L3=0;
  int S_180L6_3270L0_3614L0_1022L0=0;
  int key_180L6_3270L1_3614L1_1022L1=1;
  int prev_180L6_3270L2_3614L2_1022L2=0;
  int cur_180L7_3270L3_3614L3_1022L3=0;
  bit _has_out__182L0_3271L0_3615L0_1023L0=0;
  prev_180L6_3270L2_3614L2_1022L2 = null;
  int __s_pac298_3617L0_1025L0=0;
  cur_180L7_3270L3_3614L3_1022L3 = __s_Set_head_15_46L5_46L5[0];
  int _ret_0_184L1_3273L1_3617L1_1025L1=1;
  atomic((_lock_3L0_3L0[1])==(0))
  {
    _lock_3L0_3L0[1] = -1;
  }
  for(int i_187L0_3276L0_3621L0_1029L0=0;(i_187L0_3276L0_3621L0_1029L0)<(6);i_187L0_3276L0_3621L0_1029L0 = (i_187L0_3276L0_3621L0_1029L0)+(1))
  {
    if((__s_Node_key_12_4L1_4L1[cur_180L7_3270L3_3614L3_1022L3])<(1))
    {
      bit[4] __sa3_932L0_3983L0_4384L0_1216L0={0,0,0,0};
      __sa3_932L0_3983L0_4384L0_1216L0[0] = 0;
      __sa3_932L0_3983L0_4384L0_1216L0[1] = 0;
      __sa3_932L0_3983L0_4384L0_1216L0[2] = 0;
      __sa3_932L0_3983L0_4384L0_1216L0[3] = 0;
      if((prev_180L6_3270L2_3614L2_1022L2)!=(null))
      {
        int _ret_6_1017L2_4064L2_4473L2_1239L2=((((int)prev_180L6_3270L2_3614L2_1022L2))*(1))+(0);
        atomic
        {
          _lock_3L0_3L0[_ret_6_1017L2_4064L2_4473L2_1239L2] = 0;
        }
      }
      __sa3_932L0_3983L0_4384L0_1216L0[1] = 1;
      prev_180L6_3270L2_3614L2_1022L2 = cur_180L7_3270L3_3614L3_1022L3;
      __sa3_932L0_3983L0_4384L0_1216L0[2] = 1;
      cur_180L7_3270L3_3614L3_1022L3 = __s_Node_next_13_4L2_4L2[cur_180L7_3270L3_3614L3_1022L3];
      __sa3_932L0_3983L0_4384L0_1216L0[3] = 1;
      boolean __s_tmp_cond_elim_1_1246L0_4280L0_4702L0_1281L0=(cur_180L7_3270L3_3614L3_1022L3)==(cur_180L7_3270L3_3614L3_1022L3);
      if(__s_tmp_cond_elim_1_1246L0_4280L0_4702L0_1281L0)
      {
        int __s_tmp_cond_elim_0_1265L0_4298L0_4720L0_1294L0=__s_Node_next_13_4L2_4L2[prev_180L6_3270L2_3614L2_1022L2];
        int _ret_4_1268L2_4301L2_4723L2_1296L2=((((int)__s_tmp_cond_elim_0_1265L0_4298L0_4720L0_1294L0))*(1))+(0);
        atomic((_lock_3L0_3L0[_ret_4_1268L2_4301L2_4723L2_1296L2])==(0))
        {
          _lock_3L0_3L0[_ret_4_1268L2_4301L2_4723L2_1296L2] = -1;
        }
      }
      __sa3_932L0_3983L0_4384L0_1216L0[0] = 1;
    }
  }
  prev_127L1_3267L1_3612L1_1020L1 = prev_180L6_3270L2_3614L2_1022L2;
  cur_127L2_3267L2_3612L2_1020L2 = cur_180L7_3270L3_3614L3_1022L3;
  int __s_pac368_4758L4_1302L4=cur_180L7_3270L3_3614L3_1022L3;
  if((1)==(__s_Node_key_12_4L1_4L1[cur_180L7_3270L3_3614L3_1022L3]))
  {
    __s_Node_next_13_4L2_4L2[prev_180L6_3270L2_3614L2_1022L2] = __s_Node_next_13_4L2_4L2[cur_180L7_3270L3_3614L3_1022L3];
    ret_127L3_3267L3_3612L3_1020L3 = 1;
  }
  else
  {
    ret_127L3_3267L3_3612L3_1020L3 = 0;
  }
  int _ret_0_133L4_4334L4_4763L5_1307L5=((((int)prev_180L6_3270L2_3614L2_1022L2))*(1))+(0);
  atomic
  {
    _lock_3L0_3L0[_ret_0_133L4_4334L4_4763L5_1307L5] = 0;
  }
  int _ret_1_134L5_4335L5_4765L6_1309L6=((((int)cur_180L7_3270L3_3614L3_1022L3))*(1))+(0);
  atomic
  {
    _lock_3L0_3L0[_ret_1_134L5_4335L5_4765L6_1309L6] = 0;
  }
  _out_125L3_3266L2_3611L2_1019L2 = ret_127L3_3267L3_3612L3_1020L3;
  _has_out__127L0_3267L0_3612L0_1020L0 = 1;
  _ret_4_30L7_3263L7_3609L7_1017L7 = ret_127L3_3267L3_3612L3_1020L3;
  bit _ret_5_32L8_4338L8_4769L8_1313L8=0;
  int S_136L3_4341L0_4771L0_1315L0=0;
  bit _out_136L3_4341L1_4771L1_1315L1=0;
  bit _has_out__138L0_4342L0_4772L0_1316L0=0;
  int __s_pac372_4773L0_1317L0=0;
  int __s_pac371_4773L1_1317L1=__s_Set_tail_16_46L4_46L4[0];
  int __s_pac374_4774L0_1318L0=0;
  int __s_pac373_4774L1_1318L1=__s_Set_head_15_46L5_46L5[0];
  int __s_pac375_4774L2_1318L2=0;
  _out_136L3_4341L1_4771L1_1315L1 = (__s_Node_next_13_4L2_4L2[1])==(__s_Set_tail_16_46L4_46L4[0]);
  _has_out__138L0_4342L0_4772L0_1316L0 = 1;
  _ret_5_32L8_4338L8_4769L8_1313L8 = _out_136L3_4341L1_4771L1_1315L1;
  fork(int i_36L0_4347L0_4777L0_1321L0; 2)
  {
    int addKey_38L0_4349L0_4779L0_1324L0=i_36L0_4347L0_4777L0_1321L0; int rmKey_38L1_4349L1_4779L1_1324L1=((i_36L0_4347L0_4777L0_1321L0)+(1))%(4);
    for(int j_40L0_4351L0_4781L0_1326L0=0;(j_40L0_4351L0_4781L0_1326L0)<(2);j_40L0_4351L0_4781L0_1326L0 = (j_40L0_4351L0_4781L0_1326L0)+(1))
    {
      int prev_180L6_8681L2_9449L2_2538L2=0;
      int cur_180L7_8681L3_9449L3_2538L3;
      prev_180L6_8681L2_9449L2_2538L2 = null;
      cur_180L7_8681L3_9449L3_2538L3 = __s_Set_head_15_46L5_46L5[0];
      int _ret_0_184L1_8684L1_9452L1_2541L1=((((int)cur_180L7_8681L3_9449L3_2538L3))*(1))+(0);
      atomic((_lock_3L0_3L0[_ret_0_184L1_8684L1_9452L1_2541L1])==(0))
      {
        _lock_3L0_3L0[_ret_0_184L1_8684L1_9452L1_2541L1] = (i_36L0_4347L0_4777L0_1321L0)+(1);
      }
      for(int i_187L0_8687L0_9456L0_2545L0=0;(i_187L0_8687L0_9456L0_2545L0)<(6);i_187L0_8687L0_9456L0_2545L0 = (i_187L0_8687L0_9456L0_2545L0)+(1))
      {
        if((__s_Node_key_12_4L1_4L1[cur_180L7_8681L3_9449L3_2538L3])<(addKey_38L0_4349L0_4779L0_1324L0))
        {
          bit[4] __sa3_932L0_9394L0_10219L0_2732L0={0,0,0,0};
          __sa3_932L0_9394L0_10219L0_2732L0[0] = 0;
          __sa3_932L0_9394L0_10219L0_2732L0[1] = 0;
          __sa3_932L0_9394L0_10219L0_2732L0[2] = 0;
          __sa3_932L0_9394L0_10219L0_2732L0[3] = 0;
          if((prev_180L6_8681L2_9449L2_2538L2)!=(null))
          {
            int _ret_6_1017L2_9475L2_10308L2_2755L2=((((int)prev_180L6_8681L2_9449L2_2538L2))*(1))+(0);
            atomic
            {
              _lock_3L0_3L0[_ret_6_1017L2_9475L2_10308L2_2755L2] = 0;
            }
          }
          __sa3_932L0_9394L0_10219L0_2732L0[1] = 1;
          prev_180L6_8681L2_9449L2_2538L2 = cur_180L7_8681L3_9449L3_2538L3;
          __sa3_932L0_9394L0_10219L0_2732L0[2] = 1;
          cur_180L7_8681L3_9449L3_2538L3 = __s_Node_next_13_4L2_4L2[cur_180L7_8681L3_9449L3_2538L3];
          __sa3_932L0_9394L0_10219L0_2732L0[3] = 1;
          boolean __s_tmp_cond_elim_1_1246L0_9691L0_10537L0_2797L0=(cur_180L7_8681L3_9449L3_2538L3)==(cur_180L7_8681L3_9449L3_2538L3);
          if(__s_tmp_cond_elim_1_1246L0_9691L0_10537L0_2797L0)
          {
            int __s_tmp_cond_elim_0_1265L0_9709L0_10555L0_2810L0=__s_Node_next_13_4L2_4L2[prev_180L6_8681L2_9449L2_2538L2];
            int _ret_4_1268L2_9712L2_10558L2_2812L2=((((int)__s_tmp_cond_elim_0_1265L0_9709L0_10555L0_2810L0))*(1))+(0);
            atomic((_lock_3L0_3L0[_ret_4_1268L2_9712L2_10558L2_2812L2])==(0))
            {
              _lock_3L0_3L0[_ret_4_1268L2_9712L2_10558L2_2812L2] = (i_36L0_4347L0_4777L0_1321L0)+(1);
            }
          }
          __sa3_932L0_9394L0_10219L0_2732L0[0] = 1;
        }
      }
      if((addKey_38L0_4349L0_4779L0_1324L0)<(__s_Node_key_12_4L1_4L1[cur_180L7_8681L3_9449L3_2538L3]))
      {
        int __s_tmp_new_Node_10_9745L2_10598L2_2823L2=0;
        atomic
        {
          __s_tmp_new_Node_10_9745L2_10598L2_2823L2 = __s_Node_nextInstance_11_4L0_4L0;
          __s_Node_nextInstance_11_4L0_4L0 = (__s_Node_nextInstance_11_4L0_4L0)+(1);
        }
        __s_Node_key_12_4L1_4L1[__s_tmp_new_Node_10_9745L2_10598L2_2823L2] = addKey_38L0_4349L0_4779L0_1324L0;
        __s_Node_next_13_4L2_4L2[__s_tmp_new_Node_10_9745L2_10598L2_2823L2] = cur_180L7_8681L3_9449L3_2538L3;
        __s_Node_next_13_4L2_4L2[prev_180L6_8681L2_9449L2_2538L2] = __s_tmp_new_Node_10_9745L2_10598L2_2823L2;
      }
      int _ret_1_122L4_9752L4_10605L5_2830L5=((((int)prev_180L6_8681L2_9449L2_2538L2))*(1))+(0);
      atomic
      {
        _lock_3L0_3L0[_ret_1_122L4_9752L4_10605L5_2830L5] = 0;
      }
      int _ret_2_123L5_9753L5_10607L6_2832L6=((((int)cur_180L7_8681L3_9449L3_2538L3))*(1))+(0);
      atomic
      {
        _lock_3L0_3L0[_ret_2_123L5_9753L5_10607L6_2832L6] = 0;
      }
      addKey_38L0_4349L0_4779L0_1324L0 = (addKey_38L0_4349L0_4779L0_1324L0)+(2);
      bit ret_127L3_9761L3_10615L3_2840L3=0;
      int prev_180L6_9764L2_10617L2_2842L2=0;
      int cur_180L7_9764L3_10617L3_2842L3;
      prev_180L6_9764L2_10617L2_2842L2 = null;
      cur_180L7_9764L3_10617L3_2842L3 = __s_Set_head_15_46L5_46L5[0];
      int _ret_0_184L1_9767L1_10620L1_2845L1=((((int)cur_180L7_9764L3_10617L3_2842L3))*(1))+(0);
      atomic((_lock_3L0_3L0[_ret_0_184L1_9767L1_10620L1_2845L1])==(0))
      {
        _lock_3L0_3L0[_ret_0_184L1_9767L1_10620L1_2845L1] = (i_36L0_4347L0_4777L0_1321L0)+(1);
      }
      for(int i_187L0_9770L0_10624L0_2849L0=0;(i_187L0_9770L0_10624L0_2849L0)<(6);i_187L0_9770L0_10624L0_2849L0 = (i_187L0_9770L0_10624L0_2849L0)+(1))
      {
        if((__s_Node_key_12_4L1_4L1[cur_180L7_9764L3_10617L3_2842L3])<(rmKey_38L1_4349L1_4779L1_1324L1))
        {
          bit[4] __sa3_932L0_10477L0_11387L0_3036L0={0,0,0,0};
          __sa3_932L0_10477L0_11387L0_3036L0[0] = 0;
          __sa3_932L0_10477L0_11387L0_3036L0[1] = 0;
          __sa3_932L0_10477L0_11387L0_3036L0[2] = 0;
          __sa3_932L0_10477L0_11387L0_3036L0[3] = 0;
          if((prev_180L6_9764L2_10617L2_2842L2)!=(null))
          {
            int _ret_6_1017L2_10558L2_11476L2_3059L2=((((int)prev_180L6_9764L2_10617L2_2842L2))*(1))+(0);
            atomic
            {
              _lock_3L0_3L0[_ret_6_1017L2_10558L2_11476L2_3059L2] = 0;
            }
          }
          __sa3_932L0_10477L0_11387L0_3036L0[1] = 1;
          prev_180L6_9764L2_10617L2_2842L2 = cur_180L7_9764L3_10617L3_2842L3;
          __sa3_932L0_10477L0_11387L0_3036L0[2] = 1;
          cur_180L7_9764L3_10617L3_2842L3 = __s_Node_next_13_4L2_4L2[cur_180L7_9764L3_10617L3_2842L3];
          __sa3_932L0_10477L0_11387L0_3036L0[3] = 1;
          boolean __s_tmp_cond_elim_1_1246L0_10774L0_11705L0_3101L0=(cur_180L7_9764L3_10617L3_2842L3)==(cur_180L7_9764L3_10617L3_2842L3);
          if(__s_tmp_cond_elim_1_1246L0_10774L0_11705L0_3101L0)
          {
            int __s_tmp_cond_elim_0_1265L0_10792L0_11723L0_3114L0=__s_Node_next_13_4L2_4L2[prev_180L6_9764L2_10617L2_2842L2];
            int _ret_4_1268L2_10795L2_11726L2_3116L2=((((int)__s_tmp_cond_elim_0_1265L0_10792L0_11723L0_3114L0))*(1))+(0);
            atomic((_lock_3L0_3L0[_ret_4_1268L2_10795L2_11726L2_3116L2])==(0))
            {
              _lock_3L0_3L0[_ret_4_1268L2_10795L2_11726L2_3116L2] = (i_36L0_4347L0_4777L0_1321L0)+(1);
            }
          }
          __sa3_932L0_10477L0_11387L0_3036L0[0] = 1;
        }
      }
      if((rmKey_38L1_4349L1_4779L1_1324L1)==(__s_Node_key_12_4L1_4L1[cur_180L7_9764L3_10617L3_2842L3]))
      {
        __s_Node_next_13_4L2_4L2[prev_180L6_9764L2_10617L2_2842L2] = __s_Node_next_13_4L2_4L2[cur_180L7_9764L3_10617L3_2842L3];
        ret_127L3_9761L3_10615L3_2840L3 = 1;
      }
      else
      {
        ret_127L3_9761L3_10615L3_2840L3 = 0;
      }
      int _ret_0_133L4_10828L4_11766L5_3127L5=((((int)prev_180L6_9764L2_10617L2_2842L2))*(1))+(0);
      atomic
      {
        _lock_3L0_3L0[_ret_0_133L4_10828L4_11766L5_3127L5] = 0;
      }
      int _ret_1_134L5_10829L5_11768L6_3129L6=((((int)cur_180L7_9764L3_10617L3_2842L3))*(1))+(0);
      atomic
      {
        _lock_3L0_3L0[_ret_1_134L5_10829L5_11768L6_3129L6] = 0;
      }
      removed_24L3_24L3_110L3_110L3[rmKey_38L1_4349L1_4779L1_1324L1] = ret_127L3_9761L3_10615L3_2840L3;
      rmKey_38L1_4349L1_4779L1_1324L1 = ((rmKey_38L1_4349L1_4779L1_1324L1)+(2))%(4);
    }
  }
  for(int k_65L0_10876L0_11815L0_3176L0=0;(k_65L0_10876L0_11815L0_3176L0)<(4);k_65L0_10876L0_11815L0_3176L0 = (k_65L0_10876L0_11815L0_3176L0)+(1))
  {
    if(removed_24L3_24L3_110L3_110L3[k_65L0_10876L0_11815L0_3176L0])
    {
      int prev_180L6_17363L2_18810L2_4987L2=0;
      int cur_180L7_17363L3_18810L3_4987L3;
      prev_180L6_17363L2_18810L2_4987L2 = null;
      cur_180L7_17363L3_18810L3_4987L3 = __s_Set_head_15_46L5_46L5[0];
      int _ret_0_184L1_17366L1_18813L1_4990L1=((((int)cur_180L7_17363L3_18810L3_4987L3))*(1))+(0);
      atomic((_lock_3L0_3L0[_ret_0_184L1_17366L1_18813L1_4990L1])==(0))
      {
        _lock_3L0_3L0[_ret_0_184L1_17366L1_18813L1_4990L1] = -1;
      }
      for(int i_187L0_17369L0_18817L0_4994L0=0;(i_187L0_17369L0_18817L0_4994L0)<(6);i_187L0_17369L0_18817L0_4994L0 = (i_187L0_17369L0_18817L0_4994L0)+(1))
      {
        if((__s_Node_key_12_4L1_4L1[cur_180L7_17363L3_18810L3_4987L3])<(k_65L0_10876L0_11815L0_3176L0))
        {
          bit[4] __sa3_932L0_18076L0_19580L0_5181L0={0,0,0,0};
          __sa3_932L0_18076L0_19580L0_5181L0[0] = 0;
          __sa3_932L0_18076L0_19580L0_5181L0[1] = 0;
          __sa3_932L0_18076L0_19580L0_5181L0[2] = 0;
          __sa3_932L0_18076L0_19580L0_5181L0[3] = 0;
          if((prev_180L6_17363L2_18810L2_4987L2)!=(null))
          {
            int _ret_6_1017L2_18157L2_19669L2_5204L2=((((int)prev_180L6_17363L2_18810L2_4987L2))*(1))+(0);
            atomic
            {
              _lock_3L0_3L0[_ret_6_1017L2_18157L2_19669L2_5204L2] = 0;
            }
          }
          __sa3_932L0_18076L0_19580L0_5181L0[1] = 1;
          prev_180L6_17363L2_18810L2_4987L2 = cur_180L7_17363L3_18810L3_4987L3;
          __sa3_932L0_18076L0_19580L0_5181L0[2] = 1;
          cur_180L7_17363L3_18810L3_4987L3 = __s_Node_next_13_4L2_4L2[cur_180L7_17363L3_18810L3_4987L3];
          __sa3_932L0_18076L0_19580L0_5181L0[3] = 1;
          boolean __s_tmp_cond_elim_1_1246L0_18373L0_19898L0_5246L0=(cur_180L7_17363L3_18810L3_4987L3)==(cur_180L7_17363L3_18810L3_4987L3);
          if(__s_tmp_cond_elim_1_1246L0_18373L0_19898L0_5246L0)
          {
            int __s_tmp_cond_elim_0_1265L0_18391L0_19916L0_5259L0=__s_Node_next_13_4L2_4L2[prev_180L6_17363L2_18810L2_4987L2];
            int _ret_4_1268L2_18394L2_19919L2_5261L2=((((int)__s_tmp_cond_elim_0_1265L0_18391L0_19916L0_5259L0))*(1))+(0);
            atomic((_lock_3L0_3L0[_ret_4_1268L2_18394L2_19919L2_5261L2])==(0))
            {
              _lock_3L0_3L0[_ret_4_1268L2_18394L2_19919L2_5261L2] = -1;
            }
          }
          __sa3_932L0_18076L0_19580L0_5181L0[0] = 1;
        }
      }
      if((k_65L0_10876L0_11815L0_3176L0)==(__s_Node_key_12_4L1_4L1[cur_180L7_17363L3_18810L3_4987L3]))
      {
        __s_Node_next_13_4L2_4L2[prev_180L6_17363L2_18810L2_4987L2] = __s_Node_next_13_4L2_4L2[cur_180L7_17363L3_18810L3_4987L3];
      }
      int _ret_0_133L4_18427L4_19959L5_5272L5=((((int)prev_180L6_17363L2_18810L2_4987L2))*(1))+(0);
      atomic
      {
        _lock_3L0_3L0[_ret_0_133L4_18427L4_19959L5_5272L5] = 0;
      }
      int _ret_1_134L5_18428L5_19961L6_5274L6=((((int)cur_180L7_17363L3_18810L3_4987L3))*(1))+(0);
      atomic
      {
        _lock_3L0_3L0[_ret_1_134L5_18428L5_19961L6_5274L6] = 0;
      }
    }
    else
    {
      int prev_180L6_18440L2_19972L2_5285L2=0;
      int cur_180L7_18440L3_19972L3_5285L3;
      prev_180L6_18440L2_19972L2_5285L2 = null;
      cur_180L7_18440L3_19972L3_5285L3 = __s_Set_head_15_46L5_46L5[0];
      int _ret_0_184L1_18443L1_19975L1_5288L1=((((int)cur_180L7_18440L3_19972L3_5285L3))*(1))+(0);
      atomic((_lock_3L0_3L0[_ret_0_184L1_18443L1_19975L1_5288L1])==(0))
      {
        _lock_3L0_3L0[_ret_0_184L1_18443L1_19975L1_5288L1] = -1;
      }
      for(int i_187L0_18446L0_19979L0_5292L0=0;(i_187L0_18446L0_19979L0_5292L0)<(6);i_187L0_18446L0_19979L0_5292L0 = (i_187L0_18446L0_19979L0_5292L0)+(1))
      {
        if((__s_Node_key_12_4L1_4L1[cur_180L7_18440L3_19972L3_5285L3])<(k_65L0_10876L0_11815L0_3176L0))
        {
          bit[4] __sa3_932L0_19153L0_20742L0_5479L0={0,0,0,0};
          __sa3_932L0_19153L0_20742L0_5479L0[0] = 0;
          __sa3_932L0_19153L0_20742L0_5479L0[1] = 0;
          __sa3_932L0_19153L0_20742L0_5479L0[2] = 0;
          __sa3_932L0_19153L0_20742L0_5479L0[3] = 0;
          if((prev_180L6_18440L2_19972L2_5285L2)!=(null))
          {
            int _ret_6_1017L2_19234L2_20831L2_5502L2=((((int)prev_180L6_18440L2_19972L2_5285L2))*(1))+(0);
            atomic
            {
              _lock_3L0_3L0[_ret_6_1017L2_19234L2_20831L2_5502L2] = 0;
            }
          }
          __sa3_932L0_19153L0_20742L0_5479L0[1] = 1;
          prev_180L6_18440L2_19972L2_5285L2 = cur_180L7_18440L3_19972L3_5285L3;
          __sa3_932L0_19153L0_20742L0_5479L0[2] = 1;
          cur_180L7_18440L3_19972L3_5285L3 = __s_Node_next_13_4L2_4L2[cur_180L7_18440L3_19972L3_5285L3];
          __sa3_932L0_19153L0_20742L0_5479L0[3] = 1;
          boolean __s_tmp_cond_elim_1_1246L0_19450L0_21060L0_5544L0=(cur_180L7_18440L3_19972L3_5285L3)==(cur_180L7_18440L3_19972L3_5285L3);
          if(__s_tmp_cond_elim_1_1246L0_19450L0_21060L0_5544L0)
          {
            int __s_tmp_cond_elim_0_1265L0_19468L0_21078L0_5557L0=__s_Node_next_13_4L2_4L2[prev_180L6_18440L2_19972L2_5285L2];
            int _ret_4_1268L2_19471L2_21081L2_5559L2=((((int)__s_tmp_cond_elim_0_1265L0_19468L0_21078L0_5557L0))*(1))+(0);
            atomic((_lock_3L0_3L0[_ret_4_1268L2_19471L2_21081L2_5559L2])==(0))
            {
              _lock_3L0_3L0[_ret_4_1268L2_19471L2_21081L2_5559L2] = -1;
            }
          }
          __sa3_932L0_19153L0_20742L0_5479L0[0] = 1;
        }
      }
      if((k_65L0_10876L0_11815L0_3176L0)<(__s_Node_key_12_4L1_4L1[cur_180L7_18440L3_19972L3_5285L3]))
      {
        int __s_tmp_new_Node_10_19504L2_21121L2_5570L2=0;
        atomic
        {
          __s_tmp_new_Node_10_19504L2_21121L2_5570L2 = __s_Node_nextInstance_11_4L0_4L0;
          __s_Node_nextInstance_11_4L0_4L0 = (__s_Node_nextInstance_11_4L0_4L0)+(1);
        }
        __s_Node_key_12_4L1_4L1[__s_tmp_new_Node_10_19504L2_21121L2_5570L2] = k_65L0_10876L0_11815L0_3176L0;
        __s_Node_next_13_4L2_4L2[__s_tmp_new_Node_10_19504L2_21121L2_5570L2] = cur_180L7_18440L3_19972L3_5285L3;
        __s_Node_next_13_4L2_4L2[prev_180L6_18440L2_19972L2_5285L2] = __s_tmp_new_Node_10_19504L2_21121L2_5570L2;
      }
      int _ret_1_122L4_19511L4_21128L5_5577L5=((((int)prev_180L6_18440L2_19972L2_5285L2))*(1))+(0);
      atomic
      {
        _lock_3L0_3L0[_ret_1_122L4_19511L4_21128L5_5577L5] = 0;
      }
      int _ret_2_123L5_19512L5_21130L6_5579L6=((((int)cur_180L7_18440L3_19972L3_5285L3))*(1))+(0);
      atomic
      {
        _lock_3L0_3L0[_ret_2_123L5_19512L5_21130L6_5579L6] = 0;
      }
      int prev_180L6_19522L2_21139L2_5588L2=0;
      int cur_180L7_19522L3_21139L3_5588L3;
      prev_180L6_19522L2_21139L2_5588L2 = null;
      cur_180L7_19522L3_21139L3_5588L3 = __s_Set_head_15_46L5_46L5[0];
      int _ret_0_184L1_19525L1_21142L1_5591L1=((((int)cur_180L7_19522L3_21139L3_5588L3))*(1))+(0);
      atomic((_lock_3L0_3L0[_ret_0_184L1_19525L1_21142L1_5591L1])==(0))
      {
        _lock_3L0_3L0[_ret_0_184L1_19525L1_21142L1_5591L1] = -1;
      }
      for(int i_187L0_19528L0_21146L0_5595L0=0;(i_187L0_19528L0_21146L0_5595L0)<(6);i_187L0_19528L0_21146L0_5595L0 = (i_187L0_19528L0_21146L0_5595L0)+(1))
      {
        if((__s_Node_key_12_4L1_4L1[cur_180L7_19522L3_21139L3_5588L3])<(k_65L0_10876L0_11815L0_3176L0))
        {
          bit[4] __sa3_932L0_20235L0_21909L0_5782L0={0,0,0,0};
          __sa3_932L0_20235L0_21909L0_5782L0[0] = 0;
          __sa3_932L0_20235L0_21909L0_5782L0[1] = 0;
          __sa3_932L0_20235L0_21909L0_5782L0[2] = 0;
          __sa3_932L0_20235L0_21909L0_5782L0[3] = 0;
          if((prev_180L6_19522L2_21139L2_5588L2)!=(null))
          {
            int _ret_6_1017L2_20316L2_21998L2_5805L2=((((int)prev_180L6_19522L2_21139L2_5588L2))*(1))+(0);
            atomic
            {
              _lock_3L0_3L0[_ret_6_1017L2_20316L2_21998L2_5805L2] = 0;
            }
          }
          __sa3_932L0_20235L0_21909L0_5782L0[1] = 1;
          prev_180L6_19522L2_21139L2_5588L2 = cur_180L7_19522L3_21139L3_5588L3;
          __sa3_932L0_20235L0_21909L0_5782L0[2] = 1;
          cur_180L7_19522L3_21139L3_5588L3 = __s_Node_next_13_4L2_4L2[cur_180L7_19522L3_21139L3_5588L3];
          __sa3_932L0_20235L0_21909L0_5782L0[3] = 1;
          boolean __s_tmp_cond_elim_1_1246L0_20532L0_22227L0_5847L0=(cur_180L7_19522L3_21139L3_5588L3)==(cur_180L7_19522L3_21139L3_5588L3);
          if(__s_tmp_cond_elim_1_1246L0_20532L0_22227L0_5847L0)
          {
            int __s_tmp_cond_elim_0_1265L0_20550L0_22245L0_5860L0=__s_Node_next_13_4L2_4L2[prev_180L6_19522L2_21139L2_5588L2];
            int _ret_4_1268L2_20553L2_22248L2_5862L2=((((int)__s_tmp_cond_elim_0_1265L0_20550L0_22245L0_5860L0))*(1))+(0);
            atomic((_lock_3L0_3L0[_ret_4_1268L2_20553L2_22248L2_5862L2])==(0))
            {
              _lock_3L0_3L0[_ret_4_1268L2_20553L2_22248L2_5862L2] = -1;
            }
          }
          __sa3_932L0_20235L0_21909L0_5782L0[0] = 1;
        }
      }
      if((k_65L0_10876L0_11815L0_3176L0)==(__s_Node_key_12_4L1_4L1[cur_180L7_19522L3_21139L3_5588L3]))
      {
        __s_Node_next_13_4L2_4L2[prev_180L6_19522L2_21139L2_5588L2] = __s_Node_next_13_4L2_4L2[cur_180L7_19522L3_21139L3_5588L3];
      }
      int _ret_0_133L4_20586L4_22288L5_5873L5=((((int)prev_180L6_19522L2_21139L2_5588L2))*(1))+(0);
      atomic
      {
        _lock_3L0_3L0[_ret_0_133L4_20586L4_22288L5_5873L5] = 0;
      }
      int _ret_1_134L5_20587L5_22290L6_5875L6=((((int)cur_180L7_19522L3_21139L3_5588L3))*(1))+(0);
      atomic
      {
        _lock_3L0_3L0[_ret_1_134L5_20587L5_22290L6_5875L6] = 0;
      }
    }
  }
  _out_1L0_1L0_1L0_1L0 = 1;
}
void T([!bit _out_104L1_20598L1_22301L1_5886L1])
{
  int[10] __s_Node_key_18_22303L1_5888L1={0,0,0,0,0,0,0,0,0,0}; int[10] __s_Node_next_19_22303L2_5888L2={0,0,0,0,0,0,0,0,0,0};
  __s_Node_key_18_22303L1_5888L1[0] = 0;
  __s_Node_key_18_22303L1_5888L1[1] = 0;
  __s_Node_key_18_22303L1_5888L1[2] = 0;
  __s_Node_key_18_22303L1_5888L1[3] = 0;
  __s_Node_key_18_22303L1_5888L1[4] = 0;
  __s_Node_key_18_22303L1_5888L1[5] = 0;
  __s_Node_key_18_22303L1_5888L1[6] = 0;
  __s_Node_key_18_22303L1_5888L1[7] = 0;
  __s_Node_key_18_22303L1_5888L1[8] = 0;
  __s_Node_key_18_22303L1_5888L1[9] = 0;
  int __s_tmp_cond_elim_58_22326L0_5911L0=null;
  __s_Node_next_19_22303L2_5888L2[0] = __s_tmp_cond_elim_58_22326L0_5911L0;
  int __s_tmp_cond_elim_58_22328L0_5913L0=null;
  __s_Node_next_19_22303L2_5888L2[1] = __s_tmp_cond_elim_58_22328L0_5913L0;
  int __s_tmp_cond_elim_58_22330L0_5915L0=null;
  __s_Node_next_19_22303L2_5888L2[2] = __s_tmp_cond_elim_58_22330L0_5915L0;
  int __s_tmp_cond_elim_58_22332L0_5917L0=null;
  __s_Node_next_19_22303L2_5888L2[3] = __s_tmp_cond_elim_58_22332L0_5917L0;
  int __s_tmp_cond_elim_58_22334L0_5919L0=null;
  __s_Node_next_19_22303L2_5888L2[4] = __s_tmp_cond_elim_58_22334L0_5919L0;
  int __s_tmp_cond_elim_58_22336L0_5921L0=null;
  __s_Node_next_19_22303L2_5888L2[5] = __s_tmp_cond_elim_58_22336L0_5921L0;
  int __s_tmp_cond_elim_58_22338L0_5923L0=null;
  __s_Node_next_19_22303L2_5888L2[6] = __s_tmp_cond_elim_58_22338L0_5923L0;
  int __s_tmp_cond_elim_58_22340L0_5925L0=null;
  __s_Node_next_19_22303L2_5888L2[7] = __s_tmp_cond_elim_58_22340L0_5925L0;
  int __s_tmp_cond_elim_58_22342L0_5927L0=null;
  __s_Node_next_19_22303L2_5888L2[8] = __s_tmp_cond_elim_58_22342L0_5927L0;
  int __s_tmp_cond_elim_58_22344L0_5929L0=null;
  __s_Node_next_19_22303L2_5888L2[9] = __s_tmp_cond_elim_58_22344L0_5929L0;
  int[10] __s_Set_tail_22_22345L4_5930L4={0,0,0,0,0,0,0,0,0,0}; int[10] __s_Set_head_21_22345L5_5930L5={0,0,0,0,0,0,0,0,0,0};
  int __s_tmp_cond_elim_59_22347L0_5932L0=null;
  __s_Set_tail_22_22345L4_5930L4[0] = __s_tmp_cond_elim_59_22347L0_5932L0;
  int __s_tmp_cond_elim_59_22349L0_5934L0=null;
  __s_Set_tail_22_22345L4_5930L4[1] = __s_tmp_cond_elim_59_22349L0_5934L0;
  int __s_tmp_cond_elim_59_22351L0_5936L0=null;
  __s_Set_tail_22_22345L4_5930L4[2] = __s_tmp_cond_elim_59_22351L0_5936L0;
  int __s_tmp_cond_elim_59_22353L0_5938L0=null;
  __s_Set_tail_22_22345L4_5930L4[3] = __s_tmp_cond_elim_59_22353L0_5938L0;
  int __s_tmp_cond_elim_59_22355L0_5940L0=null;
  __s_Set_tail_22_22345L4_5930L4[4] = __s_tmp_cond_elim_59_22355L0_5940L0;
  int __s_tmp_cond_elim_59_22357L0_5942L0=null;
  __s_Set_tail_22_22345L4_5930L4[5] = __s_tmp_cond_elim_59_22357L0_5942L0;
  int __s_tmp_cond_elim_59_22359L0_5944L0=null;
  __s_Set_tail_22_22345L4_5930L4[6] = __s_tmp_cond_elim_59_22359L0_5944L0;
  int __s_tmp_cond_elim_59_22361L0_5946L0=null;
  __s_Set_tail_22_22345L4_5930L4[7] = __s_tmp_cond_elim_59_22361L0_5946L0;
  int __s_tmp_cond_elim_59_22363L0_5948L0=null;
  __s_Set_tail_22_22345L4_5930L4[8] = __s_tmp_cond_elim_59_22363L0_5948L0;
  int __s_tmp_cond_elim_59_22365L0_5950L0=null;
  __s_Set_tail_22_22345L4_5930L4[9] = __s_tmp_cond_elim_59_22365L0_5950L0;
  int __s_tmp_cond_elim_60_22368L0_5953L0=null;
  __s_Set_head_21_22345L5_5930L5[0] = __s_tmp_cond_elim_60_22368L0_5953L0;
  int __s_tmp_cond_elim_60_22370L0_5955L0=null;
  __s_Set_head_21_22345L5_5930L5[1] = __s_tmp_cond_elim_60_22370L0_5955L0;
  int __s_tmp_cond_elim_60_22372L0_5957L0=null;
  __s_Set_head_21_22345L5_5930L5[2] = __s_tmp_cond_elim_60_22372L0_5957L0;
  int __s_tmp_cond_elim_60_22374L0_5959L0=null;
  __s_Set_head_21_22345L5_5930L5[3] = __s_tmp_cond_elim_60_22374L0_5959L0;
  int __s_tmp_cond_elim_60_22376L0_5961L0=null;
  __s_Set_head_21_22345L5_5930L5[4] = __s_tmp_cond_elim_60_22376L0_5961L0;
  int __s_tmp_cond_elim_60_22378L0_5963L0=null;
  __s_Set_head_21_22345L5_5930L5[5] = __s_tmp_cond_elim_60_22378L0_5963L0;
  int __s_tmp_cond_elim_60_22380L0_5965L0=null;
  __s_Set_head_21_22345L5_5930L5[6] = __s_tmp_cond_elim_60_22380L0_5965L0;
  int __s_tmp_cond_elim_60_22382L0_5967L0=null;
  __s_Set_head_21_22345L5_5930L5[7] = __s_tmp_cond_elim_60_22382L0_5967L0;
  int __s_tmp_cond_elim_60_22384L0_5969L0=null;
  __s_Set_head_21_22345L5_5930L5[8] = __s_tmp_cond_elim_60_22384L0_5969L0;
  int __s_tmp_cond_elim_60_22386L0_5971L0=null;
  __s_Set_head_21_22345L5_5930L5[9] = __s_tmp_cond_elim_60_22386L0_5971L0;
  _out_104L1_20598L1_22301L1_5886L1 = 1;
}
void lock([int mem])
void unlock([int mem])

===== Compilation statistics =====
  Solved? -----------------------------> true
  Number of iterations ----------------> 1
  Maximum memory usage (MiB) ----------> 259.25
  Total elapsed time (s) --------------> 165.434
    % frontend ............ 5.7467027
    % verification ........ 93.007484
    % synthesis ........... 1.2458141
  Total solution time (s) -------------> 80.683
    % verification ........ 99.177025
    % synthesis ........... 0.82297385

  Synthesizer statistics:  
    [solver stats]
    Number of calls -------------------> 1
    Total elapsed time (s) ------------> 2.061
    Total model building time (s) -----> 1.257
    Total solution time (s) -----------> 0.664
    Maximum memory usage (MiB) --------> 29.136719
    Average elapsed time (s) ----------> 2.061
    Average model building time (s) ---> 1.257
    Average solution time (s) ---------> 0.664
    Average memory usage (MiB) --------> 29.136719

  Verifier statistics:     
    [solver stats]
    Number of calls -------------------> 2
    Total elapsed time (s) ------------> 153.866
    Total model building time (s) -----> 73.847
    Total solution time (s) -----------> 80.019
    Maximum memory usage (MiB) --------> 136.375
    Average elapsed time (s) ----------> 76.933
    Average model building time (s) ---> 36.923
    Average solution time (s) ---------> 40.009
    Average memory usage (MiB) --------> 72.3125

  Frontend statistics:     
    Total elapsed time (s) ------------> 9.507
    Max memory usage (MiB) ------------> 122.875

[PSKETCH] DONE!
