Iteration 0
[SPINVERIF][2] Stats for last run:
      [solution stats]
      successful? ---------------------> false
      elapsed time (s) ----------------> 37.142
      model building time (s) ---------> 37.133
      solution time (s) ---------------> 0.0090
      max memory usage (MiB) ----------> 8.25
      [SPIN-specific stats]
      codegen time (s) ----------------> 13.254
      codegen memory (MiB) ------------> 0.0
      compiler time (s) ---------------> 23.879
      compiler memory (MiB) -----------> 0.0
      total SPIN time (s) -------------> 0.0090
      total SPIN mem (MiB) ------------> 8.25
      actual state mem (MiB) ----------> 0.0
      equiv state mem (MiB) -----------> 0.0
      state compression (%) -----------> 0.0
      # states explored ---------------> 330
      state exploration rate (states/s)> 0

[SATBackend] Stats for last run:
      [solution stats]
      successful? ---------------------> true
      elapsed time (s) ----------------> 1.205
      model building time (s) ---------> 0.806
      solution time (s) ---------------> 0.392
      max memory usage (MiB) ----------> 30.535156
      [SAT-specific solution stats]
      initial number of nodes ---------> 37572
      number of nodes after opts ------> 5167
      number of controls --------------> 48
      total number of control bits ----> 64

Iteration 1
[SPINVERIF][2] Stats for last run:
      [solution stats]
      successful? ---------------------> false
      elapsed time (s) ----------------> 37.253
      model building time (s) ---------> 37.103
      solution time (s) ---------------> 0.15
      max memory usage (MiB) ----------> 12.938
      [SPIN-specific stats]
      codegen time (s) ----------------> 13.201
      codegen memory (MiB) ------------> 0.0
      compiler time (s) ---------------> 23.902
      compiler memory (MiB) -----------> 0.0
      total SPIN time (s) -------------> 0.15
      total SPIN mem (MiB) ------------> 12.938
      actual state mem (MiB) ----------> 2.0879993
      equiv state mem (MiB) -----------> 14.186
      state compression (%) -----------> 14.718732
      # states explored ---------------> 2453
      state exploration rate (states/s)> 0

[SATBackend] Stats for last run:
      [solution stats]
      successful? ---------------------> true
      elapsed time (s) ----------------> 5.525
      model building time (s) ---------> 3.408
      solution time (s) ---------------> 2.111
      max memory usage (MiB) ----------> 55.45703
      [SAT-specific solution stats]
      initial number of nodes ---------> 128008
      number of nodes after opts ------> 19331
      number of controls --------------> 48
      total number of control bits ----> 64

Iteration 2
[SPINVERIF][2] Stats for last run:
      [solution stats]
      successful? ---------------------> true
      elapsed time (s) ----------------> 39.124
      model building time (s) ---------> 36.734
      solution time (s) ---------------> 2.39
      max memory usage (MiB) ----------> 23.875
      [SPIN-specific stats]
      codegen time (s) ----------------> 13.072
      codegen memory (MiB) ------------> 0.0
      compiler time (s) ---------------> 23.662
      compiler memory (MiB) -----------> 0.0
      total SPIN time (s) -------------> 2.39
      total SPIN mem (MiB) ------------> 23.875
      actual state mem (MiB) ----------> 3.033
      equiv state mem (MiB) -----------> 179.281
      state compression (%) -----------> 1.6917576
      # states explored ---------------> 31001
      state exploration rate (states/s)> 0

void main([!bit _out_1L0_1L0_1L0_1L0]) implements T
{
  int[10] _lock_3L0_3L0=0;
  int __s_Node_nextInstance_11_4L0_4L0=0; int[10] __s_Node_key_12_4L1_4L1={0,0,0,0,0,0,0,0,0,0}; int[10] __s_Node_next_13_4L2_4L2={0,0,0,0,0,0,0,0,0,0};
  bit __s_tmp_cond_elim_53_6L0_6L0=0;
  int __s_pac61_7L0_7L0=0;
  __s_tmp_cond_elim_53_6L0_6L0 = 0;
  int __s_pac62_7L1_7L1=0;
  __s_Node_key_12_4L1_4L1[0] = 0;
  bit __s_tmp_cond_elim_53_8L0_8L0=0;
  int __s_pac61_9L0_9L0=1;
  __s_tmp_cond_elim_53_8L0_8L0 = 0;
  int __s_pac62_9L1_9L1=1;
  __s_Node_key_12_4L1_4L1[1] = 0;
  bit __s_tmp_cond_elim_53_10L0_10L0=0;
  int __s_pac61_11L0_11L0=2;
  __s_tmp_cond_elim_53_10L0_10L0 = 0;
  int __s_pac62_11L1_11L1=2;
  __s_Node_key_12_4L1_4L1[2] = 0;
  bit __s_tmp_cond_elim_53_12L0_12L0=0;
  int __s_pac61_13L0_13L0=3;
  __s_tmp_cond_elim_53_12L0_12L0 = 0;
  int __s_pac62_13L1_13L1=3;
  __s_Node_key_12_4L1_4L1[3] = 0;
  bit __s_tmp_cond_elim_53_14L0_14L0=0;
  int __s_pac61_15L0_15L0=4;
  __s_tmp_cond_elim_53_14L0_14L0 = 0;
  int __s_pac62_15L1_15L1=4;
  __s_Node_key_12_4L1_4L1[4] = 0;
  bit __s_tmp_cond_elim_53_16L0_16L0=0;
  int __s_pac61_17L0_17L0=5;
  __s_tmp_cond_elim_53_16L0_16L0 = 0;
  int __s_pac62_17L1_17L1=5;
  __s_Node_key_12_4L1_4L1[5] = 0;
  bit __s_tmp_cond_elim_53_18L0_18L0=0;
  int __s_pac61_19L0_19L0=6;
  __s_tmp_cond_elim_53_18L0_18L0 = 0;
  int __s_pac62_19L1_19L1=6;
  __s_Node_key_12_4L1_4L1[6] = 0;
  bit __s_tmp_cond_elim_53_20L0_20L0=0;
  int __s_pac61_21L0_21L0=7;
  __s_tmp_cond_elim_53_20L0_20L0 = 0;
  int __s_pac62_21L1_21L1=7;
  __s_Node_key_12_4L1_4L1[7] = 0;
  bit __s_tmp_cond_elim_53_22L0_22L0=0;
  int __s_pac61_23L0_23L0=8;
  __s_tmp_cond_elim_53_22L0_22L0 = 0;
  int __s_pac62_23L1_23L1=8;
  __s_Node_key_12_4L1_4L1[8] = 0;
  bit __s_tmp_cond_elim_53_24L0_24L0=0;
  int __s_pac61_25L0_25L0=9;
  __s_tmp_cond_elim_53_24L0_24L0 = 0;
  int __s_pac62_25L1_25L1=9;
  __s_Node_key_12_4L1_4L1[9] = 0;
  int __s_tmp_cond_elim_54_27L0_27L0=0;
  int __s_pac63_28L0_28L0=0;
  __s_tmp_cond_elim_54_27L0_27L0 = null;
  int __s_pac64_28L1_28L1=0;
  __s_Node_next_13_4L2_4L2[0] = __s_tmp_cond_elim_54_27L0_27L0;
  int __s_tmp_cond_elim_54_29L0_29L0=0;
  int __s_pac63_30L0_30L0=1;
  __s_tmp_cond_elim_54_29L0_29L0 = null;
  int __s_pac64_30L1_30L1=1;
  __s_Node_next_13_4L2_4L2[1] = __s_tmp_cond_elim_54_29L0_29L0;
  int __s_tmp_cond_elim_54_31L0_31L0=0;
  int __s_pac63_32L0_32L0=2;
  __s_tmp_cond_elim_54_31L0_31L0 = null;
  int __s_pac64_32L1_32L1=2;
  __s_Node_next_13_4L2_4L2[2] = __s_tmp_cond_elim_54_31L0_31L0;
  int __s_tmp_cond_elim_54_33L0_33L0=0;
  int __s_pac63_34L0_34L0=3;
  __s_tmp_cond_elim_54_33L0_33L0 = null;
  int __s_pac64_34L1_34L1=3;
  __s_Node_next_13_4L2_4L2[3] = __s_tmp_cond_elim_54_33L0_33L0;
  int __s_tmp_cond_elim_54_35L0_35L0=0;
  int __s_pac63_36L0_36L0=4;
  __s_tmp_cond_elim_54_35L0_35L0 = null;
  int __s_pac64_36L1_36L1=4;
  __s_Node_next_13_4L2_4L2[4] = __s_tmp_cond_elim_54_35L0_35L0;
  int __s_tmp_cond_elim_54_37L0_37L0=0;
  int __s_pac63_38L0_38L0=5;
  __s_tmp_cond_elim_54_37L0_37L0 = null;
  int __s_pac64_38L1_38L1=5;
  __s_Node_next_13_4L2_4L2[5] = __s_tmp_cond_elim_54_37L0_37L0;
  int __s_tmp_cond_elim_54_39L0_39L0=0;
  int __s_pac63_40L0_40L0=6;
  __s_tmp_cond_elim_54_39L0_39L0 = null;
  int __s_pac64_40L1_40L1=6;
  __s_Node_next_13_4L2_4L2[6] = __s_tmp_cond_elim_54_39L0_39L0;
  int __s_tmp_cond_elim_54_41L0_41L0=0;
  int __s_pac63_42L0_42L0=7;
  __s_tmp_cond_elim_54_41L0_41L0 = null;
  int __s_pac64_42L1_42L1=7;
  __s_Node_next_13_4L2_4L2[7] = __s_tmp_cond_elim_54_41L0_41L0;
  int __s_tmp_cond_elim_54_43L0_43L0=0;
  int __s_pac63_44L0_44L0=8;
  __s_tmp_cond_elim_54_43L0_43L0 = null;
  int __s_pac64_44L1_44L1=8;
  __s_Node_next_13_4L2_4L2[8] = __s_tmp_cond_elim_54_43L0_43L0;
  int __s_tmp_cond_elim_54_45L0_45L0=0;
  int __s_pac63_46L0_46L0=9;
  __s_tmp_cond_elim_54_45L0_45L0 = null;
  int __s_pac64_46L1_46L1=9;
  __s_Node_next_13_4L2_4L2[9] = __s_tmp_cond_elim_54_45L0_45L0;
  int __s_Set_nextInstance_14_46L3_46L3=0; int[10] __s_Set_tail_16_46L4_46L4={0,0,0,0,0,0,0,0,0,0}; int[10] __s_Set_head_15_46L5_46L5={0,0,0,0,0,0,0,0,0,0};
  int __s_tmp_cond_elim_55_48L0_48L0=0;
  int __s_pac65_49L0_49L0=0;
  __s_tmp_cond_elim_55_48L0_48L0 = null;
  int __s_pac66_49L1_49L1=0;
  __s_Set_tail_16_46L4_46L4[0] = __s_tmp_cond_elim_55_48L0_48L0;
  int __s_tmp_cond_elim_55_50L0_50L0=0;
  int __s_pac65_51L0_51L0=1;
  __s_tmp_cond_elim_55_50L0_50L0 = null;
  int __s_pac66_51L1_51L1=1;
  __s_Set_tail_16_46L4_46L4[1] = __s_tmp_cond_elim_55_50L0_50L0;
  int __s_tmp_cond_elim_55_52L0_52L0=0;
  int __s_pac65_53L0_53L0=2;
  __s_tmp_cond_elim_55_52L0_52L0 = null;
  int __s_pac66_53L1_53L1=2;
  __s_Set_tail_16_46L4_46L4[2] = __s_tmp_cond_elim_55_52L0_52L0;
  int __s_tmp_cond_elim_55_54L0_54L0=0;
  int __s_pac65_55L0_55L0=3;
  __s_tmp_cond_elim_55_54L0_54L0 = null;
  int __s_pac66_55L1_55L1=3;
  __s_Set_tail_16_46L4_46L4[3] = __s_tmp_cond_elim_55_54L0_54L0;
  int __s_tmp_cond_elim_55_56L0_56L0=0;
  int __s_pac65_57L0_57L0=4;
  __s_tmp_cond_elim_55_56L0_56L0 = null;
  int __s_pac66_57L1_57L1=4;
  __s_Set_tail_16_46L4_46L4[4] = __s_tmp_cond_elim_55_56L0_56L0;
  int __s_tmp_cond_elim_55_58L0_58L0=0;
  int __s_pac65_59L0_59L0=5;
  __s_tmp_cond_elim_55_58L0_58L0 = null;
  int __s_pac66_59L1_59L1=5;
  __s_Set_tail_16_46L4_46L4[5] = __s_tmp_cond_elim_55_58L0_58L0;
  int __s_tmp_cond_elim_55_60L0_60L0=0;
  int __s_pac65_61L0_61L0=6;
  __s_tmp_cond_elim_55_60L0_60L0 = null;
  int __s_pac66_61L1_61L1=6;
  __s_Set_tail_16_46L4_46L4[6] = __s_tmp_cond_elim_55_60L0_60L0;
  int __s_tmp_cond_elim_55_62L0_62L0=0;
  int __s_pac65_63L0_63L0=7;
  __s_tmp_cond_elim_55_62L0_62L0 = null;
  int __s_pac66_63L1_63L1=7;
  __s_Set_tail_16_46L4_46L4[7] = __s_tmp_cond_elim_55_62L0_62L0;
  int __s_tmp_cond_elim_55_64L0_64L0=0;
  int __s_pac65_65L0_65L0=8;
  __s_tmp_cond_elim_55_64L0_64L0 = null;
  int __s_pac66_65L1_65L1=8;
  __s_Set_tail_16_46L4_46L4[8] = __s_tmp_cond_elim_55_64L0_64L0;
  int __s_tmp_cond_elim_55_66L0_66L0=0;
  int __s_pac65_67L0_67L0=9;
  __s_tmp_cond_elim_55_66L0_66L0 = null;
  int __s_pac66_67L1_67L1=9;
  __s_Set_tail_16_46L4_46L4[9] = __s_tmp_cond_elim_55_66L0_66L0;
  int __s_tmp_cond_elim_56_69L0_69L0=0;
  int __s_pac67_70L0_70L0=0;
  __s_tmp_cond_elim_56_69L0_69L0 = null;
  int __s_pac68_70L1_70L1=0;
  __s_Set_head_15_46L5_46L5[0] = __s_tmp_cond_elim_56_69L0_69L0;
  int __s_tmp_cond_elim_56_71L0_71L0=0;
  int __s_pac67_72L0_72L0=1;
  __s_tmp_cond_elim_56_71L0_71L0 = null;
  int __s_pac68_72L1_72L1=1;
  __s_Set_head_15_46L5_46L5[1] = __s_tmp_cond_elim_56_71L0_71L0;
  int __s_tmp_cond_elim_56_73L0_73L0=0;
  int __s_pac67_74L0_74L0=2;
  __s_tmp_cond_elim_56_73L0_73L0 = null;
  int __s_pac68_74L1_74L1=2;
  __s_Set_head_15_46L5_46L5[2] = __s_tmp_cond_elim_56_73L0_73L0;
  int __s_tmp_cond_elim_56_75L0_75L0=0;
  int __s_pac67_76L0_76L0=3;
  __s_tmp_cond_elim_56_75L0_75L0 = null;
  int __s_pac68_76L1_76L1=3;
  __s_Set_head_15_46L5_46L5[3] = __s_tmp_cond_elim_56_75L0_75L0;
  int __s_tmp_cond_elim_56_77L0_77L0=0;
  int __s_pac67_78L0_78L0=4;
  __s_tmp_cond_elim_56_77L0_77L0 = null;
  int __s_pac68_78L1_78L1=4;
  __s_Set_head_15_46L5_46L5[4] = __s_tmp_cond_elim_56_77L0_77L0;
  int __s_tmp_cond_elim_56_79L0_79L0=0;
  int __s_pac67_80L0_80L0=5;
  __s_tmp_cond_elim_56_79L0_79L0 = null;
  int __s_pac68_80L1_80L1=5;
  __s_Set_head_15_46L5_46L5[5] = __s_tmp_cond_elim_56_79L0_79L0;
  int __s_tmp_cond_elim_56_81L0_81L0=0;
  int __s_pac67_82L0_82L0=6;
  __s_tmp_cond_elim_56_81L0_81L0 = null;
  int __s_pac68_82L1_82L1=6;
  __s_Set_head_15_46L5_46L5[6] = __s_tmp_cond_elim_56_81L0_81L0;
  int __s_tmp_cond_elim_56_83L0_83L0=0;
  int __s_pac67_84L0_84L0=7;
  __s_tmp_cond_elim_56_83L0_83L0 = null;
  int __s_pac68_84L1_84L1=7;
  __s_Set_head_15_46L5_46L5[7] = __s_tmp_cond_elim_56_83L0_83L0;
  int __s_tmp_cond_elim_56_85L0_85L0=0;
  int __s_pac67_86L0_86L0=8;
  __s_tmp_cond_elim_56_85L0_85L0 = null;
  int __s_pac68_86L1_86L1=8;
  __s_Set_head_15_46L5_46L5[8] = __s_tmp_cond_elim_56_85L0_85L0;
  int __s_tmp_cond_elim_56_87L0_87L0=0;
  int __s_pac67_88L0_88L0=9;
  __s_tmp_cond_elim_56_87L0_87L0 = null;
  int __s_pac68_88L1_88L1=9;
  __s_Set_head_15_46L5_46L5[9] = __s_tmp_cond_elim_56_87L0_87L0;
  _out_1L0_1L0_1L0_1L0 = 0;
  bit _has_out__3L0_3L0_89L0_89L0=0;
  int S_3L1_3L1_89L1_89L1=0;
  int _ret_0_3L2_3L2_89L2_89L2=0;
  int negInf_6L0_5L0_91L0_91L0=-1;
  int posInf_6L1_5L1_91L1_91L1=4;
  int _out_6L2_5L2_91L2_91L2=0;
  bit _has_out__7L0_6L0_92L0_92L0=0;
  int S_7L1_6L1_92L1_92L1=0;
  int __s_tmp_new_Set_7_6L2_92L2_92L2=0;
  atomic
  {
    __s_tmp_new_Set_7_6L2_92L2_92L2 = 0;
    __s_Set_nextInstance_14_46L3_46L3 = 1;
  }
  S_7L1_6L1_92L1_92L1 = 0;
  int _ret_0_7L2_7L3_93L3_93L3=null;
  int _ret_1_7L3_7L4_93L4_93L4=0;
  int key_10L0_9L0_95L0_95L0=4;
  int next_10L1_9L1_95L1_95L1=_ret_0_7L2_7L3_93L3_93L3;
  int _out_10L2_9L2_95L2_95L2=0;
  bit _has_out__11L0_10L0_96L0_96L0=0;
  int n_11L1_10L1_96L1_96L1=0;
  int __s_tmp_new_Node_8_10L2_96L2_96L2=0;
  atomic
  {
    __s_tmp_new_Node_8_10L2_96L2_96L2 = 0;
  }
  n_11L1_10L1_96L1_96L1 = 0;
  int __s_pac69_98L0_98L0=0;
  __s_Node_key_12_4L1_4L1[0] = 4;
  int __s_pac70_99L0_99L0=0;
  __s_Node_next_13_4L2_4L2[0] = _ret_0_7L2_7L3_93L3_93L3;
  _out_10L2_9L2_95L2_95L2 = 0;
  _has_out__11L0_10L0_96L0_96L0 = 1;
  _ret_1_7L3_7L4_93L4_93L4 = 0;
  int __s_pac71_101L0_101L0=0;
  __s_Set_tail_16_46L4_46L4[0] = 0;
  int _ret_2_15L4_15L5_101L5_101L5=0;
  int __s_pac72_101L6_101L6=0;
  _ret_2_15L4_15L5_101L5_101L5 = __s_Set_tail_16_46L4_46L4[0];
  int _ret_3_15L5_15L6_101L7_101L7=0;
  int key_18L0_17L0_103L0_103L0=-1;
  int next_18L1_17L1_103L1_103L1=0;
  int _out_18L2_17L2_103L2_103L2=0;
  bit _has_out__19L0_18L0_104L0_104L0=0;
  int n_19L1_18L1_104L1_104L1=0;
  int __s_tmp_new_Node_9_18L2_104L2_104L2=0;
  atomic
  {
    __s_tmp_new_Node_9_18L2_104L2_104L2 = 1;
    __s_Node_nextInstance_11_4L0_4L0 = 2;
  }
  n_19L1_18L1_104L1_104L1 = 1;
  int __s_pac73_106L0_106L0=1;
  __s_Node_key_12_4L1_4L1[1] = -1;
  int __s_pac74_107L0_107L0=1;
  __s_Node_next_13_4L2_4L2[1] = 0;
  _out_18L2_17L2_103L2_103L2 = 1;
  _has_out__19L0_18L0_104L0_104L0 = 1;
  _ret_3_15L5_15L6_101L7_101L7 = 1;
  int __s_pac75_109L0_109L0=0;
  __s_Set_head_15_46L5_46L5[0] = 1;
  _out_6L2_5L2_91L2_91L2 = 0;
  _has_out__7L0_6L0_92L0_92L0 = 1;
  _ret_0_3L2_3L2_89L2_89L2 = 0;
  S_3L1_3L1_89L1_89L1 = 0;
  bit[2] removed_24L3_24L3_110L3_110L3={0,0};
  int __s_pac76_112L0_112L0=0;
  removed_24L3_24L3_110L3_110L3[0] = 0;
  int __s_pac76_113L0_113L0=1;
  removed_24L3_24L3_110L3_110L3[1] = 0;
  bit _ret_1_24L4_24L4_113L4_113L4=0;
  int S_107L1_27L0_115L0_115L0=0;
  int key_107L2_27L1_115L1_115L1=4;
  bit _out_107L3_27L2_115L2_115L2=0;
  bit _has_out__109L0_28L0_116L0_116L0=0;
  int prev_109L1_28L1_116L1_116L1=0; int cur_109L2_28L2_116L2_116L2=0;
  bit ret_109L3_28L3_116L3_116L3=0;
  int S_180L6_31L0_118L0_118L0=0;
  int key_180L6_31L1_118L1_118L1=4;
  int prev_180L6_31L2_118L2_118L2=0;
  int cur_180L7_31L3_118L3_118L3=0;
  bit _has_out__182L0_32L0_119L0_119L0=0;
  prev_180L6_31L2_118L2_118L2 = null;
  int __s_pac77_121L0_121L0=0;
  cur_180L7_31L3_118L3_118L3 = __s_Set_head_15_46L5_46L5[0];
  int _ret_0_184L1_34L1_121L1_121L1=1;
  atomic(1)
  {
    _lock_3L0_3L0[1] = -1;
  }
  for(int i_187L0_37L0_125L0_125L0=0;(i_187L0_37L0_125L0_125L0)<(4);i_187L0_37L0_125L0_125L0 = (i_187L0_37L0_125L0_125L0)+(1))
  {
    if((__s_Node_key_12_4L1_4L1[cur_180L7_31L3_118L3_118L3])<(4))
    {
      bit[4] __sa3_932L0_744L0_888L0_312L0={0,0,0,0};
      __sa3_932L0_744L0_888L0_312L0[0] = 0;
      __sa3_932L0_744L0_888L0_312L0[1] = 0;
      __sa3_932L0_744L0_888L0_312L0[2] = 0;
      __sa3_932L0_744L0_888L0_312L0[3] = 0;
      int _ret_1_934L0_747L0_897L0_321L0=null;
      int __s_tmp_cond_elim_0_952L0_763L0_913L0_333L0=__s_Node_next_13_4L2_4L2[cur_180L7_31L3_118L3_118L3];
      boolean __s_tmp_cond_elim_1_973L0_783L0_933L0_347L0=(__s_tmp_cond_elim_0_952L0_763L0_913L0_333L0)!=(_ret_1_934L0_747L0_897L0_321L0);
      if(__s_tmp_cond_elim_1_973L0_783L0_933L0_347L0)
      {
        int __s_tmp_cond_elim_0_992L0_801L0_951L0_360L0=__s_Node_next_13_4L2_4L2[cur_180L7_31L3_118L3_118L3];
        int _ret_4_995L2_804L2_954L2_362L2=((((int)__s_tmp_cond_elim_0_992L0_801L0_951L0_360L0))*(1))+(0);
        atomic((_lock_3L0_3L0[_ret_4_995L2_804L2_954L2_362L2])==(0))
        {
          _lock_3L0_3L0[_ret_4_995L2_804L2_954L2_362L2] = -1;
        }
      }
      __sa3_932L0_744L0_888L0_312L0[0] = 1;
      if((prev_180L6_31L2_118L2_118L2)!=(null))
      {
        int _ret_6_1108L2_911L2_1068L2_381L2=((((int)prev_180L6_31L2_118L2_118L2))*(1))+(0);
        atomic
        {
          _lock_3L0_3L0[_ret_6_1108L2_911L2_1068L2_381L2] = 0;
        }
      }
      __sa3_932L0_744L0_888L0_312L0[1] = 1;
      prev_180L6_31L2_118L2_118L2 = cur_180L7_31L3_118L3_118L3;
      __sa3_932L0_744L0_888L0_312L0[2] = 1;
      cur_180L7_31L3_118L3_118L3 = __s_Node_next_13_4L2_4L2[cur_180L7_31L3_118L3_118L3];
      __sa3_932L0_744L0_888L0_312L0[3] = 1;
    }
  }
  prev_109L1_28L1_116L1_116L1 = prev_180L6_31L2_118L2_118L2;
  cur_109L2_28L2_116L2_116L2 = cur_180L7_31L3_118L3_118L3;
  int __s_pac147_1262L4_398L4=cur_180L7_31L3_118L3_118L3;
  if((4)<(__s_Node_key_12_4L1_4L1[cur_180L7_31L3_118L3_118L3]))
  {
    atomic
    {
      __s_Node_nextInstance_11_4L0_4L0 = 3;
    }
    __s_Node_key_12_4L1_4L1[2] = 4;
    __s_Node_next_13_4L2_4L2[2] = cur_180L7_31L3_118L3_118L3;
    __s_Node_next_13_4L2_4L2[prev_180L6_31L2_118L2_118L2] = 2;
    ret_109L3_28L3_116L3_116L3 = 1;
  }
  else
  {
    ret_109L3_28L3_116L3_116L3 = 0;
  }
  int _ret_1_122L4_1102L4_1274L5_410L5=((((int)prev_180L6_31L2_118L2_118L2))*(1))+(0);
  atomic
  {
    _lock_3L0_3L0[_ret_1_122L4_1102L4_1274L5_410L5] = 0;
  }
  int _ret_2_123L5_1103L5_1276L6_412L6=((((int)cur_180L7_31L3_118L3_118L3))*(1))+(0);
  atomic
  {
    _lock_3L0_3L0[_ret_2_123L5_1103L5_1276L6_412L6] = 0;
  }
  _out_107L3_27L2_115L2_115L2 = ret_109L3_28L3_116L3_116L3;
  _has_out__109L0_28L0_116L0_116L0 = 1;
  _ret_1_24L4_24L4_113L4_113L4 = ret_109L3_28L3_116L3_116L3;
  bit _ret_2_26L5_1106L5_1280L5_416L5=0;
  int S_125L3_1109L0_1282L0_418L0=0;
  int key_125L3_1109L1_1282L1_418L1=1;
  bit _out_125L3_1109L2_1282L2_418L2=0;
  bit _has_out__127L0_1110L0_1283L0_419L0=0;
  int prev_127L1_1110L1_1283L1_419L1=0; int cur_127L2_1110L2_1283L2_419L2=0;
  bit ret_127L3_1110L3_1283L3_419L3=0;
  int S_180L6_1113L0_1285L0_421L0=0;
  int key_180L6_1113L1_1285L1_421L1=1;
  int prev_180L6_1113L2_1285L2_421L2=0;
  int cur_180L7_1113L3_1285L3_421L3=0;
  bit _has_out__182L0_1114L0_1286L0_422L0=0;
  prev_180L6_1113L2_1285L2_421L2 = null;
  int __s_pac151_1288L0_424L0=0;
  cur_180L7_1113L3_1285L3_421L3 = __s_Set_head_15_46L5_46L5[0];
  int _ret_0_184L1_1116L1_1288L1_424L1=1;
  atomic((_lock_3L0_3L0[1])==(0))
  {
    _lock_3L0_3L0[1] = -1;
  }
  for(int i_187L0_1119L0_1292L0_428L0=0;(i_187L0_1119L0_1292L0_428L0)<(4);i_187L0_1119L0_1292L0_428L0 = (i_187L0_1119L0_1292L0_428L0)+(1))
  {
    if((__s_Node_key_12_4L1_4L1[cur_180L7_1113L3_1285L3_421L3])<(1))
    {
      bit[4] __sa3_932L0_1826L0_2055L0_615L0={0,0,0,0};
      __sa3_932L0_1826L0_2055L0_615L0[0] = 0;
      __sa3_932L0_1826L0_2055L0_615L0[1] = 0;
      __sa3_932L0_1826L0_2055L0_615L0[2] = 0;
      __sa3_932L0_1826L0_2055L0_615L0[3] = 0;
      int _ret_1_934L0_1829L0_2064L0_624L0=null;
      int __s_tmp_cond_elim_0_952L0_1845L0_2080L0_636L0=__s_Node_next_13_4L2_4L2[cur_180L7_1113L3_1285L3_421L3];
      boolean __s_tmp_cond_elim_1_973L0_1865L0_2100L0_650L0=(__s_tmp_cond_elim_0_952L0_1845L0_2080L0_636L0)!=(_ret_1_934L0_1829L0_2064L0_624L0);
      if(__s_tmp_cond_elim_1_973L0_1865L0_2100L0_650L0)
      {
        int __s_tmp_cond_elim_0_992L0_1883L0_2118L0_663L0=__s_Node_next_13_4L2_4L2[cur_180L7_1113L3_1285L3_421L3];
        int _ret_4_995L2_1886L2_2121L2_665L2=((((int)__s_tmp_cond_elim_0_992L0_1883L0_2118L0_663L0))*(1))+(0);
        atomic((_lock_3L0_3L0[_ret_4_995L2_1886L2_2121L2_665L2])==(0))
        {
          _lock_3L0_3L0[_ret_4_995L2_1886L2_2121L2_665L2] = -1;
        }
      }
      __sa3_932L0_1826L0_2055L0_615L0[0] = 1;
      if((prev_180L6_1113L2_1285L2_421L2)!=(null))
      {
        int _ret_6_1108L2_1993L2_2235L2_684L2=((((int)prev_180L6_1113L2_1285L2_421L2))*(1))+(0);
        atomic
        {
          _lock_3L0_3L0[_ret_6_1108L2_1993L2_2235L2_684L2] = 0;
        }
      }
      __sa3_932L0_1826L0_2055L0_615L0[1] = 1;
      prev_180L6_1113L2_1285L2_421L2 = cur_180L7_1113L3_1285L3_421L3;
      __sa3_932L0_1826L0_2055L0_615L0[2] = 1;
      cur_180L7_1113L3_1285L3_421L3 = __s_Node_next_13_4L2_4L2[cur_180L7_1113L3_1285L3_421L3];
      __sa3_932L0_1826L0_2055L0_615L0[3] = 1;
    }
  }
  prev_127L1_1110L1_1283L1_419L1 = prev_180L6_1113L2_1285L2_421L2;
  cur_127L2_1110L2_1283L2_419L2 = cur_180L7_1113L3_1285L3_421L3;
  int __s_pac221_2429L4_701L4=cur_180L7_1113L3_1285L3_421L3;
  if((1)==(__s_Node_key_12_4L1_4L1[cur_180L7_1113L3_1285L3_421L3]))
  {
    __s_Node_next_13_4L2_4L2[prev_180L6_1113L2_1285L2_421L2] = __s_Node_next_13_4L2_4L2[cur_180L7_1113L3_1285L3_421L3];
    ret_127L3_1110L3_1283L3_419L3 = 1;
  }
  else
  {
    ret_127L3_1110L3_1283L3_419L3 = 0;
  }
  int _ret_0_133L4_2177L4_2434L5_706L5=((((int)prev_180L6_1113L2_1285L2_421L2))*(1))+(0);
  atomic
  {
    _lock_3L0_3L0[_ret_0_133L4_2177L4_2434L5_706L5] = 0;
  }
  int _ret_1_134L5_2178L5_2436L6_708L6=((((int)cur_180L7_1113L3_1285L3_421L3))*(1))+(0);
  atomic
  {
    _lock_3L0_3L0[_ret_1_134L5_2178L5_2436L6_708L6] = 0;
  }
  _out_125L3_1109L2_1282L2_418L2 = ret_127L3_1110L3_1283L3_419L3;
  _has_out__127L0_1110L0_1283L0_419L0 = 1;
  _ret_2_26L5_1106L5_1280L5_416L5 = ret_127L3_1110L3_1283L3_419L3;
  bit _ret_3_28L6_2181L6_2440L6_712L6=0;
  int S_107L1_2184L0_2442L0_714L0=0;
  int key_107L2_2184L1_2442L1_714L1=1;
  bit _out_107L3_2184L2_2442L2_714L2=0;
  bit _has_out__109L0_2185L0_2443L0_715L0=0;
  int prev_109L1_2185L1_2443L1_715L1=0; int cur_109L2_2185L2_2443L2_715L2=0;
  bit ret_109L3_2185L3_2443L3_715L3=0;
  int S_180L6_2188L0_2445L0_717L0=0;
  int key_180L6_2188L1_2445L1_717L1=1;
  int prev_180L6_2188L2_2445L2_717L2=0;
  int cur_180L7_2188L3_2445L3_717L3=0;
  bit _has_out__182L0_2189L0_2446L0_718L0=0;
  prev_180L6_2188L2_2445L2_717L2 = null;
  int __s_pac224_2448L0_720L0=0;
  cur_180L7_2188L3_2445L3_717L3 = __s_Set_head_15_46L5_46L5[0];
  int _ret_0_184L1_2191L1_2448L1_720L1=1;
  atomic((_lock_3L0_3L0[1])==(0))
  {
    _lock_3L0_3L0[1] = -1;
  }
  for(int i_187L0_2194L0_2452L0_724L0=0;(i_187L0_2194L0_2452L0_724L0)<(4);i_187L0_2194L0_2452L0_724L0 = (i_187L0_2194L0_2452L0_724L0)+(1))
  {
    if((__s_Node_key_12_4L1_4L1[cur_180L7_2188L3_2445L3_717L3])<(1))
    {
      bit[4] __sa3_932L0_2901L0_3215L0_911L0={0,0,0,0};
      __sa3_932L0_2901L0_3215L0_911L0[0] = 0;
      __sa3_932L0_2901L0_3215L0_911L0[1] = 0;
      __sa3_932L0_2901L0_3215L0_911L0[2] = 0;
      __sa3_932L0_2901L0_3215L0_911L0[3] = 0;
      int _ret_1_934L0_2904L0_3224L0_920L0=null;
      int __s_tmp_cond_elim_0_952L0_2920L0_3240L0_932L0=__s_Node_next_13_4L2_4L2[cur_180L7_2188L3_2445L3_717L3];
      boolean __s_tmp_cond_elim_1_973L0_2940L0_3260L0_946L0=(__s_tmp_cond_elim_0_952L0_2920L0_3240L0_932L0)!=(_ret_1_934L0_2904L0_3224L0_920L0);
      if(__s_tmp_cond_elim_1_973L0_2940L0_3260L0_946L0)
      {
        int __s_tmp_cond_elim_0_992L0_2958L0_3278L0_959L0=__s_Node_next_13_4L2_4L2[cur_180L7_2188L3_2445L3_717L3];
        int _ret_4_995L2_2961L2_3281L2_961L2=((((int)__s_tmp_cond_elim_0_992L0_2958L0_3278L0_959L0))*(1))+(0);
        atomic((_lock_3L0_3L0[_ret_4_995L2_2961L2_3281L2_961L2])==(0))
        {
          _lock_3L0_3L0[_ret_4_995L2_2961L2_3281L2_961L2] = -1;
        }
      }
      __sa3_932L0_2901L0_3215L0_911L0[0] = 1;
      if((prev_180L6_2188L2_2445L2_717L2)!=(null))
      {
        int _ret_6_1108L2_3068L2_3395L2_980L2=((((int)prev_180L6_2188L2_2445L2_717L2))*(1))+(0);
        atomic
        {
          _lock_3L0_3L0[_ret_6_1108L2_3068L2_3395L2_980L2] = 0;
        }
      }
      __sa3_932L0_2901L0_3215L0_911L0[1] = 1;
      prev_180L6_2188L2_2445L2_717L2 = cur_180L7_2188L3_2445L3_717L3;
      __sa3_932L0_2901L0_3215L0_911L0[2] = 1;
      cur_180L7_2188L3_2445L3_717L3 = __s_Node_next_13_4L2_4L2[cur_180L7_2188L3_2445L3_717L3];
      __sa3_932L0_2901L0_3215L0_911L0[3] = 1;
    }
  }
  prev_109L1_2185L1_2443L1_715L1 = prev_180L6_2188L2_2445L2_717L2;
  cur_109L2_2185L2_2443L2_715L2 = cur_180L7_2188L3_2445L3_717L3;
  int __s_pac294_3589L4_997L4=cur_180L7_2188L3_2445L3_717L3;
  if((1)<(__s_Node_key_12_4L1_4L1[cur_180L7_2188L3_2445L3_717L3]))
  {
    int __s_tmp_new_Node_10_3252L2_3594L2_1002L2=0;
    atomic
    {
      __s_tmp_new_Node_10_3252L2_3594L2_1002L2 = __s_Node_nextInstance_11_4L0_4L0;
      __s_Node_nextInstance_11_4L0_4L0 = (__s_Node_nextInstance_11_4L0_4L0)+(1);
    }
    __s_Node_key_12_4L1_4L1[__s_tmp_new_Node_10_3252L2_3594L2_1002L2] = 1;
    __s_Node_next_13_4L2_4L2[__s_tmp_new_Node_10_3252L2_3594L2_1002L2] = cur_180L7_2188L3_2445L3_717L3;
    __s_Node_next_13_4L2_4L2[prev_180L6_2188L2_2445L2_717L2] = __s_tmp_new_Node_10_3252L2_3594L2_1002L2;
    ret_109L3_2185L3_2443L3_715L3 = 1;
  }
  else
  {
    ret_109L3_2185L3_2443L3_715L3 = 0;
  }
  int _ret_1_122L4_3259L4_3601L5_1009L5=((((int)prev_180L6_2188L2_2445L2_717L2))*(1))+(0);
  atomic
  {
    _lock_3L0_3L0[_ret_1_122L4_3259L4_3601L5_1009L5] = 0;
  }
  int _ret_2_123L5_3260L5_3603L6_1011L6=((((int)cur_180L7_2188L3_2445L3_717L3))*(1))+(0);
  atomic
  {
    _lock_3L0_3L0[_ret_2_123L5_3260L5_3603L6_1011L6] = 0;
  }
  _out_107L3_2184L2_2442L2_714L2 = ret_109L3_2185L3_2443L3_715L3;
  _has_out__109L0_2185L0_2443L0_715L0 = 1;
  _ret_3_28L6_2181L6_2440L6_712L6 = ret_109L3_2185L3_2443L3_715L3;
  bit _ret_4_30L7_3263L7_3607L7_1015L7=0;
  int S_125L3_3266L0_3609L0_1017L0=0;
  int key_125L3_3266L1_3609L1_1017L1=1;
  bit _out_125L3_3266L2_3609L2_1017L2=0;
  bit _has_out__127L0_3267L0_3610L0_1018L0=0;
  int prev_127L1_3267L1_3610L1_1018L1=0; int cur_127L2_3267L2_3610L2_1018L2=0;
  bit ret_127L3_3267L3_3610L3_1018L3=0;
  int S_180L6_3270L0_3612L0_1020L0=0;
  int key_180L6_3270L1_3612L1_1020L1=1;
  int prev_180L6_3270L2_3612L2_1020L2=0;
  int cur_180L7_3270L3_3612L3_1020L3=0;
  bit _has_out__182L0_3271L0_3613L0_1021L0=0;
  prev_180L6_3270L2_3612L2_1020L2 = null;
  int __s_pac298_3615L0_1023L0=0;
  cur_180L7_3270L3_3612L3_1020L3 = __s_Set_head_15_46L5_46L5[0];
  int _ret_0_184L1_3273L1_3615L1_1023L1=1;
  atomic((_lock_3L0_3L0[1])==(0))
  {
    _lock_3L0_3L0[1] = -1;
  }
  for(int i_187L0_3276L0_3619L0_1027L0=0;(i_187L0_3276L0_3619L0_1027L0)<(4);i_187L0_3276L0_3619L0_1027L0 = (i_187L0_3276L0_3619L0_1027L0)+(1))
  {
    if((__s_Node_key_12_4L1_4L1[cur_180L7_3270L3_3612L3_1020L3])<(1))
    {
      bit[4] __sa3_932L0_3983L0_4382L0_1214L0={0,0,0,0};
      __sa3_932L0_3983L0_4382L0_1214L0[0] = 0;
      __sa3_932L0_3983L0_4382L0_1214L0[1] = 0;
      __sa3_932L0_3983L0_4382L0_1214L0[2] = 0;
      __sa3_932L0_3983L0_4382L0_1214L0[3] = 0;
      int _ret_1_934L0_3986L0_4391L0_1223L0=null;
      int __s_tmp_cond_elim_0_952L0_4002L0_4407L0_1235L0=__s_Node_next_13_4L2_4L2[cur_180L7_3270L3_3612L3_1020L3];
      boolean __s_tmp_cond_elim_1_973L0_4022L0_4427L0_1249L0=(__s_tmp_cond_elim_0_952L0_4002L0_4407L0_1235L0)!=(_ret_1_934L0_3986L0_4391L0_1223L0);
      if(__s_tmp_cond_elim_1_973L0_4022L0_4427L0_1249L0)
      {
        int __s_tmp_cond_elim_0_992L0_4040L0_4445L0_1262L0=__s_Node_next_13_4L2_4L2[cur_180L7_3270L3_3612L3_1020L3];
        int _ret_4_995L2_4043L2_4448L2_1264L2=((((int)__s_tmp_cond_elim_0_992L0_4040L0_4445L0_1262L0))*(1))+(0);
        atomic((_lock_3L0_3L0[_ret_4_995L2_4043L2_4448L2_1264L2])==(0))
        {
          _lock_3L0_3L0[_ret_4_995L2_4043L2_4448L2_1264L2] = -1;
        }
      }
      __sa3_932L0_3983L0_4382L0_1214L0[0] = 1;
      if((prev_180L6_3270L2_3612L2_1020L2)!=(null))
      {
        int _ret_6_1108L2_4150L2_4562L2_1283L2=((((int)prev_180L6_3270L2_3612L2_1020L2))*(1))+(0);
        atomic
        {
          _lock_3L0_3L0[_ret_6_1108L2_4150L2_4562L2_1283L2] = 0;
        }
      }
      __sa3_932L0_3983L0_4382L0_1214L0[1] = 1;
      prev_180L6_3270L2_3612L2_1020L2 = cur_180L7_3270L3_3612L3_1020L3;
      __sa3_932L0_3983L0_4382L0_1214L0[2] = 1;
      cur_180L7_3270L3_3612L3_1020L3 = __s_Node_next_13_4L2_4L2[cur_180L7_3270L3_3612L3_1020L3];
      __sa3_932L0_3983L0_4382L0_1214L0[3] = 1;
    }
  }
  prev_127L1_3267L1_3610L1_1018L1 = prev_180L6_3270L2_3612L2_1020L2;
  cur_127L2_3267L2_3610L2_1018L2 = cur_180L7_3270L3_3612L3_1020L3;
  int __s_pac368_4756L4_1300L4=cur_180L7_3270L3_3612L3_1020L3;
  if((1)==(__s_Node_key_12_4L1_4L1[cur_180L7_3270L3_3612L3_1020L3]))
  {
    __s_Node_next_13_4L2_4L2[prev_180L6_3270L2_3612L2_1020L2] = __s_Node_next_13_4L2_4L2[cur_180L7_3270L3_3612L3_1020L3];
    ret_127L3_3267L3_3610L3_1018L3 = 1;
  }
  else
  {
    ret_127L3_3267L3_3610L3_1018L3 = 0;
  }
  int _ret_0_133L4_4334L4_4761L5_1305L5=((((int)prev_180L6_3270L2_3612L2_1020L2))*(1))+(0);
  atomic
  {
    _lock_3L0_3L0[_ret_0_133L4_4334L4_4761L5_1305L5] = 0;
  }
  int _ret_1_134L5_4335L5_4763L6_1307L6=((((int)cur_180L7_3270L3_3612L3_1020L3))*(1))+(0);
  atomic
  {
    _lock_3L0_3L0[_ret_1_134L5_4335L5_4763L6_1307L6] = 0;
  }
  _out_125L3_3266L2_3609L2_1017L2 = ret_127L3_3267L3_3610L3_1018L3;
  _has_out__127L0_3267L0_3610L0_1018L0 = 1;
  _ret_4_30L7_3263L7_3607L7_1015L7 = ret_127L3_3267L3_3610L3_1018L3;
  bit _ret_5_32L8_4338L8_4767L8_1311L8=0;
  int S_136L3_4341L0_4769L0_1313L0=0;
  bit _out_136L3_4341L1_4769L1_1313L1=0;
  bit _has_out__138L0_4342L0_4770L0_1314L0=0;
  int __s_pac372_4771L0_1315L0=0;
  int __s_pac371_4771L1_1315L1=__s_Set_tail_16_46L4_46L4[0];
  int __s_pac374_4772L0_1316L0=0;
  int __s_pac373_4772L1_1316L1=__s_Set_head_15_46L5_46L5[0];
  int __s_pac375_4772L2_1316L2=0;
  _out_136L3_4341L1_4769L1_1313L1 = (__s_Node_next_13_4L2_4L2[1])==(__s_Set_tail_16_46L4_46L4[0]);
  _has_out__138L0_4342L0_4770L0_1314L0 = 1;
  _ret_5_32L8_4338L8_4767L8_1311L8 = _out_136L3_4341L1_4769L1_1313L1;
  fork(int i_36L0_4347L0_4775L0_1319L0; 2)
  {
    int addKey_38L0_4349L0_4777L0_1322L0=i_36L0_4347L0_4775L0_1319L0; int rmKey_38L1_4349L1_4777L1_1322L1=((i_36L0_4347L0_4775L0_1319L0)+(1))%(2);
    for(int j_40L0_4351L0_4779L0_1324L0=0;(j_40L0_4351L0_4779L0_1324L0)<(1);j_40L0_4351L0_4779L0_1324L0 = (j_40L0_4351L0_4779L0_1324L0)+(1))
    {
      int prev_180L6_8681L2_9447L2_2536L2=0;
      int cur_180L7_8681L3_9447L3_2536L3;
      prev_180L6_8681L2_9447L2_2536L2 = null;
      cur_180L7_8681L3_9447L3_2536L3 = __s_Set_head_15_46L5_46L5[0];
      int _ret_0_184L1_8684L1_9450L1_2539L1=((((int)cur_180L7_8681L3_9447L3_2536L3))*(1))+(0);
      atomic((_lock_3L0_3L0[_ret_0_184L1_8684L1_9450L1_2539L1])==(0))
      {
        _lock_3L0_3L0[_ret_0_184L1_8684L1_9450L1_2539L1] = (i_36L0_4347L0_4775L0_1319L0)+(1);
      }
      for(int i_187L0_8687L0_9454L0_2543L0=0;(i_187L0_8687L0_9454L0_2543L0)<(4);i_187L0_8687L0_9454L0_2543L0 = (i_187L0_8687L0_9454L0_2543L0)+(1))
      {
        if((__s_Node_key_12_4L1_4L1[cur_180L7_8681L3_9447L3_2536L3])<(addKey_38L0_4349L0_4777L0_1322L0))
        {
          bit[4] __sa3_932L0_9394L0_10217L0_2730L0={0,0,0,0};
          __sa3_932L0_9394L0_10217L0_2730L0[0] = 0;
          __sa3_932L0_9394L0_10217L0_2730L0[1] = 0;
          __sa3_932L0_9394L0_10217L0_2730L0[2] = 0;
          __sa3_932L0_9394L0_10217L0_2730L0[3] = 0;
          int _ret_1_934L0_9397L0_10226L0_2739L0=null;
          int __s_tmp_cond_elim_0_952L0_9413L0_10242L0_2751L0=__s_Node_next_13_4L2_4L2[cur_180L7_8681L3_9447L3_2536L3];
          boolean __s_tmp_cond_elim_1_973L0_9433L0_10262L0_2765L0=(__s_tmp_cond_elim_0_952L0_9413L0_10242L0_2751L0)!=(_ret_1_934L0_9397L0_10226L0_2739L0);
          if(__s_tmp_cond_elim_1_973L0_9433L0_10262L0_2765L0)
          {
            int __s_tmp_cond_elim_0_992L0_9451L0_10280L0_2778L0=__s_Node_next_13_4L2_4L2[cur_180L7_8681L3_9447L3_2536L3];
            int _ret_4_995L2_9454L2_10283L2_2780L2=((((int)__s_tmp_cond_elim_0_992L0_9451L0_10280L0_2778L0))*(1))+(0);
            atomic((_lock_3L0_3L0[_ret_4_995L2_9454L2_10283L2_2780L2])==(0))
            {
              _lock_3L0_3L0[_ret_4_995L2_9454L2_10283L2_2780L2] = (i_36L0_4347L0_4775L0_1319L0)+(1);
            }
          }
          __sa3_932L0_9394L0_10217L0_2730L0[0] = 1;
          if((prev_180L6_8681L2_9447L2_2536L2)!=(null))
          {
            int _ret_6_1108L2_9561L2_10397L2_2799L2=((((int)prev_180L6_8681L2_9447L2_2536L2))*(1))+(0);
            atomic
            {
              _lock_3L0_3L0[_ret_6_1108L2_9561L2_10397L2_2799L2] = 0;
            }
          }
          __sa3_932L0_9394L0_10217L0_2730L0[1] = 1;
          prev_180L6_8681L2_9447L2_2536L2 = cur_180L7_8681L3_9447L3_2536L3;
          __sa3_932L0_9394L0_10217L0_2730L0[2] = 1;
          cur_180L7_8681L3_9447L3_2536L3 = __s_Node_next_13_4L2_4L2[cur_180L7_8681L3_9447L3_2536L3];
          __sa3_932L0_9394L0_10217L0_2730L0[3] = 1;
        }
      }
      if((addKey_38L0_4349L0_4777L0_1322L0)<(__s_Node_key_12_4L1_4L1[cur_180L7_8681L3_9447L3_2536L3]))
      {
        int __s_tmp_new_Node_10_9745L2_10596L2_2821L2=0;
        atomic
        {
          __s_tmp_new_Node_10_9745L2_10596L2_2821L2 = __s_Node_nextInstance_11_4L0_4L0;
          __s_Node_nextInstance_11_4L0_4L0 = (__s_Node_nextInstance_11_4L0_4L0)+(1);
        }
        __s_Node_key_12_4L1_4L1[__s_tmp_new_Node_10_9745L2_10596L2_2821L2] = addKey_38L0_4349L0_4777L0_1322L0;
        __s_Node_next_13_4L2_4L2[__s_tmp_new_Node_10_9745L2_10596L2_2821L2] = cur_180L7_8681L3_9447L3_2536L3;
        __s_Node_next_13_4L2_4L2[prev_180L6_8681L2_9447L2_2536L2] = __s_tmp_new_Node_10_9745L2_10596L2_2821L2;
      }
      int _ret_1_122L4_9752L4_10603L5_2828L5=((((int)prev_180L6_8681L2_9447L2_2536L2))*(1))+(0);
      atomic
      {
        _lock_3L0_3L0[_ret_1_122L4_9752L4_10603L5_2828L5] = 0;
      }
      int _ret_2_123L5_9753L5_10605L6_2830L6=((((int)cur_180L7_8681L3_9447L3_2536L3))*(1))+(0);
      atomic
      {
        _lock_3L0_3L0[_ret_2_123L5_9753L5_10605L6_2830L6] = 0;
      }
      addKey_38L0_4349L0_4777L0_1322L0 = (addKey_38L0_4349L0_4777L0_1322L0)+(2);
      bit ret_127L3_9761L3_10613L3_2838L3=0;
      int prev_180L6_9764L2_10615L2_2840L2=0;
      int cur_180L7_9764L3_10615L3_2840L3;
      prev_180L6_9764L2_10615L2_2840L2 = null;
      cur_180L7_9764L3_10615L3_2840L3 = __s_Set_head_15_46L5_46L5[0];
      int _ret_0_184L1_9767L1_10618L1_2843L1=((((int)cur_180L7_9764L3_10615L3_2840L3))*(1))+(0);
      atomic((_lock_3L0_3L0[_ret_0_184L1_9767L1_10618L1_2843L1])==(0))
      {
        _lock_3L0_3L0[_ret_0_184L1_9767L1_10618L1_2843L1] = (i_36L0_4347L0_4775L0_1319L0)+(1);
      }
      for(int i_187L0_9770L0_10622L0_2847L0=0;(i_187L0_9770L0_10622L0_2847L0)<(4);i_187L0_9770L0_10622L0_2847L0 = (i_187L0_9770L0_10622L0_2847L0)+(1))
      {
        if((__s_Node_key_12_4L1_4L1[cur_180L7_9764L3_10615L3_2840L3])<(rmKey_38L1_4349L1_4777L1_1322L1))
        {
          bit[4] __sa3_932L0_10477L0_11385L0_3034L0={0,0,0,0};
          __sa3_932L0_10477L0_11385L0_3034L0[0] = 0;
          __sa3_932L0_10477L0_11385L0_3034L0[1] = 0;
          __sa3_932L0_10477L0_11385L0_3034L0[2] = 0;
          __sa3_932L0_10477L0_11385L0_3034L0[3] = 0;
          int _ret_1_934L0_10480L0_11394L0_3043L0=null;
          int __s_tmp_cond_elim_0_952L0_10496L0_11410L0_3055L0=__s_Node_next_13_4L2_4L2[cur_180L7_9764L3_10615L3_2840L3];
          boolean __s_tmp_cond_elim_1_973L0_10516L0_11430L0_3069L0=(__s_tmp_cond_elim_0_952L0_10496L0_11410L0_3055L0)!=(_ret_1_934L0_10480L0_11394L0_3043L0);
          if(__s_tmp_cond_elim_1_973L0_10516L0_11430L0_3069L0)
          {
            int __s_tmp_cond_elim_0_992L0_10534L0_11448L0_3082L0=__s_Node_next_13_4L2_4L2[cur_180L7_9764L3_10615L3_2840L3];
            int _ret_4_995L2_10537L2_11451L2_3084L2=((((int)__s_tmp_cond_elim_0_992L0_10534L0_11448L0_3082L0))*(1))+(0);
            atomic((_lock_3L0_3L0[_ret_4_995L2_10537L2_11451L2_3084L2])==(0))
            {
              _lock_3L0_3L0[_ret_4_995L2_10537L2_11451L2_3084L2] = (i_36L0_4347L0_4775L0_1319L0)+(1);
            }
          }
          __sa3_932L0_10477L0_11385L0_3034L0[0] = 1;
          if((prev_180L6_9764L2_10615L2_2840L2)!=(null))
          {
            int _ret_6_1108L2_10644L2_11565L2_3103L2=((((int)prev_180L6_9764L2_10615L2_2840L2))*(1))+(0);
            atomic
            {
              _lock_3L0_3L0[_ret_6_1108L2_10644L2_11565L2_3103L2] = 0;
            }
          }
          __sa3_932L0_10477L0_11385L0_3034L0[1] = 1;
          prev_180L6_9764L2_10615L2_2840L2 = cur_180L7_9764L3_10615L3_2840L3;
          __sa3_932L0_10477L0_11385L0_3034L0[2] = 1;
          cur_180L7_9764L3_10615L3_2840L3 = __s_Node_next_13_4L2_4L2[cur_180L7_9764L3_10615L3_2840L3];
          __sa3_932L0_10477L0_11385L0_3034L0[3] = 1;
        }
      }
      if((rmKey_38L1_4349L1_4777L1_1322L1)==(__s_Node_key_12_4L1_4L1[cur_180L7_9764L3_10615L3_2840L3]))
      {
        __s_Node_next_13_4L2_4L2[prev_180L6_9764L2_10615L2_2840L2] = __s_Node_next_13_4L2_4L2[cur_180L7_9764L3_10615L3_2840L3];
        ret_127L3_9761L3_10613L3_2838L3 = 1;
      }
      else
      {
        ret_127L3_9761L3_10613L3_2838L3 = 0;
      }
      int _ret_0_133L4_10828L4_11764L5_3125L5=((((int)prev_180L6_9764L2_10615L2_2840L2))*(1))+(0);
      atomic
      {
        _lock_3L0_3L0[_ret_0_133L4_10828L4_11764L5_3125L5] = 0;
      }
      int _ret_1_134L5_10829L5_11766L6_3127L6=((((int)cur_180L7_9764L3_10615L3_2840L3))*(1))+(0);
      atomic
      {
        _lock_3L0_3L0[_ret_1_134L5_10829L5_11766L6_3127L6] = 0;
      }
      removed_24L3_24L3_110L3_110L3[rmKey_38L1_4349L1_4777L1_1322L1] = ret_127L3_9761L3_10613L3_2838L3;
      rmKey_38L1_4349L1_4777L1_1322L1 = ((rmKey_38L1_4349L1_4777L1_1322L1)+(2))%(2);
    }
  }
  for(int k_65L0_10876L0_11813L0_3174L0=0;(k_65L0_10876L0_11813L0_3174L0)<(2);k_65L0_10876L0_11813L0_3174L0 = (k_65L0_10876L0_11813L0_3174L0)+(1))
  {
    if(removed_24L3_24L3_110L3_110L3[k_65L0_10876L0_11813L0_3174L0])
    {
      int prev_180L6_17363L2_18808L2_4985L2=0;
      int cur_180L7_17363L3_18808L3_4985L3;
      prev_180L6_17363L2_18808L2_4985L2 = null;
      cur_180L7_17363L3_18808L3_4985L3 = __s_Set_head_15_46L5_46L5[0];
      int _ret_0_184L1_17366L1_18811L1_4988L1=((((int)cur_180L7_17363L3_18808L3_4985L3))*(1))+(0);
      atomic((_lock_3L0_3L0[_ret_0_184L1_17366L1_18811L1_4988L1])==(0))
      {
        _lock_3L0_3L0[_ret_0_184L1_17366L1_18811L1_4988L1] = -1;
      }
      for(int i_187L0_17369L0_18815L0_4992L0=0;(i_187L0_17369L0_18815L0_4992L0)<(4);i_187L0_17369L0_18815L0_4992L0 = (i_187L0_17369L0_18815L0_4992L0)+(1))
      {
        if((__s_Node_key_12_4L1_4L1[cur_180L7_17363L3_18808L3_4985L3])<(k_65L0_10876L0_11813L0_3174L0))
        {
          bit[4] __sa3_932L0_18076L0_19578L0_5179L0={0,0,0,0};
          __sa3_932L0_18076L0_19578L0_5179L0[0] = 0;
          __sa3_932L0_18076L0_19578L0_5179L0[1] = 0;
          __sa3_932L0_18076L0_19578L0_5179L0[2] = 0;
          __sa3_932L0_18076L0_19578L0_5179L0[3] = 0;
          int _ret_1_934L0_18079L0_19587L0_5188L0=null;
          int __s_tmp_cond_elim_0_952L0_18095L0_19603L0_5200L0=__s_Node_next_13_4L2_4L2[cur_180L7_17363L3_18808L3_4985L3];
          boolean __s_tmp_cond_elim_1_973L0_18115L0_19623L0_5214L0=(__s_tmp_cond_elim_0_952L0_18095L0_19603L0_5200L0)!=(_ret_1_934L0_18079L0_19587L0_5188L0);
          if(__s_tmp_cond_elim_1_973L0_18115L0_19623L0_5214L0)
          {
            int __s_tmp_cond_elim_0_992L0_18133L0_19641L0_5227L0=__s_Node_next_13_4L2_4L2[cur_180L7_17363L3_18808L3_4985L3];
            int _ret_4_995L2_18136L2_19644L2_5229L2=((((int)__s_tmp_cond_elim_0_992L0_18133L0_19641L0_5227L0))*(1))+(0);
            atomic((_lock_3L0_3L0[_ret_4_995L2_18136L2_19644L2_5229L2])==(0))
            {
              _lock_3L0_3L0[_ret_4_995L2_18136L2_19644L2_5229L2] = -1;
            }
          }
          __sa3_932L0_18076L0_19578L0_5179L0[0] = 1;
          if((prev_180L6_17363L2_18808L2_4985L2)!=(null))
          {
            int _ret_6_1108L2_18243L2_19758L2_5248L2=((((int)prev_180L6_17363L2_18808L2_4985L2))*(1))+(0);
            atomic
            {
              _lock_3L0_3L0[_ret_6_1108L2_18243L2_19758L2_5248L2] = 0;
            }
          }
          __sa3_932L0_18076L0_19578L0_5179L0[1] = 1;
          prev_180L6_17363L2_18808L2_4985L2 = cur_180L7_17363L3_18808L3_4985L3;
          __sa3_932L0_18076L0_19578L0_5179L0[2] = 1;
          cur_180L7_17363L3_18808L3_4985L3 = __s_Node_next_13_4L2_4L2[cur_180L7_17363L3_18808L3_4985L3];
          __sa3_932L0_18076L0_19578L0_5179L0[3] = 1;
        }
      }
      if((k_65L0_10876L0_11813L0_3174L0)==(__s_Node_key_12_4L1_4L1[cur_180L7_17363L3_18808L3_4985L3]))
      {
        __s_Node_next_13_4L2_4L2[prev_180L6_17363L2_18808L2_4985L2] = __s_Node_next_13_4L2_4L2[cur_180L7_17363L3_18808L3_4985L3];
      }
      int _ret_0_133L4_18427L4_19957L5_5270L5=((((int)prev_180L6_17363L2_18808L2_4985L2))*(1))+(0);
      atomic
      {
        _lock_3L0_3L0[_ret_0_133L4_18427L4_19957L5_5270L5] = 0;
      }
      int _ret_1_134L5_18428L5_19959L6_5272L6=((((int)cur_180L7_17363L3_18808L3_4985L3))*(1))+(0);
      atomic
      {
        _lock_3L0_3L0[_ret_1_134L5_18428L5_19959L6_5272L6] = 0;
      }
    }
    else
    {
      int prev_180L6_18440L2_19970L2_5283L2=0;
      int cur_180L7_18440L3_19970L3_5283L3;
      prev_180L6_18440L2_19970L2_5283L2 = null;
      cur_180L7_18440L3_19970L3_5283L3 = __s_Set_head_15_46L5_46L5[0];
      int _ret_0_184L1_18443L1_19973L1_5286L1=((((int)cur_180L7_18440L3_19970L3_5283L3))*(1))+(0);
      atomic((_lock_3L0_3L0[_ret_0_184L1_18443L1_19973L1_5286L1])==(0))
      {
        _lock_3L0_3L0[_ret_0_184L1_18443L1_19973L1_5286L1] = -1;
      }
      for(int i_187L0_18446L0_19977L0_5290L0=0;(i_187L0_18446L0_19977L0_5290L0)<(4);i_187L0_18446L0_19977L0_5290L0 = (i_187L0_18446L0_19977L0_5290L0)+(1))
      {
        if((__s_Node_key_12_4L1_4L1[cur_180L7_18440L3_19970L3_5283L3])<(k_65L0_10876L0_11813L0_3174L0))
        {
          bit[4] __sa3_932L0_19153L0_20740L0_5477L0={0,0,0,0};
          __sa3_932L0_19153L0_20740L0_5477L0[0] = 0;
          __sa3_932L0_19153L0_20740L0_5477L0[1] = 0;
          __sa3_932L0_19153L0_20740L0_5477L0[2] = 0;
          __sa3_932L0_19153L0_20740L0_5477L0[3] = 0;
          int _ret_1_934L0_19156L0_20749L0_5486L0=null;
          int __s_tmp_cond_elim_0_952L0_19172L0_20765L0_5498L0=__s_Node_next_13_4L2_4L2[cur_180L7_18440L3_19970L3_5283L3];
          boolean __s_tmp_cond_elim_1_973L0_19192L0_20785L0_5512L0=(__s_tmp_cond_elim_0_952L0_19172L0_20765L0_5498L0)!=(_ret_1_934L0_19156L0_20749L0_5486L0);
          if(__s_tmp_cond_elim_1_973L0_19192L0_20785L0_5512L0)
          {
            int __s_tmp_cond_elim_0_992L0_19210L0_20803L0_5525L0=__s_Node_next_13_4L2_4L2[cur_180L7_18440L3_19970L3_5283L3];
            int _ret_4_995L2_19213L2_20806L2_5527L2=((((int)__s_tmp_cond_elim_0_992L0_19210L0_20803L0_5525L0))*(1))+(0);
            atomic((_lock_3L0_3L0[_ret_4_995L2_19213L2_20806L2_5527L2])==(0))
            {
              _lock_3L0_3L0[_ret_4_995L2_19213L2_20806L2_5527L2] = -1;
            }
          }
          __sa3_932L0_19153L0_20740L0_5477L0[0] = 1;
          if((prev_180L6_18440L2_19970L2_5283L2)!=(null))
          {
            int _ret_6_1108L2_19320L2_20920L2_5546L2=((((int)prev_180L6_18440L2_19970L2_5283L2))*(1))+(0);
            atomic
            {
              _lock_3L0_3L0[_ret_6_1108L2_19320L2_20920L2_5546L2] = 0;
            }
          }
          __sa3_932L0_19153L0_20740L0_5477L0[1] = 1;
          prev_180L6_18440L2_19970L2_5283L2 = cur_180L7_18440L3_19970L3_5283L3;
          __sa3_932L0_19153L0_20740L0_5477L0[2] = 1;
          cur_180L7_18440L3_19970L3_5283L3 = __s_Node_next_13_4L2_4L2[cur_180L7_18440L3_19970L3_5283L3];
          __sa3_932L0_19153L0_20740L0_5477L0[3] = 1;
        }
      }
      if((k_65L0_10876L0_11813L0_3174L0)<(__s_Node_key_12_4L1_4L1[cur_180L7_18440L3_19970L3_5283L3]))
      {
        int __s_tmp_new_Node_10_19504L2_21119L2_5568L2=0;
        atomic
        {
          __s_tmp_new_Node_10_19504L2_21119L2_5568L2 = __s_Node_nextInstance_11_4L0_4L0;
          __s_Node_nextInstance_11_4L0_4L0 = (__s_Node_nextInstance_11_4L0_4L0)+(1);
        }
        __s_Node_key_12_4L1_4L1[__s_tmp_new_Node_10_19504L2_21119L2_5568L2] = k_65L0_10876L0_11813L0_3174L0;
        __s_Node_next_13_4L2_4L2[__s_tmp_new_Node_10_19504L2_21119L2_5568L2] = cur_180L7_18440L3_19970L3_5283L3;
        __s_Node_next_13_4L2_4L2[prev_180L6_18440L2_19970L2_5283L2] = __s_tmp_new_Node_10_19504L2_21119L2_5568L2;
      }
      int _ret_1_122L4_19511L4_21126L5_5575L5=((((int)prev_180L6_18440L2_19970L2_5283L2))*(1))+(0);
      atomic
      {
        _lock_3L0_3L0[_ret_1_122L4_19511L4_21126L5_5575L5] = 0;
      }
      int _ret_2_123L5_19512L5_21128L6_5577L6=((((int)cur_180L7_18440L3_19970L3_5283L3))*(1))+(0);
      atomic
      {
        _lock_3L0_3L0[_ret_2_123L5_19512L5_21128L6_5577L6] = 0;
      }
      int prev_180L6_19522L2_21137L2_5586L2=0;
      int cur_180L7_19522L3_21137L3_5586L3;
      prev_180L6_19522L2_21137L2_5586L2 = null;
      cur_180L7_19522L3_21137L3_5586L3 = __s_Set_head_15_46L5_46L5[0];
      int _ret_0_184L1_19525L1_21140L1_5589L1=((((int)cur_180L7_19522L3_21137L3_5586L3))*(1))+(0);
      atomic((_lock_3L0_3L0[_ret_0_184L1_19525L1_21140L1_5589L1])==(0))
      {
        _lock_3L0_3L0[_ret_0_184L1_19525L1_21140L1_5589L1] = -1;
      }
      for(int i_187L0_19528L0_21144L0_5593L0=0;(i_187L0_19528L0_21144L0_5593L0)<(4);i_187L0_19528L0_21144L0_5593L0 = (i_187L0_19528L0_21144L0_5593L0)+(1))
      {
        if((__s_Node_key_12_4L1_4L1[cur_180L7_19522L3_21137L3_5586L3])<(k_65L0_10876L0_11813L0_3174L0))
        {
          bit[4] __sa3_932L0_20235L0_21907L0_5780L0={0,0,0,0};
          __sa3_932L0_20235L0_21907L0_5780L0[0] = 0;
          __sa3_932L0_20235L0_21907L0_5780L0[1] = 0;
          __sa3_932L0_20235L0_21907L0_5780L0[2] = 0;
          __sa3_932L0_20235L0_21907L0_5780L0[3] = 0;
          int _ret_1_934L0_20238L0_21916L0_5789L0=null;
          int __s_tmp_cond_elim_0_952L0_20254L0_21932L0_5801L0=__s_Node_next_13_4L2_4L2[cur_180L7_19522L3_21137L3_5586L3];
          boolean __s_tmp_cond_elim_1_973L0_20274L0_21952L0_5815L0=(__s_tmp_cond_elim_0_952L0_20254L0_21932L0_5801L0)!=(_ret_1_934L0_20238L0_21916L0_5789L0);
          if(__s_tmp_cond_elim_1_973L0_20274L0_21952L0_5815L0)
          {
            int __s_tmp_cond_elim_0_992L0_20292L0_21970L0_5828L0=__s_Node_next_13_4L2_4L2[cur_180L7_19522L3_21137L3_5586L3];
            int _ret_4_995L2_20295L2_21973L2_5830L2=((((int)__s_tmp_cond_elim_0_992L0_20292L0_21970L0_5828L0))*(1))+(0);
            atomic((_lock_3L0_3L0[_ret_4_995L2_20295L2_21973L2_5830L2])==(0))
            {
              _lock_3L0_3L0[_ret_4_995L2_20295L2_21973L2_5830L2] = -1;
            }
          }
          __sa3_932L0_20235L0_21907L0_5780L0[0] = 1;
          if((prev_180L6_19522L2_21137L2_5586L2)!=(null))
          {
            int _ret_6_1108L2_20402L2_22087L2_5849L2=((((int)prev_180L6_19522L2_21137L2_5586L2))*(1))+(0);
            atomic
            {
              _lock_3L0_3L0[_ret_6_1108L2_20402L2_22087L2_5849L2] = 0;
            }
          }
          __sa3_932L0_20235L0_21907L0_5780L0[1] = 1;
          prev_180L6_19522L2_21137L2_5586L2 = cur_180L7_19522L3_21137L3_5586L3;
          __sa3_932L0_20235L0_21907L0_5780L0[2] = 1;
          cur_180L7_19522L3_21137L3_5586L3 = __s_Node_next_13_4L2_4L2[cur_180L7_19522L3_21137L3_5586L3];
          __sa3_932L0_20235L0_21907L0_5780L0[3] = 1;
        }
      }
      if((k_65L0_10876L0_11813L0_3174L0)==(__s_Node_key_12_4L1_4L1[cur_180L7_19522L3_21137L3_5586L3]))
      {
        __s_Node_next_13_4L2_4L2[prev_180L6_19522L2_21137L2_5586L2] = __s_Node_next_13_4L2_4L2[cur_180L7_19522L3_21137L3_5586L3];
      }
      int _ret_0_133L4_20586L4_22286L5_5871L5=((((int)prev_180L6_19522L2_21137L2_5586L2))*(1))+(0);
      atomic
      {
        _lock_3L0_3L0[_ret_0_133L4_20586L4_22286L5_5871L5] = 0;
      }
      int _ret_1_134L5_20587L5_22288L6_5873L6=((((int)cur_180L7_19522L3_21137L3_5586L3))*(1))+(0);
      atomic
      {
        _lock_3L0_3L0[_ret_1_134L5_20587L5_22288L6_5873L6] = 0;
      }
    }
  }
  _out_1L0_1L0_1L0_1L0 = 1;
}
void T([!bit _out_104L1_20598L1_22299L1_5884L1])
{
  int[10] __s_Node_key_18_22301L1_5886L1={0,0,0,0,0,0,0,0,0,0}; int[10] __s_Node_next_19_22301L2_5886L2={0,0,0,0,0,0,0,0,0,0};
  __s_Node_key_18_22301L1_5886L1[0] = 0;
  __s_Node_key_18_22301L1_5886L1[1] = 0;
  __s_Node_key_18_22301L1_5886L1[2] = 0;
  __s_Node_key_18_22301L1_5886L1[3] = 0;
  __s_Node_key_18_22301L1_5886L1[4] = 0;
  __s_Node_key_18_22301L1_5886L1[5] = 0;
  __s_Node_key_18_22301L1_5886L1[6] = 0;
  __s_Node_key_18_22301L1_5886L1[7] = 0;
  __s_Node_key_18_22301L1_5886L1[8] = 0;
  __s_Node_key_18_22301L1_5886L1[9] = 0;
  int __s_tmp_cond_elim_58_22324L0_5909L0=null;
  __s_Node_next_19_22301L2_5886L2[0] = __s_tmp_cond_elim_58_22324L0_5909L0;
  int __s_tmp_cond_elim_58_22326L0_5911L0=null;
  __s_Node_next_19_22301L2_5886L2[1] = __s_tmp_cond_elim_58_22326L0_5911L0;
  int __s_tmp_cond_elim_58_22328L0_5913L0=null;
  __s_Node_next_19_22301L2_5886L2[2] = __s_tmp_cond_elim_58_22328L0_5913L0;
  int __s_tmp_cond_elim_58_22330L0_5915L0=null;
  __s_Node_next_19_22301L2_5886L2[3] = __s_tmp_cond_elim_58_22330L0_5915L0;
  int __s_tmp_cond_elim_58_22332L0_5917L0=null;
  __s_Node_next_19_22301L2_5886L2[4] = __s_tmp_cond_elim_58_22332L0_5917L0;
  int __s_tmp_cond_elim_58_22334L0_5919L0=null;
  __s_Node_next_19_22301L2_5886L2[5] = __s_tmp_cond_elim_58_22334L0_5919L0;
  int __s_tmp_cond_elim_58_22336L0_5921L0=null;
  __s_Node_next_19_22301L2_5886L2[6] = __s_tmp_cond_elim_58_22336L0_5921L0;
  int __s_tmp_cond_elim_58_22338L0_5923L0=null;
  __s_Node_next_19_22301L2_5886L2[7] = __s_tmp_cond_elim_58_22338L0_5923L0;
  int __s_tmp_cond_elim_58_22340L0_5925L0=null;
  __s_Node_next_19_22301L2_5886L2[8] = __s_tmp_cond_elim_58_22340L0_5925L0;
  int __s_tmp_cond_elim_58_22342L0_5927L0=null;
  __s_Node_next_19_22301L2_5886L2[9] = __s_tmp_cond_elim_58_22342L0_5927L0;
  int[10] __s_Set_tail_22_22343L4_5928L4={0,0,0,0,0,0,0,0,0,0}; int[10] __s_Set_head_21_22343L5_5928L5={0,0,0,0,0,0,0,0,0,0};
  int __s_tmp_cond_elim_59_22345L0_5930L0=null;
  __s_Set_tail_22_22343L4_5928L4[0] = __s_tmp_cond_elim_59_22345L0_5930L0;
  int __s_tmp_cond_elim_59_22347L0_5932L0=null;
  __s_Set_tail_22_22343L4_5928L4[1] = __s_tmp_cond_elim_59_22347L0_5932L0;
  int __s_tmp_cond_elim_59_22349L0_5934L0=null;
  __s_Set_tail_22_22343L4_5928L4[2] = __s_tmp_cond_elim_59_22349L0_5934L0;
  int __s_tmp_cond_elim_59_22351L0_5936L0=null;
  __s_Set_tail_22_22343L4_5928L4[3] = __s_tmp_cond_elim_59_22351L0_5936L0;
  int __s_tmp_cond_elim_59_22353L0_5938L0=null;
  __s_Set_tail_22_22343L4_5928L4[4] = __s_tmp_cond_elim_59_22353L0_5938L0;
  int __s_tmp_cond_elim_59_22355L0_5940L0=null;
  __s_Set_tail_22_22343L4_5928L4[5] = __s_tmp_cond_elim_59_22355L0_5940L0;
  int __s_tmp_cond_elim_59_22357L0_5942L0=null;
  __s_Set_tail_22_22343L4_5928L4[6] = __s_tmp_cond_elim_59_22357L0_5942L0;
  int __s_tmp_cond_elim_59_22359L0_5944L0=null;
  __s_Set_tail_22_22343L4_5928L4[7] = __s_tmp_cond_elim_59_22359L0_5944L0;
  int __s_tmp_cond_elim_59_22361L0_5946L0=null;
  __s_Set_tail_22_22343L4_5928L4[8] = __s_tmp_cond_elim_59_22361L0_5946L0;
  int __s_tmp_cond_elim_59_22363L0_5948L0=null;
  __s_Set_tail_22_22343L4_5928L4[9] = __s_tmp_cond_elim_59_22363L0_5948L0;
  int __s_tmp_cond_elim_60_22366L0_5951L0=null;
  __s_Set_head_21_22343L5_5928L5[0] = __s_tmp_cond_elim_60_22366L0_5951L0;
  int __s_tmp_cond_elim_60_22368L0_5953L0=null;
  __s_Set_head_21_22343L5_5928L5[1] = __s_tmp_cond_elim_60_22368L0_5953L0;
  int __s_tmp_cond_elim_60_22370L0_5955L0=null;
  __s_Set_head_21_22343L5_5928L5[2] = __s_tmp_cond_elim_60_22370L0_5955L0;
  int __s_tmp_cond_elim_60_22372L0_5957L0=null;
  __s_Set_head_21_22343L5_5928L5[3] = __s_tmp_cond_elim_60_22372L0_5957L0;
  int __s_tmp_cond_elim_60_22374L0_5959L0=null;
  __s_Set_head_21_22343L5_5928L5[4] = __s_tmp_cond_elim_60_22374L0_5959L0;
  int __s_tmp_cond_elim_60_22376L0_5961L0=null;
  __s_Set_head_21_22343L5_5928L5[5] = __s_tmp_cond_elim_60_22376L0_5961L0;
  int __s_tmp_cond_elim_60_22378L0_5963L0=null;
  __s_Set_head_21_22343L5_5928L5[6] = __s_tmp_cond_elim_60_22378L0_5963L0;
  int __s_tmp_cond_elim_60_22380L0_5965L0=null;
  __s_Set_head_21_22343L5_5928L5[7] = __s_tmp_cond_elim_60_22380L0_5965L0;
  int __s_tmp_cond_elim_60_22382L0_5967L0=null;
  __s_Set_head_21_22343L5_5928L5[8] = __s_tmp_cond_elim_60_22382L0_5967L0;
  int __s_tmp_cond_elim_60_22384L0_5969L0=null;
  __s_Set_head_21_22343L5_5928L5[9] = __s_tmp_cond_elim_60_22384L0_5969L0;
  _out_104L1_20598L1_22299L1_5884L1 = 1;
}
void lock([int mem])
void unlock([int mem])

===== Compilation statistics =====
  Solved? -----------------------------> true
  Number of iterations ----------------> 2
  Maximum memory usage (MiB) ----------> 161.14453
  Total elapsed time (s) --------------> 130.441
    % frontend ............ 7.813494
    % verification ........ 87.027084
    % synthesis ........... 5.159421
  Total solution time (s) -------------> 5.052
    % verification ........ 50.455265
    % synthesis ........... 49.544735

  Synthesizer statistics:  
    [solver stats]
    Number of calls -------------------> 2
    Total elapsed time (s) ------------> 6.73
    Total model building time (s) -----> 4.214
    Total solution time (s) -----------> 2.503
    Maximum memory usage (MiB) --------> 55.45703
    Average elapsed time (s) ----------> 3.365
    Average model building time (s) ---> 2.107
    Average solution time (s) ---------> 1.251
    Average memory usage (MiB) --------> 42.996094

  Verifier statistics:     
    [solver stats]
    Number of calls -------------------> 3
    Total elapsed time (s) ------------> 113.519
    Total model building time (s) -----> 110.97
    Total solution time (s) -----------> 2.549
    Maximum memory usage (MiB) --------> 23.875
    Average elapsed time (s) ----------> 37.839
    Average model building time (s) ---> 36.99
    Average solution time (s) ---------> 0.849
    Average memory usage (MiB) --------> 15.021

  Frontend statistics:     
    Total elapsed time (s) ------------> 10.192
    Max memory usage (MiB) ------------> 105.6875

[PSKETCH] DONE!
