Verifying non-sketched program ...
[SPINVERIF][2] Stats for last run:
      [solution stats]
      successful? ---------------------> true
      elapsed time (s) ----------------> 3.622
      model building time (s) ---------> 3.593
      solution time (s) ---------------> 0.029
      max memory usage (MiB) ----------> 5.125
      [SPIN-specific stats]
      codegen time (s) ----------------> 0.34
      codegen memory (MiB) ------------> 0.0
      compiler time (s) ---------------> 3.253
      compiler memory (MiB) -----------> 0.0
      total SPIN time (s) -------------> 0.029
      total SPIN mem (MiB) ------------> 5.125
      actual state mem (MiB) ----------> 0.0
      equiv state mem (MiB) -----------> 0.0
      state compression (%) -----------> 0.0
      # states explored ---------------> 2254
      state exploration rate (states/s)> 0

void main([!bit _out_1L0_1L0_1L0_1L0]) implements T
{
  int[10] _lock_3L0_3L0=0;
  int __s_Node_nextInstance_4_4L0_4L0=0; int[10] __s_Node_key_5_4L1_4L1={0,0,0,0,0,0,0,0,0,0}; int[10] __s_Node_next_6_4L2_4L2={0,0,0,0,0,0,0,0,0,0};
  bit __s_tmp_cond_elim_46_6L0_6L0=0;
  int __s_pac54_7L0_7L0=0;
  __s_tmp_cond_elim_46_6L0_6L0 = 0;
  int __s_pac55_7L1_7L1=0;
  __s_Node_key_5_4L1_4L1[0] = 0;
  bit __s_tmp_cond_elim_46_8L0_8L0=0;
  int __s_pac54_9L0_9L0=1;
  __s_tmp_cond_elim_46_8L0_8L0 = 0;
  int __s_pac55_9L1_9L1=1;
  __s_Node_key_5_4L1_4L1[1] = 0;
  bit __s_tmp_cond_elim_46_10L0_10L0=0;
  int __s_pac54_11L0_11L0=2;
  __s_tmp_cond_elim_46_10L0_10L0 = 0;
  int __s_pac55_11L1_11L1=2;
  __s_Node_key_5_4L1_4L1[2] = 0;
  bit __s_tmp_cond_elim_46_12L0_12L0=0;
  int __s_pac54_13L0_13L0=3;
  __s_tmp_cond_elim_46_12L0_12L0 = 0;
  int __s_pac55_13L1_13L1=3;
  __s_Node_key_5_4L1_4L1[3] = 0;
  bit __s_tmp_cond_elim_46_14L0_14L0=0;
  int __s_pac54_15L0_15L0=4;
  __s_tmp_cond_elim_46_14L0_14L0 = 0;
  int __s_pac55_15L1_15L1=4;
  __s_Node_key_5_4L1_4L1[4] = 0;
  bit __s_tmp_cond_elim_46_16L0_16L0=0;
  int __s_pac54_17L0_17L0=5;
  __s_tmp_cond_elim_46_16L0_16L0 = 0;
  int __s_pac55_17L1_17L1=5;
  __s_Node_key_5_4L1_4L1[5] = 0;
  bit __s_tmp_cond_elim_46_18L0_18L0=0;
  int __s_pac54_19L0_19L0=6;
  __s_tmp_cond_elim_46_18L0_18L0 = 0;
  int __s_pac55_19L1_19L1=6;
  __s_Node_key_5_4L1_4L1[6] = 0;
  bit __s_tmp_cond_elim_46_20L0_20L0=0;
  int __s_pac54_21L0_21L0=7;
  __s_tmp_cond_elim_46_20L0_20L0 = 0;
  int __s_pac55_21L1_21L1=7;
  __s_Node_key_5_4L1_4L1[7] = 0;
  bit __s_tmp_cond_elim_46_22L0_22L0=0;
  int __s_pac54_23L0_23L0=8;
  __s_tmp_cond_elim_46_22L0_22L0 = 0;
  int __s_pac55_23L1_23L1=8;
  __s_Node_key_5_4L1_4L1[8] = 0;
  bit __s_tmp_cond_elim_46_24L0_24L0=0;
  int __s_pac54_25L0_25L0=9;
  __s_tmp_cond_elim_46_24L0_24L0 = 0;
  int __s_pac55_25L1_25L1=9;
  __s_Node_key_5_4L1_4L1[9] = 0;
  int __s_tmp_cond_elim_47_27L0_27L0=0;
  int __s_pac56_28L0_28L0=0;
  __s_tmp_cond_elim_47_27L0_27L0 = null;
  int __s_pac57_28L1_28L1=0;
  __s_Node_next_6_4L2_4L2[0] = __s_tmp_cond_elim_47_27L0_27L0;
  int __s_tmp_cond_elim_47_29L0_29L0=0;
  int __s_pac56_30L0_30L0=1;
  __s_tmp_cond_elim_47_29L0_29L0 = null;
  int __s_pac57_30L1_30L1=1;
  __s_Node_next_6_4L2_4L2[1] = __s_tmp_cond_elim_47_29L0_29L0;
  int __s_tmp_cond_elim_47_31L0_31L0=0;
  int __s_pac56_32L0_32L0=2;
  __s_tmp_cond_elim_47_31L0_31L0 = null;
  int __s_pac57_32L1_32L1=2;
  __s_Node_next_6_4L2_4L2[2] = __s_tmp_cond_elim_47_31L0_31L0;
  int __s_tmp_cond_elim_47_33L0_33L0=0;
  int __s_pac56_34L0_34L0=3;
  __s_tmp_cond_elim_47_33L0_33L0 = null;
  int __s_pac57_34L1_34L1=3;
  __s_Node_next_6_4L2_4L2[3] = __s_tmp_cond_elim_47_33L0_33L0;
  int __s_tmp_cond_elim_47_35L0_35L0=0;
  int __s_pac56_36L0_36L0=4;
  __s_tmp_cond_elim_47_35L0_35L0 = null;
  int __s_pac57_36L1_36L1=4;
  __s_Node_next_6_4L2_4L2[4] = __s_tmp_cond_elim_47_35L0_35L0;
  int __s_tmp_cond_elim_47_37L0_37L0=0;
  int __s_pac56_38L0_38L0=5;
  __s_tmp_cond_elim_47_37L0_37L0 = null;
  int __s_pac57_38L1_38L1=5;
  __s_Node_next_6_4L2_4L2[5] = __s_tmp_cond_elim_47_37L0_37L0;
  int __s_tmp_cond_elim_47_39L0_39L0=0;
  int __s_pac56_40L0_40L0=6;
  __s_tmp_cond_elim_47_39L0_39L0 = null;
  int __s_pac57_40L1_40L1=6;
  __s_Node_next_6_4L2_4L2[6] = __s_tmp_cond_elim_47_39L0_39L0;
  int __s_tmp_cond_elim_47_41L0_41L0=0;
  int __s_pac56_42L0_42L0=7;
  __s_tmp_cond_elim_47_41L0_41L0 = null;
  int __s_pac57_42L1_42L1=7;
  __s_Node_next_6_4L2_4L2[7] = __s_tmp_cond_elim_47_41L0_41L0;
  int __s_tmp_cond_elim_47_43L0_43L0=0;
  int __s_pac56_44L0_44L0=8;
  __s_tmp_cond_elim_47_43L0_43L0 = null;
  int __s_pac57_44L1_44L1=8;
  __s_Node_next_6_4L2_4L2[8] = __s_tmp_cond_elim_47_43L0_43L0;
  int __s_tmp_cond_elim_47_45L0_45L0=0;
  int __s_pac56_46L0_46L0=9;
  __s_tmp_cond_elim_47_45L0_45L0 = null;
  int __s_pac57_46L1_46L1=9;
  __s_Node_next_6_4L2_4L2[9] = __s_tmp_cond_elim_47_45L0_45L0;
  int __s_Set_nextInstance_7_46L3_46L3=0; int[10] __s_Set_tail_9_46L4_46L4={0,0,0,0,0,0,0,0,0,0}; int[10] __s_Set_head_8_46L5_46L5={0,0,0,0,0,0,0,0,0,0};
  int __s_tmp_cond_elim_48_48L0_48L0=0;
  int __s_pac58_49L0_49L0=0;
  __s_tmp_cond_elim_48_48L0_48L0 = null;
  int __s_pac59_49L1_49L1=0;
  __s_Set_tail_9_46L4_46L4[0] = __s_tmp_cond_elim_48_48L0_48L0;
  int __s_tmp_cond_elim_48_50L0_50L0=0;
  int __s_pac58_51L0_51L0=1;
  __s_tmp_cond_elim_48_50L0_50L0 = null;
  int __s_pac59_51L1_51L1=1;
  __s_Set_tail_9_46L4_46L4[1] = __s_tmp_cond_elim_48_50L0_50L0;
  int __s_tmp_cond_elim_48_52L0_52L0=0;
  int __s_pac58_53L0_53L0=2;
  __s_tmp_cond_elim_48_52L0_52L0 = null;
  int __s_pac59_53L1_53L1=2;
  __s_Set_tail_9_46L4_46L4[2] = __s_tmp_cond_elim_48_52L0_52L0;
  int __s_tmp_cond_elim_48_54L0_54L0=0;
  int __s_pac58_55L0_55L0=3;
  __s_tmp_cond_elim_48_54L0_54L0 = null;
  int __s_pac59_55L1_55L1=3;
  __s_Set_tail_9_46L4_46L4[3] = __s_tmp_cond_elim_48_54L0_54L0;
  int __s_tmp_cond_elim_48_56L0_56L0=0;
  int __s_pac58_57L0_57L0=4;
  __s_tmp_cond_elim_48_56L0_56L0 = null;
  int __s_pac59_57L1_57L1=4;
  __s_Set_tail_9_46L4_46L4[4] = __s_tmp_cond_elim_48_56L0_56L0;
  int __s_tmp_cond_elim_48_58L0_58L0=0;
  int __s_pac58_59L0_59L0=5;
  __s_tmp_cond_elim_48_58L0_58L0 = null;
  int __s_pac59_59L1_59L1=5;
  __s_Set_tail_9_46L4_46L4[5] = __s_tmp_cond_elim_48_58L0_58L0;
  int __s_tmp_cond_elim_48_60L0_60L0=0;
  int __s_pac58_61L0_61L0=6;
  __s_tmp_cond_elim_48_60L0_60L0 = null;
  int __s_pac59_61L1_61L1=6;
  __s_Set_tail_9_46L4_46L4[6] = __s_tmp_cond_elim_48_60L0_60L0;
  int __s_tmp_cond_elim_48_62L0_62L0=0;
  int __s_pac58_63L0_63L0=7;
  __s_tmp_cond_elim_48_62L0_62L0 = null;
  int __s_pac59_63L1_63L1=7;
  __s_Set_tail_9_46L4_46L4[7] = __s_tmp_cond_elim_48_62L0_62L0;
  int __s_tmp_cond_elim_48_64L0_64L0=0;
  int __s_pac58_65L0_65L0=8;
  __s_tmp_cond_elim_48_64L0_64L0 = null;
  int __s_pac59_65L1_65L1=8;
  __s_Set_tail_9_46L4_46L4[8] = __s_tmp_cond_elim_48_64L0_64L0;
  int __s_tmp_cond_elim_48_66L0_66L0=0;
  int __s_pac58_67L0_67L0=9;
  __s_tmp_cond_elim_48_66L0_66L0 = null;
  int __s_pac59_67L1_67L1=9;
  __s_Set_tail_9_46L4_46L4[9] = __s_tmp_cond_elim_48_66L0_66L0;
  int __s_tmp_cond_elim_49_69L0_69L0=0;
  int __s_pac60_70L0_70L0=0;
  __s_tmp_cond_elim_49_69L0_69L0 = null;
  int __s_pac61_70L1_70L1=0;
  __s_Set_head_8_46L5_46L5[0] = __s_tmp_cond_elim_49_69L0_69L0;
  int __s_tmp_cond_elim_49_71L0_71L0=0;
  int __s_pac60_72L0_72L0=1;
  __s_tmp_cond_elim_49_71L0_71L0 = null;
  int __s_pac61_72L1_72L1=1;
  __s_Set_head_8_46L5_46L5[1] = __s_tmp_cond_elim_49_71L0_71L0;
  int __s_tmp_cond_elim_49_73L0_73L0=0;
  int __s_pac60_74L0_74L0=2;
  __s_tmp_cond_elim_49_73L0_73L0 = null;
  int __s_pac61_74L1_74L1=2;
  __s_Set_head_8_46L5_46L5[2] = __s_tmp_cond_elim_49_73L0_73L0;
  int __s_tmp_cond_elim_49_75L0_75L0=0;
  int __s_pac60_76L0_76L0=3;
  __s_tmp_cond_elim_49_75L0_75L0 = null;
  int __s_pac61_76L1_76L1=3;
  __s_Set_head_8_46L5_46L5[3] = __s_tmp_cond_elim_49_75L0_75L0;
  int __s_tmp_cond_elim_49_77L0_77L0=0;
  int __s_pac60_78L0_78L0=4;
  __s_tmp_cond_elim_49_77L0_77L0 = null;
  int __s_pac61_78L1_78L1=4;
  __s_Set_head_8_46L5_46L5[4] = __s_tmp_cond_elim_49_77L0_77L0;
  int __s_tmp_cond_elim_49_79L0_79L0=0;
  int __s_pac60_80L0_80L0=5;
  __s_tmp_cond_elim_49_79L0_79L0 = null;
  int __s_pac61_80L1_80L1=5;
  __s_Set_head_8_46L5_46L5[5] = __s_tmp_cond_elim_49_79L0_79L0;
  int __s_tmp_cond_elim_49_81L0_81L0=0;
  int __s_pac60_82L0_82L0=6;
  __s_tmp_cond_elim_49_81L0_81L0 = null;
  int __s_pac61_82L1_82L1=6;
  __s_Set_head_8_46L5_46L5[6] = __s_tmp_cond_elim_49_81L0_81L0;
  int __s_tmp_cond_elim_49_83L0_83L0=0;
  int __s_pac60_84L0_84L0=7;
  __s_tmp_cond_elim_49_83L0_83L0 = null;
  int __s_pac61_84L1_84L1=7;
  __s_Set_head_8_46L5_46L5[7] = __s_tmp_cond_elim_49_83L0_83L0;
  int __s_tmp_cond_elim_49_85L0_85L0=0;
  int __s_pac60_86L0_86L0=8;
  __s_tmp_cond_elim_49_85L0_85L0 = null;
  int __s_pac61_86L1_86L1=8;
  __s_Set_head_8_46L5_46L5[8] = __s_tmp_cond_elim_49_85L0_85L0;
  int __s_tmp_cond_elim_49_87L0_87L0=0;
  int __s_pac60_88L0_88L0=9;
  __s_tmp_cond_elim_49_87L0_87L0 = null;
  int __s_pac61_88L1_88L1=9;
  __s_Set_head_8_46L5_46L5[9] = __s_tmp_cond_elim_49_87L0_87L0;
  _out_1L0_1L0_1L0_1L0 = 0;
  bit _has_out__3L0_3L0_89L0_89L0=0;
  int S_4L1_4L1_90L1_90L1=0;
  int _ret_0_4L2_4L2_90L2_90L2=0;
  int negInf_7L0_6L0_92L0_92L0=-1;
  int posInf_7L1_6L1_92L1_92L1=4;
  int _out_7L2_6L2_92L2_92L2=0;
  bit _has_out__8L0_7L0_93L0_93L0=0;
  int S_8L1_7L1_93L1_93L1=0;
  int __s_tmp_new_Set_0_7L2_93L2_93L2=0;
  atomic
  {
    __s_tmp_new_Set_0_7L2_93L2_93L2 = 0;
    __s_Set_nextInstance_7_46L3_46L3 = 1;
  }
  S_8L1_7L1_93L1_93L1 = 0;
  int _ret_0_8L2_8L3_94L3_94L3=null;
  int _ret_1_8L3_8L4_94L4_94L4=0;
  int key_11L0_10L0_96L0_96L0=4;
  int next_11L1_10L1_96L1_96L1=_ret_0_8L2_8L3_94L3_94L3;
  int _out_11L2_10L2_96L2_96L2=0;
  bit _has_out__12L0_11L0_97L0_97L0=0;
  int n_12L1_11L1_97L1_97L1=0;
  int __s_tmp_new_Node_1_11L2_97L2_97L2=0;
  atomic
  {
    __s_tmp_new_Node_1_11L2_97L2_97L2 = 0;
  }
  n_12L1_11L1_97L1_97L1 = 0;
  int __s_pac62_99L0_99L0=0;
  __s_Node_key_5_4L1_4L1[0] = 4;
  int __s_pac63_100L0_100L0=0;
  __s_Node_next_6_4L2_4L2[0] = _ret_0_8L2_8L3_94L3_94L3;
  _out_11L2_10L2_96L2_96L2 = 0;
  _has_out__12L0_11L0_97L0_97L0 = 1;
  _ret_1_8L3_8L4_94L4_94L4 = 0;
  int __s_pac64_102L0_102L0=0;
  __s_Set_tail_9_46L4_46L4[0] = 0;
  int _ret_2_16L4_16L5_102L5_102L5=0;
  int __s_pac65_102L6_102L6=0;
  _ret_2_16L4_16L5_102L5_102L5 = __s_Set_tail_9_46L4_46L4[0];
  int _ret_3_16L5_16L6_102L7_102L7=0;
  int key_19L0_18L0_104L0_104L0=-1;
  int next_19L1_18L1_104L1_104L1=0;
  int _out_19L2_18L2_104L2_104L2=0;
  bit _has_out__20L0_19L0_105L0_105L0=0;
  int n_20L1_19L1_105L1_105L1=0;
  int __s_tmp_new_Node_2_19L2_105L2_105L2=0;
  atomic
  {
    __s_tmp_new_Node_2_19L2_105L2_105L2 = 1;
    __s_Node_nextInstance_4_4L0_4L0 = 2;
  }
  n_20L1_19L1_105L1_105L1 = 1;
  int __s_pac66_107L0_107L0=1;
  __s_Node_key_5_4L1_4L1[1] = -1;
  int __s_pac67_108L0_108L0=1;
  __s_Node_next_6_4L2_4L2[1] = 0;
  _out_19L2_18L2_104L2_104L2 = 1;
  _has_out__20L0_19L0_105L0_105L0 = 1;
  _ret_3_16L5_16L6_102L7_102L7 = 1;
  int __s_pac68_110L0_110L0=0;
  __s_Set_head_8_46L5_46L5[0] = 1;
  _out_7L2_6L2_92L2_92L2 = 0;
  _has_out__8L0_7L0_93L0_93L0 = 1;
  _ret_0_4L2_4L2_90L2_90L2 = 0;
  S_4L1_4L1_90L1_90L1 = 0;
  bit[2] removed_25L3_25L3_111L3_111L3={0,0};
  int __s_pac69_113L0_113L0=0;
  removed_25L3_25L3_111L3_111L3[0] = 0;
  int __s_pac69_114L0_114L0=1;
  removed_25L3_25L3_111L3_111L3[1] = 0;
  bit _ret_1_25L4_25L4_114L4_114L4=0;
  int S_120L1_28L0_116L0_116L0=0;
  int key_120L2_28L1_116L1_116L1=4;
  bit _out_120L3_28L2_116L2_116L2=0;
  bit _has_out__122L0_29L0_117L0_117L0=0;
  int prev_122L1_29L1_117L1_117L1=0; int cur_122L2_29L2_117L2_117L2=0;
  bit ret_122L3_29L3_117L3_117L3=0;
  int S_193L6_32L0_119L0_119L0=0;
  int key_193L6_32L1_119L1_119L1=4;
  int prev_193L6_32L2_119L2_119L2=0;
  int cur_193L7_32L3_119L3_119L3=0;
  bit _has_out__195L0_33L0_120L0_120L0=0;
  prev_193L6_32L2_119L2_119L2 = null;
  int __s_pac70_123L0_123L0=0;
  cur_193L7_32L3_119L3_119L3 = __s_Set_head_8_46L5_46L5[0];
  int _ret_0_198L1_36L1_123L1_123L1=1;
  atomic(1)
  {
    _lock_3L0_3L0[1] = -1;
  }
  for(int i_201L0_39L0_127L0_127L0=0;(i_201L0_39L0_127L0_127L0)<(4);i_201L0_39L0_127L0_127L0 = (i_201L0_39L0_127L0_127L0)+(1))
  {
    if((__s_Node_key_5_4L1_4L1[cur_193L7_32L3_119L3_119L3])<(4))
    {
      if((prev_193L6_32L2_119L2_119L2)!=(null))
      {
        int _ret_1_227L0_65L0_157L0_157L0=((((int)prev_193L6_32L2_119L2_119L2))*(1))+(0);
        atomic
        {
          _lock_3L0_3L0[_ret_1_227L0_65L0_157L0_157L0] = 0;
        }
      }
      int __sa28_159L0_159L0=__s_Node_next_6_4L2_4L2[cur_193L7_32L3_119L3_119L3];
      int _ret_2_228L0_66L0_159L2_159L2=((((int)__sa28_159L0_159L0))*(1))+(0);
      atomic((_lock_3L0_3L0[_ret_2_228L0_66L0_159L2_159L2])==(0))
      {
        _lock_3L0_3L0[_ret_2_228L0_66L0_159L2_159L2] = -1;
      }
      prev_193L6_32L2_119L2_119L2 = cur_193L7_32L3_119L3_119L3;
      cur_193L7_32L3_119L3_119L3 = __s_Node_next_6_4L2_4L2[cur_193L7_32L3_119L3_119L3];
    }
  }
  prev_122L1_29L1_117L1_117L1 = prev_193L6_32L2_119L2_119L2;
  cur_122L2_29L2_117L2_117L2 = cur_193L7_32L3_119L3_119L3;
  int __s_pac74_163L4_163L4=cur_193L7_32L3_119L3_119L3;
  if((4)<(__s_Node_key_5_4L1_4L1[cur_193L7_32L3_119L3_119L3]))
  {
    atomic
    {
      __s_Node_nextInstance_4_4L0_4L0 = 3;
    }
    __s_Node_key_5_4L1_4L1[2] = 4;
    __s_Node_next_6_4L2_4L2[2] = cur_193L7_32L3_119L3_119L3;
    __s_Node_next_6_4L2_4L2[prev_193L6_32L2_119L2_119L2] = 2;
    ret_122L3_29L3_117L3_117L3 = 1;
  }
  else
  {
    ret_122L3_29L3_117L3_117L3 = 0;
  }
  int _ret_1_135L4_81L4_175L5_175L5=((((int)prev_193L6_32L2_119L2_119L2))*(1))+(0);
  atomic
  {
    _lock_3L0_3L0[_ret_1_135L4_81L4_175L5_175L5] = 0;
  }
  int _ret_2_136L5_82L5_177L6_177L6=((((int)cur_193L7_32L3_119L3_119L3))*(1))+(0);
  atomic
  {
    _lock_3L0_3L0[_ret_2_136L5_82L5_177L6_177L6] = 0;
  }
  _out_120L3_28L2_116L2_116L2 = ret_122L3_29L3_117L3_117L3;
  _has_out__122L0_29L0_117L0_117L0 = 1;
  _ret_1_25L4_25L4_114L4_114L4 = ret_122L3_29L3_117L3_117L3;
  bit _ret_2_27L5_85L5_181L5_181L5=0;
  int S_138L3_88L0_183L0_183L0=0;
  int key_138L3_88L1_183L1_183L1=1;
  bit _out_138L3_88L2_183L2_183L2=0;
  bit _has_out__140L0_89L0_184L0_184L0=0;
  int prev_140L1_89L1_184L1_184L1=0; int cur_140L2_89L2_184L2_184L2=0;
  bit ret_140L3_89L3_184L3_184L3=0;
  int S_193L6_92L0_186L0_186L0=0;
  int key_193L6_92L1_186L1_186L1=1;
  int prev_193L6_92L2_186L2_186L2=0;
  int cur_193L7_92L3_186L3_186L3=0;
  bit _has_out__195L0_93L0_187L0_187L0=0;
  prev_193L6_92L2_186L2_186L2 = null;
  int __s_pac78_190L0_190L0=0;
  cur_193L7_92L3_186L3_186L3 = __s_Set_head_8_46L5_46L5[0];
  int _ret_0_198L1_96L1_190L1_190L1=1;
  atomic((_lock_3L0_3L0[1])==(0))
  {
    _lock_3L0_3L0[1] = -1;
  }
  for(int i_201L0_99L0_194L0_194L0=0;(i_201L0_99L0_194L0_194L0)<(4);i_201L0_99L0_194L0_194L0 = (i_201L0_99L0_194L0_194L0)+(1))
  {
    if((__s_Node_key_5_4L1_4L1[cur_193L7_92L3_186L3_186L3])<(1))
    {
      if((prev_193L6_92L2_186L2_186L2)!=(null))
      {
        int _ret_1_227L0_125L0_224L0_224L0=((((int)prev_193L6_92L2_186L2_186L2))*(1))+(0);
        atomic
        {
          _lock_3L0_3L0[_ret_1_227L0_125L0_224L0_224L0] = 0;
        }
      }
      int __sa29_226L0_226L0=__s_Node_next_6_4L2_4L2[cur_193L7_92L3_186L3_186L3];
      int _ret_2_228L0_126L0_226L2_226L2=((((int)__sa29_226L0_226L0))*(1))+(0);
      atomic((_lock_3L0_3L0[_ret_2_228L0_126L0_226L2_226L2])==(0))
      {
        _lock_3L0_3L0[_ret_2_228L0_126L0_226L2_226L2] = -1;
      }
      prev_193L6_92L2_186L2_186L2 = cur_193L7_92L3_186L3_186L3;
      cur_193L7_92L3_186L3_186L3 = __s_Node_next_6_4L2_4L2[cur_193L7_92L3_186L3_186L3];
    }
  }
  prev_140L1_89L1_184L1_184L1 = prev_193L6_92L2_186L2_186L2;
  cur_140L2_89L2_184L2_184L2 = cur_193L7_92L3_186L3_186L3;
  int __s_pac82_230L4_230L4=cur_193L7_92L3_186L3_186L3;
  if((1)==(__s_Node_key_5_4L1_4L1[cur_193L7_92L3_186L3_186L3]))
  {
    __s_Node_next_6_4L2_4L2[prev_193L6_92L2_186L2_186L2] = __s_Node_next_6_4L2_4L2[cur_193L7_92L3_186L3_186L3];
    ret_140L3_89L3_184L3_184L3 = 1;
  }
  else
  {
    ret_140L3_89L3_184L3_184L3 = 0;
  }
  int _ret_0_146L4_134L4_235L5_235L5=((((int)prev_193L6_92L2_186L2_186L2))*(1))+(0);
  atomic
  {
    _lock_3L0_3L0[_ret_0_146L4_134L4_235L5_235L5] = 0;
  }
  int _ret_1_147L5_135L5_237L6_237L6=((((int)cur_193L7_92L3_186L3_186L3))*(1))+(0);
  atomic
  {
    _lock_3L0_3L0[_ret_1_147L5_135L5_237L6_237L6] = 0;
  }
  _out_138L3_88L2_183L2_183L2 = ret_140L3_89L3_184L3_184L3;
  _has_out__140L0_89L0_184L0_184L0 = 1;
  _ret_2_27L5_85L5_181L5_181L5 = ret_140L3_89L3_184L3_184L3;
  bit _ret_3_29L6_138L6_241L6_241L6=0;
  int S_120L1_141L0_243L0_243L0=0;
  int key_120L2_141L1_243L1_243L1=1;
  bit _out_120L3_141L2_243L2_243L2=0;
  bit _has_out__122L0_142L0_244L0_244L0=0;
  int prev_122L1_142L1_244L1_244L1=0; int cur_122L2_142L2_244L2_244L2=0;
  bit ret_122L3_142L3_244L3_244L3=0;
  int S_193L6_145L0_246L0_246L0=0;
  int key_193L6_145L1_246L1_246L1=1;
  int prev_193L6_145L2_246L2_246L2=0;
  int cur_193L7_145L3_246L3_246L3=0;
  bit _has_out__195L0_146L0_247L0_247L0=0;
  prev_193L6_145L2_246L2_246L2 = null;
  int __s_pac85_250L0_250L0=0;
  cur_193L7_145L3_246L3_246L3 = __s_Set_head_8_46L5_46L5[0];
  int _ret_0_198L1_149L1_250L1_250L1=1;
  atomic((_lock_3L0_3L0[1])==(0))
  {
    _lock_3L0_3L0[1] = -1;
  }
  for(int i_201L0_152L0_254L0_254L0=0;(i_201L0_152L0_254L0_254L0)<(4);i_201L0_152L0_254L0_254L0 = (i_201L0_152L0_254L0_254L0)+(1))
  {
    if((__s_Node_key_5_4L1_4L1[cur_193L7_145L3_246L3_246L3])<(1))
    {
      if((prev_193L6_145L2_246L2_246L2)!=(null))
      {
        int _ret_1_227L0_178L0_284L0_284L0=((((int)prev_193L6_145L2_246L2_246L2))*(1))+(0);
        atomic
        {
          _lock_3L0_3L0[_ret_1_227L0_178L0_284L0_284L0] = 0;
        }
      }
      int __sa30_286L0_286L0=__s_Node_next_6_4L2_4L2[cur_193L7_145L3_246L3_246L3];
      int _ret_2_228L0_179L0_286L2_286L2=((((int)__sa30_286L0_286L0))*(1))+(0);
      atomic((_lock_3L0_3L0[_ret_2_228L0_179L0_286L2_286L2])==(0))
      {
        _lock_3L0_3L0[_ret_2_228L0_179L0_286L2_286L2] = -1;
      }
      prev_193L6_145L2_246L2_246L2 = cur_193L7_145L3_246L3_246L3;
      cur_193L7_145L3_246L3_246L3 = __s_Node_next_6_4L2_4L2[cur_193L7_145L3_246L3_246L3];
    }
  }
  prev_122L1_142L1_244L1_244L1 = prev_193L6_145L2_246L2_246L2;
  cur_122L2_142L2_244L2_244L2 = cur_193L7_145L3_246L3_246L3;
  int __s_pac89_290L4_290L4=cur_193L7_145L3_246L3_246L3;
  if((1)<(__s_Node_key_5_4L1_4L1[cur_193L7_145L3_246L3_246L3]))
  {
    int __s_tmp_new_Node_3_187L2_295L2_295L2=0;
    atomic
    {
      __s_tmp_new_Node_3_187L2_295L2_295L2 = __s_Node_nextInstance_4_4L0_4L0;
      __s_Node_nextInstance_4_4L0_4L0 = (__s_Node_nextInstance_4_4L0_4L0)+(1);
    }
    __s_Node_key_5_4L1_4L1[__s_tmp_new_Node_3_187L2_295L2_295L2] = 1;
    __s_Node_next_6_4L2_4L2[__s_tmp_new_Node_3_187L2_295L2_295L2] = cur_193L7_145L3_246L3_246L3;
    __s_Node_next_6_4L2_4L2[prev_193L6_145L2_246L2_246L2] = __s_tmp_new_Node_3_187L2_295L2_295L2;
    ret_122L3_142L3_244L3_244L3 = 1;
  }
  else
  {
    ret_122L3_142L3_244L3_244L3 = 0;
  }
  int _ret_1_135L4_194L4_302L5_302L5=((((int)prev_193L6_145L2_246L2_246L2))*(1))+(0);
  atomic
  {
    _lock_3L0_3L0[_ret_1_135L4_194L4_302L5_302L5] = 0;
  }
  int _ret_2_136L5_195L5_304L6_304L6=((((int)cur_193L7_145L3_246L3_246L3))*(1))+(0);
  atomic
  {
    _lock_3L0_3L0[_ret_2_136L5_195L5_304L6_304L6] = 0;
  }
  _out_120L3_141L2_243L2_243L2 = ret_122L3_142L3_244L3_244L3;
  _has_out__122L0_142L0_244L0_244L0 = 1;
  _ret_3_29L6_138L6_241L6_241L6 = ret_122L3_142L3_244L3_244L3;
  bit _ret_4_31L7_198L7_308L7_308L7=0;
  int S_138L3_201L0_310L0_310L0=0;
  int key_138L3_201L1_310L1_310L1=1;
  bit _out_138L3_201L2_310L2_310L2=0;
  bit _has_out__140L0_202L0_311L0_311L0=0;
  int prev_140L1_202L1_311L1_311L1=0; int cur_140L2_202L2_311L2_311L2=0;
  bit ret_140L3_202L3_311L3_311L3=0;
  int S_193L6_205L0_313L0_313L0=0;
  int key_193L6_205L1_313L1_313L1=1;
  int prev_193L6_205L2_313L2_313L2=0;
  int cur_193L7_205L3_313L3_313L3=0;
  bit _has_out__195L0_206L0_314L0_314L0=0;
  prev_193L6_205L2_313L2_313L2 = null;
  int __s_pac93_317L0_317L0=0;
  cur_193L7_205L3_313L3_313L3 = __s_Set_head_8_46L5_46L5[0];
  int _ret_0_198L1_209L1_317L1_317L1=1;
  atomic((_lock_3L0_3L0[1])==(0))
  {
    _lock_3L0_3L0[1] = -1;
  }
  for(int i_201L0_212L0_321L0_321L0=0;(i_201L0_212L0_321L0_321L0)<(4);i_201L0_212L0_321L0_321L0 = (i_201L0_212L0_321L0_321L0)+(1))
  {
    if((__s_Node_key_5_4L1_4L1[cur_193L7_205L3_313L3_313L3])<(1))
    {
      if((prev_193L6_205L2_313L2_313L2)!=(null))
      {
        int _ret_1_227L0_238L0_351L0_351L0=((((int)prev_193L6_205L2_313L2_313L2))*(1))+(0);
        atomic
        {
          _lock_3L0_3L0[_ret_1_227L0_238L0_351L0_351L0] = 0;
        }
      }
      int __sa31_353L0_353L0=__s_Node_next_6_4L2_4L2[cur_193L7_205L3_313L3_313L3];
      int _ret_2_228L0_239L0_353L2_353L2=((((int)__sa31_353L0_353L0))*(1))+(0);
      atomic((_lock_3L0_3L0[_ret_2_228L0_239L0_353L2_353L2])==(0))
      {
        _lock_3L0_3L0[_ret_2_228L0_239L0_353L2_353L2] = -1;
      }
      prev_193L6_205L2_313L2_313L2 = cur_193L7_205L3_313L3_313L3;
      cur_193L7_205L3_313L3_313L3 = __s_Node_next_6_4L2_4L2[cur_193L7_205L3_313L3_313L3];
    }
  }
  prev_140L1_202L1_311L1_311L1 = prev_193L6_205L2_313L2_313L2;
  cur_140L2_202L2_311L2_311L2 = cur_193L7_205L3_313L3_313L3;
  int __s_pac97_357L4_357L4=cur_193L7_205L3_313L3_313L3;
  if((1)==(__s_Node_key_5_4L1_4L1[cur_193L7_205L3_313L3_313L3]))
  {
    __s_Node_next_6_4L2_4L2[prev_193L6_205L2_313L2_313L2] = __s_Node_next_6_4L2_4L2[cur_193L7_205L3_313L3_313L3];
    ret_140L3_202L3_311L3_311L3 = 1;
  }
  else
  {
    ret_140L3_202L3_311L3_311L3 = 0;
  }
  int _ret_0_146L4_247L4_362L5_362L5=((((int)prev_193L6_205L2_313L2_313L2))*(1))+(0);
  atomic
  {
    _lock_3L0_3L0[_ret_0_146L4_247L4_362L5_362L5] = 0;
  }
  int _ret_1_147L5_248L5_364L6_364L6=((((int)cur_193L7_205L3_313L3_313L3))*(1))+(0);
  atomic
  {
    _lock_3L0_3L0[_ret_1_147L5_248L5_364L6_364L6] = 0;
  }
  _out_138L3_201L2_310L2_310L2 = ret_140L3_202L3_311L3_311L3;
  _has_out__140L0_202L0_311L0_311L0 = 1;
  _ret_4_31L7_198L7_308L7_308L7 = ret_140L3_202L3_311L3_311L3;
  bit _ret_5_33L8_251L8_368L8_368L8=0;
  int S_149L3_254L0_370L0_370L0=0;
  bit _out_149L3_254L1_370L1_370L1=0;
  bit _has_out__151L0_255L0_371L0_371L0=0;
  int __s_pac101_372L0_372L0=0;
  int __s_pac100_372L1_372L1=__s_Set_tail_9_46L4_46L4[0];
  int __s_pac103_373L0_373L0=0;
  int __s_pac102_373L1_373L1=__s_Set_head_8_46L5_46L5[0];
  int __s_pac104_373L2_373L2=0;
  _out_149L3_254L1_370L1_370L1 = (__s_Node_next_6_4L2_4L2[1])==(__s_Set_tail_9_46L4_46L4[0]);
  _has_out__151L0_255L0_371L0_371L0 = 1;
  _ret_5_33L8_251L8_368L8_368L8 = _out_149L3_254L1_370L1_370L1;
  fork(int i_37L0_260L0_376L0_376L0; 2)
  {
    if(((i_37L0_260L0_376L0_376L0)%(2))==(0))
    {
      for(int j_43L0_266L0_382L0_383L0=0;(j_43L0_266L0_382L0_383L0)<(1);j_43L0_266L0_382L0_383L0 = (j_43L0_266L0_382L0_383L0)+(1))
      {
        int key_55L0_394L0_524L0_525L0=(j_43L0_266L0_382L0_383L0)+(((i_37L0_260L0_376L0_376L0)/(2))*(1));
        int prev_193L6_402L2_530L2_531L2=0;
        int cur_193L7_402L3_530L3_531L3;
        prev_193L6_402L2_530L2_531L2 = null;
        cur_193L7_402L3_530L3_531L3 = __s_Set_head_8_46L5_46L5[0];
        int _ret_0_198L1_406L1_534L1_535L1=((((int)cur_193L7_402L3_530L3_531L3))*(1))+(0);
        atomic((_lock_3L0_3L0[_ret_0_198L1_406L1_534L1_535L1])==(0))
        {
          _lock_3L0_3L0[_ret_0_198L1_406L1_534L1_535L1] = (i_37L0_260L0_376L0_376L0)+(1);
        }
        for(int i_201L0_409L0_538L0_539L0=0;(i_201L0_409L0_538L0_539L0)<(4);i_201L0_409L0_538L0_539L0 = (i_201L0_409L0_538L0_539L0)+(1))
        {
          if((__s_Node_key_5_4L1_4L1[cur_193L7_402L3_530L3_531L3])<(key_55L0_394L0_524L0_525L0))
          {
            if((prev_193L6_402L2_530L2_531L2)!=(null))
            {
              int _ret_1_227L0_435L0_568L0_569L0=((((int)prev_193L6_402L2_530L2_531L2))*(1))+(0);
              atomic
              {
                _lock_3L0_3L0[_ret_1_227L0_435L0_568L0_569L0] = 0;
              }
            }
            int __sa32_570L0_571L0=__s_Node_next_6_4L2_4L2[cur_193L7_402L3_530L3_531L3];
            int _ret_2_228L0_436L0_570L2_571L2=((((int)__sa32_570L0_571L0))*(1))+(0);
            atomic((_lock_3L0_3L0[_ret_2_228L0_436L0_570L2_571L2])==(0))
            {
              _lock_3L0_3L0[_ret_2_228L0_436L0_570L2_571L2] = (i_37L0_260L0_376L0_376L0)+(1);
            }
            prev_193L6_402L2_530L2_531L2 = cur_193L7_402L3_530L3_531L3;
            cur_193L7_402L3_530L3_531L3 = __s_Node_next_6_4L2_4L2[cur_193L7_402L3_530L3_531L3];
          }
        }
        if((key_55L0_394L0_524L0_525L0)<(__s_Node_key_5_4L1_4L1[cur_193L7_402L3_530L3_531L3]))
        {
          int __s_tmp_new_Node_3_444L2_579L2_580L2=0;
          atomic
          {
            __s_tmp_new_Node_3_444L2_579L2_580L2 = __s_Node_nextInstance_4_4L0_4L0;
            __s_Node_nextInstance_4_4L0_4L0 = (__s_Node_nextInstance_4_4L0_4L0)+(1);
          }
          __s_Node_key_5_4L1_4L1[__s_tmp_new_Node_3_444L2_579L2_580L2] = key_55L0_394L0_524L0_525L0;
          __s_Node_next_6_4L2_4L2[__s_tmp_new_Node_3_444L2_579L2_580L2] = cur_193L7_402L3_530L3_531L3;
          __s_Node_next_6_4L2_4L2[prev_193L6_402L2_530L2_531L2] = __s_tmp_new_Node_3_444L2_579L2_580L2;
        }
        int _ret_1_135L4_451L4_586L5_587L5=((((int)prev_193L6_402L2_530L2_531L2))*(1))+(0);
        atomic
        {
          _lock_3L0_3L0[_ret_1_135L4_451L4_586L5_587L5] = 0;
        }
        int _ret_2_136L5_452L5_588L6_589L6=((((int)cur_193L7_402L3_530L3_531L3))*(1))+(0);
        atomic
        {
          _lock_3L0_3L0[_ret_2_136L5_452L5_588L6_589L6] = 0;
        }
      }
    }
    else
    {
      for(int j_62L0_459L0_596L0_597L0=0;(j_62L0_459L0_596L0_597L0)<(1);j_62L0_459L0_596L0_597L0 = (j_62L0_459L0_596L0_597L0)+(1))
      {
        int key_72L0_571L0_722L0_723L0=(j_62L0_459L0_596L0_597L0)+(((i_37L0_260L0_376L0_376L0)/(2))*(1));
        bit ret_140L3_576L3_726L3_727L3=0;
        int prev_193L6_579L2_728L2_729L2=0;
        int cur_193L7_579L3_728L3_729L3;
        prev_193L6_579L2_728L2_729L2 = null;
        cur_193L7_579L3_728L3_729L3 = __s_Set_head_8_46L5_46L5[0];
        int _ret_0_198L1_583L1_732L1_733L1=((((int)cur_193L7_579L3_728L3_729L3))*(1))+(0);
        atomic((_lock_3L0_3L0[_ret_0_198L1_583L1_732L1_733L1])==(0))
        {
          _lock_3L0_3L0[_ret_0_198L1_583L1_732L1_733L1] = (i_37L0_260L0_376L0_376L0)+(1);
        }
        for(int i_201L0_586L0_736L0_737L0=0;(i_201L0_586L0_736L0_737L0)<(4);i_201L0_586L0_736L0_737L0 = (i_201L0_586L0_736L0_737L0)+(1))
        {
          if((__s_Node_key_5_4L1_4L1[cur_193L7_579L3_728L3_729L3])<(key_72L0_571L0_722L0_723L0))
          {
            if((prev_193L6_579L2_728L2_729L2)!=(null))
            {
              int _ret_1_227L0_612L0_766L0_767L0=((((int)prev_193L6_579L2_728L2_729L2))*(1))+(0);
              atomic
              {
                _lock_3L0_3L0[_ret_1_227L0_612L0_766L0_767L0] = 0;
              }
            }
            int __sa33_768L0_769L0=__s_Node_next_6_4L2_4L2[cur_193L7_579L3_728L3_729L3];
            int _ret_2_228L0_613L0_768L2_769L2=((((int)__sa33_768L0_769L0))*(1))+(0);
            atomic((_lock_3L0_3L0[_ret_2_228L0_613L0_768L2_769L2])==(0))
            {
              _lock_3L0_3L0[_ret_2_228L0_613L0_768L2_769L2] = (i_37L0_260L0_376L0_376L0)+(1);
            }
            prev_193L6_579L2_728L2_729L2 = cur_193L7_579L3_728L3_729L3;
            cur_193L7_579L3_728L3_729L3 = __s_Node_next_6_4L2_4L2[cur_193L7_579L3_728L3_729L3];
          }
        }
        if((key_72L0_571L0_722L0_723L0)==(__s_Node_key_5_4L1_4L1[cur_193L7_579L3_728L3_729L3]))
        {
          __s_Node_next_6_4L2_4L2[prev_193L6_579L2_728L2_729L2] = __s_Node_next_6_4L2_4L2[cur_193L7_579L3_728L3_729L3];
          ret_140L3_576L3_726L3_727L3 = 1;
        }
        else
        {
          ret_140L3_576L3_726L3_727L3 = 0;
        }
        int _ret_0_146L4_621L4_777L5_778L5=((((int)prev_193L6_579L2_728L2_729L2))*(1))+(0);
        atomic
        {
          _lock_3L0_3L0[_ret_0_146L4_621L4_777L5_778L5] = 0;
        }
        int _ret_1_147L5_622L5_779L6_780L6=((((int)cur_193L7_579L3_728L3_729L3))*(1))+(0);
        atomic
        {
          _lock_3L0_3L0[_ret_1_147L5_622L5_779L6_780L6] = 0;
        }
        removed_25L3_25L3_111L3_111L3[key_72L0_571L0_722L0_723L0] = ret_140L3_576L3_726L3_727L3;
      }
    }
  }
  for(int k_78L0_669L0_826L0_827L0=0;(k_78L0_669L0_826L0_827L0)<(1);k_78L0_669L0_826L0_827L0 = (k_78L0_669L0_826L0_827L0)+(1))
  {
    if(removed_25L3_25L3_111L3_111L3[k_78L0_669L0_826L0_827L0])
    {
      int prev_193L6_1024L2_1221L2_1222L2=0;
      int cur_193L7_1024L3_1221L3_1222L3;
      prev_193L6_1024L2_1221L2_1222L2 = null;
      cur_193L7_1024L3_1221L3_1222L3 = __s_Set_head_8_46L5_46L5[0];
      int _ret_0_198L1_1028L1_1225L1_1226L1=((((int)cur_193L7_1024L3_1221L3_1222L3))*(1))+(0);
      atomic((_lock_3L0_3L0[_ret_0_198L1_1028L1_1225L1_1226L1])==(0))
      {
        _lock_3L0_3L0[_ret_0_198L1_1028L1_1225L1_1226L1] = -1;
      }
      for(int i_201L0_1031L0_1229L0_1230L0=0;(i_201L0_1031L0_1229L0_1230L0)<(4);i_201L0_1031L0_1229L0_1230L0 = (i_201L0_1031L0_1229L0_1230L0)+(1))
      {
        if((__s_Node_key_5_4L1_4L1[cur_193L7_1024L3_1221L3_1222L3])<(k_78L0_669L0_826L0_827L0))
        {
          if((prev_193L6_1024L2_1221L2_1222L2)!=(null))
          {
            int _ret_1_227L0_1057L0_1259L0_1260L0=((((int)prev_193L6_1024L2_1221L2_1222L2))*(1))+(0);
            atomic
            {
              _lock_3L0_3L0[_ret_1_227L0_1057L0_1259L0_1260L0] = 0;
            }
          }
          int __sa34_1261L0_1262L0=__s_Node_next_6_4L2_4L2[cur_193L7_1024L3_1221L3_1222L3];
          int _ret_2_228L0_1058L0_1261L2_1262L2=((((int)__sa34_1261L0_1262L0))*(1))+(0);
          atomic((_lock_3L0_3L0[_ret_2_228L0_1058L0_1261L2_1262L2])==(0))
          {
            _lock_3L0_3L0[_ret_2_228L0_1058L0_1261L2_1262L2] = -1;
          }
          prev_193L6_1024L2_1221L2_1222L2 = cur_193L7_1024L3_1221L3_1222L3;
          cur_193L7_1024L3_1221L3_1222L3 = __s_Node_next_6_4L2_4L2[cur_193L7_1024L3_1221L3_1222L3];
        }
      }
      if((k_78L0_669L0_826L0_827L0)==(__s_Node_key_5_4L1_4L1[cur_193L7_1024L3_1221L3_1222L3]))
      {
        __s_Node_next_6_4L2_4L2[prev_193L6_1024L2_1221L2_1222L2] = __s_Node_next_6_4L2_4L2[cur_193L7_1024L3_1221L3_1222L3];
      }
      int _ret_0_146L4_1066L4_1270L5_1271L5=((((int)prev_193L6_1024L2_1221L2_1222L2))*(1))+(0);
      atomic
      {
        _lock_3L0_3L0[_ret_0_146L4_1066L4_1270L5_1271L5] = 0;
      }
      int _ret_1_147L5_1067L5_1272L6_1273L6=((((int)cur_193L7_1024L3_1221L3_1222L3))*(1))+(0);
      atomic
      {
        _lock_3L0_3L0[_ret_1_147L5_1067L5_1272L6_1273L6] = 0;
      }
    }
    else
    {
      int prev_193L6_1079L2_1283L2_1284L2=0;
      int cur_193L7_1079L3_1283L3_1284L3;
      prev_193L6_1079L2_1283L2_1284L2 = null;
      cur_193L7_1079L3_1283L3_1284L3 = __s_Set_head_8_46L5_46L5[0];
      int _ret_0_198L1_1083L1_1287L1_1288L1=((((int)cur_193L7_1079L3_1283L3_1284L3))*(1))+(0);
      atomic((_lock_3L0_3L0[_ret_0_198L1_1083L1_1287L1_1288L1])==(0))
      {
        _lock_3L0_3L0[_ret_0_198L1_1083L1_1287L1_1288L1] = -1;
      }
      for(int i_201L0_1086L0_1291L0_1292L0=0;(i_201L0_1086L0_1291L0_1292L0)<(4);i_201L0_1086L0_1291L0_1292L0 = (i_201L0_1086L0_1291L0_1292L0)+(1))
      {
        if((__s_Node_key_5_4L1_4L1[cur_193L7_1079L3_1283L3_1284L3])<(k_78L0_669L0_826L0_827L0))
        {
          if((prev_193L6_1079L2_1283L2_1284L2)!=(null))
          {
            int _ret_1_227L0_1112L0_1321L0_1322L0=((((int)prev_193L6_1079L2_1283L2_1284L2))*(1))+(0);
            atomic
            {
              _lock_3L0_3L0[_ret_1_227L0_1112L0_1321L0_1322L0] = 0;
            }
          }
          int __sa35_1323L0_1324L0=__s_Node_next_6_4L2_4L2[cur_193L7_1079L3_1283L3_1284L3];
          int _ret_2_228L0_1113L0_1323L2_1324L2=((((int)__sa35_1323L0_1324L0))*(1))+(0);
          atomic((_lock_3L0_3L0[_ret_2_228L0_1113L0_1323L2_1324L2])==(0))
          {
            _lock_3L0_3L0[_ret_2_228L0_1113L0_1323L2_1324L2] = -1;
          }
          prev_193L6_1079L2_1283L2_1284L2 = cur_193L7_1079L3_1283L3_1284L3;
          cur_193L7_1079L3_1283L3_1284L3 = __s_Node_next_6_4L2_4L2[cur_193L7_1079L3_1283L3_1284L3];
        }
      }
      if((k_78L0_669L0_826L0_827L0)<(__s_Node_key_5_4L1_4L1[cur_193L7_1079L3_1283L3_1284L3]))
      {
        int __s_tmp_new_Node_3_1121L2_1332L2_1333L2=0;
        atomic
        {
          __s_tmp_new_Node_3_1121L2_1332L2_1333L2 = __s_Node_nextInstance_4_4L0_4L0;
          __s_Node_nextInstance_4_4L0_4L0 = (__s_Node_nextInstance_4_4L0_4L0)+(1);
        }
        __s_Node_key_5_4L1_4L1[__s_tmp_new_Node_3_1121L2_1332L2_1333L2] = k_78L0_669L0_826L0_827L0;
        __s_Node_next_6_4L2_4L2[__s_tmp_new_Node_3_1121L2_1332L2_1333L2] = cur_193L7_1079L3_1283L3_1284L3;
        __s_Node_next_6_4L2_4L2[prev_193L6_1079L2_1283L2_1284L2] = __s_tmp_new_Node_3_1121L2_1332L2_1333L2;
      }
      int _ret_1_135L4_1128L4_1339L5_1340L5=((((int)prev_193L6_1079L2_1283L2_1284L2))*(1))+(0);
      atomic
      {
        _lock_3L0_3L0[_ret_1_135L4_1128L4_1339L5_1340L5] = 0;
      }
      int _ret_2_136L5_1129L5_1341L6_1342L6=((((int)cur_193L7_1079L3_1283L3_1284L3))*(1))+(0);
      atomic
      {
        _lock_3L0_3L0[_ret_2_136L5_1129L5_1341L6_1342L6] = 0;
      }
      int prev_193L6_1139L2_1350L2_1351L2=0;
      int cur_193L7_1139L3_1350L3_1351L3;
      prev_193L6_1139L2_1350L2_1351L2 = null;
      cur_193L7_1139L3_1350L3_1351L3 = __s_Set_head_8_46L5_46L5[0];
      int _ret_0_198L1_1143L1_1354L1_1355L1=((((int)cur_193L7_1139L3_1350L3_1351L3))*(1))+(0);
      atomic((_lock_3L0_3L0[_ret_0_198L1_1143L1_1354L1_1355L1])==(0))
      {
        _lock_3L0_3L0[_ret_0_198L1_1143L1_1354L1_1355L1] = -1;
      }
      for(int i_201L0_1146L0_1358L0_1359L0=0;(i_201L0_1146L0_1358L0_1359L0)<(4);i_201L0_1146L0_1358L0_1359L0 = (i_201L0_1146L0_1358L0_1359L0)+(1))
      {
        if((__s_Node_key_5_4L1_4L1[cur_193L7_1139L3_1350L3_1351L3])<(k_78L0_669L0_826L0_827L0))
        {
          if((prev_193L6_1139L2_1350L2_1351L2)!=(null))
          {
            int _ret_1_227L0_1172L0_1388L0_1389L0=((((int)prev_193L6_1139L2_1350L2_1351L2))*(1))+(0);
            atomic
            {
              _lock_3L0_3L0[_ret_1_227L0_1172L0_1388L0_1389L0] = 0;
            }
          }
          int __sa36_1390L0_1391L0=__s_Node_next_6_4L2_4L2[cur_193L7_1139L3_1350L3_1351L3];
          int _ret_2_228L0_1173L0_1390L2_1391L2=((((int)__sa36_1390L0_1391L0))*(1))+(0);
          atomic((_lock_3L0_3L0[_ret_2_228L0_1173L0_1390L2_1391L2])==(0))
          {
            _lock_3L0_3L0[_ret_2_228L0_1173L0_1390L2_1391L2] = -1;
          }
          prev_193L6_1139L2_1350L2_1351L2 = cur_193L7_1139L3_1350L3_1351L3;
          cur_193L7_1139L3_1350L3_1351L3 = __s_Node_next_6_4L2_4L2[cur_193L7_1139L3_1350L3_1351L3];
        }
      }
      if((k_78L0_669L0_826L0_827L0)==(__s_Node_key_5_4L1_4L1[cur_193L7_1139L3_1350L3_1351L3]))
      {
        __s_Node_next_6_4L2_4L2[prev_193L6_1139L2_1350L2_1351L2] = __s_Node_next_6_4L2_4L2[cur_193L7_1139L3_1350L3_1351L3];
      }
      int _ret_0_146L4_1181L4_1399L5_1400L5=((((int)prev_193L6_1139L2_1350L2_1351L2))*(1))+(0);
      atomic
      {
        _lock_3L0_3L0[_ret_0_146L4_1181L4_1399L5_1400L5] = 0;
      }
      int _ret_1_147L5_1182L5_1401L6_1402L6=((((int)cur_193L7_1139L3_1350L3_1351L3))*(1))+(0);
      atomic
      {
        _lock_3L0_3L0[_ret_1_147L5_1182L5_1401L6_1402L6] = 0;
      }
    }
  }
  _out_1L0_1L0_1L0_1L0 = 1;
}
void T([!bit _out_117L1_1193L1_1412L1_1413L1])
{
  int[10] __s_Node_key_11_1414L1_1415L1={0,0,0,0,0,0,0,0,0,0}; int[10] __s_Node_next_12_1414L2_1415L2={0,0,0,0,0,0,0,0,0,0};
  __s_Node_key_11_1414L1_1415L1[0] = 0;
  __s_Node_key_11_1414L1_1415L1[1] = 0;
  __s_Node_key_11_1414L1_1415L1[2] = 0;
  __s_Node_key_11_1414L1_1415L1[3] = 0;
  __s_Node_key_11_1414L1_1415L1[4] = 0;
  __s_Node_key_11_1414L1_1415L1[5] = 0;
  __s_Node_key_11_1414L1_1415L1[6] = 0;
  __s_Node_key_11_1414L1_1415L1[7] = 0;
  __s_Node_key_11_1414L1_1415L1[8] = 0;
  __s_Node_key_11_1414L1_1415L1[9] = 0;
  int __s_tmp_cond_elim_51_1437L0_1438L0=null;
  __s_Node_next_12_1414L2_1415L2[0] = __s_tmp_cond_elim_51_1437L0_1438L0;
  int __s_tmp_cond_elim_51_1439L0_1440L0=null;
  __s_Node_next_12_1414L2_1415L2[1] = __s_tmp_cond_elim_51_1439L0_1440L0;
  int __s_tmp_cond_elim_51_1441L0_1442L0=null;
  __s_Node_next_12_1414L2_1415L2[2] = __s_tmp_cond_elim_51_1441L0_1442L0;
  int __s_tmp_cond_elim_51_1443L0_1444L0=null;
  __s_Node_next_12_1414L2_1415L2[3] = __s_tmp_cond_elim_51_1443L0_1444L0;
  int __s_tmp_cond_elim_51_1445L0_1446L0=null;
  __s_Node_next_12_1414L2_1415L2[4] = __s_tmp_cond_elim_51_1445L0_1446L0;
  int __s_tmp_cond_elim_51_1447L0_1448L0=null;
  __s_Node_next_12_1414L2_1415L2[5] = __s_tmp_cond_elim_51_1447L0_1448L0;
  int __s_tmp_cond_elim_51_1449L0_1450L0=null;
  __s_Node_next_12_1414L2_1415L2[6] = __s_tmp_cond_elim_51_1449L0_1450L0;
  int __s_tmp_cond_elim_51_1451L0_1452L0=null;
  __s_Node_next_12_1414L2_1415L2[7] = __s_tmp_cond_elim_51_1451L0_1452L0;
  int __s_tmp_cond_elim_51_1453L0_1454L0=null;
  __s_Node_next_12_1414L2_1415L2[8] = __s_tmp_cond_elim_51_1453L0_1454L0;
  int __s_tmp_cond_elim_51_1455L0_1456L0=null;
  __s_Node_next_12_1414L2_1415L2[9] = __s_tmp_cond_elim_51_1455L0_1456L0;
  int[10] __s_Set_tail_15_1456L4_1457L4={0,0,0,0,0,0,0,0,0,0}; int[10] __s_Set_head_14_1456L5_1457L5={0,0,0,0,0,0,0,0,0,0};
  int __s_tmp_cond_elim_52_1458L0_1459L0=null;
  __s_Set_tail_15_1456L4_1457L4[0] = __s_tmp_cond_elim_52_1458L0_1459L0;
  int __s_tmp_cond_elim_52_1460L0_1461L0=null;
  __s_Set_tail_15_1456L4_1457L4[1] = __s_tmp_cond_elim_52_1460L0_1461L0;
  int __s_tmp_cond_elim_52_1462L0_1463L0=null;
  __s_Set_tail_15_1456L4_1457L4[2] = __s_tmp_cond_elim_52_1462L0_1463L0;
  int __s_tmp_cond_elim_52_1464L0_1465L0=null;
  __s_Set_tail_15_1456L4_1457L4[3] = __s_tmp_cond_elim_52_1464L0_1465L0;
  int __s_tmp_cond_elim_52_1466L0_1467L0=null;
  __s_Set_tail_15_1456L4_1457L4[4] = __s_tmp_cond_elim_52_1466L0_1467L0;
  int __s_tmp_cond_elim_52_1468L0_1469L0=null;
  __s_Set_tail_15_1456L4_1457L4[5] = __s_tmp_cond_elim_52_1468L0_1469L0;
  int __s_tmp_cond_elim_52_1470L0_1471L0=null;
  __s_Set_tail_15_1456L4_1457L4[6] = __s_tmp_cond_elim_52_1470L0_1471L0;
  int __s_tmp_cond_elim_52_1472L0_1473L0=null;
  __s_Set_tail_15_1456L4_1457L4[7] = __s_tmp_cond_elim_52_1472L0_1473L0;
  int __s_tmp_cond_elim_52_1474L0_1475L0=null;
  __s_Set_tail_15_1456L4_1457L4[8] = __s_tmp_cond_elim_52_1474L0_1475L0;
  int __s_tmp_cond_elim_52_1476L0_1477L0=null;
  __s_Set_tail_15_1456L4_1457L4[9] = __s_tmp_cond_elim_52_1476L0_1477L0;
  int __s_tmp_cond_elim_53_1479L0_1480L0=null;
  __s_Set_head_14_1456L5_1457L5[0] = __s_tmp_cond_elim_53_1479L0_1480L0;
  int __s_tmp_cond_elim_53_1481L0_1482L0=null;
  __s_Set_head_14_1456L5_1457L5[1] = __s_tmp_cond_elim_53_1481L0_1482L0;
  int __s_tmp_cond_elim_53_1483L0_1484L0=null;
  __s_Set_head_14_1456L5_1457L5[2] = __s_tmp_cond_elim_53_1483L0_1484L0;
  int __s_tmp_cond_elim_53_1485L0_1486L0=null;
  __s_Set_head_14_1456L5_1457L5[3] = __s_tmp_cond_elim_53_1485L0_1486L0;
  int __s_tmp_cond_elim_53_1487L0_1488L0=null;
  __s_Set_head_14_1456L5_1457L5[4] = __s_tmp_cond_elim_53_1487L0_1488L0;
  int __s_tmp_cond_elim_53_1489L0_1490L0=null;
  __s_Set_head_14_1456L5_1457L5[5] = __s_tmp_cond_elim_53_1489L0_1490L0;
  int __s_tmp_cond_elim_53_1491L0_1492L0=null;
  __s_Set_head_14_1456L5_1457L5[6] = __s_tmp_cond_elim_53_1491L0_1492L0;
  int __s_tmp_cond_elim_53_1493L0_1494L0=null;
  __s_Set_head_14_1456L5_1457L5[7] = __s_tmp_cond_elim_53_1493L0_1494L0;
  int __s_tmp_cond_elim_53_1495L0_1496L0=null;
  __s_Set_head_14_1456L5_1457L5[8] = __s_tmp_cond_elim_53_1495L0_1496L0;
  int __s_tmp_cond_elim_53_1497L0_1498L0=null;
  __s_Set_head_14_1456L5_1457L5[9] = __s_tmp_cond_elim_53_1497L0_1498L0;
  _out_117L1_1193L1_1412L1_1413L1 = 1;
}
void lock([int mem])
void unlock([int mem])

===== Compilation statistics =====
  Solved? -----------------------------> true
  Number of iterations ----------------> 0
  Maximum memory usage (MiB) ----------> 45.8125
  Total elapsed time (s) --------------> 5.418
    % frontend ............ 33.14876
    % verification ........ 66.851234
    % synthesis ........... 0.0
  Total solution time (s) -------------> 0.029
    % verification ........ 100.0
    % synthesis ........... 0.0

  Synthesizer statistics:  
    [solver stats]
    Number of calls -------------------> 0
    Total elapsed time (s) ------------> 0.0
    Total model building time (s) -----> 0.0
    Total solution time (s) -----------> 0.0
    Maximum memory usage (MiB) --------> 0.0
    Average elapsed time (s) ----------> 0.0
    Average model building time (s) ---> 0.0
    Average solution time (s) ---------> 0.0
    Average memory usage (MiB) --------> 0.0

  Verifier statistics:     
    [solver stats]
    Number of calls -------------------> 1
    Total elapsed time (s) ------------> 3.622
    Total model building time (s) -----> 3.593
    Total solution time (s) -----------> 0.029
    Maximum memory usage (MiB) --------> 5.125
    Average elapsed time (s) ----------> 3.622
    Average model building time (s) ---> 3.593
    Average solution time (s) ---------> 0.029
    Average memory usage (MiB) --------> 5.125

  Frontend statistics:     
    Total elapsed time (s) ------------> 1.796
    Max memory usage (MiB) ------------> 40.6875

[PSKETCH] DONE!
