[PSKETCH] Error: couldn't synthesize sketch.
Exception in thread "main" java.lang.RuntimeException: Assertion failure: driver_pepd.skh:3
	at streamit.frontend.experimental.nodesToSB.IntVtype.Assert(IntVtype.java:64)
	at streamit.frontend.experimental.MethodState.Assert(MethodState.java:347)
	at streamit.frontend.experimental.preprocessor.PreprocessSketch.visitStmtAssert(PreprocessSketch.java:91)
	at streamit.frontend.nodes.StmtAssert.accept(StmtAssert.java:87)
	at streamit.frontend.nodes.FEReplacer.doStatement(FEReplacer.java:119)
	at streamit.frontend.nodes.FEReplacer.visitStmtBlock(FEReplacer.java:432)
	at streamit.frontend.experimental.PartialEvaluator.visitStmtBlock(PartialEvaluator.java:624)
	at streamit.frontend.nodes.StmtBlock.accept(StmtBlock.java:83)
	at streamit.frontend.experimental.PartialEvaluator.visitStmtIfThen(PartialEvaluator.java:814)
	at streamit.frontend.nodes.StmtIfThen.accept(StmtIfThen.java:82)
	at streamit.frontend.nodes.FEReplacer.doStatement(FEReplacer.java:119)
	at streamit.frontend.nodes.FEReplacer.visitStmtBlock(FEReplacer.java:432)
	at streamit.frontend.experimental.PartialEvaluator.visitStmtBlock(PartialEvaluator.java:624)
	at streamit.frontend.nodes.StmtBlock.accept(StmtBlock.java:83)
	at streamit.frontend.experimental.PartialEvaluator.visitFunction(PartialEvaluator.java:658)
	at streamit.frontend.experimental.preprocessor.PreprocessSketch.visitFunction(PreprocessSketch.java:180)
	at streamit.frontend.nodes.Function.accept(Function.java:278)
	at streamit.frontend.experimental.PartialEvaluator.visitStreamSpec(PartialEvaluator.java:1198)
	at streamit.frontend.nodes.StreamSpec.accept(StreamSpec.java:318)
	at streamit.frontend.nodes.FEReplacer.visitProgram(FEReplacer.java:324)
	at streamit.frontend.nodes.Program.accept(Program.java:58)
	at streamit.frontend.ToSBit.preprocessProgram(ToSBit.java:287)
	at streamit.frontend.ToPSbitII.preprocessProgram(ToPSbitII.java:168)
	at streamit.frontend.ToPSbitII.run(ToPSbitII.java:91)
	at streamit.frontend.ToPSbitII.main(ToPSbitII.java:313)
