Verifying non-sketched program ...
[SPINVERIF][2] Stats for last run:
      [solution stats]
      successful? ---------------------> true
      elapsed time (s) ----------------> 3.751
      model building time (s) ---------> 3.592
      solution time (s) ---------------> 0.159
      max memory usage (MiB) ----------> 5.125
      [SPIN-specific stats]
      codegen time (s) ----------------> 0.314
      codegen memory (MiB) ------------> 0.0
      compiler time (s) ---------------> 3.278
      compiler memory (MiB) -----------> 0.0
      total SPIN time (s) -------------> 0.159
      total SPIN mem (MiB) ------------> 5.125
      actual state mem (MiB) ----------> 3.6999998
      equiv state mem (MiB) -----------> 11.497
      state compression (%) -----------> 32.18231
      # states explored ---------------> 11040
      state exploration rate (states/s)> 69000

void main([!bit _out_1L0_1L0_1L0_1L0]) implements T
{
  int[10] _lock_3L0_3L0=0;
  int __s_Node_nextInstance_4_4L0_4L0=0; int[10] __s_Node_key_5_4L1_4L1={0,0,0,0,0,0,0,0,0,0}; int[10] __s_Node_next_6_4L2_4L2={0,0,0,0,0,0,0,0,0,0};
  bit __s_tmp_cond_elim_46_6L0_6L0=0;
  int __s_pac54_7L0_7L0=0;
  __s_tmp_cond_elim_46_6L0_6L0 = 0;
  int __s_pac55_7L1_7L1=0;
  __s_Node_key_5_4L1_4L1[0] = 0;
  bit __s_tmp_cond_elim_46_8L0_8L0=0;
  int __s_pac54_9L0_9L0=1;
  __s_tmp_cond_elim_46_8L0_8L0 = 0;
  int __s_pac55_9L1_9L1=1;
  __s_Node_key_5_4L1_4L1[1] = 0;
  bit __s_tmp_cond_elim_46_10L0_10L0=0;
  int __s_pac54_11L0_11L0=2;
  __s_tmp_cond_elim_46_10L0_10L0 = 0;
  int __s_pac55_11L1_11L1=2;
  __s_Node_key_5_4L1_4L1[2] = 0;
  bit __s_tmp_cond_elim_46_12L0_12L0=0;
  int __s_pac54_13L0_13L0=3;
  __s_tmp_cond_elim_46_12L0_12L0 = 0;
  int __s_pac55_13L1_13L1=3;
  __s_Node_key_5_4L1_4L1[3] = 0;
  bit __s_tmp_cond_elim_46_14L0_14L0=0;
  int __s_pac54_15L0_15L0=4;
  __s_tmp_cond_elim_46_14L0_14L0 = 0;
  int __s_pac55_15L1_15L1=4;
  __s_Node_key_5_4L1_4L1[4] = 0;
  bit __s_tmp_cond_elim_46_16L0_16L0=0;
  int __s_pac54_17L0_17L0=5;
  __s_tmp_cond_elim_46_16L0_16L0 = 0;
  int __s_pac55_17L1_17L1=5;
  __s_Node_key_5_4L1_4L1[5] = 0;
  bit __s_tmp_cond_elim_46_18L0_18L0=0;
  int __s_pac54_19L0_19L0=6;
  __s_tmp_cond_elim_46_18L0_18L0 = 0;
  int __s_pac55_19L1_19L1=6;
  __s_Node_key_5_4L1_4L1[6] = 0;
  bit __s_tmp_cond_elim_46_20L0_20L0=0;
  int __s_pac54_21L0_21L0=7;
  __s_tmp_cond_elim_46_20L0_20L0 = 0;
  int __s_pac55_21L1_21L1=7;
  __s_Node_key_5_4L1_4L1[7] = 0;
  bit __s_tmp_cond_elim_46_22L0_22L0=0;
  int __s_pac54_23L0_23L0=8;
  __s_tmp_cond_elim_46_22L0_22L0 = 0;
  int __s_pac55_23L1_23L1=8;
  __s_Node_key_5_4L1_4L1[8] = 0;
  bit __s_tmp_cond_elim_46_24L0_24L0=0;
  int __s_pac54_25L0_25L0=9;
  __s_tmp_cond_elim_46_24L0_24L0 = 0;
  int __s_pac55_25L1_25L1=9;
  __s_Node_key_5_4L1_4L1[9] = 0;
  int __s_tmp_cond_elim_47_27L0_27L0=0;
  int __s_pac56_28L0_28L0=0;
  __s_tmp_cond_elim_47_27L0_27L0 = null;
  int __s_pac57_28L1_28L1=0;
  __s_Node_next_6_4L2_4L2[0] = __s_tmp_cond_elim_47_27L0_27L0;
  int __s_tmp_cond_elim_47_29L0_29L0=0;
  int __s_pac56_30L0_30L0=1;
  __s_tmp_cond_elim_47_29L0_29L0 = null;
  int __s_pac57_30L1_30L1=1;
  __s_Node_next_6_4L2_4L2[1] = __s_tmp_cond_elim_47_29L0_29L0;
  int __s_tmp_cond_elim_47_31L0_31L0=0;
  int __s_pac56_32L0_32L0=2;
  __s_tmp_cond_elim_47_31L0_31L0 = null;
  int __s_pac57_32L1_32L1=2;
  __s_Node_next_6_4L2_4L2[2] = __s_tmp_cond_elim_47_31L0_31L0;
  int __s_tmp_cond_elim_47_33L0_33L0=0;
  int __s_pac56_34L0_34L0=3;
  __s_tmp_cond_elim_47_33L0_33L0 = null;
  int __s_pac57_34L1_34L1=3;
  __s_Node_next_6_4L2_4L2[3] = __s_tmp_cond_elim_47_33L0_33L0;
  int __s_tmp_cond_elim_47_35L0_35L0=0;
  int __s_pac56_36L0_36L0=4;
  __s_tmp_cond_elim_47_35L0_35L0 = null;
  int __s_pac57_36L1_36L1=4;
  __s_Node_next_6_4L2_4L2[4] = __s_tmp_cond_elim_47_35L0_35L0;
  int __s_tmp_cond_elim_47_37L0_37L0=0;
  int __s_pac56_38L0_38L0=5;
  __s_tmp_cond_elim_47_37L0_37L0 = null;
  int __s_pac57_38L1_38L1=5;
  __s_Node_next_6_4L2_4L2[5] = __s_tmp_cond_elim_47_37L0_37L0;
  int __s_tmp_cond_elim_47_39L0_39L0=0;
  int __s_pac56_40L0_40L0=6;
  __s_tmp_cond_elim_47_39L0_39L0 = null;
  int __s_pac57_40L1_40L1=6;
  __s_Node_next_6_4L2_4L2[6] = __s_tmp_cond_elim_47_39L0_39L0;
  int __s_tmp_cond_elim_47_41L0_41L0=0;
  int __s_pac56_42L0_42L0=7;
  __s_tmp_cond_elim_47_41L0_41L0 = null;
  int __s_pac57_42L1_42L1=7;
  __s_Node_next_6_4L2_4L2[7] = __s_tmp_cond_elim_47_41L0_41L0;
  int __s_tmp_cond_elim_47_43L0_43L0=0;
  int __s_pac56_44L0_44L0=8;
  __s_tmp_cond_elim_47_43L0_43L0 = null;
  int __s_pac57_44L1_44L1=8;
  __s_Node_next_6_4L2_4L2[8] = __s_tmp_cond_elim_47_43L0_43L0;
  int __s_tmp_cond_elim_47_45L0_45L0=0;
  int __s_pac56_46L0_46L0=9;
  __s_tmp_cond_elim_47_45L0_45L0 = null;
  int __s_pac57_46L1_46L1=9;
  __s_Node_next_6_4L2_4L2[9] = __s_tmp_cond_elim_47_45L0_45L0;
  int __s_Set_nextInstance_7_46L3_46L3=0; int[10] __s_Set_tail_9_46L4_46L4={0,0,0,0,0,0,0,0,0,0}; int[10] __s_Set_head_8_46L5_46L5={0,0,0,0,0,0,0,0,0,0};
  int __s_tmp_cond_elim_48_48L0_48L0=0;
  int __s_pac58_49L0_49L0=0;
  __s_tmp_cond_elim_48_48L0_48L0 = null;
  int __s_pac59_49L1_49L1=0;
  __s_Set_tail_9_46L4_46L4[0] = __s_tmp_cond_elim_48_48L0_48L0;
  int __s_tmp_cond_elim_48_50L0_50L0=0;
  int __s_pac58_51L0_51L0=1;
  __s_tmp_cond_elim_48_50L0_50L0 = null;
  int __s_pac59_51L1_51L1=1;
  __s_Set_tail_9_46L4_46L4[1] = __s_tmp_cond_elim_48_50L0_50L0;
  int __s_tmp_cond_elim_48_52L0_52L0=0;
  int __s_pac58_53L0_53L0=2;
  __s_tmp_cond_elim_48_52L0_52L0 = null;
  int __s_pac59_53L1_53L1=2;
  __s_Set_tail_9_46L4_46L4[2] = __s_tmp_cond_elim_48_52L0_52L0;
  int __s_tmp_cond_elim_48_54L0_54L0=0;
  int __s_pac58_55L0_55L0=3;
  __s_tmp_cond_elim_48_54L0_54L0 = null;
  int __s_pac59_55L1_55L1=3;
  __s_Set_tail_9_46L4_46L4[3] = __s_tmp_cond_elim_48_54L0_54L0;
  int __s_tmp_cond_elim_48_56L0_56L0=0;
  int __s_pac58_57L0_57L0=4;
  __s_tmp_cond_elim_48_56L0_56L0 = null;
  int __s_pac59_57L1_57L1=4;
  __s_Set_tail_9_46L4_46L4[4] = __s_tmp_cond_elim_48_56L0_56L0;
  int __s_tmp_cond_elim_48_58L0_58L0=0;
  int __s_pac58_59L0_59L0=5;
  __s_tmp_cond_elim_48_58L0_58L0 = null;
  int __s_pac59_59L1_59L1=5;
  __s_Set_tail_9_46L4_46L4[5] = __s_tmp_cond_elim_48_58L0_58L0;
  int __s_tmp_cond_elim_48_60L0_60L0=0;
  int __s_pac58_61L0_61L0=6;
  __s_tmp_cond_elim_48_60L0_60L0 = null;
  int __s_pac59_61L1_61L1=6;
  __s_Set_tail_9_46L4_46L4[6] = __s_tmp_cond_elim_48_60L0_60L0;
  int __s_tmp_cond_elim_48_62L0_62L0=0;
  int __s_pac58_63L0_63L0=7;
  __s_tmp_cond_elim_48_62L0_62L0 = null;
  int __s_pac59_63L1_63L1=7;
  __s_Set_tail_9_46L4_46L4[7] = __s_tmp_cond_elim_48_62L0_62L0;
  int __s_tmp_cond_elim_48_64L0_64L0=0;
  int __s_pac58_65L0_65L0=8;
  __s_tmp_cond_elim_48_64L0_64L0 = null;
  int __s_pac59_65L1_65L1=8;
  __s_Set_tail_9_46L4_46L4[8] = __s_tmp_cond_elim_48_64L0_64L0;
  int __s_tmp_cond_elim_48_66L0_66L0=0;
  int __s_pac58_67L0_67L0=9;
  __s_tmp_cond_elim_48_66L0_66L0 = null;
  int __s_pac59_67L1_67L1=9;
  __s_Set_tail_9_46L4_46L4[9] = __s_tmp_cond_elim_48_66L0_66L0;
  int __s_tmp_cond_elim_49_69L0_69L0=0;
  int __s_pac60_70L0_70L0=0;
  __s_tmp_cond_elim_49_69L0_69L0 = null;
  int __s_pac61_70L1_70L1=0;
  __s_Set_head_8_46L5_46L5[0] = __s_tmp_cond_elim_49_69L0_69L0;
  int __s_tmp_cond_elim_49_71L0_71L0=0;
  int __s_pac60_72L0_72L0=1;
  __s_tmp_cond_elim_49_71L0_71L0 = null;
  int __s_pac61_72L1_72L1=1;
  __s_Set_head_8_46L5_46L5[1] = __s_tmp_cond_elim_49_71L0_71L0;
  int __s_tmp_cond_elim_49_73L0_73L0=0;
  int __s_pac60_74L0_74L0=2;
  __s_tmp_cond_elim_49_73L0_73L0 = null;
  int __s_pac61_74L1_74L1=2;
  __s_Set_head_8_46L5_46L5[2] = __s_tmp_cond_elim_49_73L0_73L0;
  int __s_tmp_cond_elim_49_75L0_75L0=0;
  int __s_pac60_76L0_76L0=3;
  __s_tmp_cond_elim_49_75L0_75L0 = null;
  int __s_pac61_76L1_76L1=3;
  __s_Set_head_8_46L5_46L5[3] = __s_tmp_cond_elim_49_75L0_75L0;
  int __s_tmp_cond_elim_49_77L0_77L0=0;
  int __s_pac60_78L0_78L0=4;
  __s_tmp_cond_elim_49_77L0_77L0 = null;
  int __s_pac61_78L1_78L1=4;
  __s_Set_head_8_46L5_46L5[4] = __s_tmp_cond_elim_49_77L0_77L0;
  int __s_tmp_cond_elim_49_79L0_79L0=0;
  int __s_pac60_80L0_80L0=5;
  __s_tmp_cond_elim_49_79L0_79L0 = null;
  int __s_pac61_80L1_80L1=5;
  __s_Set_head_8_46L5_46L5[5] = __s_tmp_cond_elim_49_79L0_79L0;
  int __s_tmp_cond_elim_49_81L0_81L0=0;
  int __s_pac60_82L0_82L0=6;
  __s_tmp_cond_elim_49_81L0_81L0 = null;
  int __s_pac61_82L1_82L1=6;
  __s_Set_head_8_46L5_46L5[6] = __s_tmp_cond_elim_49_81L0_81L0;
  int __s_tmp_cond_elim_49_83L0_83L0=0;
  int __s_pac60_84L0_84L0=7;
  __s_tmp_cond_elim_49_83L0_83L0 = null;
  int __s_pac61_84L1_84L1=7;
  __s_Set_head_8_46L5_46L5[7] = __s_tmp_cond_elim_49_83L0_83L0;
  int __s_tmp_cond_elim_49_85L0_85L0=0;
  int __s_pac60_86L0_86L0=8;
  __s_tmp_cond_elim_49_85L0_85L0 = null;
  int __s_pac61_86L1_86L1=8;
  __s_Set_head_8_46L5_46L5[8] = __s_tmp_cond_elim_49_85L0_85L0;
  int __s_tmp_cond_elim_49_87L0_87L0=0;
  int __s_pac60_88L0_88L0=9;
  __s_tmp_cond_elim_49_87L0_87L0 = null;
  int __s_pac61_88L1_88L1=9;
  __s_Set_head_8_46L5_46L5[9] = __s_tmp_cond_elim_49_87L0_87L0;
  _out_1L0_1L0_1L0_1L0 = 0;
  bit _has_out__3L0_3L0_89L0_89L0=0;
  int S_3L1_3L1_89L1_89L1=0;
  int _ret_0_3L2_3L2_89L2_89L2=0;
  int negInf_6L0_5L0_91L0_91L0=-1;
  int posInf_6L1_5L1_91L1_91L1=4;
  int _out_6L2_5L2_91L2_91L2=0;
  bit _has_out__7L0_6L0_92L0_92L0=0;
  int S_7L1_6L1_92L1_92L1=0;
  int __s_tmp_new_Set_0_6L2_92L2_92L2=0;
  atomic
  {
    __s_tmp_new_Set_0_6L2_92L2_92L2 = 0;
    __s_Set_nextInstance_7_46L3_46L3 = 1;
  }
  S_7L1_6L1_92L1_92L1 = 0;
  int _ret_0_7L2_7L3_93L3_93L3=null;
  int _ret_1_7L3_7L4_93L4_93L4=0;
  int key_10L0_9L0_95L0_95L0=4;
  int next_10L1_9L1_95L1_95L1=_ret_0_7L2_7L3_93L3_93L3;
  int _out_10L2_9L2_95L2_95L2=0;
  bit _has_out__11L0_10L0_96L0_96L0=0;
  int n_11L1_10L1_96L1_96L1=0;
  int __s_tmp_new_Node_1_10L2_96L2_96L2=0;
  atomic
  {
    __s_tmp_new_Node_1_10L2_96L2_96L2 = 0;
  }
  n_11L1_10L1_96L1_96L1 = 0;
  int __s_pac62_98L0_98L0=0;
  __s_Node_key_5_4L1_4L1[0] = 4;
  int __s_pac63_99L0_99L0=0;
  __s_Node_next_6_4L2_4L2[0] = _ret_0_7L2_7L3_93L3_93L3;
  _out_10L2_9L2_95L2_95L2 = 0;
  _has_out__11L0_10L0_96L0_96L0 = 1;
  _ret_1_7L3_7L4_93L4_93L4 = 0;
  int __s_pac64_101L0_101L0=0;
  __s_Set_tail_9_46L4_46L4[0] = 0;
  int _ret_2_15L4_15L5_101L5_101L5=0;
  int __s_pac65_101L6_101L6=0;
  _ret_2_15L4_15L5_101L5_101L5 = __s_Set_tail_9_46L4_46L4[0];
  int _ret_3_15L5_15L6_101L7_101L7=0;
  int key_18L0_17L0_103L0_103L0=-1;
  int next_18L1_17L1_103L1_103L1=0;
  int _out_18L2_17L2_103L2_103L2=0;
  bit _has_out__19L0_18L0_104L0_104L0=0;
  int n_19L1_18L1_104L1_104L1=0;
  int __s_tmp_new_Node_2_18L2_104L2_104L2=0;
  atomic
  {
    __s_tmp_new_Node_2_18L2_104L2_104L2 = 1;
    __s_Node_nextInstance_4_4L0_4L0 = 2;
  }
  n_19L1_18L1_104L1_104L1 = 1;
  int __s_pac66_106L0_106L0=1;
  __s_Node_key_5_4L1_4L1[1] = -1;
  int __s_pac67_107L0_107L0=1;
  __s_Node_next_6_4L2_4L2[1] = 0;
  _out_18L2_17L2_103L2_103L2 = 1;
  _has_out__19L0_18L0_104L0_104L0 = 1;
  _ret_3_15L5_15L6_101L7_101L7 = 1;
  int __s_pac68_109L0_109L0=0;
  __s_Set_head_8_46L5_46L5[0] = 1;
  _out_6L2_5L2_91L2_91L2 = 0;
  _has_out__7L0_6L0_92L0_92L0 = 1;
  _ret_0_3L2_3L2_89L2_89L2 = 0;
  S_3L1_3L1_89L1_89L1 = 0;
  bit[2] removed_24L3_24L3_110L3_110L3={0,0};
  int __s_pac69_112L0_112L0=0;
  removed_24L3_24L3_110L3_110L3[0] = 0;
  int __s_pac69_113L0_113L0=1;
  removed_24L3_24L3_110L3_110L3[1] = 0;
  bit _ret_1_24L4_24L4_113L4_113L4=0;
  int S_107L1_27L0_115L0_115L0=0;
  int key_107L2_27L1_115L1_115L1=4;
  bit _out_107L3_27L2_115L2_115L2=0;
  bit _has_out__109L0_28L0_116L0_116L0=0;
  int prev_109L1_28L1_116L1_116L1=0; int cur_109L2_28L2_116L2_116L2=0;
  bit ret_109L3_28L3_116L3_116L3=0;
  int S_180L6_31L0_118L0_118L0=0;
  int key_180L6_31L1_118L1_118L1=4;
  int prev_180L6_31L2_118L2_118L2=0;
  int cur_180L7_31L3_118L3_118L3=0;
  bit _has_out__182L0_32L0_119L0_119L0=0;
  prev_180L6_31L2_118L2_118L2 = null;
  int __s_pac70_122L0_122L0=0;
  cur_180L7_31L3_118L3_118L3 = __s_Set_head_8_46L5_46L5[0];
  int _ret_0_185L1_35L1_122L1_122L1=1;
  atomic(1)
  {
    _lock_3L0_3L0[1] = -1;
  }
  for(int i_188L0_38L0_126L0_126L0=0;(i_188L0_38L0_126L0_126L0)<(4);i_188L0_38L0_126L0_126L0 = (i_188L0_38L0_126L0_126L0)+(1))
  {
    if((__s_Node_key_5_4L1_4L1[cur_180L7_31L3_118L3_118L3])<(4))
    {
      if((prev_180L6_31L2_118L2_118L2)!=(null))
      {
        int _ret_1_214L0_64L0_156L0_156L0=((((int)prev_180L6_31L2_118L2_118L2))*(1))+(0);
        atomic
        {
          _lock_3L0_3L0[_ret_1_214L0_64L0_156L0_156L0] = 0;
        }
      }
      int __sa28_158L0_158L0=__s_Node_next_6_4L2_4L2[cur_180L7_31L3_118L3_118L3];
      int _ret_2_215L0_65L0_158L2_158L2=((((int)__sa28_158L0_158L0))*(1))+(0);
      atomic((_lock_3L0_3L0[_ret_2_215L0_65L0_158L2_158L2])==(0))
      {
        _lock_3L0_3L0[_ret_2_215L0_65L0_158L2_158L2] = -1;
      }
      prev_180L6_31L2_118L2_118L2 = cur_180L7_31L3_118L3_118L3;
      cur_180L7_31L3_118L3_118L3 = __s_Node_next_6_4L2_4L2[cur_180L7_31L3_118L3_118L3];
    }
  }
  prev_109L1_28L1_116L1_116L1 = prev_180L6_31L2_118L2_118L2;
  cur_109L2_28L2_116L2_116L2 = cur_180L7_31L3_118L3_118L3;
  int __s_pac74_162L4_162L4=cur_180L7_31L3_118L3_118L3;
  if((4)<(__s_Node_key_5_4L1_4L1[cur_180L7_31L3_118L3_118L3]))
  {
    atomic
    {
      __s_Node_nextInstance_4_4L0_4L0 = 3;
    }
    __s_Node_key_5_4L1_4L1[2] = 4;
    __s_Node_next_6_4L2_4L2[2] = cur_180L7_31L3_118L3_118L3;
    __s_Node_next_6_4L2_4L2[prev_180L6_31L2_118L2_118L2] = 2;
    ret_109L3_28L3_116L3_116L3 = 1;
  }
  else
  {
    ret_109L3_28L3_116L3_116L3 = 0;
  }
  int _ret_1_122L4_80L4_174L5_174L5=((((int)prev_180L6_31L2_118L2_118L2))*(1))+(0);
  atomic
  {
    _lock_3L0_3L0[_ret_1_122L4_80L4_174L5_174L5] = 0;
  }
  int _ret_2_123L5_81L5_176L6_176L6=((((int)cur_180L7_31L3_118L3_118L3))*(1))+(0);
  atomic
  {
    _lock_3L0_3L0[_ret_2_123L5_81L5_176L6_176L6] = 0;
  }
  _out_107L3_27L2_115L2_115L2 = ret_109L3_28L3_116L3_116L3;
  _has_out__109L0_28L0_116L0_116L0 = 1;
  _ret_1_24L4_24L4_113L4_113L4 = ret_109L3_28L3_116L3_116L3;
  bit _ret_2_26L5_84L5_180L5_180L5=0;
  int S_125L3_87L0_182L0_182L0=0;
  int key_125L3_87L1_182L1_182L1=1;
  bit _out_125L3_87L2_182L2_182L2=0;
  bit _has_out__127L0_88L0_183L0_183L0=0;
  int prev_127L1_88L1_183L1_183L1=0; int cur_127L2_88L2_183L2_183L2=0;
  bit ret_127L3_88L3_183L3_183L3=0;
  int S_180L6_91L0_185L0_185L0=0;
  int key_180L6_91L1_185L1_185L1=1;
  int prev_180L6_91L2_185L2_185L2=0;
  int cur_180L7_91L3_185L3_185L3=0;
  bit _has_out__182L0_92L0_186L0_186L0=0;
  prev_180L6_91L2_185L2_185L2 = null;
  int __s_pac78_189L0_189L0=0;
  cur_180L7_91L3_185L3_185L3 = __s_Set_head_8_46L5_46L5[0];
  int _ret_0_185L1_95L1_189L1_189L1=1;
  atomic((_lock_3L0_3L0[1])==(0))
  {
    _lock_3L0_3L0[1] = -1;
  }
  for(int i_188L0_98L0_193L0_193L0=0;(i_188L0_98L0_193L0_193L0)<(4);i_188L0_98L0_193L0_193L0 = (i_188L0_98L0_193L0_193L0)+(1))
  {
    if((__s_Node_key_5_4L1_4L1[cur_180L7_91L3_185L3_185L3])<(1))
    {
      if((prev_180L6_91L2_185L2_185L2)!=(null))
      {
        int _ret_1_214L0_124L0_223L0_223L0=((((int)prev_180L6_91L2_185L2_185L2))*(1))+(0);
        atomic
        {
          _lock_3L0_3L0[_ret_1_214L0_124L0_223L0_223L0] = 0;
        }
      }
      int __sa29_225L0_225L0=__s_Node_next_6_4L2_4L2[cur_180L7_91L3_185L3_185L3];
      int _ret_2_215L0_125L0_225L2_225L2=((((int)__sa29_225L0_225L0))*(1))+(0);
      atomic((_lock_3L0_3L0[_ret_2_215L0_125L0_225L2_225L2])==(0))
      {
        _lock_3L0_3L0[_ret_2_215L0_125L0_225L2_225L2] = -1;
      }
      prev_180L6_91L2_185L2_185L2 = cur_180L7_91L3_185L3_185L3;
      cur_180L7_91L3_185L3_185L3 = __s_Node_next_6_4L2_4L2[cur_180L7_91L3_185L3_185L3];
    }
  }
  prev_127L1_88L1_183L1_183L1 = prev_180L6_91L2_185L2_185L2;
  cur_127L2_88L2_183L2_183L2 = cur_180L7_91L3_185L3_185L3;
  int __s_pac82_229L4_229L4=cur_180L7_91L3_185L3_185L3;
  if((1)==(__s_Node_key_5_4L1_4L1[cur_180L7_91L3_185L3_185L3]))
  {
    __s_Node_next_6_4L2_4L2[prev_180L6_91L2_185L2_185L2] = __s_Node_next_6_4L2_4L2[cur_180L7_91L3_185L3_185L3];
    ret_127L3_88L3_183L3_183L3 = 1;
  }
  else
  {
    ret_127L3_88L3_183L3_183L3 = 0;
  }
  int _ret_0_133L4_133L4_234L5_234L5=((((int)prev_180L6_91L2_185L2_185L2))*(1))+(0);
  atomic
  {
    _lock_3L0_3L0[_ret_0_133L4_133L4_234L5_234L5] = 0;
  }
  int _ret_1_134L5_134L5_236L6_236L6=((((int)cur_180L7_91L3_185L3_185L3))*(1))+(0);
  atomic
  {
    _lock_3L0_3L0[_ret_1_134L5_134L5_236L6_236L6] = 0;
  }
  _out_125L3_87L2_182L2_182L2 = ret_127L3_88L3_183L3_183L3;
  _has_out__127L0_88L0_183L0_183L0 = 1;
  _ret_2_26L5_84L5_180L5_180L5 = ret_127L3_88L3_183L3_183L3;
  bit _ret_3_28L6_137L6_240L6_240L6=0;
  int S_107L1_140L0_242L0_242L0=0;
  int key_107L2_140L1_242L1_242L1=1;
  bit _out_107L3_140L2_242L2_242L2=0;
  bit _has_out__109L0_141L0_243L0_243L0=0;
  int prev_109L1_141L1_243L1_243L1=0; int cur_109L2_141L2_243L2_243L2=0;
  bit ret_109L3_141L3_243L3_243L3=0;
  int S_180L6_144L0_245L0_245L0=0;
  int key_180L6_144L1_245L1_245L1=1;
  int prev_180L6_144L2_245L2_245L2=0;
  int cur_180L7_144L3_245L3_245L3=0;
  bit _has_out__182L0_145L0_246L0_246L0=0;
  prev_180L6_144L2_245L2_245L2 = null;
  int __s_pac85_249L0_249L0=0;
  cur_180L7_144L3_245L3_245L3 = __s_Set_head_8_46L5_46L5[0];
  int _ret_0_185L1_148L1_249L1_249L1=1;
  atomic((_lock_3L0_3L0[1])==(0))
  {
    _lock_3L0_3L0[1] = -1;
  }
  for(int i_188L0_151L0_253L0_253L0=0;(i_188L0_151L0_253L0_253L0)<(4);i_188L0_151L0_253L0_253L0 = (i_188L0_151L0_253L0_253L0)+(1))
  {
    if((__s_Node_key_5_4L1_4L1[cur_180L7_144L3_245L3_245L3])<(1))
    {
      if((prev_180L6_144L2_245L2_245L2)!=(null))
      {
        int _ret_1_214L0_177L0_283L0_283L0=((((int)prev_180L6_144L2_245L2_245L2))*(1))+(0);
        atomic
        {
          _lock_3L0_3L0[_ret_1_214L0_177L0_283L0_283L0] = 0;
        }
      }
      int __sa30_285L0_285L0=__s_Node_next_6_4L2_4L2[cur_180L7_144L3_245L3_245L3];
      int _ret_2_215L0_178L0_285L2_285L2=((((int)__sa30_285L0_285L0))*(1))+(0);
      atomic((_lock_3L0_3L0[_ret_2_215L0_178L0_285L2_285L2])==(0))
      {
        _lock_3L0_3L0[_ret_2_215L0_178L0_285L2_285L2] = -1;
      }
      prev_180L6_144L2_245L2_245L2 = cur_180L7_144L3_245L3_245L3;
      cur_180L7_144L3_245L3_245L3 = __s_Node_next_6_4L2_4L2[cur_180L7_144L3_245L3_245L3];
    }
  }
  prev_109L1_141L1_243L1_243L1 = prev_180L6_144L2_245L2_245L2;
  cur_109L2_141L2_243L2_243L2 = cur_180L7_144L3_245L3_245L3;
  int __s_pac89_289L4_289L4=cur_180L7_144L3_245L3_245L3;
  if((1)<(__s_Node_key_5_4L1_4L1[cur_180L7_144L3_245L3_245L3]))
  {
    int __s_tmp_new_Node_3_186L2_294L2_294L2=0;
    atomic
    {
      __s_tmp_new_Node_3_186L2_294L2_294L2 = __s_Node_nextInstance_4_4L0_4L0;
      __s_Node_nextInstance_4_4L0_4L0 = (__s_Node_nextInstance_4_4L0_4L0)+(1);
    }
    __s_Node_key_5_4L1_4L1[__s_tmp_new_Node_3_186L2_294L2_294L2] = 1;
    __s_Node_next_6_4L2_4L2[__s_tmp_new_Node_3_186L2_294L2_294L2] = cur_180L7_144L3_245L3_245L3;
    __s_Node_next_6_4L2_4L2[prev_180L6_144L2_245L2_245L2] = __s_tmp_new_Node_3_186L2_294L2_294L2;
    ret_109L3_141L3_243L3_243L3 = 1;
  }
  else
  {
    ret_109L3_141L3_243L3_243L3 = 0;
  }
  int _ret_1_122L4_193L4_301L5_301L5=((((int)prev_180L6_144L2_245L2_245L2))*(1))+(0);
  atomic
  {
    _lock_3L0_3L0[_ret_1_122L4_193L4_301L5_301L5] = 0;
  }
  int _ret_2_123L5_194L5_303L6_303L6=((((int)cur_180L7_144L3_245L3_245L3))*(1))+(0);
  atomic
  {
    _lock_3L0_3L0[_ret_2_123L5_194L5_303L6_303L6] = 0;
  }
  _out_107L3_140L2_242L2_242L2 = ret_109L3_141L3_243L3_243L3;
  _has_out__109L0_141L0_243L0_243L0 = 1;
  _ret_3_28L6_137L6_240L6_240L6 = ret_109L3_141L3_243L3_243L3;
  bit _ret_4_30L7_197L7_307L7_307L7=0;
  int S_125L3_200L0_309L0_309L0=0;
  int key_125L3_200L1_309L1_309L1=1;
  bit _out_125L3_200L2_309L2_309L2=0;
  bit _has_out__127L0_201L0_310L0_310L0=0;
  int prev_127L1_201L1_310L1_310L1=0; int cur_127L2_201L2_310L2_310L2=0;
  bit ret_127L3_201L3_310L3_310L3=0;
  int S_180L6_204L0_312L0_312L0=0;
  int key_180L6_204L1_312L1_312L1=1;
  int prev_180L6_204L2_312L2_312L2=0;
  int cur_180L7_204L3_312L3_312L3=0;
  bit _has_out__182L0_205L0_313L0_313L0=0;
  prev_180L6_204L2_312L2_312L2 = null;
  int __s_pac93_316L0_316L0=0;
  cur_180L7_204L3_312L3_312L3 = __s_Set_head_8_46L5_46L5[0];
  int _ret_0_185L1_208L1_316L1_316L1=1;
  atomic((_lock_3L0_3L0[1])==(0))
  {
    _lock_3L0_3L0[1] = -1;
  }
  for(int i_188L0_211L0_320L0_320L0=0;(i_188L0_211L0_320L0_320L0)<(4);i_188L0_211L0_320L0_320L0 = (i_188L0_211L0_320L0_320L0)+(1))
  {
    if((__s_Node_key_5_4L1_4L1[cur_180L7_204L3_312L3_312L3])<(1))
    {
      if((prev_180L6_204L2_312L2_312L2)!=(null))
      {
        int _ret_1_214L0_237L0_350L0_350L0=((((int)prev_180L6_204L2_312L2_312L2))*(1))+(0);
        atomic
        {
          _lock_3L0_3L0[_ret_1_214L0_237L0_350L0_350L0] = 0;
        }
      }
      int __sa31_352L0_352L0=__s_Node_next_6_4L2_4L2[cur_180L7_204L3_312L3_312L3];
      int _ret_2_215L0_238L0_352L2_352L2=((((int)__sa31_352L0_352L0))*(1))+(0);
      atomic((_lock_3L0_3L0[_ret_2_215L0_238L0_352L2_352L2])==(0))
      {
        _lock_3L0_3L0[_ret_2_215L0_238L0_352L2_352L2] = -1;
      }
      prev_180L6_204L2_312L2_312L2 = cur_180L7_204L3_312L3_312L3;
      cur_180L7_204L3_312L3_312L3 = __s_Node_next_6_4L2_4L2[cur_180L7_204L3_312L3_312L3];
    }
  }
  prev_127L1_201L1_310L1_310L1 = prev_180L6_204L2_312L2_312L2;
  cur_127L2_201L2_310L2_310L2 = cur_180L7_204L3_312L3_312L3;
  int __s_pac97_356L4_356L4=cur_180L7_204L3_312L3_312L3;
  if((1)==(__s_Node_key_5_4L1_4L1[cur_180L7_204L3_312L3_312L3]))
  {
    __s_Node_next_6_4L2_4L2[prev_180L6_204L2_312L2_312L2] = __s_Node_next_6_4L2_4L2[cur_180L7_204L3_312L3_312L3];
    ret_127L3_201L3_310L3_310L3 = 1;
  }
  else
  {
    ret_127L3_201L3_310L3_310L3 = 0;
  }
  int _ret_0_133L4_246L4_361L5_361L5=((((int)prev_180L6_204L2_312L2_312L2))*(1))+(0);
  atomic
  {
    _lock_3L0_3L0[_ret_0_133L4_246L4_361L5_361L5] = 0;
  }
  int _ret_1_134L5_247L5_363L6_363L6=((((int)cur_180L7_204L3_312L3_312L3))*(1))+(0);
  atomic
  {
    _lock_3L0_3L0[_ret_1_134L5_247L5_363L6_363L6] = 0;
  }
  _out_125L3_200L2_309L2_309L2 = ret_127L3_201L3_310L3_310L3;
  _has_out__127L0_201L0_310L0_310L0 = 1;
  _ret_4_30L7_197L7_307L7_307L7 = ret_127L3_201L3_310L3_310L3;
  bit _ret_5_32L8_250L8_367L8_367L8=0;
  int S_136L3_253L0_369L0_369L0=0;
  bit _out_136L3_253L1_369L1_369L1=0;
  bit _has_out__138L0_254L0_370L0_370L0=0;
  int __s_pac101_371L0_371L0=0;
  int __s_pac100_371L1_371L1=__s_Set_tail_9_46L4_46L4[0];
  int __s_pac103_372L0_372L0=0;
  int __s_pac102_372L1_372L1=__s_Set_head_8_46L5_46L5[0];
  int __s_pac104_372L2_372L2=0;
  _out_136L3_253L1_369L1_369L1 = (__s_Node_next_6_4L2_4L2[1])==(__s_Set_tail_9_46L4_46L4[0]);
  _has_out__138L0_254L0_370L0_370L0 = 1;
  _ret_5_32L8_250L8_367L8_367L8 = _out_136L3_253L1_369L1_369L1;
  fork(int i_36L0_259L0_375L0_375L0; 2)
  {
    int addKey_38L0_261L0_377L0_378L0=i_36L0_259L0_375L0_375L0; int rmKey_38L1_261L1_377L1_378L1=((i_36L0_259L0_375L0_375L0)+(1))%(2);
    for(int j_40L0_263L0_379L0_380L0=0;(j_40L0_263L0_379L0_380L0)<(1);j_40L0_263L0_379L0_380L0 = (j_40L0_263L0_379L0_380L0)+(1))
    {
      int prev_180L6_505L2_647L2_648L2=0;
      int cur_180L7_505L3_647L3_648L3;
      prev_180L6_505L2_647L2_648L2 = null;
      cur_180L7_505L3_647L3_648L3 = __s_Set_head_8_46L5_46L5[0];
      int _ret_0_185L1_509L1_651L1_652L1=((((int)cur_180L7_505L3_647L3_648L3))*(1))+(0);
      atomic((_lock_3L0_3L0[_ret_0_185L1_509L1_651L1_652L1])==(0))
      {
        _lock_3L0_3L0[_ret_0_185L1_509L1_651L1_652L1] = (i_36L0_259L0_375L0_375L0)+(1);
      }
      for(int i_188L0_512L0_655L0_656L0=0;(i_188L0_512L0_655L0_656L0)<(4);i_188L0_512L0_655L0_656L0 = (i_188L0_512L0_655L0_656L0)+(1))
      {
        if((__s_Node_key_5_4L1_4L1[cur_180L7_505L3_647L3_648L3])<(addKey_38L0_261L0_377L0_378L0))
        {
          if((prev_180L6_505L2_647L2_648L2)!=(null))
          {
            int _ret_1_214L0_538L0_685L0_686L0=((((int)prev_180L6_505L2_647L2_648L2))*(1))+(0);
            atomic
            {
              _lock_3L0_3L0[_ret_1_214L0_538L0_685L0_686L0] = 0;
            }
          }
          int __sa32_687L0_688L0=__s_Node_next_6_4L2_4L2[cur_180L7_505L3_647L3_648L3];
          int _ret_2_215L0_539L0_687L2_688L2=((((int)__sa32_687L0_688L0))*(1))+(0);
          atomic((_lock_3L0_3L0[_ret_2_215L0_539L0_687L2_688L2])==(0))
          {
            _lock_3L0_3L0[_ret_2_215L0_539L0_687L2_688L2] = (i_36L0_259L0_375L0_375L0)+(1);
          }
          prev_180L6_505L2_647L2_648L2 = cur_180L7_505L3_647L3_648L3;
          cur_180L7_505L3_647L3_648L3 = __s_Node_next_6_4L2_4L2[cur_180L7_505L3_647L3_648L3];
        }
      }
      if((addKey_38L0_261L0_377L0_378L0)<(__s_Node_key_5_4L1_4L1[cur_180L7_505L3_647L3_648L3]))
      {
        int __s_tmp_new_Node_3_547L2_696L2_697L2=0;
        atomic
        {
          __s_tmp_new_Node_3_547L2_696L2_697L2 = __s_Node_nextInstance_4_4L0_4L0;
          __s_Node_nextInstance_4_4L0_4L0 = (__s_Node_nextInstance_4_4L0_4L0)+(1);
        }
        __s_Node_key_5_4L1_4L1[__s_tmp_new_Node_3_547L2_696L2_697L2] = addKey_38L0_261L0_377L0_378L0;
        __s_Node_next_6_4L2_4L2[__s_tmp_new_Node_3_547L2_696L2_697L2] = cur_180L7_505L3_647L3_648L3;
        __s_Node_next_6_4L2_4L2[prev_180L6_505L2_647L2_648L2] = __s_tmp_new_Node_3_547L2_696L2_697L2;
      }
      int _ret_1_122L4_554L4_703L5_704L5=((((int)prev_180L6_505L2_647L2_648L2))*(1))+(0);
      atomic
      {
        _lock_3L0_3L0[_ret_1_122L4_554L4_703L5_704L5] = 0;
      }
      int _ret_2_123L5_555L5_705L6_706L6=((((int)cur_180L7_505L3_647L3_648L3))*(1))+(0);
      atomic
      {
        _lock_3L0_3L0[_ret_2_123L5_555L5_705L6_706L6] = 0;
      }
      addKey_38L0_261L0_377L0_378L0 = (addKey_38L0_261L0_377L0_378L0)+(2);
      bit ret_127L3_563L3_713L3_714L3=0;
      int prev_180L6_566L2_715L2_716L2=0;
      int cur_180L7_566L3_715L3_716L3;
      prev_180L6_566L2_715L2_716L2 = null;
      cur_180L7_566L3_715L3_716L3 = __s_Set_head_8_46L5_46L5[0];
      int _ret_0_185L1_570L1_719L1_720L1=((((int)cur_180L7_566L3_715L3_716L3))*(1))+(0);
      atomic((_lock_3L0_3L0[_ret_0_185L1_570L1_719L1_720L1])==(0))
      {
        _lock_3L0_3L0[_ret_0_185L1_570L1_719L1_720L1] = (i_36L0_259L0_375L0_375L0)+(1);
      }
      for(int i_188L0_573L0_723L0_724L0=0;(i_188L0_573L0_723L0_724L0)<(4);i_188L0_573L0_723L0_724L0 = (i_188L0_573L0_723L0_724L0)+(1))
      {
        if((__s_Node_key_5_4L1_4L1[cur_180L7_566L3_715L3_716L3])<(rmKey_38L1_261L1_377L1_378L1))
        {
          if((prev_180L6_566L2_715L2_716L2)!=(null))
          {
            int _ret_1_214L0_599L0_753L0_754L0=((((int)prev_180L6_566L2_715L2_716L2))*(1))+(0);
            atomic
            {
              _lock_3L0_3L0[_ret_1_214L0_599L0_753L0_754L0] = 0;
            }
          }
          int __sa33_755L0_756L0=__s_Node_next_6_4L2_4L2[cur_180L7_566L3_715L3_716L3];
          int _ret_2_215L0_600L0_755L2_756L2=((((int)__sa33_755L0_756L0))*(1))+(0);
          atomic((_lock_3L0_3L0[_ret_2_215L0_600L0_755L2_756L2])==(0))
          {
            _lock_3L0_3L0[_ret_2_215L0_600L0_755L2_756L2] = (i_36L0_259L0_375L0_375L0)+(1);
          }
          prev_180L6_566L2_715L2_716L2 = cur_180L7_566L3_715L3_716L3;
          cur_180L7_566L3_715L3_716L3 = __s_Node_next_6_4L2_4L2[cur_180L7_566L3_715L3_716L3];
        }
      }
      if((rmKey_38L1_261L1_377L1_378L1)==(__s_Node_key_5_4L1_4L1[cur_180L7_566L3_715L3_716L3]))
      {
        __s_Node_next_6_4L2_4L2[prev_180L6_566L2_715L2_716L2] = __s_Node_next_6_4L2_4L2[cur_180L7_566L3_715L3_716L3];
        ret_127L3_563L3_713L3_714L3 = 1;
      }
      else
      {
        ret_127L3_563L3_713L3_714L3 = 0;
      }
      int _ret_0_133L4_608L4_764L5_765L5=((((int)prev_180L6_566L2_715L2_716L2))*(1))+(0);
      atomic
      {
        _lock_3L0_3L0[_ret_0_133L4_608L4_764L5_765L5] = 0;
      }
      int _ret_1_134L5_609L5_766L6_767L6=((((int)cur_180L7_566L3_715L3_716L3))*(1))+(0);
      atomic
      {
        _lock_3L0_3L0[_ret_1_134L5_609L5_766L6_767L6] = 0;
      }
      removed_24L3_24L3_110L3_110L3[rmKey_38L1_261L1_377L1_378L1] = ret_127L3_563L3_713L3_714L3;
      rmKey_38L1_261L1_377L1_378L1 = ((rmKey_38L1_261L1_377L1_378L1)+(2))%(2);
    }
  }
  for(int k_65L0_656L0_813L0_814L0=0;(k_65L0_656L0_813L0_814L0)<(2);k_65L0_656L0_813L0_814L0 = (k_65L0_656L0_813L0_814L0)+(1))
  {
    if(removed_24L3_24L3_110L3_110L3[k_65L0_656L0_813L0_814L0])
    {
      int prev_180L6_1011L2_1208L2_1209L2=0;
      int cur_180L7_1011L3_1208L3_1209L3;
      prev_180L6_1011L2_1208L2_1209L2 = null;
      cur_180L7_1011L3_1208L3_1209L3 = __s_Set_head_8_46L5_46L5[0];
      int _ret_0_185L1_1015L1_1212L1_1213L1=((((int)cur_180L7_1011L3_1208L3_1209L3))*(1))+(0);
      atomic((_lock_3L0_3L0[_ret_0_185L1_1015L1_1212L1_1213L1])==(0))
      {
        _lock_3L0_3L0[_ret_0_185L1_1015L1_1212L1_1213L1] = -1;
      }
      for(int i_188L0_1018L0_1216L0_1217L0=0;(i_188L0_1018L0_1216L0_1217L0)<(4);i_188L0_1018L0_1216L0_1217L0 = (i_188L0_1018L0_1216L0_1217L0)+(1))
      {
        if((__s_Node_key_5_4L1_4L1[cur_180L7_1011L3_1208L3_1209L3])<(k_65L0_656L0_813L0_814L0))
        {
          if((prev_180L6_1011L2_1208L2_1209L2)!=(null))
          {
            int _ret_1_214L0_1044L0_1246L0_1247L0=((((int)prev_180L6_1011L2_1208L2_1209L2))*(1))+(0);
            atomic
            {
              _lock_3L0_3L0[_ret_1_214L0_1044L0_1246L0_1247L0] = 0;
            }
          }
          int __sa34_1248L0_1249L0=__s_Node_next_6_4L2_4L2[cur_180L7_1011L3_1208L3_1209L3];
          int _ret_2_215L0_1045L0_1248L2_1249L2=((((int)__sa34_1248L0_1249L0))*(1))+(0);
          atomic((_lock_3L0_3L0[_ret_2_215L0_1045L0_1248L2_1249L2])==(0))
          {
            _lock_3L0_3L0[_ret_2_215L0_1045L0_1248L2_1249L2] = -1;
          }
          prev_180L6_1011L2_1208L2_1209L2 = cur_180L7_1011L3_1208L3_1209L3;
          cur_180L7_1011L3_1208L3_1209L3 = __s_Node_next_6_4L2_4L2[cur_180L7_1011L3_1208L3_1209L3];
        }
      }
      if((k_65L0_656L0_813L0_814L0)==(__s_Node_key_5_4L1_4L1[cur_180L7_1011L3_1208L3_1209L3]))
      {
        __s_Node_next_6_4L2_4L2[prev_180L6_1011L2_1208L2_1209L2] = __s_Node_next_6_4L2_4L2[cur_180L7_1011L3_1208L3_1209L3];
      }
      int _ret_0_133L4_1053L4_1257L5_1258L5=((((int)prev_180L6_1011L2_1208L2_1209L2))*(1))+(0);
      atomic
      {
        _lock_3L0_3L0[_ret_0_133L4_1053L4_1257L5_1258L5] = 0;
      }
      int _ret_1_134L5_1054L5_1259L6_1260L6=((((int)cur_180L7_1011L3_1208L3_1209L3))*(1))+(0);
      atomic
      {
        _lock_3L0_3L0[_ret_1_134L5_1054L5_1259L6_1260L6] = 0;
      }
    }
    else
    {
      int prev_180L6_1066L2_1270L2_1271L2=0;
      int cur_180L7_1066L3_1270L3_1271L3;
      prev_180L6_1066L2_1270L2_1271L2 = null;
      cur_180L7_1066L3_1270L3_1271L3 = __s_Set_head_8_46L5_46L5[0];
      int _ret_0_185L1_1070L1_1274L1_1275L1=((((int)cur_180L7_1066L3_1270L3_1271L3))*(1))+(0);
      atomic((_lock_3L0_3L0[_ret_0_185L1_1070L1_1274L1_1275L1])==(0))
      {
        _lock_3L0_3L0[_ret_0_185L1_1070L1_1274L1_1275L1] = -1;
      }
      for(int i_188L0_1073L0_1278L0_1279L0=0;(i_188L0_1073L0_1278L0_1279L0)<(4);i_188L0_1073L0_1278L0_1279L0 = (i_188L0_1073L0_1278L0_1279L0)+(1))
      {
        if((__s_Node_key_5_4L1_4L1[cur_180L7_1066L3_1270L3_1271L3])<(k_65L0_656L0_813L0_814L0))
        {
          if((prev_180L6_1066L2_1270L2_1271L2)!=(null))
          {
            int _ret_1_214L0_1099L0_1308L0_1309L0=((((int)prev_180L6_1066L2_1270L2_1271L2))*(1))+(0);
            atomic
            {
              _lock_3L0_3L0[_ret_1_214L0_1099L0_1308L0_1309L0] = 0;
            }
          }
          int __sa35_1310L0_1311L0=__s_Node_next_6_4L2_4L2[cur_180L7_1066L3_1270L3_1271L3];
          int _ret_2_215L0_1100L0_1310L2_1311L2=((((int)__sa35_1310L0_1311L0))*(1))+(0);
          atomic((_lock_3L0_3L0[_ret_2_215L0_1100L0_1310L2_1311L2])==(0))
          {
            _lock_3L0_3L0[_ret_2_215L0_1100L0_1310L2_1311L2] = -1;
          }
          prev_180L6_1066L2_1270L2_1271L2 = cur_180L7_1066L3_1270L3_1271L3;
          cur_180L7_1066L3_1270L3_1271L3 = __s_Node_next_6_4L2_4L2[cur_180L7_1066L3_1270L3_1271L3];
        }
      }
      if((k_65L0_656L0_813L0_814L0)<(__s_Node_key_5_4L1_4L1[cur_180L7_1066L3_1270L3_1271L3]))
      {
        int __s_tmp_new_Node_3_1108L2_1319L2_1320L2=0;
        atomic
        {
          __s_tmp_new_Node_3_1108L2_1319L2_1320L2 = __s_Node_nextInstance_4_4L0_4L0;
          __s_Node_nextInstance_4_4L0_4L0 = (__s_Node_nextInstance_4_4L0_4L0)+(1);
        }
        __s_Node_key_5_4L1_4L1[__s_tmp_new_Node_3_1108L2_1319L2_1320L2] = k_65L0_656L0_813L0_814L0;
        __s_Node_next_6_4L2_4L2[__s_tmp_new_Node_3_1108L2_1319L2_1320L2] = cur_180L7_1066L3_1270L3_1271L3;
        __s_Node_next_6_4L2_4L2[prev_180L6_1066L2_1270L2_1271L2] = __s_tmp_new_Node_3_1108L2_1319L2_1320L2;
      }
      int _ret_1_122L4_1115L4_1326L5_1327L5=((((int)prev_180L6_1066L2_1270L2_1271L2))*(1))+(0);
      atomic
      {
        _lock_3L0_3L0[_ret_1_122L4_1115L4_1326L5_1327L5] = 0;
      }
      int _ret_2_123L5_1116L5_1328L6_1329L6=((((int)cur_180L7_1066L3_1270L3_1271L3))*(1))+(0);
      atomic
      {
        _lock_3L0_3L0[_ret_2_123L5_1116L5_1328L6_1329L6] = 0;
      }
      int prev_180L6_1126L2_1337L2_1338L2=0;
      int cur_180L7_1126L3_1337L3_1338L3;
      prev_180L6_1126L2_1337L2_1338L2 = null;
      cur_180L7_1126L3_1337L3_1338L3 = __s_Set_head_8_46L5_46L5[0];
      int _ret_0_185L1_1130L1_1341L1_1342L1=((((int)cur_180L7_1126L3_1337L3_1338L3))*(1))+(0);
      atomic((_lock_3L0_3L0[_ret_0_185L1_1130L1_1341L1_1342L1])==(0))
      {
        _lock_3L0_3L0[_ret_0_185L1_1130L1_1341L1_1342L1] = -1;
      }
      for(int i_188L0_1133L0_1345L0_1346L0=0;(i_188L0_1133L0_1345L0_1346L0)<(4);i_188L0_1133L0_1345L0_1346L0 = (i_188L0_1133L0_1345L0_1346L0)+(1))
      {
        if((__s_Node_key_5_4L1_4L1[cur_180L7_1126L3_1337L3_1338L3])<(k_65L0_656L0_813L0_814L0))
        {
          if((prev_180L6_1126L2_1337L2_1338L2)!=(null))
          {
            int _ret_1_214L0_1159L0_1375L0_1376L0=((((int)prev_180L6_1126L2_1337L2_1338L2))*(1))+(0);
            atomic
            {
              _lock_3L0_3L0[_ret_1_214L0_1159L0_1375L0_1376L0] = 0;
            }
          }
          int __sa36_1377L0_1378L0=__s_Node_next_6_4L2_4L2[cur_180L7_1126L3_1337L3_1338L3];
          int _ret_2_215L0_1160L0_1377L2_1378L2=((((int)__sa36_1377L0_1378L0))*(1))+(0);
          atomic((_lock_3L0_3L0[_ret_2_215L0_1160L0_1377L2_1378L2])==(0))
          {
            _lock_3L0_3L0[_ret_2_215L0_1160L0_1377L2_1378L2] = -1;
          }
          prev_180L6_1126L2_1337L2_1338L2 = cur_180L7_1126L3_1337L3_1338L3;
          cur_180L7_1126L3_1337L3_1338L3 = __s_Node_next_6_4L2_4L2[cur_180L7_1126L3_1337L3_1338L3];
        }
      }
      if((k_65L0_656L0_813L0_814L0)==(__s_Node_key_5_4L1_4L1[cur_180L7_1126L3_1337L3_1338L3]))
      {
        __s_Node_next_6_4L2_4L2[prev_180L6_1126L2_1337L2_1338L2] = __s_Node_next_6_4L2_4L2[cur_180L7_1126L3_1337L3_1338L3];
      }
      int _ret_0_133L4_1168L4_1386L5_1387L5=((((int)prev_180L6_1126L2_1337L2_1338L2))*(1))+(0);
      atomic
      {
        _lock_3L0_3L0[_ret_0_133L4_1168L4_1386L5_1387L5] = 0;
      }
      int _ret_1_134L5_1169L5_1388L6_1389L6=((((int)cur_180L7_1126L3_1337L3_1338L3))*(1))+(0);
      atomic
      {
        _lock_3L0_3L0[_ret_1_134L5_1169L5_1388L6_1389L6] = 0;
      }
    }
  }
  _out_1L0_1L0_1L0_1L0 = 1;
}
void T([!bit _out_104L1_1180L1_1399L1_1400L1])
{
  int[10] __s_Node_key_11_1401L1_1402L1={0,0,0,0,0,0,0,0,0,0}; int[10] __s_Node_next_12_1401L2_1402L2={0,0,0,0,0,0,0,0,0,0};
  __s_Node_key_11_1401L1_1402L1[0] = 0;
  __s_Node_key_11_1401L1_1402L1[1] = 0;
  __s_Node_key_11_1401L1_1402L1[2] = 0;
  __s_Node_key_11_1401L1_1402L1[3] = 0;
  __s_Node_key_11_1401L1_1402L1[4] = 0;
  __s_Node_key_11_1401L1_1402L1[5] = 0;
  __s_Node_key_11_1401L1_1402L1[6] = 0;
  __s_Node_key_11_1401L1_1402L1[7] = 0;
  __s_Node_key_11_1401L1_1402L1[8] = 0;
  __s_Node_key_11_1401L1_1402L1[9] = 0;
  int __s_tmp_cond_elim_51_1424L0_1425L0=null;
  __s_Node_next_12_1401L2_1402L2[0] = __s_tmp_cond_elim_51_1424L0_1425L0;
  int __s_tmp_cond_elim_51_1426L0_1427L0=null;
  __s_Node_next_12_1401L2_1402L2[1] = __s_tmp_cond_elim_51_1426L0_1427L0;
  int __s_tmp_cond_elim_51_1428L0_1429L0=null;
  __s_Node_next_12_1401L2_1402L2[2] = __s_tmp_cond_elim_51_1428L0_1429L0;
  int __s_tmp_cond_elim_51_1430L0_1431L0=null;
  __s_Node_next_12_1401L2_1402L2[3] = __s_tmp_cond_elim_51_1430L0_1431L0;
  int __s_tmp_cond_elim_51_1432L0_1433L0=null;
  __s_Node_next_12_1401L2_1402L2[4] = __s_tmp_cond_elim_51_1432L0_1433L0;
  int __s_tmp_cond_elim_51_1434L0_1435L0=null;
  __s_Node_next_12_1401L2_1402L2[5] = __s_tmp_cond_elim_51_1434L0_1435L0;
  int __s_tmp_cond_elim_51_1436L0_1437L0=null;
  __s_Node_next_12_1401L2_1402L2[6] = __s_tmp_cond_elim_51_1436L0_1437L0;
  int __s_tmp_cond_elim_51_1438L0_1439L0=null;
  __s_Node_next_12_1401L2_1402L2[7] = __s_tmp_cond_elim_51_1438L0_1439L0;
  int __s_tmp_cond_elim_51_1440L0_1441L0=null;
  __s_Node_next_12_1401L2_1402L2[8] = __s_tmp_cond_elim_51_1440L0_1441L0;
  int __s_tmp_cond_elim_51_1442L0_1443L0=null;
  __s_Node_next_12_1401L2_1402L2[9] = __s_tmp_cond_elim_51_1442L0_1443L0;
  int[10] __s_Set_tail_15_1443L4_1444L4={0,0,0,0,0,0,0,0,0,0}; int[10] __s_Set_head_14_1443L5_1444L5={0,0,0,0,0,0,0,0,0,0};
  int __s_tmp_cond_elim_52_1445L0_1446L0=null;
  __s_Set_tail_15_1443L4_1444L4[0] = __s_tmp_cond_elim_52_1445L0_1446L0;
  int __s_tmp_cond_elim_52_1447L0_1448L0=null;
  __s_Set_tail_15_1443L4_1444L4[1] = __s_tmp_cond_elim_52_1447L0_1448L0;
  int __s_tmp_cond_elim_52_1449L0_1450L0=null;
  __s_Set_tail_15_1443L4_1444L4[2] = __s_tmp_cond_elim_52_1449L0_1450L0;
  int __s_tmp_cond_elim_52_1451L0_1452L0=null;
  __s_Set_tail_15_1443L4_1444L4[3] = __s_tmp_cond_elim_52_1451L0_1452L0;
  int __s_tmp_cond_elim_52_1453L0_1454L0=null;
  __s_Set_tail_15_1443L4_1444L4[4] = __s_tmp_cond_elim_52_1453L0_1454L0;
  int __s_tmp_cond_elim_52_1455L0_1456L0=null;
  __s_Set_tail_15_1443L4_1444L4[5] = __s_tmp_cond_elim_52_1455L0_1456L0;
  int __s_tmp_cond_elim_52_1457L0_1458L0=null;
  __s_Set_tail_15_1443L4_1444L4[6] = __s_tmp_cond_elim_52_1457L0_1458L0;
  int __s_tmp_cond_elim_52_1459L0_1460L0=null;
  __s_Set_tail_15_1443L4_1444L4[7] = __s_tmp_cond_elim_52_1459L0_1460L0;
  int __s_tmp_cond_elim_52_1461L0_1462L0=null;
  __s_Set_tail_15_1443L4_1444L4[8] = __s_tmp_cond_elim_52_1461L0_1462L0;
  int __s_tmp_cond_elim_52_1463L0_1464L0=null;
  __s_Set_tail_15_1443L4_1444L4[9] = __s_tmp_cond_elim_52_1463L0_1464L0;
  int __s_tmp_cond_elim_53_1466L0_1467L0=null;
  __s_Set_head_14_1443L5_1444L5[0] = __s_tmp_cond_elim_53_1466L0_1467L0;
  int __s_tmp_cond_elim_53_1468L0_1469L0=null;
  __s_Set_head_14_1443L5_1444L5[1] = __s_tmp_cond_elim_53_1468L0_1469L0;
  int __s_tmp_cond_elim_53_1470L0_1471L0=null;
  __s_Set_head_14_1443L5_1444L5[2] = __s_tmp_cond_elim_53_1470L0_1471L0;
  int __s_tmp_cond_elim_53_1472L0_1473L0=null;
  __s_Set_head_14_1443L5_1444L5[3] = __s_tmp_cond_elim_53_1472L0_1473L0;
  int __s_tmp_cond_elim_53_1474L0_1475L0=null;
  __s_Set_head_14_1443L5_1444L5[4] = __s_tmp_cond_elim_53_1474L0_1475L0;
  int __s_tmp_cond_elim_53_1476L0_1477L0=null;
  __s_Set_head_14_1443L5_1444L5[5] = __s_tmp_cond_elim_53_1476L0_1477L0;
  int __s_tmp_cond_elim_53_1478L0_1479L0=null;
  __s_Set_head_14_1443L5_1444L5[6] = __s_tmp_cond_elim_53_1478L0_1479L0;
  int __s_tmp_cond_elim_53_1480L0_1481L0=null;
  __s_Set_head_14_1443L5_1444L5[7] = __s_tmp_cond_elim_53_1480L0_1481L0;
  int __s_tmp_cond_elim_53_1482L0_1483L0=null;
  __s_Set_head_14_1443L5_1444L5[8] = __s_tmp_cond_elim_53_1482L0_1483L0;
  int __s_tmp_cond_elim_53_1484L0_1485L0=null;
  __s_Set_head_14_1443L5_1444L5[9] = __s_tmp_cond_elim_53_1484L0_1485L0;
  _out_104L1_1180L1_1399L1_1400L1 = 1;
}
void lock([int mem])
void unlock([int mem])

===== Compilation statistics =====
  Solved? -----------------------------> true
  Number of iterations ----------------> 0
  Maximum memory usage (MiB) ----------> 46.5625
  Total elapsed time (s) --------------> 5.255
    % frontend ............ 28.620361
    % verification ........ 71.37964
    % synthesis ........... 0.0
  Total solution time (s) -------------> 0.159
    % verification ........ 100.0
    % synthesis ........... 0.0

  Synthesizer statistics:  
    [solver stats]
    Number of calls -------------------> 0
    Total elapsed time (s) ------------> 0.0
    Total model building time (s) -----> 0.0
    Total solution time (s) -----------> 0.0
    Maximum memory usage (MiB) --------> 0.0
    Average elapsed time (s) ----------> 0.0
    Average model building time (s) ---> 0.0
    Average solution time (s) ---------> 0.0
    Average memory usage (MiB) --------> 0.0

  Verifier statistics:     
    [solver stats]
    Number of calls -------------------> 1
    Total elapsed time (s) ------------> 3.751
    Total model building time (s) -----> 3.592
    Total solution time (s) -----------> 0.159
    Maximum memory usage (MiB) --------> 5.125
    Average elapsed time (s) ----------> 3.751
    Average model building time (s) ---> 3.592
    Average solution time (s) ---------> 0.159
    Average memory usage (MiB) --------> 5.125

  Frontend statistics:     
    Total elapsed time (s) ------------> 1.504
    Max memory usage (MiB) ------------> 41.4375

[PSKETCH] DONE!
