Verifying non-sketched program ...
[SPINVERIF][2] Stats for last run:
      [solution stats]
      successful? ---------------------> true
      elapsed time (s) ----------------> 3.942
      model building time (s) ---------> 3.772
      solution time (s) ---------------> 0.17
      max memory usage (MiB) ----------> 6.6879997
      [SPIN-specific stats]
      codegen time (s) ----------------> 0.502
      codegen memory (MiB) ------------> 0.0
      compiler time (s) ---------------> 3.27
      compiler memory (MiB) -----------> 0.0
      total SPIN time (s) -------------> 0.17
      total SPIN mem (MiB) ------------> 6.6879997
      actual state mem (MiB) ----------> 5.259
      equiv state mem (MiB) -----------> 12.633
      state compression (%) -----------> 41.629063
      # states explored ---------------> 12042
      state exploration rate (states/s)> 0

void main([!bit _out_1L0_1L0_1L0_1L0]) implements T
{
  int[10] _lock_3L0_3L0=0;
  int __s_Node_nextInstance_4_4L0_4L0=0; int[10] __s_Node_key_5_4L1_4L1={0,0,0,0,0,0,0,0,0,0}; int[10] __s_Node_next_6_4L2_4L2={0,0,0,0,0,0,0,0,0,0};
  bit __s_tmp_cond_elim_46_6L0_6L0=0;
  int __s_pac54_7L0_7L0=0;
  __s_tmp_cond_elim_46_6L0_6L0 = 0;
  int __s_pac55_7L1_7L1=0;
  __s_Node_key_5_4L1_4L1[0] = 0;
  bit __s_tmp_cond_elim_46_8L0_8L0=0;
  int __s_pac54_9L0_9L0=1;
  __s_tmp_cond_elim_46_8L0_8L0 = 0;
  int __s_pac55_9L1_9L1=1;
  __s_Node_key_5_4L1_4L1[1] = 0;
  bit __s_tmp_cond_elim_46_10L0_10L0=0;
  int __s_pac54_11L0_11L0=2;
  __s_tmp_cond_elim_46_10L0_10L0 = 0;
  int __s_pac55_11L1_11L1=2;
  __s_Node_key_5_4L1_4L1[2] = 0;
  bit __s_tmp_cond_elim_46_12L0_12L0=0;
  int __s_pac54_13L0_13L0=3;
  __s_tmp_cond_elim_46_12L0_12L0 = 0;
  int __s_pac55_13L1_13L1=3;
  __s_Node_key_5_4L1_4L1[3] = 0;
  bit __s_tmp_cond_elim_46_14L0_14L0=0;
  int __s_pac54_15L0_15L0=4;
  __s_tmp_cond_elim_46_14L0_14L0 = 0;
  int __s_pac55_15L1_15L1=4;
  __s_Node_key_5_4L1_4L1[4] = 0;
  bit __s_tmp_cond_elim_46_16L0_16L0=0;
  int __s_pac54_17L0_17L0=5;
  __s_tmp_cond_elim_46_16L0_16L0 = 0;
  int __s_pac55_17L1_17L1=5;
  __s_Node_key_5_4L1_4L1[5] = 0;
  bit __s_tmp_cond_elim_46_18L0_18L0=0;
  int __s_pac54_19L0_19L0=6;
  __s_tmp_cond_elim_46_18L0_18L0 = 0;
  int __s_pac55_19L1_19L1=6;
  __s_Node_key_5_4L1_4L1[6] = 0;
  bit __s_tmp_cond_elim_46_20L0_20L0=0;
  int __s_pac54_21L0_21L0=7;
  __s_tmp_cond_elim_46_20L0_20L0 = 0;
  int __s_pac55_21L1_21L1=7;
  __s_Node_key_5_4L1_4L1[7] = 0;
  bit __s_tmp_cond_elim_46_22L0_22L0=0;
  int __s_pac54_23L0_23L0=8;
  __s_tmp_cond_elim_46_22L0_22L0 = 0;
  int __s_pac55_23L1_23L1=8;
  __s_Node_key_5_4L1_4L1[8] = 0;
  bit __s_tmp_cond_elim_46_24L0_24L0=0;
  int __s_pac54_25L0_25L0=9;
  __s_tmp_cond_elim_46_24L0_24L0 = 0;
  int __s_pac55_25L1_25L1=9;
  __s_Node_key_5_4L1_4L1[9] = 0;
  int __s_tmp_cond_elim_47_27L0_27L0=0;
  int __s_pac56_28L0_28L0=0;
  __s_tmp_cond_elim_47_27L0_27L0 = null;
  int __s_pac57_28L1_28L1=0;
  __s_Node_next_6_4L2_4L2[0] = __s_tmp_cond_elim_47_27L0_27L0;
  int __s_tmp_cond_elim_47_29L0_29L0=0;
  int __s_pac56_30L0_30L0=1;
  __s_tmp_cond_elim_47_29L0_29L0 = null;
  int __s_pac57_30L1_30L1=1;
  __s_Node_next_6_4L2_4L2[1] = __s_tmp_cond_elim_47_29L0_29L0;
  int __s_tmp_cond_elim_47_31L0_31L0=0;
  int __s_pac56_32L0_32L0=2;
  __s_tmp_cond_elim_47_31L0_31L0 = null;
  int __s_pac57_32L1_32L1=2;
  __s_Node_next_6_4L2_4L2[2] = __s_tmp_cond_elim_47_31L0_31L0;
  int __s_tmp_cond_elim_47_33L0_33L0=0;
  int __s_pac56_34L0_34L0=3;
  __s_tmp_cond_elim_47_33L0_33L0 = null;
  int __s_pac57_34L1_34L1=3;
  __s_Node_next_6_4L2_4L2[3] = __s_tmp_cond_elim_47_33L0_33L0;
  int __s_tmp_cond_elim_47_35L0_35L0=0;
  int __s_pac56_36L0_36L0=4;
  __s_tmp_cond_elim_47_35L0_35L0 = null;
  int __s_pac57_36L1_36L1=4;
  __s_Node_next_6_4L2_4L2[4] = __s_tmp_cond_elim_47_35L0_35L0;
  int __s_tmp_cond_elim_47_37L0_37L0=0;
  int __s_pac56_38L0_38L0=5;
  __s_tmp_cond_elim_47_37L0_37L0 = null;
  int __s_pac57_38L1_38L1=5;
  __s_Node_next_6_4L2_4L2[5] = __s_tmp_cond_elim_47_37L0_37L0;
  int __s_tmp_cond_elim_47_39L0_39L0=0;
  int __s_pac56_40L0_40L0=6;
  __s_tmp_cond_elim_47_39L0_39L0 = null;
  int __s_pac57_40L1_40L1=6;
  __s_Node_next_6_4L2_4L2[6] = __s_tmp_cond_elim_47_39L0_39L0;
  int __s_tmp_cond_elim_47_41L0_41L0=0;
  int __s_pac56_42L0_42L0=7;
  __s_tmp_cond_elim_47_41L0_41L0 = null;
  int __s_pac57_42L1_42L1=7;
  __s_Node_next_6_4L2_4L2[7] = __s_tmp_cond_elim_47_41L0_41L0;
  int __s_tmp_cond_elim_47_43L0_43L0=0;
  int __s_pac56_44L0_44L0=8;
  __s_tmp_cond_elim_47_43L0_43L0 = null;
  int __s_pac57_44L1_44L1=8;
  __s_Node_next_6_4L2_4L2[8] = __s_tmp_cond_elim_47_43L0_43L0;
  int __s_tmp_cond_elim_47_45L0_45L0=0;
  int __s_pac56_46L0_46L0=9;
  __s_tmp_cond_elim_47_45L0_45L0 = null;
  int __s_pac57_46L1_46L1=9;
  __s_Node_next_6_4L2_4L2[9] = __s_tmp_cond_elim_47_45L0_45L0;
  int __s_Set_nextInstance_7_46L3_46L3=0; int[10] __s_Set_tail_9_46L4_46L4={0,0,0,0,0,0,0,0,0,0}; int[10] __s_Set_head_8_46L5_46L5={0,0,0,0,0,0,0,0,0,0};
  int __s_tmp_cond_elim_48_48L0_48L0=0;
  int __s_pac58_49L0_49L0=0;
  __s_tmp_cond_elim_48_48L0_48L0 = null;
  int __s_pac59_49L1_49L1=0;
  __s_Set_tail_9_46L4_46L4[0] = __s_tmp_cond_elim_48_48L0_48L0;
  int __s_tmp_cond_elim_48_50L0_50L0=0;
  int __s_pac58_51L0_51L0=1;
  __s_tmp_cond_elim_48_50L0_50L0 = null;
  int __s_pac59_51L1_51L1=1;
  __s_Set_tail_9_46L4_46L4[1] = __s_tmp_cond_elim_48_50L0_50L0;
  int __s_tmp_cond_elim_48_52L0_52L0=0;
  int __s_pac58_53L0_53L0=2;
  __s_tmp_cond_elim_48_52L0_52L0 = null;
  int __s_pac59_53L1_53L1=2;
  __s_Set_tail_9_46L4_46L4[2] = __s_tmp_cond_elim_48_52L0_52L0;
  int __s_tmp_cond_elim_48_54L0_54L0=0;
  int __s_pac58_55L0_55L0=3;
  __s_tmp_cond_elim_48_54L0_54L0 = null;
  int __s_pac59_55L1_55L1=3;
  __s_Set_tail_9_46L4_46L4[3] = __s_tmp_cond_elim_48_54L0_54L0;
  int __s_tmp_cond_elim_48_56L0_56L0=0;
  int __s_pac58_57L0_57L0=4;
  __s_tmp_cond_elim_48_56L0_56L0 = null;
  int __s_pac59_57L1_57L1=4;
  __s_Set_tail_9_46L4_46L4[4] = __s_tmp_cond_elim_48_56L0_56L0;
  int __s_tmp_cond_elim_48_58L0_58L0=0;
  int __s_pac58_59L0_59L0=5;
  __s_tmp_cond_elim_48_58L0_58L0 = null;
  int __s_pac59_59L1_59L1=5;
  __s_Set_tail_9_46L4_46L4[5] = __s_tmp_cond_elim_48_58L0_58L0;
  int __s_tmp_cond_elim_48_60L0_60L0=0;
  int __s_pac58_61L0_61L0=6;
  __s_tmp_cond_elim_48_60L0_60L0 = null;
  int __s_pac59_61L1_61L1=6;
  __s_Set_tail_9_46L4_46L4[6] = __s_tmp_cond_elim_48_60L0_60L0;
  int __s_tmp_cond_elim_48_62L0_62L0=0;
  int __s_pac58_63L0_63L0=7;
  __s_tmp_cond_elim_48_62L0_62L0 = null;
  int __s_pac59_63L1_63L1=7;
  __s_Set_tail_9_46L4_46L4[7] = __s_tmp_cond_elim_48_62L0_62L0;
  int __s_tmp_cond_elim_48_64L0_64L0=0;
  int __s_pac58_65L0_65L0=8;
  __s_tmp_cond_elim_48_64L0_64L0 = null;
  int __s_pac59_65L1_65L1=8;
  __s_Set_tail_9_46L4_46L4[8] = __s_tmp_cond_elim_48_64L0_64L0;
  int __s_tmp_cond_elim_48_66L0_66L0=0;
  int __s_pac58_67L0_67L0=9;
  __s_tmp_cond_elim_48_66L0_66L0 = null;
  int __s_pac59_67L1_67L1=9;
  __s_Set_tail_9_46L4_46L4[9] = __s_tmp_cond_elim_48_66L0_66L0;
  int __s_tmp_cond_elim_49_69L0_69L0=0;
  int __s_pac60_70L0_70L0=0;
  __s_tmp_cond_elim_49_69L0_69L0 = null;
  int __s_pac61_70L1_70L1=0;
  __s_Set_head_8_46L5_46L5[0] = __s_tmp_cond_elim_49_69L0_69L0;
  int __s_tmp_cond_elim_49_71L0_71L0=0;
  int __s_pac60_72L0_72L0=1;
  __s_tmp_cond_elim_49_71L0_71L0 = null;
  int __s_pac61_72L1_72L1=1;
  __s_Set_head_8_46L5_46L5[1] = __s_tmp_cond_elim_49_71L0_71L0;
  int __s_tmp_cond_elim_49_73L0_73L0=0;
  int __s_pac60_74L0_74L0=2;
  __s_tmp_cond_elim_49_73L0_73L0 = null;
  int __s_pac61_74L1_74L1=2;
  __s_Set_head_8_46L5_46L5[2] = __s_tmp_cond_elim_49_73L0_73L0;
  int __s_tmp_cond_elim_49_75L0_75L0=0;
  int __s_pac60_76L0_76L0=3;
  __s_tmp_cond_elim_49_75L0_75L0 = null;
  int __s_pac61_76L1_76L1=3;
  __s_Set_head_8_46L5_46L5[3] = __s_tmp_cond_elim_49_75L0_75L0;
  int __s_tmp_cond_elim_49_77L0_77L0=0;
  int __s_pac60_78L0_78L0=4;
  __s_tmp_cond_elim_49_77L0_77L0 = null;
  int __s_pac61_78L1_78L1=4;
  __s_Set_head_8_46L5_46L5[4] = __s_tmp_cond_elim_49_77L0_77L0;
  int __s_tmp_cond_elim_49_79L0_79L0=0;
  int __s_pac60_80L0_80L0=5;
  __s_tmp_cond_elim_49_79L0_79L0 = null;
  int __s_pac61_80L1_80L1=5;
  __s_Set_head_8_46L5_46L5[5] = __s_tmp_cond_elim_49_79L0_79L0;
  int __s_tmp_cond_elim_49_81L0_81L0=0;
  int __s_pac60_82L0_82L0=6;
  __s_tmp_cond_elim_49_81L0_81L0 = null;
  int __s_pac61_82L1_82L1=6;
  __s_Set_head_8_46L5_46L5[6] = __s_tmp_cond_elim_49_81L0_81L0;
  int __s_tmp_cond_elim_49_83L0_83L0=0;
  int __s_pac60_84L0_84L0=7;
  __s_tmp_cond_elim_49_83L0_83L0 = null;
  int __s_pac61_84L1_84L1=7;
  __s_Set_head_8_46L5_46L5[7] = __s_tmp_cond_elim_49_83L0_83L0;
  int __s_tmp_cond_elim_49_85L0_85L0=0;
  int __s_pac60_86L0_86L0=8;
  __s_tmp_cond_elim_49_85L0_85L0 = null;
  int __s_pac61_86L1_86L1=8;
  __s_Set_head_8_46L5_46L5[8] = __s_tmp_cond_elim_49_85L0_85L0;
  int __s_tmp_cond_elim_49_87L0_87L0=0;
  int __s_pac60_88L0_88L0=9;
  __s_tmp_cond_elim_49_87L0_87L0 = null;
  int __s_pac61_88L1_88L1=9;
  __s_Set_head_8_46L5_46L5[9] = __s_tmp_cond_elim_49_87L0_87L0;
  _out_1L0_1L0_1L0_1L0 = 0;
  bit _has_out__3L0_3L0_89L0_89L0=0;
  int S_4L1_4L1_90L1_90L1=0;
  int _ret_0_4L2_4L2_90L2_90L2=0;
  int negInf_7L0_6L0_92L0_92L0=-1;
  int posInf_7L1_6L1_92L1_92L1=6;
  int _out_7L2_6L2_92L2_92L2=0;
  bit _has_out__8L0_7L0_93L0_93L0=0;
  int S_8L1_7L1_93L1_93L1=0;
  int __s_tmp_new_Set_0_7L2_93L2_93L2=0;
  atomic
  {
    __s_tmp_new_Set_0_7L2_93L2_93L2 = 0;
    __s_Set_nextInstance_7_46L3_46L3 = 1;
  }
  S_8L1_7L1_93L1_93L1 = 0;
  int _ret_0_8L2_8L3_94L3_94L3=null;
  int _ret_1_8L3_8L4_94L4_94L4=0;
  int key_11L0_10L0_96L0_96L0=6;
  int next_11L1_10L1_96L1_96L1=_ret_0_8L2_8L3_94L3_94L3;
  int _out_11L2_10L2_96L2_96L2=0;
  bit _has_out__12L0_11L0_97L0_97L0=0;
  int n_12L1_11L1_97L1_97L1=0;
  int __s_tmp_new_Node_1_11L2_97L2_97L2=0;
  atomic
  {
    __s_tmp_new_Node_1_11L2_97L2_97L2 = 0;
  }
  n_12L1_11L1_97L1_97L1 = 0;
  int __s_pac62_99L0_99L0=0;
  __s_Node_key_5_4L1_4L1[0] = 6;
  int __s_pac63_100L0_100L0=0;
  __s_Node_next_6_4L2_4L2[0] = _ret_0_8L2_8L3_94L3_94L3;
  _out_11L2_10L2_96L2_96L2 = 0;
  _has_out__12L0_11L0_97L0_97L0 = 1;
  _ret_1_8L3_8L4_94L4_94L4 = 0;
  int __s_pac64_102L0_102L0=0;
  __s_Set_tail_9_46L4_46L4[0] = 0;
  int _ret_2_16L4_16L5_102L5_102L5=0;
  int __s_pac65_102L6_102L6=0;
  _ret_2_16L4_16L5_102L5_102L5 = __s_Set_tail_9_46L4_46L4[0];
  int _ret_3_16L5_16L6_102L7_102L7=0;
  int key_19L0_18L0_104L0_104L0=-1;
  int next_19L1_18L1_104L1_104L1=0;
  int _out_19L2_18L2_104L2_104L2=0;
  bit _has_out__20L0_19L0_105L0_105L0=0;
  int n_20L1_19L1_105L1_105L1=0;
  int __s_tmp_new_Node_2_19L2_105L2_105L2=0;
  atomic
  {
    __s_tmp_new_Node_2_19L2_105L2_105L2 = 1;
    __s_Node_nextInstance_4_4L0_4L0 = 2;
  }
  n_20L1_19L1_105L1_105L1 = 1;
  int __s_pac66_107L0_107L0=1;
  __s_Node_key_5_4L1_4L1[1] = -1;
  int __s_pac67_108L0_108L0=1;
  __s_Node_next_6_4L2_4L2[1] = 0;
  _out_19L2_18L2_104L2_104L2 = 1;
  _has_out__20L0_19L0_105L0_105L0 = 1;
  _ret_3_16L5_16L6_102L7_102L7 = 1;
  int __s_pac68_110L0_110L0=0;
  __s_Set_head_8_46L5_46L5[0] = 1;
  _out_7L2_6L2_92L2_92L2 = 0;
  _has_out__8L0_7L0_93L0_93L0 = 1;
  _ret_0_4L2_4L2_90L2_90L2 = 0;
  S_4L1_4L1_90L1_90L1 = 0;
  bit[4] removed_25L3_25L3_111L3_111L3={0,0,0,0};
  int __s_pac69_113L0_113L0=0;
  removed_25L3_25L3_111L3_111L3[0] = 0;
  int __s_pac69_114L0_114L0=1;
  removed_25L3_25L3_111L3_111L3[1] = 0;
  int __s_pac69_115L0_115L0=2;
  removed_25L3_25L3_111L3_111L3[2] = 0;
  int __s_pac69_116L0_116L0=3;
  removed_25L3_25L3_111L3_111L3[3] = 0;
  bit _ret_1_25L4_25L4_116L4_116L4=0;
  int S_120L1_28L0_118L0_118L0=0;
  int key_120L2_28L1_118L1_118L1=6;
  bit _out_120L3_28L2_118L2_118L2=0;
  bit _has_out__122L0_29L0_119L0_119L0=0;
  int prev_122L1_29L1_119L1_119L1=0; int cur_122L2_29L2_119L2_119L2=0;
  bit ret_122L3_29L3_119L3_119L3=0;
  int S_193L6_32L0_121L0_121L0=0;
  int key_193L6_32L1_121L1_121L1=6;
  int prev_193L6_32L2_121L2_121L2=0;
  int cur_193L7_32L3_121L3_121L3=0;
  bit _has_out__195L0_33L0_122L0_122L0=0;
  prev_193L6_32L2_121L2_121L2 = null;
  int __s_pac70_125L0_125L0=0;
  cur_193L7_32L3_121L3_121L3 = __s_Set_head_8_46L5_46L5[0];
  int _ret_0_198L1_36L1_125L1_125L1=1;
  atomic(1)
  {
    _lock_3L0_3L0[1] = -1;
  }
  for(int i_201L0_39L0_129L0_129L0=0;(i_201L0_39L0_129L0_129L0)<(6);i_201L0_39L0_129L0_129L0 = (i_201L0_39L0_129L0_129L0)+(1))
  {
    if((__s_Node_key_5_4L1_4L1[cur_193L7_32L3_121L3_121L3])<(6))
    {
      if((prev_193L6_32L2_121L2_121L2)!=(null))
      {
        int _ret_1_227L0_65L0_159L0_159L0=((((int)prev_193L6_32L2_121L2_121L2))*(1))+(0);
        atomic
        {
          _lock_3L0_3L0[_ret_1_227L0_65L0_159L0_159L0] = 0;
        }
      }
      int __sa28_161L0_161L0=__s_Node_next_6_4L2_4L2[cur_193L7_32L3_121L3_121L3];
      int _ret_2_228L0_66L0_161L2_161L2=((((int)__sa28_161L0_161L0))*(1))+(0);
      atomic((_lock_3L0_3L0[_ret_2_228L0_66L0_161L2_161L2])==(0))
      {
        _lock_3L0_3L0[_ret_2_228L0_66L0_161L2_161L2] = -1;
      }
      prev_193L6_32L2_121L2_121L2 = cur_193L7_32L3_121L3_121L3;
      cur_193L7_32L3_121L3_121L3 = __s_Node_next_6_4L2_4L2[cur_193L7_32L3_121L3_121L3];
    }
  }
  prev_122L1_29L1_119L1_119L1 = prev_193L6_32L2_121L2_121L2;
  cur_122L2_29L2_119L2_119L2 = cur_193L7_32L3_121L3_121L3;
  int __s_pac74_165L4_165L4=cur_193L7_32L3_121L3_121L3;
  if((6)<(__s_Node_key_5_4L1_4L1[cur_193L7_32L3_121L3_121L3]))
  {
    atomic
    {
      __s_Node_nextInstance_4_4L0_4L0 = 3;
    }
    __s_Node_key_5_4L1_4L1[2] = 6;
    __s_Node_next_6_4L2_4L2[2] = cur_193L7_32L3_121L3_121L3;
    __s_Node_next_6_4L2_4L2[prev_193L6_32L2_121L2_121L2] = 2;
    ret_122L3_29L3_119L3_119L3 = 1;
  }
  else
  {
    ret_122L3_29L3_119L3_119L3 = 0;
  }
  int _ret_1_135L4_81L4_177L5_177L5=((((int)prev_193L6_32L2_121L2_121L2))*(1))+(0);
  atomic
  {
    _lock_3L0_3L0[_ret_1_135L4_81L4_177L5_177L5] = 0;
  }
  int _ret_2_136L5_82L5_179L6_179L6=((((int)cur_193L7_32L3_121L3_121L3))*(1))+(0);
  atomic
  {
    _lock_3L0_3L0[_ret_2_136L5_82L5_179L6_179L6] = 0;
  }
  _out_120L3_28L2_118L2_118L2 = ret_122L3_29L3_119L3_119L3;
  _has_out__122L0_29L0_119L0_119L0 = 1;
  _ret_1_25L4_25L4_116L4_116L4 = ret_122L3_29L3_119L3_119L3;
  bit _ret_2_27L5_85L5_183L5_183L5=0;
  int S_138L3_88L0_185L0_185L0=0;
  int key_138L3_88L1_185L1_185L1=1;
  bit _out_138L3_88L2_185L2_185L2=0;
  bit _has_out__140L0_89L0_186L0_186L0=0;
  int prev_140L1_89L1_186L1_186L1=0; int cur_140L2_89L2_186L2_186L2=0;
  bit ret_140L3_89L3_186L3_186L3=0;
  int S_193L6_92L0_188L0_188L0=0;
  int key_193L6_92L1_188L1_188L1=1;
  int prev_193L6_92L2_188L2_188L2=0;
  int cur_193L7_92L3_188L3_188L3=0;
  bit _has_out__195L0_93L0_189L0_189L0=0;
  prev_193L6_92L2_188L2_188L2 = null;
  int __s_pac78_192L0_192L0=0;
  cur_193L7_92L3_188L3_188L3 = __s_Set_head_8_46L5_46L5[0];
  int _ret_0_198L1_96L1_192L1_192L1=1;
  atomic((_lock_3L0_3L0[1])==(0))
  {
    _lock_3L0_3L0[1] = -1;
  }
  for(int i_201L0_99L0_196L0_196L0=0;(i_201L0_99L0_196L0_196L0)<(6);i_201L0_99L0_196L0_196L0 = (i_201L0_99L0_196L0_196L0)+(1))
  {
    if((__s_Node_key_5_4L1_4L1[cur_193L7_92L3_188L3_188L3])<(1))
    {
      if((prev_193L6_92L2_188L2_188L2)!=(null))
      {
        int _ret_1_227L0_125L0_226L0_226L0=((((int)prev_193L6_92L2_188L2_188L2))*(1))+(0);
        atomic
        {
          _lock_3L0_3L0[_ret_1_227L0_125L0_226L0_226L0] = 0;
        }
      }
      int __sa29_228L0_228L0=__s_Node_next_6_4L2_4L2[cur_193L7_92L3_188L3_188L3];
      int _ret_2_228L0_126L0_228L2_228L2=((((int)__sa29_228L0_228L0))*(1))+(0);
      atomic((_lock_3L0_3L0[_ret_2_228L0_126L0_228L2_228L2])==(0))
      {
        _lock_3L0_3L0[_ret_2_228L0_126L0_228L2_228L2] = -1;
      }
      prev_193L6_92L2_188L2_188L2 = cur_193L7_92L3_188L3_188L3;
      cur_193L7_92L3_188L3_188L3 = __s_Node_next_6_4L2_4L2[cur_193L7_92L3_188L3_188L3];
    }
  }
  prev_140L1_89L1_186L1_186L1 = prev_193L6_92L2_188L2_188L2;
  cur_140L2_89L2_186L2_186L2 = cur_193L7_92L3_188L3_188L3;
  int __s_pac82_232L4_232L4=cur_193L7_92L3_188L3_188L3;
  if((1)==(__s_Node_key_5_4L1_4L1[cur_193L7_92L3_188L3_188L3]))
  {
    __s_Node_next_6_4L2_4L2[prev_193L6_92L2_188L2_188L2] = __s_Node_next_6_4L2_4L2[cur_193L7_92L3_188L3_188L3];
    ret_140L3_89L3_186L3_186L3 = 1;
  }
  else
  {
    ret_140L3_89L3_186L3_186L3 = 0;
  }
  int _ret_0_146L4_134L4_237L5_237L5=((((int)prev_193L6_92L2_188L2_188L2))*(1))+(0);
  atomic
  {
    _lock_3L0_3L0[_ret_0_146L4_134L4_237L5_237L5] = 0;
  }
  int _ret_1_147L5_135L5_239L6_239L6=((((int)cur_193L7_92L3_188L3_188L3))*(1))+(0);
  atomic
  {
    _lock_3L0_3L0[_ret_1_147L5_135L5_239L6_239L6] = 0;
  }
  _out_138L3_88L2_185L2_185L2 = ret_140L3_89L3_186L3_186L3;
  _has_out__140L0_89L0_186L0_186L0 = 1;
  _ret_2_27L5_85L5_183L5_183L5 = ret_140L3_89L3_186L3_186L3;
  bit _ret_3_29L6_138L6_243L6_243L6=0;
  int S_120L1_141L0_245L0_245L0=0;
  int key_120L2_141L1_245L1_245L1=1;
  bit _out_120L3_141L2_245L2_245L2=0;
  bit _has_out__122L0_142L0_246L0_246L0=0;
  int prev_122L1_142L1_246L1_246L1=0; int cur_122L2_142L2_246L2_246L2=0;
  bit ret_122L3_142L3_246L3_246L3=0;
  int S_193L6_145L0_248L0_248L0=0;
  int key_193L6_145L1_248L1_248L1=1;
  int prev_193L6_145L2_248L2_248L2=0;
  int cur_193L7_145L3_248L3_248L3=0;
  bit _has_out__195L0_146L0_249L0_249L0=0;
  prev_193L6_145L2_248L2_248L2 = null;
  int __s_pac85_252L0_252L0=0;
  cur_193L7_145L3_248L3_248L3 = __s_Set_head_8_46L5_46L5[0];
  int _ret_0_198L1_149L1_252L1_252L1=1;
  atomic((_lock_3L0_3L0[1])==(0))
  {
    _lock_3L0_3L0[1] = -1;
  }
  for(int i_201L0_152L0_256L0_256L0=0;(i_201L0_152L0_256L0_256L0)<(6);i_201L0_152L0_256L0_256L0 = (i_201L0_152L0_256L0_256L0)+(1))
  {
    if((__s_Node_key_5_4L1_4L1[cur_193L7_145L3_248L3_248L3])<(1))
    {
      if((prev_193L6_145L2_248L2_248L2)!=(null))
      {
        int _ret_1_227L0_178L0_286L0_286L0=((((int)prev_193L6_145L2_248L2_248L2))*(1))+(0);
        atomic
        {
          _lock_3L0_3L0[_ret_1_227L0_178L0_286L0_286L0] = 0;
        }
      }
      int __sa30_288L0_288L0=__s_Node_next_6_4L2_4L2[cur_193L7_145L3_248L3_248L3];
      int _ret_2_228L0_179L0_288L2_288L2=((((int)__sa30_288L0_288L0))*(1))+(0);
      atomic((_lock_3L0_3L0[_ret_2_228L0_179L0_288L2_288L2])==(0))
      {
        _lock_3L0_3L0[_ret_2_228L0_179L0_288L2_288L2] = -1;
      }
      prev_193L6_145L2_248L2_248L2 = cur_193L7_145L3_248L3_248L3;
      cur_193L7_145L3_248L3_248L3 = __s_Node_next_6_4L2_4L2[cur_193L7_145L3_248L3_248L3];
    }
  }
  prev_122L1_142L1_246L1_246L1 = prev_193L6_145L2_248L2_248L2;
  cur_122L2_142L2_246L2_246L2 = cur_193L7_145L3_248L3_248L3;
  int __s_pac89_292L4_292L4=cur_193L7_145L3_248L3_248L3;
  if((1)<(__s_Node_key_5_4L1_4L1[cur_193L7_145L3_248L3_248L3]))
  {
    int __s_tmp_new_Node_3_187L2_297L2_297L2=0;
    atomic
    {
      __s_tmp_new_Node_3_187L2_297L2_297L2 = __s_Node_nextInstance_4_4L0_4L0;
      __s_Node_nextInstance_4_4L0_4L0 = (__s_Node_nextInstance_4_4L0_4L0)+(1);
    }
    __s_Node_key_5_4L1_4L1[__s_tmp_new_Node_3_187L2_297L2_297L2] = 1;
    __s_Node_next_6_4L2_4L2[__s_tmp_new_Node_3_187L2_297L2_297L2] = cur_193L7_145L3_248L3_248L3;
    __s_Node_next_6_4L2_4L2[prev_193L6_145L2_248L2_248L2] = __s_tmp_new_Node_3_187L2_297L2_297L2;
    ret_122L3_142L3_246L3_246L3 = 1;
  }
  else
  {
    ret_122L3_142L3_246L3_246L3 = 0;
  }
  int _ret_1_135L4_194L4_304L5_304L5=((((int)prev_193L6_145L2_248L2_248L2))*(1))+(0);
  atomic
  {
    _lock_3L0_3L0[_ret_1_135L4_194L4_304L5_304L5] = 0;
  }
  int _ret_2_136L5_195L5_306L6_306L6=((((int)cur_193L7_145L3_248L3_248L3))*(1))+(0);
  atomic
  {
    _lock_3L0_3L0[_ret_2_136L5_195L5_306L6_306L6] = 0;
  }
  _out_120L3_141L2_245L2_245L2 = ret_122L3_142L3_246L3_246L3;
  _has_out__122L0_142L0_246L0_246L0 = 1;
  _ret_3_29L6_138L6_243L6_243L6 = ret_122L3_142L3_246L3_246L3;
  bit _ret_4_31L7_198L7_310L7_310L7=0;
  int S_138L3_201L0_312L0_312L0=0;
  int key_138L3_201L1_312L1_312L1=1;
  bit _out_138L3_201L2_312L2_312L2=0;
  bit _has_out__140L0_202L0_313L0_313L0=0;
  int prev_140L1_202L1_313L1_313L1=0; int cur_140L2_202L2_313L2_313L2=0;
  bit ret_140L3_202L3_313L3_313L3=0;
  int S_193L6_205L0_315L0_315L0=0;
  int key_193L6_205L1_315L1_315L1=1;
  int prev_193L6_205L2_315L2_315L2=0;
  int cur_193L7_205L3_315L3_315L3=0;
  bit _has_out__195L0_206L0_316L0_316L0=0;
  prev_193L6_205L2_315L2_315L2 = null;
  int __s_pac93_319L0_319L0=0;
  cur_193L7_205L3_315L3_315L3 = __s_Set_head_8_46L5_46L5[0];
  int _ret_0_198L1_209L1_319L1_319L1=1;
  atomic((_lock_3L0_3L0[1])==(0))
  {
    _lock_3L0_3L0[1] = -1;
  }
  for(int i_201L0_212L0_323L0_323L0=0;(i_201L0_212L0_323L0_323L0)<(6);i_201L0_212L0_323L0_323L0 = (i_201L0_212L0_323L0_323L0)+(1))
  {
    if((__s_Node_key_5_4L1_4L1[cur_193L7_205L3_315L3_315L3])<(1))
    {
      if((prev_193L6_205L2_315L2_315L2)!=(null))
      {
        int _ret_1_227L0_238L0_353L0_353L0=((((int)prev_193L6_205L2_315L2_315L2))*(1))+(0);
        atomic
        {
          _lock_3L0_3L0[_ret_1_227L0_238L0_353L0_353L0] = 0;
        }
      }
      int __sa31_355L0_355L0=__s_Node_next_6_4L2_4L2[cur_193L7_205L3_315L3_315L3];
      int _ret_2_228L0_239L0_355L2_355L2=((((int)__sa31_355L0_355L0))*(1))+(0);
      atomic((_lock_3L0_3L0[_ret_2_228L0_239L0_355L2_355L2])==(0))
      {
        _lock_3L0_3L0[_ret_2_228L0_239L0_355L2_355L2] = -1;
      }
      prev_193L6_205L2_315L2_315L2 = cur_193L7_205L3_315L3_315L3;
      cur_193L7_205L3_315L3_315L3 = __s_Node_next_6_4L2_4L2[cur_193L7_205L3_315L3_315L3];
    }
  }
  prev_140L1_202L1_313L1_313L1 = prev_193L6_205L2_315L2_315L2;
  cur_140L2_202L2_313L2_313L2 = cur_193L7_205L3_315L3_315L3;
  int __s_pac97_359L4_359L4=cur_193L7_205L3_315L3_315L3;
  if((1)==(__s_Node_key_5_4L1_4L1[cur_193L7_205L3_315L3_315L3]))
  {
    __s_Node_next_6_4L2_4L2[prev_193L6_205L2_315L2_315L2] = __s_Node_next_6_4L2_4L2[cur_193L7_205L3_315L3_315L3];
    ret_140L3_202L3_313L3_313L3 = 1;
  }
  else
  {
    ret_140L3_202L3_313L3_313L3 = 0;
  }
  int _ret_0_146L4_247L4_364L5_364L5=((((int)prev_193L6_205L2_315L2_315L2))*(1))+(0);
  atomic
  {
    _lock_3L0_3L0[_ret_0_146L4_247L4_364L5_364L5] = 0;
  }
  int _ret_1_147L5_248L5_366L6_366L6=((((int)cur_193L7_205L3_315L3_315L3))*(1))+(0);
  atomic
  {
    _lock_3L0_3L0[_ret_1_147L5_248L5_366L6_366L6] = 0;
  }
  _out_138L3_201L2_312L2_312L2 = ret_140L3_202L3_313L3_313L3;
  _has_out__140L0_202L0_313L0_313L0 = 1;
  _ret_4_31L7_198L7_310L7_310L7 = ret_140L3_202L3_313L3_313L3;
  bit _ret_5_33L8_251L8_370L8_370L8=0;
  int S_149L3_254L0_372L0_372L0=0;
  bit _out_149L3_254L1_372L1_372L1=0;
  bit _has_out__151L0_255L0_373L0_373L0=0;
  int __s_pac101_374L0_374L0=0;
  int __s_pac100_374L1_374L1=__s_Set_tail_9_46L4_46L4[0];
  int __s_pac103_375L0_375L0=0;
  int __s_pac102_375L1_375L1=__s_Set_head_8_46L5_46L5[0];
  int __s_pac104_375L2_375L2=0;
  _out_149L3_254L1_372L1_372L1 = (__s_Node_next_6_4L2_4L2[1])==(__s_Set_tail_9_46L4_46L4[0]);
  _has_out__151L0_255L0_373L0_373L0 = 1;
  _ret_5_33L8_251L8_370L8_370L8 = _out_149L3_254L1_372L1_372L1;
  fork(int i_37L0_260L0_378L0_378L0; 2)
  {
    if(((i_37L0_260L0_378L0_378L0)%(2))==(0))
    {
      for(int j_43L0_266L0_384L0_385L0=0;(j_43L0_266L0_384L0_385L0)<(2);j_43L0_266L0_384L0_385L0 = (j_43L0_266L0_384L0_385L0)+(1))
      {
        int key_55L0_394L0_526L0_527L0=(j_43L0_266L0_384L0_385L0)+(((i_37L0_260L0_378L0_378L0)/(2))*(2));
        int prev_193L6_402L2_532L2_533L2=0;
        int cur_193L7_402L3_532L3_533L3;
        prev_193L6_402L2_532L2_533L2 = null;
        cur_193L7_402L3_532L3_533L3 = __s_Set_head_8_46L5_46L5[0];
        int _ret_0_198L1_406L1_536L1_537L1=((((int)cur_193L7_402L3_532L3_533L3))*(1))+(0);
        atomic((_lock_3L0_3L0[_ret_0_198L1_406L1_536L1_537L1])==(0))
        {
          _lock_3L0_3L0[_ret_0_198L1_406L1_536L1_537L1] = (i_37L0_260L0_378L0_378L0)+(1);
        }
        for(int i_201L0_409L0_540L0_541L0=0;(i_201L0_409L0_540L0_541L0)<(6);i_201L0_409L0_540L0_541L0 = (i_201L0_409L0_540L0_541L0)+(1))
        {
          if((__s_Node_key_5_4L1_4L1[cur_193L7_402L3_532L3_533L3])<(key_55L0_394L0_526L0_527L0))
          {
            if((prev_193L6_402L2_532L2_533L2)!=(null))
            {
              int _ret_1_227L0_435L0_570L0_571L0=((((int)prev_193L6_402L2_532L2_533L2))*(1))+(0);
              atomic
              {
                _lock_3L0_3L0[_ret_1_227L0_435L0_570L0_571L0] = 0;
              }
            }
            int __sa32_572L0_573L0=__s_Node_next_6_4L2_4L2[cur_193L7_402L3_532L3_533L3];
            int _ret_2_228L0_436L0_572L2_573L2=((((int)__sa32_572L0_573L0))*(1))+(0);
            atomic((_lock_3L0_3L0[_ret_2_228L0_436L0_572L2_573L2])==(0))
            {
              _lock_3L0_3L0[_ret_2_228L0_436L0_572L2_573L2] = (i_37L0_260L0_378L0_378L0)+(1);
            }
            prev_193L6_402L2_532L2_533L2 = cur_193L7_402L3_532L3_533L3;
            cur_193L7_402L3_532L3_533L3 = __s_Node_next_6_4L2_4L2[cur_193L7_402L3_532L3_533L3];
          }
        }
        if((key_55L0_394L0_526L0_527L0)<(__s_Node_key_5_4L1_4L1[cur_193L7_402L3_532L3_533L3]))
        {
          int __s_tmp_new_Node_3_444L2_581L2_582L2=0;
          atomic
          {
            __s_tmp_new_Node_3_444L2_581L2_582L2 = __s_Node_nextInstance_4_4L0_4L0;
            __s_Node_nextInstance_4_4L0_4L0 = (__s_Node_nextInstance_4_4L0_4L0)+(1);
          }
          __s_Node_key_5_4L1_4L1[__s_tmp_new_Node_3_444L2_581L2_582L2] = key_55L0_394L0_526L0_527L0;
          __s_Node_next_6_4L2_4L2[__s_tmp_new_Node_3_444L2_581L2_582L2] = cur_193L7_402L3_532L3_533L3;
          __s_Node_next_6_4L2_4L2[prev_193L6_402L2_532L2_533L2] = __s_tmp_new_Node_3_444L2_581L2_582L2;
        }
        int _ret_1_135L4_451L4_588L5_589L5=((((int)prev_193L6_402L2_532L2_533L2))*(1))+(0);
        atomic
        {
          _lock_3L0_3L0[_ret_1_135L4_451L4_588L5_589L5] = 0;
        }
        int _ret_2_136L5_452L5_590L6_591L6=((((int)cur_193L7_402L3_532L3_533L3))*(1))+(0);
        atomic
        {
          _lock_3L0_3L0[_ret_2_136L5_452L5_590L6_591L6] = 0;
        }
      }
    }
    else
    {
      for(int j_62L0_459L0_598L0_599L0=0;(j_62L0_459L0_598L0_599L0)<(2);j_62L0_459L0_598L0_599L0 = (j_62L0_459L0_598L0_599L0)+(1))
      {
        int key_72L0_571L0_724L0_725L0=(j_62L0_459L0_598L0_599L0)+(((i_37L0_260L0_378L0_378L0)/(2))*(2));
        bit ret_140L3_576L3_728L3_729L3=0;
        int prev_193L6_579L2_730L2_731L2=0;
        int cur_193L7_579L3_730L3_731L3;
        prev_193L6_579L2_730L2_731L2 = null;
        cur_193L7_579L3_730L3_731L3 = __s_Set_head_8_46L5_46L5[0];
        int _ret_0_198L1_583L1_734L1_735L1=((((int)cur_193L7_579L3_730L3_731L3))*(1))+(0);
        atomic((_lock_3L0_3L0[_ret_0_198L1_583L1_734L1_735L1])==(0))
        {
          _lock_3L0_3L0[_ret_0_198L1_583L1_734L1_735L1] = (i_37L0_260L0_378L0_378L0)+(1);
        }
        for(int i_201L0_586L0_738L0_739L0=0;(i_201L0_586L0_738L0_739L0)<(6);i_201L0_586L0_738L0_739L0 = (i_201L0_586L0_738L0_739L0)+(1))
        {
          if((__s_Node_key_5_4L1_4L1[cur_193L7_579L3_730L3_731L3])<(key_72L0_571L0_724L0_725L0))
          {
            if((prev_193L6_579L2_730L2_731L2)!=(null))
            {
              int _ret_1_227L0_612L0_768L0_769L0=((((int)prev_193L6_579L2_730L2_731L2))*(1))+(0);
              atomic
              {
                _lock_3L0_3L0[_ret_1_227L0_612L0_768L0_769L0] = 0;
              }
            }
            int __sa33_770L0_771L0=__s_Node_next_6_4L2_4L2[cur_193L7_579L3_730L3_731L3];
            int _ret_2_228L0_613L0_770L2_771L2=((((int)__sa33_770L0_771L0))*(1))+(0);
            atomic((_lock_3L0_3L0[_ret_2_228L0_613L0_770L2_771L2])==(0))
            {
              _lock_3L0_3L0[_ret_2_228L0_613L0_770L2_771L2] = (i_37L0_260L0_378L0_378L0)+(1);
            }
            prev_193L6_579L2_730L2_731L2 = cur_193L7_579L3_730L3_731L3;
            cur_193L7_579L3_730L3_731L3 = __s_Node_next_6_4L2_4L2[cur_193L7_579L3_730L3_731L3];
          }
        }
        if((key_72L0_571L0_724L0_725L0)==(__s_Node_key_5_4L1_4L1[cur_193L7_579L3_730L3_731L3]))
        {
          __s_Node_next_6_4L2_4L2[prev_193L6_579L2_730L2_731L2] = __s_Node_next_6_4L2_4L2[cur_193L7_579L3_730L3_731L3];
          ret_140L3_576L3_728L3_729L3 = 1;
        }
        else
        {
          ret_140L3_576L3_728L3_729L3 = 0;
        }
        int _ret_0_146L4_621L4_779L5_780L5=((((int)prev_193L6_579L2_730L2_731L2))*(1))+(0);
        atomic
        {
          _lock_3L0_3L0[_ret_0_146L4_621L4_779L5_780L5] = 0;
        }
        int _ret_1_147L5_622L5_781L6_782L6=((((int)cur_193L7_579L3_730L3_731L3))*(1))+(0);
        atomic
        {
          _lock_3L0_3L0[_ret_1_147L5_622L5_781L6_782L6] = 0;
        }
        removed_25L3_25L3_111L3_111L3[key_72L0_571L0_724L0_725L0] = ret_140L3_576L3_728L3_729L3;
      }
    }
  }
  for(int k_78L0_669L0_828L0_829L0=0;(k_78L0_669L0_828L0_829L0)<(2);k_78L0_669L0_828L0_829L0 = (k_78L0_669L0_828L0_829L0)+(1))
  {
    if(removed_25L3_25L3_111L3_111L3[k_78L0_669L0_828L0_829L0])
    {
      int prev_193L6_1024L2_1223L2_1224L2=0;
      int cur_193L7_1024L3_1223L3_1224L3;
      prev_193L6_1024L2_1223L2_1224L2 = null;
      cur_193L7_1024L3_1223L3_1224L3 = __s_Set_head_8_46L5_46L5[0];
      int _ret_0_198L1_1028L1_1227L1_1228L1=((((int)cur_193L7_1024L3_1223L3_1224L3))*(1))+(0);
      atomic((_lock_3L0_3L0[_ret_0_198L1_1028L1_1227L1_1228L1])==(0))
      {
        _lock_3L0_3L0[_ret_0_198L1_1028L1_1227L1_1228L1] = -1;
      }
      for(int i_201L0_1031L0_1231L0_1232L0=0;(i_201L0_1031L0_1231L0_1232L0)<(6);i_201L0_1031L0_1231L0_1232L0 = (i_201L0_1031L0_1231L0_1232L0)+(1))
      {
        if((__s_Node_key_5_4L1_4L1[cur_193L7_1024L3_1223L3_1224L3])<(k_78L0_669L0_828L0_829L0))
        {
          if((prev_193L6_1024L2_1223L2_1224L2)!=(null))
          {
            int _ret_1_227L0_1057L0_1261L0_1262L0=((((int)prev_193L6_1024L2_1223L2_1224L2))*(1))+(0);
            atomic
            {
              _lock_3L0_3L0[_ret_1_227L0_1057L0_1261L0_1262L0] = 0;
            }
          }
          int __sa34_1263L0_1264L0=__s_Node_next_6_4L2_4L2[cur_193L7_1024L3_1223L3_1224L3];
          int _ret_2_228L0_1058L0_1263L2_1264L2=((((int)__sa34_1263L0_1264L0))*(1))+(0);
          atomic((_lock_3L0_3L0[_ret_2_228L0_1058L0_1263L2_1264L2])==(0))
          {
            _lock_3L0_3L0[_ret_2_228L0_1058L0_1263L2_1264L2] = -1;
          }
          prev_193L6_1024L2_1223L2_1224L2 = cur_193L7_1024L3_1223L3_1224L3;
          cur_193L7_1024L3_1223L3_1224L3 = __s_Node_next_6_4L2_4L2[cur_193L7_1024L3_1223L3_1224L3];
        }
      }
      if((k_78L0_669L0_828L0_829L0)==(__s_Node_key_5_4L1_4L1[cur_193L7_1024L3_1223L3_1224L3]))
      {
        __s_Node_next_6_4L2_4L2[prev_193L6_1024L2_1223L2_1224L2] = __s_Node_next_6_4L2_4L2[cur_193L7_1024L3_1223L3_1224L3];
      }
      int _ret_0_146L4_1066L4_1272L5_1273L5=((((int)prev_193L6_1024L2_1223L2_1224L2))*(1))+(0);
      atomic
      {
        _lock_3L0_3L0[_ret_0_146L4_1066L4_1272L5_1273L5] = 0;
      }
      int _ret_1_147L5_1067L5_1274L6_1275L6=((((int)cur_193L7_1024L3_1223L3_1224L3))*(1))+(0);
      atomic
      {
        _lock_3L0_3L0[_ret_1_147L5_1067L5_1274L6_1275L6] = 0;
      }
    }
    else
    {
      int prev_193L6_1079L2_1285L2_1286L2=0;
      int cur_193L7_1079L3_1285L3_1286L3;
      prev_193L6_1079L2_1285L2_1286L2 = null;
      cur_193L7_1079L3_1285L3_1286L3 = __s_Set_head_8_46L5_46L5[0];
      int _ret_0_198L1_1083L1_1289L1_1290L1=((((int)cur_193L7_1079L3_1285L3_1286L3))*(1))+(0);
      atomic((_lock_3L0_3L0[_ret_0_198L1_1083L1_1289L1_1290L1])==(0))
      {
        _lock_3L0_3L0[_ret_0_198L1_1083L1_1289L1_1290L1] = -1;
      }
      for(int i_201L0_1086L0_1293L0_1294L0=0;(i_201L0_1086L0_1293L0_1294L0)<(6);i_201L0_1086L0_1293L0_1294L0 = (i_201L0_1086L0_1293L0_1294L0)+(1))
      {
        if((__s_Node_key_5_4L1_4L1[cur_193L7_1079L3_1285L3_1286L3])<(k_78L0_669L0_828L0_829L0))
        {
          if((prev_193L6_1079L2_1285L2_1286L2)!=(null))
          {
            int _ret_1_227L0_1112L0_1323L0_1324L0=((((int)prev_193L6_1079L2_1285L2_1286L2))*(1))+(0);
            atomic
            {
              _lock_3L0_3L0[_ret_1_227L0_1112L0_1323L0_1324L0] = 0;
            }
          }
          int __sa35_1325L0_1326L0=__s_Node_next_6_4L2_4L2[cur_193L7_1079L3_1285L3_1286L3];
          int _ret_2_228L0_1113L0_1325L2_1326L2=((((int)__sa35_1325L0_1326L0))*(1))+(0);
          atomic((_lock_3L0_3L0[_ret_2_228L0_1113L0_1325L2_1326L2])==(0))
          {
            _lock_3L0_3L0[_ret_2_228L0_1113L0_1325L2_1326L2] = -1;
          }
          prev_193L6_1079L2_1285L2_1286L2 = cur_193L7_1079L3_1285L3_1286L3;
          cur_193L7_1079L3_1285L3_1286L3 = __s_Node_next_6_4L2_4L2[cur_193L7_1079L3_1285L3_1286L3];
        }
      }
      if((k_78L0_669L0_828L0_829L0)<(__s_Node_key_5_4L1_4L1[cur_193L7_1079L3_1285L3_1286L3]))
      {
        int __s_tmp_new_Node_3_1121L2_1334L2_1335L2=0;
        atomic
        {
          __s_tmp_new_Node_3_1121L2_1334L2_1335L2 = __s_Node_nextInstance_4_4L0_4L0;
          __s_Node_nextInstance_4_4L0_4L0 = (__s_Node_nextInstance_4_4L0_4L0)+(1);
        }
        __s_Node_key_5_4L1_4L1[__s_tmp_new_Node_3_1121L2_1334L2_1335L2] = k_78L0_669L0_828L0_829L0;
        __s_Node_next_6_4L2_4L2[__s_tmp_new_Node_3_1121L2_1334L2_1335L2] = cur_193L7_1079L3_1285L3_1286L3;
        __s_Node_next_6_4L2_4L2[prev_193L6_1079L2_1285L2_1286L2] = __s_tmp_new_Node_3_1121L2_1334L2_1335L2;
      }
      int _ret_1_135L4_1128L4_1341L5_1342L5=((((int)prev_193L6_1079L2_1285L2_1286L2))*(1))+(0);
      atomic
      {
        _lock_3L0_3L0[_ret_1_135L4_1128L4_1341L5_1342L5] = 0;
      }
      int _ret_2_136L5_1129L5_1343L6_1344L6=((((int)cur_193L7_1079L3_1285L3_1286L3))*(1))+(0);
      atomic
      {
        _lock_3L0_3L0[_ret_2_136L5_1129L5_1343L6_1344L6] = 0;
      }
      int prev_193L6_1139L2_1352L2_1353L2=0;
      int cur_193L7_1139L3_1352L3_1353L3;
      prev_193L6_1139L2_1352L2_1353L2 = null;
      cur_193L7_1139L3_1352L3_1353L3 = __s_Set_head_8_46L5_46L5[0];
      int _ret_0_198L1_1143L1_1356L1_1357L1=((((int)cur_193L7_1139L3_1352L3_1353L3))*(1))+(0);
      atomic((_lock_3L0_3L0[_ret_0_198L1_1143L1_1356L1_1357L1])==(0))
      {
        _lock_3L0_3L0[_ret_0_198L1_1143L1_1356L1_1357L1] = -1;
      }
      for(int i_201L0_1146L0_1360L0_1361L0=0;(i_201L0_1146L0_1360L0_1361L0)<(6);i_201L0_1146L0_1360L0_1361L0 = (i_201L0_1146L0_1360L0_1361L0)+(1))
      {
        if((__s_Node_key_5_4L1_4L1[cur_193L7_1139L3_1352L3_1353L3])<(k_78L0_669L0_828L0_829L0))
        {
          if((prev_193L6_1139L2_1352L2_1353L2)!=(null))
          {
            int _ret_1_227L0_1172L0_1390L0_1391L0=((((int)prev_193L6_1139L2_1352L2_1353L2))*(1))+(0);
            atomic
            {
              _lock_3L0_3L0[_ret_1_227L0_1172L0_1390L0_1391L0] = 0;
            }
          }
          int __sa36_1392L0_1393L0=__s_Node_next_6_4L2_4L2[cur_193L7_1139L3_1352L3_1353L3];
          int _ret_2_228L0_1173L0_1392L2_1393L2=((((int)__sa36_1392L0_1393L0))*(1))+(0);
          atomic((_lock_3L0_3L0[_ret_2_228L0_1173L0_1392L2_1393L2])==(0))
          {
            _lock_3L0_3L0[_ret_2_228L0_1173L0_1392L2_1393L2] = -1;
          }
          prev_193L6_1139L2_1352L2_1353L2 = cur_193L7_1139L3_1352L3_1353L3;
          cur_193L7_1139L3_1352L3_1353L3 = __s_Node_next_6_4L2_4L2[cur_193L7_1139L3_1352L3_1353L3];
        }
      }
      if((k_78L0_669L0_828L0_829L0)==(__s_Node_key_5_4L1_4L1[cur_193L7_1139L3_1352L3_1353L3]))
      {
        __s_Node_next_6_4L2_4L2[prev_193L6_1139L2_1352L2_1353L2] = __s_Node_next_6_4L2_4L2[cur_193L7_1139L3_1352L3_1353L3];
      }
      int _ret_0_146L4_1181L4_1401L5_1402L5=((((int)prev_193L6_1139L2_1352L2_1353L2))*(1))+(0);
      atomic
      {
        _lock_3L0_3L0[_ret_0_146L4_1181L4_1401L5_1402L5] = 0;
      }
      int _ret_1_147L5_1182L5_1403L6_1404L6=((((int)cur_193L7_1139L3_1352L3_1353L3))*(1))+(0);
      atomic
      {
        _lock_3L0_3L0[_ret_1_147L5_1182L5_1403L6_1404L6] = 0;
      }
    }
  }
  _out_1L0_1L0_1L0_1L0 = 1;
}
void T([!bit _out_117L1_1193L1_1414L1_1415L1])
{
  int[10] __s_Node_key_11_1416L1_1417L1={0,0,0,0,0,0,0,0,0,0}; int[10] __s_Node_next_12_1416L2_1417L2={0,0,0,0,0,0,0,0,0,0};
  __s_Node_key_11_1416L1_1417L1[0] = 0;
  __s_Node_key_11_1416L1_1417L1[1] = 0;
  __s_Node_key_11_1416L1_1417L1[2] = 0;
  __s_Node_key_11_1416L1_1417L1[3] = 0;
  __s_Node_key_11_1416L1_1417L1[4] = 0;
  __s_Node_key_11_1416L1_1417L1[5] = 0;
  __s_Node_key_11_1416L1_1417L1[6] = 0;
  __s_Node_key_11_1416L1_1417L1[7] = 0;
  __s_Node_key_11_1416L1_1417L1[8] = 0;
  __s_Node_key_11_1416L1_1417L1[9] = 0;
  int __s_tmp_cond_elim_51_1439L0_1440L0=null;
  __s_Node_next_12_1416L2_1417L2[0] = __s_tmp_cond_elim_51_1439L0_1440L0;
  int __s_tmp_cond_elim_51_1441L0_1442L0=null;
  __s_Node_next_12_1416L2_1417L2[1] = __s_tmp_cond_elim_51_1441L0_1442L0;
  int __s_tmp_cond_elim_51_1443L0_1444L0=null;
  __s_Node_next_12_1416L2_1417L2[2] = __s_tmp_cond_elim_51_1443L0_1444L0;
  int __s_tmp_cond_elim_51_1445L0_1446L0=null;
  __s_Node_next_12_1416L2_1417L2[3] = __s_tmp_cond_elim_51_1445L0_1446L0;
  int __s_tmp_cond_elim_51_1447L0_1448L0=null;
  __s_Node_next_12_1416L2_1417L2[4] = __s_tmp_cond_elim_51_1447L0_1448L0;
  int __s_tmp_cond_elim_51_1449L0_1450L0=null;
  __s_Node_next_12_1416L2_1417L2[5] = __s_tmp_cond_elim_51_1449L0_1450L0;
  int __s_tmp_cond_elim_51_1451L0_1452L0=null;
  __s_Node_next_12_1416L2_1417L2[6] = __s_tmp_cond_elim_51_1451L0_1452L0;
  int __s_tmp_cond_elim_51_1453L0_1454L0=null;
  __s_Node_next_12_1416L2_1417L2[7] = __s_tmp_cond_elim_51_1453L0_1454L0;
  int __s_tmp_cond_elim_51_1455L0_1456L0=null;
  __s_Node_next_12_1416L2_1417L2[8] = __s_tmp_cond_elim_51_1455L0_1456L0;
  int __s_tmp_cond_elim_51_1457L0_1458L0=null;
  __s_Node_next_12_1416L2_1417L2[9] = __s_tmp_cond_elim_51_1457L0_1458L0;
  int[10] __s_Set_tail_15_1458L4_1459L4={0,0,0,0,0,0,0,0,0,0}; int[10] __s_Set_head_14_1458L5_1459L5={0,0,0,0,0,0,0,0,0,0};
  int __s_tmp_cond_elim_52_1460L0_1461L0=null;
  __s_Set_tail_15_1458L4_1459L4[0] = __s_tmp_cond_elim_52_1460L0_1461L0;
  int __s_tmp_cond_elim_52_1462L0_1463L0=null;
  __s_Set_tail_15_1458L4_1459L4[1] = __s_tmp_cond_elim_52_1462L0_1463L0;
  int __s_tmp_cond_elim_52_1464L0_1465L0=null;
  __s_Set_tail_15_1458L4_1459L4[2] = __s_tmp_cond_elim_52_1464L0_1465L0;
  int __s_tmp_cond_elim_52_1466L0_1467L0=null;
  __s_Set_tail_15_1458L4_1459L4[3] = __s_tmp_cond_elim_52_1466L0_1467L0;
  int __s_tmp_cond_elim_52_1468L0_1469L0=null;
  __s_Set_tail_15_1458L4_1459L4[4] = __s_tmp_cond_elim_52_1468L0_1469L0;
  int __s_tmp_cond_elim_52_1470L0_1471L0=null;
  __s_Set_tail_15_1458L4_1459L4[5] = __s_tmp_cond_elim_52_1470L0_1471L0;
  int __s_tmp_cond_elim_52_1472L0_1473L0=null;
  __s_Set_tail_15_1458L4_1459L4[6] = __s_tmp_cond_elim_52_1472L0_1473L0;
  int __s_tmp_cond_elim_52_1474L0_1475L0=null;
  __s_Set_tail_15_1458L4_1459L4[7] = __s_tmp_cond_elim_52_1474L0_1475L0;
  int __s_tmp_cond_elim_52_1476L0_1477L0=null;
  __s_Set_tail_15_1458L4_1459L4[8] = __s_tmp_cond_elim_52_1476L0_1477L0;
  int __s_tmp_cond_elim_52_1478L0_1479L0=null;
  __s_Set_tail_15_1458L4_1459L4[9] = __s_tmp_cond_elim_52_1478L0_1479L0;
  int __s_tmp_cond_elim_53_1481L0_1482L0=null;
  __s_Set_head_14_1458L5_1459L5[0] = __s_tmp_cond_elim_53_1481L0_1482L0;
  int __s_tmp_cond_elim_53_1483L0_1484L0=null;
  __s_Set_head_14_1458L5_1459L5[1] = __s_tmp_cond_elim_53_1483L0_1484L0;
  int __s_tmp_cond_elim_53_1485L0_1486L0=null;
  __s_Set_head_14_1458L5_1459L5[2] = __s_tmp_cond_elim_53_1485L0_1486L0;
  int __s_tmp_cond_elim_53_1487L0_1488L0=null;
  __s_Set_head_14_1458L5_1459L5[3] = __s_tmp_cond_elim_53_1487L0_1488L0;
  int __s_tmp_cond_elim_53_1489L0_1490L0=null;
  __s_Set_head_14_1458L5_1459L5[4] = __s_tmp_cond_elim_53_1489L0_1490L0;
  int __s_tmp_cond_elim_53_1491L0_1492L0=null;
  __s_Set_head_14_1458L5_1459L5[5] = __s_tmp_cond_elim_53_1491L0_1492L0;
  int __s_tmp_cond_elim_53_1493L0_1494L0=null;
  __s_Set_head_14_1458L5_1459L5[6] = __s_tmp_cond_elim_53_1493L0_1494L0;
  int __s_tmp_cond_elim_53_1495L0_1496L0=null;
  __s_Set_head_14_1458L5_1459L5[7] = __s_tmp_cond_elim_53_1495L0_1496L0;
  int __s_tmp_cond_elim_53_1497L0_1498L0=null;
  __s_Set_head_14_1458L5_1459L5[8] = __s_tmp_cond_elim_53_1497L0_1498L0;
  int __s_tmp_cond_elim_53_1499L0_1500L0=null;
  __s_Set_head_14_1458L5_1459L5[9] = __s_tmp_cond_elim_53_1499L0_1500L0;
  _out_117L1_1193L1_1414L1_1415L1 = 1;
}
void lock([int mem])
void unlock([int mem])

===== Compilation statistics =====
  Solved? -----------------------------> true
  Number of iterations ----------------> 0
  Maximum memory usage (MiB) ----------> 47.813
  Total elapsed time (s) --------------> 5.472
    % frontend ............ 27.960526
    % verification ........ 72.039474
    % synthesis ........... 0.0
  Total solution time (s) -------------> 0.17
    % verification ........ 100.0
    % synthesis ........... 0.0

  Synthesizer statistics:  
    [solver stats]
    Number of calls -------------------> 0
    Total elapsed time (s) ------------> 0.0
    Total model building time (s) -----> 0.0
    Total solution time (s) -----------> 0.0
    Maximum memory usage (MiB) --------> 0.0
    Average elapsed time (s) ----------> 0.0
    Average model building time (s) ---> 0.0
    Average solution time (s) ---------> 0.0
    Average memory usage (MiB) --------> 0.0

  Verifier statistics:     
    [solver stats]
    Number of calls -------------------> 1
    Total elapsed time (s) ------------> 3.942
    Total model building time (s) -----> 3.772
    Total solution time (s) -----------> 0.17
    Maximum memory usage (MiB) --------> 6.6879997
    Average elapsed time (s) ----------> 3.942
    Average model building time (s) ---> 3.772
    Average solution time (s) ---------> 0.17
    Average memory usage (MiB) --------> 6.6879997

  Frontend statistics:     
    Total elapsed time (s) ------------> 1.53
    Max memory usage (MiB) ------------> 41.125

[PSKETCH] DONE!
