Verifying non-sketched program ...
[SPINVERIF][2] Stats for last run:
      [solution stats]
      successful? ---------------------> true
      elapsed time (s) ----------------> 9.208
      model building time (s) ---------> 5.518
      solution time (s) ---------------> 3.69
      max memory usage (MiB) ----------> 17.625
      [SPIN-specific stats]
      codegen time (s) ----------------> 1.167
      codegen memory (MiB) ------------> 0.0
      compiler time (s) ---------------> 4.351
      compiler memory (MiB) -----------> 0.0
      total SPIN time (s) -------------> 3.69
      total SPIN mem (MiB) ------------> 17.625
      actual state mem (MiB) ----------> 6.1989994
      equiv state mem (MiB) -----------> 256.954
      state compression (%) -----------> 2.412494
      # states explored ---------------> 244942
      state exploration rate (states/s)> 0

void main([!bit _out_1L0_1L0_1L0_1L0]) implements T
{
  int[10] _lock_3L0_3L0=0;
  int __s_Node_nextInstance_4_4L0_4L0=0; int[10] __s_Node_key_5_4L1_4L1={0,0,0,0,0,0,0,0,0,0}; int[10] __s_Node_next_6_4L2_4L2={0,0,0,0,0,0,0,0,0,0};
  bit __s_tmp_cond_elim_46_6L0_6L0=0;
  int __s_pac54_7L0_7L0=0;
  __s_tmp_cond_elim_46_6L0_6L0 = 0;
  int __s_pac55_7L1_7L1=0;
  __s_Node_key_5_4L1_4L1[0] = 0;
  bit __s_tmp_cond_elim_46_8L0_8L0=0;
  int __s_pac54_9L0_9L0=1;
  __s_tmp_cond_elim_46_8L0_8L0 = 0;
  int __s_pac55_9L1_9L1=1;
  __s_Node_key_5_4L1_4L1[1] = 0;
  bit __s_tmp_cond_elim_46_10L0_10L0=0;
  int __s_pac54_11L0_11L0=2;
  __s_tmp_cond_elim_46_10L0_10L0 = 0;
  int __s_pac55_11L1_11L1=2;
  __s_Node_key_5_4L1_4L1[2] = 0;
  bit __s_tmp_cond_elim_46_12L0_12L0=0;
  int __s_pac54_13L0_13L0=3;
  __s_tmp_cond_elim_46_12L0_12L0 = 0;
  int __s_pac55_13L1_13L1=3;
  __s_Node_key_5_4L1_4L1[3] = 0;
  bit __s_tmp_cond_elim_46_14L0_14L0=0;
  int __s_pac54_15L0_15L0=4;
  __s_tmp_cond_elim_46_14L0_14L0 = 0;
  int __s_pac55_15L1_15L1=4;
  __s_Node_key_5_4L1_4L1[4] = 0;
  bit __s_tmp_cond_elim_46_16L0_16L0=0;
  int __s_pac54_17L0_17L0=5;
  __s_tmp_cond_elim_46_16L0_16L0 = 0;
  int __s_pac55_17L1_17L1=5;
  __s_Node_key_5_4L1_4L1[5] = 0;
  bit __s_tmp_cond_elim_46_18L0_18L0=0;
  int __s_pac54_19L0_19L0=6;
  __s_tmp_cond_elim_46_18L0_18L0 = 0;
  int __s_pac55_19L1_19L1=6;
  __s_Node_key_5_4L1_4L1[6] = 0;
  bit __s_tmp_cond_elim_46_20L0_20L0=0;
  int __s_pac54_21L0_21L0=7;
  __s_tmp_cond_elim_46_20L0_20L0 = 0;
  int __s_pac55_21L1_21L1=7;
  __s_Node_key_5_4L1_4L1[7] = 0;
  bit __s_tmp_cond_elim_46_22L0_22L0=0;
  int __s_pac54_23L0_23L0=8;
  __s_tmp_cond_elim_46_22L0_22L0 = 0;
  int __s_pac55_23L1_23L1=8;
  __s_Node_key_5_4L1_4L1[8] = 0;
  bit __s_tmp_cond_elim_46_24L0_24L0=0;
  int __s_pac54_25L0_25L0=9;
  __s_tmp_cond_elim_46_24L0_24L0 = 0;
  int __s_pac55_25L1_25L1=9;
  __s_Node_key_5_4L1_4L1[9] = 0;
  int __s_tmp_cond_elim_47_27L0_27L0=0;
  int __s_pac56_28L0_28L0=0;
  __s_tmp_cond_elim_47_27L0_27L0 = null;
  int __s_pac57_28L1_28L1=0;
  __s_Node_next_6_4L2_4L2[0] = __s_tmp_cond_elim_47_27L0_27L0;
  int __s_tmp_cond_elim_47_29L0_29L0=0;
  int __s_pac56_30L0_30L0=1;
  __s_tmp_cond_elim_47_29L0_29L0 = null;
  int __s_pac57_30L1_30L1=1;
  __s_Node_next_6_4L2_4L2[1] = __s_tmp_cond_elim_47_29L0_29L0;
  int __s_tmp_cond_elim_47_31L0_31L0=0;
  int __s_pac56_32L0_32L0=2;
  __s_tmp_cond_elim_47_31L0_31L0 = null;
  int __s_pac57_32L1_32L1=2;
  __s_Node_next_6_4L2_4L2[2] = __s_tmp_cond_elim_47_31L0_31L0;
  int __s_tmp_cond_elim_47_33L0_33L0=0;
  int __s_pac56_34L0_34L0=3;
  __s_tmp_cond_elim_47_33L0_33L0 = null;
  int __s_pac57_34L1_34L1=3;
  __s_Node_next_6_4L2_4L2[3] = __s_tmp_cond_elim_47_33L0_33L0;
  int __s_tmp_cond_elim_47_35L0_35L0=0;
  int __s_pac56_36L0_36L0=4;
  __s_tmp_cond_elim_47_35L0_35L0 = null;
  int __s_pac57_36L1_36L1=4;
  __s_Node_next_6_4L2_4L2[4] = __s_tmp_cond_elim_47_35L0_35L0;
  int __s_tmp_cond_elim_47_37L0_37L0=0;
  int __s_pac56_38L0_38L0=5;
  __s_tmp_cond_elim_47_37L0_37L0 = null;
  int __s_pac57_38L1_38L1=5;
  __s_Node_next_6_4L2_4L2[5] = __s_tmp_cond_elim_47_37L0_37L0;
  int __s_tmp_cond_elim_47_39L0_39L0=0;
  int __s_pac56_40L0_40L0=6;
  __s_tmp_cond_elim_47_39L0_39L0 = null;
  int __s_pac57_40L1_40L1=6;
  __s_Node_next_6_4L2_4L2[6] = __s_tmp_cond_elim_47_39L0_39L0;
  int __s_tmp_cond_elim_47_41L0_41L0=0;
  int __s_pac56_42L0_42L0=7;
  __s_tmp_cond_elim_47_41L0_41L0 = null;
  int __s_pac57_42L1_42L1=7;
  __s_Node_next_6_4L2_4L2[7] = __s_tmp_cond_elim_47_41L0_41L0;
  int __s_tmp_cond_elim_47_43L0_43L0=0;
  int __s_pac56_44L0_44L0=8;
  __s_tmp_cond_elim_47_43L0_43L0 = null;
  int __s_pac57_44L1_44L1=8;
  __s_Node_next_6_4L2_4L2[8] = __s_tmp_cond_elim_47_43L0_43L0;
  int __s_tmp_cond_elim_47_45L0_45L0=0;
  int __s_pac56_46L0_46L0=9;
  __s_tmp_cond_elim_47_45L0_45L0 = null;
  int __s_pac57_46L1_46L1=9;
  __s_Node_next_6_4L2_4L2[9] = __s_tmp_cond_elim_47_45L0_45L0;
  int __s_Set_nextInstance_7_46L3_46L3=0; int[10] __s_Set_tail_9_46L4_46L4={0,0,0,0,0,0,0,0,0,0}; int[10] __s_Set_head_8_46L5_46L5={0,0,0,0,0,0,0,0,0,0};
  int __s_tmp_cond_elim_48_48L0_48L0=0;
  int __s_pac58_49L0_49L0=0;
  __s_tmp_cond_elim_48_48L0_48L0 = null;
  int __s_pac59_49L1_49L1=0;
  __s_Set_tail_9_46L4_46L4[0] = __s_tmp_cond_elim_48_48L0_48L0;
  int __s_tmp_cond_elim_48_50L0_50L0=0;
  int __s_pac58_51L0_51L0=1;
  __s_tmp_cond_elim_48_50L0_50L0 = null;
  int __s_pac59_51L1_51L1=1;
  __s_Set_tail_9_46L4_46L4[1] = __s_tmp_cond_elim_48_50L0_50L0;
  int __s_tmp_cond_elim_48_52L0_52L0=0;
  int __s_pac58_53L0_53L0=2;
  __s_tmp_cond_elim_48_52L0_52L0 = null;
  int __s_pac59_53L1_53L1=2;
  __s_Set_tail_9_46L4_46L4[2] = __s_tmp_cond_elim_48_52L0_52L0;
  int __s_tmp_cond_elim_48_54L0_54L0=0;
  int __s_pac58_55L0_55L0=3;
  __s_tmp_cond_elim_48_54L0_54L0 = null;
  int __s_pac59_55L1_55L1=3;
  __s_Set_tail_9_46L4_46L4[3] = __s_tmp_cond_elim_48_54L0_54L0;
  int __s_tmp_cond_elim_48_56L0_56L0=0;
  int __s_pac58_57L0_57L0=4;
  __s_tmp_cond_elim_48_56L0_56L0 = null;
  int __s_pac59_57L1_57L1=4;
  __s_Set_tail_9_46L4_46L4[4] = __s_tmp_cond_elim_48_56L0_56L0;
  int __s_tmp_cond_elim_48_58L0_58L0=0;
  int __s_pac58_59L0_59L0=5;
  __s_tmp_cond_elim_48_58L0_58L0 = null;
  int __s_pac59_59L1_59L1=5;
  __s_Set_tail_9_46L4_46L4[5] = __s_tmp_cond_elim_48_58L0_58L0;
  int __s_tmp_cond_elim_48_60L0_60L0=0;
  int __s_pac58_61L0_61L0=6;
  __s_tmp_cond_elim_48_60L0_60L0 = null;
  int __s_pac59_61L1_61L1=6;
  __s_Set_tail_9_46L4_46L4[6] = __s_tmp_cond_elim_48_60L0_60L0;
  int __s_tmp_cond_elim_48_62L0_62L0=0;
  int __s_pac58_63L0_63L0=7;
  __s_tmp_cond_elim_48_62L0_62L0 = null;
  int __s_pac59_63L1_63L1=7;
  __s_Set_tail_9_46L4_46L4[7] = __s_tmp_cond_elim_48_62L0_62L0;
  int __s_tmp_cond_elim_48_64L0_64L0=0;
  int __s_pac58_65L0_65L0=8;
  __s_tmp_cond_elim_48_64L0_64L0 = null;
  int __s_pac59_65L1_65L1=8;
  __s_Set_tail_9_46L4_46L4[8] = __s_tmp_cond_elim_48_64L0_64L0;
  int __s_tmp_cond_elim_48_66L0_66L0=0;
  int __s_pac58_67L0_67L0=9;
  __s_tmp_cond_elim_48_66L0_66L0 = null;
  int __s_pac59_67L1_67L1=9;
  __s_Set_tail_9_46L4_46L4[9] = __s_tmp_cond_elim_48_66L0_66L0;
  int __s_tmp_cond_elim_49_69L0_69L0=0;
  int __s_pac60_70L0_70L0=0;
  __s_tmp_cond_elim_49_69L0_69L0 = null;
  int __s_pac61_70L1_70L1=0;
  __s_Set_head_8_46L5_46L5[0] = __s_tmp_cond_elim_49_69L0_69L0;
  int __s_tmp_cond_elim_49_71L0_71L0=0;
  int __s_pac60_72L0_72L0=1;
  __s_tmp_cond_elim_49_71L0_71L0 = null;
  int __s_pac61_72L1_72L1=1;
  __s_Set_head_8_46L5_46L5[1] = __s_tmp_cond_elim_49_71L0_71L0;
  int __s_tmp_cond_elim_49_73L0_73L0=0;
  int __s_pac60_74L0_74L0=2;
  __s_tmp_cond_elim_49_73L0_73L0 = null;
  int __s_pac61_74L1_74L1=2;
  __s_Set_head_8_46L5_46L5[2] = __s_tmp_cond_elim_49_73L0_73L0;
  int __s_tmp_cond_elim_49_75L0_75L0=0;
  int __s_pac60_76L0_76L0=3;
  __s_tmp_cond_elim_49_75L0_75L0 = null;
  int __s_pac61_76L1_76L1=3;
  __s_Set_head_8_46L5_46L5[3] = __s_tmp_cond_elim_49_75L0_75L0;
  int __s_tmp_cond_elim_49_77L0_77L0=0;
  int __s_pac60_78L0_78L0=4;
  __s_tmp_cond_elim_49_77L0_77L0 = null;
  int __s_pac61_78L1_78L1=4;
  __s_Set_head_8_46L5_46L5[4] = __s_tmp_cond_elim_49_77L0_77L0;
  int __s_tmp_cond_elim_49_79L0_79L0=0;
  int __s_pac60_80L0_80L0=5;
  __s_tmp_cond_elim_49_79L0_79L0 = null;
  int __s_pac61_80L1_80L1=5;
  __s_Set_head_8_46L5_46L5[5] = __s_tmp_cond_elim_49_79L0_79L0;
  int __s_tmp_cond_elim_49_81L0_81L0=0;
  int __s_pac60_82L0_82L0=6;
  __s_tmp_cond_elim_49_81L0_81L0 = null;
  int __s_pac61_82L1_82L1=6;
  __s_Set_head_8_46L5_46L5[6] = __s_tmp_cond_elim_49_81L0_81L0;
  int __s_tmp_cond_elim_49_83L0_83L0=0;
  int __s_pac60_84L0_84L0=7;
  __s_tmp_cond_elim_49_83L0_83L0 = null;
  int __s_pac61_84L1_84L1=7;
  __s_Set_head_8_46L5_46L5[7] = __s_tmp_cond_elim_49_83L0_83L0;
  int __s_tmp_cond_elim_49_85L0_85L0=0;
  int __s_pac60_86L0_86L0=8;
  __s_tmp_cond_elim_49_85L0_85L0 = null;
  int __s_pac61_86L1_86L1=8;
  __s_Set_head_8_46L5_46L5[8] = __s_tmp_cond_elim_49_85L0_85L0;
  int __s_tmp_cond_elim_49_87L0_87L0=0;
  int __s_pac60_88L0_88L0=9;
  __s_tmp_cond_elim_49_87L0_87L0 = null;
  int __s_pac61_88L1_88L1=9;
  __s_Set_head_8_46L5_46L5[9] = __s_tmp_cond_elim_49_87L0_87L0;
  _out_1L0_1L0_1L0_1L0 = 0;
  bit _has_out__3L0_3L0_89L0_89L0=0;
  int S_3L1_3L1_89L1_89L1=0;
  int _ret_0_3L2_3L2_89L2_89L2=0;
  int negInf_6L0_5L0_91L0_91L0=-1;
  int posInf_6L1_5L1_91L1_91L1=6;
  int _out_6L2_5L2_91L2_91L2=0;
  bit _has_out__7L0_6L0_92L0_92L0=0;
  int S_7L1_6L1_92L1_92L1=0;
  int __s_tmp_new_Set_0_6L2_92L2_92L2=0;
  atomic
  {
    __s_tmp_new_Set_0_6L2_92L2_92L2 = 0;
    __s_Set_nextInstance_7_46L3_46L3 = 1;
  }
  S_7L1_6L1_92L1_92L1 = 0;
  int _ret_0_7L2_7L3_93L3_93L3=null;
  int _ret_1_7L3_7L4_93L4_93L4=0;
  int key_10L0_9L0_95L0_95L0=6;
  int next_10L1_9L1_95L1_95L1=_ret_0_7L2_7L3_93L3_93L3;
  int _out_10L2_9L2_95L2_95L2=0;
  bit _has_out__11L0_10L0_96L0_96L0=0;
  int n_11L1_10L1_96L1_96L1=0;
  int __s_tmp_new_Node_1_10L2_96L2_96L2=0;
  atomic
  {
    __s_tmp_new_Node_1_10L2_96L2_96L2 = 0;
  }
  n_11L1_10L1_96L1_96L1 = 0;
  int __s_pac62_98L0_98L0=0;
  __s_Node_key_5_4L1_4L1[0] = 6;
  int __s_pac63_99L0_99L0=0;
  __s_Node_next_6_4L2_4L2[0] = _ret_0_7L2_7L3_93L3_93L3;
  _out_10L2_9L2_95L2_95L2 = 0;
  _has_out__11L0_10L0_96L0_96L0 = 1;
  _ret_1_7L3_7L4_93L4_93L4 = 0;
  int __s_pac64_101L0_101L0=0;
  __s_Set_tail_9_46L4_46L4[0] = 0;
  int _ret_2_15L4_15L5_101L5_101L5=0;
  int __s_pac65_101L6_101L6=0;
  _ret_2_15L4_15L5_101L5_101L5 = __s_Set_tail_9_46L4_46L4[0];
  int _ret_3_15L5_15L6_101L7_101L7=0;
  int key_18L0_17L0_103L0_103L0=-1;
  int next_18L1_17L1_103L1_103L1=0;
  int _out_18L2_17L2_103L2_103L2=0;
  bit _has_out__19L0_18L0_104L0_104L0=0;
  int n_19L1_18L1_104L1_104L1=0;
  int __s_tmp_new_Node_2_18L2_104L2_104L2=0;
  atomic
  {
    __s_tmp_new_Node_2_18L2_104L2_104L2 = 1;
    __s_Node_nextInstance_4_4L0_4L0 = 2;
  }
  n_19L1_18L1_104L1_104L1 = 1;
  int __s_pac66_106L0_106L0=1;
  __s_Node_key_5_4L1_4L1[1] = -1;
  int __s_pac67_107L0_107L0=1;
  __s_Node_next_6_4L2_4L2[1] = 0;
  _out_18L2_17L2_103L2_103L2 = 1;
  _has_out__19L0_18L0_104L0_104L0 = 1;
  _ret_3_15L5_15L6_101L7_101L7 = 1;
  int __s_pac68_109L0_109L0=0;
  __s_Set_head_8_46L5_46L5[0] = 1;
  _out_6L2_5L2_91L2_91L2 = 0;
  _has_out__7L0_6L0_92L0_92L0 = 1;
  _ret_0_3L2_3L2_89L2_89L2 = 0;
  S_3L1_3L1_89L1_89L1 = 0;
  bit[4] removed_24L3_24L3_110L3_110L3={0,0,0,0};
  int __s_pac69_112L0_112L0=0;
  removed_24L3_24L3_110L3_110L3[0] = 0;
  int __s_pac69_113L0_113L0=1;
  removed_24L3_24L3_110L3_110L3[1] = 0;
  int __s_pac69_114L0_114L0=2;
  removed_24L3_24L3_110L3_110L3[2] = 0;
  int __s_pac69_115L0_115L0=3;
  removed_24L3_24L3_110L3_110L3[3] = 0;
  bit _ret_1_24L4_24L4_115L4_115L4=0;
  int S_107L1_27L0_117L0_117L0=0;
  int key_107L2_27L1_117L1_117L1=6;
  bit _out_107L3_27L2_117L2_117L2=0;
  bit _has_out__109L0_28L0_118L0_118L0=0;
  int prev_109L1_28L1_118L1_118L1=0; int cur_109L2_28L2_118L2_118L2=0;
  bit ret_109L3_28L3_118L3_118L3=0;
  int S_180L6_31L0_120L0_120L0=0;
  int key_180L6_31L1_120L1_120L1=6;
  int prev_180L6_31L2_120L2_120L2=0;
  int cur_180L7_31L3_120L3_120L3=0;
  bit _has_out__182L0_32L0_121L0_121L0=0;
  prev_180L6_31L2_120L2_120L2 = null;
  int __s_pac70_124L0_124L0=0;
  cur_180L7_31L3_120L3_120L3 = __s_Set_head_8_46L5_46L5[0];
  int _ret_0_185L1_35L1_124L1_124L1=1;
  atomic(1)
  {
    _lock_3L0_3L0[1] = -1;
  }
  for(int i_188L0_38L0_128L0_128L0=0;(i_188L0_38L0_128L0_128L0)<(6);i_188L0_38L0_128L0_128L0 = (i_188L0_38L0_128L0_128L0)+(1))
  {
    if((__s_Node_key_5_4L1_4L1[cur_180L7_31L3_120L3_120L3])<(6))
    {
      if((prev_180L6_31L2_120L2_120L2)!=(null))
      {
        int _ret_1_214L0_64L0_158L0_158L0=((((int)prev_180L6_31L2_120L2_120L2))*(1))+(0);
        atomic
        {
          _lock_3L0_3L0[_ret_1_214L0_64L0_158L0_158L0] = 0;
        }
      }
      int __sa28_160L0_160L0=__s_Node_next_6_4L2_4L2[cur_180L7_31L3_120L3_120L3];
      int _ret_2_215L0_65L0_160L2_160L2=((((int)__sa28_160L0_160L0))*(1))+(0);
      atomic((_lock_3L0_3L0[_ret_2_215L0_65L0_160L2_160L2])==(0))
      {
        _lock_3L0_3L0[_ret_2_215L0_65L0_160L2_160L2] = -1;
      }
      prev_180L6_31L2_120L2_120L2 = cur_180L7_31L3_120L3_120L3;
      cur_180L7_31L3_120L3_120L3 = __s_Node_next_6_4L2_4L2[cur_180L7_31L3_120L3_120L3];
    }
  }
  prev_109L1_28L1_118L1_118L1 = prev_180L6_31L2_120L2_120L2;
  cur_109L2_28L2_118L2_118L2 = cur_180L7_31L3_120L3_120L3;
  int __s_pac74_164L4_164L4=cur_180L7_31L3_120L3_120L3;
  if((6)<(__s_Node_key_5_4L1_4L1[cur_180L7_31L3_120L3_120L3]))
  {
    atomic
    {
      __s_Node_nextInstance_4_4L0_4L0 = 3;
    }
    __s_Node_key_5_4L1_4L1[2] = 6;
    __s_Node_next_6_4L2_4L2[2] = cur_180L7_31L3_120L3_120L3;
    __s_Node_next_6_4L2_4L2[prev_180L6_31L2_120L2_120L2] = 2;
    ret_109L3_28L3_118L3_118L3 = 1;
  }
  else
  {
    ret_109L3_28L3_118L3_118L3 = 0;
  }
  int _ret_1_122L4_80L4_176L5_176L5=((((int)prev_180L6_31L2_120L2_120L2))*(1))+(0);
  atomic
  {
    _lock_3L0_3L0[_ret_1_122L4_80L4_176L5_176L5] = 0;
  }
  int _ret_2_123L5_81L5_178L6_178L6=((((int)cur_180L7_31L3_120L3_120L3))*(1))+(0);
  atomic
  {
    _lock_3L0_3L0[_ret_2_123L5_81L5_178L6_178L6] = 0;
  }
  _out_107L3_27L2_117L2_117L2 = ret_109L3_28L3_118L3_118L3;
  _has_out__109L0_28L0_118L0_118L0 = 1;
  _ret_1_24L4_24L4_115L4_115L4 = ret_109L3_28L3_118L3_118L3;
  bit _ret_2_26L5_84L5_182L5_182L5=0;
  int S_125L3_87L0_184L0_184L0=0;
  int key_125L3_87L1_184L1_184L1=1;
  bit _out_125L3_87L2_184L2_184L2=0;
  bit _has_out__127L0_88L0_185L0_185L0=0;
  int prev_127L1_88L1_185L1_185L1=0; int cur_127L2_88L2_185L2_185L2=0;
  bit ret_127L3_88L3_185L3_185L3=0;
  int S_180L6_91L0_187L0_187L0=0;
  int key_180L6_91L1_187L1_187L1=1;
  int prev_180L6_91L2_187L2_187L2=0;
  int cur_180L7_91L3_187L3_187L3=0;
  bit _has_out__182L0_92L0_188L0_188L0=0;
  prev_180L6_91L2_187L2_187L2 = null;
  int __s_pac78_191L0_191L0=0;
  cur_180L7_91L3_187L3_187L3 = __s_Set_head_8_46L5_46L5[0];
  int _ret_0_185L1_95L1_191L1_191L1=1;
  atomic((_lock_3L0_3L0[1])==(0))
  {
    _lock_3L0_3L0[1] = -1;
  }
  for(int i_188L0_98L0_195L0_195L0=0;(i_188L0_98L0_195L0_195L0)<(6);i_188L0_98L0_195L0_195L0 = (i_188L0_98L0_195L0_195L0)+(1))
  {
    if((__s_Node_key_5_4L1_4L1[cur_180L7_91L3_187L3_187L3])<(1))
    {
      if((prev_180L6_91L2_187L2_187L2)!=(null))
      {
        int _ret_1_214L0_124L0_225L0_225L0=((((int)prev_180L6_91L2_187L2_187L2))*(1))+(0);
        atomic
        {
          _lock_3L0_3L0[_ret_1_214L0_124L0_225L0_225L0] = 0;
        }
      }
      int __sa29_227L0_227L0=__s_Node_next_6_4L2_4L2[cur_180L7_91L3_187L3_187L3];
      int _ret_2_215L0_125L0_227L2_227L2=((((int)__sa29_227L0_227L0))*(1))+(0);
      atomic((_lock_3L0_3L0[_ret_2_215L0_125L0_227L2_227L2])==(0))
      {
        _lock_3L0_3L0[_ret_2_215L0_125L0_227L2_227L2] = -1;
      }
      prev_180L6_91L2_187L2_187L2 = cur_180L7_91L3_187L3_187L3;
      cur_180L7_91L3_187L3_187L3 = __s_Node_next_6_4L2_4L2[cur_180L7_91L3_187L3_187L3];
    }
  }
  prev_127L1_88L1_185L1_185L1 = prev_180L6_91L2_187L2_187L2;
  cur_127L2_88L2_185L2_185L2 = cur_180L7_91L3_187L3_187L3;
  int __s_pac82_231L4_231L4=cur_180L7_91L3_187L3_187L3;
  if((1)==(__s_Node_key_5_4L1_4L1[cur_180L7_91L3_187L3_187L3]))
  {
    __s_Node_next_6_4L2_4L2[prev_180L6_91L2_187L2_187L2] = __s_Node_next_6_4L2_4L2[cur_180L7_91L3_187L3_187L3];
    ret_127L3_88L3_185L3_185L3 = 1;
  }
  else
  {
    ret_127L3_88L3_185L3_185L3 = 0;
  }
  int _ret_0_133L4_133L4_236L5_236L5=((((int)prev_180L6_91L2_187L2_187L2))*(1))+(0);
  atomic
  {
    _lock_3L0_3L0[_ret_0_133L4_133L4_236L5_236L5] = 0;
  }
  int _ret_1_134L5_134L5_238L6_238L6=((((int)cur_180L7_91L3_187L3_187L3))*(1))+(0);
  atomic
  {
    _lock_3L0_3L0[_ret_1_134L5_134L5_238L6_238L6] = 0;
  }
  _out_125L3_87L2_184L2_184L2 = ret_127L3_88L3_185L3_185L3;
  _has_out__127L0_88L0_185L0_185L0 = 1;
  _ret_2_26L5_84L5_182L5_182L5 = ret_127L3_88L3_185L3_185L3;
  bit _ret_3_28L6_137L6_242L6_242L6=0;
  int S_107L1_140L0_244L0_244L0=0;
  int key_107L2_140L1_244L1_244L1=1;
  bit _out_107L3_140L2_244L2_244L2=0;
  bit _has_out__109L0_141L0_245L0_245L0=0;
  int prev_109L1_141L1_245L1_245L1=0; int cur_109L2_141L2_245L2_245L2=0;
  bit ret_109L3_141L3_245L3_245L3=0;
  int S_180L6_144L0_247L0_247L0=0;
  int key_180L6_144L1_247L1_247L1=1;
  int prev_180L6_144L2_247L2_247L2=0;
  int cur_180L7_144L3_247L3_247L3=0;
  bit _has_out__182L0_145L0_248L0_248L0=0;
  prev_180L6_144L2_247L2_247L2 = null;
  int __s_pac85_251L0_251L0=0;
  cur_180L7_144L3_247L3_247L3 = __s_Set_head_8_46L5_46L5[0];
  int _ret_0_185L1_148L1_251L1_251L1=1;
  atomic((_lock_3L0_3L0[1])==(0))
  {
    _lock_3L0_3L0[1] = -1;
  }
  for(int i_188L0_151L0_255L0_255L0=0;(i_188L0_151L0_255L0_255L0)<(6);i_188L0_151L0_255L0_255L0 = (i_188L0_151L0_255L0_255L0)+(1))
  {
    if((__s_Node_key_5_4L1_4L1[cur_180L7_144L3_247L3_247L3])<(1))
    {
      if((prev_180L6_144L2_247L2_247L2)!=(null))
      {
        int _ret_1_214L0_177L0_285L0_285L0=((((int)prev_180L6_144L2_247L2_247L2))*(1))+(0);
        atomic
        {
          _lock_3L0_3L0[_ret_1_214L0_177L0_285L0_285L0] = 0;
        }
      }
      int __sa30_287L0_287L0=__s_Node_next_6_4L2_4L2[cur_180L7_144L3_247L3_247L3];
      int _ret_2_215L0_178L0_287L2_287L2=((((int)__sa30_287L0_287L0))*(1))+(0);
      atomic((_lock_3L0_3L0[_ret_2_215L0_178L0_287L2_287L2])==(0))
      {
        _lock_3L0_3L0[_ret_2_215L0_178L0_287L2_287L2] = -1;
      }
      prev_180L6_144L2_247L2_247L2 = cur_180L7_144L3_247L3_247L3;
      cur_180L7_144L3_247L3_247L3 = __s_Node_next_6_4L2_4L2[cur_180L7_144L3_247L3_247L3];
    }
  }
  prev_109L1_141L1_245L1_245L1 = prev_180L6_144L2_247L2_247L2;
  cur_109L2_141L2_245L2_245L2 = cur_180L7_144L3_247L3_247L3;
  int __s_pac89_291L4_291L4=cur_180L7_144L3_247L3_247L3;
  if((1)<(__s_Node_key_5_4L1_4L1[cur_180L7_144L3_247L3_247L3]))
  {
    int __s_tmp_new_Node_3_186L2_296L2_296L2=0;
    atomic
    {
      __s_tmp_new_Node_3_186L2_296L2_296L2 = __s_Node_nextInstance_4_4L0_4L0;
      __s_Node_nextInstance_4_4L0_4L0 = (__s_Node_nextInstance_4_4L0_4L0)+(1);
    }
    __s_Node_key_5_4L1_4L1[__s_tmp_new_Node_3_186L2_296L2_296L2] = 1;
    __s_Node_next_6_4L2_4L2[__s_tmp_new_Node_3_186L2_296L2_296L2] = cur_180L7_144L3_247L3_247L3;
    __s_Node_next_6_4L2_4L2[prev_180L6_144L2_247L2_247L2] = __s_tmp_new_Node_3_186L2_296L2_296L2;
    ret_109L3_141L3_245L3_245L3 = 1;
  }
  else
  {
    ret_109L3_141L3_245L3_245L3 = 0;
  }
  int _ret_1_122L4_193L4_303L5_303L5=((((int)prev_180L6_144L2_247L2_247L2))*(1))+(0);
  atomic
  {
    _lock_3L0_3L0[_ret_1_122L4_193L4_303L5_303L5] = 0;
  }
  int _ret_2_123L5_194L5_305L6_305L6=((((int)cur_180L7_144L3_247L3_247L3))*(1))+(0);
  atomic
  {
    _lock_3L0_3L0[_ret_2_123L5_194L5_305L6_305L6] = 0;
  }
  _out_107L3_140L2_244L2_244L2 = ret_109L3_141L3_245L3_245L3;
  _has_out__109L0_141L0_245L0_245L0 = 1;
  _ret_3_28L6_137L6_242L6_242L6 = ret_109L3_141L3_245L3_245L3;
  bit _ret_4_30L7_197L7_309L7_309L7=0;
  int S_125L3_200L0_311L0_311L0=0;
  int key_125L3_200L1_311L1_311L1=1;
  bit _out_125L3_200L2_311L2_311L2=0;
  bit _has_out__127L0_201L0_312L0_312L0=0;
  int prev_127L1_201L1_312L1_312L1=0; int cur_127L2_201L2_312L2_312L2=0;
  bit ret_127L3_201L3_312L3_312L3=0;
  int S_180L6_204L0_314L0_314L0=0;
  int key_180L6_204L1_314L1_314L1=1;
  int prev_180L6_204L2_314L2_314L2=0;
  int cur_180L7_204L3_314L3_314L3=0;
  bit _has_out__182L0_205L0_315L0_315L0=0;
  prev_180L6_204L2_314L2_314L2 = null;
  int __s_pac93_318L0_318L0=0;
  cur_180L7_204L3_314L3_314L3 = __s_Set_head_8_46L5_46L5[0];
  int _ret_0_185L1_208L1_318L1_318L1=1;
  atomic((_lock_3L0_3L0[1])==(0))
  {
    _lock_3L0_3L0[1] = -1;
  }
  for(int i_188L0_211L0_322L0_322L0=0;(i_188L0_211L0_322L0_322L0)<(6);i_188L0_211L0_322L0_322L0 = (i_188L0_211L0_322L0_322L0)+(1))
  {
    if((__s_Node_key_5_4L1_4L1[cur_180L7_204L3_314L3_314L3])<(1))
    {
      if((prev_180L6_204L2_314L2_314L2)!=(null))
      {
        int _ret_1_214L0_237L0_352L0_352L0=((((int)prev_180L6_204L2_314L2_314L2))*(1))+(0);
        atomic
        {
          _lock_3L0_3L0[_ret_1_214L0_237L0_352L0_352L0] = 0;
        }
      }
      int __sa31_354L0_354L0=__s_Node_next_6_4L2_4L2[cur_180L7_204L3_314L3_314L3];
      int _ret_2_215L0_238L0_354L2_354L2=((((int)__sa31_354L0_354L0))*(1))+(0);
      atomic((_lock_3L0_3L0[_ret_2_215L0_238L0_354L2_354L2])==(0))
      {
        _lock_3L0_3L0[_ret_2_215L0_238L0_354L2_354L2] = -1;
      }
      prev_180L6_204L2_314L2_314L2 = cur_180L7_204L3_314L3_314L3;
      cur_180L7_204L3_314L3_314L3 = __s_Node_next_6_4L2_4L2[cur_180L7_204L3_314L3_314L3];
    }
  }
  prev_127L1_201L1_312L1_312L1 = prev_180L6_204L2_314L2_314L2;
  cur_127L2_201L2_312L2_312L2 = cur_180L7_204L3_314L3_314L3;
  int __s_pac97_358L4_358L4=cur_180L7_204L3_314L3_314L3;
  if((1)==(__s_Node_key_5_4L1_4L1[cur_180L7_204L3_314L3_314L3]))
  {
    __s_Node_next_6_4L2_4L2[prev_180L6_204L2_314L2_314L2] = __s_Node_next_6_4L2_4L2[cur_180L7_204L3_314L3_314L3];
    ret_127L3_201L3_312L3_312L3 = 1;
  }
  else
  {
    ret_127L3_201L3_312L3_312L3 = 0;
  }
  int _ret_0_133L4_246L4_363L5_363L5=((((int)prev_180L6_204L2_314L2_314L2))*(1))+(0);
  atomic
  {
    _lock_3L0_3L0[_ret_0_133L4_246L4_363L5_363L5] = 0;
  }
  int _ret_1_134L5_247L5_365L6_365L6=((((int)cur_180L7_204L3_314L3_314L3))*(1))+(0);
  atomic
  {
    _lock_3L0_3L0[_ret_1_134L5_247L5_365L6_365L6] = 0;
  }
  _out_125L3_200L2_311L2_311L2 = ret_127L3_201L3_312L3_312L3;
  _has_out__127L0_201L0_312L0_312L0 = 1;
  _ret_4_30L7_197L7_309L7_309L7 = ret_127L3_201L3_312L3_312L3;
  bit _ret_5_32L8_250L8_369L8_369L8=0;
  int S_136L3_253L0_371L0_371L0=0;
  bit _out_136L3_253L1_371L1_371L1=0;
  bit _has_out__138L0_254L0_372L0_372L0=0;
  int __s_pac101_373L0_373L0=0;
  int __s_pac100_373L1_373L1=__s_Set_tail_9_46L4_46L4[0];
  int __s_pac103_374L0_374L0=0;
  int __s_pac102_374L1_374L1=__s_Set_head_8_46L5_46L5[0];
  int __s_pac104_374L2_374L2=0;
  _out_136L3_253L1_371L1_371L1 = (__s_Node_next_6_4L2_4L2[1])==(__s_Set_tail_9_46L4_46L4[0]);
  _has_out__138L0_254L0_372L0_372L0 = 1;
  _ret_5_32L8_250L8_369L8_369L8 = _out_136L3_253L1_371L1_371L1;
  fork(int i_36L0_259L0_377L0_377L0; 2)
  {
    int addKey_38L0_261L0_379L0_380L0=i_36L0_259L0_377L0_377L0; int rmKey_38L1_261L1_379L1_380L1=((i_36L0_259L0_377L0_377L0)+(1))%(4);
    for(int j_40L0_263L0_381L0_382L0=0;(j_40L0_263L0_381L0_382L0)<(2);j_40L0_263L0_381L0_382L0 = (j_40L0_263L0_381L0_382L0)+(1))
    {
      int prev_180L6_505L2_649L2_650L2=0;
      int cur_180L7_505L3_649L3_650L3;
      prev_180L6_505L2_649L2_650L2 = null;
      cur_180L7_505L3_649L3_650L3 = __s_Set_head_8_46L5_46L5[0];
      int _ret_0_185L1_509L1_653L1_654L1=((((int)cur_180L7_505L3_649L3_650L3))*(1))+(0);
      atomic((_lock_3L0_3L0[_ret_0_185L1_509L1_653L1_654L1])==(0))
      {
        _lock_3L0_3L0[_ret_0_185L1_509L1_653L1_654L1] = (i_36L0_259L0_377L0_377L0)+(1);
      }
      for(int i_188L0_512L0_657L0_658L0=0;(i_188L0_512L0_657L0_658L0)<(6);i_188L0_512L0_657L0_658L0 = (i_188L0_512L0_657L0_658L0)+(1))
      {
        if((__s_Node_key_5_4L1_4L1[cur_180L7_505L3_649L3_650L3])<(addKey_38L0_261L0_379L0_380L0))
        {
          if((prev_180L6_505L2_649L2_650L2)!=(null))
          {
            int _ret_1_214L0_538L0_687L0_688L0=((((int)prev_180L6_505L2_649L2_650L2))*(1))+(0);
            atomic
            {
              _lock_3L0_3L0[_ret_1_214L0_538L0_687L0_688L0] = 0;
            }
          }
          int __sa32_689L0_690L0=__s_Node_next_6_4L2_4L2[cur_180L7_505L3_649L3_650L3];
          int _ret_2_215L0_539L0_689L2_690L2=((((int)__sa32_689L0_690L0))*(1))+(0);
          atomic((_lock_3L0_3L0[_ret_2_215L0_539L0_689L2_690L2])==(0))
          {
            _lock_3L0_3L0[_ret_2_215L0_539L0_689L2_690L2] = (i_36L0_259L0_377L0_377L0)+(1);
          }
          prev_180L6_505L2_649L2_650L2 = cur_180L7_505L3_649L3_650L3;
          cur_180L7_505L3_649L3_650L3 = __s_Node_next_6_4L2_4L2[cur_180L7_505L3_649L3_650L3];
        }
      }
      if((addKey_38L0_261L0_379L0_380L0)<(__s_Node_key_5_4L1_4L1[cur_180L7_505L3_649L3_650L3]))
      {
        int __s_tmp_new_Node_3_547L2_698L2_699L2=0;
        atomic
        {
          __s_tmp_new_Node_3_547L2_698L2_699L2 = __s_Node_nextInstance_4_4L0_4L0;
          __s_Node_nextInstance_4_4L0_4L0 = (__s_Node_nextInstance_4_4L0_4L0)+(1);
        }
        __s_Node_key_5_4L1_4L1[__s_tmp_new_Node_3_547L2_698L2_699L2] = addKey_38L0_261L0_379L0_380L0;
        __s_Node_next_6_4L2_4L2[__s_tmp_new_Node_3_547L2_698L2_699L2] = cur_180L7_505L3_649L3_650L3;
        __s_Node_next_6_4L2_4L2[prev_180L6_505L2_649L2_650L2] = __s_tmp_new_Node_3_547L2_698L2_699L2;
      }
      int _ret_1_122L4_554L4_705L5_706L5=((((int)prev_180L6_505L2_649L2_650L2))*(1))+(0);
      atomic
      {
        _lock_3L0_3L0[_ret_1_122L4_554L4_705L5_706L5] = 0;
      }
      int _ret_2_123L5_555L5_707L6_708L6=((((int)cur_180L7_505L3_649L3_650L3))*(1))+(0);
      atomic
      {
        _lock_3L0_3L0[_ret_2_123L5_555L5_707L6_708L6] = 0;
      }
      addKey_38L0_261L0_379L0_380L0 = (addKey_38L0_261L0_379L0_380L0)+(2);
      bit ret_127L3_563L3_715L3_716L3=0;
      int prev_180L6_566L2_717L2_718L2=0;
      int cur_180L7_566L3_717L3_718L3;
      prev_180L6_566L2_717L2_718L2 = null;
      cur_180L7_566L3_717L3_718L3 = __s_Set_head_8_46L5_46L5[0];
      int _ret_0_185L1_570L1_721L1_722L1=((((int)cur_180L7_566L3_717L3_718L3))*(1))+(0);
      atomic((_lock_3L0_3L0[_ret_0_185L1_570L1_721L1_722L1])==(0))
      {
        _lock_3L0_3L0[_ret_0_185L1_570L1_721L1_722L1] = (i_36L0_259L0_377L0_377L0)+(1);
      }
      for(int i_188L0_573L0_725L0_726L0=0;(i_188L0_573L0_725L0_726L0)<(6);i_188L0_573L0_725L0_726L0 = (i_188L0_573L0_725L0_726L0)+(1))
      {
        if((__s_Node_key_5_4L1_4L1[cur_180L7_566L3_717L3_718L3])<(rmKey_38L1_261L1_379L1_380L1))
        {
          if((prev_180L6_566L2_717L2_718L2)!=(null))
          {
            int _ret_1_214L0_599L0_755L0_756L0=((((int)prev_180L6_566L2_717L2_718L2))*(1))+(0);
            atomic
            {
              _lock_3L0_3L0[_ret_1_214L0_599L0_755L0_756L0] = 0;
            }
          }
          int __sa33_757L0_758L0=__s_Node_next_6_4L2_4L2[cur_180L7_566L3_717L3_718L3];
          int _ret_2_215L0_600L0_757L2_758L2=((((int)__sa33_757L0_758L0))*(1))+(0);
          atomic((_lock_3L0_3L0[_ret_2_215L0_600L0_757L2_758L2])==(0))
          {
            _lock_3L0_3L0[_ret_2_215L0_600L0_757L2_758L2] = (i_36L0_259L0_377L0_377L0)+(1);
          }
          prev_180L6_566L2_717L2_718L2 = cur_180L7_566L3_717L3_718L3;
          cur_180L7_566L3_717L3_718L3 = __s_Node_next_6_4L2_4L2[cur_180L7_566L3_717L3_718L3];
        }
      }
      if((rmKey_38L1_261L1_379L1_380L1)==(__s_Node_key_5_4L1_4L1[cur_180L7_566L3_717L3_718L3]))
      {
        __s_Node_next_6_4L2_4L2[prev_180L6_566L2_717L2_718L2] = __s_Node_next_6_4L2_4L2[cur_180L7_566L3_717L3_718L3];
        ret_127L3_563L3_715L3_716L3 = 1;
      }
      else
      {
        ret_127L3_563L3_715L3_716L3 = 0;
      }
      int _ret_0_133L4_608L4_766L5_767L5=((((int)prev_180L6_566L2_717L2_718L2))*(1))+(0);
      atomic
      {
        _lock_3L0_3L0[_ret_0_133L4_608L4_766L5_767L5] = 0;
      }
      int _ret_1_134L5_609L5_768L6_769L6=((((int)cur_180L7_566L3_717L3_718L3))*(1))+(0);
      atomic
      {
        _lock_3L0_3L0[_ret_1_134L5_609L5_768L6_769L6] = 0;
      }
      removed_24L3_24L3_110L3_110L3[rmKey_38L1_261L1_379L1_380L1] = ret_127L3_563L3_715L3_716L3;
      rmKey_38L1_261L1_379L1_380L1 = ((rmKey_38L1_261L1_379L1_380L1)+(2))%(4);
    }
  }
  for(int k_65L0_656L0_815L0_816L0=0;(k_65L0_656L0_815L0_816L0)<(4);k_65L0_656L0_815L0_816L0 = (k_65L0_656L0_815L0_816L0)+(1))
  {
    if(removed_24L3_24L3_110L3_110L3[k_65L0_656L0_815L0_816L0])
    {
      int prev_180L6_1011L2_1210L2_1211L2=0;
      int cur_180L7_1011L3_1210L3_1211L3;
      prev_180L6_1011L2_1210L2_1211L2 = null;
      cur_180L7_1011L3_1210L3_1211L3 = __s_Set_head_8_46L5_46L5[0];
      int _ret_0_185L1_1015L1_1214L1_1215L1=((((int)cur_180L7_1011L3_1210L3_1211L3))*(1))+(0);
      atomic((_lock_3L0_3L0[_ret_0_185L1_1015L1_1214L1_1215L1])==(0))
      {
        _lock_3L0_3L0[_ret_0_185L1_1015L1_1214L1_1215L1] = -1;
      }
      for(int i_188L0_1018L0_1218L0_1219L0=0;(i_188L0_1018L0_1218L0_1219L0)<(6);i_188L0_1018L0_1218L0_1219L0 = (i_188L0_1018L0_1218L0_1219L0)+(1))
      {
        if((__s_Node_key_5_4L1_4L1[cur_180L7_1011L3_1210L3_1211L3])<(k_65L0_656L0_815L0_816L0))
        {
          if((prev_180L6_1011L2_1210L2_1211L2)!=(null))
          {
            int _ret_1_214L0_1044L0_1248L0_1249L0=((((int)prev_180L6_1011L2_1210L2_1211L2))*(1))+(0);
            atomic
            {
              _lock_3L0_3L0[_ret_1_214L0_1044L0_1248L0_1249L0] = 0;
            }
          }
          int __sa34_1250L0_1251L0=__s_Node_next_6_4L2_4L2[cur_180L7_1011L3_1210L3_1211L3];
          int _ret_2_215L0_1045L0_1250L2_1251L2=((((int)__sa34_1250L0_1251L0))*(1))+(0);
          atomic((_lock_3L0_3L0[_ret_2_215L0_1045L0_1250L2_1251L2])==(0))
          {
            _lock_3L0_3L0[_ret_2_215L0_1045L0_1250L2_1251L2] = -1;
          }
          prev_180L6_1011L2_1210L2_1211L2 = cur_180L7_1011L3_1210L3_1211L3;
          cur_180L7_1011L3_1210L3_1211L3 = __s_Node_next_6_4L2_4L2[cur_180L7_1011L3_1210L3_1211L3];
        }
      }
      if((k_65L0_656L0_815L0_816L0)==(__s_Node_key_5_4L1_4L1[cur_180L7_1011L3_1210L3_1211L3]))
      {
        __s_Node_next_6_4L2_4L2[prev_180L6_1011L2_1210L2_1211L2] = __s_Node_next_6_4L2_4L2[cur_180L7_1011L3_1210L3_1211L3];
      }
      int _ret_0_133L4_1053L4_1259L5_1260L5=((((int)prev_180L6_1011L2_1210L2_1211L2))*(1))+(0);
      atomic
      {
        _lock_3L0_3L0[_ret_0_133L4_1053L4_1259L5_1260L5] = 0;
      }
      int _ret_1_134L5_1054L5_1261L6_1262L6=((((int)cur_180L7_1011L3_1210L3_1211L3))*(1))+(0);
      atomic
      {
        _lock_3L0_3L0[_ret_1_134L5_1054L5_1261L6_1262L6] = 0;
      }
    }
    else
    {
      int prev_180L6_1066L2_1272L2_1273L2=0;
      int cur_180L7_1066L3_1272L3_1273L3;
      prev_180L6_1066L2_1272L2_1273L2 = null;
      cur_180L7_1066L3_1272L3_1273L3 = __s_Set_head_8_46L5_46L5[0];
      int _ret_0_185L1_1070L1_1276L1_1277L1=((((int)cur_180L7_1066L3_1272L3_1273L3))*(1))+(0);
      atomic((_lock_3L0_3L0[_ret_0_185L1_1070L1_1276L1_1277L1])==(0))
      {
        _lock_3L0_3L0[_ret_0_185L1_1070L1_1276L1_1277L1] = -1;
      }
      for(int i_188L0_1073L0_1280L0_1281L0=0;(i_188L0_1073L0_1280L0_1281L0)<(6);i_188L0_1073L0_1280L0_1281L0 = (i_188L0_1073L0_1280L0_1281L0)+(1))
      {
        if((__s_Node_key_5_4L1_4L1[cur_180L7_1066L3_1272L3_1273L3])<(k_65L0_656L0_815L0_816L0))
        {
          if((prev_180L6_1066L2_1272L2_1273L2)!=(null))
          {
            int _ret_1_214L0_1099L0_1310L0_1311L0=((((int)prev_180L6_1066L2_1272L2_1273L2))*(1))+(0);
            atomic
            {
              _lock_3L0_3L0[_ret_1_214L0_1099L0_1310L0_1311L0] = 0;
            }
          }
          int __sa35_1312L0_1313L0=__s_Node_next_6_4L2_4L2[cur_180L7_1066L3_1272L3_1273L3];
          int _ret_2_215L0_1100L0_1312L2_1313L2=((((int)__sa35_1312L0_1313L0))*(1))+(0);
          atomic((_lock_3L0_3L0[_ret_2_215L0_1100L0_1312L2_1313L2])==(0))
          {
            _lock_3L0_3L0[_ret_2_215L0_1100L0_1312L2_1313L2] = -1;
          }
          prev_180L6_1066L2_1272L2_1273L2 = cur_180L7_1066L3_1272L3_1273L3;
          cur_180L7_1066L3_1272L3_1273L3 = __s_Node_next_6_4L2_4L2[cur_180L7_1066L3_1272L3_1273L3];
        }
      }
      if((k_65L0_656L0_815L0_816L0)<(__s_Node_key_5_4L1_4L1[cur_180L7_1066L3_1272L3_1273L3]))
      {
        int __s_tmp_new_Node_3_1108L2_1321L2_1322L2=0;
        atomic
        {
          __s_tmp_new_Node_3_1108L2_1321L2_1322L2 = __s_Node_nextInstance_4_4L0_4L0;
          __s_Node_nextInstance_4_4L0_4L0 = (__s_Node_nextInstance_4_4L0_4L0)+(1);
        }
        __s_Node_key_5_4L1_4L1[__s_tmp_new_Node_3_1108L2_1321L2_1322L2] = k_65L0_656L0_815L0_816L0;
        __s_Node_next_6_4L2_4L2[__s_tmp_new_Node_3_1108L2_1321L2_1322L2] = cur_180L7_1066L3_1272L3_1273L3;
        __s_Node_next_6_4L2_4L2[prev_180L6_1066L2_1272L2_1273L2] = __s_tmp_new_Node_3_1108L2_1321L2_1322L2;
      }
      int _ret_1_122L4_1115L4_1328L5_1329L5=((((int)prev_180L6_1066L2_1272L2_1273L2))*(1))+(0);
      atomic
      {
        _lock_3L0_3L0[_ret_1_122L4_1115L4_1328L5_1329L5] = 0;
      }
      int _ret_2_123L5_1116L5_1330L6_1331L6=((((int)cur_180L7_1066L3_1272L3_1273L3))*(1))+(0);
      atomic
      {
        _lock_3L0_3L0[_ret_2_123L5_1116L5_1330L6_1331L6] = 0;
      }
      int prev_180L6_1126L2_1339L2_1340L2=0;
      int cur_180L7_1126L3_1339L3_1340L3;
      prev_180L6_1126L2_1339L2_1340L2 = null;
      cur_180L7_1126L3_1339L3_1340L3 = __s_Set_head_8_46L5_46L5[0];
      int _ret_0_185L1_1130L1_1343L1_1344L1=((((int)cur_180L7_1126L3_1339L3_1340L3))*(1))+(0);
      atomic((_lock_3L0_3L0[_ret_0_185L1_1130L1_1343L1_1344L1])==(0))
      {
        _lock_3L0_3L0[_ret_0_185L1_1130L1_1343L1_1344L1] = -1;
      }
      for(int i_188L0_1133L0_1347L0_1348L0=0;(i_188L0_1133L0_1347L0_1348L0)<(6);i_188L0_1133L0_1347L0_1348L0 = (i_188L0_1133L0_1347L0_1348L0)+(1))
      {
        if((__s_Node_key_5_4L1_4L1[cur_180L7_1126L3_1339L3_1340L3])<(k_65L0_656L0_815L0_816L0))
        {
          if((prev_180L6_1126L2_1339L2_1340L2)!=(null))
          {
            int _ret_1_214L0_1159L0_1377L0_1378L0=((((int)prev_180L6_1126L2_1339L2_1340L2))*(1))+(0);
            atomic
            {
              _lock_3L0_3L0[_ret_1_214L0_1159L0_1377L0_1378L0] = 0;
            }
          }
          int __sa36_1379L0_1380L0=__s_Node_next_6_4L2_4L2[cur_180L7_1126L3_1339L3_1340L3];
          int _ret_2_215L0_1160L0_1379L2_1380L2=((((int)__sa36_1379L0_1380L0))*(1))+(0);
          atomic((_lock_3L0_3L0[_ret_2_215L0_1160L0_1379L2_1380L2])==(0))
          {
            _lock_3L0_3L0[_ret_2_215L0_1160L0_1379L2_1380L2] = -1;
          }
          prev_180L6_1126L2_1339L2_1340L2 = cur_180L7_1126L3_1339L3_1340L3;
          cur_180L7_1126L3_1339L3_1340L3 = __s_Node_next_6_4L2_4L2[cur_180L7_1126L3_1339L3_1340L3];
        }
      }
      if((k_65L0_656L0_815L0_816L0)==(__s_Node_key_5_4L1_4L1[cur_180L7_1126L3_1339L3_1340L3]))
      {
        __s_Node_next_6_4L2_4L2[prev_180L6_1126L2_1339L2_1340L2] = __s_Node_next_6_4L2_4L2[cur_180L7_1126L3_1339L3_1340L3];
      }
      int _ret_0_133L4_1168L4_1388L5_1389L5=((((int)prev_180L6_1126L2_1339L2_1340L2))*(1))+(0);
      atomic
      {
        _lock_3L0_3L0[_ret_0_133L4_1168L4_1388L5_1389L5] = 0;
      }
      int _ret_1_134L5_1169L5_1390L6_1391L6=((((int)cur_180L7_1126L3_1339L3_1340L3))*(1))+(0);
      atomic
      {
        _lock_3L0_3L0[_ret_1_134L5_1169L5_1390L6_1391L6] = 0;
      }
    }
  }
  _out_1L0_1L0_1L0_1L0 = 1;
}
void T([!bit _out_104L1_1180L1_1401L1_1402L1])
{
  int[10] __s_Node_key_11_1403L1_1404L1={0,0,0,0,0,0,0,0,0,0}; int[10] __s_Node_next_12_1403L2_1404L2={0,0,0,0,0,0,0,0,0,0};
  __s_Node_key_11_1403L1_1404L1[0] = 0;
  __s_Node_key_11_1403L1_1404L1[1] = 0;
  __s_Node_key_11_1403L1_1404L1[2] = 0;
  __s_Node_key_11_1403L1_1404L1[3] = 0;
  __s_Node_key_11_1403L1_1404L1[4] = 0;
  __s_Node_key_11_1403L1_1404L1[5] = 0;
  __s_Node_key_11_1403L1_1404L1[6] = 0;
  __s_Node_key_11_1403L1_1404L1[7] = 0;
  __s_Node_key_11_1403L1_1404L1[8] = 0;
  __s_Node_key_11_1403L1_1404L1[9] = 0;
  int __s_tmp_cond_elim_51_1426L0_1427L0=null;
  __s_Node_next_12_1403L2_1404L2[0] = __s_tmp_cond_elim_51_1426L0_1427L0;
  int __s_tmp_cond_elim_51_1428L0_1429L0=null;
  __s_Node_next_12_1403L2_1404L2[1] = __s_tmp_cond_elim_51_1428L0_1429L0;
  int __s_tmp_cond_elim_51_1430L0_1431L0=null;
  __s_Node_next_12_1403L2_1404L2[2] = __s_tmp_cond_elim_51_1430L0_1431L0;
  int __s_tmp_cond_elim_51_1432L0_1433L0=null;
  __s_Node_next_12_1403L2_1404L2[3] = __s_tmp_cond_elim_51_1432L0_1433L0;
  int __s_tmp_cond_elim_51_1434L0_1435L0=null;
  __s_Node_next_12_1403L2_1404L2[4] = __s_tmp_cond_elim_51_1434L0_1435L0;
  int __s_tmp_cond_elim_51_1436L0_1437L0=null;
  __s_Node_next_12_1403L2_1404L2[5] = __s_tmp_cond_elim_51_1436L0_1437L0;
  int __s_tmp_cond_elim_51_1438L0_1439L0=null;
  __s_Node_next_12_1403L2_1404L2[6] = __s_tmp_cond_elim_51_1438L0_1439L0;
  int __s_tmp_cond_elim_51_1440L0_1441L0=null;
  __s_Node_next_12_1403L2_1404L2[7] = __s_tmp_cond_elim_51_1440L0_1441L0;
  int __s_tmp_cond_elim_51_1442L0_1443L0=null;
  __s_Node_next_12_1403L2_1404L2[8] = __s_tmp_cond_elim_51_1442L0_1443L0;
  int __s_tmp_cond_elim_51_1444L0_1445L0=null;
  __s_Node_next_12_1403L2_1404L2[9] = __s_tmp_cond_elim_51_1444L0_1445L0;
  int[10] __s_Set_tail_15_1445L4_1446L4={0,0,0,0,0,0,0,0,0,0}; int[10] __s_Set_head_14_1445L5_1446L5={0,0,0,0,0,0,0,0,0,0};
  int __s_tmp_cond_elim_52_1447L0_1448L0=null;
  __s_Set_tail_15_1445L4_1446L4[0] = __s_tmp_cond_elim_52_1447L0_1448L0;
  int __s_tmp_cond_elim_52_1449L0_1450L0=null;
  __s_Set_tail_15_1445L4_1446L4[1] = __s_tmp_cond_elim_52_1449L0_1450L0;
  int __s_tmp_cond_elim_52_1451L0_1452L0=null;
  __s_Set_tail_15_1445L4_1446L4[2] = __s_tmp_cond_elim_52_1451L0_1452L0;
  int __s_tmp_cond_elim_52_1453L0_1454L0=null;
  __s_Set_tail_15_1445L4_1446L4[3] = __s_tmp_cond_elim_52_1453L0_1454L0;
  int __s_tmp_cond_elim_52_1455L0_1456L0=null;
  __s_Set_tail_15_1445L4_1446L4[4] = __s_tmp_cond_elim_52_1455L0_1456L0;
  int __s_tmp_cond_elim_52_1457L0_1458L0=null;
  __s_Set_tail_15_1445L4_1446L4[5] = __s_tmp_cond_elim_52_1457L0_1458L0;
  int __s_tmp_cond_elim_52_1459L0_1460L0=null;
  __s_Set_tail_15_1445L4_1446L4[6] = __s_tmp_cond_elim_52_1459L0_1460L0;
  int __s_tmp_cond_elim_52_1461L0_1462L0=null;
  __s_Set_tail_15_1445L4_1446L4[7] = __s_tmp_cond_elim_52_1461L0_1462L0;
  int __s_tmp_cond_elim_52_1463L0_1464L0=null;
  __s_Set_tail_15_1445L4_1446L4[8] = __s_tmp_cond_elim_52_1463L0_1464L0;
  int __s_tmp_cond_elim_52_1465L0_1466L0=null;
  __s_Set_tail_15_1445L4_1446L4[9] = __s_tmp_cond_elim_52_1465L0_1466L0;
  int __s_tmp_cond_elim_53_1468L0_1469L0=null;
  __s_Set_head_14_1445L5_1446L5[0] = __s_tmp_cond_elim_53_1468L0_1469L0;
  int __s_tmp_cond_elim_53_1470L0_1471L0=null;
  __s_Set_head_14_1445L5_1446L5[1] = __s_tmp_cond_elim_53_1470L0_1471L0;
  int __s_tmp_cond_elim_53_1472L0_1473L0=null;
  __s_Set_head_14_1445L5_1446L5[2] = __s_tmp_cond_elim_53_1472L0_1473L0;
  int __s_tmp_cond_elim_53_1474L0_1475L0=null;
  __s_Set_head_14_1445L5_1446L5[3] = __s_tmp_cond_elim_53_1474L0_1475L0;
  int __s_tmp_cond_elim_53_1476L0_1477L0=null;
  __s_Set_head_14_1445L5_1446L5[4] = __s_tmp_cond_elim_53_1476L0_1477L0;
  int __s_tmp_cond_elim_53_1478L0_1479L0=null;
  __s_Set_head_14_1445L5_1446L5[5] = __s_tmp_cond_elim_53_1478L0_1479L0;
  int __s_tmp_cond_elim_53_1480L0_1481L0=null;
  __s_Set_head_14_1445L5_1446L5[6] = __s_tmp_cond_elim_53_1480L0_1481L0;
  int __s_tmp_cond_elim_53_1482L0_1483L0=null;
  __s_Set_head_14_1445L5_1446L5[7] = __s_tmp_cond_elim_53_1482L0_1483L0;
  int __s_tmp_cond_elim_53_1484L0_1485L0=null;
  __s_Set_head_14_1445L5_1446L5[8] = __s_tmp_cond_elim_53_1484L0_1485L0;
  int __s_tmp_cond_elim_53_1486L0_1487L0=null;
  __s_Set_head_14_1445L5_1446L5[9] = __s_tmp_cond_elim_53_1486L0_1487L0;
  _out_104L1_1180L1_1401L1_1402L1 = 1;
}
void lock([int mem])
void unlock([int mem])

===== Compilation statistics =====
  Solved? -----------------------------> true
  Number of iterations ----------------> 0
  Maximum memory usage (MiB) ----------> 58.8125
  Total elapsed time (s) --------------> 13.139
    % frontend ............ 29.918564
    % verification ........ 70.081436
    % synthesis ........... 0.0
  Total solution time (s) -------------> 3.69
    % verification ........ 100.0
    % synthesis ........... 0.0

  Synthesizer statistics:  
    [solver stats]
    Number of calls -------------------> 0
    Total elapsed time (s) ------------> 0.0
    Total model building time (s) -----> 0.0
    Total solution time (s) -----------> 0.0
    Maximum memory usage (MiB) --------> 0.0
    Average elapsed time (s) ----------> 0.0
    Average model building time (s) ---> 0.0
    Average solution time (s) ---------> 0.0
    Average memory usage (MiB) --------> 0.0

  Verifier statistics:     
    [solver stats]
    Number of calls -------------------> 1
    Total elapsed time (s) ------------> 9.208
    Total model building time (s) -----> 5.518
    Total solution time (s) -----------> 3.69
    Maximum memory usage (MiB) --------> 17.625
    Average elapsed time (s) ----------> 9.208
    Average model building time (s) ---> 5.518
    Average solution time (s) ---------> 3.69
    Average memory usage (MiB) --------> 17.625

  Frontend statistics:     
    Total elapsed time (s) ------------> 3.931
    Max memory usage (MiB) ------------> 41.1875

[PSKETCH] DONE!
